[2024-12-26T18:45:51.651+0000] {local_task_job_runner.py:123} INFO - ::group::Pre task execution logs
[2024-12-26T18:45:51.668+0000] {taskinstance.py:2613} INFO - Dependencies all met for dep_context=non-requeueable deps ti=<TaskInstance: realtime_pipeline.realtime_pipeline manual__2024-12-26T18:45:47.938075+00:00 [queued]>
[2024-12-26T18:45:51.678+0000] {taskinstance.py:2613} INFO - Dependencies all met for dep_context=requeueable deps ti=<TaskInstance: realtime_pipeline.realtime_pipeline manual__2024-12-26T18:45:47.938075+00:00 [queued]>
[2024-12-26T18:45:51.679+0000] {taskinstance.py:2866} INFO - Starting attempt 1 of 2
[2024-12-26T18:45:51.695+0000] {taskinstance.py:2889} INFO - Executing <Task(PythonOperator): realtime_pipeline> on 2024-12-26 18:45:47.938075+00:00
[2024-12-26T18:45:51.703+0000] {standard_task_runner.py:72} INFO - Started process 80 to run task
[2024-12-26T18:45:51.710+0000] {standard_task_runner.py:104} INFO - Running: ['***', 'tasks', 'run', 'realtime_pipeline', 'realtime_pipeline', 'manual__2024-12-26T18:45:47.938075+00:00', '--job-id', '77', '--raw', '--subdir', 'DAGS_FOLDER/realtime_ingestion.py', '--cfg-path', '/tmp/tmpvzm0mpux']
[2024-12-26T18:45:51.713+0000] {standard_task_runner.py:105} INFO - Job 77: Subtask realtime_pipeline
[2024-12-26T18:45:51.768+0000] {task_command.py:467} INFO - Running <TaskInstance: realtime_pipeline.realtime_pipeline manual__2024-12-26T18:45:47.938075+00:00 [running]> on host c36613fa3dab
[2024-12-26T18:45:51.850+0000] {taskinstance.py:3132} INFO - Exporting env vars: AIRFLOW_CTX_DAG_OWNER='haziq' AIRFLOW_CTX_DAG_ID='realtime_pipeline' AIRFLOW_CTX_TASK_ID='realtime_pipeline' AIRFLOW_CTX_EXECUTION_DATE='2024-12-26T18:45:47.938075+00:00' AIRFLOW_CTX_TRY_NUMBER='1' AIRFLOW_CTX_DAG_RUN_ID='manual__2024-12-26T18:45:47.938075+00:00'
[2024-12-26T18:45:51.853+0000] {logging_mixin.py:190} INFO - Task instance is in running state
[2024-12-26T18:45:51.854+0000] {logging_mixin.py:190} INFO -  Previous state of the Task instance: queued
[2024-12-26T18:45:51.856+0000] {logging_mixin.py:190} INFO - Current task name:realtime_pipeline state:running start_date:2024-12-26 18:45:51.670675+00:00
[2024-12-26T18:45:51.858+0000] {logging_mixin.py:190} INFO - Dag name:realtime_pipeline and current dag run status:running
[2024-12-26T18:45:51.859+0000] {taskinstance.py:731} INFO - ::endgroup::
[2024-12-26T18:45:51.865+0000] {conn.py:380} INFO - <BrokerConnection node_id=bootstrap-0 host=kafka:29092 <connecting> [IPv4 ('172.18.0.6', 29092)]>: connecting to kafka:29092 [('172.18.0.6', 29092) IPv4]
[2024-12-26T18:45:51.867+0000] {conn.py:1205} INFO - Probing node bootstrap-0 broker version
[2024-12-26T18:45:51.869+0000] {conn.py:410} INFO - <BrokerConnection node_id=bootstrap-0 host=kafka:29092 <connecting> [IPv4 ('172.18.0.6', 29092)]>: Connection complete.
[2024-12-26T18:45:51.976+0000] {conn.py:1267} INFO - Broker version identified as 2.5.0
[2024-12-26T18:45:51.978+0000] {conn.py:1268} INFO - Set configuration api_version=(2, 5, 0) to skip auto check_version requests on startup
[2024-12-26T18:45:51.982+0000] {data_ingestion.py:73} INFO - Producer has been created successfully
[2024-12-26T18:45:51.987+0000] {conn.py:380} INFO - <BrokerConnection node_id=bootstrap-0 host=kafka:29092 <connecting> [IPv4 ('172.18.0.6', 29092)]>: connecting to kafka:29092 [('172.18.0.6', 29092) IPv4]
[2024-12-26T18:45:51.989+0000] {conn.py:1205} INFO - Probing node bootstrap-0 broker version
[2024-12-26T18:45:51.992+0000] {conn.py:410} INFO - <BrokerConnection node_id=bootstrap-0 host=kafka:29092 <connecting> [IPv4 ('172.18.0.6', 29092)]>: Connection complete.
[2024-12-26T18:45:52.096+0000] {conn.py:1267} INFO - Broker version identified as 2.5.0
[2024-12-26T18:45:52.098+0000] {conn.py:1268} INFO - Set configuration api_version=(2, 5, 0) to skip auto check_version requests on startup
[2024-12-26T18:45:52.100+0000] {conn.py:1205} INFO - Probing node bootstrap-0 broker version
[2024-12-26T18:45:52.205+0000] {conn.py:1267} INFO - Broker version identified as 2.5.0
[2024-12-26T18:45:52.206+0000] {conn.py:1268} INFO - Set configuration api_version=(2, 5, 0) to skip auto check_version requests on startup
[2024-12-26T18:45:52.213+0000] {conn.py:380} INFO - <BrokerConnection node_id=1 host=kafka:29092 <connecting> [IPv4 ('172.18.0.6', 29092)]>: connecting to kafka:29092 [('172.18.0.6', 29092) IPv4]
[2024-12-26T18:45:52.215+0000] {conn.py:1205} INFO - Probing node 1 broker version
[2024-12-26T18:45:52.218+0000] {conn.py:410} INFO - <BrokerConnection node_id=1 host=kafka:29092 <connecting> [IPv4 ('172.18.0.6', 29092)]>: Connection complete.
[2024-12-26T18:45:52.220+0000] {conn.py:919} INFO - <BrokerConnection node_id=bootstrap-0 host=kafka:29092 <connected> [IPv4 ('172.18.0.6', 29092)]>: Closing connection. 
[2024-12-26T18:45:52.328+0000] {conn.py:1267} INFO - Broker version identified as 2.5.0
[2024-12-26T18:45:52.330+0000] {conn.py:1268} INFO - Set configuration api_version=(2, 5, 0) to skip auto check_version requests on startup
[2024-12-26T18:45:52.615+0000] {data_ingestion.py:103} INFO - The topic has been created successfully
[2024-12-26T18:45:52.617+0000] {conn.py:919} INFO - <BrokerConnection node_id=1 host=kafka:29092 <connected> [IPv4 ('172.18.0.6', 29092)]>: Closing connection. 
[2024-12-26T18:45:56.491+0000] {data_ingestion.py:27} INFO - Data has been fetched successfully!!!
[2024-12-26T18:45:56.492+0000] {data_ingestion.py:28} INFO - {
    "address1": "One Apple Park Way",
    "city": "Cupertino",
    "state": "CA",
    "zip": "95014",
    "country": "United States",
    "phone": "(408) 996-1010",
    "website": "https://www.apple.com",
    "industry": "Consumer Electronics",
    "industryKey": "consumer-electronics",
    "industryDisp": "Consumer Electronics",
    "sector": "Technology",
    "sectorKey": "technology",
    "sectorDisp": "Technology",
    "longBusinessSummary": "Apple Inc. designs, manufactures, and markets smartphones, personal computers, tablets, wearables, and accessories worldwide. The company offers iPhone, a line of smartphones; Mac, a line of personal computers; iPad, a line of multi-purpose tablets; and wearables, home, and accessories comprising AirPods, Apple TV, Apple Watch, Beats products, and HomePod. It also provides AppleCare support and cloud services; and operates various platforms, including the App Store that allow customers to discover and download applications and digital content, such as books, music, video, games, and podcasts, as well as advertising services include third-party licensing arrangements and its own advertising platforms. In addition, the company offers various subscription-based services, such as Apple Arcade, a game subscription service; Apple Fitness+, a personalized fitness service; Apple Music, which offers users a curated listening experience with on-demand radio stations; Apple News+, a subscription news and magazine service; Apple TV+, which offers exclusive original content; Apple Card, a co-branded credit card; and Apple Pay, a cashless payment service, as well as licenses its intellectual property. The company serves consumers, and small and mid-sized businesses; and the education, enterprise, and government markets. It distributes third-party applications for its products through the App Store. The company also sells its products through its retail and online stores, and direct sales force; and third-party cellular network carriers, wholesalers, retailers, and resellers. Apple Inc. was founded in 1976 and is headquartered in Cupertino, California.",
    "fullTimeEmployees": 164000,
    "companyOfficers": [
        {
            "maxAge": 1,
            "name": "Mr. Timothy D. Cook",
            "age": 62,
            "title": "CEO & Director",
            "yearBorn": 1961,
            "fiscalYear": 2023,
            "totalPay": 16239562,
            "exercisedValue": 0,
            "unexercisedValue": 0
        },
        {
            "maxAge": 1,
            "name": "Mr. Luca  Maestri",
            "age": 60,
            "title": "CFO & Senior VP",
            "yearBorn": 1963,
            "fiscalYear": 2023,
            "totalPay": 4612242,
            "exercisedValue": 0,
            "unexercisedValue": 0
        },
        {
            "maxAge": 1,
            "name": "Mr. Jeffrey E. Williams",
            "age": 59,
            "title": "Chief Operating Officer",
            "yearBorn": 1964,
            "fiscalYear": 2023,
            "totalPay": 4637585,
            "exercisedValue": 0,
            "unexercisedValue": 0
        },
        {
            "maxAge": 1,
            "name": "Ms. Katherine L. Adams",
            "age": 59,
            "title": "Senior VP, General Counsel & Secretary",
            "yearBorn": 1964,
            "fiscalYear": 2023,
            "totalPay": 4618064,
            "exercisedValue": 0,
            "unexercisedValue": 0
        },
        {
            "maxAge": 1,
            "name": "Ms. Deirdre  O'Brien",
            "age": 56,
            "title": "Chief People Officer & Senior VP of Retail",
            "yearBorn": 1967,
            "fiscalYear": 2023,
            "totalPay": 4613369,
            "exercisedValue": 0,
            "unexercisedValue": 0
        },
        {
            "maxAge": 1,
            "name": "Mr. Chris  Kondo",
            "title": "Senior Director of Corporate Accounting",
            "fiscalYear": 2023,
            "exercisedValue": 0,
            "unexercisedValue": 0
        },
        {
            "maxAge": 1,
            "name": "Suhasini  Chandramouli",
            "title": "Director of Investor Relations",
            "fiscalYear": 2023,
            "exercisedValue": 0,
            "unexercisedValue": 0
        },
        {
            "maxAge": 1,
            "name": "Mr. Greg  Joswiak",
            "title": "Senior Vice President of Worldwide Marketing",
            "fiscalYear": 2023,
            "exercisedValue": 0,
            "unexercisedValue": 0
        },
        {
            "maxAge": 1,
            "name": "Mr. Adrian  Perica",
            "age": 49,
            "title": "Head of Corporate Development",
            "yearBorn": 1974,
            "fiscalYear": 2023,
            "exercisedValue": 0,
            "unexercisedValue": 0
        },
        {
            "maxAge": 1,
            "name": "Mr. Michael  Fenger",
            "title": "VP of Worldwide Sales",
            "fiscalYear": 2023,
            "exercisedValue": 0,
            "unexercisedValue": 0
        }
    ],
    "auditRisk": 6,
    "boardRisk": 1,
    "compensationRisk": 2,
    "shareHolderRightsRisk": 1,
    "overallRisk": 1,
    "governanceEpochDate": 1733011200,
    "compensationAsOfEpochDate": 1703980800,
    "irWebsite": "http://investor.apple.com/",
    "maxAge": 86400,
    "priceHint": 2,
    "previousClose": 258.2,
    "open": 258.355,
    "dayLow": 257.63,
    "dayHigh": 260.09,
    "regularMarketPreviousClose": 258.2,
    "regularMarketOpen": 258.355,
    "regularMarketDayLow": 257.63,
    "regularMarketDayHigh": 260.09,
    "dividendRate": 1.0,
    "dividendYield": 0.0039,
    "exDividendDate": 1731024000,
    "payoutRatio": 0.1612,
    "fiveYearAvgDividendYield": 0.62,
    "beta": 1.24,
    "trailingPE": 42.622734,
    "forwardPE": 31.138933,
    "volume": 15181528,
    "regularMarketVolume": 15181528,
    "averageVolume": 44261774,
    "averageVolume10days": 54343500,
    "averageDailyVolume10Day": 54343500,
    "bid": 258.67,
    "ask": 258.78,
    "bidSize": 100,
    "askSize": 100,
    "marketCap": 3910759612416,
    "fiftyTwoWeekLow": 164.08,
    "fiftyTwoWeekHigh": 260.09,
    "priceToSalesTrailing12Months": 10.001048,
    "fiftyDayAverage": 235.914,
    "twoHundredDayAverage": 211.7723,
    "trailingAnnualDividendRate": 0.98,
    "trailingAnnualDividendYield": 0.0037955074,
    "currency": "USD",
    "enterpriseValue": 3900713730048,
    "profitMargins": 0.23971,
    "floatShares": 15091184209,
    "sharesOutstanding": 15115799552,
    "sharesShort": 154104746,
    "sharesShortPriorMonth": 133040194,
    "sharesShortPreviousMonthDate": 1730332800,
    "dateShortInterest": 1732838400,
    "sharesPercentSharesOut": 0.010199999,
    "heldPercentInsiders": 0.02056,
    "heldPercentInstitutions": 0.61926,
    "shortRatio": 3.41,
    "shortPercentOfFloat": 0.010199999,
    "impliedSharesOutstanding": 15332100096,
    "bookValue": 3.767,
    "priceToBook": 68.68065,
    "lastFiscalYearEnd": 1727481600,
    "nextFiscalYearEnd": 1759017600,
    "mostRecentQuarter": 1727481600,
    "earningsQuarterlyGrowth": -0.358,
    "netIncomeToCommon": 93736001536,
    "trailingEps": 6.07,
    "forwardEps": 8.31,
    "lastSplitFactor": "4:1",
    "lastSplitDate": 1598832000,
    "enterpriseToRevenue": 9.975,
    "enterpriseToEbitda": 28.967,
    "52WeekChange": 0.33381546,
    "SandP52WeekChange": 0.26272178,
    "lastDividendValue": 0.25,
    "lastDividendDate": 1731024000,
    "exchange": "NMS",
    "quoteType": "EQUITY",
    "symbol": "AAPL",
    "underlyingSymbol": "AAPL",
    "shortName": "Apple Inc.",
    "longName": "Apple Inc.",
    "firstTradeDateEpochUtc": 345479400,
    "timeZoneFullName": "America/New_York",
    "timeZoneShortName": "EST",
    "uuid": "8b10e4ae-9eeb-3684-921a-9ab27e4d87aa",
    "messageBoardId": "finmb_24937",
    "gmtOffSetMilliseconds": -18000000,
    "currentPrice": 258.72,
    "targetHighPrice": 325.0,
    "targetLowPrice": 184.0,
    "targetMeanPrice": 246.85358,
    "targetMedianPrice": 250.0,
    "recommendationMean": 1.89362,
    "recommendationKey": "buy",
    "numberOfAnalystOpinions": 42,
    "totalCash": 65171001344,
    "totalCashPerShare": 4.311,
    "ebitda": 134660997120,
    "totalDebt": 119058997248,
    "quickRatio": 0.745,
    "currentRatio": 0.867,
    "totalRevenue": 391034994688,
    "debtToEquity": 209.059,
    "revenuePerShare": 25.485,
    "returnOnAssets": 0.21464,
    "returnOnEquity": 1.5741299,
    "freeCashflow": 110846001152,
    "operatingCashflow": 118254002176,
    "earningsGrowth": -0.341,
    "revenueGrowth": 0.061,
    "grossMargins": 0.46206,
    "ebitdaMargins": 0.34437,
    "operatingMargins": 0.31171,
    "financialCurrency": "USD",
    "trailingPegRatio": 2.3608
}
[2024-12-26T18:45:56.493+0000] {logging_mixin.py:190} INFO - {"ticker": "AAPL", "timestamp": "2024-12-26 18:45:56", "open": 258.355, "dayLow": 257.63, "dayHigh": 260.09, "currentPrice": 258.72, "currency": "USD"}
[2024-12-26T18:45:56.494+0000] {logging_mixin.py:190} INFO - <kafka.producer.kafka.KafkaProducer object at 0x7f53e5190640>
[2024-12-26T18:45:56.495+0000] {logging_mixin.py:190} INFO - stock
[2024-12-26T18:45:56.548+0000] {conn.py:380} INFO - <BrokerConnection node_id=1 host=kafka:29092 <connecting> [IPv4 ('172.18.0.6', 29092)]>: connecting to kafka:29092 [('172.18.0.6', 29092) IPv4]
[2024-12-26T18:45:56.550+0000] {conn.py:410} INFO - <BrokerConnection node_id=1 host=kafka:29092 <connecting> [IPv4 ('172.18.0.6', 29092)]>: Connection complete.
[2024-12-26T18:45:56.552+0000] {conn.py:919} INFO - <BrokerConnection node_id=bootstrap-0 host=kafka:29092 <connected> [IPv4 ('172.18.0.6', 29092)]>: Closing connection. 
[2024-12-26T18:45:56.584+0000] {data_ingestion.py:131} INFO - data send successfully
[2024-12-26T18:46:07.040+0000] {data_ingestion.py:27} INFO - Data has been fetched successfully!!!
[2024-12-26T18:46:07.041+0000] {data_ingestion.py:28} INFO - {
    "address1": "One Apple Park Way",
    "city": "Cupertino",
    "state": "CA",
    "zip": "95014",
    "country": "United States",
    "phone": "(408) 996-1010",
    "website": "https://www.apple.com",
    "industry": "Consumer Electronics",
    "industryKey": "consumer-electronics",
    "industryDisp": "Consumer Electronics",
    "sector": "Technology",
    "sectorKey": "technology",
    "sectorDisp": "Technology",
    "longBusinessSummary": "Apple Inc. designs, manufactures, and markets smartphones, personal computers, tablets, wearables, and accessories worldwide. The company offers iPhone, a line of smartphones; Mac, a line of personal computers; iPad, a line of multi-purpose tablets; and wearables, home, and accessories comprising AirPods, Apple TV, Apple Watch, Beats products, and HomePod. It also provides AppleCare support and cloud services; and operates various platforms, including the App Store that allow customers to discover and download applications and digital content, such as books, music, video, games, and podcasts, as well as advertising services include third-party licensing arrangements and its own advertising platforms. In addition, the company offers various subscription-based services, such as Apple Arcade, a game subscription service; Apple Fitness+, a personalized fitness service; Apple Music, which offers users a curated listening experience with on-demand radio stations; Apple News+, a subscription news and magazine service; Apple TV+, which offers exclusive original content; Apple Card, a co-branded credit card; and Apple Pay, a cashless payment service, as well as licenses its intellectual property. The company serves consumers, and small and mid-sized businesses; and the education, enterprise, and government markets. It distributes third-party applications for its products through the App Store. The company also sells its products through its retail and online stores, and direct sales force; and third-party cellular network carriers, wholesalers, retailers, and resellers. Apple Inc. was founded in 1976 and is headquartered in Cupertino, California.",
    "fullTimeEmployees": 164000,
    "companyOfficers": [
        {
            "maxAge": 1,
            "name": "Mr. Timothy D. Cook",
            "age": 62,
            "title": "CEO & Director",
            "yearBorn": 1961,
            "fiscalYear": 2023,
            "totalPay": 16239562,
            "exercisedValue": 0,
            "unexercisedValue": 0
        },
        {
            "maxAge": 1,
            "name": "Mr. Luca  Maestri",
            "age": 60,
            "title": "CFO & Senior VP",
            "yearBorn": 1963,
            "fiscalYear": 2023,
            "totalPay": 4612242,
            "exercisedValue": 0,
            "unexercisedValue": 0
        },
        {
            "maxAge": 1,
            "name": "Mr. Jeffrey E. Williams",
            "age": 59,
            "title": "Chief Operating Officer",
            "yearBorn": 1964,
            "fiscalYear": 2023,
            "totalPay": 4637585,
            "exercisedValue": 0,
            "unexercisedValue": 0
        },
        {
            "maxAge": 1,
            "name": "Ms. Katherine L. Adams",
            "age": 59,
            "title": "Senior VP, General Counsel & Secretary",
            "yearBorn": 1964,
            "fiscalYear": 2023,
            "totalPay": 4618064,
            "exercisedValue": 0,
            "unexercisedValue": 0
        },
        {
            "maxAge": 1,
            "name": "Ms. Deirdre  O'Brien",
            "age": 56,
            "title": "Chief People Officer & Senior VP of Retail",
            "yearBorn": 1967,
            "fiscalYear": 2023,
            "totalPay": 4613369,
            "exercisedValue": 0,
            "unexercisedValue": 0
        },
        {
            "maxAge": 1,
            "name": "Mr. Chris  Kondo",
            "title": "Senior Director of Corporate Accounting",
            "fiscalYear": 2023,
            "exercisedValue": 0,
            "unexercisedValue": 0
        },
        {
            "maxAge": 1,
            "name": "Suhasini  Chandramouli",
            "title": "Director of Investor Relations",
            "fiscalYear": 2023,
            "exercisedValue": 0,
            "unexercisedValue": 0
        },
        {
            "maxAge": 1,
            "name": "Mr. Greg  Joswiak",
            "title": "Senior Vice President of Worldwide Marketing",
            "fiscalYear": 2023,
            "exercisedValue": 0,
            "unexercisedValue": 0
        },
        {
            "maxAge": 1,
            "name": "Mr. Adrian  Perica",
            "age": 49,
            "title": "Head of Corporate Development",
            "yearBorn": 1974,
            "fiscalYear": 2023,
            "exercisedValue": 0,
            "unexercisedValue": 0
        },
        {
            "maxAge": 1,
            "name": "Mr. Michael  Fenger",
            "title": "VP of Worldwide Sales",
            "fiscalYear": 2023,
            "exercisedValue": 0,
            "unexercisedValue": 0
        }
    ],
    "auditRisk": 6,
    "boardRisk": 1,
    "compensationRisk": 2,
    "shareHolderRightsRisk": 1,
    "overallRisk": 1,
    "governanceEpochDate": 1733011200,
    "compensationAsOfEpochDate": 1703980800,
    "irWebsite": "http://investor.apple.com/",
    "maxAge": 86400,
    "priceHint": 2,
    "previousClose": 258.2,
    "open": 258.355,
    "dayLow": 257.63,
    "dayHigh": 260.09,
    "regularMarketPreviousClose": 258.2,
    "regularMarketOpen": 258.355,
    "regularMarketDayLow": 257.63,
    "regularMarketDayHigh": 260.09,
    "dividendRate": 1.0,
    "dividendYield": 0.0039,
    "exDividendDate": 1731024000,
    "payoutRatio": 0.1612,
    "fiveYearAvgDividendYield": 0.62,
    "beta": 1.24,
    "trailingPE": 42.63015,
    "forwardPE": 31.14435,
    "volume": 15183558,
    "regularMarketVolume": 15183558,
    "averageVolume": 44261774,
    "averageVolume10days": 54343500,
    "averageDailyVolume10Day": 54343500,
    "bid": 258.7,
    "ask": 258.81,
    "bidSize": 100,
    "askSize": 100,
    "marketCap": 3911440138240,
    "fiftyTwoWeekLow": 164.08,
    "fiftyTwoWeekHigh": 260.09,
    "priceToSalesTrailing12Months": 10.002788,
    "fiftyDayAverage": 235.914,
    "twoHundredDayAverage": 211.7723,
    "trailingAnnualDividendRate": 0.98,
    "trailingAnnualDividendYield": 0.0037955074,
    "currency": "USD",
    "enterpriseValue": 3900713730048,
    "profitMargins": 0.23971,
    "floatShares": 15091184209,
    "sharesOutstanding": 15115799552,
    "sharesShort": 154104746,
    "sharesShortPriorMonth": 133040194,
    "sharesShortPreviousMonthDate": 1730332800,
    "dateShortInterest": 1732838400,
    "sharesPercentSharesOut": 0.010199999,
    "heldPercentInsiders": 0.02056,
    "heldPercentInstitutions": 0.61926,
    "shortRatio": 3.41,
    "shortPercentOfFloat": 0.010199999,
    "impliedSharesOutstanding": 15332100096,
    "bookValue": 3.767,
    "priceToBook": 68.6926,
    "lastFiscalYearEnd": 1727481600,
    "nextFiscalYearEnd": 1759017600,
    "mostRecentQuarter": 1727481600,
    "earningsQuarterlyGrowth": -0.358,
    "netIncomeToCommon": 93736001536,
    "trailingEps": 6.07,
    "forwardEps": 8.31,
    "lastSplitFactor": "4:1",
    "lastSplitDate": 1598832000,
    "enterpriseToRevenue": 9.975,
    "enterpriseToEbitda": 28.967,
    "52WeekChange": 0.33381546,
    "SandP52WeekChange": 0.26272178,
    "lastDividendValue": 0.25,
    "lastDividendDate": 1731024000,
    "exchange": "NMS",
    "quoteType": "EQUITY",
    "symbol": "AAPL",
    "underlyingSymbol": "AAPL",
    "shortName": "Apple Inc.",
    "longName": "Apple Inc.",
    "firstTradeDateEpochUtc": 345479400,
    "timeZoneFullName": "America/New_York",
    "timeZoneShortName": "EST",
    "uuid": "8b10e4ae-9eeb-3684-921a-9ab27e4d87aa",
    "messageBoardId": "finmb_24937",
    "gmtOffSetMilliseconds": -18000000,
    "currentPrice": 258.765,
    "targetHighPrice": 325.0,
    "targetLowPrice": 184.0,
    "targetMeanPrice": 246.85358,
    "targetMedianPrice": 250.0,
    "recommendationMean": 1.89362,
    "recommendationKey": "buy",
    "numberOfAnalystOpinions": 42,
    "totalCash": 65171001344,
    "totalCashPerShare": 4.311,
    "ebitda": 134660997120,
    "totalDebt": 119058997248,
    "quickRatio": 0.745,
    "currentRatio": 0.867,
    "totalRevenue": 391034994688,
    "debtToEquity": 209.059,
    "revenuePerShare": 25.485,
    "returnOnAssets": 0.21464,
    "returnOnEquity": 1.5741299,
    "freeCashflow": 110846001152,
    "operatingCashflow": 118254002176,
    "earningsGrowth": -0.341,
    "revenueGrowth": 0.061,
    "grossMargins": 0.46206,
    "ebitdaMargins": 0.34437,
    "operatingMargins": 0.31171,
    "financialCurrency": "USD",
    "trailingPegRatio": 2.3608
}
[2024-12-26T18:46:07.043+0000] {logging_mixin.py:190} INFO - {"ticker": "AAPL", "timestamp": "2024-12-26 18:46:07", "open": 258.355, "dayLow": 257.63, "dayHigh": 260.09, "currentPrice": 258.765, "currency": "USD"}
[2024-12-26T18:46:07.045+0000] {logging_mixin.py:190} INFO - <kafka.producer.kafka.KafkaProducer object at 0x7f53e5190640>
[2024-12-26T18:46:07.046+0000] {logging_mixin.py:190} INFO - stock
[2024-12-26T18:46:07.050+0000] {data_ingestion.py:131} INFO - data send successfully
[2024-12-26T18:46:17.503+0000] {data_ingestion.py:27} INFO - Data has been fetched successfully!!!
[2024-12-26T18:46:17.505+0000] {data_ingestion.py:28} INFO - {
    "address1": "One Apple Park Way",
    "city": "Cupertino",
    "state": "CA",
    "zip": "95014",
    "country": "United States",
    "phone": "(408) 996-1010",
    "website": "https://www.apple.com",
    "industry": "Consumer Electronics",
    "industryKey": "consumer-electronics",
    "industryDisp": "Consumer Electronics",
    "sector": "Technology",
    "sectorKey": "technology",
    "sectorDisp": "Technology",
    "longBusinessSummary": "Apple Inc. designs, manufactures, and markets smartphones, personal computers, tablets, wearables, and accessories worldwide. The company offers iPhone, a line of smartphones; Mac, a line of personal computers; iPad, a line of multi-purpose tablets; and wearables, home, and accessories comprising AirPods, Apple TV, Apple Watch, Beats products, and HomePod. It also provides AppleCare support and cloud services; and operates various platforms, including the App Store that allow customers to discover and download applications and digital content, such as books, music, video, games, and podcasts, as well as advertising services include third-party licensing arrangements and its own advertising platforms. In addition, the company offers various subscription-based services, such as Apple Arcade, a game subscription service; Apple Fitness+, a personalized fitness service; Apple Music, which offers users a curated listening experience with on-demand radio stations; Apple News+, a subscription news and magazine service; Apple TV+, which offers exclusive original content; Apple Card, a co-branded credit card; and Apple Pay, a cashless payment service, as well as licenses its intellectual property. The company serves consumers, and small and mid-sized businesses; and the education, enterprise, and government markets. It distributes third-party applications for its products through the App Store. The company also sells its products through its retail and online stores, and direct sales force; and third-party cellular network carriers, wholesalers, retailers, and resellers. Apple Inc. was founded in 1976 and is headquartered in Cupertino, California.",
    "fullTimeEmployees": 164000,
    "companyOfficers": [
        {
            "maxAge": 1,
            "name": "Mr. Timothy D. Cook",
            "age": 62,
            "title": "CEO & Director",
            "yearBorn": 1961,
            "fiscalYear": 2023,
            "totalPay": 16239562,
            "exercisedValue": 0,
            "unexercisedValue": 0
        },
        {
            "maxAge": 1,
            "name": "Mr. Luca  Maestri",
            "age": 60,
            "title": "CFO & Senior VP",
            "yearBorn": 1963,
            "fiscalYear": 2023,
            "totalPay": 4612242,
            "exercisedValue": 0,
            "unexercisedValue": 0
        },
        {
            "maxAge": 1,
            "name": "Mr. Jeffrey E. Williams",
            "age": 59,
            "title": "Chief Operating Officer",
            "yearBorn": 1964,
            "fiscalYear": 2023,
            "totalPay": 4637585,
            "exercisedValue": 0,
            "unexercisedValue": 0
        },
        {
            "maxAge": 1,
            "name": "Ms. Katherine L. Adams",
            "age": 59,
            "title": "Senior VP, General Counsel & Secretary",
            "yearBorn": 1964,
            "fiscalYear": 2023,
            "totalPay": 4618064,
            "exercisedValue": 0,
            "unexercisedValue": 0
        },
        {
            "maxAge": 1,
            "name": "Ms. Deirdre  O'Brien",
            "age": 56,
            "title": "Chief People Officer & Senior VP of Retail",
            "yearBorn": 1967,
            "fiscalYear": 2023,
            "totalPay": 4613369,
            "exercisedValue": 0,
            "unexercisedValue": 0
        },
        {
            "maxAge": 1,
            "name": "Mr. Chris  Kondo",
            "title": "Senior Director of Corporate Accounting",
            "fiscalYear": 2023,
            "exercisedValue": 0,
            "unexercisedValue": 0
        },
        {
            "maxAge": 1,
            "name": "Suhasini  Chandramouli",
            "title": "Director of Investor Relations",
            "fiscalYear": 2023,
            "exercisedValue": 0,
            "unexercisedValue": 0
        },
        {
            "maxAge": 1,
            "name": "Mr. Greg  Joswiak",
            "title": "Senior Vice President of Worldwide Marketing",
            "fiscalYear": 2023,
            "exercisedValue": 0,
            "unexercisedValue": 0
        },
        {
            "maxAge": 1,
            "name": "Mr. Adrian  Perica",
            "age": 49,
            "title": "Head of Corporate Development",
            "yearBorn": 1974,
            "fiscalYear": 2023,
            "exercisedValue": 0,
            "unexercisedValue": 0
        },
        {
            "maxAge": 1,
            "name": "Mr. Michael  Fenger",
            "title": "VP of Worldwide Sales",
            "fiscalYear": 2023,
            "exercisedValue": 0,
            "unexercisedValue": 0
        }
    ],
    "auditRisk": 6,
    "boardRisk": 1,
    "compensationRisk": 2,
    "shareHolderRightsRisk": 1,
    "overallRisk": 1,
    "governanceEpochDate": 1733011200,
    "compensationAsOfEpochDate": 1703980800,
    "irWebsite": "http://investor.apple.com/",
    "maxAge": 86400,
    "priceHint": 2,
    "previousClose": 258.2,
    "open": 258.355,
    "dayLow": 257.63,
    "dayHigh": 260.09,
    "regularMarketPreviousClose": 258.2,
    "regularMarketOpen": 258.355,
    "regularMarketDayLow": 257.63,
    "regularMarketDayHigh": 260.09,
    "dividendRate": 1.0,
    "dividendYield": 0.0039,
    "exDividendDate": 1731024000,
    "payoutRatio": 0.1612,
    "fiveYearAvgDividendYield": 0.62,
    "beta": 1.24,
    "trailingPE": 42.624382,
    "forwardPE": 31.140139,
    "volume": 15186826,
    "regularMarketVolume": 15186826,
    "averageVolume": 44261774,
    "averageVolume10days": 54343500,
    "averageDailyVolume10Day": 54343500,
    "bid": 258.66,
    "ask": 258.79,
    "bidSize": 100,
    "askSize": 100,
    "marketCap": 3910910869504,
    "fiftyTwoWeekLow": 164.08,
    "fiftyTwoWeekHigh": 260.09,
    "priceToSalesTrailing12Months": 10.001434,
    "fiftyDayAverage": 235.914,
    "twoHundredDayAverage": 211.7723,
    "trailingAnnualDividendRate": 0.98,
    "trailingAnnualDividendYield": 0.0037955074,
    "currency": "USD",
    "enterpriseValue": 3900713730048,
    "profitMargins": 0.23971,
    "floatShares": 15091184209,
    "sharesOutstanding": 15115799552,
    "sharesShort": 154104746,
    "sharesShortPriorMonth": 133040194,
    "sharesShortPreviousMonthDate": 1730332800,
    "dateShortInterest": 1732838400,
    "sharesPercentSharesOut": 0.010199999,
    "heldPercentInsiders": 0.02056,
    "heldPercentInstitutions": 0.61926,
    "shortRatio": 3.41,
    "shortPercentOfFloat": 0.010199999,
    "impliedSharesOutstanding": 15332100096,
    "bookValue": 3.767,
    "priceToBook": 68.683304,
    "lastFiscalYearEnd": 1727481600,
    "nextFiscalYearEnd": 1759017600,
    "mostRecentQuarter": 1727481600,
    "earningsQuarterlyGrowth": -0.358,
    "netIncomeToCommon": 93736001536,
    "trailingEps": 6.07,
    "forwardEps": 8.31,
    "lastSplitFactor": "4:1",
    "lastSplitDate": 1598832000,
    "enterpriseToRevenue": 9.975,
    "enterpriseToEbitda": 28.967,
    "52WeekChange": 0.33381546,
    "SandP52WeekChange": 0.26272178,
    "lastDividendValue": 0.25,
    "lastDividendDate": 1731024000,
    "exchange": "NMS",
    "quoteType": "EQUITY",
    "symbol": "AAPL",
    "underlyingSymbol": "AAPL",
    "shortName": "Apple Inc.",
    "longName": "Apple Inc.",
    "firstTradeDateEpochUtc": 345479400,
    "timeZoneFullName": "America/New_York",
    "timeZoneShortName": "EST",
    "uuid": "8b10e4ae-9eeb-3684-921a-9ab27e4d87aa",
    "messageBoardId": "finmb_24937",
    "gmtOffSetMilliseconds": -18000000,
    "currentPrice": 258.73,
    "targetHighPrice": 325.0,
    "targetLowPrice": 184.0,
    "targetMeanPrice": 246.85358,
    "targetMedianPrice": 250.0,
    "recommendationMean": 1.89362,
    "recommendationKey": "buy",
    "numberOfAnalystOpinions": 42,
    "totalCash": 65171001344,
    "totalCashPerShare": 4.311,
    "ebitda": 134660997120,
    "totalDebt": 119058997248,
    "quickRatio": 0.745,
    "currentRatio": 0.867,
    "totalRevenue": 391034994688,
    "debtToEquity": 209.059,
    "revenuePerShare": 25.485,
    "returnOnAssets": 0.21464,
    "returnOnEquity": 1.5741299,
    "freeCashflow": 110846001152,
    "operatingCashflow": 118254002176,
    "earningsGrowth": -0.341,
    "revenueGrowth": 0.061,
    "grossMargins": 0.46206,
    "ebitdaMargins": 0.34437,
    "operatingMargins": 0.31171,
    "financialCurrency": "USD",
    "trailingPegRatio": 2.3608
}
[2024-12-26T18:46:17.506+0000] {logging_mixin.py:190} INFO - {"ticker": "AAPL", "timestamp": "2024-12-26 18:46:17", "open": 258.355, "dayLow": 257.63, "dayHigh": 260.09, "currentPrice": 258.73, "currency": "USD"}
[2024-12-26T18:46:17.507+0000] {logging_mixin.py:190} INFO - <kafka.producer.kafka.KafkaProducer object at 0x7f53e5190640>
[2024-12-26T18:46:17.508+0000] {logging_mixin.py:190} INFO - stock
[2024-12-26T18:46:17.512+0000] {data_ingestion.py:131} INFO - data send successfully
[2024-12-26T18:46:27.960+0000] {data_ingestion.py:27} INFO - Data has been fetched successfully!!!
[2024-12-26T18:46:27.961+0000] {data_ingestion.py:28} INFO - {
    "address1": "One Apple Park Way",
    "city": "Cupertino",
    "state": "CA",
    "zip": "95014",
    "country": "United States",
    "phone": "(408) 996-1010",
    "website": "https://www.apple.com",
    "industry": "Consumer Electronics",
    "industryKey": "consumer-electronics",
    "industryDisp": "Consumer Electronics",
    "sector": "Technology",
    "sectorKey": "technology",
    "sectorDisp": "Technology",
    "longBusinessSummary": "Apple Inc. designs, manufactures, and markets smartphones, personal computers, tablets, wearables, and accessories worldwide. The company offers iPhone, a line of smartphones; Mac, a line of personal computers; iPad, a line of multi-purpose tablets; and wearables, home, and accessories comprising AirPods, Apple TV, Apple Watch, Beats products, and HomePod. It also provides AppleCare support and cloud services; and operates various platforms, including the App Store that allow customers to discover and download applications and digital content, such as books, music, video, games, and podcasts, as well as advertising services include third-party licensing arrangements and its own advertising platforms. In addition, the company offers various subscription-based services, such as Apple Arcade, a game subscription service; Apple Fitness+, a personalized fitness service; Apple Music, which offers users a curated listening experience with on-demand radio stations; Apple News+, a subscription news and magazine service; Apple TV+, which offers exclusive original content; Apple Card, a co-branded credit card; and Apple Pay, a cashless payment service, as well as licenses its intellectual property. The company serves consumers, and small and mid-sized businesses; and the education, enterprise, and government markets. It distributes third-party applications for its products through the App Store. The company also sells its products through its retail and online stores, and direct sales force; and third-party cellular network carriers, wholesalers, retailers, and resellers. Apple Inc. was founded in 1976 and is headquartered in Cupertino, California.",
    "fullTimeEmployees": 164000,
    "companyOfficers": [
        {
            "maxAge": 1,
            "name": "Mr. Timothy D. Cook",
            "age": 62,
            "title": "CEO & Director",
            "yearBorn": 1961,
            "fiscalYear": 2023,
            "totalPay": 16239562,
            "exercisedValue": 0,
            "unexercisedValue": 0
        },
        {
            "maxAge": 1,
            "name": "Mr. Luca  Maestri",
            "age": 60,
            "title": "CFO & Senior VP",
            "yearBorn": 1963,
            "fiscalYear": 2023,
            "totalPay": 4612242,
            "exercisedValue": 0,
            "unexercisedValue": 0
        },
        {
            "maxAge": 1,
            "name": "Mr. Jeffrey E. Williams",
            "age": 59,
            "title": "Chief Operating Officer",
            "yearBorn": 1964,
            "fiscalYear": 2023,
            "totalPay": 4637585,
            "exercisedValue": 0,
            "unexercisedValue": 0
        },
        {
            "maxAge": 1,
            "name": "Ms. Katherine L. Adams",
            "age": 59,
            "title": "Senior VP, General Counsel & Secretary",
            "yearBorn": 1964,
            "fiscalYear": 2023,
            "totalPay": 4618064,
            "exercisedValue": 0,
            "unexercisedValue": 0
        },
        {
            "maxAge": 1,
            "name": "Ms. Deirdre  O'Brien",
            "age": 56,
            "title": "Chief People Officer & Senior VP of Retail",
            "yearBorn": 1967,
            "fiscalYear": 2023,
            "totalPay": 4613369,
            "exercisedValue": 0,
            "unexercisedValue": 0
        },
        {
            "maxAge": 1,
            "name": "Mr. Chris  Kondo",
            "title": "Senior Director of Corporate Accounting",
            "fiscalYear": 2023,
            "exercisedValue": 0,
            "unexercisedValue": 0
        },
        {
            "maxAge": 1,
            "name": "Suhasini  Chandramouli",
            "title": "Director of Investor Relations",
            "fiscalYear": 2023,
            "exercisedValue": 0,
            "unexercisedValue": 0
        },
        {
            "maxAge": 1,
            "name": "Mr. Greg  Joswiak",
            "title": "Senior Vice President of Worldwide Marketing",
            "fiscalYear": 2023,
            "exercisedValue": 0,
            "unexercisedValue": 0
        },
        {
            "maxAge": 1,
            "name": "Mr. Adrian  Perica",
            "age": 49,
            "title": "Head of Corporate Development",
            "yearBorn": 1974,
            "fiscalYear": 2023,
            "exercisedValue": 0,
            "unexercisedValue": 0
        },
        {
            "maxAge": 1,
            "name": "Mr. Michael  Fenger",
            "title": "VP of Worldwide Sales",
            "fiscalYear": 2023,
            "exercisedValue": 0,
            "unexercisedValue": 0
        }
    ],
    "auditRisk": 6,
    "boardRisk": 1,
    "compensationRisk": 2,
    "shareHolderRightsRisk": 1,
    "overallRisk": 1,
    "governanceEpochDate": 1733011200,
    "compensationAsOfEpochDate": 1703980800,
    "irWebsite": "http://investor.apple.com/",
    "maxAge": 86400,
    "priceHint": 2,
    "previousClose": 258.2,
    "open": 258.355,
    "dayLow": 257.63,
    "dayHigh": 260.09,
    "regularMarketPreviousClose": 258.2,
    "regularMarketOpen": 258.355,
    "regularMarketDayLow": 257.63,
    "regularMarketDayHigh": 260.09,
    "dividendRate": 1.0,
    "dividendYield": 0.0039,
    "exDividendDate": 1731024000,
    "payoutRatio": 0.1612,
    "fiveYearAvgDividendYield": 0.62,
    "beta": 1.24,
    "trailingPE": 42.629326,
    "forwardPE": 31.143747,
    "volume": 15189570,
    "regularMarketVolume": 15189570,
    "averageVolume": 44261774,
    "averageVolume10days": 54343500,
    "averageDailyVolume10Day": 54343500,
    "bid": 258.7,
    "ask": 258.82,
    "bidSize": 100,
    "askSize": 100,
    "marketCap": 3911364378624,
    "fiftyTwoWeekLow": 164.08,
    "fiftyTwoWeekHigh": 260.09,
    "priceToSalesTrailing12Months": 10.002594,
    "fiftyDayAverage": 235.914,
    "twoHundredDayAverage": 211.7723,
    "trailingAnnualDividendRate": 0.98,
    "trailingAnnualDividendYield": 0.0037955074,
    "currency": "USD",
    "enterpriseValue": 3900713730048,
    "profitMargins": 0.23971,
    "floatShares": 15091184209,
    "sharesOutstanding": 15115799552,
    "sharesShort": 154104746,
    "sharesShortPriorMonth": 133040194,
    "sharesShortPreviousMonthDate": 1730332800,
    "dateShortInterest": 1732838400,
    "sharesPercentSharesOut": 0.010199999,
    "heldPercentInsiders": 0.02056,
    "heldPercentInstitutions": 0.61926,
    "shortRatio": 3.41,
    "shortPercentOfFloat": 0.010199999,
    "impliedSharesOutstanding": 15332100096,
    "bookValue": 3.767,
    "priceToBook": 68.69127,
    "lastFiscalYearEnd": 1727481600,
    "nextFiscalYearEnd": 1759017600,
    "mostRecentQuarter": 1727481600,
    "earningsQuarterlyGrowth": -0.358,
    "netIncomeToCommon": 93736001536,
    "trailingEps": 6.07,
    "forwardEps": 8.31,
    "lastSplitFactor": "4:1",
    "lastSplitDate": 1598832000,
    "enterpriseToRevenue": 9.975,
    "enterpriseToEbitda": 28.967,
    "52WeekChange": 0.33381546,
    "SandP52WeekChange": 0.26272178,
    "lastDividendValue": 0.25,
    "lastDividendDate": 1731024000,
    "exchange": "NMS",
    "quoteType": "EQUITY",
    "symbol": "AAPL",
    "underlyingSymbol": "AAPL",
    "shortName": "Apple Inc.",
    "longName": "Apple Inc.",
    "firstTradeDateEpochUtc": 345479400,
    "timeZoneFullName": "America/New_York",
    "timeZoneShortName": "EST",
    "uuid": "8b10e4ae-9eeb-3684-921a-9ab27e4d87aa",
    "messageBoardId": "finmb_24937",
    "gmtOffSetMilliseconds": -18000000,
    "currentPrice": 258.76,
    "targetHighPrice": 325.0,
    "targetLowPrice": 184.0,
    "targetMeanPrice": 246.85358,
    "targetMedianPrice": 250.0,
    "recommendationMean": 1.89362,
    "recommendationKey": "buy",
    "numberOfAnalystOpinions": 42,
    "totalCash": 65171001344,
    "totalCashPerShare": 4.311,
    "ebitda": 134660997120,
    "totalDebt": 119058997248,
    "quickRatio": 0.745,
    "currentRatio": 0.867,
    "totalRevenue": 391034994688,
    "debtToEquity": 209.059,
    "revenuePerShare": 25.485,
    "returnOnAssets": 0.21464,
    "returnOnEquity": 1.5741299,
    "freeCashflow": 110846001152,
    "operatingCashflow": 118254002176,
    "earningsGrowth": -0.341,
    "revenueGrowth": 0.061,
    "grossMargins": 0.46206,
    "ebitdaMargins": 0.34437,
    "operatingMargins": 0.31171,
    "financialCurrency": "USD",
    "trailingPegRatio": 2.3608
}
[2024-12-26T18:46:27.962+0000] {logging_mixin.py:190} INFO - {"ticker": "AAPL", "timestamp": "2024-12-26 18:46:27", "open": 258.355, "dayLow": 257.63, "dayHigh": 260.09, "currentPrice": 258.76, "currency": "USD"}
[2024-12-26T18:46:27.963+0000] {logging_mixin.py:190} INFO - <kafka.producer.kafka.KafkaProducer object at 0x7f53e5190640>
[2024-12-26T18:46:27.964+0000] {logging_mixin.py:190} INFO - stock
[2024-12-26T18:46:27.968+0000] {data_ingestion.py:131} INFO - data send successfully
[2024-12-26T18:46:38.431+0000] {data_ingestion.py:27} INFO - Data has been fetched successfully!!!
[2024-12-26T18:46:38.433+0000] {data_ingestion.py:28} INFO - {
    "address1": "One Apple Park Way",
    "city": "Cupertino",
    "state": "CA",
    "zip": "95014",
    "country": "United States",
    "phone": "(408) 996-1010",
    "website": "https://www.apple.com",
    "industry": "Consumer Electronics",
    "industryKey": "consumer-electronics",
    "industryDisp": "Consumer Electronics",
    "sector": "Technology",
    "sectorKey": "technology",
    "sectorDisp": "Technology",
    "longBusinessSummary": "Apple Inc. designs, manufactures, and markets smartphones, personal computers, tablets, wearables, and accessories worldwide. The company offers iPhone, a line of smartphones; Mac, a line of personal computers; iPad, a line of multi-purpose tablets; and wearables, home, and accessories comprising AirPods, Apple TV, Apple Watch, Beats products, and HomePod. It also provides AppleCare support and cloud services; and operates various platforms, including the App Store that allow customers to discover and download applications and digital content, such as books, music, video, games, and podcasts, as well as advertising services include third-party licensing arrangements and its own advertising platforms. In addition, the company offers various subscription-based services, such as Apple Arcade, a game subscription service; Apple Fitness+, a personalized fitness service; Apple Music, which offers users a curated listening experience with on-demand radio stations; Apple News+, a subscription news and magazine service; Apple TV+, which offers exclusive original content; Apple Card, a co-branded credit card; and Apple Pay, a cashless payment service, as well as licenses its intellectual property. The company serves consumers, and small and mid-sized businesses; and the education, enterprise, and government markets. It distributes third-party applications for its products through the App Store. The company also sells its products through its retail and online stores, and direct sales force; and third-party cellular network carriers, wholesalers, retailers, and resellers. Apple Inc. was founded in 1976 and is headquartered in Cupertino, California.",
    "fullTimeEmployees": 164000,
    "companyOfficers": [
        {
            "maxAge": 1,
            "name": "Mr. Timothy D. Cook",
            "age": 62,
            "title": "CEO & Director",
            "yearBorn": 1961,
            "fiscalYear": 2023,
            "totalPay": 16239562,
            "exercisedValue": 0,
            "unexercisedValue": 0
        },
        {
            "maxAge": 1,
            "name": "Mr. Luca  Maestri",
            "age": 60,
            "title": "CFO & Senior VP",
            "yearBorn": 1963,
            "fiscalYear": 2023,
            "totalPay": 4612242,
            "exercisedValue": 0,
            "unexercisedValue": 0
        },
        {
            "maxAge": 1,
            "name": "Mr. Jeffrey E. Williams",
            "age": 59,
            "title": "Chief Operating Officer",
            "yearBorn": 1964,
            "fiscalYear": 2023,
            "totalPay": 4637585,
            "exercisedValue": 0,
            "unexercisedValue": 0
        },
        {
            "maxAge": 1,
            "name": "Ms. Katherine L. Adams",
            "age": 59,
            "title": "Senior VP, General Counsel & Secretary",
            "yearBorn": 1964,
            "fiscalYear": 2023,
            "totalPay": 4618064,
            "exercisedValue": 0,
            "unexercisedValue": 0
        },
        {
            "maxAge": 1,
            "name": "Ms. Deirdre  O'Brien",
            "age": 56,
            "title": "Chief People Officer & Senior VP of Retail",
            "yearBorn": 1967,
            "fiscalYear": 2023,
            "totalPay": 4613369,
            "exercisedValue": 0,
            "unexercisedValue": 0
        },
        {
            "maxAge": 1,
            "name": "Mr. Chris  Kondo",
            "title": "Senior Director of Corporate Accounting",
            "fiscalYear": 2023,
            "exercisedValue": 0,
            "unexercisedValue": 0
        },
        {
            "maxAge": 1,
            "name": "Suhasini  Chandramouli",
            "title": "Director of Investor Relations",
            "fiscalYear": 2023,
            "exercisedValue": 0,
            "unexercisedValue": 0
        },
        {
            "maxAge": 1,
            "name": "Mr. Greg  Joswiak",
            "title": "Senior Vice President of Worldwide Marketing",
            "fiscalYear": 2023,
            "exercisedValue": 0,
            "unexercisedValue": 0
        },
        {
            "maxAge": 1,
            "name": "Mr. Adrian  Perica",
            "age": 49,
            "title": "Head of Corporate Development",
            "yearBorn": 1974,
            "fiscalYear": 2023,
            "exercisedValue": 0,
            "unexercisedValue": 0
        },
        {
            "maxAge": 1,
            "name": "Mr. Michael  Fenger",
            "title": "VP of Worldwide Sales",
            "fiscalYear": 2023,
            "exercisedValue": 0,
            "unexercisedValue": 0
        }
    ],
    "auditRisk": 6,
    "boardRisk": 1,
    "compensationRisk": 2,
    "shareHolderRightsRisk": 1,
    "overallRisk": 1,
    "governanceEpochDate": 1733011200,
    "compensationAsOfEpochDate": 1703980800,
    "irWebsite": "http://investor.apple.com/",
    "maxAge": 86400,
    "priceHint": 2,
    "previousClose": 258.2,
    "open": 258.355,
    "dayLow": 257.63,
    "dayHigh": 260.09,
    "regularMarketPreviousClose": 258.2,
    "regularMarketOpen": 258.355,
    "regularMarketDayLow": 257.63,
    "regularMarketDayHigh": 260.09,
    "dividendRate": 1.0,
    "dividendYield": 0.0039,
    "exDividendDate": 1731024000,
    "payoutRatio": 0.1612,
    "fiveYearAvgDividendYield": 0.62,
    "beta": 1.24,
    "trailingPE": 42.63591,
    "forwardPE": 31.14856,
    "volume": 15193978,
    "regularMarketVolume": 15193978,
    "averageVolume": 44261774,
    "averageVolume10days": 54343500,
    "averageDailyVolume10Day": 54343500,
    "bid": 258.57,
    "ask": 258.94,
    "bidSize": 100,
    "askSize": 100,
    "marketCap": 3911968620544,
    "fiftyTwoWeekLow": 164.08,
    "fiftyTwoWeekHigh": 260.09,
    "priceToSalesTrailing12Months": 10.00414,
    "fiftyDayAverage": 235.914,
    "twoHundredDayAverage": 211.7723,
    "trailingAnnualDividendRate": 0.98,
    "trailingAnnualDividendYield": 0.0037955074,
    "currency": "USD",
    "enterpriseValue": 3900713730048,
    "profitMargins": 0.23971,
    "floatShares": 15091184209,
    "sharesOutstanding": 15115799552,
    "sharesShort": 154104746,
    "sharesShortPriorMonth": 133040194,
    "sharesShortPreviousMonthDate": 1730332800,
    "dateShortInterest": 1732838400,
    "sharesPercentSharesOut": 0.010199999,
    "heldPercentInsiders": 0.02056,
    "heldPercentInstitutions": 0.61926,
    "shortRatio": 3.41,
    "shortPercentOfFloat": 0.010199999,
    "impliedSharesOutstanding": 15332100096,
    "bookValue": 3.767,
    "priceToBook": 68.70188,
    "lastFiscalYearEnd": 1727481600,
    "nextFiscalYearEnd": 1759017600,
    "mostRecentQuarter": 1727481600,
    "earningsQuarterlyGrowth": -0.358,
    "netIncomeToCommon": 93736001536,
    "trailingEps": 6.07,
    "forwardEps": 8.31,
    "lastSplitFactor": "4:1",
    "lastSplitDate": 1598832000,
    "enterpriseToRevenue": 9.975,
    "enterpriseToEbitda": 28.967,
    "52WeekChange": 0.33381546,
    "SandP52WeekChange": 0.26272178,
    "lastDividendValue": 0.25,
    "lastDividendDate": 1731024000,
    "exchange": "NMS",
    "quoteType": "EQUITY",
    "symbol": "AAPL",
    "underlyingSymbol": "AAPL",
    "shortName": "Apple Inc.",
    "longName": "Apple Inc.",
    "firstTradeDateEpochUtc": 345479400,
    "timeZoneFullName": "America/New_York",
    "timeZoneShortName": "EST",
    "uuid": "8b10e4ae-9eeb-3684-921a-9ab27e4d87aa",
    "messageBoardId": "finmb_24937",
    "gmtOffSetMilliseconds": -18000000,
    "currentPrice": 258.8,
    "targetHighPrice": 325.0,
    "targetLowPrice": 184.0,
    "targetMeanPrice": 246.85358,
    "targetMedianPrice": 250.0,
    "recommendationMean": 1.89362,
    "recommendationKey": "buy",
    "numberOfAnalystOpinions": 42,
    "totalCash": 65171001344,
    "totalCashPerShare": 4.311,
    "ebitda": 134660997120,
    "totalDebt": 119058997248,
    "quickRatio": 0.745,
    "currentRatio": 0.867,
    "totalRevenue": 391034994688,
    "debtToEquity": 209.059,
    "revenuePerShare": 25.485,
    "returnOnAssets": 0.21464,
    "returnOnEquity": 1.5741299,
    "freeCashflow": 110846001152,
    "operatingCashflow": 118254002176,
    "earningsGrowth": -0.341,
    "revenueGrowth": 0.061,
    "grossMargins": 0.46206,
    "ebitdaMargins": 0.34437,
    "operatingMargins": 0.31171,
    "financialCurrency": "USD",
    "trailingPegRatio": 2.3608
}
[2024-12-26T18:46:38.434+0000] {logging_mixin.py:190} INFO - {"ticker": "AAPL", "timestamp": "2024-12-26 18:46:38", "open": 258.355, "dayLow": 257.63, "dayHigh": 260.09, "currentPrice": 258.8, "currency": "USD"}
[2024-12-26T18:46:38.435+0000] {logging_mixin.py:190} INFO - <kafka.producer.kafka.KafkaProducer object at 0x7f53e5190640>
[2024-12-26T18:46:38.436+0000] {logging_mixin.py:190} INFO - stock
[2024-12-26T18:46:38.439+0000] {data_ingestion.py:131} INFO - data send successfully
[2024-12-26T18:46:48.990+0000] {data_ingestion.py:27} INFO - Data has been fetched successfully!!!
[2024-12-26T18:46:48.991+0000] {data_ingestion.py:28} INFO - {
    "address1": "One Apple Park Way",
    "city": "Cupertino",
    "state": "CA",
    "zip": "95014",
    "country": "United States",
    "phone": "(408) 996-1010",
    "website": "https://www.apple.com",
    "industry": "Consumer Electronics",
    "industryKey": "consumer-electronics",
    "industryDisp": "Consumer Electronics",
    "sector": "Technology",
    "sectorKey": "technology",
    "sectorDisp": "Technology",
    "longBusinessSummary": "Apple Inc. designs, manufactures, and markets smartphones, personal computers, tablets, wearables, and accessories worldwide. The company offers iPhone, a line of smartphones; Mac, a line of personal computers; iPad, a line of multi-purpose tablets; and wearables, home, and accessories comprising AirPods, Apple TV, Apple Watch, Beats products, and HomePod. It also provides AppleCare support and cloud services; and operates various platforms, including the App Store that allow customers to discover and download applications and digital content, such as books, music, video, games, and podcasts, as well as advertising services include third-party licensing arrangements and its own advertising platforms. In addition, the company offers various subscription-based services, such as Apple Arcade, a game subscription service; Apple Fitness+, a personalized fitness service; Apple Music, which offers users a curated listening experience with on-demand radio stations; Apple News+, a subscription news and magazine service; Apple TV+, which offers exclusive original content; Apple Card, a co-branded credit card; and Apple Pay, a cashless payment service, as well as licenses its intellectual property. The company serves consumers, and small and mid-sized businesses; and the education, enterprise, and government markets. It distributes third-party applications for its products through the App Store. The company also sells its products through its retail and online stores, and direct sales force; and third-party cellular network carriers, wholesalers, retailers, and resellers. Apple Inc. was founded in 1976 and is headquartered in Cupertino, California.",
    "fullTimeEmployees": 164000,
    "companyOfficers": [
        {
            "maxAge": 1,
            "name": "Mr. Timothy D. Cook",
            "age": 62,
            "title": "CEO & Director",
            "yearBorn": 1961,
            "fiscalYear": 2023,
            "totalPay": 16239562,
            "exercisedValue": 0,
            "unexercisedValue": 0
        },
        {
            "maxAge": 1,
            "name": "Mr. Luca  Maestri",
            "age": 60,
            "title": "CFO & Senior VP",
            "yearBorn": 1963,
            "fiscalYear": 2023,
            "totalPay": 4612242,
            "exercisedValue": 0,
            "unexercisedValue": 0
        },
        {
            "maxAge": 1,
            "name": "Mr. Jeffrey E. Williams",
            "age": 59,
            "title": "Chief Operating Officer",
            "yearBorn": 1964,
            "fiscalYear": 2023,
            "totalPay": 4637585,
            "exercisedValue": 0,
            "unexercisedValue": 0
        },
        {
            "maxAge": 1,
            "name": "Ms. Katherine L. Adams",
            "age": 59,
            "title": "Senior VP, General Counsel & Secretary",
            "yearBorn": 1964,
            "fiscalYear": 2023,
            "totalPay": 4618064,
            "exercisedValue": 0,
            "unexercisedValue": 0
        },
        {
            "maxAge": 1,
            "name": "Ms. Deirdre  O'Brien",
            "age": 56,
            "title": "Chief People Officer & Senior VP of Retail",
            "yearBorn": 1967,
            "fiscalYear": 2023,
            "totalPay": 4613369,
            "exercisedValue": 0,
            "unexercisedValue": 0
        },
        {
            "maxAge": 1,
            "name": "Mr. Chris  Kondo",
            "title": "Senior Director of Corporate Accounting",
            "fiscalYear": 2023,
            "exercisedValue": 0,
            "unexercisedValue": 0
        },
        {
            "maxAge": 1,
            "name": "Suhasini  Chandramouli",
            "title": "Director of Investor Relations",
            "fiscalYear": 2023,
            "exercisedValue": 0,
            "unexercisedValue": 0
        },
        {
            "maxAge": 1,
            "name": "Mr. Greg  Joswiak",
            "title": "Senior Vice President of Worldwide Marketing",
            "fiscalYear": 2023,
            "exercisedValue": 0,
            "unexercisedValue": 0
        },
        {
            "maxAge": 1,
            "name": "Mr. Adrian  Perica",
            "age": 49,
            "title": "Head of Corporate Development",
            "yearBorn": 1974,
            "fiscalYear": 2023,
            "exercisedValue": 0,
            "unexercisedValue": 0
        },
        {
            "maxAge": 1,
            "name": "Mr. Michael  Fenger",
            "title": "VP of Worldwide Sales",
            "fiscalYear": 2023,
            "exercisedValue": 0,
            "unexercisedValue": 0
        }
    ],
    "auditRisk": 6,
    "boardRisk": 1,
    "compensationRisk": 2,
    "shareHolderRightsRisk": 1,
    "overallRisk": 1,
    "governanceEpochDate": 1733011200,
    "compensationAsOfEpochDate": 1703980800,
    "irWebsite": "http://investor.apple.com/",
    "maxAge": 86400,
    "priceHint": 2,
    "previousClose": 258.2,
    "open": 258.355,
    "dayLow": 257.63,
    "dayHigh": 260.09,
    "regularMarketPreviousClose": 258.2,
    "regularMarketOpen": 258.355,
    "regularMarketDayLow": 257.63,
    "regularMarketDayHigh": 260.09,
    "dividendRate": 1.0,
    "dividendYield": 0.0039,
    "exDividendDate": 1731024000,
    "payoutRatio": 0.1612,
    "fiveYearAvgDividendYield": 0.62,
    "beta": 1.24,
    "trailingPE": 42.6425,
    "forwardPE": 31.153376,
    "volume": 15206102,
    "regularMarketVolume": 15206102,
    "averageVolume": 44261774,
    "averageVolume10days": 54343500,
    "averageDailyVolume10Day": 54343500,
    "bid": 258.77,
    "ask": 258.91,
    "bidSize": 100,
    "askSize": 100,
    "marketCap": 3912573386752,
    "fiftyTwoWeekLow": 164.08,
    "fiftyTwoWeekHigh": 260.09,
    "priceToSalesTrailing12Months": 10.005686,
    "fiftyDayAverage": 235.914,
    "twoHundredDayAverage": 211.7723,
    "trailingAnnualDividendRate": 0.98,
    "trailingAnnualDividendYield": 0.0037955074,
    "currency": "USD",
    "enterpriseValue": 3900713730048,
    "profitMargins": 0.23971,
    "floatShares": 15091184209,
    "sharesOutstanding": 15115799552,
    "sharesShort": 154104746,
    "sharesShortPriorMonth": 133040194,
    "sharesShortPreviousMonthDate": 1730332800,
    "dateShortInterest": 1732838400,
    "sharesPercentSharesOut": 0.010199999,
    "heldPercentInsiders": 0.02056,
    "heldPercentInstitutions": 0.61926,
    "shortRatio": 3.41,
    "shortPercentOfFloat": 0.010199999,
    "impliedSharesOutstanding": 15332100096,
    "bookValue": 3.767,
    "priceToBook": 68.7125,
    "lastFiscalYearEnd": 1727481600,
    "nextFiscalYearEnd": 1759017600,
    "mostRecentQuarter": 1727481600,
    "earningsQuarterlyGrowth": -0.358,
    "netIncomeToCommon": 93736001536,
    "trailingEps": 6.07,
    "forwardEps": 8.31,
    "lastSplitFactor": "4:1",
    "lastSplitDate": 1598832000,
    "enterpriseToRevenue": 9.975,
    "enterpriseToEbitda": 28.967,
    "52WeekChange": 0.33381546,
    "SandP52WeekChange": 0.26272178,
    "lastDividendValue": 0.25,
    "lastDividendDate": 1731024000,
    "exchange": "NMS",
    "quoteType": "EQUITY",
    "symbol": "AAPL",
    "underlyingSymbol": "AAPL",
    "shortName": "Apple Inc.",
    "longName": "Apple Inc.",
    "firstTradeDateEpochUtc": 345479400,
    "timeZoneFullName": "America/New_York",
    "timeZoneShortName": "EST",
    "uuid": "8b10e4ae-9eeb-3684-921a-9ab27e4d87aa",
    "messageBoardId": "finmb_24937",
    "gmtOffSetMilliseconds": -18000000,
    "currentPrice": 258.84,
    "targetHighPrice": 325.0,
    "targetLowPrice": 184.0,
    "targetMeanPrice": 246.85358,
    "targetMedianPrice": 250.0,
    "recommendationMean": 1.89362,
    "recommendationKey": "buy",
    "numberOfAnalystOpinions": 42,
    "totalCash": 65171001344,
    "totalCashPerShare": 4.311,
    "ebitda": 134660997120,
    "totalDebt": 119058997248,
    "quickRatio": 0.745,
    "currentRatio": 0.867,
    "totalRevenue": 391034994688,
    "debtToEquity": 209.059,
    "revenuePerShare": 25.485,
    "returnOnAssets": 0.21464,
    "returnOnEquity": 1.5741299,
    "freeCashflow": 110846001152,
    "operatingCashflow": 118254002176,
    "earningsGrowth": -0.341,
    "revenueGrowth": 0.061,
    "grossMargins": 0.46206,
    "ebitdaMargins": 0.34437,
    "operatingMargins": 0.31171,
    "financialCurrency": "USD",
    "trailingPegRatio": 2.3608
}
[2024-12-26T18:46:48.992+0000] {logging_mixin.py:190} INFO - {"ticker": "AAPL", "timestamp": "2024-12-26 18:46:48", "open": 258.355, "dayLow": 257.63, "dayHigh": 260.09, "currentPrice": 258.84, "currency": "USD"}
[2024-12-26T18:46:48.993+0000] {logging_mixin.py:190} INFO - <kafka.producer.kafka.KafkaProducer object at 0x7f53e5190640>
[2024-12-26T18:46:48.994+0000] {logging_mixin.py:190} INFO - stock
[2024-12-26T18:46:48.997+0000] {data_ingestion.py:131} INFO - data send successfully
[2024-12-26T18:46:59.005+0000] {python.py:240} INFO - Done. Returned value was: None
[2024-12-26T18:46:59.015+0000] {taskinstance.py:340} INFO - ::group::Post task execution logs
[2024-12-26T18:46:59.017+0000] {taskinstance.py:352} INFO - Marking task as SUCCESS. dag_id=realtime_pipeline, task_id=realtime_pipeline, run_id=manual__2024-12-26T18:45:47.938075+00:00, execution_date=20241226T184547, start_date=20241226T184551, end_date=20241226T184659
[2024-12-26T18:46:59.027+0000] {logging_mixin.py:190} INFO - Task instance in success state
[2024-12-26T18:46:59.028+0000] {logging_mixin.py:190} INFO -  Previous state of the Task instance: running
[2024-12-26T18:46:59.029+0000] {logging_mixin.py:190} INFO - Dag name:realtime_pipeline queued_at:2024-12-26 18:45:47.965562+00:00
[2024-12-26T18:46:59.030+0000] {logging_mixin.py:190} INFO - Task hostname:c36613fa3dab operator:PythonOperator
[2024-12-26T18:46:59.045+0000] {local_task_job_runner.py:266} INFO - Task exited with return code 0
[2024-12-26T18:46:59.060+0000] {taskinstance.py:3895} INFO - 0 downstream tasks scheduled from follow-on schedule check
[2024-12-26T18:46:59.062+0000] {local_task_job_runner.py:245} INFO - ::endgroup::
