[2025-01-02T16:58:03.210+0000] {local_task_job_runner.py:123} INFO - ::group::Pre task execution logs
[2025-01-02T16:58:03.233+0000] {taskinstance.py:2613} INFO - Dependencies all met for dep_context=non-requeueable deps ti=<TaskInstance: stock_price_monitor_v1.check_stock_price scheduled__2025-01-02T16:56:00+00:00 [queued]>
[2025-01-02T16:58:03.248+0000] {taskinstance.py:2613} INFO - Dependencies all met for dep_context=requeueable deps ti=<TaskInstance: stock_price_monitor_v1.check_stock_price scheduled__2025-01-02T16:56:00+00:00 [queued]>
[2025-01-02T16:58:03.251+0000] {taskinstance.py:2866} INFO - Starting attempt 1 of 2
[2025-01-02T16:58:03.269+0000] {taskinstance.py:2889} INFO - Executing <Task(PythonOperator): check_stock_price> on 2025-01-02 16:56:00+00:00
[2025-01-02T16:58:03.278+0000] {standard_task_runner.py:72} INFO - Started process 1090 to run task
[2025-01-02T16:58:03.284+0000] {standard_task_runner.py:104} INFO - Running: ['***', 'tasks', 'run', 'stock_price_monitor_v1', 'check_stock_price', 'scheduled__2025-01-02T16:56:00+00:00', '--job-id', '1894', '--raw', '--subdir', 'DAGS_FOLDER/email_generation.py', '--cfg-path', '/tmp/tmpp0mo8gof']
[2025-01-02T16:58:03.287+0000] {standard_task_runner.py:105} INFO - Job 1894: Subtask check_stock_price
[2025-01-02T16:58:03.348+0000] {task_command.py:467} INFO - Running <TaskInstance: stock_price_monitor_v1.check_stock_price scheduled__2025-01-02T16:56:00+00:00 [running]> on host 95d98a98d27d
[2025-01-02T16:58:03.477+0000] {taskinstance.py:3132} INFO - Exporting env vars: AIRFLOW_CTX_DAG_OWNER='haziq' AIRFLOW_CTX_DAG_ID='stock_price_monitor_v1' AIRFLOW_CTX_TASK_ID='check_stock_price' AIRFLOW_CTX_EXECUTION_DATE='2025-01-02T16:56:00+00:00' AIRFLOW_CTX_TRY_NUMBER='1' AIRFLOW_CTX_DAG_RUN_ID='scheduled__2025-01-02T16:56:00+00:00'
[2025-01-02T16:58:03.480+0000] {logging_mixin.py:190} INFO - Task instance is in running state
[2025-01-02T16:58:03.482+0000] {logging_mixin.py:190} INFO -  Previous state of the Task instance: queued
[2025-01-02T16:58:03.484+0000] {logging_mixin.py:190} INFO - Current task name:check_stock_price state:running start_date:2025-01-02 16:58:03.236275+00:00
[2025-01-02T16:58:03.486+0000] {logging_mixin.py:190} INFO - Dag name:stock_price_monitor_v1 and current dag run status:running
[2025-01-02T16:58:03.488+0000] {taskinstance.py:731} INFO - ::endgroup::
[2025-01-02T16:58:03.505+0000] {base.py:84} INFO - Retrieving connection 'postgres_default'
[2025-01-02T16:58:03.513+0000] {sql.py:544} INFO - Running statement: select 1, parameters: None
[2025-01-02T16:58:03.516+0000] {sql.py:553} INFO - Rows affected: 1
[2025-01-02T16:58:03.519+0000] {logging_mixin.py:190} INFO - Connection successful
[2025-01-02T16:58:03.521+0000] {logging_mixin.py:190} INFO - Checking stock price...
[2025-01-02T16:58:03.530+0000] {sql.py:544} INFO - Running statement: 
        SELECT ticker, "Current Price" as current_price 
        FROM public.live_stock 
        LIMIT 1;
    , parameters: None
[2025-01-02T16:58:03.691+0000] {sql.py:553} INFO - Rows affected: 1
[2025-01-02T16:58:03.694+0000] {logging_mixin.py:190} INFO - Records: [('AAPL', '$250.42')]
[2025-01-02T16:58:03.696+0000] {logging_mixin.py:190} INFO - Ticker: AAPL, Price: 250.42
[2025-01-02T16:58:03.740+0000] {logging_mixin.py:190} INFO - Normal: AAPL price $250.42 is above threshold $200
[2025-01-02T16:58:03.742+0000] {python.py:240} INFO - Done. Returned value was: None
[2025-01-02T16:58:03.756+0000] {taskinstance.py:340} INFO - ::group::Post task execution logs
[2025-01-02T16:58:03.758+0000] {taskinstance.py:352} INFO - Marking task as SUCCESS. dag_id=stock_price_monitor_v1, task_id=check_stock_price, run_id=scheduled__2025-01-02T16:56:00+00:00, execution_date=20250102T165600, start_date=20250102T165803, end_date=20250102T165803
[2025-01-02T16:58:03.770+0000] {logging_mixin.py:190} INFO - Task instance in success state
[2025-01-02T16:58:03.772+0000] {logging_mixin.py:190} INFO -  Previous state of the Task instance: running
[2025-01-02T16:58:03.773+0000] {logging_mixin.py:190} INFO - Dag name:stock_price_monitor_v1 queued_at:2025-01-02 16:58:01.054047+00:00
[2025-01-02T16:58:03.775+0000] {logging_mixin.py:190} INFO - Task hostname:95d98a98d27d operator:PythonOperator
[2025-01-02T16:58:03.820+0000] {local_task_job_runner.py:266} INFO - Task exited with return code 0
[2025-01-02T16:58:03.854+0000] {taskinstance.py:3895} INFO - 1 downstream tasks scheduled from follow-on schedule check
[2025-01-02T16:58:03.857+0000] {local_task_job_runner.py:245} INFO - ::endgroup::
