[2024-12-30T16:44:50.724+0000] {processor.py:186} INFO - Started process (PID=32893) to work on /home/airflow/.local/lib/python3.10/site-packages/airflow/example_dags/example_xcomargs.py
[2024-12-30T16:44:50.730+0000] {processor.py:914} INFO - Processing file /home/airflow/.local/lib/python3.10/site-packages/airflow/example_dags/example_xcomargs.py for tasks to queue
[2024-12-30T16:44:50.739+0000] {logging_mixin.py:190} INFO - [2024-12-30T16:44:50.738+0000] {dagbag.py:588} INFO - Filling up the DagBag from /home/airflow/.local/lib/python3.10/site-packages/airflow/example_dags/example_xcomargs.py
[2024-12-30T16:44:50.833+0000] {processor.py:925} INFO - DAG(s) 'example_xcom_args_with_operators', 'example_xcom_args' retrieved from /home/airflow/.local/lib/python3.10/site-packages/airflow/example_dags/example_xcomargs.py
[2024-12-30T16:44:50.910+0000] {logging_mixin.py:190} INFO - [2024-12-30T16:44:50.909+0000] {dag.py:3239} INFO - Sync 2 DAGs
[2024-12-30T16:44:50.949+0000] {logging_mixin.py:190} INFO - [2024-12-30T16:44:50.948+0000] {dag.py:4180} INFO - Setting next_dagrun for example_xcom_args to None, run_after=None
[2024-12-30T16:44:50.960+0000] {logging_mixin.py:190} INFO - [2024-12-30T16:44:50.959+0000] {dag.py:4180} INFO - Setting next_dagrun for example_xcom_args_with_operators to None, run_after=None
[2024-12-30T16:44:51.019+0000] {processor.py:208} INFO - Processing /home/airflow/.local/lib/python3.10/site-packages/airflow/example_dags/example_xcomargs.py took 0.341 seconds
[2024-12-30T16:45:21.179+0000] {processor.py:186} INFO - Started process (PID=32960) to work on /home/airflow/.local/lib/python3.10/site-packages/airflow/example_dags/example_xcomargs.py
[2024-12-30T16:45:21.180+0000] {processor.py:914} INFO - Processing file /home/airflow/.local/lib/python3.10/site-packages/airflow/example_dags/example_xcomargs.py for tasks to queue
[2024-12-30T16:45:21.181+0000] {logging_mixin.py:190} INFO - [2024-12-30T16:45:21.181+0000] {dagbag.py:588} INFO - Filling up the DagBag from /home/airflow/.local/lib/python3.10/site-packages/airflow/example_dags/example_xcomargs.py
[2024-12-30T16:45:21.195+0000] {processor.py:925} INFO - DAG(s) 'example_xcom_args_with_operators', 'example_xcom_args' retrieved from /home/airflow/.local/lib/python3.10/site-packages/airflow/example_dags/example_xcomargs.py
[2024-12-30T16:45:21.225+0000] {logging_mixin.py:190} INFO - [2024-12-30T16:45:21.225+0000] {dag.py:3239} INFO - Sync 2 DAGs
[2024-12-30T16:45:21.242+0000] {logging_mixin.py:190} INFO - [2024-12-30T16:45:21.242+0000] {dag.py:4180} INFO - Setting next_dagrun for example_xcom_args to None, run_after=None
[2024-12-30T16:45:21.246+0000] {logging_mixin.py:190} INFO - [2024-12-30T16:45:21.246+0000] {dag.py:4180} INFO - Setting next_dagrun for example_xcom_args_with_operators to None, run_after=None
[2024-12-30T16:45:21.268+0000] {processor.py:208} INFO - Processing /home/airflow/.local/lib/python3.10/site-packages/airflow/example_dags/example_xcomargs.py took 0.096 seconds
[2024-12-30T16:45:51.770+0000] {processor.py:186} INFO - Started process (PID=33028) to work on /home/airflow/.local/lib/python3.10/site-packages/airflow/example_dags/example_xcomargs.py
[2024-12-30T16:45:51.771+0000] {processor.py:914} INFO - Processing file /home/airflow/.local/lib/python3.10/site-packages/airflow/example_dags/example_xcomargs.py for tasks to queue
[2024-12-30T16:45:51.773+0000] {logging_mixin.py:190} INFO - [2024-12-30T16:45:51.772+0000] {dagbag.py:588} INFO - Filling up the DagBag from /home/airflow/.local/lib/python3.10/site-packages/airflow/example_dags/example_xcomargs.py
[2024-12-30T16:45:51.782+0000] {processor.py:925} INFO - DAG(s) 'example_xcom_args_with_operators', 'example_xcom_args' retrieved from /home/airflow/.local/lib/python3.10/site-packages/airflow/example_dags/example_xcomargs.py
[2024-12-30T16:45:51.809+0000] {logging_mixin.py:190} INFO - [2024-12-30T16:45:51.809+0000] {dag.py:3239} INFO - Sync 2 DAGs
[2024-12-30T16:45:51.827+0000] {logging_mixin.py:190} INFO - [2024-12-30T16:45:51.826+0000] {dag.py:4180} INFO - Setting next_dagrun for example_xcom_args to None, run_after=None
[2024-12-30T16:45:51.831+0000] {logging_mixin.py:190} INFO - [2024-12-30T16:45:51.831+0000] {dag.py:4180} INFO - Setting next_dagrun for example_xcom_args_with_operators to None, run_after=None
[2024-12-30T16:45:51.849+0000] {processor.py:208} INFO - Processing /home/airflow/.local/lib/python3.10/site-packages/airflow/example_dags/example_xcomargs.py took 0.086 seconds
[2024-12-30T16:46:22.181+0000] {processor.py:186} INFO - Started process (PID=33096) to work on /home/airflow/.local/lib/python3.10/site-packages/airflow/example_dags/example_xcomargs.py
[2024-12-30T16:46:22.182+0000] {processor.py:914} INFO - Processing file /home/airflow/.local/lib/python3.10/site-packages/airflow/example_dags/example_xcomargs.py for tasks to queue
[2024-12-30T16:46:22.184+0000] {logging_mixin.py:190} INFO - [2024-12-30T16:46:22.184+0000] {dagbag.py:588} INFO - Filling up the DagBag from /home/airflow/.local/lib/python3.10/site-packages/airflow/example_dags/example_xcomargs.py
[2024-12-30T16:46:22.195+0000] {processor.py:925} INFO - DAG(s) 'example_xcom_args_with_operators', 'example_xcom_args' retrieved from /home/airflow/.local/lib/python3.10/site-packages/airflow/example_dags/example_xcomargs.py
[2024-12-30T16:46:22.224+0000] {logging_mixin.py:190} INFO - [2024-12-30T16:46:22.223+0000] {dag.py:3239} INFO - Sync 2 DAGs
[2024-12-30T16:46:22.239+0000] {logging_mixin.py:190} INFO - [2024-12-30T16:46:22.239+0000] {dag.py:4180} INFO - Setting next_dagrun for example_xcom_args to None, run_after=None
[2024-12-30T16:46:22.245+0000] {logging_mixin.py:190} INFO - [2024-12-30T16:46:22.244+0000] {dag.py:4180} INFO - Setting next_dagrun for example_xcom_args_with_operators to None, run_after=None
[2024-12-30T16:46:22.265+0000] {processor.py:208} INFO - Processing /home/airflow/.local/lib/python3.10/site-packages/airflow/example_dags/example_xcomargs.py took 0.090 seconds
[2024-12-30T16:46:52.947+0000] {processor.py:186} INFO - Started process (PID=33164) to work on /home/airflow/.local/lib/python3.10/site-packages/airflow/example_dags/example_xcomargs.py
[2024-12-30T16:46:52.950+0000] {processor.py:914} INFO - Processing file /home/airflow/.local/lib/python3.10/site-packages/airflow/example_dags/example_xcomargs.py for tasks to queue
[2024-12-30T16:46:52.952+0000] {logging_mixin.py:190} INFO - [2024-12-30T16:46:52.952+0000] {dagbag.py:588} INFO - Filling up the DagBag from /home/airflow/.local/lib/python3.10/site-packages/airflow/example_dags/example_xcomargs.py
[2024-12-30T16:46:52.963+0000] {processor.py:925} INFO - DAG(s) 'example_xcom_args', 'example_xcom_args_with_operators' retrieved from /home/airflow/.local/lib/python3.10/site-packages/airflow/example_dags/example_xcomargs.py
[2024-12-30T16:46:53.000+0000] {logging_mixin.py:190} INFO - [2024-12-30T16:46:53.000+0000] {dag.py:3239} INFO - Sync 2 DAGs
[2024-12-30T16:46:53.027+0000] {logging_mixin.py:190} INFO - [2024-12-30T16:46:53.027+0000] {dag.py:4180} INFO - Setting next_dagrun for example_xcom_args to None, run_after=None
[2024-12-30T16:46:53.032+0000] {logging_mixin.py:190} INFO - [2024-12-30T16:46:53.031+0000] {dag.py:4180} INFO - Setting next_dagrun for example_xcom_args_with_operators to None, run_after=None
[2024-12-30T16:46:53.049+0000] {processor.py:208} INFO - Processing /home/airflow/.local/lib/python3.10/site-packages/airflow/example_dags/example_xcomargs.py took 0.111 seconds
[2024-12-30T16:47:24.554+0000] {processor.py:186} INFO - Started process (PID=33232) to work on /home/airflow/.local/lib/python3.10/site-packages/airflow/example_dags/example_xcomargs.py
[2024-12-30T16:47:24.556+0000] {processor.py:914} INFO - Processing file /home/airflow/.local/lib/python3.10/site-packages/airflow/example_dags/example_xcomargs.py for tasks to queue
[2024-12-30T16:47:24.558+0000] {logging_mixin.py:190} INFO - [2024-12-30T16:47:24.558+0000] {dagbag.py:588} INFO - Filling up the DagBag from /home/airflow/.local/lib/python3.10/site-packages/airflow/example_dags/example_xcomargs.py
[2024-12-30T16:47:24.576+0000] {processor.py:925} INFO - DAG(s) 'example_xcom_args', 'example_xcom_args_with_operators' retrieved from /home/airflow/.local/lib/python3.10/site-packages/airflow/example_dags/example_xcomargs.py
[2024-12-30T16:47:24.614+0000] {logging_mixin.py:190} INFO - [2024-12-30T16:47:24.614+0000] {dag.py:3239} INFO - Sync 2 DAGs
[2024-12-30T16:47:24.634+0000] {logging_mixin.py:190} INFO - [2024-12-30T16:47:24.634+0000] {dag.py:4180} INFO - Setting next_dagrun for example_xcom_args to None, run_after=None
[2024-12-30T16:47:24.640+0000] {logging_mixin.py:190} INFO - [2024-12-30T16:47:24.639+0000] {dag.py:4180} INFO - Setting next_dagrun for example_xcom_args_with_operators to None, run_after=None
[2024-12-30T16:47:24.664+0000] {processor.py:208} INFO - Processing /home/airflow/.local/lib/python3.10/site-packages/airflow/example_dags/example_xcomargs.py took 0.121 seconds
[2024-12-30T16:47:55.291+0000] {processor.py:186} INFO - Started process (PID=33300) to work on /home/airflow/.local/lib/python3.10/site-packages/airflow/example_dags/example_xcomargs.py
[2024-12-30T16:47:55.293+0000] {processor.py:914} INFO - Processing file /home/airflow/.local/lib/python3.10/site-packages/airflow/example_dags/example_xcomargs.py for tasks to queue
[2024-12-30T16:47:55.294+0000] {logging_mixin.py:190} INFO - [2024-12-30T16:47:55.294+0000] {dagbag.py:588} INFO - Filling up the DagBag from /home/airflow/.local/lib/python3.10/site-packages/airflow/example_dags/example_xcomargs.py
[2024-12-30T16:47:55.308+0000] {processor.py:925} INFO - DAG(s) 'example_xcom_args_with_operators', 'example_xcom_args' retrieved from /home/airflow/.local/lib/python3.10/site-packages/airflow/example_dags/example_xcomargs.py
[2024-12-30T16:47:55.336+0000] {logging_mixin.py:190} INFO - [2024-12-30T16:47:55.335+0000] {dag.py:3239} INFO - Sync 2 DAGs
[2024-12-30T16:47:55.354+0000] {logging_mixin.py:190} INFO - [2024-12-30T16:47:55.353+0000] {dag.py:4180} INFO - Setting next_dagrun for example_xcom_args to None, run_after=None
[2024-12-30T16:47:55.358+0000] {logging_mixin.py:190} INFO - [2024-12-30T16:47:55.358+0000] {dag.py:4180} INFO - Setting next_dagrun for example_xcom_args_with_operators to None, run_after=None
[2024-12-30T16:47:55.377+0000] {processor.py:208} INFO - Processing /home/airflow/.local/lib/python3.10/site-packages/airflow/example_dags/example_xcomargs.py took 0.094 seconds
[2024-12-30T16:48:26.863+0000] {processor.py:186} INFO - Started process (PID=33368) to work on /home/airflow/.local/lib/python3.10/site-packages/airflow/example_dags/example_xcomargs.py
[2024-12-30T16:48:26.865+0000] {processor.py:914} INFO - Processing file /home/airflow/.local/lib/python3.10/site-packages/airflow/example_dags/example_xcomargs.py for tasks to queue
[2024-12-30T16:48:26.867+0000] {logging_mixin.py:190} INFO - [2024-12-30T16:48:26.866+0000] {dagbag.py:588} INFO - Filling up the DagBag from /home/airflow/.local/lib/python3.10/site-packages/airflow/example_dags/example_xcomargs.py
[2024-12-30T16:48:26.881+0000] {processor.py:925} INFO - DAG(s) 'example_xcom_args', 'example_xcom_args_with_operators' retrieved from /home/airflow/.local/lib/python3.10/site-packages/airflow/example_dags/example_xcomargs.py
[2024-12-30T16:48:26.912+0000] {logging_mixin.py:190} INFO - [2024-12-30T16:48:26.912+0000] {dag.py:3239} INFO - Sync 2 DAGs
[2024-12-30T16:48:26.931+0000] {logging_mixin.py:190} INFO - [2024-12-30T16:48:26.931+0000] {dag.py:4180} INFO - Setting next_dagrun for example_xcom_args to None, run_after=None
[2024-12-30T16:48:26.937+0000] {logging_mixin.py:190} INFO - [2024-12-30T16:48:26.936+0000] {dag.py:4180} INFO - Setting next_dagrun for example_xcom_args_with_operators to None, run_after=None
[2024-12-30T16:48:26.956+0000] {processor.py:208} INFO - Processing /home/airflow/.local/lib/python3.10/site-packages/airflow/example_dags/example_xcomargs.py took 0.101 seconds
[2024-12-30T16:48:57.746+0000] {processor.py:186} INFO - Started process (PID=33435) to work on /home/airflow/.local/lib/python3.10/site-packages/airflow/example_dags/example_xcomargs.py
[2024-12-30T16:48:57.747+0000] {processor.py:914} INFO - Processing file /home/airflow/.local/lib/python3.10/site-packages/airflow/example_dags/example_xcomargs.py for tasks to queue
[2024-12-30T16:48:57.748+0000] {logging_mixin.py:190} INFO - [2024-12-30T16:48:57.748+0000] {dagbag.py:588} INFO - Filling up the DagBag from /home/airflow/.local/lib/python3.10/site-packages/airflow/example_dags/example_xcomargs.py
[2024-12-30T16:48:57.758+0000] {processor.py:925} INFO - DAG(s) 'example_xcom_args_with_operators', 'example_xcom_args' retrieved from /home/airflow/.local/lib/python3.10/site-packages/airflow/example_dags/example_xcomargs.py
[2024-12-30T16:48:57.785+0000] {logging_mixin.py:190} INFO - [2024-12-30T16:48:57.784+0000] {dag.py:3239} INFO - Sync 2 DAGs
[2024-12-30T16:48:57.799+0000] {logging_mixin.py:190} INFO - [2024-12-30T16:48:57.798+0000] {dag.py:4180} INFO - Setting next_dagrun for example_xcom_args to None, run_after=None
[2024-12-30T16:48:57.803+0000] {logging_mixin.py:190} INFO - [2024-12-30T16:48:57.803+0000] {dag.py:4180} INFO - Setting next_dagrun for example_xcom_args_with_operators to None, run_after=None
[2024-12-30T16:48:57.820+0000] {processor.py:208} INFO - Processing /home/airflow/.local/lib/python3.10/site-packages/airflow/example_dags/example_xcomargs.py took 0.080 seconds
[2024-12-30T16:49:28.336+0000] {processor.py:186} INFO - Started process (PID=33503) to work on /home/airflow/.local/lib/python3.10/site-packages/airflow/example_dags/example_xcomargs.py
[2024-12-30T16:49:28.337+0000] {processor.py:914} INFO - Processing file /home/airflow/.local/lib/python3.10/site-packages/airflow/example_dags/example_xcomargs.py for tasks to queue
[2024-12-30T16:49:28.338+0000] {logging_mixin.py:190} INFO - [2024-12-30T16:49:28.338+0000] {dagbag.py:588} INFO - Filling up the DagBag from /home/airflow/.local/lib/python3.10/site-packages/airflow/example_dags/example_xcomargs.py
[2024-12-30T16:49:28.349+0000] {processor.py:925} INFO - DAG(s) 'example_xcom_args_with_operators', 'example_xcom_args' retrieved from /home/airflow/.local/lib/python3.10/site-packages/airflow/example_dags/example_xcomargs.py
[2024-12-30T16:49:28.378+0000] {logging_mixin.py:190} INFO - [2024-12-30T16:49:28.377+0000] {dag.py:3239} INFO - Sync 2 DAGs
[2024-12-30T16:49:28.392+0000] {logging_mixin.py:190} INFO - [2024-12-30T16:49:28.392+0000] {dag.py:4180} INFO - Setting next_dagrun for example_xcom_args to None, run_after=None
[2024-12-30T16:49:28.396+0000] {logging_mixin.py:190} INFO - [2024-12-30T16:49:28.396+0000] {dag.py:4180} INFO - Setting next_dagrun for example_xcom_args_with_operators to None, run_after=None
[2024-12-30T16:49:28.414+0000] {processor.py:208} INFO - Processing /home/airflow/.local/lib/python3.10/site-packages/airflow/example_dags/example_xcomargs.py took 0.084 seconds
[2024-12-30T16:49:59.789+0000] {processor.py:186} INFO - Started process (PID=33572) to work on /home/airflow/.local/lib/python3.10/site-packages/airflow/example_dags/example_xcomargs.py
[2024-12-30T16:49:59.791+0000] {processor.py:914} INFO - Processing file /home/airflow/.local/lib/python3.10/site-packages/airflow/example_dags/example_xcomargs.py for tasks to queue
[2024-12-30T16:49:59.792+0000] {logging_mixin.py:190} INFO - [2024-12-30T16:49:59.792+0000] {dagbag.py:588} INFO - Filling up the DagBag from /home/airflow/.local/lib/python3.10/site-packages/airflow/example_dags/example_xcomargs.py
[2024-12-30T16:49:59.804+0000] {processor.py:925} INFO - DAG(s) 'example_xcom_args_with_operators', 'example_xcom_args' retrieved from /home/airflow/.local/lib/python3.10/site-packages/airflow/example_dags/example_xcomargs.py
[2024-12-30T16:49:59.835+0000] {logging_mixin.py:190} INFO - [2024-12-30T16:49:59.835+0000] {dag.py:3239} INFO - Sync 2 DAGs
[2024-12-30T16:49:59.853+0000] {logging_mixin.py:190} INFO - [2024-12-30T16:49:59.853+0000] {dag.py:4180} INFO - Setting next_dagrun for example_xcom_args to None, run_after=None
[2024-12-30T16:49:59.859+0000] {logging_mixin.py:190} INFO - [2024-12-30T16:49:59.858+0000] {dag.py:4180} INFO - Setting next_dagrun for example_xcom_args_with_operators to None, run_after=None
[2024-12-30T16:49:59.881+0000] {processor.py:208} INFO - Processing /home/airflow/.local/lib/python3.10/site-packages/airflow/example_dags/example_xcomargs.py took 0.099 seconds
[2024-12-30T16:50:30.559+0000] {processor.py:186} INFO - Started process (PID=33640) to work on /home/airflow/.local/lib/python3.10/site-packages/airflow/example_dags/example_xcomargs.py
[2024-12-30T16:50:30.561+0000] {processor.py:914} INFO - Processing file /home/airflow/.local/lib/python3.10/site-packages/airflow/example_dags/example_xcomargs.py for tasks to queue
[2024-12-30T16:50:30.563+0000] {logging_mixin.py:190} INFO - [2024-12-30T16:50:30.563+0000] {dagbag.py:588} INFO - Filling up the DagBag from /home/airflow/.local/lib/python3.10/site-packages/airflow/example_dags/example_xcomargs.py
[2024-12-30T16:50:30.579+0000] {processor.py:925} INFO - DAG(s) 'example_xcom_args', 'example_xcom_args_with_operators' retrieved from /home/airflow/.local/lib/python3.10/site-packages/airflow/example_dags/example_xcomargs.py
[2024-12-30T16:50:30.610+0000] {logging_mixin.py:190} INFO - [2024-12-30T16:50:30.610+0000] {dag.py:3239} INFO - Sync 2 DAGs
[2024-12-30T16:50:30.628+0000] {logging_mixin.py:190} INFO - [2024-12-30T16:50:30.627+0000] {dag.py:4180} INFO - Setting next_dagrun for example_xcom_args to None, run_after=None
[2024-12-30T16:50:30.632+0000] {logging_mixin.py:190} INFO - [2024-12-30T16:50:30.632+0000] {dag.py:4180} INFO - Setting next_dagrun for example_xcom_args_with_operators to None, run_after=None
[2024-12-30T16:50:30.654+0000] {processor.py:208} INFO - Processing /home/airflow/.local/lib/python3.10/site-packages/airflow/example_dags/example_xcomargs.py took 0.102 seconds
[2024-12-30T16:51:01.424+0000] {processor.py:186} INFO - Started process (PID=33708) to work on /home/airflow/.local/lib/python3.10/site-packages/airflow/example_dags/example_xcomargs.py
[2024-12-30T16:51:01.426+0000] {processor.py:914} INFO - Processing file /home/airflow/.local/lib/python3.10/site-packages/airflow/example_dags/example_xcomargs.py for tasks to queue
[2024-12-30T16:51:01.428+0000] {logging_mixin.py:190} INFO - [2024-12-30T16:51:01.427+0000] {dagbag.py:588} INFO - Filling up the DagBag from /home/airflow/.local/lib/python3.10/site-packages/airflow/example_dags/example_xcomargs.py
[2024-12-30T16:51:01.440+0000] {processor.py:925} INFO - DAG(s) 'example_xcom_args_with_operators', 'example_xcom_args' retrieved from /home/airflow/.local/lib/python3.10/site-packages/airflow/example_dags/example_xcomargs.py
[2024-12-30T16:51:01.470+0000] {logging_mixin.py:190} INFO - [2024-12-30T16:51:01.470+0000] {dag.py:3239} INFO - Sync 2 DAGs
[2024-12-30T16:51:01.490+0000] {logging_mixin.py:190} INFO - [2024-12-30T16:51:01.490+0000] {dag.py:4180} INFO - Setting next_dagrun for example_xcom_args to None, run_after=None
[2024-12-30T16:51:01.494+0000] {logging_mixin.py:190} INFO - [2024-12-30T16:51:01.494+0000] {dag.py:4180} INFO - Setting next_dagrun for example_xcom_args_with_operators to None, run_after=None
[2024-12-30T16:51:01.513+0000] {processor.py:208} INFO - Processing /home/airflow/.local/lib/python3.10/site-packages/airflow/example_dags/example_xcomargs.py took 0.096 seconds
[2024-12-30T16:51:32.078+0000] {processor.py:186} INFO - Started process (PID=33776) to work on /home/airflow/.local/lib/python3.10/site-packages/airflow/example_dags/example_xcomargs.py
[2024-12-30T16:51:32.079+0000] {processor.py:914} INFO - Processing file /home/airflow/.local/lib/python3.10/site-packages/airflow/example_dags/example_xcomargs.py for tasks to queue
[2024-12-30T16:51:32.080+0000] {logging_mixin.py:190} INFO - [2024-12-30T16:51:32.080+0000] {dagbag.py:588} INFO - Filling up the DagBag from /home/airflow/.local/lib/python3.10/site-packages/airflow/example_dags/example_xcomargs.py
[2024-12-30T16:51:32.090+0000] {processor.py:925} INFO - DAG(s) 'example_xcom_args', 'example_xcom_args_with_operators' retrieved from /home/airflow/.local/lib/python3.10/site-packages/airflow/example_dags/example_xcomargs.py
[2024-12-30T16:51:32.114+0000] {logging_mixin.py:190} INFO - [2024-12-30T16:51:32.113+0000] {dag.py:3239} INFO - Sync 2 DAGs
[2024-12-30T16:51:32.127+0000] {logging_mixin.py:190} INFO - [2024-12-30T16:51:32.127+0000] {dag.py:4180} INFO - Setting next_dagrun for example_xcom_args to None, run_after=None
[2024-12-30T16:51:32.131+0000] {logging_mixin.py:190} INFO - [2024-12-30T16:51:32.131+0000] {dag.py:4180} INFO - Setting next_dagrun for example_xcom_args_with_operators to None, run_after=None
[2024-12-30T16:51:32.145+0000] {processor.py:208} INFO - Processing /home/airflow/.local/lib/python3.10/site-packages/airflow/example_dags/example_xcomargs.py took 0.074 seconds
[2024-12-30T16:52:03.186+0000] {processor.py:186} INFO - Started process (PID=33844) to work on /home/airflow/.local/lib/python3.10/site-packages/airflow/example_dags/example_xcomargs.py
[2024-12-30T16:52:03.188+0000] {processor.py:914} INFO - Processing file /home/airflow/.local/lib/python3.10/site-packages/airflow/example_dags/example_xcomargs.py for tasks to queue
[2024-12-30T16:52:03.190+0000] {logging_mixin.py:190} INFO - [2024-12-30T16:52:03.189+0000] {dagbag.py:588} INFO - Filling up the DagBag from /home/airflow/.local/lib/python3.10/site-packages/airflow/example_dags/example_xcomargs.py
[2024-12-30T16:52:03.203+0000] {processor.py:925} INFO - DAG(s) 'example_xcom_args_with_operators', 'example_xcom_args' retrieved from /home/airflow/.local/lib/python3.10/site-packages/airflow/example_dags/example_xcomargs.py
[2024-12-30T16:52:03.233+0000] {logging_mixin.py:190} INFO - [2024-12-30T16:52:03.233+0000] {dag.py:3239} INFO - Sync 2 DAGs
[2024-12-30T16:52:03.250+0000] {logging_mixin.py:190} INFO - [2024-12-30T16:52:03.250+0000] {dag.py:4180} INFO - Setting next_dagrun for example_xcom_args to None, run_after=None
[2024-12-30T16:52:03.254+0000] {logging_mixin.py:190} INFO - [2024-12-30T16:52:03.254+0000] {dag.py:4180} INFO - Setting next_dagrun for example_xcom_args_with_operators to None, run_after=None
[2024-12-30T16:52:03.269+0000] {processor.py:208} INFO - Processing /home/airflow/.local/lib/python3.10/site-packages/airflow/example_dags/example_xcomargs.py took 0.091 seconds
[2024-12-30T16:52:33.454+0000] {processor.py:186} INFO - Started process (PID=33912) to work on /home/airflow/.local/lib/python3.10/site-packages/airflow/example_dags/example_xcomargs.py
[2024-12-30T16:52:33.456+0000] {processor.py:914} INFO - Processing file /home/airflow/.local/lib/python3.10/site-packages/airflow/example_dags/example_xcomargs.py for tasks to queue
[2024-12-30T16:52:33.458+0000] {logging_mixin.py:190} INFO - [2024-12-30T16:52:33.457+0000] {dagbag.py:588} INFO - Filling up the DagBag from /home/airflow/.local/lib/python3.10/site-packages/airflow/example_dags/example_xcomargs.py
[2024-12-30T16:52:33.468+0000] {processor.py:925} INFO - DAG(s) 'example_xcom_args_with_operators', 'example_xcom_args' retrieved from /home/airflow/.local/lib/python3.10/site-packages/airflow/example_dags/example_xcomargs.py
[2024-12-30T16:52:33.495+0000] {logging_mixin.py:190} INFO - [2024-12-30T16:52:33.495+0000] {dag.py:3239} INFO - Sync 2 DAGs
[2024-12-30T16:52:33.511+0000] {logging_mixin.py:190} INFO - [2024-12-30T16:52:33.510+0000] {dag.py:4180} INFO - Setting next_dagrun for example_xcom_args to None, run_after=None
[2024-12-30T16:52:33.515+0000] {logging_mixin.py:190} INFO - [2024-12-30T16:52:33.515+0000] {dag.py:4180} INFO - Setting next_dagrun for example_xcom_args_with_operators to None, run_after=None
[2024-12-30T16:52:33.537+0000] {processor.py:208} INFO - Processing /home/airflow/.local/lib/python3.10/site-packages/airflow/example_dags/example_xcomargs.py took 0.090 seconds
[2024-12-30T16:53:05.171+0000] {processor.py:186} INFO - Started process (PID=33980) to work on /home/airflow/.local/lib/python3.10/site-packages/airflow/example_dags/example_xcomargs.py
[2024-12-30T16:53:05.172+0000] {processor.py:914} INFO - Processing file /home/airflow/.local/lib/python3.10/site-packages/airflow/example_dags/example_xcomargs.py for tasks to queue
[2024-12-30T16:53:05.174+0000] {logging_mixin.py:190} INFO - [2024-12-30T16:53:05.174+0000] {dagbag.py:588} INFO - Filling up the DagBag from /home/airflow/.local/lib/python3.10/site-packages/airflow/example_dags/example_xcomargs.py
[2024-12-30T16:53:05.189+0000] {processor.py:925} INFO - DAG(s) 'example_xcom_args_with_operators', 'example_xcom_args' retrieved from /home/airflow/.local/lib/python3.10/site-packages/airflow/example_dags/example_xcomargs.py
[2024-12-30T16:53:05.223+0000] {logging_mixin.py:190} INFO - [2024-12-30T16:53:05.223+0000] {dag.py:3239} INFO - Sync 2 DAGs
[2024-12-30T16:53:05.246+0000] {logging_mixin.py:190} INFO - [2024-12-30T16:53:05.245+0000] {dag.py:4180} INFO - Setting next_dagrun for example_xcom_args to None, run_after=None
[2024-12-30T16:53:05.251+0000] {logging_mixin.py:190} INFO - [2024-12-30T16:53:05.250+0000] {dag.py:4180} INFO - Setting next_dagrun for example_xcom_args_with_operators to None, run_after=None
[2024-12-30T16:53:05.286+0000] {processor.py:208} INFO - Processing /home/airflow/.local/lib/python3.10/site-packages/airflow/example_dags/example_xcomargs.py took 0.125 seconds
[2024-12-30T16:53:36.005+0000] {processor.py:186} INFO - Started process (PID=34048) to work on /home/airflow/.local/lib/python3.10/site-packages/airflow/example_dags/example_xcomargs.py
[2024-12-30T16:53:36.006+0000] {processor.py:914} INFO - Processing file /home/airflow/.local/lib/python3.10/site-packages/airflow/example_dags/example_xcomargs.py for tasks to queue
[2024-12-30T16:53:36.008+0000] {logging_mixin.py:190} INFO - [2024-12-30T16:53:36.008+0000] {dagbag.py:588} INFO - Filling up the DagBag from /home/airflow/.local/lib/python3.10/site-packages/airflow/example_dags/example_xcomargs.py
[2024-12-30T16:53:36.019+0000] {processor.py:925} INFO - DAG(s) 'example_xcom_args_with_operators', 'example_xcom_args' retrieved from /home/airflow/.local/lib/python3.10/site-packages/airflow/example_dags/example_xcomargs.py
[2024-12-30T16:53:36.046+0000] {logging_mixin.py:190} INFO - [2024-12-30T16:53:36.046+0000] {dag.py:3239} INFO - Sync 2 DAGs
[2024-12-30T16:53:36.063+0000] {logging_mixin.py:190} INFO - [2024-12-30T16:53:36.063+0000] {dag.py:4180} INFO - Setting next_dagrun for example_xcom_args to None, run_after=None
[2024-12-30T16:53:36.067+0000] {logging_mixin.py:190} INFO - [2024-12-30T16:53:36.067+0000] {dag.py:4180} INFO - Setting next_dagrun for example_xcom_args_with_operators to None, run_after=None
[2024-12-30T16:53:36.085+0000] {processor.py:208} INFO - Processing /home/airflow/.local/lib/python3.10/site-packages/airflow/example_dags/example_xcomargs.py took 0.086 seconds
