[2024-12-30T16:44:51.690+0000] {processor.py:186} INFO - Started process (PID=32897) to work on /home/airflow/.local/lib/python3.10/site-packages/airflow/example_dags/example_workday_timetable.py
[2024-12-30T16:44:51.692+0000] {processor.py:914} INFO - Processing file /home/airflow/.local/lib/python3.10/site-packages/airflow/example_dags/example_workday_timetable.py for tasks to queue
[2024-12-30T16:44:51.695+0000] {logging_mixin.py:190} INFO - [2024-12-30T16:44:51.695+0000] {dagbag.py:588} INFO - Filling up the DagBag from /home/airflow/.local/lib/python3.10/site-packages/airflow/example_dags/example_workday_timetable.py
[2024-12-30T16:44:51.719+0000] {processor.py:925} INFO - DAG(s) 'example_workday_timetable' retrieved from /home/airflow/.local/lib/python3.10/site-packages/airflow/example_dags/example_workday_timetable.py
[2024-12-30T16:44:51.770+0000] {logging_mixin.py:190} INFO - [2024-12-30T16:44:51.769+0000] {dag.py:3239} INFO - Sync 1 DAGs
[2024-12-30T16:44:51.908+0000] {logging_mixin.py:190} INFO - [2024-12-30T16:44:51.907+0000] {dag.py:4180} INFO - Setting next_dagrun for example_workday_timetable to 2021-01-04 00:00:00+00:00, run_after=2021-01-05 00:00:00+00:00
[2024-12-30T16:44:51.954+0000] {processor.py:208} INFO - Processing /home/airflow/.local/lib/python3.10/site-packages/airflow/example_dags/example_workday_timetable.py took 0.273 seconds
[2024-12-30T16:45:22.631+0000] {processor.py:186} INFO - Started process (PID=32965) to work on /home/airflow/.local/lib/python3.10/site-packages/airflow/example_dags/example_workday_timetable.py
[2024-12-30T16:45:22.633+0000] {processor.py:914} INFO - Processing file /home/airflow/.local/lib/python3.10/site-packages/airflow/example_dags/example_workday_timetable.py for tasks to queue
[2024-12-30T16:45:22.635+0000] {logging_mixin.py:190} INFO - [2024-12-30T16:45:22.634+0000] {dagbag.py:588} INFO - Filling up the DagBag from /home/airflow/.local/lib/python3.10/site-packages/airflow/example_dags/example_workday_timetable.py
[2024-12-30T16:45:22.642+0000] {processor.py:925} INFO - DAG(s) 'example_workday_timetable' retrieved from /home/airflow/.local/lib/python3.10/site-packages/airflow/example_dags/example_workday_timetable.py
[2024-12-30T16:45:22.664+0000] {logging_mixin.py:190} INFO - [2024-12-30T16:45:22.664+0000] {dag.py:3239} INFO - Sync 1 DAGs
[2024-12-30T16:45:22.732+0000] {logging_mixin.py:190} INFO - [2024-12-30T16:45:22.732+0000] {dag.py:4180} INFO - Setting next_dagrun for example_workday_timetable to 2021-01-04 00:00:00+00:00, run_after=2021-01-05 00:00:00+00:00
[2024-12-30T16:45:22.752+0000] {processor.py:208} INFO - Processing /home/airflow/.local/lib/python3.10/site-packages/airflow/example_dags/example_workday_timetable.py took 0.128 seconds
[2024-12-30T16:45:53.095+0000] {processor.py:186} INFO - Started process (PID=33032) to work on /home/airflow/.local/lib/python3.10/site-packages/airflow/example_dags/example_workday_timetable.py
[2024-12-30T16:45:53.097+0000] {processor.py:914} INFO - Processing file /home/airflow/.local/lib/python3.10/site-packages/airflow/example_dags/example_workday_timetable.py for tasks to queue
[2024-12-30T16:45:53.099+0000] {logging_mixin.py:190} INFO - [2024-12-30T16:45:53.098+0000] {dagbag.py:588} INFO - Filling up the DagBag from /home/airflow/.local/lib/python3.10/site-packages/airflow/example_dags/example_workday_timetable.py
[2024-12-30T16:45:53.108+0000] {processor.py:925} INFO - DAG(s) 'example_workday_timetable' retrieved from /home/airflow/.local/lib/python3.10/site-packages/airflow/example_dags/example_workday_timetable.py
[2024-12-30T16:45:53.132+0000] {logging_mixin.py:190} INFO - [2024-12-30T16:45:53.131+0000] {dag.py:3239} INFO - Sync 1 DAGs
[2024-12-30T16:45:53.223+0000] {logging_mixin.py:190} INFO - [2024-12-30T16:45:53.222+0000] {dag.py:4180} INFO - Setting next_dagrun for example_workday_timetable to 2021-01-04 00:00:00+00:00, run_after=2021-01-05 00:00:00+00:00
[2024-12-30T16:45:53.242+0000] {processor.py:208} INFO - Processing /home/airflow/.local/lib/python3.10/site-packages/airflow/example_dags/example_workday_timetable.py took 0.119 seconds
[2024-12-30T16:46:23.596+0000] {processor.py:186} INFO - Started process (PID=33100) to work on /home/airflow/.local/lib/python3.10/site-packages/airflow/example_dags/example_workday_timetable.py
[2024-12-30T16:46:23.597+0000] {processor.py:914} INFO - Processing file /home/airflow/.local/lib/python3.10/site-packages/airflow/example_dags/example_workday_timetable.py for tasks to queue
[2024-12-30T16:46:23.599+0000] {logging_mixin.py:190} INFO - [2024-12-30T16:46:23.599+0000] {dagbag.py:588} INFO - Filling up the DagBag from /home/airflow/.local/lib/python3.10/site-packages/airflow/example_dags/example_workday_timetable.py
[2024-12-30T16:46:23.608+0000] {processor.py:925} INFO - DAG(s) 'example_workday_timetable' retrieved from /home/airflow/.local/lib/python3.10/site-packages/airflow/example_dags/example_workday_timetable.py
[2024-12-30T16:46:23.632+0000] {logging_mixin.py:190} INFO - [2024-12-30T16:46:23.632+0000] {dag.py:3239} INFO - Sync 1 DAGs
[2024-12-30T16:46:23.692+0000] {logging_mixin.py:190} INFO - [2024-12-30T16:46:23.691+0000] {dag.py:4180} INFO - Setting next_dagrun for example_workday_timetable to 2021-01-04 00:00:00+00:00, run_after=2021-01-05 00:00:00+00:00
[2024-12-30T16:46:23.712+0000] {processor.py:208} INFO - Processing /home/airflow/.local/lib/python3.10/site-packages/airflow/example_dags/example_workday_timetable.py took 0.123 seconds
[2024-12-30T16:46:54.353+0000] {processor.py:186} INFO - Started process (PID=33168) to work on /home/airflow/.local/lib/python3.10/site-packages/airflow/example_dags/example_workday_timetable.py
[2024-12-30T16:46:54.355+0000] {processor.py:914} INFO - Processing file /home/airflow/.local/lib/python3.10/site-packages/airflow/example_dags/example_workday_timetable.py for tasks to queue
[2024-12-30T16:46:54.356+0000] {logging_mixin.py:190} INFO - [2024-12-30T16:46:54.356+0000] {dagbag.py:588} INFO - Filling up the DagBag from /home/airflow/.local/lib/python3.10/site-packages/airflow/example_dags/example_workday_timetable.py
[2024-12-30T16:46:54.363+0000] {processor.py:925} INFO - DAG(s) 'example_workday_timetable' retrieved from /home/airflow/.local/lib/python3.10/site-packages/airflow/example_dags/example_workday_timetable.py
[2024-12-30T16:46:54.385+0000] {logging_mixin.py:190} INFO - [2024-12-30T16:46:54.385+0000] {dag.py:3239} INFO - Sync 1 DAGs
[2024-12-30T16:46:54.466+0000] {logging_mixin.py:190} INFO - [2024-12-30T16:46:54.465+0000] {dag.py:4180} INFO - Setting next_dagrun for example_workday_timetable to 2021-01-04 00:00:00+00:00, run_after=2021-01-05 00:00:00+00:00
[2024-12-30T16:46:54.651+0000] {processor.py:208} INFO - Processing /home/airflow/.local/lib/python3.10/site-packages/airflow/example_dags/example_workday_timetable.py took 0.304 seconds
[2024-12-30T16:47:25.172+0000] {processor.py:186} INFO - Started process (PID=33236) to work on /home/airflow/.local/lib/python3.10/site-packages/airflow/example_dags/example_workday_timetable.py
[2024-12-30T16:47:25.173+0000] {processor.py:914} INFO - Processing file /home/airflow/.local/lib/python3.10/site-packages/airflow/example_dags/example_workday_timetable.py for tasks to queue
[2024-12-30T16:47:25.174+0000] {logging_mixin.py:190} INFO - [2024-12-30T16:47:25.174+0000] {dagbag.py:588} INFO - Filling up the DagBag from /home/airflow/.local/lib/python3.10/site-packages/airflow/example_dags/example_workday_timetable.py
[2024-12-30T16:47:25.180+0000] {processor.py:925} INFO - DAG(s) 'example_workday_timetable' retrieved from /home/airflow/.local/lib/python3.10/site-packages/airflow/example_dags/example_workday_timetable.py
[2024-12-30T16:47:25.200+0000] {logging_mixin.py:190} INFO - [2024-12-30T16:47:25.200+0000] {dag.py:3239} INFO - Sync 1 DAGs
[2024-12-30T16:47:25.253+0000] {logging_mixin.py:190} INFO - [2024-12-30T16:47:25.252+0000] {dag.py:4180} INFO - Setting next_dagrun for example_workday_timetable to 2021-01-04 00:00:00+00:00, run_after=2021-01-05 00:00:00+00:00
[2024-12-30T16:47:25.419+0000] {processor.py:208} INFO - Processing /home/airflow/.local/lib/python3.10/site-packages/airflow/example_dags/example_workday_timetable.py took 0.253 seconds
[2024-12-30T16:47:55.655+0000] {processor.py:186} INFO - Started process (PID=33304) to work on /home/airflow/.local/lib/python3.10/site-packages/airflow/example_dags/example_workday_timetable.py
[2024-12-30T16:47:55.656+0000] {processor.py:914} INFO - Processing file /home/airflow/.local/lib/python3.10/site-packages/airflow/example_dags/example_workday_timetable.py for tasks to queue
[2024-12-30T16:47:55.658+0000] {logging_mixin.py:190} INFO - [2024-12-30T16:47:55.658+0000] {dagbag.py:588} INFO - Filling up the DagBag from /home/airflow/.local/lib/python3.10/site-packages/airflow/example_dags/example_workday_timetable.py
[2024-12-30T16:47:55.664+0000] {processor.py:925} INFO - DAG(s) 'example_workday_timetable' retrieved from /home/airflow/.local/lib/python3.10/site-packages/airflow/example_dags/example_workday_timetable.py
[2024-12-30T16:47:55.685+0000] {logging_mixin.py:190} INFO - [2024-12-30T16:47:55.685+0000] {dag.py:3239} INFO - Sync 1 DAGs
[2024-12-30T16:47:55.769+0000] {logging_mixin.py:190} INFO - [2024-12-30T16:47:55.768+0000] {dag.py:4180} INFO - Setting next_dagrun for example_workday_timetable to 2021-01-04 00:00:00+00:00, run_after=2021-01-05 00:00:00+00:00
[2024-12-30T16:47:55.979+0000] {processor.py:208} INFO - Processing /home/airflow/.local/lib/python3.10/site-packages/airflow/example_dags/example_workday_timetable.py took 0.330 seconds
[2024-12-30T16:48:27.229+0000] {processor.py:186} INFO - Started process (PID=33372) to work on /home/airflow/.local/lib/python3.10/site-packages/airflow/example_dags/example_workday_timetable.py
[2024-12-30T16:48:27.230+0000] {processor.py:914} INFO - Processing file /home/airflow/.local/lib/python3.10/site-packages/airflow/example_dags/example_workday_timetable.py for tasks to queue
[2024-12-30T16:48:27.232+0000] {logging_mixin.py:190} INFO - [2024-12-30T16:48:27.232+0000] {dagbag.py:588} INFO - Filling up the DagBag from /home/airflow/.local/lib/python3.10/site-packages/airflow/example_dags/example_workday_timetable.py
[2024-12-30T16:48:27.240+0000] {processor.py:925} INFO - DAG(s) 'example_workday_timetable' retrieved from /home/airflow/.local/lib/python3.10/site-packages/airflow/example_dags/example_workday_timetable.py
[2024-12-30T16:48:27.272+0000] {logging_mixin.py:190} INFO - [2024-12-30T16:48:27.272+0000] {dag.py:3239} INFO - Sync 1 DAGs
[2024-12-30T16:48:27.359+0000] {logging_mixin.py:190} INFO - [2024-12-30T16:48:27.358+0000] {dag.py:4180} INFO - Setting next_dagrun for example_workday_timetable to 2021-01-04 00:00:00+00:00, run_after=2021-01-05 00:00:00+00:00
[2024-12-30T16:48:27.571+0000] {processor.py:208} INFO - Processing /home/airflow/.local/lib/python3.10/site-packages/airflow/example_dags/example_workday_timetable.py took 0.351 seconds
[2024-12-30T16:48:58.465+0000] {processor.py:186} INFO - Started process (PID=33440) to work on /home/airflow/.local/lib/python3.10/site-packages/airflow/example_dags/example_workday_timetable.py
[2024-12-30T16:48:58.467+0000] {processor.py:914} INFO - Processing file /home/airflow/.local/lib/python3.10/site-packages/airflow/example_dags/example_workday_timetable.py for tasks to queue
[2024-12-30T16:48:58.469+0000] {logging_mixin.py:190} INFO - [2024-12-30T16:48:58.468+0000] {dagbag.py:588} INFO - Filling up the DagBag from /home/airflow/.local/lib/python3.10/site-packages/airflow/example_dags/example_workday_timetable.py
[2024-12-30T16:48:58.476+0000] {processor.py:925} INFO - DAG(s) 'example_workday_timetable' retrieved from /home/airflow/.local/lib/python3.10/site-packages/airflow/example_dags/example_workday_timetable.py
[2024-12-30T16:48:58.502+0000] {logging_mixin.py:190} INFO - [2024-12-30T16:48:58.502+0000] {dag.py:3239} INFO - Sync 1 DAGs
[2024-12-30T16:48:58.568+0000] {logging_mixin.py:190} INFO - [2024-12-30T16:48:58.568+0000] {dag.py:4180} INFO - Setting next_dagrun for example_workday_timetable to 2021-01-04 00:00:00+00:00, run_after=2021-01-05 00:00:00+00:00
[2024-12-30T16:48:58.741+0000] {processor.py:208} INFO - Processing /home/airflow/.local/lib/python3.10/site-packages/airflow/example_dags/example_workday_timetable.py took 0.283 seconds
[2024-12-30T16:49:28.841+0000] {processor.py:186} INFO - Started process (PID=33508) to work on /home/airflow/.local/lib/python3.10/site-packages/airflow/example_dags/example_workday_timetable.py
[2024-12-30T16:49:28.842+0000] {processor.py:914} INFO - Processing file /home/airflow/.local/lib/python3.10/site-packages/airflow/example_dags/example_workday_timetable.py for tasks to queue
[2024-12-30T16:49:28.844+0000] {logging_mixin.py:190} INFO - [2024-12-30T16:49:28.844+0000] {dagbag.py:588} INFO - Filling up the DagBag from /home/airflow/.local/lib/python3.10/site-packages/airflow/example_dags/example_workday_timetable.py
[2024-12-30T16:49:28.850+0000] {processor.py:925} INFO - DAG(s) 'example_workday_timetable' retrieved from /home/airflow/.local/lib/python3.10/site-packages/airflow/example_dags/example_workday_timetable.py
[2024-12-30T16:49:28.872+0000] {logging_mixin.py:190} INFO - [2024-12-30T16:49:28.872+0000] {dag.py:3239} INFO - Sync 1 DAGs
[2024-12-30T16:49:28.928+0000] {logging_mixin.py:190} INFO - [2024-12-30T16:49:28.928+0000] {dag.py:4180} INFO - Setting next_dagrun for example_workday_timetable to 2021-01-04 00:00:00+00:00, run_after=2021-01-05 00:00:00+00:00
[2024-12-30T16:49:29.089+0000] {processor.py:208} INFO - Processing /home/airflow/.local/lib/python3.10/site-packages/airflow/example_dags/example_workday_timetable.py took 0.253 seconds
[2024-12-30T16:50:00.156+0000] {processor.py:186} INFO - Started process (PID=33576) to work on /home/airflow/.local/lib/python3.10/site-packages/airflow/example_dags/example_workday_timetable.py
[2024-12-30T16:50:00.157+0000] {processor.py:914} INFO - Processing file /home/airflow/.local/lib/python3.10/site-packages/airflow/example_dags/example_workday_timetable.py for tasks to queue
[2024-12-30T16:50:00.159+0000] {logging_mixin.py:190} INFO - [2024-12-30T16:50:00.159+0000] {dagbag.py:588} INFO - Filling up the DagBag from /home/airflow/.local/lib/python3.10/site-packages/airflow/example_dags/example_workday_timetable.py
[2024-12-30T16:50:00.165+0000] {processor.py:925} INFO - DAG(s) 'example_workday_timetable' retrieved from /home/airflow/.local/lib/python3.10/site-packages/airflow/example_dags/example_workday_timetable.py
[2024-12-30T16:50:00.185+0000] {logging_mixin.py:190} INFO - [2024-12-30T16:50:00.185+0000] {dag.py:3239} INFO - Sync 1 DAGs
[2024-12-30T16:50:00.242+0000] {logging_mixin.py:190} INFO - [2024-12-30T16:50:00.242+0000] {dag.py:4180} INFO - Setting next_dagrun for example_workday_timetable to 2021-01-04 00:00:00+00:00, run_after=2021-01-05 00:00:00+00:00
[2024-12-30T16:50:00.266+0000] {processor.py:208} INFO - Processing /home/airflow/.local/lib/python3.10/site-packages/airflow/example_dags/example_workday_timetable.py took 0.116 seconds
[2024-12-30T16:50:30.820+0000] {processor.py:186} INFO - Started process (PID=33644) to work on /home/airflow/.local/lib/python3.10/site-packages/airflow/example_dags/example_workday_timetable.py
[2024-12-30T16:50:30.821+0000] {processor.py:914} INFO - Processing file /home/airflow/.local/lib/python3.10/site-packages/airflow/example_dags/example_workday_timetable.py for tasks to queue
[2024-12-30T16:50:30.823+0000] {logging_mixin.py:190} INFO - [2024-12-30T16:50:30.823+0000] {dagbag.py:588} INFO - Filling up the DagBag from /home/airflow/.local/lib/python3.10/site-packages/airflow/example_dags/example_workday_timetable.py
[2024-12-30T16:50:30.829+0000] {processor.py:925} INFO - DAG(s) 'example_workday_timetable' retrieved from /home/airflow/.local/lib/python3.10/site-packages/airflow/example_dags/example_workday_timetable.py
[2024-12-30T16:50:30.852+0000] {logging_mixin.py:190} INFO - [2024-12-30T16:50:30.852+0000] {dag.py:3239} INFO - Sync 1 DAGs
[2024-12-30T16:50:30.914+0000] {logging_mixin.py:190} INFO - [2024-12-30T16:50:30.914+0000] {dag.py:4180} INFO - Setting next_dagrun for example_workday_timetable to 2021-01-04 00:00:00+00:00, run_after=2021-01-05 00:00:00+00:00
[2024-12-30T16:50:30.933+0000] {processor.py:208} INFO - Processing /home/airflow/.local/lib/python3.10/site-packages/airflow/example_dags/example_workday_timetable.py took 0.119 seconds
[2024-12-30T16:51:01.673+0000] {processor.py:186} INFO - Started process (PID=33712) to work on /home/airflow/.local/lib/python3.10/site-packages/airflow/example_dags/example_workday_timetable.py
[2024-12-30T16:51:01.674+0000] {processor.py:914} INFO - Processing file /home/airflow/.local/lib/python3.10/site-packages/airflow/example_dags/example_workday_timetable.py for tasks to queue
[2024-12-30T16:51:01.677+0000] {logging_mixin.py:190} INFO - [2024-12-30T16:51:01.676+0000] {dagbag.py:588} INFO - Filling up the DagBag from /home/airflow/.local/lib/python3.10/site-packages/airflow/example_dags/example_workday_timetable.py
[2024-12-30T16:51:01.685+0000] {processor.py:925} INFO - DAG(s) 'example_workday_timetable' retrieved from /home/airflow/.local/lib/python3.10/site-packages/airflow/example_dags/example_workday_timetable.py
[2024-12-30T16:51:01.709+0000] {logging_mixin.py:190} INFO - [2024-12-30T16:51:01.708+0000] {dag.py:3239} INFO - Sync 1 DAGs
[2024-12-30T16:51:01.764+0000] {logging_mixin.py:190} INFO - [2024-12-30T16:51:01.764+0000] {dag.py:4180} INFO - Setting next_dagrun for example_workday_timetable to 2021-01-04 00:00:00+00:00, run_after=2021-01-05 00:00:00+00:00
[2024-12-30T16:51:01.786+0000] {processor.py:208} INFO - Processing /home/airflow/.local/lib/python3.10/site-packages/airflow/example_dags/example_workday_timetable.py took 0.120 seconds
[2024-12-30T16:51:32.415+0000] {processor.py:186} INFO - Started process (PID=33780) to work on /home/airflow/.local/lib/python3.10/site-packages/airflow/example_dags/example_workday_timetable.py
[2024-12-30T16:51:32.416+0000] {processor.py:914} INFO - Processing file /home/airflow/.local/lib/python3.10/site-packages/airflow/example_dags/example_workday_timetable.py for tasks to queue
[2024-12-30T16:51:32.418+0000] {logging_mixin.py:190} INFO - [2024-12-30T16:51:32.417+0000] {dagbag.py:588} INFO - Filling up the DagBag from /home/airflow/.local/lib/python3.10/site-packages/airflow/example_dags/example_workday_timetable.py
[2024-12-30T16:51:32.424+0000] {processor.py:925} INFO - DAG(s) 'example_workday_timetable' retrieved from /home/airflow/.local/lib/python3.10/site-packages/airflow/example_dags/example_workday_timetable.py
[2024-12-30T16:51:32.445+0000] {logging_mixin.py:190} INFO - [2024-12-30T16:51:32.445+0000] {dag.py:3239} INFO - Sync 1 DAGs
[2024-12-30T16:51:32.491+0000] {logging_mixin.py:190} INFO - [2024-12-30T16:51:32.491+0000] {dag.py:4180} INFO - Setting next_dagrun for example_workday_timetable to 2021-01-04 00:00:00+00:00, run_after=2021-01-05 00:00:00+00:00
[2024-12-30T16:51:32.512+0000] {processor.py:208} INFO - Processing /home/airflow/.local/lib/python3.10/site-packages/airflow/example_dags/example_workday_timetable.py took 0.103 seconds
[2024-12-30T16:52:03.495+0000] {processor.py:186} INFO - Started process (PID=33849) to work on /home/airflow/.local/lib/python3.10/site-packages/airflow/example_dags/example_workday_timetable.py
[2024-12-30T16:52:03.496+0000] {processor.py:914} INFO - Processing file /home/airflow/.local/lib/python3.10/site-packages/airflow/example_dags/example_workday_timetable.py for tasks to queue
[2024-12-30T16:52:03.498+0000] {logging_mixin.py:190} INFO - [2024-12-30T16:52:03.498+0000] {dagbag.py:588} INFO - Filling up the DagBag from /home/airflow/.local/lib/python3.10/site-packages/airflow/example_dags/example_workday_timetable.py
[2024-12-30T16:52:03.505+0000] {processor.py:925} INFO - DAG(s) 'example_workday_timetable' retrieved from /home/airflow/.local/lib/python3.10/site-packages/airflow/example_dags/example_workday_timetable.py
[2024-12-30T16:52:03.529+0000] {logging_mixin.py:190} INFO - [2024-12-30T16:52:03.528+0000] {dag.py:3239} INFO - Sync 1 DAGs
[2024-12-30T16:52:03.596+0000] {logging_mixin.py:190} INFO - [2024-12-30T16:52:03.595+0000] {dag.py:4180} INFO - Setting next_dagrun for example_workday_timetable to 2021-01-04 00:00:00+00:00, run_after=2021-01-05 00:00:00+00:00
[2024-12-30T16:52:03.618+0000] {processor.py:208} INFO - Processing /home/airflow/.local/lib/python3.10/site-packages/airflow/example_dags/example_workday_timetable.py took 0.130 seconds
[2024-12-30T16:52:33.707+0000] {processor.py:186} INFO - Started process (PID=33916) to work on /home/airflow/.local/lib/python3.10/site-packages/airflow/example_dags/example_workday_timetable.py
[2024-12-30T16:52:33.708+0000] {processor.py:914} INFO - Processing file /home/airflow/.local/lib/python3.10/site-packages/airflow/example_dags/example_workday_timetable.py for tasks to queue
[2024-12-30T16:52:33.710+0000] {logging_mixin.py:190} INFO - [2024-12-30T16:52:33.709+0000] {dagbag.py:588} INFO - Filling up the DagBag from /home/airflow/.local/lib/python3.10/site-packages/airflow/example_dags/example_workday_timetable.py
[2024-12-30T16:52:33.717+0000] {processor.py:925} INFO - DAG(s) 'example_workday_timetable' retrieved from /home/airflow/.local/lib/python3.10/site-packages/airflow/example_dags/example_workday_timetable.py
[2024-12-30T16:52:33.739+0000] {logging_mixin.py:190} INFO - [2024-12-30T16:52:33.739+0000] {dag.py:3239} INFO - Sync 1 DAGs
[2024-12-30T16:52:33.822+0000] {logging_mixin.py:190} INFO - [2024-12-30T16:52:33.822+0000] {dag.py:4180} INFO - Setting next_dagrun for example_workday_timetable to 2021-01-04 00:00:00+00:00, run_after=2021-01-05 00:00:00+00:00
[2024-12-30T16:52:33.847+0000] {processor.py:208} INFO - Processing /home/airflow/.local/lib/python3.10/site-packages/airflow/example_dags/example_workday_timetable.py took 0.146 seconds
[2024-12-30T16:53:05.602+0000] {processor.py:186} INFO - Started process (PID=33984) to work on /home/airflow/.local/lib/python3.10/site-packages/airflow/example_dags/example_workday_timetable.py
[2024-12-30T16:53:05.605+0000] {processor.py:914} INFO - Processing file /home/airflow/.local/lib/python3.10/site-packages/airflow/example_dags/example_workday_timetable.py for tasks to queue
[2024-12-30T16:53:05.607+0000] {logging_mixin.py:190} INFO - [2024-12-30T16:53:05.606+0000] {dagbag.py:588} INFO - Filling up the DagBag from /home/airflow/.local/lib/python3.10/site-packages/airflow/example_dags/example_workday_timetable.py
[2024-12-30T16:53:05.620+0000] {processor.py:925} INFO - DAG(s) 'example_workday_timetable' retrieved from /home/airflow/.local/lib/python3.10/site-packages/airflow/example_dags/example_workday_timetable.py
[2024-12-30T16:53:05.660+0000] {logging_mixin.py:190} INFO - [2024-12-30T16:53:05.659+0000] {dag.py:3239} INFO - Sync 1 DAGs
[2024-12-30T16:53:05.789+0000] {logging_mixin.py:190} INFO - [2024-12-30T16:53:05.788+0000] {dag.py:4180} INFO - Setting next_dagrun for example_workday_timetable to 2021-01-04 00:00:00+00:00, run_after=2021-01-05 00:00:00+00:00
[2024-12-30T16:53:05.819+0000] {processor.py:208} INFO - Processing /home/airflow/.local/lib/python3.10/site-packages/airflow/example_dags/example_workday_timetable.py took 0.232 seconds
[2024-12-30T16:53:36.237+0000] {processor.py:186} INFO - Started process (PID=34052) to work on /home/airflow/.local/lib/python3.10/site-packages/airflow/example_dags/example_workday_timetable.py
[2024-12-30T16:53:36.238+0000] {processor.py:914} INFO - Processing file /home/airflow/.local/lib/python3.10/site-packages/airflow/example_dags/example_workday_timetable.py for tasks to queue
[2024-12-30T16:53:36.240+0000] {logging_mixin.py:190} INFO - [2024-12-30T16:53:36.240+0000] {dagbag.py:588} INFO - Filling up the DagBag from /home/airflow/.local/lib/python3.10/site-packages/airflow/example_dags/example_workday_timetable.py
[2024-12-30T16:53:36.247+0000] {processor.py:925} INFO - DAG(s) 'example_workday_timetable' retrieved from /home/airflow/.local/lib/python3.10/site-packages/airflow/example_dags/example_workday_timetable.py
[2024-12-30T16:53:36.268+0000] {logging_mixin.py:190} INFO - [2024-12-30T16:53:36.268+0000] {dag.py:3239} INFO - Sync 1 DAGs
[2024-12-30T16:53:36.320+0000] {logging_mixin.py:190} INFO - [2024-12-30T16:53:36.320+0000] {dag.py:4180} INFO - Setting next_dagrun for example_workday_timetable to 2021-01-04 00:00:00+00:00, run_after=2021-01-05 00:00:00+00:00
[2024-12-30T16:53:36.338+0000] {processor.py:208} INFO - Processing /home/airflow/.local/lib/python3.10/site-packages/airflow/example_dags/example_workday_timetable.py took 0.107 seconds
