[2024-12-30T16:44:51.520+0000] {processor.py:186} INFO - Started process (PID=32896) to work on /home/airflow/.local/lib/python3.10/site-packages/airflow/example_dags/example_setup_teardown_taskflow.py
[2024-12-30T16:44:51.522+0000] {processor.py:914} INFO - Processing file /home/airflow/.local/lib/python3.10/site-packages/airflow/example_dags/example_setup_teardown_taskflow.py for tasks to queue
[2024-12-30T16:44:51.524+0000] {logging_mixin.py:190} INFO - [2024-12-30T16:44:51.523+0000] {dagbag.py:588} INFO - Filling up the DagBag from /home/airflow/.local/lib/python3.10/site-packages/airflow/example_dags/example_setup_teardown_taskflow.py
[2024-12-30T16:44:51.539+0000] {processor.py:925} INFO - DAG(s) 'example_setup_teardown_taskflow' retrieved from /home/airflow/.local/lib/python3.10/site-packages/airflow/example_dags/example_setup_teardown_taskflow.py
[2024-12-30T16:44:51.578+0000] {logging_mixin.py:190} INFO - [2024-12-30T16:44:51.578+0000] {dag.py:3239} INFO - Sync 1 DAGs
[2024-12-30T16:44:51.602+0000] {logging_mixin.py:190} INFO - [2024-12-30T16:44:51.601+0000] {dag.py:4180} INFO - Setting next_dagrun for example_setup_teardown_taskflow to None, run_after=None
[2024-12-30T16:44:51.635+0000] {processor.py:208} INFO - Processing /home/airflow/.local/lib/python3.10/site-packages/airflow/example_dags/example_setup_teardown_taskflow.py took 0.122 seconds
[2024-12-30T16:45:22.505+0000] {processor.py:186} INFO - Started process (PID=32964) to work on /home/airflow/.local/lib/python3.10/site-packages/airflow/example_dags/example_setup_teardown_taskflow.py
[2024-12-30T16:45:22.507+0000] {processor.py:914} INFO - Processing file /home/airflow/.local/lib/python3.10/site-packages/airflow/example_dags/example_setup_teardown_taskflow.py for tasks to queue
[2024-12-30T16:45:22.509+0000] {logging_mixin.py:190} INFO - [2024-12-30T16:45:22.509+0000] {dagbag.py:588} INFO - Filling up the DagBag from /home/airflow/.local/lib/python3.10/site-packages/airflow/example_dags/example_setup_teardown_taskflow.py
[2024-12-30T16:45:22.526+0000] {processor.py:925} INFO - DAG(s) 'example_setup_teardown_taskflow' retrieved from /home/airflow/.local/lib/python3.10/site-packages/airflow/example_dags/example_setup_teardown_taskflow.py
[2024-12-30T16:45:22.553+0000] {logging_mixin.py:190} INFO - [2024-12-30T16:45:22.552+0000] {dag.py:3239} INFO - Sync 1 DAGs
[2024-12-30T16:45:22.572+0000] {logging_mixin.py:190} INFO - [2024-12-30T16:45:22.571+0000] {dag.py:4180} INFO - Setting next_dagrun for example_setup_teardown_taskflow to None, run_after=None
[2024-12-30T16:45:22.592+0000] {processor.py:208} INFO - Processing /home/airflow/.local/lib/python3.10/site-packages/airflow/example_dags/example_setup_teardown_taskflow.py took 0.094 seconds
[2024-12-30T16:45:52.923+0000] {processor.py:186} INFO - Started process (PID=33031) to work on /home/airflow/.local/lib/python3.10/site-packages/airflow/example_dags/example_setup_teardown_taskflow.py
[2024-12-30T16:45:52.924+0000] {processor.py:914} INFO - Processing file /home/airflow/.local/lib/python3.10/site-packages/airflow/example_dags/example_setup_teardown_taskflow.py for tasks to queue
[2024-12-30T16:45:52.926+0000] {logging_mixin.py:190} INFO - [2024-12-30T16:45:52.925+0000] {dagbag.py:588} INFO - Filling up the DagBag from /home/airflow/.local/lib/python3.10/site-packages/airflow/example_dags/example_setup_teardown_taskflow.py
[2024-12-30T16:45:52.939+0000] {processor.py:925} INFO - DAG(s) 'example_setup_teardown_taskflow' retrieved from /home/airflow/.local/lib/python3.10/site-packages/airflow/example_dags/example_setup_teardown_taskflow.py
[2024-12-30T16:45:52.975+0000] {logging_mixin.py:190} INFO - [2024-12-30T16:45:52.974+0000] {dag.py:3239} INFO - Sync 1 DAGs
[2024-12-30T16:45:52.999+0000] {logging_mixin.py:190} INFO - [2024-12-30T16:45:52.999+0000] {dag.py:4180} INFO - Setting next_dagrun for example_setup_teardown_taskflow to None, run_after=None
[2024-12-30T16:45:53.034+0000] {processor.py:208} INFO - Processing /home/airflow/.local/lib/python3.10/site-packages/airflow/example_dags/example_setup_teardown_taskflow.py took 0.118 seconds
[2024-12-30T16:46:23.485+0000] {processor.py:186} INFO - Started process (PID=33099) to work on /home/airflow/.local/lib/python3.10/site-packages/airflow/example_dags/example_setup_teardown_taskflow.py
[2024-12-30T16:46:23.486+0000] {processor.py:914} INFO - Processing file /home/airflow/.local/lib/python3.10/site-packages/airflow/example_dags/example_setup_teardown_taskflow.py for tasks to queue
[2024-12-30T16:46:23.489+0000] {logging_mixin.py:190} INFO - [2024-12-30T16:46:23.488+0000] {dagbag.py:588} INFO - Filling up the DagBag from /home/airflow/.local/lib/python3.10/site-packages/airflow/example_dags/example_setup_teardown_taskflow.py
[2024-12-30T16:46:23.499+0000] {processor.py:925} INFO - DAG(s) 'example_setup_teardown_taskflow' retrieved from /home/airflow/.local/lib/python3.10/site-packages/airflow/example_dags/example_setup_teardown_taskflow.py
[2024-12-30T16:46:23.521+0000] {logging_mixin.py:190} INFO - [2024-12-30T16:46:23.521+0000] {dag.py:3239} INFO - Sync 1 DAGs
[2024-12-30T16:46:23.537+0000] {logging_mixin.py:190} INFO - [2024-12-30T16:46:23.537+0000] {dag.py:4180} INFO - Setting next_dagrun for example_setup_teardown_taskflow to None, run_after=None
[2024-12-30T16:46:23.558+0000] {processor.py:208} INFO - Processing /home/airflow/.local/lib/python3.10/site-packages/airflow/example_dags/example_setup_teardown_taskflow.py took 0.079 seconds
[2024-12-30T16:46:54.246+0000] {processor.py:186} INFO - Started process (PID=33167) to work on /home/airflow/.local/lib/python3.10/site-packages/airflow/example_dags/example_setup_teardown_taskflow.py
[2024-12-30T16:46:54.248+0000] {processor.py:914} INFO - Processing file /home/airflow/.local/lib/python3.10/site-packages/airflow/example_dags/example_setup_teardown_taskflow.py for tasks to queue
[2024-12-30T16:46:54.250+0000] {logging_mixin.py:190} INFO - [2024-12-30T16:46:54.250+0000] {dagbag.py:588} INFO - Filling up the DagBag from /home/airflow/.local/lib/python3.10/site-packages/airflow/example_dags/example_setup_teardown_taskflow.py
[2024-12-30T16:46:54.261+0000] {processor.py:925} INFO - DAG(s) 'example_setup_teardown_taskflow' retrieved from /home/airflow/.local/lib/python3.10/site-packages/airflow/example_dags/example_setup_teardown_taskflow.py
[2024-12-30T16:46:54.284+0000] {logging_mixin.py:190} INFO - [2024-12-30T16:46:54.284+0000] {dag.py:3239} INFO - Sync 1 DAGs
[2024-12-30T16:46:54.298+0000] {logging_mixin.py:190} INFO - [2024-12-30T16:46:54.297+0000] {dag.py:4180} INFO - Setting next_dagrun for example_setup_teardown_taskflow to None, run_after=None
[2024-12-30T16:46:54.316+0000] {processor.py:208} INFO - Processing /home/airflow/.local/lib/python3.10/site-packages/airflow/example_dags/example_setup_teardown_taskflow.py took 0.078 seconds
[2024-12-30T16:47:25.171+0000] {processor.py:186} INFO - Started process (PID=33235) to work on /home/airflow/.local/lib/python3.10/site-packages/airflow/example_dags/example_setup_teardown_taskflow.py
[2024-12-30T16:47:25.172+0000] {processor.py:914} INFO - Processing file /home/airflow/.local/lib/python3.10/site-packages/airflow/example_dags/example_setup_teardown_taskflow.py for tasks to queue
[2024-12-30T16:47:25.173+0000] {logging_mixin.py:190} INFO - [2024-12-30T16:47:25.173+0000] {dagbag.py:588} INFO - Filling up the DagBag from /home/airflow/.local/lib/python3.10/site-packages/airflow/example_dags/example_setup_teardown_taskflow.py
[2024-12-30T16:47:25.184+0000] {processor.py:925} INFO - DAG(s) 'example_setup_teardown_taskflow' retrieved from /home/airflow/.local/lib/python3.10/site-packages/airflow/example_dags/example_setup_teardown_taskflow.py
[2024-12-30T16:47:25.208+0000] {logging_mixin.py:190} INFO - [2024-12-30T16:47:25.208+0000] {dag.py:3239} INFO - Sync 1 DAGs
[2024-12-30T16:47:25.222+0000] {logging_mixin.py:190} INFO - [2024-12-30T16:47:25.222+0000] {dag.py:4180} INFO - Setting next_dagrun for example_setup_teardown_taskflow to None, run_after=None
[2024-12-30T16:47:25.244+0000] {processor.py:208} INFO - Processing /home/airflow/.local/lib/python3.10/site-packages/airflow/example_dags/example_setup_teardown_taskflow.py took 0.080 seconds
[2024-12-30T16:47:55.536+0000] {processor.py:186} INFO - Started process (PID=33303) to work on /home/airflow/.local/lib/python3.10/site-packages/airflow/example_dags/example_setup_teardown_taskflow.py
[2024-12-30T16:47:55.538+0000] {processor.py:914} INFO - Processing file /home/airflow/.local/lib/python3.10/site-packages/airflow/example_dags/example_setup_teardown_taskflow.py for tasks to queue
[2024-12-30T16:47:55.539+0000] {logging_mixin.py:190} INFO - [2024-12-30T16:47:55.539+0000] {dagbag.py:588} INFO - Filling up the DagBag from /home/airflow/.local/lib/python3.10/site-packages/airflow/example_dags/example_setup_teardown_taskflow.py
[2024-12-30T16:47:55.553+0000] {processor.py:925} INFO - DAG(s) 'example_setup_teardown_taskflow' retrieved from /home/airflow/.local/lib/python3.10/site-packages/airflow/example_dags/example_setup_teardown_taskflow.py
[2024-12-30T16:47:55.577+0000] {logging_mixin.py:190} INFO - [2024-12-30T16:47:55.577+0000] {dag.py:3239} INFO - Sync 1 DAGs
[2024-12-30T16:47:55.598+0000] {logging_mixin.py:190} INFO - [2024-12-30T16:47:55.598+0000] {dag.py:4180} INFO - Setting next_dagrun for example_setup_teardown_taskflow to None, run_after=None
[2024-12-30T16:47:55.617+0000] {processor.py:208} INFO - Processing /home/airflow/.local/lib/python3.10/site-packages/airflow/example_dags/example_setup_teardown_taskflow.py took 0.088 seconds
[2024-12-30T16:48:27.158+0000] {processor.py:186} INFO - Started process (PID=33371) to work on /home/airflow/.local/lib/python3.10/site-packages/airflow/example_dags/example_setup_teardown_taskflow.py
[2024-12-30T16:48:27.160+0000] {processor.py:914} INFO - Processing file /home/airflow/.local/lib/python3.10/site-packages/airflow/example_dags/example_setup_teardown_taskflow.py for tasks to queue
[2024-12-30T16:48:27.161+0000] {logging_mixin.py:190} INFO - [2024-12-30T16:48:27.161+0000] {dagbag.py:588} INFO - Filling up the DagBag from /home/airflow/.local/lib/python3.10/site-packages/airflow/example_dags/example_setup_teardown_taskflow.py
[2024-12-30T16:48:27.177+0000] {processor.py:925} INFO - DAG(s) 'example_setup_teardown_taskflow' retrieved from /home/airflow/.local/lib/python3.10/site-packages/airflow/example_dags/example_setup_teardown_taskflow.py
[2024-12-30T16:48:27.208+0000] {logging_mixin.py:190} INFO - [2024-12-30T16:48:27.207+0000] {dag.py:3239} INFO - Sync 1 DAGs
[2024-12-30T16:48:27.229+0000] {logging_mixin.py:190} INFO - [2024-12-30T16:48:27.229+0000] {dag.py:4180} INFO - Setting next_dagrun for example_setup_teardown_taskflow to None, run_after=None
[2024-12-30T16:48:27.256+0000] {processor.py:208} INFO - Processing /home/airflow/.local/lib/python3.10/site-packages/airflow/example_dags/example_setup_teardown_taskflow.py took 0.107 seconds
[2024-12-30T16:48:58.325+0000] {processor.py:186} INFO - Started process (PID=33439) to work on /home/airflow/.local/lib/python3.10/site-packages/airflow/example_dags/example_setup_teardown_taskflow.py
[2024-12-30T16:48:58.326+0000] {processor.py:914} INFO - Processing file /home/airflow/.local/lib/python3.10/site-packages/airflow/example_dags/example_setup_teardown_taskflow.py for tasks to queue
[2024-12-30T16:48:58.327+0000] {logging_mixin.py:190} INFO - [2024-12-30T16:48:58.327+0000] {dagbag.py:588} INFO - Filling up the DagBag from /home/airflow/.local/lib/python3.10/site-packages/airflow/example_dags/example_setup_teardown_taskflow.py
[2024-12-30T16:48:58.340+0000] {processor.py:925} INFO - DAG(s) 'example_setup_teardown_taskflow' retrieved from /home/airflow/.local/lib/python3.10/site-packages/airflow/example_dags/example_setup_teardown_taskflow.py
[2024-12-30T16:48:58.369+0000] {logging_mixin.py:190} INFO - [2024-12-30T16:48:58.368+0000] {dag.py:3239} INFO - Sync 1 DAGs
[2024-12-30T16:48:58.388+0000] {logging_mixin.py:190} INFO - [2024-12-30T16:48:58.387+0000] {dag.py:4180} INFO - Setting next_dagrun for example_setup_teardown_taskflow to None, run_after=None
[2024-12-30T16:48:58.410+0000] {processor.py:208} INFO - Processing /home/airflow/.local/lib/python3.10/site-packages/airflow/example_dags/example_setup_teardown_taskflow.py took 0.092 seconds
[2024-12-30T16:49:28.664+0000] {processor.py:186} INFO - Started process (PID=33507) to work on /home/airflow/.local/lib/python3.10/site-packages/airflow/example_dags/example_setup_teardown_taskflow.py
[2024-12-30T16:49:28.666+0000] {processor.py:914} INFO - Processing file /home/airflow/.local/lib/python3.10/site-packages/airflow/example_dags/example_setup_teardown_taskflow.py for tasks to queue
[2024-12-30T16:49:28.668+0000] {logging_mixin.py:190} INFO - [2024-12-30T16:49:28.668+0000] {dagbag.py:588} INFO - Filling up the DagBag from /home/airflow/.local/lib/python3.10/site-packages/airflow/example_dags/example_setup_teardown_taskflow.py
[2024-12-30T16:49:28.679+0000] {processor.py:925} INFO - DAG(s) 'example_setup_teardown_taskflow' retrieved from /home/airflow/.local/lib/python3.10/site-packages/airflow/example_dags/example_setup_teardown_taskflow.py
[2024-12-30T16:49:28.702+0000] {logging_mixin.py:190} INFO - [2024-12-30T16:49:28.702+0000] {dag.py:3239} INFO - Sync 1 DAGs
[2024-12-30T16:49:28.716+0000] {logging_mixin.py:190} INFO - [2024-12-30T16:49:28.716+0000] {dag.py:4180} INFO - Setting next_dagrun for example_setup_teardown_taskflow to None, run_after=None
[2024-12-30T16:49:28.735+0000] {processor.py:208} INFO - Processing /home/airflow/.local/lib/python3.10/site-packages/airflow/example_dags/example_setup_teardown_taskflow.py took 0.077 seconds
[2024-12-30T16:50:00.044+0000] {processor.py:186} INFO - Started process (PID=33575) to work on /home/airflow/.local/lib/python3.10/site-packages/airflow/example_dags/example_setup_teardown_taskflow.py
[2024-12-30T16:50:00.046+0000] {processor.py:914} INFO - Processing file /home/airflow/.local/lib/python3.10/site-packages/airflow/example_dags/example_setup_teardown_taskflow.py for tasks to queue
[2024-12-30T16:50:00.047+0000] {logging_mixin.py:190} INFO - [2024-12-30T16:50:00.047+0000] {dagbag.py:588} INFO - Filling up the DagBag from /home/airflow/.local/lib/python3.10/site-packages/airflow/example_dags/example_setup_teardown_taskflow.py
[2024-12-30T16:50:00.058+0000] {processor.py:925} INFO - DAG(s) 'example_setup_teardown_taskflow' retrieved from /home/airflow/.local/lib/python3.10/site-packages/airflow/example_dags/example_setup_teardown_taskflow.py
[2024-12-30T16:50:00.080+0000] {logging_mixin.py:190} INFO - [2024-12-30T16:50:00.079+0000] {dag.py:3239} INFO - Sync 1 DAGs
[2024-12-30T16:50:00.094+0000] {logging_mixin.py:190} INFO - [2024-12-30T16:50:00.094+0000] {dag.py:4180} INFO - Setting next_dagrun for example_setup_teardown_taskflow to None, run_after=None
[2024-12-30T16:50:00.110+0000] {processor.py:208} INFO - Processing /home/airflow/.local/lib/python3.10/site-packages/airflow/example_dags/example_setup_teardown_taskflow.py took 0.072 seconds
[2024-12-30T16:50:30.782+0000] {processor.py:186} INFO - Started process (PID=33643) to work on /home/airflow/.local/lib/python3.10/site-packages/airflow/example_dags/example_setup_teardown_taskflow.py
[2024-12-30T16:50:30.783+0000] {processor.py:914} INFO - Processing file /home/airflow/.local/lib/python3.10/site-packages/airflow/example_dags/example_setup_teardown_taskflow.py for tasks to queue
[2024-12-30T16:50:30.785+0000] {logging_mixin.py:190} INFO - [2024-12-30T16:50:30.785+0000] {dagbag.py:588} INFO - Filling up the DagBag from /home/airflow/.local/lib/python3.10/site-packages/airflow/example_dags/example_setup_teardown_taskflow.py
[2024-12-30T16:50:30.796+0000] {processor.py:925} INFO - DAG(s) 'example_setup_teardown_taskflow' retrieved from /home/airflow/.local/lib/python3.10/site-packages/airflow/example_dags/example_setup_teardown_taskflow.py
[2024-12-30T16:50:30.822+0000] {logging_mixin.py:190} INFO - [2024-12-30T16:50:30.822+0000] {dag.py:3239} INFO - Sync 1 DAGs
[2024-12-30T16:50:30.839+0000] {logging_mixin.py:190} INFO - [2024-12-30T16:50:30.838+0000] {dag.py:4180} INFO - Setting next_dagrun for example_setup_teardown_taskflow to None, run_after=None
[2024-12-30T16:50:30.862+0000] {processor.py:208} INFO - Processing /home/airflow/.local/lib/python3.10/site-packages/airflow/example_dags/example_setup_teardown_taskflow.py took 0.087 seconds
[2024-12-30T16:51:01.585+0000] {processor.py:186} INFO - Started process (PID=33711) to work on /home/airflow/.local/lib/python3.10/site-packages/airflow/example_dags/example_setup_teardown_taskflow.py
[2024-12-30T16:51:01.586+0000] {processor.py:914} INFO - Processing file /home/airflow/.local/lib/python3.10/site-packages/airflow/example_dags/example_setup_teardown_taskflow.py for tasks to queue
[2024-12-30T16:51:01.587+0000] {logging_mixin.py:190} INFO - [2024-12-30T16:51:01.587+0000] {dagbag.py:588} INFO - Filling up the DagBag from /home/airflow/.local/lib/python3.10/site-packages/airflow/example_dags/example_setup_teardown_taskflow.py
[2024-12-30T16:51:01.598+0000] {processor.py:925} INFO - DAG(s) 'example_setup_teardown_taskflow' retrieved from /home/airflow/.local/lib/python3.10/site-packages/airflow/example_dags/example_setup_teardown_taskflow.py
[2024-12-30T16:51:01.622+0000] {logging_mixin.py:190} INFO - [2024-12-30T16:51:01.622+0000] {dag.py:3239} INFO - Sync 1 DAGs
[2024-12-30T16:51:01.637+0000] {logging_mixin.py:190} INFO - [2024-12-30T16:51:01.636+0000] {dag.py:4180} INFO - Setting next_dagrun for example_setup_teardown_taskflow to None, run_after=None
[2024-12-30T16:51:01.658+0000] {processor.py:208} INFO - Processing /home/airflow/.local/lib/python3.10/site-packages/airflow/example_dags/example_setup_teardown_taskflow.py took 0.079 seconds
[2024-12-30T16:51:32.307+0000] {processor.py:186} INFO - Started process (PID=33779) to work on /home/airflow/.local/lib/python3.10/site-packages/airflow/example_dags/example_setup_teardown_taskflow.py
[2024-12-30T16:51:32.308+0000] {processor.py:914} INFO - Processing file /home/airflow/.local/lib/python3.10/site-packages/airflow/example_dags/example_setup_teardown_taskflow.py for tasks to queue
[2024-12-30T16:51:32.309+0000] {logging_mixin.py:190} INFO - [2024-12-30T16:51:32.309+0000] {dagbag.py:588} INFO - Filling up the DagBag from /home/airflow/.local/lib/python3.10/site-packages/airflow/example_dags/example_setup_teardown_taskflow.py
[2024-12-30T16:51:32.319+0000] {processor.py:925} INFO - DAG(s) 'example_setup_teardown_taskflow' retrieved from /home/airflow/.local/lib/python3.10/site-packages/airflow/example_dags/example_setup_teardown_taskflow.py
[2024-12-30T16:51:32.342+0000] {logging_mixin.py:190} INFO - [2024-12-30T16:51:32.342+0000] {dag.py:3239} INFO - Sync 1 DAGs
[2024-12-30T16:51:32.358+0000] {logging_mixin.py:190} INFO - [2024-12-30T16:51:32.357+0000] {dag.py:4180} INFO - Setting next_dagrun for example_setup_teardown_taskflow to None, run_after=None
[2024-12-30T16:51:32.375+0000] {processor.py:208} INFO - Processing /home/airflow/.local/lib/python3.10/site-packages/airflow/example_dags/example_setup_teardown_taskflow.py took 0.074 seconds
[2024-12-30T16:52:03.365+0000] {processor.py:186} INFO - Started process (PID=33847) to work on /home/airflow/.local/lib/python3.10/site-packages/airflow/example_dags/example_setup_teardown_taskflow.py
[2024-12-30T16:52:03.367+0000] {processor.py:914} INFO - Processing file /home/airflow/.local/lib/python3.10/site-packages/airflow/example_dags/example_setup_teardown_taskflow.py for tasks to queue
[2024-12-30T16:52:03.369+0000] {logging_mixin.py:190} INFO - [2024-12-30T16:52:03.368+0000] {dagbag.py:588} INFO - Filling up the DagBag from /home/airflow/.local/lib/python3.10/site-packages/airflow/example_dags/example_setup_teardown_taskflow.py
[2024-12-30T16:52:03.381+0000] {processor.py:925} INFO - DAG(s) 'example_setup_teardown_taskflow' retrieved from /home/airflow/.local/lib/python3.10/site-packages/airflow/example_dags/example_setup_teardown_taskflow.py
[2024-12-30T16:52:03.406+0000] {logging_mixin.py:190} INFO - [2024-12-30T16:52:03.406+0000] {dag.py:3239} INFO - Sync 1 DAGs
[2024-12-30T16:52:03.423+0000] {logging_mixin.py:190} INFO - [2024-12-30T16:52:03.423+0000] {dag.py:4180} INFO - Setting next_dagrun for example_setup_teardown_taskflow to None, run_after=None
[2024-12-30T16:52:03.444+0000] {processor.py:208} INFO - Processing /home/airflow/.local/lib/python3.10/site-packages/airflow/example_dags/example_setup_teardown_taskflow.py took 0.085 seconds
[2024-12-30T16:52:33.664+0000] {processor.py:186} INFO - Started process (PID=33915) to work on /home/airflow/.local/lib/python3.10/site-packages/airflow/example_dags/example_setup_teardown_taskflow.py
[2024-12-30T16:52:33.665+0000] {processor.py:914} INFO - Processing file /home/airflow/.local/lib/python3.10/site-packages/airflow/example_dags/example_setup_teardown_taskflow.py for tasks to queue
[2024-12-30T16:52:33.666+0000] {logging_mixin.py:190} INFO - [2024-12-30T16:52:33.666+0000] {dagbag.py:588} INFO - Filling up the DagBag from /home/airflow/.local/lib/python3.10/site-packages/airflow/example_dags/example_setup_teardown_taskflow.py
[2024-12-30T16:52:33.678+0000] {processor.py:925} INFO - DAG(s) 'example_setup_teardown_taskflow' retrieved from /home/airflow/.local/lib/python3.10/site-packages/airflow/example_dags/example_setup_teardown_taskflow.py
[2024-12-30T16:52:33.704+0000] {logging_mixin.py:190} INFO - [2024-12-30T16:52:33.704+0000] {dag.py:3239} INFO - Sync 1 DAGs
[2024-12-30T16:52:33.720+0000] {logging_mixin.py:190} INFO - [2024-12-30T16:52:33.720+0000] {dag.py:4180} INFO - Setting next_dagrun for example_setup_teardown_taskflow to None, run_after=None
[2024-12-30T16:52:33.742+0000] {processor.py:208} INFO - Processing /home/airflow/.local/lib/python3.10/site-packages/airflow/example_dags/example_setup_teardown_taskflow.py took 0.085 seconds
[2024-12-30T16:53:05.469+0000] {processor.py:186} INFO - Started process (PID=33983) to work on /home/airflow/.local/lib/python3.10/site-packages/airflow/example_dags/example_setup_teardown_taskflow.py
[2024-12-30T16:53:05.471+0000] {processor.py:914} INFO - Processing file /home/airflow/.local/lib/python3.10/site-packages/airflow/example_dags/example_setup_teardown_taskflow.py for tasks to queue
[2024-12-30T16:53:05.473+0000] {logging_mixin.py:190} INFO - [2024-12-30T16:53:05.472+0000] {dagbag.py:588} INFO - Filling up the DagBag from /home/airflow/.local/lib/python3.10/site-packages/airflow/example_dags/example_setup_teardown_taskflow.py
[2024-12-30T16:53:05.496+0000] {processor.py:925} INFO - DAG(s) 'example_setup_teardown_taskflow' retrieved from /home/airflow/.local/lib/python3.10/site-packages/airflow/example_dags/example_setup_teardown_taskflow.py
[2024-12-30T16:53:05.562+0000] {logging_mixin.py:190} INFO - [2024-12-30T16:53:05.559+0000] {dag.py:3239} INFO - Sync 1 DAGs
[2024-12-30T16:53:05.596+0000] {logging_mixin.py:190} INFO - [2024-12-30T16:53:05.596+0000] {dag.py:4180} INFO - Setting next_dagrun for example_setup_teardown_taskflow to None, run_after=None
[2024-12-30T16:53:05.638+0000] {processor.py:208} INFO - Processing /home/airflow/.local/lib/python3.10/site-packages/airflow/example_dags/example_setup_teardown_taskflow.py took 0.178 seconds
[2024-12-30T16:53:36.160+0000] {processor.py:186} INFO - Started process (PID=34051) to work on /home/airflow/.local/lib/python3.10/site-packages/airflow/example_dags/example_setup_teardown_taskflow.py
[2024-12-30T16:53:36.161+0000] {processor.py:914} INFO - Processing file /home/airflow/.local/lib/python3.10/site-packages/airflow/example_dags/example_setup_teardown_taskflow.py for tasks to queue
[2024-12-30T16:53:36.162+0000] {logging_mixin.py:190} INFO - [2024-12-30T16:53:36.162+0000] {dagbag.py:588} INFO - Filling up the DagBag from /home/airflow/.local/lib/python3.10/site-packages/airflow/example_dags/example_setup_teardown_taskflow.py
[2024-12-30T16:53:36.174+0000] {processor.py:925} INFO - DAG(s) 'example_setup_teardown_taskflow' retrieved from /home/airflow/.local/lib/python3.10/site-packages/airflow/example_dags/example_setup_teardown_taskflow.py
[2024-12-30T16:53:36.198+0000] {logging_mixin.py:190} INFO - [2024-12-30T16:53:36.198+0000] {dag.py:3239} INFO - Sync 1 DAGs
[2024-12-30T16:53:36.213+0000] {logging_mixin.py:190} INFO - [2024-12-30T16:53:36.213+0000] {dag.py:4180} INFO - Setting next_dagrun for example_setup_teardown_taskflow to None, run_after=None
[2024-12-30T16:53:36.233+0000] {processor.py:208} INFO - Processing /home/airflow/.local/lib/python3.10/site-packages/airflow/example_dags/example_setup_teardown_taskflow.py took 0.079 seconds
