[2024-12-30T16:44:45.359+0000] {processor.py:186} INFO - Started process (PID=32867) to work on /home/airflow/.local/lib/python3.10/site-packages/airflow/example_dags/example_branch_datetime_operator.py
[2024-12-30T16:44:45.361+0000] {processor.py:914} INFO - Processing file /home/airflow/.local/lib/python3.10/site-packages/airflow/example_dags/example_branch_datetime_operator.py for tasks to queue
[2024-12-30T16:44:45.364+0000] {logging_mixin.py:190} INFO - [2024-12-30T16:44:45.364+0000] {dagbag.py:588} INFO - Filling up the DagBag from /home/airflow/.local/lib/python3.10/site-packages/airflow/example_dags/example_branch_datetime_operator.py
[2024-12-30T16:44:45.389+0000] {processor.py:925} INFO - DAG(s) 'example_branch_datetime_operator_2', 'example_branch_datetime_operator_3', 'example_branch_datetime_operator' retrieved from /home/airflow/.local/lib/python3.10/site-packages/airflow/example_dags/example_branch_datetime_operator.py
[2024-12-30T16:44:45.441+0000] {logging_mixin.py:190} INFO - [2024-12-30T16:44:45.441+0000] {dag.py:3239} INFO - Sync 3 DAGs
[2024-12-30T16:44:45.491+0000] {logging_mixin.py:190} INFO - [2024-12-30T16:44:45.491+0000] {dag.py:4180} INFO - Setting next_dagrun for example_branch_datetime_operator to 2024-12-29 00:00:00+00:00, run_after=2024-12-30 00:00:00+00:00
[2024-12-30T16:44:45.500+0000] {logging_mixin.py:190} INFO - [2024-12-30T16:44:45.499+0000] {dag.py:4180} INFO - Setting next_dagrun for example_branch_datetime_operator_2 to 2024-12-29 00:00:00+00:00, run_after=2024-12-30 00:00:00+00:00
[2024-12-30T16:44:45.508+0000] {logging_mixin.py:190} INFO - [2024-12-30T16:44:45.507+0000] {dag.py:4180} INFO - Setting next_dagrun for example_branch_datetime_operator_3 to 2024-12-29 00:00:00+00:00, run_after=2024-12-30 00:00:00+00:00
[2024-12-30T16:44:45.548+0000] {processor.py:208} INFO - Processing /home/airflow/.local/lib/python3.10/site-packages/airflow/example_dags/example_branch_datetime_operator.py took 0.203 seconds
[2024-12-30T16:45:16.916+0000] {processor.py:186} INFO - Started process (PID=32939) to work on /home/airflow/.local/lib/python3.10/site-packages/airflow/example_dags/example_branch_datetime_operator.py
[2024-12-30T16:45:16.917+0000] {processor.py:914} INFO - Processing file /home/airflow/.local/lib/python3.10/site-packages/airflow/example_dags/example_branch_datetime_operator.py for tasks to queue
[2024-12-30T16:45:16.919+0000] {logging_mixin.py:190} INFO - [2024-12-30T16:45:16.918+0000] {dagbag.py:588} INFO - Filling up the DagBag from /home/airflow/.local/lib/python3.10/site-packages/airflow/example_dags/example_branch_datetime_operator.py
[2024-12-30T16:45:16.931+0000] {processor.py:925} INFO - DAG(s) 'example_branch_datetime_operator_2', 'example_branch_datetime_operator_3', 'example_branch_datetime_operator' retrieved from /home/airflow/.local/lib/python3.10/site-packages/airflow/example_dags/example_branch_datetime_operator.py
[2024-12-30T16:45:16.963+0000] {logging_mixin.py:190} INFO - [2024-12-30T16:45:16.963+0000] {dag.py:3239} INFO - Sync 3 DAGs
[2024-12-30T16:45:16.992+0000] {logging_mixin.py:190} INFO - [2024-12-30T16:45:16.991+0000] {dag.py:4180} INFO - Setting next_dagrun for example_branch_datetime_operator to 2024-12-29 00:00:00+00:00, run_after=2024-12-30 00:00:00+00:00
[2024-12-30T16:45:16.999+0000] {logging_mixin.py:190} INFO - [2024-12-30T16:45:16.999+0000] {dag.py:4180} INFO - Setting next_dagrun for example_branch_datetime_operator_2 to 2024-12-29 00:00:00+00:00, run_after=2024-12-30 00:00:00+00:00
[2024-12-30T16:45:17.003+0000] {logging_mixin.py:190} INFO - [2024-12-30T16:45:17.003+0000] {dag.py:4180} INFO - Setting next_dagrun for example_branch_datetime_operator_3 to 2024-12-29 00:00:00+00:00, run_after=2024-12-30 00:00:00+00:00
[2024-12-30T16:45:17.029+0000] {processor.py:208} INFO - Processing /home/airflow/.local/lib/python3.10/site-packages/airflow/example_dags/example_branch_datetime_operator.py took 0.120 seconds
[2024-12-30T16:45:47.730+0000] {processor.py:186} INFO - Started process (PID=33007) to work on /home/airflow/.local/lib/python3.10/site-packages/airflow/example_dags/example_branch_datetime_operator.py
[2024-12-30T16:45:47.732+0000] {processor.py:914} INFO - Processing file /home/airflow/.local/lib/python3.10/site-packages/airflow/example_dags/example_branch_datetime_operator.py for tasks to queue
[2024-12-30T16:45:47.734+0000] {logging_mixin.py:190} INFO - [2024-12-30T16:45:47.733+0000] {dagbag.py:588} INFO - Filling up the DagBag from /home/airflow/.local/lib/python3.10/site-packages/airflow/example_dags/example_branch_datetime_operator.py
[2024-12-30T16:45:47.753+0000] {processor.py:925} INFO - DAG(s) 'example_branch_datetime_operator', 'example_branch_datetime_operator_2', 'example_branch_datetime_operator_3' retrieved from /home/airflow/.local/lib/python3.10/site-packages/airflow/example_dags/example_branch_datetime_operator.py
[2024-12-30T16:45:47.796+0000] {logging_mixin.py:190} INFO - [2024-12-30T16:45:47.796+0000] {dag.py:3239} INFO - Sync 3 DAGs
[2024-12-30T16:45:47.833+0000] {logging_mixin.py:190} INFO - [2024-12-30T16:45:47.832+0000] {dag.py:4180} INFO - Setting next_dagrun for example_branch_datetime_operator to 2024-12-29 00:00:00+00:00, run_after=2024-12-30 00:00:00+00:00
[2024-12-30T16:45:47.842+0000] {logging_mixin.py:190} INFO - [2024-12-30T16:45:47.842+0000] {dag.py:4180} INFO - Setting next_dagrun for example_branch_datetime_operator_2 to 2024-12-29 00:00:00+00:00, run_after=2024-12-30 00:00:00+00:00
[2024-12-30T16:45:47.846+0000] {logging_mixin.py:190} INFO - [2024-12-30T16:45:47.846+0000] {dag.py:4180} INFO - Setting next_dagrun for example_branch_datetime_operator_3 to 2024-12-29 00:00:00+00:00, run_after=2024-12-30 00:00:00+00:00
[2024-12-30T16:45:47.872+0000] {processor.py:208} INFO - Processing /home/airflow/.local/lib/python3.10/site-packages/airflow/example_dags/example_branch_datetime_operator.py took 0.151 seconds
[2024-12-30T16:46:18.870+0000] {processor.py:186} INFO - Started process (PID=33075) to work on /home/airflow/.local/lib/python3.10/site-packages/airflow/example_dags/example_branch_datetime_operator.py
[2024-12-30T16:46:18.872+0000] {processor.py:914} INFO - Processing file /home/airflow/.local/lib/python3.10/site-packages/airflow/example_dags/example_branch_datetime_operator.py for tasks to queue
[2024-12-30T16:46:18.874+0000] {logging_mixin.py:190} INFO - [2024-12-30T16:46:18.873+0000] {dagbag.py:588} INFO - Filling up the DagBag from /home/airflow/.local/lib/python3.10/site-packages/airflow/example_dags/example_branch_datetime_operator.py
[2024-12-30T16:46:18.888+0000] {processor.py:925} INFO - DAG(s) 'example_branch_datetime_operator', 'example_branch_datetime_operator_2', 'example_branch_datetime_operator_3' retrieved from /home/airflow/.local/lib/python3.10/site-packages/airflow/example_dags/example_branch_datetime_operator.py
[2024-12-30T16:46:18.928+0000] {logging_mixin.py:190} INFO - [2024-12-30T16:46:18.927+0000] {dag.py:3239} INFO - Sync 3 DAGs
[2024-12-30T16:46:18.965+0000] {logging_mixin.py:190} INFO - [2024-12-30T16:46:18.965+0000] {dag.py:4180} INFO - Setting next_dagrun for example_branch_datetime_operator to 2024-12-29 00:00:00+00:00, run_after=2024-12-30 00:00:00+00:00
[2024-12-30T16:46:18.976+0000] {logging_mixin.py:190} INFO - [2024-12-30T16:46:18.975+0000] {dag.py:4180} INFO - Setting next_dagrun for example_branch_datetime_operator_2 to 2024-12-29 00:00:00+00:00, run_after=2024-12-30 00:00:00+00:00
[2024-12-30T16:46:18.981+0000] {logging_mixin.py:190} INFO - [2024-12-30T16:46:18.980+0000] {dag.py:4180} INFO - Setting next_dagrun for example_branch_datetime_operator_3 to 2024-12-29 00:00:00+00:00, run_after=2024-12-30 00:00:00+00:00
[2024-12-30T16:46:19.014+0000] {processor.py:208} INFO - Processing /home/airflow/.local/lib/python3.10/site-packages/airflow/example_dags/example_branch_datetime_operator.py took 0.151 seconds
[2024-12-30T16:46:49.429+0000] {processor.py:186} INFO - Started process (PID=33142) to work on /home/airflow/.local/lib/python3.10/site-packages/airflow/example_dags/example_branch_datetime_operator.py
[2024-12-30T16:46:49.430+0000] {processor.py:914} INFO - Processing file /home/airflow/.local/lib/python3.10/site-packages/airflow/example_dags/example_branch_datetime_operator.py for tasks to queue
[2024-12-30T16:46:49.432+0000] {logging_mixin.py:190} INFO - [2024-12-30T16:46:49.432+0000] {dagbag.py:588} INFO - Filling up the DagBag from /home/airflow/.local/lib/python3.10/site-packages/airflow/example_dags/example_branch_datetime_operator.py
[2024-12-30T16:46:49.443+0000] {processor.py:925} INFO - DAG(s) 'example_branch_datetime_operator', 'example_branch_datetime_operator_2', 'example_branch_datetime_operator_3' retrieved from /home/airflow/.local/lib/python3.10/site-packages/airflow/example_dags/example_branch_datetime_operator.py
[2024-12-30T16:46:49.470+0000] {logging_mixin.py:190} INFO - [2024-12-30T16:46:49.470+0000] {dag.py:3239} INFO - Sync 3 DAGs
[2024-12-30T16:46:49.496+0000] {logging_mixin.py:190} INFO - [2024-12-30T16:46:49.496+0000] {dag.py:4180} INFO - Setting next_dagrun for example_branch_datetime_operator to 2024-12-29 00:00:00+00:00, run_after=2024-12-30 00:00:00+00:00
[2024-12-30T16:46:49.502+0000] {logging_mixin.py:190} INFO - [2024-12-30T16:46:49.501+0000] {dag.py:4180} INFO - Setting next_dagrun for example_branch_datetime_operator_2 to 2024-12-29 00:00:00+00:00, run_after=2024-12-30 00:00:00+00:00
[2024-12-30T16:46:49.505+0000] {logging_mixin.py:190} INFO - [2024-12-30T16:46:49.504+0000] {dag.py:4180} INFO - Setting next_dagrun for example_branch_datetime_operator_3 to 2024-12-29 00:00:00+00:00, run_after=2024-12-30 00:00:00+00:00
[2024-12-30T16:46:49.521+0000] {processor.py:208} INFO - Processing /home/airflow/.local/lib/python3.10/site-packages/airflow/example_dags/example_branch_datetime_operator.py took 0.098 seconds
[2024-12-30T16:47:20.319+0000] {processor.py:186} INFO - Started process (PID=33210) to work on /home/airflow/.local/lib/python3.10/site-packages/airflow/example_dags/example_branch_datetime_operator.py
[2024-12-30T16:47:20.320+0000] {processor.py:914} INFO - Processing file /home/airflow/.local/lib/python3.10/site-packages/airflow/example_dags/example_branch_datetime_operator.py for tasks to queue
[2024-12-30T16:47:20.322+0000] {logging_mixin.py:190} INFO - [2024-12-30T16:47:20.322+0000] {dagbag.py:588} INFO - Filling up the DagBag from /home/airflow/.local/lib/python3.10/site-packages/airflow/example_dags/example_branch_datetime_operator.py
[2024-12-30T16:47:20.335+0000] {processor.py:925} INFO - DAG(s) 'example_branch_datetime_operator', 'example_branch_datetime_operator_3', 'example_branch_datetime_operator_2' retrieved from /home/airflow/.local/lib/python3.10/site-packages/airflow/example_dags/example_branch_datetime_operator.py
[2024-12-30T16:47:20.367+0000] {logging_mixin.py:190} INFO - [2024-12-30T16:47:20.367+0000] {dag.py:3239} INFO - Sync 3 DAGs
[2024-12-30T16:47:20.393+0000] {logging_mixin.py:190} INFO - [2024-12-30T16:47:20.393+0000] {dag.py:4180} INFO - Setting next_dagrun for example_branch_datetime_operator to 2024-12-29 00:00:00+00:00, run_after=2024-12-30 00:00:00+00:00
[2024-12-30T16:47:20.399+0000] {logging_mixin.py:190} INFO - [2024-12-30T16:47:20.399+0000] {dag.py:4180} INFO - Setting next_dagrun for example_branch_datetime_operator_2 to 2024-12-29 00:00:00+00:00, run_after=2024-12-30 00:00:00+00:00
[2024-12-30T16:47:20.403+0000] {logging_mixin.py:190} INFO - [2024-12-30T16:47:20.402+0000] {dag.py:4180} INFO - Setting next_dagrun for example_branch_datetime_operator_3 to 2024-12-29 00:00:00+00:00, run_after=2024-12-30 00:00:00+00:00
[2024-12-30T16:47:20.421+0000] {processor.py:208} INFO - Processing /home/airflow/.local/lib/python3.10/site-packages/airflow/example_dags/example_branch_datetime_operator.py took 0.109 seconds
[2024-12-30T16:47:51.345+0000] {processor.py:186} INFO - Started process (PID=33278) to work on /home/airflow/.local/lib/python3.10/site-packages/airflow/example_dags/example_branch_datetime_operator.py
[2024-12-30T16:47:51.347+0000] {processor.py:914} INFO - Processing file /home/airflow/.local/lib/python3.10/site-packages/airflow/example_dags/example_branch_datetime_operator.py for tasks to queue
[2024-12-30T16:47:51.348+0000] {logging_mixin.py:190} INFO - [2024-12-30T16:47:51.348+0000] {dagbag.py:588} INFO - Filling up the DagBag from /home/airflow/.local/lib/python3.10/site-packages/airflow/example_dags/example_branch_datetime_operator.py
[2024-12-30T16:47:51.360+0000] {processor.py:925} INFO - DAG(s) 'example_branch_datetime_operator_3', 'example_branch_datetime_operator', 'example_branch_datetime_operator_2' retrieved from /home/airflow/.local/lib/python3.10/site-packages/airflow/example_dags/example_branch_datetime_operator.py
[2024-12-30T16:47:51.389+0000] {logging_mixin.py:190} INFO - [2024-12-30T16:47:51.388+0000] {dag.py:3239} INFO - Sync 3 DAGs
[2024-12-30T16:47:51.411+0000] {logging_mixin.py:190} INFO - [2024-12-30T16:47:51.410+0000] {dag.py:4180} INFO - Setting next_dagrun for example_branch_datetime_operator to 2024-12-29 00:00:00+00:00, run_after=2024-12-30 00:00:00+00:00
[2024-12-30T16:47:51.416+0000] {logging_mixin.py:190} INFO - [2024-12-30T16:47:51.416+0000] {dag.py:4180} INFO - Setting next_dagrun for example_branch_datetime_operator_2 to 2024-12-29 00:00:00+00:00, run_after=2024-12-30 00:00:00+00:00
[2024-12-30T16:47:51.419+0000] {logging_mixin.py:190} INFO - [2024-12-30T16:47:51.419+0000] {dag.py:4180} INFO - Setting next_dagrun for example_branch_datetime_operator_3 to 2024-12-29 00:00:00+00:00, run_after=2024-12-30 00:00:00+00:00
[2024-12-30T16:47:51.437+0000] {processor.py:208} INFO - Processing /home/airflow/.local/lib/python3.10/site-packages/airflow/example_dags/example_branch_datetime_operator.py took 0.097 seconds
[2024-12-30T16:48:22.358+0000] {processor.py:186} INFO - Started process (PID=33346) to work on /home/airflow/.local/lib/python3.10/site-packages/airflow/example_dags/example_branch_datetime_operator.py
[2024-12-30T16:48:22.360+0000] {processor.py:914} INFO - Processing file /home/airflow/.local/lib/python3.10/site-packages/airflow/example_dags/example_branch_datetime_operator.py for tasks to queue
[2024-12-30T16:48:22.361+0000] {logging_mixin.py:190} INFO - [2024-12-30T16:48:22.361+0000] {dagbag.py:588} INFO - Filling up the DagBag from /home/airflow/.local/lib/python3.10/site-packages/airflow/example_dags/example_branch_datetime_operator.py
[2024-12-30T16:48:22.376+0000] {processor.py:925} INFO - DAG(s) 'example_branch_datetime_operator_3', 'example_branch_datetime_operator', 'example_branch_datetime_operator_2' retrieved from /home/airflow/.local/lib/python3.10/site-packages/airflow/example_dags/example_branch_datetime_operator.py
[2024-12-30T16:48:22.409+0000] {logging_mixin.py:190} INFO - [2024-12-30T16:48:22.408+0000] {dag.py:3239} INFO - Sync 3 DAGs
[2024-12-30T16:48:22.433+0000] {logging_mixin.py:190} INFO - [2024-12-30T16:48:22.433+0000] {dag.py:4180} INFO - Setting next_dagrun for example_branch_datetime_operator to 2024-12-29 00:00:00+00:00, run_after=2024-12-30 00:00:00+00:00
[2024-12-30T16:48:22.438+0000] {logging_mixin.py:190} INFO - [2024-12-30T16:48:22.438+0000] {dag.py:4180} INFO - Setting next_dagrun for example_branch_datetime_operator_2 to 2024-12-29 00:00:00+00:00, run_after=2024-12-30 00:00:00+00:00
[2024-12-30T16:48:22.441+0000] {logging_mixin.py:190} INFO - [2024-12-30T16:48:22.441+0000] {dag.py:4180} INFO - Setting next_dagrun for example_branch_datetime_operator_3 to 2024-12-29 00:00:00+00:00, run_after=2024-12-30 00:00:00+00:00
[2024-12-30T16:48:22.456+0000] {processor.py:208} INFO - Processing /home/airflow/.local/lib/python3.10/site-packages/airflow/example_dags/example_branch_datetime_operator.py took 0.104 seconds
[2024-12-30T16:48:53.071+0000] {processor.py:186} INFO - Started process (PID=33414) to work on /home/airflow/.local/lib/python3.10/site-packages/airflow/example_dags/example_branch_datetime_operator.py
[2024-12-30T16:48:53.072+0000] {processor.py:914} INFO - Processing file /home/airflow/.local/lib/python3.10/site-packages/airflow/example_dags/example_branch_datetime_operator.py for tasks to queue
[2024-12-30T16:48:53.074+0000] {logging_mixin.py:190} INFO - [2024-12-30T16:48:53.073+0000] {dagbag.py:588} INFO - Filling up the DagBag from /home/airflow/.local/lib/python3.10/site-packages/airflow/example_dags/example_branch_datetime_operator.py
[2024-12-30T16:48:53.085+0000] {processor.py:925} INFO - DAG(s) 'example_branch_datetime_operator_2', 'example_branch_datetime_operator', 'example_branch_datetime_operator_3' retrieved from /home/airflow/.local/lib/python3.10/site-packages/airflow/example_dags/example_branch_datetime_operator.py
[2024-12-30T16:48:53.114+0000] {logging_mixin.py:190} INFO - [2024-12-30T16:48:53.114+0000] {dag.py:3239} INFO - Sync 3 DAGs
[2024-12-30T16:48:53.136+0000] {logging_mixin.py:190} INFO - [2024-12-30T16:48:53.136+0000] {dag.py:4180} INFO - Setting next_dagrun for example_branch_datetime_operator to 2024-12-29 00:00:00+00:00, run_after=2024-12-30 00:00:00+00:00
[2024-12-30T16:48:53.141+0000] {logging_mixin.py:190} INFO - [2024-12-30T16:48:53.141+0000] {dag.py:4180} INFO - Setting next_dagrun for example_branch_datetime_operator_2 to 2024-12-29 00:00:00+00:00, run_after=2024-12-30 00:00:00+00:00
[2024-12-30T16:48:53.144+0000] {logging_mixin.py:190} INFO - [2024-12-30T16:48:53.143+0000] {dag.py:4180} INFO - Setting next_dagrun for example_branch_datetime_operator_3 to 2024-12-29 00:00:00+00:00, run_after=2024-12-30 00:00:00+00:00
[2024-12-30T16:48:53.157+0000] {processor.py:208} INFO - Processing /home/airflow/.local/lib/python3.10/site-packages/airflow/example_dags/example_branch_datetime_operator.py took 0.092 seconds
[2024-12-30T16:49:24.286+0000] {processor.py:186} INFO - Started process (PID=33482) to work on /home/airflow/.local/lib/python3.10/site-packages/airflow/example_dags/example_branch_datetime_operator.py
[2024-12-30T16:49:24.287+0000] {processor.py:914} INFO - Processing file /home/airflow/.local/lib/python3.10/site-packages/airflow/example_dags/example_branch_datetime_operator.py for tasks to queue
[2024-12-30T16:49:24.289+0000] {logging_mixin.py:190} INFO - [2024-12-30T16:49:24.289+0000] {dagbag.py:588} INFO - Filling up the DagBag from /home/airflow/.local/lib/python3.10/site-packages/airflow/example_dags/example_branch_datetime_operator.py
[2024-12-30T16:49:24.307+0000] {processor.py:925} INFO - DAG(s) 'example_branch_datetime_operator', 'example_branch_datetime_operator_3', 'example_branch_datetime_operator_2' retrieved from /home/airflow/.local/lib/python3.10/site-packages/airflow/example_dags/example_branch_datetime_operator.py
[2024-12-30T16:49:24.345+0000] {logging_mixin.py:190} INFO - [2024-12-30T16:49:24.345+0000] {dag.py:3239} INFO - Sync 3 DAGs
[2024-12-30T16:49:24.371+0000] {logging_mixin.py:190} INFO - [2024-12-30T16:49:24.371+0000] {dag.py:4180} INFO - Setting next_dagrun for example_branch_datetime_operator to 2024-12-29 00:00:00+00:00, run_after=2024-12-30 00:00:00+00:00
[2024-12-30T16:49:24.376+0000] {logging_mixin.py:190} INFO - [2024-12-30T16:49:24.376+0000] {dag.py:4180} INFO - Setting next_dagrun for example_branch_datetime_operator_2 to 2024-12-29 00:00:00+00:00, run_after=2024-12-30 00:00:00+00:00
[2024-12-30T16:49:24.380+0000] {logging_mixin.py:190} INFO - [2024-12-30T16:49:24.379+0000] {dag.py:4180} INFO - Setting next_dagrun for example_branch_datetime_operator_3 to 2024-12-29 00:00:00+00:00, run_after=2024-12-30 00:00:00+00:00
[2024-12-30T16:49:24.396+0000] {processor.py:208} INFO - Processing /home/airflow/.local/lib/python3.10/site-packages/airflow/example_dags/example_branch_datetime_operator.py took 0.119 seconds
[2024-12-30T16:49:55.767+0000] {processor.py:186} INFO - Started process (PID=33550) to work on /home/airflow/.local/lib/python3.10/site-packages/airflow/example_dags/example_branch_datetime_operator.py
[2024-12-30T16:49:55.768+0000] {processor.py:914} INFO - Processing file /home/airflow/.local/lib/python3.10/site-packages/airflow/example_dags/example_branch_datetime_operator.py for tasks to queue
[2024-12-30T16:49:55.770+0000] {logging_mixin.py:190} INFO - [2024-12-30T16:49:55.770+0000] {dagbag.py:588} INFO - Filling up the DagBag from /home/airflow/.local/lib/python3.10/site-packages/airflow/example_dags/example_branch_datetime_operator.py
[2024-12-30T16:49:55.987+0000] {processor.py:925} INFO - DAG(s) 'example_branch_datetime_operator', 'example_branch_datetime_operator_2', 'example_branch_datetime_operator_3' retrieved from /home/airflow/.local/lib/python3.10/site-packages/airflow/example_dags/example_branch_datetime_operator.py
[2024-12-30T16:49:56.021+0000] {logging_mixin.py:190} INFO - [2024-12-30T16:49:56.021+0000] {dag.py:3239} INFO - Sync 3 DAGs
[2024-12-30T16:49:56.054+0000] {logging_mixin.py:190} INFO - [2024-12-30T16:49:56.054+0000] {dag.py:4180} INFO - Setting next_dagrun for example_branch_datetime_operator to 2024-12-29 00:00:00+00:00, run_after=2024-12-30 00:00:00+00:00
[2024-12-30T16:49:56.061+0000] {logging_mixin.py:190} INFO - [2024-12-30T16:49:56.061+0000] {dag.py:4180} INFO - Setting next_dagrun for example_branch_datetime_operator_2 to 2024-12-29 00:00:00+00:00, run_after=2024-12-30 00:00:00+00:00
[2024-12-30T16:49:56.064+0000] {logging_mixin.py:190} INFO - [2024-12-30T16:49:56.064+0000] {dag.py:4180} INFO - Setting next_dagrun for example_branch_datetime_operator_3 to 2024-12-29 00:00:00+00:00, run_after=2024-12-30 00:00:00+00:00
[2024-12-30T16:49:56.083+0000] {processor.py:208} INFO - Processing /home/airflow/.local/lib/python3.10/site-packages/airflow/example_dags/example_branch_datetime_operator.py took 0.324 seconds
[2024-12-30T16:50:26.588+0000] {processor.py:186} INFO - Started process (PID=33618) to work on /home/airflow/.local/lib/python3.10/site-packages/airflow/example_dags/example_branch_datetime_operator.py
[2024-12-30T16:50:26.589+0000] {processor.py:914} INFO - Processing file /home/airflow/.local/lib/python3.10/site-packages/airflow/example_dags/example_branch_datetime_operator.py for tasks to queue
[2024-12-30T16:50:26.590+0000] {logging_mixin.py:190} INFO - [2024-12-30T16:50:26.590+0000] {dagbag.py:588} INFO - Filling up the DagBag from /home/airflow/.local/lib/python3.10/site-packages/airflow/example_dags/example_branch_datetime_operator.py
[2024-12-30T16:50:26.603+0000] {processor.py:925} INFO - DAG(s) 'example_branch_datetime_operator_3', 'example_branch_datetime_operator_2', 'example_branch_datetime_operator' retrieved from /home/airflow/.local/lib/python3.10/site-packages/airflow/example_dags/example_branch_datetime_operator.py
[2024-12-30T16:50:26.632+0000] {logging_mixin.py:190} INFO - [2024-12-30T16:50:26.632+0000] {dag.py:3239} INFO - Sync 3 DAGs
[2024-12-30T16:50:26.658+0000] {logging_mixin.py:190} INFO - [2024-12-30T16:50:26.657+0000] {dag.py:4180} INFO - Setting next_dagrun for example_branch_datetime_operator to 2024-12-29 00:00:00+00:00, run_after=2024-12-30 00:00:00+00:00
[2024-12-30T16:50:26.663+0000] {logging_mixin.py:190} INFO - [2024-12-30T16:50:26.663+0000] {dag.py:4180} INFO - Setting next_dagrun for example_branch_datetime_operator_2 to 2024-12-29 00:00:00+00:00, run_after=2024-12-30 00:00:00+00:00
[2024-12-30T16:50:26.666+0000] {logging_mixin.py:190} INFO - [2024-12-30T16:50:26.666+0000] {dag.py:4180} INFO - Setting next_dagrun for example_branch_datetime_operator_3 to 2024-12-29 00:00:00+00:00, run_after=2024-12-30 00:00:00+00:00
[2024-12-30T16:50:26.684+0000] {processor.py:208} INFO - Processing /home/airflow/.local/lib/python3.10/site-packages/airflow/example_dags/example_branch_datetime_operator.py took 0.102 seconds
[2024-12-30T16:50:57.393+0000] {processor.py:186} INFO - Started process (PID=33686) to work on /home/airflow/.local/lib/python3.10/site-packages/airflow/example_dags/example_branch_datetime_operator.py
[2024-12-30T16:50:57.394+0000] {processor.py:914} INFO - Processing file /home/airflow/.local/lib/python3.10/site-packages/airflow/example_dags/example_branch_datetime_operator.py for tasks to queue
[2024-12-30T16:50:57.396+0000] {logging_mixin.py:190} INFO - [2024-12-30T16:50:57.396+0000] {dagbag.py:588} INFO - Filling up the DagBag from /home/airflow/.local/lib/python3.10/site-packages/airflow/example_dags/example_branch_datetime_operator.py
[2024-12-30T16:50:57.407+0000] {processor.py:925} INFO - DAG(s) 'example_branch_datetime_operator_3', 'example_branch_datetime_operator', 'example_branch_datetime_operator_2' retrieved from /home/airflow/.local/lib/python3.10/site-packages/airflow/example_dags/example_branch_datetime_operator.py
[2024-12-30T16:50:57.439+0000] {logging_mixin.py:190} INFO - [2024-12-30T16:50:57.438+0000] {dag.py:3239} INFO - Sync 3 DAGs
[2024-12-30T16:50:57.463+0000] {logging_mixin.py:190} INFO - [2024-12-30T16:50:57.463+0000] {dag.py:4180} INFO - Setting next_dagrun for example_branch_datetime_operator to 2024-12-29 00:00:00+00:00, run_after=2024-12-30 00:00:00+00:00
[2024-12-30T16:50:57.469+0000] {logging_mixin.py:190} INFO - [2024-12-30T16:50:57.469+0000] {dag.py:4180} INFO - Setting next_dagrun for example_branch_datetime_operator_2 to 2024-12-29 00:00:00+00:00, run_after=2024-12-30 00:00:00+00:00
[2024-12-30T16:50:57.473+0000] {logging_mixin.py:190} INFO - [2024-12-30T16:50:57.473+0000] {dag.py:4180} INFO - Setting next_dagrun for example_branch_datetime_operator_3 to 2024-12-29 00:00:00+00:00, run_after=2024-12-30 00:00:00+00:00
[2024-12-30T16:50:57.490+0000] {processor.py:208} INFO - Processing /home/airflow/.local/lib/python3.10/site-packages/airflow/example_dags/example_branch_datetime_operator.py took 0.103 seconds
[2024-12-30T16:51:27.645+0000] {processor.py:186} INFO - Started process (PID=33754) to work on /home/airflow/.local/lib/python3.10/site-packages/airflow/example_dags/example_branch_datetime_operator.py
[2024-12-30T16:51:27.646+0000] {processor.py:914} INFO - Processing file /home/airflow/.local/lib/python3.10/site-packages/airflow/example_dags/example_branch_datetime_operator.py for tasks to queue
[2024-12-30T16:51:27.648+0000] {logging_mixin.py:190} INFO - [2024-12-30T16:51:27.648+0000] {dagbag.py:588} INFO - Filling up the DagBag from /home/airflow/.local/lib/python3.10/site-packages/airflow/example_dags/example_branch_datetime_operator.py
[2024-12-30T16:51:27.660+0000] {processor.py:925} INFO - DAG(s) 'example_branch_datetime_operator_2', 'example_branch_datetime_operator', 'example_branch_datetime_operator_3' retrieved from /home/airflow/.local/lib/python3.10/site-packages/airflow/example_dags/example_branch_datetime_operator.py
[2024-12-30T16:51:27.688+0000] {logging_mixin.py:190} INFO - [2024-12-30T16:51:27.688+0000] {dag.py:3239} INFO - Sync 3 DAGs
[2024-12-30T16:51:27.712+0000] {logging_mixin.py:190} INFO - [2024-12-30T16:51:27.712+0000] {dag.py:4180} INFO - Setting next_dagrun for example_branch_datetime_operator to 2024-12-29 00:00:00+00:00, run_after=2024-12-30 00:00:00+00:00
[2024-12-30T16:51:27.718+0000] {logging_mixin.py:190} INFO - [2024-12-30T16:51:27.717+0000] {dag.py:4180} INFO - Setting next_dagrun for example_branch_datetime_operator_2 to 2024-12-29 00:00:00+00:00, run_after=2024-12-30 00:00:00+00:00
[2024-12-30T16:51:27.721+0000] {logging_mixin.py:190} INFO - [2024-12-30T16:51:27.720+0000] {dag.py:4180} INFO - Setting next_dagrun for example_branch_datetime_operator_3 to 2024-12-29 00:00:00+00:00, run_after=2024-12-30 00:00:00+00:00
[2024-12-30T16:51:27.737+0000] {processor.py:208} INFO - Processing /home/airflow/.local/lib/python3.10/site-packages/airflow/example_dags/example_branch_datetime_operator.py took 0.098 seconds
[2024-12-30T16:51:58.936+0000] {processor.py:186} INFO - Started process (PID=33822) to work on /home/airflow/.local/lib/python3.10/site-packages/airflow/example_dags/example_branch_datetime_operator.py
[2024-12-30T16:51:58.938+0000] {processor.py:914} INFO - Processing file /home/airflow/.local/lib/python3.10/site-packages/airflow/example_dags/example_branch_datetime_operator.py for tasks to queue
[2024-12-30T16:51:58.939+0000] {logging_mixin.py:190} INFO - [2024-12-30T16:51:58.939+0000] {dagbag.py:588} INFO - Filling up the DagBag from /home/airflow/.local/lib/python3.10/site-packages/airflow/example_dags/example_branch_datetime_operator.py
[2024-12-30T16:51:58.951+0000] {processor.py:925} INFO - DAG(s) 'example_branch_datetime_operator_2', 'example_branch_datetime_operator', 'example_branch_datetime_operator_3' retrieved from /home/airflow/.local/lib/python3.10/site-packages/airflow/example_dags/example_branch_datetime_operator.py
[2024-12-30T16:51:58.985+0000] {logging_mixin.py:190} INFO - [2024-12-30T16:51:58.984+0000] {dag.py:3239} INFO - Sync 3 DAGs
[2024-12-30T16:51:59.032+0000] {logging_mixin.py:190} INFO - [2024-12-30T16:51:59.032+0000] {dag.py:4180} INFO - Setting next_dagrun for example_branch_datetime_operator to 2024-12-29 00:00:00+00:00, run_after=2024-12-30 00:00:00+00:00
[2024-12-30T16:51:59.041+0000] {logging_mixin.py:190} INFO - [2024-12-30T16:51:59.040+0000] {dag.py:4180} INFO - Setting next_dagrun for example_branch_datetime_operator_2 to 2024-12-29 00:00:00+00:00, run_after=2024-12-30 00:00:00+00:00
[2024-12-30T16:51:59.047+0000] {logging_mixin.py:190} INFO - [2024-12-30T16:51:59.046+0000] {dag.py:4180} INFO - Setting next_dagrun for example_branch_datetime_operator_3 to 2024-12-29 00:00:00+00:00, run_after=2024-12-30 00:00:00+00:00
[2024-12-30T16:51:59.076+0000] {processor.py:208} INFO - Processing /home/airflow/.local/lib/python3.10/site-packages/airflow/example_dags/example_branch_datetime_operator.py took 0.147 seconds
[2024-12-30T16:52:29.532+0000] {processor.py:186} INFO - Started process (PID=33890) to work on /home/airflow/.local/lib/python3.10/site-packages/airflow/example_dags/example_branch_datetime_operator.py
[2024-12-30T16:52:29.534+0000] {processor.py:914} INFO - Processing file /home/airflow/.local/lib/python3.10/site-packages/airflow/example_dags/example_branch_datetime_operator.py for tasks to queue
[2024-12-30T16:52:29.535+0000] {logging_mixin.py:190} INFO - [2024-12-30T16:52:29.535+0000] {dagbag.py:588} INFO - Filling up the DagBag from /home/airflow/.local/lib/python3.10/site-packages/airflow/example_dags/example_branch_datetime_operator.py
[2024-12-30T16:52:29.548+0000] {processor.py:925} INFO - DAG(s) 'example_branch_datetime_operator_3', 'example_branch_datetime_operator', 'example_branch_datetime_operator_2' retrieved from /home/airflow/.local/lib/python3.10/site-packages/airflow/example_dags/example_branch_datetime_operator.py
[2024-12-30T16:52:29.581+0000] {logging_mixin.py:190} INFO - [2024-12-30T16:52:29.581+0000] {dag.py:3239} INFO - Sync 3 DAGs
[2024-12-30T16:52:29.610+0000] {logging_mixin.py:190} INFO - [2024-12-30T16:52:29.610+0000] {dag.py:4180} INFO - Setting next_dagrun for example_branch_datetime_operator to 2024-12-29 00:00:00+00:00, run_after=2024-12-30 00:00:00+00:00
[2024-12-30T16:52:29.617+0000] {logging_mixin.py:190} INFO - [2024-12-30T16:52:29.617+0000] {dag.py:4180} INFO - Setting next_dagrun for example_branch_datetime_operator_2 to 2024-12-29 00:00:00+00:00, run_after=2024-12-30 00:00:00+00:00
[2024-12-30T16:52:29.621+0000] {logging_mixin.py:190} INFO - [2024-12-30T16:52:29.621+0000] {dag.py:4180} INFO - Setting next_dagrun for example_branch_datetime_operator_3 to 2024-12-29 00:00:00+00:00, run_after=2024-12-30 00:00:00+00:00
[2024-12-30T16:52:29.638+0000] {processor.py:208} INFO - Processing /home/airflow/.local/lib/python3.10/site-packages/airflow/example_dags/example_branch_datetime_operator.py took 0.112 seconds
[2024-12-30T16:53:00.951+0000] {processor.py:186} INFO - Started process (PID=33958) to work on /home/airflow/.local/lib/python3.10/site-packages/airflow/example_dags/example_branch_datetime_operator.py
[2024-12-30T16:53:00.953+0000] {processor.py:914} INFO - Processing file /home/airflow/.local/lib/python3.10/site-packages/airflow/example_dags/example_branch_datetime_operator.py for tasks to queue
[2024-12-30T16:53:00.955+0000] {logging_mixin.py:190} INFO - [2024-12-30T16:53:00.954+0000] {dagbag.py:588} INFO - Filling up the DagBag from /home/airflow/.local/lib/python3.10/site-packages/airflow/example_dags/example_branch_datetime_operator.py
[2024-12-30T16:53:00.969+0000] {processor.py:925} INFO - DAG(s) 'example_branch_datetime_operator_2', 'example_branch_datetime_operator_3', 'example_branch_datetime_operator' retrieved from /home/airflow/.local/lib/python3.10/site-packages/airflow/example_dags/example_branch_datetime_operator.py
[2024-12-30T16:53:00.999+0000] {logging_mixin.py:190} INFO - [2024-12-30T16:53:00.999+0000] {dag.py:3239} INFO - Sync 3 DAGs
[2024-12-30T16:53:01.026+0000] {logging_mixin.py:190} INFO - [2024-12-30T16:53:01.026+0000] {dag.py:4180} INFO - Setting next_dagrun for example_branch_datetime_operator to 2024-12-29 00:00:00+00:00, run_after=2024-12-30 00:00:00+00:00
[2024-12-30T16:53:01.033+0000] {logging_mixin.py:190} INFO - [2024-12-30T16:53:01.032+0000] {dag.py:4180} INFO - Setting next_dagrun for example_branch_datetime_operator_2 to 2024-12-29 00:00:00+00:00, run_after=2024-12-30 00:00:00+00:00
[2024-12-30T16:53:01.036+0000] {logging_mixin.py:190} INFO - [2024-12-30T16:53:01.036+0000] {dag.py:4180} INFO - Setting next_dagrun for example_branch_datetime_operator_3 to 2024-12-29 00:00:00+00:00, run_after=2024-12-30 00:00:00+00:00
[2024-12-30T16:53:01.055+0000] {processor.py:208} INFO - Processing /home/airflow/.local/lib/python3.10/site-packages/airflow/example_dags/example_branch_datetime_operator.py took 0.111 seconds
[2024-12-30T16:53:32.089+0000] {processor.py:186} INFO - Started process (PID=34026) to work on /home/airflow/.local/lib/python3.10/site-packages/airflow/example_dags/example_branch_datetime_operator.py
[2024-12-30T16:53:32.090+0000] {processor.py:914} INFO - Processing file /home/airflow/.local/lib/python3.10/site-packages/airflow/example_dags/example_branch_datetime_operator.py for tasks to queue
[2024-12-30T16:53:32.092+0000] {logging_mixin.py:190} INFO - [2024-12-30T16:53:32.092+0000] {dagbag.py:588} INFO - Filling up the DagBag from /home/airflow/.local/lib/python3.10/site-packages/airflow/example_dags/example_branch_datetime_operator.py
[2024-12-30T16:53:32.108+0000] {processor.py:925} INFO - DAG(s) 'example_branch_datetime_operator_3', 'example_branch_datetime_operator', 'example_branch_datetime_operator_2' retrieved from /home/airflow/.local/lib/python3.10/site-packages/airflow/example_dags/example_branch_datetime_operator.py
[2024-12-30T16:53:32.141+0000] {logging_mixin.py:190} INFO - [2024-12-30T16:53:32.140+0000] {dag.py:3239} INFO - Sync 3 DAGs
[2024-12-30T16:53:32.167+0000] {logging_mixin.py:190} INFO - [2024-12-30T16:53:32.166+0000] {dag.py:4180} INFO - Setting next_dagrun for example_branch_datetime_operator to 2024-12-29 00:00:00+00:00, run_after=2024-12-30 00:00:00+00:00
[2024-12-30T16:53:32.172+0000] {logging_mixin.py:190} INFO - [2024-12-30T16:53:32.172+0000] {dag.py:4180} INFO - Setting next_dagrun for example_branch_datetime_operator_2 to 2024-12-29 00:00:00+00:00, run_after=2024-12-30 00:00:00+00:00
[2024-12-30T16:53:32.175+0000] {logging_mixin.py:190} INFO - [2024-12-30T16:53:32.175+0000] {dag.py:4180} INFO - Setting next_dagrun for example_branch_datetime_operator_3 to 2024-12-29 00:00:00+00:00, run_after=2024-12-30 00:00:00+00:00
[2024-12-30T16:53:32.191+0000] {processor.py:208} INFO - Processing /home/airflow/.local/lib/python3.10/site-packages/airflow/example_dags/example_branch_datetime_operator.py took 0.110 seconds
[2024-12-30T16:54:03.066+0000] {processor.py:186} INFO - Started process (PID=34094) to work on /home/airflow/.local/lib/python3.10/site-packages/airflow/example_dags/example_branch_datetime_operator.py
[2024-12-30T16:54:03.067+0000] {processor.py:914} INFO - Processing file /home/airflow/.local/lib/python3.10/site-packages/airflow/example_dags/example_branch_datetime_operator.py for tasks to queue
[2024-12-30T16:54:03.069+0000] {logging_mixin.py:190} INFO - [2024-12-30T16:54:03.068+0000] {dagbag.py:588} INFO - Filling up the DagBag from /home/airflow/.local/lib/python3.10/site-packages/airflow/example_dags/example_branch_datetime_operator.py
[2024-12-30T16:54:03.082+0000] {processor.py:925} INFO - DAG(s) 'example_branch_datetime_operator', 'example_branch_datetime_operator_2', 'example_branch_datetime_operator_3' retrieved from /home/airflow/.local/lib/python3.10/site-packages/airflow/example_dags/example_branch_datetime_operator.py
[2024-12-30T16:54:03.116+0000] {logging_mixin.py:190} INFO - [2024-12-30T16:54:03.116+0000] {dag.py:3239} INFO - Sync 3 DAGs
[2024-12-30T16:54:03.142+0000] {logging_mixin.py:190} INFO - [2024-12-30T16:54:03.141+0000] {dag.py:4180} INFO - Setting next_dagrun for example_branch_datetime_operator to 2024-12-29 00:00:00+00:00, run_after=2024-12-30 00:00:00+00:00
[2024-12-30T16:54:03.147+0000] {logging_mixin.py:190} INFO - [2024-12-30T16:54:03.147+0000] {dag.py:4180} INFO - Setting next_dagrun for example_branch_datetime_operator_2 to 2024-12-29 00:00:00+00:00, run_after=2024-12-30 00:00:00+00:00
[2024-12-30T16:54:03.150+0000] {logging_mixin.py:190} INFO - [2024-12-30T16:54:03.150+0000] {dag.py:4180} INFO - Setting next_dagrun for example_branch_datetime_operator_3 to 2024-12-29 00:00:00+00:00, run_after=2024-12-30 00:00:00+00:00
[2024-12-30T16:54:03.167+0000] {processor.py:208} INFO - Processing /home/airflow/.local/lib/python3.10/site-packages/airflow/example_dags/example_branch_datetime_operator.py took 0.109 seconds
