[2024-12-30T16:44:48.072+0000] {processor.py:186} INFO - Started process (PID=32883) to work on /home/airflow/.local/lib/python3.10/site-packages/airflow/example_dags/example_nested_branch_dag.py
[2024-12-30T16:44:48.074+0000] {processor.py:914} INFO - Processing file /home/airflow/.local/lib/python3.10/site-packages/airflow/example_dags/example_nested_branch_dag.py for tasks to queue
[2024-12-30T16:44:48.076+0000] {logging_mixin.py:190} INFO - [2024-12-30T16:44:48.075+0000] {dagbag.py:588} INFO - Filling up the DagBag from /home/airflow/.local/lib/python3.10/site-packages/airflow/example_dags/example_nested_branch_dag.py
[2024-12-30T16:44:48.094+0000] {processor.py:925} INFO - DAG(s) 'example_nested_branch_dag' retrieved from /home/airflow/.local/lib/python3.10/site-packages/airflow/example_dags/example_nested_branch_dag.py
[2024-12-30T16:44:48.134+0000] {logging_mixin.py:190} INFO - [2024-12-30T16:44:48.134+0000] {dag.py:3239} INFO - Sync 1 DAGs
[2024-12-30T16:44:48.190+0000] {logging_mixin.py:190} INFO - [2024-12-30T16:44:48.189+0000] {dag.py:4180} INFO - Setting next_dagrun for example_nested_branch_dag to 2024-12-29 00:00:00+00:00, run_after=2024-12-30 00:00:00+00:00
[2024-12-30T16:44:48.231+0000] {processor.py:208} INFO - Processing /home/airflow/.local/lib/python3.10/site-packages/airflow/example_dags/example_nested_branch_dag.py took 0.167 seconds
[2024-12-30T16:45:18.487+0000] {processor.py:186} INFO - Started process (PID=32951) to work on /home/airflow/.local/lib/python3.10/site-packages/airflow/example_dags/example_nested_branch_dag.py
[2024-12-30T16:45:18.488+0000] {processor.py:914} INFO - Processing file /home/airflow/.local/lib/python3.10/site-packages/airflow/example_dags/example_nested_branch_dag.py for tasks to queue
[2024-12-30T16:45:18.490+0000] {logging_mixin.py:190} INFO - [2024-12-30T16:45:18.490+0000] {dagbag.py:588} INFO - Filling up the DagBag from /home/airflow/.local/lib/python3.10/site-packages/airflow/example_dags/example_nested_branch_dag.py
[2024-12-30T16:45:18.503+0000] {processor.py:925} INFO - DAG(s) 'example_nested_branch_dag' retrieved from /home/airflow/.local/lib/python3.10/site-packages/airflow/example_dags/example_nested_branch_dag.py
[2024-12-30T16:45:18.528+0000] {logging_mixin.py:190} INFO - [2024-12-30T16:45:18.528+0000] {dag.py:3239} INFO - Sync 1 DAGs
[2024-12-30T16:45:18.551+0000] {logging_mixin.py:190} INFO - [2024-12-30T16:45:18.551+0000] {dag.py:4180} INFO - Setting next_dagrun for example_nested_branch_dag to 2024-12-29 00:00:00+00:00, run_after=2024-12-30 00:00:00+00:00
[2024-12-30T16:45:18.571+0000] {processor.py:208} INFO - Processing /home/airflow/.local/lib/python3.10/site-packages/airflow/example_dags/example_nested_branch_dag.py took 0.092 seconds
[2024-12-30T16:45:49.943+0000] {processor.py:186} INFO - Started process (PID=33019) to work on /home/airflow/.local/lib/python3.10/site-packages/airflow/example_dags/example_nested_branch_dag.py
[2024-12-30T16:45:49.945+0000] {processor.py:914} INFO - Processing file /home/airflow/.local/lib/python3.10/site-packages/airflow/example_dags/example_nested_branch_dag.py for tasks to queue
[2024-12-30T16:45:49.946+0000] {logging_mixin.py:190} INFO - [2024-12-30T16:45:49.946+0000] {dagbag.py:588} INFO - Filling up the DagBag from /home/airflow/.local/lib/python3.10/site-packages/airflow/example_dags/example_nested_branch_dag.py
[2024-12-30T16:45:49.959+0000] {processor.py:925} INFO - DAG(s) 'example_nested_branch_dag' retrieved from /home/airflow/.local/lib/python3.10/site-packages/airflow/example_dags/example_nested_branch_dag.py
[2024-12-30T16:45:49.985+0000] {logging_mixin.py:190} INFO - [2024-12-30T16:45:49.984+0000] {dag.py:3239} INFO - Sync 1 DAGs
[2024-12-30T16:45:50.018+0000] {logging_mixin.py:190} INFO - [2024-12-30T16:45:50.017+0000] {dag.py:4180} INFO - Setting next_dagrun for example_nested_branch_dag to 2024-12-29 00:00:00+00:00, run_after=2024-12-30 00:00:00+00:00
[2024-12-30T16:45:50.046+0000] {processor.py:208} INFO - Processing /home/airflow/.local/lib/python3.10/site-packages/airflow/example_dags/example_nested_branch_dag.py took 0.110 seconds
[2024-12-30T16:46:20.638+0000] {processor.py:186} INFO - Started process (PID=33087) to work on /home/airflow/.local/lib/python3.10/site-packages/airflow/example_dags/example_nested_branch_dag.py
[2024-12-30T16:46:20.640+0000] {processor.py:914} INFO - Processing file /home/airflow/.local/lib/python3.10/site-packages/airflow/example_dags/example_nested_branch_dag.py for tasks to queue
[2024-12-30T16:46:20.641+0000] {logging_mixin.py:190} INFO - [2024-12-30T16:46:20.641+0000] {dagbag.py:588} INFO - Filling up the DagBag from /home/airflow/.local/lib/python3.10/site-packages/airflow/example_dags/example_nested_branch_dag.py
[2024-12-30T16:46:20.653+0000] {processor.py:925} INFO - DAG(s) 'example_nested_branch_dag' retrieved from /home/airflow/.local/lib/python3.10/site-packages/airflow/example_dags/example_nested_branch_dag.py
[2024-12-30T16:46:20.685+0000] {logging_mixin.py:190} INFO - [2024-12-30T16:46:20.685+0000] {dag.py:3239} INFO - Sync 1 DAGs
[2024-12-30T16:46:20.714+0000] {logging_mixin.py:190} INFO - [2024-12-30T16:46:20.714+0000] {dag.py:4180} INFO - Setting next_dagrun for example_nested_branch_dag to 2024-12-29 00:00:00+00:00, run_after=2024-12-30 00:00:00+00:00
[2024-12-30T16:46:20.735+0000] {processor.py:208} INFO - Processing /home/airflow/.local/lib/python3.10/site-packages/airflow/example_dags/example_nested_branch_dag.py took 0.103 seconds
[2024-12-30T16:46:52.292+0000] {processor.py:186} INFO - Started process (PID=33155) to work on /home/airflow/.local/lib/python3.10/site-packages/airflow/example_dags/example_nested_branch_dag.py
[2024-12-30T16:46:52.294+0000] {processor.py:914} INFO - Processing file /home/airflow/.local/lib/python3.10/site-packages/airflow/example_dags/example_nested_branch_dag.py for tasks to queue
[2024-12-30T16:46:52.295+0000] {logging_mixin.py:190} INFO - [2024-12-30T16:46:52.295+0000] {dagbag.py:588} INFO - Filling up the DagBag from /home/airflow/.local/lib/python3.10/site-packages/airflow/example_dags/example_nested_branch_dag.py
[2024-12-30T16:46:52.305+0000] {processor.py:925} INFO - DAG(s) 'example_nested_branch_dag' retrieved from /home/airflow/.local/lib/python3.10/site-packages/airflow/example_dags/example_nested_branch_dag.py
[2024-12-30T16:46:52.328+0000] {logging_mixin.py:190} INFO - [2024-12-30T16:46:52.328+0000] {dag.py:3239} INFO - Sync 1 DAGs
[2024-12-30T16:46:52.350+0000] {logging_mixin.py:190} INFO - [2024-12-30T16:46:52.350+0000] {dag.py:4180} INFO - Setting next_dagrun for example_nested_branch_dag to 2024-12-29 00:00:00+00:00, run_after=2024-12-30 00:00:00+00:00
[2024-12-30T16:46:52.383+0000] {processor.py:208} INFO - Processing /home/airflow/.local/lib/python3.10/site-packages/airflow/example_dags/example_nested_branch_dag.py took 0.097 seconds
[2024-12-30T16:47:23.910+0000] {processor.py:186} INFO - Started process (PID=33223) to work on /home/airflow/.local/lib/python3.10/site-packages/airflow/example_dags/example_nested_branch_dag.py
[2024-12-30T16:47:23.912+0000] {processor.py:914} INFO - Processing file /home/airflow/.local/lib/python3.10/site-packages/airflow/example_dags/example_nested_branch_dag.py for tasks to queue
[2024-12-30T16:47:23.914+0000] {logging_mixin.py:190} INFO - [2024-12-30T16:47:23.913+0000] {dagbag.py:588} INFO - Filling up the DagBag from /home/airflow/.local/lib/python3.10/site-packages/airflow/example_dags/example_nested_branch_dag.py
[2024-12-30T16:47:23.926+0000] {processor.py:925} INFO - DAG(s) 'example_nested_branch_dag' retrieved from /home/airflow/.local/lib/python3.10/site-packages/airflow/example_dags/example_nested_branch_dag.py
[2024-12-30T16:47:23.948+0000] {logging_mixin.py:190} INFO - [2024-12-30T16:47:23.948+0000] {dag.py:3239} INFO - Sync 1 DAGs
[2024-12-30T16:47:23.976+0000] {logging_mixin.py:190} INFO - [2024-12-30T16:47:23.975+0000] {dag.py:4180} INFO - Setting next_dagrun for example_nested_branch_dag to 2024-12-29 00:00:00+00:00, run_after=2024-12-30 00:00:00+00:00
[2024-12-30T16:47:24.001+0000] {processor.py:208} INFO - Processing /home/airflow/.local/lib/python3.10/site-packages/airflow/example_dags/example_nested_branch_dag.py took 0.098 seconds
[2024-12-30T16:47:54.657+0000] {processor.py:186} INFO - Started process (PID=33291) to work on /home/airflow/.local/lib/python3.10/site-packages/airflow/example_dags/example_nested_branch_dag.py
[2024-12-30T16:47:54.659+0000] {processor.py:914} INFO - Processing file /home/airflow/.local/lib/python3.10/site-packages/airflow/example_dags/example_nested_branch_dag.py for tasks to queue
[2024-12-30T16:47:54.661+0000] {logging_mixin.py:190} INFO - [2024-12-30T16:47:54.661+0000] {dagbag.py:588} INFO - Filling up the DagBag from /home/airflow/.local/lib/python3.10/site-packages/airflow/example_dags/example_nested_branch_dag.py
[2024-12-30T16:47:54.679+0000] {processor.py:925} INFO - DAG(s) 'example_nested_branch_dag' retrieved from /home/airflow/.local/lib/python3.10/site-packages/airflow/example_dags/example_nested_branch_dag.py
[2024-12-30T16:47:54.709+0000] {logging_mixin.py:190} INFO - [2024-12-30T16:47:54.709+0000] {dag.py:3239} INFO - Sync 1 DAGs
[2024-12-30T16:47:54.741+0000] {logging_mixin.py:190} INFO - [2024-12-30T16:47:54.740+0000] {dag.py:4180} INFO - Setting next_dagrun for example_nested_branch_dag to 2024-12-29 00:00:00+00:00, run_after=2024-12-30 00:00:00+00:00
[2024-12-30T16:47:54.768+0000] {processor.py:208} INFO - Processing /home/airflow/.local/lib/python3.10/site-packages/airflow/example_dags/example_nested_branch_dag.py took 0.118 seconds
[2024-12-30T16:48:25.869+0000] {processor.py:186} INFO - Started process (PID=33359) to work on /home/airflow/.local/lib/python3.10/site-packages/airflow/example_dags/example_nested_branch_dag.py
[2024-12-30T16:48:25.870+0000] {processor.py:914} INFO - Processing file /home/airflow/.local/lib/python3.10/site-packages/airflow/example_dags/example_nested_branch_dag.py for tasks to queue
[2024-12-30T16:48:25.872+0000] {logging_mixin.py:190} INFO - [2024-12-30T16:48:25.871+0000] {dagbag.py:588} INFO - Filling up the DagBag from /home/airflow/.local/lib/python3.10/site-packages/airflow/example_dags/example_nested_branch_dag.py
[2024-12-30T16:48:25.889+0000] {processor.py:925} INFO - DAG(s) 'example_nested_branch_dag' retrieved from /home/airflow/.local/lib/python3.10/site-packages/airflow/example_dags/example_nested_branch_dag.py
[2024-12-30T16:48:25.924+0000] {logging_mixin.py:190} INFO - [2024-12-30T16:48:25.924+0000] {dag.py:3239} INFO - Sync 1 DAGs
[2024-12-30T16:48:25.957+0000] {logging_mixin.py:190} INFO - [2024-12-30T16:48:25.956+0000] {dag.py:4180} INFO - Setting next_dagrun for example_nested_branch_dag to 2024-12-29 00:00:00+00:00, run_after=2024-12-30 00:00:00+00:00
[2024-12-30T16:48:25.984+0000] {processor.py:208} INFO - Processing /home/airflow/.local/lib/python3.10/site-packages/airflow/example_dags/example_nested_branch_dag.py took 0.124 seconds
[2024-12-30T16:48:57.083+0000] {processor.py:186} INFO - Started process (PID=33427) to work on /home/airflow/.local/lib/python3.10/site-packages/airflow/example_dags/example_nested_branch_dag.py
[2024-12-30T16:48:57.085+0000] {processor.py:914} INFO - Processing file /home/airflow/.local/lib/python3.10/site-packages/airflow/example_dags/example_nested_branch_dag.py for tasks to queue
[2024-12-30T16:48:57.086+0000] {logging_mixin.py:190} INFO - [2024-12-30T16:48:57.086+0000] {dagbag.py:588} INFO - Filling up the DagBag from /home/airflow/.local/lib/python3.10/site-packages/airflow/example_dags/example_nested_branch_dag.py
[2024-12-30T16:48:57.103+0000] {processor.py:925} INFO - DAG(s) 'example_nested_branch_dag' retrieved from /home/airflow/.local/lib/python3.10/site-packages/airflow/example_dags/example_nested_branch_dag.py
[2024-12-30T16:48:57.131+0000] {logging_mixin.py:190} INFO - [2024-12-30T16:48:57.131+0000] {dag.py:3239} INFO - Sync 1 DAGs
[2024-12-30T16:48:57.161+0000] {logging_mixin.py:190} INFO - [2024-12-30T16:48:57.160+0000] {dag.py:4180} INFO - Setting next_dagrun for example_nested_branch_dag to 2024-12-29 00:00:00+00:00, run_after=2024-12-30 00:00:00+00:00
[2024-12-30T16:48:57.183+0000] {processor.py:208} INFO - Processing /home/airflow/.local/lib/python3.10/site-packages/airflow/example_dags/example_nested_branch_dag.py took 0.107 seconds
[2024-12-30T16:49:27.844+0000] {processor.py:186} INFO - Started process (PID=33495) to work on /home/airflow/.local/lib/python3.10/site-packages/airflow/example_dags/example_nested_branch_dag.py
[2024-12-30T16:49:27.846+0000] {processor.py:914} INFO - Processing file /home/airflow/.local/lib/python3.10/site-packages/airflow/example_dags/example_nested_branch_dag.py for tasks to queue
[2024-12-30T16:49:27.847+0000] {logging_mixin.py:190} INFO - [2024-12-30T16:49:27.847+0000] {dagbag.py:588} INFO - Filling up the DagBag from /home/airflow/.local/lib/python3.10/site-packages/airflow/example_dags/example_nested_branch_dag.py
[2024-12-30T16:49:27.859+0000] {processor.py:925} INFO - DAG(s) 'example_nested_branch_dag' retrieved from /home/airflow/.local/lib/python3.10/site-packages/airflow/example_dags/example_nested_branch_dag.py
[2024-12-30T16:49:27.882+0000] {logging_mixin.py:190} INFO - [2024-12-30T16:49:27.882+0000] {dag.py:3239} INFO - Sync 1 DAGs
[2024-12-30T16:49:27.909+0000] {logging_mixin.py:190} INFO - [2024-12-30T16:49:27.909+0000] {dag.py:4180} INFO - Setting next_dagrun for example_nested_branch_dag to 2024-12-29 00:00:00+00:00, run_after=2024-12-30 00:00:00+00:00
[2024-12-30T16:49:27.930+0000] {processor.py:208} INFO - Processing /home/airflow/.local/lib/python3.10/site-packages/airflow/example_dags/example_nested_branch_dag.py took 0.091 seconds
[2024-12-30T16:49:58.956+0000] {processor.py:186} INFO - Started process (PID=33563) to work on /home/airflow/.local/lib/python3.10/site-packages/airflow/example_dags/example_nested_branch_dag.py
[2024-12-30T16:49:58.958+0000] {processor.py:914} INFO - Processing file /home/airflow/.local/lib/python3.10/site-packages/airflow/example_dags/example_nested_branch_dag.py for tasks to queue
[2024-12-30T16:49:58.960+0000] {logging_mixin.py:190} INFO - [2024-12-30T16:49:58.960+0000] {dagbag.py:588} INFO - Filling up the DagBag from /home/airflow/.local/lib/python3.10/site-packages/airflow/example_dags/example_nested_branch_dag.py
[2024-12-30T16:49:58.977+0000] {processor.py:925} INFO - DAG(s) 'example_nested_branch_dag' retrieved from /home/airflow/.local/lib/python3.10/site-packages/airflow/example_dags/example_nested_branch_dag.py
[2024-12-30T16:49:59.007+0000] {logging_mixin.py:190} INFO - [2024-12-30T16:49:59.006+0000] {dag.py:3239} INFO - Sync 1 DAGs
[2024-12-30T16:49:59.035+0000] {logging_mixin.py:190} INFO - [2024-12-30T16:49:59.035+0000] {dag.py:4180} INFO - Setting next_dagrun for example_nested_branch_dag to 2024-12-29 00:00:00+00:00, run_after=2024-12-30 00:00:00+00:00
[2024-12-30T16:49:59.056+0000] {processor.py:208} INFO - Processing /home/airflow/.local/lib/python3.10/site-packages/airflow/example_dags/example_nested_branch_dag.py took 0.109 seconds
[2024-12-30T16:50:29.903+0000] {processor.py:186} INFO - Started process (PID=33631) to work on /home/airflow/.local/lib/python3.10/site-packages/airflow/example_dags/example_nested_branch_dag.py
[2024-12-30T16:50:29.904+0000] {processor.py:914} INFO - Processing file /home/airflow/.local/lib/python3.10/site-packages/airflow/example_dags/example_nested_branch_dag.py for tasks to queue
[2024-12-30T16:50:29.905+0000] {logging_mixin.py:190} INFO - [2024-12-30T16:50:29.905+0000] {dagbag.py:588} INFO - Filling up the DagBag from /home/airflow/.local/lib/python3.10/site-packages/airflow/example_dags/example_nested_branch_dag.py
[2024-12-30T16:50:29.918+0000] {processor.py:925} INFO - DAG(s) 'example_nested_branch_dag' retrieved from /home/airflow/.local/lib/python3.10/site-packages/airflow/example_dags/example_nested_branch_dag.py
[2024-12-30T16:50:29.941+0000] {logging_mixin.py:190} INFO - [2024-12-30T16:50:29.941+0000] {dag.py:3239} INFO - Sync 1 DAGs
[2024-12-30T16:50:29.965+0000] {logging_mixin.py:190} INFO - [2024-12-30T16:50:29.964+0000] {dag.py:4180} INFO - Setting next_dagrun for example_nested_branch_dag to 2024-12-29 00:00:00+00:00, run_after=2024-12-30 00:00:00+00:00
[2024-12-30T16:50:29.983+0000] {processor.py:208} INFO - Processing /home/airflow/.local/lib/python3.10/site-packages/airflow/example_dags/example_nested_branch_dag.py took 0.086 seconds
[2024-12-30T16:51:00.591+0000] {processor.py:186} INFO - Started process (PID=33699) to work on /home/airflow/.local/lib/python3.10/site-packages/airflow/example_dags/example_nested_branch_dag.py
[2024-12-30T16:51:00.593+0000] {processor.py:914} INFO - Processing file /home/airflow/.local/lib/python3.10/site-packages/airflow/example_dags/example_nested_branch_dag.py for tasks to queue
[2024-12-30T16:51:00.594+0000] {logging_mixin.py:190} INFO - [2024-12-30T16:51:00.594+0000] {dagbag.py:588} INFO - Filling up the DagBag from /home/airflow/.local/lib/python3.10/site-packages/airflow/example_dags/example_nested_branch_dag.py
[2024-12-30T16:51:00.608+0000] {processor.py:925} INFO - DAG(s) 'example_nested_branch_dag' retrieved from /home/airflow/.local/lib/python3.10/site-packages/airflow/example_dags/example_nested_branch_dag.py
[2024-12-30T16:51:00.635+0000] {logging_mixin.py:190} INFO - [2024-12-30T16:51:00.635+0000] {dag.py:3239} INFO - Sync 1 DAGs
[2024-12-30T16:51:00.660+0000] {logging_mixin.py:190} INFO - [2024-12-30T16:51:00.660+0000] {dag.py:4180} INFO - Setting next_dagrun for example_nested_branch_dag to 2024-12-29 00:00:00+00:00, run_after=2024-12-30 00:00:00+00:00
[2024-12-30T16:51:00.680+0000] {processor.py:208} INFO - Processing /home/airflow/.local/lib/python3.10/site-packages/airflow/example_dags/example_nested_branch_dag.py took 0.096 seconds
[2024-12-30T16:51:31.298+0000] {processor.py:186} INFO - Started process (PID=33767) to work on /home/airflow/.local/lib/python3.10/site-packages/airflow/example_dags/example_nested_branch_dag.py
[2024-12-30T16:51:31.300+0000] {processor.py:914} INFO - Processing file /home/airflow/.local/lib/python3.10/site-packages/airflow/example_dags/example_nested_branch_dag.py for tasks to queue
[2024-12-30T16:51:31.301+0000] {logging_mixin.py:190} INFO - [2024-12-30T16:51:31.301+0000] {dagbag.py:588} INFO - Filling up the DagBag from /home/airflow/.local/lib/python3.10/site-packages/airflow/example_dags/example_nested_branch_dag.py
[2024-12-30T16:51:31.313+0000] {processor.py:925} INFO - DAG(s) 'example_nested_branch_dag' retrieved from /home/airflow/.local/lib/python3.10/site-packages/airflow/example_dags/example_nested_branch_dag.py
[2024-12-30T16:51:31.335+0000] {logging_mixin.py:190} INFO - [2024-12-30T16:51:31.335+0000] {dag.py:3239} INFO - Sync 1 DAGs
[2024-12-30T16:51:31.364+0000] {logging_mixin.py:190} INFO - [2024-12-30T16:51:31.363+0000] {dag.py:4180} INFO - Setting next_dagrun for example_nested_branch_dag to 2024-12-29 00:00:00+00:00, run_after=2024-12-30 00:00:00+00:00
[2024-12-30T16:51:31.388+0000] {processor.py:208} INFO - Processing /home/airflow/.local/lib/python3.10/site-packages/airflow/example_dags/example_nested_branch_dag.py took 0.096 seconds
[2024-12-30T16:52:02.575+0000] {processor.py:186} INFO - Started process (PID=33835) to work on /home/airflow/.local/lib/python3.10/site-packages/airflow/example_dags/example_nested_branch_dag.py
[2024-12-30T16:52:02.576+0000] {processor.py:914} INFO - Processing file /home/airflow/.local/lib/python3.10/site-packages/airflow/example_dags/example_nested_branch_dag.py for tasks to queue
[2024-12-30T16:52:02.577+0000] {logging_mixin.py:190} INFO - [2024-12-30T16:52:02.577+0000] {dagbag.py:588} INFO - Filling up the DagBag from /home/airflow/.local/lib/python3.10/site-packages/airflow/example_dags/example_nested_branch_dag.py
[2024-12-30T16:52:02.589+0000] {processor.py:925} INFO - DAG(s) 'example_nested_branch_dag' retrieved from /home/airflow/.local/lib/python3.10/site-packages/airflow/example_dags/example_nested_branch_dag.py
[2024-12-30T16:52:02.613+0000] {logging_mixin.py:190} INFO - [2024-12-30T16:52:02.613+0000] {dag.py:3239} INFO - Sync 1 DAGs
[2024-12-30T16:52:02.638+0000] {logging_mixin.py:190} INFO - [2024-12-30T16:52:02.638+0000] {dag.py:4180} INFO - Setting next_dagrun for example_nested_branch_dag to 2024-12-29 00:00:00+00:00, run_after=2024-12-30 00:00:00+00:00
[2024-12-30T16:52:02.659+0000] {processor.py:208} INFO - Processing /home/airflow/.local/lib/python3.10/site-packages/airflow/example_dags/example_nested_branch_dag.py took 0.091 seconds
[2024-12-30T16:52:32.902+0000] {processor.py:186} INFO - Started process (PID=33903) to work on /home/airflow/.local/lib/python3.10/site-packages/airflow/example_dags/example_nested_branch_dag.py
[2024-12-30T16:52:32.903+0000] {processor.py:914} INFO - Processing file /home/airflow/.local/lib/python3.10/site-packages/airflow/example_dags/example_nested_branch_dag.py for tasks to queue
[2024-12-30T16:52:32.905+0000] {logging_mixin.py:190} INFO - [2024-12-30T16:52:32.904+0000] {dagbag.py:588} INFO - Filling up the DagBag from /home/airflow/.local/lib/python3.10/site-packages/airflow/example_dags/example_nested_branch_dag.py
[2024-12-30T16:52:32.916+0000] {processor.py:925} INFO - DAG(s) 'example_nested_branch_dag' retrieved from /home/airflow/.local/lib/python3.10/site-packages/airflow/example_dags/example_nested_branch_dag.py
[2024-12-30T16:52:32.940+0000] {logging_mixin.py:190} INFO - [2024-12-30T16:52:32.940+0000] {dag.py:3239} INFO - Sync 1 DAGs
[2024-12-30T16:52:32.964+0000] {logging_mixin.py:190} INFO - [2024-12-30T16:52:32.964+0000] {dag.py:4180} INFO - Setting next_dagrun for example_nested_branch_dag to 2024-12-29 00:00:00+00:00, run_after=2024-12-30 00:00:00+00:00
[2024-12-30T16:52:32.986+0000] {processor.py:208} INFO - Processing /home/airflow/.local/lib/python3.10/site-packages/airflow/example_dags/example_nested_branch_dag.py took 0.091 seconds
[2024-12-30T16:53:04.504+0000] {processor.py:186} INFO - Started process (PID=33971) to work on /home/airflow/.local/lib/python3.10/site-packages/airflow/example_dags/example_nested_branch_dag.py
[2024-12-30T16:53:04.505+0000] {processor.py:914} INFO - Processing file /home/airflow/.local/lib/python3.10/site-packages/airflow/example_dags/example_nested_branch_dag.py for tasks to queue
[2024-12-30T16:53:04.507+0000] {logging_mixin.py:190} INFO - [2024-12-30T16:53:04.506+0000] {dagbag.py:588} INFO - Filling up the DagBag from /home/airflow/.local/lib/python3.10/site-packages/airflow/example_dags/example_nested_branch_dag.py
[2024-12-30T16:53:04.522+0000] {processor.py:925} INFO - DAG(s) 'example_nested_branch_dag' retrieved from /home/airflow/.local/lib/python3.10/site-packages/airflow/example_dags/example_nested_branch_dag.py
[2024-12-30T16:53:04.550+0000] {logging_mixin.py:190} INFO - [2024-12-30T16:53:04.550+0000] {dag.py:3239} INFO - Sync 1 DAGs
[2024-12-30T16:53:04.582+0000] {logging_mixin.py:190} INFO - [2024-12-30T16:53:04.582+0000] {dag.py:4180} INFO - Setting next_dagrun for example_nested_branch_dag to 2024-12-29 00:00:00+00:00, run_after=2024-12-30 00:00:00+00:00
[2024-12-30T16:53:04.605+0000] {processor.py:208} INFO - Processing /home/airflow/.local/lib/python3.10/site-packages/airflow/example_dags/example_nested_branch_dag.py took 0.110 seconds
[2024-12-30T16:53:35.449+0000] {processor.py:186} INFO - Started process (PID=34039) to work on /home/airflow/.local/lib/python3.10/site-packages/airflow/example_dags/example_nested_branch_dag.py
[2024-12-30T16:53:35.450+0000] {processor.py:914} INFO - Processing file /home/airflow/.local/lib/python3.10/site-packages/airflow/example_dags/example_nested_branch_dag.py for tasks to queue
[2024-12-30T16:53:35.452+0000] {logging_mixin.py:190} INFO - [2024-12-30T16:53:35.451+0000] {dagbag.py:588} INFO - Filling up the DagBag from /home/airflow/.local/lib/python3.10/site-packages/airflow/example_dags/example_nested_branch_dag.py
[2024-12-30T16:53:35.463+0000] {processor.py:925} INFO - DAG(s) 'example_nested_branch_dag' retrieved from /home/airflow/.local/lib/python3.10/site-packages/airflow/example_dags/example_nested_branch_dag.py
[2024-12-30T16:53:35.485+0000] {logging_mixin.py:190} INFO - [2024-12-30T16:53:35.484+0000] {dag.py:3239} INFO - Sync 1 DAGs
[2024-12-30T16:53:35.509+0000] {logging_mixin.py:190} INFO - [2024-12-30T16:53:35.508+0000] {dag.py:4180} INFO - Setting next_dagrun for example_nested_branch_dag to 2024-12-29 00:00:00+00:00, run_after=2024-12-30 00:00:00+00:00
[2024-12-30T16:53:35.528+0000] {processor.py:208} INFO - Processing /home/airflow/.local/lib/python3.10/site-packages/airflow/example_dags/example_nested_branch_dag.py took 0.086 seconds
