[2024-12-30T16:44:52.039+0000] {processor.py:186} INFO - Started process (PID=32898) to work on /home/airflow/.local/lib/python3.10/site-packages/airflow/example_dags/example_params_trigger_ui.py
[2024-12-30T16:44:52.043+0000] {processor.py:914} INFO - Processing file /home/airflow/.local/lib/python3.10/site-packages/airflow/example_dags/example_params_trigger_ui.py for tasks to queue
[2024-12-30T16:44:52.047+0000] {logging_mixin.py:190} INFO - [2024-12-30T16:44:52.046+0000] {dagbag.py:588} INFO - Filling up the DagBag from /home/airflow/.local/lib/python3.10/site-packages/airflow/example_dags/example_params_trigger_ui.py
[2024-12-30T16:44:52.096+0000] {processor.py:925} INFO - DAG(s) 'example_params_trigger_ui' retrieved from /home/airflow/.local/lib/python3.10/site-packages/airflow/example_dags/example_params_trigger_ui.py
[2024-12-30T16:44:52.191+0000] {logging_mixin.py:190} INFO - [2024-12-30T16:44:52.191+0000] {dag.py:3239} INFO - Sync 1 DAGs
[2024-12-30T16:44:52.234+0000] {logging_mixin.py:190} INFO - [2024-12-30T16:44:52.233+0000] {dag.py:4180} INFO - Setting next_dagrun for example_params_trigger_ui to None, run_after=None
[2024-12-30T16:44:52.272+0000] {processor.py:208} INFO - Processing /home/airflow/.local/lib/python3.10/site-packages/airflow/example_dags/example_params_trigger_ui.py took 0.258 seconds
[2024-12-30T16:45:22.792+0000] {processor.py:186} INFO - Started process (PID=32966) to work on /home/airflow/.local/lib/python3.10/site-packages/airflow/example_dags/example_params_trigger_ui.py
[2024-12-30T16:45:22.794+0000] {processor.py:914} INFO - Processing file /home/airflow/.local/lib/python3.10/site-packages/airflow/example_dags/example_params_trigger_ui.py for tasks to queue
[2024-12-30T16:45:22.795+0000] {logging_mixin.py:190} INFO - [2024-12-30T16:45:22.795+0000] {dagbag.py:588} INFO - Filling up the DagBag from /home/airflow/.local/lib/python3.10/site-packages/airflow/example_dags/example_params_trigger_ui.py
[2024-12-30T16:45:22.807+0000] {processor.py:925} INFO - DAG(s) 'example_params_trigger_ui' retrieved from /home/airflow/.local/lib/python3.10/site-packages/airflow/example_dags/example_params_trigger_ui.py
[2024-12-30T16:45:22.855+0000] {logging_mixin.py:190} INFO - [2024-12-30T16:45:22.855+0000] {dag.py:3239} INFO - Sync 1 DAGs
[2024-12-30T16:45:22.870+0000] {logging_mixin.py:190} INFO - [2024-12-30T16:45:22.869+0000] {dag.py:4180} INFO - Setting next_dagrun for example_params_trigger_ui to None, run_after=None
[2024-12-30T16:45:22.891+0000] {processor.py:208} INFO - Processing /home/airflow/.local/lib/python3.10/site-packages/airflow/example_dags/example_params_trigger_ui.py took 0.104 seconds
[2024-12-30T16:45:53.296+0000] {processor.py:186} INFO - Started process (PID=33034) to work on /home/airflow/.local/lib/python3.10/site-packages/airflow/example_dags/example_params_trigger_ui.py
[2024-12-30T16:45:53.298+0000] {processor.py:914} INFO - Processing file /home/airflow/.local/lib/python3.10/site-packages/airflow/example_dags/example_params_trigger_ui.py for tasks to queue
[2024-12-30T16:45:53.299+0000] {logging_mixin.py:190} INFO - [2024-12-30T16:45:53.299+0000] {dagbag.py:588} INFO - Filling up the DagBag from /home/airflow/.local/lib/python3.10/site-packages/airflow/example_dags/example_params_trigger_ui.py
[2024-12-30T16:45:53.311+0000] {processor.py:925} INFO - DAG(s) 'example_params_trigger_ui' retrieved from /home/airflow/.local/lib/python3.10/site-packages/airflow/example_dags/example_params_trigger_ui.py
[2024-12-30T16:45:53.363+0000] {logging_mixin.py:190} INFO - [2024-12-30T16:45:53.362+0000] {dag.py:3239} INFO - Sync 1 DAGs
[2024-12-30T16:45:53.381+0000] {logging_mixin.py:190} INFO - [2024-12-30T16:45:53.380+0000] {dag.py:4180} INFO - Setting next_dagrun for example_params_trigger_ui to None, run_after=None
[2024-12-30T16:45:53.401+0000] {processor.py:208} INFO - Processing /home/airflow/.local/lib/python3.10/site-packages/airflow/example_dags/example_params_trigger_ui.py took 0.110 seconds
[2024-12-30T16:46:23.760+0000] {processor.py:186} INFO - Started process (PID=33101) to work on /home/airflow/.local/lib/python3.10/site-packages/airflow/example_dags/example_params_trigger_ui.py
[2024-12-30T16:46:23.761+0000] {processor.py:914} INFO - Processing file /home/airflow/.local/lib/python3.10/site-packages/airflow/example_dags/example_params_trigger_ui.py for tasks to queue
[2024-12-30T16:46:23.763+0000] {logging_mixin.py:190} INFO - [2024-12-30T16:46:23.762+0000] {dagbag.py:588} INFO - Filling up the DagBag from /home/airflow/.local/lib/python3.10/site-packages/airflow/example_dags/example_params_trigger_ui.py
[2024-12-30T16:46:23.776+0000] {processor.py:925} INFO - DAG(s) 'example_params_trigger_ui' retrieved from /home/airflow/.local/lib/python3.10/site-packages/airflow/example_dags/example_params_trigger_ui.py
[2024-12-30T16:46:23.827+0000] {logging_mixin.py:190} INFO - [2024-12-30T16:46:23.827+0000] {dag.py:3239} INFO - Sync 1 DAGs
[2024-12-30T16:46:23.840+0000] {logging_mixin.py:190} INFO - [2024-12-30T16:46:23.840+0000] {dag.py:4180} INFO - Setting next_dagrun for example_params_trigger_ui to None, run_after=None
[2024-12-30T16:46:23.865+0000] {processor.py:208} INFO - Processing /home/airflow/.local/lib/python3.10/site-packages/airflow/example_dags/example_params_trigger_ui.py took 0.112 seconds
[2024-12-30T16:46:54.554+0000] {processor.py:186} INFO - Started process (PID=33169) to work on /home/airflow/.local/lib/python3.10/site-packages/airflow/example_dags/example_params_trigger_ui.py
[2024-12-30T16:46:54.556+0000] {processor.py:914} INFO - Processing file /home/airflow/.local/lib/python3.10/site-packages/airflow/example_dags/example_params_trigger_ui.py for tasks to queue
[2024-12-30T16:46:54.558+0000] {logging_mixin.py:190} INFO - [2024-12-30T16:46:54.557+0000] {dagbag.py:588} INFO - Filling up the DagBag from /home/airflow/.local/lib/python3.10/site-packages/airflow/example_dags/example_params_trigger_ui.py
[2024-12-30T16:46:54.577+0000] {processor.py:925} INFO - DAG(s) 'example_params_trigger_ui' retrieved from /home/airflow/.local/lib/python3.10/site-packages/airflow/example_dags/example_params_trigger_ui.py
[2024-12-30T16:46:54.630+0000] {logging_mixin.py:190} INFO - [2024-12-30T16:46:54.629+0000] {dag.py:3239} INFO - Sync 1 DAGs
[2024-12-30T16:46:54.646+0000] {logging_mixin.py:190} INFO - [2024-12-30T16:46:54.646+0000] {dag.py:4180} INFO - Setting next_dagrun for example_params_trigger_ui to None, run_after=None
[2024-12-30T16:46:54.828+0000] {processor.py:208} INFO - Processing /home/airflow/.local/lib/python3.10/site-packages/airflow/example_dags/example_params_trigger_ui.py took 0.279 seconds
[2024-12-30T16:47:25.401+0000] {processor.py:186} INFO - Started process (PID=33238) to work on /home/airflow/.local/lib/python3.10/site-packages/airflow/example_dags/example_params_trigger_ui.py
[2024-12-30T16:47:25.402+0000] {processor.py:914} INFO - Processing file /home/airflow/.local/lib/python3.10/site-packages/airflow/example_dags/example_params_trigger_ui.py for tasks to queue
[2024-12-30T16:47:25.404+0000] {logging_mixin.py:190} INFO - [2024-12-30T16:47:25.403+0000] {dagbag.py:588} INFO - Filling up the DagBag from /home/airflow/.local/lib/python3.10/site-packages/airflow/example_dags/example_params_trigger_ui.py
[2024-12-30T16:47:25.416+0000] {processor.py:925} INFO - DAG(s) 'example_params_trigger_ui' retrieved from /home/airflow/.local/lib/python3.10/site-packages/airflow/example_dags/example_params_trigger_ui.py
[2024-12-30T16:47:25.468+0000] {logging_mixin.py:190} INFO - [2024-12-30T16:47:25.468+0000] {dag.py:3239} INFO - Sync 1 DAGs
[2024-12-30T16:47:25.483+0000] {logging_mixin.py:190} INFO - [2024-12-30T16:47:25.483+0000] {dag.py:4180} INFO - Setting next_dagrun for example_params_trigger_ui to None, run_after=None
[2024-12-30T16:47:25.662+0000] {processor.py:208} INFO - Processing /home/airflow/.local/lib/python3.10/site-packages/airflow/example_dags/example_params_trigger_ui.py took 0.268 seconds
[2024-12-30T16:47:55.977+0000] {processor.py:186} INFO - Started process (PID=33306) to work on /home/airflow/.local/lib/python3.10/site-packages/airflow/example_dags/example_params_trigger_ui.py
[2024-12-30T16:47:55.979+0000] {processor.py:914} INFO - Processing file /home/airflow/.local/lib/python3.10/site-packages/airflow/example_dags/example_params_trigger_ui.py for tasks to queue
[2024-12-30T16:47:55.982+0000] {logging_mixin.py:190} INFO - [2024-12-30T16:47:55.982+0000] {dagbag.py:588} INFO - Filling up the DagBag from /home/airflow/.local/lib/python3.10/site-packages/airflow/example_dags/example_params_trigger_ui.py
[2024-12-30T16:47:56.001+0000] {processor.py:925} INFO - DAG(s) 'example_params_trigger_ui' retrieved from /home/airflow/.local/lib/python3.10/site-packages/airflow/example_dags/example_params_trigger_ui.py
[2024-12-30T16:47:56.077+0000] {logging_mixin.py:190} INFO - [2024-12-30T16:47:56.076+0000] {dag.py:3239} INFO - Sync 1 DAGs
[2024-12-30T16:47:56.096+0000] {logging_mixin.py:190} INFO - [2024-12-30T16:47:56.095+0000] {dag.py:4180} INFO - Setting next_dagrun for example_params_trigger_ui to None, run_after=None
[2024-12-30T16:47:56.305+0000] {processor.py:208} INFO - Processing /home/airflow/.local/lib/python3.10/site-packages/airflow/example_dags/example_params_trigger_ui.py took 0.335 seconds
[2024-12-30T16:48:27.312+0000] {processor.py:186} INFO - Started process (PID=33373) to work on /home/airflow/.local/lib/python3.10/site-packages/airflow/example_dags/example_params_trigger_ui.py
[2024-12-30T16:48:27.314+0000] {processor.py:914} INFO - Processing file /home/airflow/.local/lib/python3.10/site-packages/airflow/example_dags/example_params_trigger_ui.py for tasks to queue
[2024-12-30T16:48:27.317+0000] {logging_mixin.py:190} INFO - [2024-12-30T16:48:27.316+0000] {dagbag.py:588} INFO - Filling up the DagBag from /home/airflow/.local/lib/python3.10/site-packages/airflow/example_dags/example_params_trigger_ui.py
[2024-12-30T16:48:27.333+0000] {processor.py:925} INFO - DAG(s) 'example_params_trigger_ui' retrieved from /home/airflow/.local/lib/python3.10/site-packages/airflow/example_dags/example_params_trigger_ui.py
[2024-12-30T16:48:27.392+0000] {logging_mixin.py:190} INFO - [2024-12-30T16:48:27.392+0000] {dag.py:3239} INFO - Sync 1 DAGs
[2024-12-30T16:48:27.411+0000] {logging_mixin.py:190} INFO - [2024-12-30T16:48:27.410+0000] {dag.py:4180} INFO - Setting next_dagrun for example_params_trigger_ui to None, run_after=None
[2024-12-30T16:48:27.626+0000] {processor.py:208} INFO - Processing /home/airflow/.local/lib/python3.10/site-packages/airflow/example_dags/example_params_trigger_ui.py took 0.323 seconds
[2024-12-30T16:48:58.470+0000] {processor.py:186} INFO - Started process (PID=33441) to work on /home/airflow/.local/lib/python3.10/site-packages/airflow/example_dags/example_params_trigger_ui.py
[2024-12-30T16:48:58.471+0000] {processor.py:914} INFO - Processing file /home/airflow/.local/lib/python3.10/site-packages/airflow/example_dags/example_params_trigger_ui.py for tasks to queue
[2024-12-30T16:48:58.473+0000] {logging_mixin.py:190} INFO - [2024-12-30T16:48:58.473+0000] {dagbag.py:588} INFO - Filling up the DagBag from /home/airflow/.local/lib/python3.10/site-packages/airflow/example_dags/example_params_trigger_ui.py
[2024-12-30T16:48:58.490+0000] {processor.py:925} INFO - DAG(s) 'example_params_trigger_ui' retrieved from /home/airflow/.local/lib/python3.10/site-packages/airflow/example_dags/example_params_trigger_ui.py
[2024-12-30T16:48:58.553+0000] {logging_mixin.py:190} INFO - [2024-12-30T16:48:58.552+0000] {dag.py:3239} INFO - Sync 1 DAGs
[2024-12-30T16:48:58.570+0000] {logging_mixin.py:190} INFO - [2024-12-30T16:48:58.570+0000] {dag.py:4180} INFO - Setting next_dagrun for example_params_trigger_ui to None, run_after=None
[2024-12-30T16:48:58.740+0000] {processor.py:208} INFO - Processing /home/airflow/.local/lib/python3.10/site-packages/airflow/example_dags/example_params_trigger_ui.py took 0.278 seconds
[2024-12-30T16:49:28.843+0000] {processor.py:186} INFO - Started process (PID=33509) to work on /home/airflow/.local/lib/python3.10/site-packages/airflow/example_dags/example_params_trigger_ui.py
[2024-12-30T16:49:28.844+0000] {processor.py:914} INFO - Processing file /home/airflow/.local/lib/python3.10/site-packages/airflow/example_dags/example_params_trigger_ui.py for tasks to queue
[2024-12-30T16:49:28.845+0000] {logging_mixin.py:190} INFO - [2024-12-30T16:49:28.845+0000] {dagbag.py:588} INFO - Filling up the DagBag from /home/airflow/.local/lib/python3.10/site-packages/airflow/example_dags/example_params_trigger_ui.py
[2024-12-30T16:49:28.858+0000] {processor.py:925} INFO - DAG(s) 'example_params_trigger_ui' retrieved from /home/airflow/.local/lib/python3.10/site-packages/airflow/example_dags/example_params_trigger_ui.py
[2024-12-30T16:49:28.902+0000] {logging_mixin.py:190} INFO - [2024-12-30T16:49:28.901+0000] {dag.py:3239} INFO - Sync 1 DAGs
[2024-12-30T16:49:28.920+0000] {logging_mixin.py:190} INFO - [2024-12-30T16:49:28.920+0000] {dag.py:4180} INFO - Setting next_dagrun for example_params_trigger_ui to None, run_after=None
[2024-12-30T16:49:29.081+0000] {processor.py:208} INFO - Processing /home/airflow/.local/lib/python3.10/site-packages/airflow/example_dags/example_params_trigger_ui.py took 0.243 seconds
[2024-12-30T16:50:00.166+0000] {processor.py:186} INFO - Started process (PID=33577) to work on /home/airflow/.local/lib/python3.10/site-packages/airflow/example_dags/example_params_trigger_ui.py
[2024-12-30T16:50:00.167+0000] {processor.py:914} INFO - Processing file /home/airflow/.local/lib/python3.10/site-packages/airflow/example_dags/example_params_trigger_ui.py for tasks to queue
[2024-12-30T16:50:00.169+0000] {logging_mixin.py:190} INFO - [2024-12-30T16:50:00.169+0000] {dagbag.py:588} INFO - Filling up the DagBag from /home/airflow/.local/lib/python3.10/site-packages/airflow/example_dags/example_params_trigger_ui.py
[2024-12-30T16:50:00.181+0000] {processor.py:925} INFO - DAG(s) 'example_params_trigger_ui' retrieved from /home/airflow/.local/lib/python3.10/site-packages/airflow/example_dags/example_params_trigger_ui.py
[2024-12-30T16:50:00.231+0000] {logging_mixin.py:190} INFO - [2024-12-30T16:50:00.230+0000] {dag.py:3239} INFO - Sync 1 DAGs
[2024-12-30T16:50:00.246+0000] {logging_mixin.py:190} INFO - [2024-12-30T16:50:00.246+0000] {dag.py:4180} INFO - Setting next_dagrun for example_params_trigger_ui to None, run_after=None
[2024-12-30T16:50:00.266+0000] {processor.py:208} INFO - Processing /home/airflow/.local/lib/python3.10/site-packages/airflow/example_dags/example_params_trigger_ui.py took 0.106 seconds
[2024-12-30T16:50:30.903+0000] {processor.py:186} INFO - Started process (PID=33645) to work on /home/airflow/.local/lib/python3.10/site-packages/airflow/example_dags/example_params_trigger_ui.py
[2024-12-30T16:50:30.905+0000] {processor.py:914} INFO - Processing file /home/airflow/.local/lib/python3.10/site-packages/airflow/example_dags/example_params_trigger_ui.py for tasks to queue
[2024-12-30T16:50:30.907+0000] {logging_mixin.py:190} INFO - [2024-12-30T16:50:30.906+0000] {dagbag.py:588} INFO - Filling up the DagBag from /home/airflow/.local/lib/python3.10/site-packages/airflow/example_dags/example_params_trigger_ui.py
[2024-12-30T16:50:30.919+0000] {processor.py:925} INFO - DAG(s) 'example_params_trigger_ui' retrieved from /home/airflow/.local/lib/python3.10/site-packages/airflow/example_dags/example_params_trigger_ui.py
[2024-12-30T16:50:30.981+0000] {logging_mixin.py:190} INFO - [2024-12-30T16:50:30.980+0000] {dag.py:3239} INFO - Sync 1 DAGs
[2024-12-30T16:50:30.995+0000] {logging_mixin.py:190} INFO - [2024-12-30T16:50:30.995+0000] {dag.py:4180} INFO - Setting next_dagrun for example_params_trigger_ui to None, run_after=None
[2024-12-30T16:50:31.015+0000] {processor.py:208} INFO - Processing /home/airflow/.local/lib/python3.10/site-packages/airflow/example_dags/example_params_trigger_ui.py took 0.117 seconds
[2024-12-30T16:51:01.710+0000] {processor.py:186} INFO - Started process (PID=33713) to work on /home/airflow/.local/lib/python3.10/site-packages/airflow/example_dags/example_params_trigger_ui.py
[2024-12-30T16:51:01.712+0000] {processor.py:914} INFO - Processing file /home/airflow/.local/lib/python3.10/site-packages/airflow/example_dags/example_params_trigger_ui.py for tasks to queue
[2024-12-30T16:51:01.713+0000] {logging_mixin.py:190} INFO - [2024-12-30T16:51:01.713+0000] {dagbag.py:588} INFO - Filling up the DagBag from /home/airflow/.local/lib/python3.10/site-packages/airflow/example_dags/example_params_trigger_ui.py
[2024-12-30T16:51:01.728+0000] {processor.py:925} INFO - DAG(s) 'example_params_trigger_ui' retrieved from /home/airflow/.local/lib/python3.10/site-packages/airflow/example_dags/example_params_trigger_ui.py
[2024-12-30T16:51:01.776+0000] {logging_mixin.py:190} INFO - [2024-12-30T16:51:01.776+0000] {dag.py:3239} INFO - Sync 1 DAGs
[2024-12-30T16:51:01.789+0000] {logging_mixin.py:190} INFO - [2024-12-30T16:51:01.789+0000] {dag.py:4180} INFO - Setting next_dagrun for example_params_trigger_ui to None, run_after=None
[2024-12-30T16:51:01.809+0000] {processor.py:208} INFO - Processing /home/airflow/.local/lib/python3.10/site-packages/airflow/example_dags/example_params_trigger_ui.py took 0.106 seconds
[2024-12-30T16:51:32.420+0000] {processor.py:186} INFO - Started process (PID=33781) to work on /home/airflow/.local/lib/python3.10/site-packages/airflow/example_dags/example_params_trigger_ui.py
[2024-12-30T16:51:32.421+0000] {processor.py:914} INFO - Processing file /home/airflow/.local/lib/python3.10/site-packages/airflow/example_dags/example_params_trigger_ui.py for tasks to queue
[2024-12-30T16:51:32.422+0000] {logging_mixin.py:190} INFO - [2024-12-30T16:51:32.422+0000] {dagbag.py:588} INFO - Filling up the DagBag from /home/airflow/.local/lib/python3.10/site-packages/airflow/example_dags/example_params_trigger_ui.py
[2024-12-30T16:51:32.434+0000] {processor.py:925} INFO - DAG(s) 'example_params_trigger_ui' retrieved from /home/airflow/.local/lib/python3.10/site-packages/airflow/example_dags/example_params_trigger_ui.py
[2024-12-30T16:51:32.478+0000] {logging_mixin.py:190} INFO - [2024-12-30T16:51:32.478+0000] {dag.py:3239} INFO - Sync 1 DAGs
[2024-12-30T16:51:32.491+0000] {logging_mixin.py:190} INFO - [2024-12-30T16:51:32.491+0000] {dag.py:4180} INFO - Setting next_dagrun for example_params_trigger_ui to None, run_after=None
[2024-12-30T16:51:32.512+0000] {processor.py:208} INFO - Processing /home/airflow/.local/lib/python3.10/site-packages/airflow/example_dags/example_params_trigger_ui.py took 0.099 seconds
[2024-12-30T16:52:03.431+0000] {processor.py:186} INFO - Started process (PID=33848) to work on /home/airflow/.local/lib/python3.10/site-packages/airflow/example_dags/example_params_trigger_ui.py
[2024-12-30T16:52:03.433+0000] {processor.py:914} INFO - Processing file /home/airflow/.local/lib/python3.10/site-packages/airflow/example_dags/example_params_trigger_ui.py for tasks to queue
[2024-12-30T16:52:03.435+0000] {logging_mixin.py:190} INFO - [2024-12-30T16:52:03.435+0000] {dagbag.py:588} INFO - Filling up the DagBag from /home/airflow/.local/lib/python3.10/site-packages/airflow/example_dags/example_params_trigger_ui.py
[2024-12-30T16:52:03.449+0000] {processor.py:925} INFO - DAG(s) 'example_params_trigger_ui' retrieved from /home/airflow/.local/lib/python3.10/site-packages/airflow/example_dags/example_params_trigger_ui.py
[2024-12-30T16:52:03.505+0000] {logging_mixin.py:190} INFO - [2024-12-30T16:52:03.505+0000] {dag.py:3239} INFO - Sync 1 DAGs
[2024-12-30T16:52:03.523+0000] {logging_mixin.py:190} INFO - [2024-12-30T16:52:03.522+0000] {dag.py:4180} INFO - Setting next_dagrun for example_params_trigger_ui to None, run_after=None
[2024-12-30T16:52:03.544+0000] {processor.py:208} INFO - Processing /home/airflow/.local/lib/python3.10/site-packages/airflow/example_dags/example_params_trigger_ui.py took 0.118 seconds
[2024-12-30T16:52:33.788+0000] {processor.py:186} INFO - Started process (PID=33917) to work on /home/airflow/.local/lib/python3.10/site-packages/airflow/example_dags/example_params_trigger_ui.py
[2024-12-30T16:52:33.790+0000] {processor.py:914} INFO - Processing file /home/airflow/.local/lib/python3.10/site-packages/airflow/example_dags/example_params_trigger_ui.py for tasks to queue
[2024-12-30T16:52:33.792+0000] {logging_mixin.py:190} INFO - [2024-12-30T16:52:33.791+0000] {dagbag.py:588} INFO - Filling up the DagBag from /home/airflow/.local/lib/python3.10/site-packages/airflow/example_dags/example_params_trigger_ui.py
[2024-12-30T16:52:33.812+0000] {processor.py:925} INFO - DAG(s) 'example_params_trigger_ui' retrieved from /home/airflow/.local/lib/python3.10/site-packages/airflow/example_dags/example_params_trigger_ui.py
[2024-12-30T16:52:33.867+0000] {logging_mixin.py:190} INFO - [2024-12-30T16:52:33.867+0000] {dag.py:3239} INFO - Sync 1 DAGs
[2024-12-30T16:52:33.883+0000] {logging_mixin.py:190} INFO - [2024-12-30T16:52:33.882+0000] {dag.py:4180} INFO - Setting next_dagrun for example_params_trigger_ui to None, run_after=None
[2024-12-30T16:52:33.905+0000] {processor.py:208} INFO - Processing /home/airflow/.local/lib/python3.10/site-packages/airflow/example_dags/example_params_trigger_ui.py took 0.125 seconds
[2024-12-30T16:53:05.715+0000] {processor.py:186} INFO - Started process (PID=33985) to work on /home/airflow/.local/lib/python3.10/site-packages/airflow/example_dags/example_params_trigger_ui.py
[2024-12-30T16:53:05.716+0000] {processor.py:914} INFO - Processing file /home/airflow/.local/lib/python3.10/site-packages/airflow/example_dags/example_params_trigger_ui.py for tasks to queue
[2024-12-30T16:53:05.719+0000] {logging_mixin.py:190} INFO - [2024-12-30T16:53:05.718+0000] {dagbag.py:588} INFO - Filling up the DagBag from /home/airflow/.local/lib/python3.10/site-packages/airflow/example_dags/example_params_trigger_ui.py
[2024-12-30T16:53:05.740+0000] {processor.py:925} INFO - DAG(s) 'example_params_trigger_ui' retrieved from /home/airflow/.local/lib/python3.10/site-packages/airflow/example_dags/example_params_trigger_ui.py
[2024-12-30T16:53:05.834+0000] {logging_mixin.py:190} INFO - [2024-12-30T16:53:05.833+0000] {dag.py:3239} INFO - Sync 1 DAGs
[2024-12-30T16:53:05.861+0000] {logging_mixin.py:190} INFO - [2024-12-30T16:53:05.860+0000] {dag.py:4180} INFO - Setting next_dagrun for example_params_trigger_ui to None, run_after=None
[2024-12-30T16:53:05.893+0000] {processor.py:208} INFO - Processing /home/airflow/.local/lib/python3.10/site-packages/airflow/example_dags/example_params_trigger_ui.py took 0.199 seconds
[2024-12-30T16:53:36.271+0000] {processor.py:186} INFO - Started process (PID=34053) to work on /home/airflow/.local/lib/python3.10/site-packages/airflow/example_dags/example_params_trigger_ui.py
[2024-12-30T16:53:36.272+0000] {processor.py:914} INFO - Processing file /home/airflow/.local/lib/python3.10/site-packages/airflow/example_dags/example_params_trigger_ui.py for tasks to queue
[2024-12-30T16:53:36.273+0000] {logging_mixin.py:190} INFO - [2024-12-30T16:53:36.273+0000] {dagbag.py:588} INFO - Filling up the DagBag from /home/airflow/.local/lib/python3.10/site-packages/airflow/example_dags/example_params_trigger_ui.py
[2024-12-30T16:53:36.286+0000] {processor.py:925} INFO - DAG(s) 'example_params_trigger_ui' retrieved from /home/airflow/.local/lib/python3.10/site-packages/airflow/example_dags/example_params_trigger_ui.py
[2024-12-30T16:53:36.329+0000] {logging_mixin.py:190} INFO - [2024-12-30T16:53:36.329+0000] {dag.py:3239} INFO - Sync 1 DAGs
[2024-12-30T16:53:36.344+0000] {logging_mixin.py:190} INFO - [2024-12-30T16:53:36.343+0000] {dag.py:4180} INFO - Setting next_dagrun for example_params_trigger_ui to None, run_after=None
[2024-12-30T16:53:36.364+0000] {processor.py:208} INFO - Processing /home/airflow/.local/lib/python3.10/site-packages/airflow/example_dags/example_params_trigger_ui.py took 0.098 seconds
