[2024-12-30T16:44:46.989+0000] {processor.py:186} INFO - Started process (PID=32875) to work on /home/airflow/.local/lib/python3.10/site-packages/airflow/example_dags/example_kubernetes_executor.py
[2024-12-30T16:44:46.990+0000] {processor.py:914} INFO - Processing file /home/airflow/.local/lib/python3.10/site-packages/airflow/example_dags/example_kubernetes_executor.py for tasks to queue
[2024-12-30T16:44:46.993+0000] {logging_mixin.py:190} INFO - [2024-12-30T16:44:46.992+0000] {dagbag.py:588} INFO - Filling up the DagBag from /home/airflow/.local/lib/python3.10/site-packages/airflow/example_dags/example_kubernetes_executor.py
[2024-12-30T16:44:47.019+0000] {processor.py:925} INFO - DAG(s) 'example_kubernetes_executor' retrieved from /home/airflow/.local/lib/python3.10/site-packages/airflow/example_dags/example_kubernetes_executor.py
[2024-12-30T16:44:47.100+0000] {logging_mixin.py:190} INFO - [2024-12-30T16:44:47.100+0000] {dag.py:3239} INFO - Sync 1 DAGs
[2024-12-30T16:44:47.163+0000] {logging_mixin.py:190} INFO - [2024-12-30T16:44:47.163+0000] {dag.py:4180} INFO - Setting next_dagrun for example_kubernetes_executor to None, run_after=None
[2024-12-30T16:44:47.244+0000] {processor.py:208} INFO - Processing /home/airflow/.local/lib/python3.10/site-packages/airflow/example_dags/example_kubernetes_executor.py took 0.265 seconds
[2024-12-30T16:45:17.935+0000] {processor.py:186} INFO - Started process (PID=32943) to work on /home/airflow/.local/lib/python3.10/site-packages/airflow/example_dags/example_kubernetes_executor.py
[2024-12-30T16:45:17.937+0000] {processor.py:914} INFO - Processing file /home/airflow/.local/lib/python3.10/site-packages/airflow/example_dags/example_kubernetes_executor.py for tasks to queue
[2024-12-30T16:45:17.938+0000] {logging_mixin.py:190} INFO - [2024-12-30T16:45:17.938+0000] {dagbag.py:588} INFO - Filling up the DagBag from /home/airflow/.local/lib/python3.10/site-packages/airflow/example_dags/example_kubernetes_executor.py
[2024-12-30T16:45:17.956+0000] {processor.py:925} INFO - DAG(s) 'example_kubernetes_executor' retrieved from /home/airflow/.local/lib/python3.10/site-packages/airflow/example_dags/example_kubernetes_executor.py
[2024-12-30T16:45:18.004+0000] {logging_mixin.py:190} INFO - [2024-12-30T16:45:18.004+0000] {dag.py:3239} INFO - Sync 1 DAGs
[2024-12-30T16:45:18.025+0000] {logging_mixin.py:190} INFO - [2024-12-30T16:45:18.024+0000] {dag.py:4180} INFO - Setting next_dagrun for example_kubernetes_executor to None, run_after=None
[2024-12-30T16:45:18.045+0000] {processor.py:208} INFO - Processing /home/airflow/.local/lib/python3.10/site-packages/airflow/example_dags/example_kubernetes_executor.py took 0.117 seconds
[2024-12-30T16:45:48.946+0000] {processor.py:186} INFO - Started process (PID=33011) to work on /home/airflow/.local/lib/python3.10/site-packages/airflow/example_dags/example_kubernetes_executor.py
[2024-12-30T16:45:48.947+0000] {processor.py:914} INFO - Processing file /home/airflow/.local/lib/python3.10/site-packages/airflow/example_dags/example_kubernetes_executor.py for tasks to queue
[2024-12-30T16:45:48.949+0000] {logging_mixin.py:190} INFO - [2024-12-30T16:45:48.949+0000] {dagbag.py:588} INFO - Filling up the DagBag from /home/airflow/.local/lib/python3.10/site-packages/airflow/example_dags/example_kubernetes_executor.py
[2024-12-30T16:45:48.975+0000] {processor.py:925} INFO - DAG(s) 'example_kubernetes_executor' retrieved from /home/airflow/.local/lib/python3.10/site-packages/airflow/example_dags/example_kubernetes_executor.py
[2024-12-30T16:45:49.040+0000] {logging_mixin.py:190} INFO - [2024-12-30T16:45:49.039+0000] {dag.py:3239} INFO - Sync 1 DAGs
[2024-12-30T16:45:49.064+0000] {logging_mixin.py:190} INFO - [2024-12-30T16:45:49.064+0000] {dag.py:4180} INFO - Setting next_dagrun for example_kubernetes_executor to None, run_after=None
[2024-12-30T16:45:49.092+0000] {processor.py:208} INFO - Processing /home/airflow/.local/lib/python3.10/site-packages/airflow/example_dags/example_kubernetes_executor.py took 0.157 seconds
[2024-12-30T16:46:19.932+0000] {processor.py:186} INFO - Started process (PID=33079) to work on /home/airflow/.local/lib/python3.10/site-packages/airflow/example_dags/example_kubernetes_executor.py
[2024-12-30T16:46:19.934+0000] {processor.py:914} INFO - Processing file /home/airflow/.local/lib/python3.10/site-packages/airflow/example_dags/example_kubernetes_executor.py for tasks to queue
[2024-12-30T16:46:19.936+0000] {logging_mixin.py:190} INFO - [2024-12-30T16:46:19.936+0000] {dagbag.py:588} INFO - Filling up the DagBag from /home/airflow/.local/lib/python3.10/site-packages/airflow/example_dags/example_kubernetes_executor.py
[2024-12-30T16:46:19.958+0000] {processor.py:925} INFO - DAG(s) 'example_kubernetes_executor' retrieved from /home/airflow/.local/lib/python3.10/site-packages/airflow/example_dags/example_kubernetes_executor.py
[2024-12-30T16:46:20.009+0000] {logging_mixin.py:190} INFO - [2024-12-30T16:46:20.009+0000] {dag.py:3239} INFO - Sync 1 DAGs
[2024-12-30T16:46:20.029+0000] {logging_mixin.py:190} INFO - [2024-12-30T16:46:20.028+0000] {dag.py:4180} INFO - Setting next_dagrun for example_kubernetes_executor to None, run_after=None
[2024-12-30T16:46:20.050+0000] {processor.py:208} INFO - Processing /home/airflow/.local/lib/python3.10/site-packages/airflow/example_dags/example_kubernetes_executor.py took 0.126 seconds
[2024-12-30T16:46:51.504+0000] {processor.py:186} INFO - Started process (PID=33147) to work on /home/airflow/.local/lib/python3.10/site-packages/airflow/example_dags/example_kubernetes_executor.py
[2024-12-30T16:46:51.506+0000] {processor.py:914} INFO - Processing file /home/airflow/.local/lib/python3.10/site-packages/airflow/example_dags/example_kubernetes_executor.py for tasks to queue
[2024-12-30T16:46:51.508+0000] {logging_mixin.py:190} INFO - [2024-12-30T16:46:51.507+0000] {dagbag.py:588} INFO - Filling up the DagBag from /home/airflow/.local/lib/python3.10/site-packages/airflow/example_dags/example_kubernetes_executor.py
[2024-12-30T16:46:51.523+0000] {processor.py:925} INFO - DAG(s) 'example_kubernetes_executor' retrieved from /home/airflow/.local/lib/python3.10/site-packages/airflow/example_dags/example_kubernetes_executor.py
[2024-12-30T16:46:51.562+0000] {logging_mixin.py:190} INFO - [2024-12-30T16:46:51.562+0000] {dag.py:3239} INFO - Sync 1 DAGs
[2024-12-30T16:46:51.577+0000] {logging_mixin.py:190} INFO - [2024-12-30T16:46:51.577+0000] {dag.py:4180} INFO - Setting next_dagrun for example_kubernetes_executor to None, run_after=None
[2024-12-30T16:46:51.742+0000] {processor.py:208} INFO - Processing /home/airflow/.local/lib/python3.10/site-packages/airflow/example_dags/example_kubernetes_executor.py took 0.243 seconds
[2024-12-30T16:47:22.889+0000] {processor.py:186} INFO - Started process (PID=33215) to work on /home/airflow/.local/lib/python3.10/site-packages/airflow/example_dags/example_kubernetes_executor.py
[2024-12-30T16:47:22.891+0000] {processor.py:914} INFO - Processing file /home/airflow/.local/lib/python3.10/site-packages/airflow/example_dags/example_kubernetes_executor.py for tasks to queue
[2024-12-30T16:47:22.892+0000] {logging_mixin.py:190} INFO - [2024-12-30T16:47:22.892+0000] {dagbag.py:588} INFO - Filling up the DagBag from /home/airflow/.local/lib/python3.10/site-packages/airflow/example_dags/example_kubernetes_executor.py
[2024-12-30T16:47:22.913+0000] {processor.py:925} INFO - DAG(s) 'example_kubernetes_executor' retrieved from /home/airflow/.local/lib/python3.10/site-packages/airflow/example_dags/example_kubernetes_executor.py
[2024-12-30T16:47:22.961+0000] {logging_mixin.py:190} INFO - [2024-12-30T16:47:22.961+0000] {dag.py:3239} INFO - Sync 1 DAGs
[2024-12-30T16:47:22.981+0000] {logging_mixin.py:190} INFO - [2024-12-30T16:47:22.980+0000] {dag.py:4180} INFO - Setting next_dagrun for example_kubernetes_executor to None, run_after=None
[2024-12-30T16:47:23.193+0000] {processor.py:208} INFO - Processing /home/airflow/.local/lib/python3.10/site-packages/airflow/example_dags/example_kubernetes_executor.py took 0.312 seconds
[2024-12-30T16:47:53.717+0000] {processor.py:186} INFO - Started process (PID=33283) to work on /home/airflow/.local/lib/python3.10/site-packages/airflow/example_dags/example_kubernetes_executor.py
[2024-12-30T16:47:53.719+0000] {processor.py:914} INFO - Processing file /home/airflow/.local/lib/python3.10/site-packages/airflow/example_dags/example_kubernetes_executor.py for tasks to queue
[2024-12-30T16:47:53.722+0000] {logging_mixin.py:190} INFO - [2024-12-30T16:47:53.721+0000] {dagbag.py:588} INFO - Filling up the DagBag from /home/airflow/.local/lib/python3.10/site-packages/airflow/example_dags/example_kubernetes_executor.py
[2024-12-30T16:47:53.747+0000] {processor.py:925} INFO - DAG(s) 'example_kubernetes_executor' retrieved from /home/airflow/.local/lib/python3.10/site-packages/airflow/example_dags/example_kubernetes_executor.py
[2024-12-30T16:47:53.793+0000] {logging_mixin.py:190} INFO - [2024-12-30T16:47:53.793+0000] {dag.py:3239} INFO - Sync 1 DAGs
[2024-12-30T16:47:53.814+0000] {logging_mixin.py:190} INFO - [2024-12-30T16:47:53.813+0000] {dag.py:4180} INFO - Setting next_dagrun for example_kubernetes_executor to None, run_after=None
[2024-12-30T16:47:53.991+0000] {processor.py:208} INFO - Processing /home/airflow/.local/lib/python3.10/site-packages/airflow/example_dags/example_kubernetes_executor.py took 0.284 seconds
[2024-12-30T16:48:24.252+0000] {processor.py:186} INFO - Started process (PID=33350) to work on /home/airflow/.local/lib/python3.10/site-packages/airflow/example_dags/example_kubernetes_executor.py
[2024-12-30T16:48:24.254+0000] {processor.py:914} INFO - Processing file /home/airflow/.local/lib/python3.10/site-packages/airflow/example_dags/example_kubernetes_executor.py for tasks to queue
[2024-12-30T16:48:24.256+0000] {logging_mixin.py:190} INFO - [2024-12-30T16:48:24.255+0000] {dagbag.py:588} INFO - Filling up the DagBag from /home/airflow/.local/lib/python3.10/site-packages/airflow/example_dags/example_kubernetes_executor.py
[2024-12-30T16:48:24.274+0000] {processor.py:925} INFO - DAG(s) 'example_kubernetes_executor' retrieved from /home/airflow/.local/lib/python3.10/site-packages/airflow/example_dags/example_kubernetes_executor.py
[2024-12-30T16:48:24.318+0000] {logging_mixin.py:190} INFO - [2024-12-30T16:48:24.317+0000] {dag.py:3239} INFO - Sync 1 DAGs
[2024-12-30T16:48:24.333+0000] {logging_mixin.py:190} INFO - [2024-12-30T16:48:24.333+0000] {dag.py:4180} INFO - Setting next_dagrun for example_kubernetes_executor to None, run_after=None
[2024-12-30T16:48:24.358+0000] {processor.py:208} INFO - Processing /home/airflow/.local/lib/python3.10/site-packages/airflow/example_dags/example_kubernetes_executor.py took 0.113 seconds
[2024-12-30T16:48:54.900+0000] {processor.py:186} INFO - Started process (PID=33417) to work on /home/airflow/.local/lib/python3.10/site-packages/airflow/example_dags/example_kubernetes_executor.py
[2024-12-30T16:48:54.902+0000] {processor.py:914} INFO - Processing file /home/airflow/.local/lib/python3.10/site-packages/airflow/example_dags/example_kubernetes_executor.py for tasks to queue
[2024-12-30T16:48:54.903+0000] {logging_mixin.py:190} INFO - [2024-12-30T16:48:54.903+0000] {dagbag.py:588} INFO - Filling up the DagBag from /home/airflow/.local/lib/python3.10/site-packages/airflow/example_dags/example_kubernetes_executor.py
[2024-12-30T16:48:54.919+0000] {processor.py:925} INFO - DAG(s) 'example_kubernetes_executor' retrieved from /home/airflow/.local/lib/python3.10/site-packages/airflow/example_dags/example_kubernetes_executor.py
[2024-12-30T16:48:54.962+0000] {logging_mixin.py:190} INFO - [2024-12-30T16:48:54.961+0000] {dag.py:3239} INFO - Sync 1 DAGs
[2024-12-30T16:48:54.980+0000] {logging_mixin.py:190} INFO - [2024-12-30T16:48:54.979+0000] {dag.py:4180} INFO - Setting next_dagrun for example_kubernetes_executor to None, run_after=None
[2024-12-30T16:48:55.014+0000] {processor.py:208} INFO - Processing /home/airflow/.local/lib/python3.10/site-packages/airflow/example_dags/example_kubernetes_executor.py took 0.120 seconds
[2024-12-30T16:49:25.472+0000] {processor.py:186} INFO - Started process (PID=33485) to work on /home/airflow/.local/lib/python3.10/site-packages/airflow/example_dags/example_kubernetes_executor.py
[2024-12-30T16:49:25.473+0000] {processor.py:914} INFO - Processing file /home/airflow/.local/lib/python3.10/site-packages/airflow/example_dags/example_kubernetes_executor.py for tasks to queue
[2024-12-30T16:49:25.475+0000] {logging_mixin.py:190} INFO - [2024-12-30T16:49:25.475+0000] {dagbag.py:588} INFO - Filling up the DagBag from /home/airflow/.local/lib/python3.10/site-packages/airflow/example_dags/example_kubernetes_executor.py
[2024-12-30T16:49:25.495+0000] {processor.py:925} INFO - DAG(s) 'example_kubernetes_executor' retrieved from /home/airflow/.local/lib/python3.10/site-packages/airflow/example_dags/example_kubernetes_executor.py
[2024-12-30T16:49:25.555+0000] {logging_mixin.py:190} INFO - [2024-12-30T16:49:25.555+0000] {dag.py:3239} INFO - Sync 1 DAGs
[2024-12-30T16:49:25.578+0000] {logging_mixin.py:190} INFO - [2024-12-30T16:49:25.578+0000] {dag.py:4180} INFO - Setting next_dagrun for example_kubernetes_executor to None, run_after=None
[2024-12-30T16:49:25.614+0000] {processor.py:208} INFO - Processing /home/airflow/.local/lib/python3.10/site-packages/airflow/example_dags/example_kubernetes_executor.py took 0.148 seconds
[2024-12-30T16:49:56.523+0000] {processor.py:186} INFO - Started process (PID=33552) to work on /home/airflow/.local/lib/python3.10/site-packages/airflow/example_dags/example_kubernetes_executor.py
[2024-12-30T16:49:56.525+0000] {processor.py:914} INFO - Processing file /home/airflow/.local/lib/python3.10/site-packages/airflow/example_dags/example_kubernetes_executor.py for tasks to queue
[2024-12-30T16:49:56.526+0000] {logging_mixin.py:190} INFO - [2024-12-30T16:49:56.526+0000] {dagbag.py:588} INFO - Filling up the DagBag from /home/airflow/.local/lib/python3.10/site-packages/airflow/example_dags/example_kubernetes_executor.py
[2024-12-30T16:49:56.542+0000] {processor.py:925} INFO - DAG(s) 'example_kubernetes_executor' retrieved from /home/airflow/.local/lib/python3.10/site-packages/airflow/example_dags/example_kubernetes_executor.py
[2024-12-30T16:49:56.589+0000] {logging_mixin.py:190} INFO - [2024-12-30T16:49:56.589+0000] {dag.py:3239} INFO - Sync 1 DAGs
[2024-12-30T16:49:56.615+0000] {logging_mixin.py:190} INFO - [2024-12-30T16:49:56.615+0000] {dag.py:4180} INFO - Setting next_dagrun for example_kubernetes_executor to None, run_after=None
[2024-12-30T16:49:56.658+0000] {processor.py:208} INFO - Processing /home/airflow/.local/lib/python3.10/site-packages/airflow/example_dags/example_kubernetes_executor.py took 0.143 seconds
[2024-12-30T16:50:26.725+0000] {processor.py:186} INFO - Started process (PID=33620) to work on /home/airflow/.local/lib/python3.10/site-packages/airflow/example_dags/example_kubernetes_executor.py
[2024-12-30T16:50:26.727+0000] {processor.py:914} INFO - Processing file /home/airflow/.local/lib/python3.10/site-packages/airflow/example_dags/example_kubernetes_executor.py for tasks to queue
[2024-12-30T16:50:26.728+0000] {logging_mixin.py:190} INFO - [2024-12-30T16:50:26.728+0000] {dagbag.py:588} INFO - Filling up the DagBag from /home/airflow/.local/lib/python3.10/site-packages/airflow/example_dags/example_kubernetes_executor.py
[2024-12-30T16:50:26.744+0000] {processor.py:925} INFO - DAG(s) 'example_kubernetes_executor' retrieved from /home/airflow/.local/lib/python3.10/site-packages/airflow/example_dags/example_kubernetes_executor.py
[2024-12-30T16:50:26.786+0000] {logging_mixin.py:190} INFO - [2024-12-30T16:50:26.786+0000] {dag.py:3239} INFO - Sync 1 DAGs
[2024-12-30T16:50:26.802+0000] {logging_mixin.py:190} INFO - [2024-12-30T16:50:26.801+0000] {dag.py:4180} INFO - Setting next_dagrun for example_kubernetes_executor to None, run_after=None
[2024-12-30T16:50:26.818+0000] {processor.py:208} INFO - Processing /home/airflow/.local/lib/python3.10/site-packages/airflow/example_dags/example_kubernetes_executor.py took 0.099 seconds
[2024-12-30T16:50:57.530+0000] {processor.py:186} INFO - Started process (PID=33688) to work on /home/airflow/.local/lib/python3.10/site-packages/airflow/example_dags/example_kubernetes_executor.py
[2024-12-30T16:50:57.532+0000] {processor.py:914} INFO - Processing file /home/airflow/.local/lib/python3.10/site-packages/airflow/example_dags/example_kubernetes_executor.py for tasks to queue
[2024-12-30T16:50:57.533+0000] {logging_mixin.py:190} INFO - [2024-12-30T16:50:57.533+0000] {dagbag.py:588} INFO - Filling up the DagBag from /home/airflow/.local/lib/python3.10/site-packages/airflow/example_dags/example_kubernetes_executor.py
[2024-12-30T16:50:57.547+0000] {processor.py:925} INFO - DAG(s) 'example_kubernetes_executor' retrieved from /home/airflow/.local/lib/python3.10/site-packages/airflow/example_dags/example_kubernetes_executor.py
[2024-12-30T16:50:57.588+0000] {logging_mixin.py:190} INFO - [2024-12-30T16:50:57.587+0000] {dag.py:3239} INFO - Sync 1 DAGs
[2024-12-30T16:50:57.602+0000] {logging_mixin.py:190} INFO - [2024-12-30T16:50:57.602+0000] {dag.py:4180} INFO - Setting next_dagrun for example_kubernetes_executor to None, run_after=None
[2024-12-30T16:50:57.625+0000] {processor.py:208} INFO - Processing /home/airflow/.local/lib/python3.10/site-packages/airflow/example_dags/example_kubernetes_executor.py took 0.101 seconds
[2024-12-30T16:51:27.894+0000] {processor.py:186} INFO - Started process (PID=33756) to work on /home/airflow/.local/lib/python3.10/site-packages/airflow/example_dags/example_kubernetes_executor.py
[2024-12-30T16:51:27.896+0000] {processor.py:914} INFO - Processing file /home/airflow/.local/lib/python3.10/site-packages/airflow/example_dags/example_kubernetes_executor.py for tasks to queue
[2024-12-30T16:51:27.897+0000] {logging_mixin.py:190} INFO - [2024-12-30T16:51:27.897+0000] {dagbag.py:588} INFO - Filling up the DagBag from /home/airflow/.local/lib/python3.10/site-packages/airflow/example_dags/example_kubernetes_executor.py
[2024-12-30T16:51:27.912+0000] {processor.py:925} INFO - DAG(s) 'example_kubernetes_executor' retrieved from /home/airflow/.local/lib/python3.10/site-packages/airflow/example_dags/example_kubernetes_executor.py
[2024-12-30T16:51:27.950+0000] {logging_mixin.py:190} INFO - [2024-12-30T16:51:27.950+0000] {dag.py:3239} INFO - Sync 1 DAGs
[2024-12-30T16:51:27.965+0000] {logging_mixin.py:190} INFO - [2024-12-30T16:51:27.965+0000] {dag.py:4180} INFO - Setting next_dagrun for example_kubernetes_executor to None, run_after=None
[2024-12-30T16:51:27.984+0000] {processor.py:208} INFO - Processing /home/airflow/.local/lib/python3.10/site-packages/airflow/example_dags/example_kubernetes_executor.py took 0.095 seconds
[2024-12-30T16:51:59.123+0000] {processor.py:186} INFO - Started process (PID=33824) to work on /home/airflow/.local/lib/python3.10/site-packages/airflow/example_dags/example_kubernetes_executor.py
[2024-12-30T16:51:59.124+0000] {processor.py:914} INFO - Processing file /home/airflow/.local/lib/python3.10/site-packages/airflow/example_dags/example_kubernetes_executor.py for tasks to queue
[2024-12-30T16:51:59.126+0000] {logging_mixin.py:190} INFO - [2024-12-30T16:51:59.126+0000] {dagbag.py:588} INFO - Filling up the DagBag from /home/airflow/.local/lib/python3.10/site-packages/airflow/example_dags/example_kubernetes_executor.py
[2024-12-30T16:51:59.147+0000] {processor.py:925} INFO - DAG(s) 'example_kubernetes_executor' retrieved from /home/airflow/.local/lib/python3.10/site-packages/airflow/example_dags/example_kubernetes_executor.py
[2024-12-30T16:51:59.184+0000] {logging_mixin.py:190} INFO - [2024-12-30T16:51:59.183+0000] {dag.py:3239} INFO - Sync 1 DAGs
[2024-12-30T16:51:59.198+0000] {logging_mixin.py:190} INFO - [2024-12-30T16:51:59.198+0000] {dag.py:4180} INFO - Setting next_dagrun for example_kubernetes_executor to None, run_after=None
[2024-12-30T16:51:59.214+0000] {processor.py:208} INFO - Processing /home/airflow/.local/lib/python3.10/site-packages/airflow/example_dags/example_kubernetes_executor.py took 0.100 seconds
[2024-12-30T16:52:29.686+0000] {processor.py:186} INFO - Started process (PID=33892) to work on /home/airflow/.local/lib/python3.10/site-packages/airflow/example_dags/example_kubernetes_executor.py
[2024-12-30T16:52:29.687+0000] {processor.py:914} INFO - Processing file /home/airflow/.local/lib/python3.10/site-packages/airflow/example_dags/example_kubernetes_executor.py for tasks to queue
[2024-12-30T16:52:29.689+0000] {logging_mixin.py:190} INFO - [2024-12-30T16:52:29.689+0000] {dagbag.py:588} INFO - Filling up the DagBag from /home/airflow/.local/lib/python3.10/site-packages/airflow/example_dags/example_kubernetes_executor.py
[2024-12-30T16:52:29.703+0000] {processor.py:925} INFO - DAG(s) 'example_kubernetes_executor' retrieved from /home/airflow/.local/lib/python3.10/site-packages/airflow/example_dags/example_kubernetes_executor.py
[2024-12-30T16:52:29.744+0000] {logging_mixin.py:190} INFO - [2024-12-30T16:52:29.743+0000] {dag.py:3239} INFO - Sync 1 DAGs
[2024-12-30T16:52:29.760+0000] {logging_mixin.py:190} INFO - [2024-12-30T16:52:29.759+0000] {dag.py:4180} INFO - Setting next_dagrun for example_kubernetes_executor to None, run_after=None
[2024-12-30T16:52:29.781+0000] {processor.py:208} INFO - Processing /home/airflow/.local/lib/python3.10/site-packages/airflow/example_dags/example_kubernetes_executor.py took 0.103 seconds
[2024-12-30T16:53:01.111+0000] {processor.py:186} INFO - Started process (PID=33960) to work on /home/airflow/.local/lib/python3.10/site-packages/airflow/example_dags/example_kubernetes_executor.py
[2024-12-30T16:53:01.113+0000] {processor.py:914} INFO - Processing file /home/airflow/.local/lib/python3.10/site-packages/airflow/example_dags/example_kubernetes_executor.py for tasks to queue
[2024-12-30T16:53:01.115+0000] {logging_mixin.py:190} INFO - [2024-12-30T16:53:01.114+0000] {dagbag.py:588} INFO - Filling up the DagBag from /home/airflow/.local/lib/python3.10/site-packages/airflow/example_dags/example_kubernetes_executor.py
[2024-12-30T16:53:01.135+0000] {processor.py:925} INFO - DAG(s) 'example_kubernetes_executor' retrieved from /home/airflow/.local/lib/python3.10/site-packages/airflow/example_dags/example_kubernetes_executor.py
[2024-12-30T16:53:01.175+0000] {logging_mixin.py:190} INFO - [2024-12-30T16:53:01.174+0000] {dag.py:3239} INFO - Sync 1 DAGs
[2024-12-30T16:53:01.193+0000] {logging_mixin.py:190} INFO - [2024-12-30T16:53:01.193+0000] {dag.py:4180} INFO - Setting next_dagrun for example_kubernetes_executor to None, run_after=None
[2024-12-30T16:53:01.213+0000] {processor.py:208} INFO - Processing /home/airflow/.local/lib/python3.10/site-packages/airflow/example_dags/example_kubernetes_executor.py took 0.109 seconds
[2024-12-30T16:53:32.231+0000] {processor.py:186} INFO - Started process (PID=34028) to work on /home/airflow/.local/lib/python3.10/site-packages/airflow/example_dags/example_kubernetes_executor.py
[2024-12-30T16:53:32.232+0000] {processor.py:914} INFO - Processing file /home/airflow/.local/lib/python3.10/site-packages/airflow/example_dags/example_kubernetes_executor.py for tasks to queue
[2024-12-30T16:53:32.234+0000] {logging_mixin.py:190} INFO - [2024-12-30T16:53:32.233+0000] {dagbag.py:588} INFO - Filling up the DagBag from /home/airflow/.local/lib/python3.10/site-packages/airflow/example_dags/example_kubernetes_executor.py
[2024-12-30T16:53:32.249+0000] {processor.py:925} INFO - DAG(s) 'example_kubernetes_executor' retrieved from /home/airflow/.local/lib/python3.10/site-packages/airflow/example_dags/example_kubernetes_executor.py
[2024-12-30T16:53:32.288+0000] {logging_mixin.py:190} INFO - [2024-12-30T16:53:32.288+0000] {dag.py:3239} INFO - Sync 1 DAGs
[2024-12-30T16:53:32.303+0000] {logging_mixin.py:190} INFO - [2024-12-30T16:53:32.303+0000] {dag.py:4180} INFO - Setting next_dagrun for example_kubernetes_executor to None, run_after=None
[2024-12-30T16:53:32.321+0000] {processor.py:208} INFO - Processing /home/airflow/.local/lib/python3.10/site-packages/airflow/example_dags/example_kubernetes_executor.py took 0.096 seconds
[2024-12-30T16:54:03.206+0000] {processor.py:186} INFO - Started process (PID=34096) to work on /home/airflow/.local/lib/python3.10/site-packages/airflow/example_dags/example_kubernetes_executor.py
[2024-12-30T16:54:03.208+0000] {processor.py:914} INFO - Processing file /home/airflow/.local/lib/python3.10/site-packages/airflow/example_dags/example_kubernetes_executor.py for tasks to queue
[2024-12-30T16:54:03.209+0000] {logging_mixin.py:190} INFO - [2024-12-30T16:54:03.209+0000] {dagbag.py:588} INFO - Filling up the DagBag from /home/airflow/.local/lib/python3.10/site-packages/airflow/example_dags/example_kubernetes_executor.py
[2024-12-30T16:54:03.225+0000] {processor.py:925} INFO - DAG(s) 'example_kubernetes_executor' retrieved from /home/airflow/.local/lib/python3.10/site-packages/airflow/example_dags/example_kubernetes_executor.py
[2024-12-30T16:54:03.266+0000] {logging_mixin.py:190} INFO - [2024-12-30T16:54:03.266+0000] {dag.py:3239} INFO - Sync 1 DAGs
[2024-12-30T16:54:03.283+0000] {logging_mixin.py:190} INFO - [2024-12-30T16:54:03.283+0000] {dag.py:4180} INFO - Setting next_dagrun for example_kubernetes_executor to None, run_after=None
[2024-12-30T16:54:03.304+0000] {processor.py:208} INFO - Processing /home/airflow/.local/lib/python3.10/site-packages/airflow/example_dags/example_kubernetes_executor.py took 0.104 seconds
