[2024-12-30T16:44:41.491+0000] {processor.py:186} INFO - Started process (PID=32854) to work on /home/airflow/.local/lib/python3.10/site-packages/airflow/example_dags/example_inlet_event_extra.py
[2024-12-30T16:44:41.494+0000] {processor.py:914} INFO - Processing file /home/airflow/.local/lib/python3.10/site-packages/airflow/example_dags/example_inlet_event_extra.py for tasks to queue
[2024-12-30T16:44:41.497+0000] {logging_mixin.py:190} INFO - [2024-12-30T16:44:41.496+0000] {dagbag.py:588} INFO - Filling up the DagBag from /home/airflow/.local/lib/python3.10/site-packages/airflow/example_dags/example_inlet_event_extra.py
[2024-12-30T16:44:43.534+0000] {processor.py:925} INFO - DAG(s) 'read_dataset_event', 'read_dataset_event_from_classic' retrieved from /home/airflow/.local/lib/python3.10/site-packages/airflow/example_dags/example_inlet_event_extra.py
[2024-12-30T16:44:43.596+0000] {logging_mixin.py:190} INFO - [2024-12-30T16:44:43.596+0000] {dag.py:3239} INFO - Sync 2 DAGs
[2024-12-30T16:44:43.668+0000] {logging_mixin.py:190} INFO - [2024-12-30T16:44:43.667+0000] {dag.py:4180} INFO - Setting next_dagrun for read_dataset_event to 2024-12-29 00:00:00+00:00, run_after=2024-12-30 00:00:00+00:00
[2024-12-30T16:44:43.682+0000] {logging_mixin.py:190} INFO - [2024-12-30T16:44:43.682+0000] {dag.py:4180} INFO - Setting next_dagrun for read_dataset_event_from_classic to 2024-12-29 00:00:00+00:00, run_after=2024-12-30 00:00:00+00:00
[2024-12-30T16:44:43.731+0000] {processor.py:208} INFO - Processing /home/airflow/.local/lib/python3.10/site-packages/airflow/example_dags/example_inlet_event_extra.py took 2.251 seconds
[2024-12-30T16:45:14.047+0000] {processor.py:186} INFO - Started process (PID=32931) to work on /home/airflow/.local/lib/python3.10/site-packages/airflow/example_dags/example_inlet_event_extra.py
[2024-12-30T16:45:14.053+0000] {processor.py:914} INFO - Processing file /home/airflow/.local/lib/python3.10/site-packages/airflow/example_dags/example_inlet_event_extra.py for tasks to queue
[2024-12-30T16:45:14.056+0000] {logging_mixin.py:190} INFO - [2024-12-30T16:45:14.055+0000] {dagbag.py:588} INFO - Filling up the DagBag from /home/airflow/.local/lib/python3.10/site-packages/airflow/example_dags/example_inlet_event_extra.py
[2024-12-30T16:45:14.754+0000] {processor.py:925} INFO - DAG(s) 'read_dataset_event_from_classic', 'read_dataset_event' retrieved from /home/airflow/.local/lib/python3.10/site-packages/airflow/example_dags/example_inlet_event_extra.py
[2024-12-30T16:45:14.775+0000] {logging_mixin.py:190} INFO - [2024-12-30T16:45:14.775+0000] {dag.py:3239} INFO - Sync 2 DAGs
[2024-12-30T16:45:14.800+0000] {logging_mixin.py:190} INFO - [2024-12-30T16:45:14.799+0000] {dag.py:4180} INFO - Setting next_dagrun for read_dataset_event to 2024-12-29 00:00:00+00:00, run_after=2024-12-30 00:00:00+00:00
[2024-12-30T16:45:14.806+0000] {logging_mixin.py:190} INFO - [2024-12-30T16:45:14.805+0000] {dag.py:4180} INFO - Setting next_dagrun for read_dataset_event_from_classic to 2024-12-29 00:00:00+00:00, run_after=2024-12-30 00:00:00+00:00
[2024-12-30T16:45:14.827+0000] {processor.py:208} INFO - Processing /home/airflow/.local/lib/python3.10/site-packages/airflow/example_dags/example_inlet_event_extra.py took 0.824 seconds
[2024-12-30T16:45:45.807+0000] {processor.py:186} INFO - Started process (PID=32999) to work on /home/airflow/.local/lib/python3.10/site-packages/airflow/example_dags/example_inlet_event_extra.py
[2024-12-30T16:45:45.808+0000] {processor.py:914} INFO - Processing file /home/airflow/.local/lib/python3.10/site-packages/airflow/example_dags/example_inlet_event_extra.py for tasks to queue
[2024-12-30T16:45:45.810+0000] {logging_mixin.py:190} INFO - [2024-12-30T16:45:45.810+0000] {dagbag.py:588} INFO - Filling up the DagBag from /home/airflow/.local/lib/python3.10/site-packages/airflow/example_dags/example_inlet_event_extra.py
[2024-12-30T16:45:46.516+0000] {processor.py:925} INFO - DAG(s) 'read_dataset_event_from_classic', 'read_dataset_event' retrieved from /home/airflow/.local/lib/python3.10/site-packages/airflow/example_dags/example_inlet_event_extra.py
[2024-12-30T16:45:46.549+0000] {logging_mixin.py:190} INFO - [2024-12-30T16:45:46.548+0000] {dag.py:3239} INFO - Sync 2 DAGs
[2024-12-30T16:45:46.580+0000] {logging_mixin.py:190} INFO - [2024-12-30T16:45:46.580+0000] {dag.py:4180} INFO - Setting next_dagrun for read_dataset_event to 2024-12-29 00:00:00+00:00, run_after=2024-12-30 00:00:00+00:00
[2024-12-30T16:45:46.588+0000] {logging_mixin.py:190} INFO - [2024-12-30T16:45:46.587+0000] {dag.py:4180} INFO - Setting next_dagrun for read_dataset_event_from_classic to 2024-12-29 00:00:00+00:00, run_after=2024-12-30 00:00:00+00:00
[2024-12-30T16:45:46.615+0000] {processor.py:208} INFO - Processing /home/airflow/.local/lib/python3.10/site-packages/airflow/example_dags/example_inlet_event_extra.py took 0.819 seconds
[2024-12-30T16:46:17.056+0000] {processor.py:186} INFO - Started process (PID=33066) to work on /home/airflow/.local/lib/python3.10/site-packages/airflow/example_dags/example_inlet_event_extra.py
[2024-12-30T16:46:17.057+0000] {processor.py:914} INFO - Processing file /home/airflow/.local/lib/python3.10/site-packages/airflow/example_dags/example_inlet_event_extra.py for tasks to queue
[2024-12-30T16:46:17.059+0000] {logging_mixin.py:190} INFO - [2024-12-30T16:46:17.059+0000] {dagbag.py:588} INFO - Filling up the DagBag from /home/airflow/.local/lib/python3.10/site-packages/airflow/example_dags/example_inlet_event_extra.py
[2024-12-30T16:46:17.585+0000] {processor.py:925} INFO - DAG(s) 'read_dataset_event_from_classic', 'read_dataset_event' retrieved from /home/airflow/.local/lib/python3.10/site-packages/airflow/example_dags/example_inlet_event_extra.py
[2024-12-30T16:46:17.608+0000] {logging_mixin.py:190} INFO - [2024-12-30T16:46:17.608+0000] {dag.py:3239} INFO - Sync 2 DAGs
[2024-12-30T16:46:17.640+0000] {logging_mixin.py:190} INFO - [2024-12-30T16:46:17.640+0000] {dag.py:4180} INFO - Setting next_dagrun for read_dataset_event to 2024-12-29 00:00:00+00:00, run_after=2024-12-30 00:00:00+00:00
[2024-12-30T16:46:17.648+0000] {logging_mixin.py:190} INFO - [2024-12-30T16:46:17.647+0000] {dag.py:4180} INFO - Setting next_dagrun for read_dataset_event_from_classic to 2024-12-29 00:00:00+00:00, run_after=2024-12-30 00:00:00+00:00
[2024-12-30T16:46:17.668+0000] {processor.py:208} INFO - Processing /home/airflow/.local/lib/python3.10/site-packages/airflow/example_dags/example_inlet_event_extra.py took 0.619 seconds
[2024-12-30T16:46:47.900+0000] {processor.py:186} INFO - Started process (PID=33136) to work on /home/airflow/.local/lib/python3.10/site-packages/airflow/example_dags/example_inlet_event_extra.py
[2024-12-30T16:46:47.901+0000] {processor.py:914} INFO - Processing file /home/airflow/.local/lib/python3.10/site-packages/airflow/example_dags/example_inlet_event_extra.py for tasks to queue
[2024-12-30T16:46:47.903+0000] {logging_mixin.py:190} INFO - [2024-12-30T16:46:47.903+0000] {dagbag.py:588} INFO - Filling up the DagBag from /home/airflow/.local/lib/python3.10/site-packages/airflow/example_dags/example_inlet_event_extra.py
[2024-12-30T16:46:48.417+0000] {processor.py:925} INFO - DAG(s) 'read_dataset_event_from_classic', 'read_dataset_event' retrieved from /home/airflow/.local/lib/python3.10/site-packages/airflow/example_dags/example_inlet_event_extra.py
[2024-12-30T16:46:48.439+0000] {logging_mixin.py:190} INFO - [2024-12-30T16:46:48.438+0000] {dag.py:3239} INFO - Sync 2 DAGs
[2024-12-30T16:46:48.462+0000] {logging_mixin.py:190} INFO - [2024-12-30T16:46:48.462+0000] {dag.py:4180} INFO - Setting next_dagrun for read_dataset_event to 2024-12-29 00:00:00+00:00, run_after=2024-12-30 00:00:00+00:00
[2024-12-30T16:46:48.468+0000] {logging_mixin.py:190} INFO - [2024-12-30T16:46:48.468+0000] {dag.py:4180} INFO - Setting next_dagrun for read_dataset_event_from_classic to 2024-12-29 00:00:00+00:00, run_after=2024-12-30 00:00:00+00:00
[2024-12-30T16:46:48.487+0000] {processor.py:208} INFO - Processing /home/airflow/.local/lib/python3.10/site-packages/airflow/example_dags/example_inlet_event_extra.py took 0.594 seconds
[2024-12-30T16:47:18.870+0000] {processor.py:186} INFO - Started process (PID=33206) to work on /home/airflow/.local/lib/python3.10/site-packages/airflow/example_dags/example_inlet_event_extra.py
[2024-12-30T16:47:18.871+0000] {processor.py:914} INFO - Processing file /home/airflow/.local/lib/python3.10/site-packages/airflow/example_dags/example_inlet_event_extra.py for tasks to queue
[2024-12-30T16:47:18.873+0000] {logging_mixin.py:190} INFO - [2024-12-30T16:47:18.872+0000] {dagbag.py:588} INFO - Filling up the DagBag from /home/airflow/.local/lib/python3.10/site-packages/airflow/example_dags/example_inlet_event_extra.py
[2024-12-30T16:47:19.431+0000] {processor.py:925} INFO - DAG(s) 'read_dataset_event_from_classic', 'read_dataset_event' retrieved from /home/airflow/.local/lib/python3.10/site-packages/airflow/example_dags/example_inlet_event_extra.py
[2024-12-30T16:47:19.452+0000] {logging_mixin.py:190} INFO - [2024-12-30T16:47:19.452+0000] {dag.py:3239} INFO - Sync 2 DAGs
[2024-12-30T16:47:19.476+0000] {logging_mixin.py:190} INFO - [2024-12-30T16:47:19.476+0000] {dag.py:4180} INFO - Setting next_dagrun for read_dataset_event to 2024-12-29 00:00:00+00:00, run_after=2024-12-30 00:00:00+00:00
[2024-12-30T16:47:19.482+0000] {logging_mixin.py:190} INFO - [2024-12-30T16:47:19.482+0000] {dag.py:4180} INFO - Setting next_dagrun for read_dataset_event_from_classic to 2024-12-29 00:00:00+00:00, run_after=2024-12-30 00:00:00+00:00
[2024-12-30T16:47:19.499+0000] {processor.py:208} INFO - Processing /home/airflow/.local/lib/python3.10/site-packages/airflow/example_dags/example_inlet_event_extra.py took 0.636 seconds
[2024-12-30T16:47:49.737+0000] {processor.py:186} INFO - Started process (PID=33271) to work on /home/airflow/.local/lib/python3.10/site-packages/airflow/example_dags/example_inlet_event_extra.py
[2024-12-30T16:47:49.738+0000] {processor.py:914} INFO - Processing file /home/airflow/.local/lib/python3.10/site-packages/airflow/example_dags/example_inlet_event_extra.py for tasks to queue
[2024-12-30T16:47:49.740+0000] {logging_mixin.py:190} INFO - [2024-12-30T16:47:49.739+0000] {dagbag.py:588} INFO - Filling up the DagBag from /home/airflow/.local/lib/python3.10/site-packages/airflow/example_dags/example_inlet_event_extra.py
[2024-12-30T16:47:50.219+0000] {processor.py:925} INFO - DAG(s) 'read_dataset_event_from_classic', 'read_dataset_event' retrieved from /home/airflow/.local/lib/python3.10/site-packages/airflow/example_dags/example_inlet_event_extra.py
[2024-12-30T16:47:50.239+0000] {logging_mixin.py:190} INFO - [2024-12-30T16:47:50.239+0000] {dag.py:3239} INFO - Sync 2 DAGs
[2024-12-30T16:47:50.262+0000] {logging_mixin.py:190} INFO - [2024-12-30T16:47:50.261+0000] {dag.py:4180} INFO - Setting next_dagrun for read_dataset_event to 2024-12-29 00:00:00+00:00, run_after=2024-12-30 00:00:00+00:00
[2024-12-30T16:47:50.268+0000] {logging_mixin.py:190} INFO - [2024-12-30T16:47:50.268+0000] {dag.py:4180} INFO - Setting next_dagrun for read_dataset_event_from_classic to 2024-12-29 00:00:00+00:00, run_after=2024-12-30 00:00:00+00:00
[2024-12-30T16:47:50.284+0000] {processor.py:208} INFO - Processing /home/airflow/.local/lib/python3.10/site-packages/airflow/example_dags/example_inlet_event_extra.py took 0.553 seconds
[2024-12-30T16:48:20.609+0000] {processor.py:186} INFO - Started process (PID=33337) to work on /home/airflow/.local/lib/python3.10/site-packages/airflow/example_dags/example_inlet_event_extra.py
[2024-12-30T16:48:20.610+0000] {processor.py:914} INFO - Processing file /home/airflow/.local/lib/python3.10/site-packages/airflow/example_dags/example_inlet_event_extra.py for tasks to queue
[2024-12-30T16:48:20.612+0000] {logging_mixin.py:190} INFO - [2024-12-30T16:48:20.611+0000] {dagbag.py:588} INFO - Filling up the DagBag from /home/airflow/.local/lib/python3.10/site-packages/airflow/example_dags/example_inlet_event_extra.py
[2024-12-30T16:48:21.084+0000] {processor.py:925} INFO - DAG(s) 'read_dataset_event_from_classic', 'read_dataset_event' retrieved from /home/airflow/.local/lib/python3.10/site-packages/airflow/example_dags/example_inlet_event_extra.py
[2024-12-30T16:48:21.108+0000] {logging_mixin.py:190} INFO - [2024-12-30T16:48:21.108+0000] {dag.py:3239} INFO - Sync 2 DAGs
[2024-12-30T16:48:21.130+0000] {logging_mixin.py:190} INFO - [2024-12-30T16:48:21.130+0000] {dag.py:4180} INFO - Setting next_dagrun for read_dataset_event to 2024-12-29 00:00:00+00:00, run_after=2024-12-30 00:00:00+00:00
[2024-12-30T16:48:21.135+0000] {logging_mixin.py:190} INFO - [2024-12-30T16:48:21.135+0000] {dag.py:4180} INFO - Setting next_dagrun for read_dataset_event_from_classic to 2024-12-29 00:00:00+00:00, run_after=2024-12-30 00:00:00+00:00
[2024-12-30T16:48:21.154+0000] {processor.py:208} INFO - Processing /home/airflow/.local/lib/python3.10/site-packages/airflow/example_dags/example_inlet_event_extra.py took 0.553 seconds
[2024-12-30T16:48:51.946+0000] {processor.py:186} INFO - Started process (PID=33402) to work on /home/airflow/.local/lib/python3.10/site-packages/airflow/example_dags/example_inlet_event_extra.py
[2024-12-30T16:48:51.947+0000] {processor.py:914} INFO - Processing file /home/airflow/.local/lib/python3.10/site-packages/airflow/example_dags/example_inlet_event_extra.py for tasks to queue
[2024-12-30T16:48:51.949+0000] {logging_mixin.py:190} INFO - [2024-12-30T16:48:51.948+0000] {dagbag.py:588} INFO - Filling up the DagBag from /home/airflow/.local/lib/python3.10/site-packages/airflow/example_dags/example_inlet_event_extra.py
[2024-12-30T16:48:52.412+0000] {processor.py:925} INFO - DAG(s) 'read_dataset_event', 'read_dataset_event_from_classic' retrieved from /home/airflow/.local/lib/python3.10/site-packages/airflow/example_dags/example_inlet_event_extra.py
[2024-12-30T16:48:52.436+0000] {logging_mixin.py:190} INFO - [2024-12-30T16:48:52.436+0000] {dag.py:3239} INFO - Sync 2 DAGs
[2024-12-30T16:48:52.459+0000] {logging_mixin.py:190} INFO - [2024-12-30T16:48:52.459+0000] {dag.py:4180} INFO - Setting next_dagrun for read_dataset_event to 2024-12-29 00:00:00+00:00, run_after=2024-12-30 00:00:00+00:00
[2024-12-30T16:48:52.465+0000] {logging_mixin.py:190} INFO - [2024-12-30T16:48:52.465+0000] {dag.py:4180} INFO - Setting next_dagrun for read_dataset_event_from_classic to 2024-12-29 00:00:00+00:00, run_after=2024-12-30 00:00:00+00:00
[2024-12-30T16:48:52.484+0000] {processor.py:208} INFO - Processing /home/airflow/.local/lib/python3.10/site-packages/airflow/example_dags/example_inlet_event_extra.py took 0.545 seconds
[2024-12-30T16:49:22.853+0000] {processor.py:186} INFO - Started process (PID=33470) to work on /home/airflow/.local/lib/python3.10/site-packages/airflow/example_dags/example_inlet_event_extra.py
[2024-12-30T16:49:22.856+0000] {processor.py:914} INFO - Processing file /home/airflow/.local/lib/python3.10/site-packages/airflow/example_dags/example_inlet_event_extra.py for tasks to queue
[2024-12-30T16:49:22.859+0000] {logging_mixin.py:190} INFO - [2024-12-30T16:49:22.859+0000] {dagbag.py:588} INFO - Filling up the DagBag from /home/airflow/.local/lib/python3.10/site-packages/airflow/example_dags/example_inlet_event_extra.py
[2024-12-30T16:49:23.597+0000] {processor.py:925} INFO - DAG(s) 'read_dataset_event_from_classic', 'read_dataset_event' retrieved from /home/airflow/.local/lib/python3.10/site-packages/airflow/example_dags/example_inlet_event_extra.py
[2024-12-30T16:49:23.620+0000] {logging_mixin.py:190} INFO - [2024-12-30T16:49:23.620+0000] {dag.py:3239} INFO - Sync 2 DAGs
[2024-12-30T16:49:23.647+0000] {logging_mixin.py:190} INFO - [2024-12-30T16:49:23.647+0000] {dag.py:4180} INFO - Setting next_dagrun for read_dataset_event to 2024-12-29 00:00:00+00:00, run_after=2024-12-30 00:00:00+00:00
[2024-12-30T16:49:23.653+0000] {logging_mixin.py:190} INFO - [2024-12-30T16:49:23.653+0000] {dag.py:4180} INFO - Setting next_dagrun for read_dataset_event_from_classic to 2024-12-29 00:00:00+00:00, run_after=2024-12-30 00:00:00+00:00
[2024-12-30T16:49:23.670+0000] {processor.py:208} INFO - Processing /home/airflow/.local/lib/python3.10/site-packages/airflow/example_dags/example_inlet_event_extra.py took 0.830 seconds
[2024-12-30T16:49:53.903+0000] {processor.py:186} INFO - Started process (PID=33539) to work on /home/airflow/.local/lib/python3.10/site-packages/airflow/example_dags/example_inlet_event_extra.py
[2024-12-30T16:49:53.904+0000] {processor.py:914} INFO - Processing file /home/airflow/.local/lib/python3.10/site-packages/airflow/example_dags/example_inlet_event_extra.py for tasks to queue
[2024-12-30T16:49:53.905+0000] {logging_mixin.py:190} INFO - [2024-12-30T16:49:53.905+0000] {dagbag.py:588} INFO - Filling up the DagBag from /home/airflow/.local/lib/python3.10/site-packages/airflow/example_dags/example_inlet_event_extra.py
[2024-12-30T16:49:54.415+0000] {processor.py:925} INFO - DAG(s) 'read_dataset_event', 'read_dataset_event_from_classic' retrieved from /home/airflow/.local/lib/python3.10/site-packages/airflow/example_dags/example_inlet_event_extra.py
[2024-12-30T16:49:54.440+0000] {logging_mixin.py:190} INFO - [2024-12-30T16:49:54.439+0000] {dag.py:3239} INFO - Sync 2 DAGs
[2024-12-30T16:49:54.467+0000] {logging_mixin.py:190} INFO - [2024-12-30T16:49:54.467+0000] {dag.py:4180} INFO - Setting next_dagrun for read_dataset_event to 2024-12-29 00:00:00+00:00, run_after=2024-12-30 00:00:00+00:00
[2024-12-30T16:49:54.472+0000] {logging_mixin.py:190} INFO - [2024-12-30T16:49:54.472+0000] {dag.py:4180} INFO - Setting next_dagrun for read_dataset_event_from_classic to 2024-12-29 00:00:00+00:00, run_after=2024-12-30 00:00:00+00:00
[2024-12-30T16:49:54.487+0000] {processor.py:208} INFO - Processing /home/airflow/.local/lib/python3.10/site-packages/airflow/example_dags/example_inlet_event_extra.py took 0.591 seconds
[2024-12-30T16:50:24.815+0000] {processor.py:186} INFO - Started process (PID=33607) to work on /home/airflow/.local/lib/python3.10/site-packages/airflow/example_dags/example_inlet_event_extra.py
[2024-12-30T16:50:24.816+0000] {processor.py:914} INFO - Processing file /home/airflow/.local/lib/python3.10/site-packages/airflow/example_dags/example_inlet_event_extra.py for tasks to queue
[2024-12-30T16:50:24.818+0000] {logging_mixin.py:190} INFO - [2024-12-30T16:50:24.817+0000] {dagbag.py:588} INFO - Filling up the DagBag from /home/airflow/.local/lib/python3.10/site-packages/airflow/example_dags/example_inlet_event_extra.py
[2024-12-30T16:50:25.141+0000] {processor.py:925} INFO - DAG(s) 'read_dataset_event', 'read_dataset_event_from_classic' retrieved from /home/airflow/.local/lib/python3.10/site-packages/airflow/example_dags/example_inlet_event_extra.py
[2024-12-30T16:50:25.167+0000] {logging_mixin.py:190} INFO - [2024-12-30T16:50:25.167+0000] {dag.py:3239} INFO - Sync 2 DAGs
[2024-12-30T16:50:25.197+0000] {logging_mixin.py:190} INFO - [2024-12-30T16:50:25.197+0000] {dag.py:4180} INFO - Setting next_dagrun for read_dataset_event to 2024-12-29 00:00:00+00:00, run_after=2024-12-30 00:00:00+00:00
[2024-12-30T16:50:25.202+0000] {logging_mixin.py:190} INFO - [2024-12-30T16:50:25.202+0000] {dag.py:4180} INFO - Setting next_dagrun for read_dataset_event_from_classic to 2024-12-29 00:00:00+00:00, run_after=2024-12-30 00:00:00+00:00
[2024-12-30T16:50:25.220+0000] {processor.py:208} INFO - Processing /home/airflow/.local/lib/python3.10/site-packages/airflow/example_dags/example_inlet_event_extra.py took 0.412 seconds
[2024-12-30T16:50:55.704+0000] {processor.py:186} INFO - Started process (PID=33677) to work on /home/airflow/.local/lib/python3.10/site-packages/airflow/example_dags/example_inlet_event_extra.py
[2024-12-30T16:50:55.705+0000] {processor.py:914} INFO - Processing file /home/airflow/.local/lib/python3.10/site-packages/airflow/example_dags/example_inlet_event_extra.py for tasks to queue
[2024-12-30T16:50:55.706+0000] {logging_mixin.py:190} INFO - [2024-12-30T16:50:55.706+0000] {dagbag.py:588} INFO - Filling up the DagBag from /home/airflow/.local/lib/python3.10/site-packages/airflow/example_dags/example_inlet_event_extra.py
[2024-12-30T16:50:56.039+0000] {processor.py:925} INFO - DAG(s) 'read_dataset_event_from_classic', 'read_dataset_event' retrieved from /home/airflow/.local/lib/python3.10/site-packages/airflow/example_dags/example_inlet_event_extra.py
[2024-12-30T16:50:56.066+0000] {logging_mixin.py:190} INFO - [2024-12-30T16:50:56.065+0000] {dag.py:3239} INFO - Sync 2 DAGs
[2024-12-30T16:50:56.090+0000] {logging_mixin.py:190} INFO - [2024-12-30T16:50:56.090+0000] {dag.py:4180} INFO - Setting next_dagrun for read_dataset_event to 2024-12-29 00:00:00+00:00, run_after=2024-12-30 00:00:00+00:00
[2024-12-30T16:50:56.096+0000] {logging_mixin.py:190} INFO - [2024-12-30T16:50:56.096+0000] {dag.py:4180} INFO - Setting next_dagrun for read_dataset_event_from_classic to 2024-12-29 00:00:00+00:00, run_after=2024-12-30 00:00:00+00:00
[2024-12-30T16:50:56.114+0000] {processor.py:208} INFO - Processing /home/airflow/.local/lib/python3.10/site-packages/airflow/example_dags/example_inlet_event_extra.py took 0.417 seconds
[2024-12-30T16:51:26.547+0000] {processor.py:186} INFO - Started process (PID=33742) to work on /home/airflow/.local/lib/python3.10/site-packages/airflow/example_dags/example_inlet_event_extra.py
[2024-12-30T16:51:26.548+0000] {processor.py:914} INFO - Processing file /home/airflow/.local/lib/python3.10/site-packages/airflow/example_dags/example_inlet_event_extra.py for tasks to queue
[2024-12-30T16:51:26.550+0000] {logging_mixin.py:190} INFO - [2024-12-30T16:51:26.549+0000] {dagbag.py:588} INFO - Filling up the DagBag from /home/airflow/.local/lib/python3.10/site-packages/airflow/example_dags/example_inlet_event_extra.py
[2024-12-30T16:51:26.877+0000] {processor.py:925} INFO - DAG(s) 'read_dataset_event_from_classic', 'read_dataset_event' retrieved from /home/airflow/.local/lib/python3.10/site-packages/airflow/example_dags/example_inlet_event_extra.py
[2024-12-30T16:51:26.902+0000] {logging_mixin.py:190} INFO - [2024-12-30T16:51:26.901+0000] {dag.py:3239} INFO - Sync 2 DAGs
[2024-12-30T16:51:26.928+0000] {logging_mixin.py:190} INFO - [2024-12-30T16:51:26.928+0000] {dag.py:4180} INFO - Setting next_dagrun for read_dataset_event to 2024-12-29 00:00:00+00:00, run_after=2024-12-30 00:00:00+00:00
[2024-12-30T16:51:26.934+0000] {logging_mixin.py:190} INFO - [2024-12-30T16:51:26.933+0000] {dag.py:4180} INFO - Setting next_dagrun for read_dataset_event_from_classic to 2024-12-29 00:00:00+00:00, run_after=2024-12-30 00:00:00+00:00
[2024-12-30T16:51:26.951+0000] {processor.py:208} INFO - Processing /home/airflow/.local/lib/python3.10/site-packages/airflow/example_dags/example_inlet_event_extra.py took 0.409 seconds
[2024-12-30T16:51:57.778+0000] {processor.py:186} INFO - Started process (PID=33810) to work on /home/airflow/.local/lib/python3.10/site-packages/airflow/example_dags/example_inlet_event_extra.py
[2024-12-30T16:51:57.779+0000] {processor.py:914} INFO - Processing file /home/airflow/.local/lib/python3.10/site-packages/airflow/example_dags/example_inlet_event_extra.py for tasks to queue
[2024-12-30T16:51:57.781+0000] {logging_mixin.py:190} INFO - [2024-12-30T16:51:57.780+0000] {dagbag.py:588} INFO - Filling up the DagBag from /home/airflow/.local/lib/python3.10/site-packages/airflow/example_dags/example_inlet_event_extra.py
[2024-12-30T16:51:58.101+0000] {processor.py:925} INFO - DAG(s) 'read_dataset_event', 'read_dataset_event_from_classic' retrieved from /home/airflow/.local/lib/python3.10/site-packages/airflow/example_dags/example_inlet_event_extra.py
[2024-12-30T16:51:58.125+0000] {logging_mixin.py:190} INFO - [2024-12-30T16:51:58.125+0000] {dag.py:3239} INFO - Sync 2 DAGs
[2024-12-30T16:51:58.150+0000] {logging_mixin.py:190} INFO - [2024-12-30T16:51:58.150+0000] {dag.py:4180} INFO - Setting next_dagrun for read_dataset_event to 2024-12-29 00:00:00+00:00, run_after=2024-12-30 00:00:00+00:00
[2024-12-30T16:51:58.156+0000] {logging_mixin.py:190} INFO - [2024-12-30T16:51:58.156+0000] {dag.py:4180} INFO - Setting next_dagrun for read_dataset_event_from_classic to 2024-12-29 00:00:00+00:00, run_after=2024-12-30 00:00:00+00:00
[2024-12-30T16:51:58.173+0000] {processor.py:208} INFO - Processing /home/airflow/.local/lib/python3.10/site-packages/airflow/example_dags/example_inlet_event_extra.py took 0.402 seconds
[2024-12-30T16:52:28.252+0000] {processor.py:186} INFO - Started process (PID=33877) to work on /home/airflow/.local/lib/python3.10/site-packages/airflow/example_dags/example_inlet_event_extra.py
[2024-12-30T16:52:28.253+0000] {processor.py:914} INFO - Processing file /home/airflow/.local/lib/python3.10/site-packages/airflow/example_dags/example_inlet_event_extra.py for tasks to queue
[2024-12-30T16:52:28.255+0000] {logging_mixin.py:190} INFO - [2024-12-30T16:52:28.254+0000] {dagbag.py:588} INFO - Filling up the DagBag from /home/airflow/.local/lib/python3.10/site-packages/airflow/example_dags/example_inlet_event_extra.py
[2024-12-30T16:52:28.547+0000] {processor.py:925} INFO - DAG(s) 'read_dataset_event', 'read_dataset_event_from_classic' retrieved from /home/airflow/.local/lib/python3.10/site-packages/airflow/example_dags/example_inlet_event_extra.py
[2024-12-30T16:52:28.569+0000] {logging_mixin.py:190} INFO - [2024-12-30T16:52:28.569+0000] {dag.py:3239} INFO - Sync 2 DAGs
[2024-12-30T16:52:28.591+0000] {logging_mixin.py:190} INFO - [2024-12-30T16:52:28.590+0000] {dag.py:4180} INFO - Setting next_dagrun for read_dataset_event to 2024-12-29 00:00:00+00:00, run_after=2024-12-30 00:00:00+00:00
[2024-12-30T16:52:28.596+0000] {logging_mixin.py:190} INFO - [2024-12-30T16:52:28.595+0000] {dag.py:4180} INFO - Setting next_dagrun for read_dataset_event_from_classic to 2024-12-29 00:00:00+00:00, run_after=2024-12-30 00:00:00+00:00
[2024-12-30T16:52:28.612+0000] {processor.py:208} INFO - Processing /home/airflow/.local/lib/python3.10/site-packages/airflow/example_dags/example_inlet_event_extra.py took 0.366 seconds
[2024-12-30T16:52:59.805+0000] {processor.py:186} INFO - Started process (PID=33946) to work on /home/airflow/.local/lib/python3.10/site-packages/airflow/example_dags/example_inlet_event_extra.py
[2024-12-30T16:52:59.806+0000] {processor.py:914} INFO - Processing file /home/airflow/.local/lib/python3.10/site-packages/airflow/example_dags/example_inlet_event_extra.py for tasks to queue
[2024-12-30T16:52:59.808+0000] {logging_mixin.py:190} INFO - [2024-12-30T16:52:59.808+0000] {dagbag.py:588} INFO - Filling up the DagBag from /home/airflow/.local/lib/python3.10/site-packages/airflow/example_dags/example_inlet_event_extra.py
[2024-12-30T16:53:00.195+0000] {processor.py:925} INFO - DAG(s) 'read_dataset_event', 'read_dataset_event_from_classic' retrieved from /home/airflow/.local/lib/python3.10/site-packages/airflow/example_dags/example_inlet_event_extra.py
[2024-12-30T16:53:00.221+0000] {logging_mixin.py:190} INFO - [2024-12-30T16:53:00.220+0000] {dag.py:3239} INFO - Sync 2 DAGs
[2024-12-30T16:53:00.253+0000] {logging_mixin.py:190} INFO - [2024-12-30T16:53:00.251+0000] {dag.py:4180} INFO - Setting next_dagrun for read_dataset_event to 2024-12-29 00:00:00+00:00, run_after=2024-12-30 00:00:00+00:00
[2024-12-30T16:53:00.263+0000] {logging_mixin.py:190} INFO - [2024-12-30T16:53:00.263+0000] {dag.py:4180} INFO - Setting next_dagrun for read_dataset_event_from_classic to 2024-12-29 00:00:00+00:00, run_after=2024-12-30 00:00:00+00:00
[2024-12-30T16:53:00.293+0000] {processor.py:208} INFO - Processing /home/airflow/.local/lib/python3.10/site-packages/airflow/example_dags/example_inlet_event_extra.py took 0.497 seconds
[2024-12-30T16:53:30.998+0000] {processor.py:186} INFO - Started process (PID=34014) to work on /home/airflow/.local/lib/python3.10/site-packages/airflow/example_dags/example_inlet_event_extra.py
[2024-12-30T16:53:31.000+0000] {processor.py:914} INFO - Processing file /home/airflow/.local/lib/python3.10/site-packages/airflow/example_dags/example_inlet_event_extra.py for tasks to queue
[2024-12-30T16:53:31.001+0000] {logging_mixin.py:190} INFO - [2024-12-30T16:53:31.001+0000] {dagbag.py:588} INFO - Filling up the DagBag from /home/airflow/.local/lib/python3.10/site-packages/airflow/example_dags/example_inlet_event_extra.py
[2024-12-30T16:53:31.314+0000] {processor.py:925} INFO - DAG(s) 'read_dataset_event_from_classic', 'read_dataset_event' retrieved from /home/airflow/.local/lib/python3.10/site-packages/airflow/example_dags/example_inlet_event_extra.py
[2024-12-30T16:53:31.341+0000] {logging_mixin.py:190} INFO - [2024-12-30T16:53:31.340+0000] {dag.py:3239} INFO - Sync 2 DAGs
[2024-12-30T16:53:31.368+0000] {logging_mixin.py:190} INFO - [2024-12-30T16:53:31.368+0000] {dag.py:4180} INFO - Setting next_dagrun for read_dataset_event to 2024-12-29 00:00:00+00:00, run_after=2024-12-30 00:00:00+00:00
[2024-12-30T16:53:31.373+0000] {logging_mixin.py:190} INFO - [2024-12-30T16:53:31.373+0000] {dag.py:4180} INFO - Setting next_dagrun for read_dataset_event_from_classic to 2024-12-29 00:00:00+00:00, run_after=2024-12-30 00:00:00+00:00
[2024-12-30T16:53:31.392+0000] {processor.py:208} INFO - Processing /home/airflow/.local/lib/python3.10/site-packages/airflow/example_dags/example_inlet_event_extra.py took 0.400 seconds
[2024-12-30T16:54:02.014+0000] {processor.py:186} INFO - Started process (PID=34082) to work on /home/airflow/.local/lib/python3.10/site-packages/airflow/example_dags/example_inlet_event_extra.py
[2024-12-30T16:54:02.015+0000] {processor.py:914} INFO - Processing file /home/airflow/.local/lib/python3.10/site-packages/airflow/example_dags/example_inlet_event_extra.py for tasks to queue
[2024-12-30T16:54:02.017+0000] {logging_mixin.py:190} INFO - [2024-12-30T16:54:02.017+0000] {dagbag.py:588} INFO - Filling up the DagBag from /home/airflow/.local/lib/python3.10/site-packages/airflow/example_dags/example_inlet_event_extra.py
[2024-12-30T16:54:02.406+0000] {processor.py:925} INFO - DAG(s) 'read_dataset_event_from_classic', 'read_dataset_event' retrieved from /home/airflow/.local/lib/python3.10/site-packages/airflow/example_dags/example_inlet_event_extra.py
[2024-12-30T16:54:02.429+0000] {logging_mixin.py:190} INFO - [2024-12-30T16:54:02.428+0000] {dag.py:3239} INFO - Sync 2 DAGs
[2024-12-30T16:54:02.454+0000] {logging_mixin.py:190} INFO - [2024-12-30T16:54:02.453+0000] {dag.py:4180} INFO - Setting next_dagrun for read_dataset_event to 2024-12-29 00:00:00+00:00, run_after=2024-12-30 00:00:00+00:00
[2024-12-30T16:54:02.459+0000] {logging_mixin.py:190} INFO - [2024-12-30T16:54:02.458+0000] {dag.py:4180} INFO - Setting next_dagrun for read_dataset_event_from_classic to 2024-12-29 00:00:00+00:00, run_after=2024-12-30 00:00:00+00:00
[2024-12-30T16:54:02.474+0000] {processor.py:208} INFO - Processing /home/airflow/.local/lib/python3.10/site-packages/airflow/example_dags/example_inlet_event_extra.py took 0.467 seconds
