[2024-12-30T16:44:48.708+0000] {processor.py:186} INFO - Started process (PID=32888) to work on /home/airflow/.local/lib/python3.10/site-packages/airflow/example_dags/tutorial_taskflow_api.py
[2024-12-30T16:44:48.710+0000] {processor.py:914} INFO - Processing file /home/airflow/.local/lib/python3.10/site-packages/airflow/example_dags/tutorial_taskflow_api.py for tasks to queue
[2024-12-30T16:44:48.713+0000] {logging_mixin.py:190} INFO - [2024-12-30T16:44:48.712+0000] {dagbag.py:588} INFO - Filling up the DagBag from /home/airflow/.local/lib/python3.10/site-packages/airflow/example_dags/tutorial_taskflow_api.py
[2024-12-30T16:44:48.734+0000] {processor.py:925} INFO - DAG(s) 'tutorial_taskflow_api' retrieved from /home/airflow/.local/lib/python3.10/site-packages/airflow/example_dags/tutorial_taskflow_api.py
[2024-12-30T16:44:48.818+0000] {logging_mixin.py:190} INFO - [2024-12-30T16:44:48.817+0000] {dag.py:3239} INFO - Sync 1 DAGs
[2024-12-30T16:44:48.845+0000] {logging_mixin.py:190} INFO - [2024-12-30T16:44:48.844+0000] {dag.py:4180} INFO - Setting next_dagrun for tutorial_taskflow_api to None, run_after=None
[2024-12-30T16:44:48.883+0000] {processor.py:208} INFO - Processing /home/airflow/.local/lib/python3.10/site-packages/airflow/example_dags/tutorial_taskflow_api.py took 0.183 seconds
[2024-12-30T16:45:19.017+0000] {processor.py:186} INFO - Started process (PID=32956) to work on /home/airflow/.local/lib/python3.10/site-packages/airflow/example_dags/tutorial_taskflow_api.py
[2024-12-30T16:45:19.019+0000] {processor.py:914} INFO - Processing file /home/airflow/.local/lib/python3.10/site-packages/airflow/example_dags/tutorial_taskflow_api.py for tasks to queue
[2024-12-30T16:45:19.021+0000] {logging_mixin.py:190} INFO - [2024-12-30T16:45:19.020+0000] {dagbag.py:588} INFO - Filling up the DagBag from /home/airflow/.local/lib/python3.10/site-packages/airflow/example_dags/tutorial_taskflow_api.py
[2024-12-30T16:45:19.031+0000] {processor.py:925} INFO - DAG(s) 'tutorial_taskflow_api' retrieved from /home/airflow/.local/lib/python3.10/site-packages/airflow/example_dags/tutorial_taskflow_api.py
[2024-12-30T16:45:19.058+0000] {logging_mixin.py:190} INFO - [2024-12-30T16:45:19.058+0000] {dag.py:3239} INFO - Sync 1 DAGs
[2024-12-30T16:45:19.076+0000] {logging_mixin.py:190} INFO - [2024-12-30T16:45:19.075+0000] {dag.py:4180} INFO - Setting next_dagrun for tutorial_taskflow_api to None, run_after=None
[2024-12-30T16:45:19.110+0000] {processor.py:208} INFO - Processing /home/airflow/.local/lib/python3.10/site-packages/airflow/example_dags/tutorial_taskflow_api.py took 0.100 seconds
[2024-12-30T16:45:50.442+0000] {processor.py:186} INFO - Started process (PID=33024) to work on /home/airflow/.local/lib/python3.10/site-packages/airflow/example_dags/tutorial_taskflow_api.py
[2024-12-30T16:45:50.444+0000] {processor.py:914} INFO - Processing file /home/airflow/.local/lib/python3.10/site-packages/airflow/example_dags/tutorial_taskflow_api.py for tasks to queue
[2024-12-30T16:45:50.447+0000] {logging_mixin.py:190} INFO - [2024-12-30T16:45:50.446+0000] {dagbag.py:588} INFO - Filling up the DagBag from /home/airflow/.local/lib/python3.10/site-packages/airflow/example_dags/tutorial_taskflow_api.py
[2024-12-30T16:45:50.462+0000] {processor.py:925} INFO - DAG(s) 'tutorial_taskflow_api' retrieved from /home/airflow/.local/lib/python3.10/site-packages/airflow/example_dags/tutorial_taskflow_api.py
[2024-12-30T16:45:50.491+0000] {logging_mixin.py:190} INFO - [2024-12-30T16:45:50.491+0000] {dag.py:3239} INFO - Sync 1 DAGs
[2024-12-30T16:45:50.514+0000] {logging_mixin.py:190} INFO - [2024-12-30T16:45:50.514+0000] {dag.py:4180} INFO - Setting next_dagrun for tutorial_taskflow_api to None, run_after=None
[2024-12-30T16:45:50.541+0000] {processor.py:208} INFO - Processing /home/airflow/.local/lib/python3.10/site-packages/airflow/example_dags/tutorial_taskflow_api.py took 0.111 seconds
[2024-12-30T16:46:20.952+0000] {processor.py:186} INFO - Started process (PID=33092) to work on /home/airflow/.local/lib/python3.10/site-packages/airflow/example_dags/tutorial_taskflow_api.py
[2024-12-30T16:46:20.954+0000] {processor.py:914} INFO - Processing file /home/airflow/.local/lib/python3.10/site-packages/airflow/example_dags/tutorial_taskflow_api.py for tasks to queue
[2024-12-30T16:46:20.956+0000] {logging_mixin.py:190} INFO - [2024-12-30T16:46:20.955+0000] {dagbag.py:588} INFO - Filling up the DagBag from /home/airflow/.local/lib/python3.10/site-packages/airflow/example_dags/tutorial_taskflow_api.py
[2024-12-30T16:46:20.965+0000] {processor.py:925} INFO - DAG(s) 'tutorial_taskflow_api' retrieved from /home/airflow/.local/lib/python3.10/site-packages/airflow/example_dags/tutorial_taskflow_api.py
[2024-12-30T16:46:20.986+0000] {logging_mixin.py:190} INFO - [2024-12-30T16:46:20.986+0000] {dag.py:3239} INFO - Sync 1 DAGs
[2024-12-30T16:46:21.003+0000] {logging_mixin.py:190} INFO - [2024-12-30T16:46:21.002+0000] {dag.py:4180} INFO - Setting next_dagrun for tutorial_taskflow_api to None, run_after=None
[2024-12-30T16:46:21.026+0000] {processor.py:208} INFO - Processing /home/airflow/.local/lib/python3.10/site-packages/airflow/example_dags/tutorial_taskflow_api.py took 0.081 seconds
[2024-12-30T16:46:52.689+0000] {processor.py:186} INFO - Started process (PID=33160) to work on /home/airflow/.local/lib/python3.10/site-packages/airflow/example_dags/tutorial_taskflow_api.py
[2024-12-30T16:46:52.691+0000] {processor.py:914} INFO - Processing file /home/airflow/.local/lib/python3.10/site-packages/airflow/example_dags/tutorial_taskflow_api.py for tasks to queue
[2024-12-30T16:46:52.692+0000] {logging_mixin.py:190} INFO - [2024-12-30T16:46:52.692+0000] {dagbag.py:588} INFO - Filling up the DagBag from /home/airflow/.local/lib/python3.10/site-packages/airflow/example_dags/tutorial_taskflow_api.py
[2024-12-30T16:46:52.701+0000] {processor.py:925} INFO - DAG(s) 'tutorial_taskflow_api' retrieved from /home/airflow/.local/lib/python3.10/site-packages/airflow/example_dags/tutorial_taskflow_api.py
[2024-12-30T16:46:52.722+0000] {logging_mixin.py:190} INFO - [2024-12-30T16:46:52.721+0000] {dag.py:3239} INFO - Sync 1 DAGs
[2024-12-30T16:46:52.736+0000] {logging_mixin.py:190} INFO - [2024-12-30T16:46:52.736+0000] {dag.py:4180} INFO - Setting next_dagrun for tutorial_taskflow_api to None, run_after=None
[2024-12-30T16:46:52.757+0000] {processor.py:208} INFO - Processing /home/airflow/.local/lib/python3.10/site-packages/airflow/example_dags/tutorial_taskflow_api.py took 0.073 seconds
[2024-12-30T16:47:24.208+0000] {processor.py:186} INFO - Started process (PID=33228) to work on /home/airflow/.local/lib/python3.10/site-packages/airflow/example_dags/tutorial_taskflow_api.py
[2024-12-30T16:47:24.210+0000] {processor.py:914} INFO - Processing file /home/airflow/.local/lib/python3.10/site-packages/airflow/example_dags/tutorial_taskflow_api.py for tasks to queue
[2024-12-30T16:47:24.212+0000] {logging_mixin.py:190} INFO - [2024-12-30T16:47:24.212+0000] {dagbag.py:588} INFO - Filling up the DagBag from /home/airflow/.local/lib/python3.10/site-packages/airflow/example_dags/tutorial_taskflow_api.py
[2024-12-30T16:47:24.226+0000] {processor.py:925} INFO - DAG(s) 'tutorial_taskflow_api' retrieved from /home/airflow/.local/lib/python3.10/site-packages/airflow/example_dags/tutorial_taskflow_api.py
[2024-12-30T16:47:24.254+0000] {logging_mixin.py:190} INFO - [2024-12-30T16:47:24.253+0000] {dag.py:3239} INFO - Sync 1 DAGs
[2024-12-30T16:47:24.273+0000] {logging_mixin.py:190} INFO - [2024-12-30T16:47:24.273+0000] {dag.py:4180} INFO - Setting next_dagrun for tutorial_taskflow_api to None, run_after=None
[2024-12-30T16:47:24.299+0000] {processor.py:208} INFO - Processing /home/airflow/.local/lib/python3.10/site-packages/airflow/example_dags/tutorial_taskflow_api.py took 0.100 seconds
[2024-12-30T16:47:55.011+0000] {processor.py:186} INFO - Started process (PID=33296) to work on /home/airflow/.local/lib/python3.10/site-packages/airflow/example_dags/tutorial_taskflow_api.py
[2024-12-30T16:47:55.013+0000] {processor.py:914} INFO - Processing file /home/airflow/.local/lib/python3.10/site-packages/airflow/example_dags/tutorial_taskflow_api.py for tasks to queue
[2024-12-30T16:47:55.015+0000] {logging_mixin.py:190} INFO - [2024-12-30T16:47:55.014+0000] {dagbag.py:588} INFO - Filling up the DagBag from /home/airflow/.local/lib/python3.10/site-packages/airflow/example_dags/tutorial_taskflow_api.py
[2024-12-30T16:47:55.029+0000] {processor.py:925} INFO - DAG(s) 'tutorial_taskflow_api' retrieved from /home/airflow/.local/lib/python3.10/site-packages/airflow/example_dags/tutorial_taskflow_api.py
[2024-12-30T16:47:55.058+0000] {logging_mixin.py:190} INFO - [2024-12-30T16:47:55.057+0000] {dag.py:3239} INFO - Sync 1 DAGs
[2024-12-30T16:47:55.079+0000] {logging_mixin.py:190} INFO - [2024-12-30T16:47:55.079+0000] {dag.py:4180} INFO - Setting next_dagrun for tutorial_taskflow_api to None, run_after=None
[2024-12-30T16:47:55.103+0000] {processor.py:208} INFO - Processing /home/airflow/.local/lib/python3.10/site-packages/airflow/example_dags/tutorial_taskflow_api.py took 0.101 seconds
[2024-12-30T16:48:26.365+0000] {processor.py:186} INFO - Started process (PID=33364) to work on /home/airflow/.local/lib/python3.10/site-packages/airflow/example_dags/tutorial_taskflow_api.py
[2024-12-30T16:48:26.367+0000] {processor.py:914} INFO - Processing file /home/airflow/.local/lib/python3.10/site-packages/airflow/example_dags/tutorial_taskflow_api.py for tasks to queue
[2024-12-30T16:48:26.368+0000] {logging_mixin.py:190} INFO - [2024-12-30T16:48:26.368+0000] {dagbag.py:588} INFO - Filling up the DagBag from /home/airflow/.local/lib/python3.10/site-packages/airflow/example_dags/tutorial_taskflow_api.py
[2024-12-30T16:48:26.379+0000] {processor.py:925} INFO - DAG(s) 'tutorial_taskflow_api' retrieved from /home/airflow/.local/lib/python3.10/site-packages/airflow/example_dags/tutorial_taskflow_api.py
[2024-12-30T16:48:26.408+0000] {logging_mixin.py:190} INFO - [2024-12-30T16:48:26.408+0000] {dag.py:3239} INFO - Sync 1 DAGs
[2024-12-30T16:48:26.433+0000] {logging_mixin.py:190} INFO - [2024-12-30T16:48:26.432+0000] {dag.py:4180} INFO - Setting next_dagrun for tutorial_taskflow_api to None, run_after=None
[2024-12-30T16:48:26.484+0000] {processor.py:208} INFO - Processing /home/airflow/.local/lib/python3.10/site-packages/airflow/example_dags/tutorial_taskflow_api.py took 0.125 seconds
[2024-12-30T16:48:57.513+0000] {processor.py:186} INFO - Started process (PID=33432) to work on /home/airflow/.local/lib/python3.10/site-packages/airflow/example_dags/tutorial_taskflow_api.py
[2024-12-30T16:48:57.514+0000] {processor.py:914} INFO - Processing file /home/airflow/.local/lib/python3.10/site-packages/airflow/example_dags/tutorial_taskflow_api.py for tasks to queue
[2024-12-30T16:48:57.515+0000] {logging_mixin.py:190} INFO - [2024-12-30T16:48:57.515+0000] {dagbag.py:588} INFO - Filling up the DagBag from /home/airflow/.local/lib/python3.10/site-packages/airflow/example_dags/tutorial_taskflow_api.py
[2024-12-30T16:48:57.526+0000] {processor.py:925} INFO - DAG(s) 'tutorial_taskflow_api' retrieved from /home/airflow/.local/lib/python3.10/site-packages/airflow/example_dags/tutorial_taskflow_api.py
[2024-12-30T16:48:57.550+0000] {logging_mixin.py:190} INFO - [2024-12-30T16:48:57.549+0000] {dag.py:3239} INFO - Sync 1 DAGs
[2024-12-30T16:48:57.564+0000] {logging_mixin.py:190} INFO - [2024-12-30T16:48:57.564+0000] {dag.py:4180} INFO - Setting next_dagrun for tutorial_taskflow_api to None, run_after=None
[2024-12-30T16:48:57.584+0000] {processor.py:208} INFO - Processing /home/airflow/.local/lib/python3.10/site-packages/airflow/example_dags/tutorial_taskflow_api.py took 0.078 seconds
[2024-12-30T16:49:28.134+0000] {processor.py:186} INFO - Started process (PID=33500) to work on /home/airflow/.local/lib/python3.10/site-packages/airflow/example_dags/tutorial_taskflow_api.py
[2024-12-30T16:49:28.135+0000] {processor.py:914} INFO - Processing file /home/airflow/.local/lib/python3.10/site-packages/airflow/example_dags/tutorial_taskflow_api.py for tasks to queue
[2024-12-30T16:49:28.137+0000] {logging_mixin.py:190} INFO - [2024-12-30T16:49:28.136+0000] {dagbag.py:588} INFO - Filling up the DagBag from /home/airflow/.local/lib/python3.10/site-packages/airflow/example_dags/tutorial_taskflow_api.py
[2024-12-30T16:49:28.146+0000] {processor.py:925} INFO - DAG(s) 'tutorial_taskflow_api' retrieved from /home/airflow/.local/lib/python3.10/site-packages/airflow/example_dags/tutorial_taskflow_api.py
[2024-12-30T16:49:28.168+0000] {logging_mixin.py:190} INFO - [2024-12-30T16:49:28.167+0000] {dag.py:3239} INFO - Sync 1 DAGs
[2024-12-30T16:49:28.185+0000] {logging_mixin.py:190} INFO - [2024-12-30T16:49:28.184+0000] {dag.py:4180} INFO - Setting next_dagrun for tutorial_taskflow_api to None, run_after=None
[2024-12-30T16:49:28.209+0000] {processor.py:208} INFO - Processing /home/airflow/.local/lib/python3.10/site-packages/airflow/example_dags/tutorial_taskflow_api.py took 0.081 seconds
[2024-12-30T16:49:59.391+0000] {processor.py:186} INFO - Started process (PID=33568) to work on /home/airflow/.local/lib/python3.10/site-packages/airflow/example_dags/tutorial_taskflow_api.py
[2024-12-30T16:49:59.392+0000] {processor.py:914} INFO - Processing file /home/airflow/.local/lib/python3.10/site-packages/airflow/example_dags/tutorial_taskflow_api.py for tasks to queue
[2024-12-30T16:49:59.394+0000] {logging_mixin.py:190} INFO - [2024-12-30T16:49:59.394+0000] {dagbag.py:588} INFO - Filling up the DagBag from /home/airflow/.local/lib/python3.10/site-packages/airflow/example_dags/tutorial_taskflow_api.py
[2024-12-30T16:49:59.403+0000] {processor.py:925} INFO - DAG(s) 'tutorial_taskflow_api' retrieved from /home/airflow/.local/lib/python3.10/site-packages/airflow/example_dags/tutorial_taskflow_api.py
[2024-12-30T16:49:59.424+0000] {logging_mixin.py:190} INFO - [2024-12-30T16:49:59.424+0000] {dag.py:3239} INFO - Sync 1 DAGs
[2024-12-30T16:49:59.442+0000] {logging_mixin.py:190} INFO - [2024-12-30T16:49:59.441+0000] {dag.py:4180} INFO - Setting next_dagrun for tutorial_taskflow_api to None, run_after=None
[2024-12-30T16:49:59.463+0000] {processor.py:208} INFO - Processing /home/airflow/.local/lib/python3.10/site-packages/airflow/example_dags/tutorial_taskflow_api.py took 0.078 seconds
[2024-12-30T16:50:30.260+0000] {processor.py:186} INFO - Started process (PID=33636) to work on /home/airflow/.local/lib/python3.10/site-packages/airflow/example_dags/tutorial_taskflow_api.py
[2024-12-30T16:50:30.261+0000] {processor.py:914} INFO - Processing file /home/airflow/.local/lib/python3.10/site-packages/airflow/example_dags/tutorial_taskflow_api.py for tasks to queue
[2024-12-30T16:50:30.263+0000] {logging_mixin.py:190} INFO - [2024-12-30T16:50:30.262+0000] {dagbag.py:588} INFO - Filling up the DagBag from /home/airflow/.local/lib/python3.10/site-packages/airflow/example_dags/tutorial_taskflow_api.py
[2024-12-30T16:50:30.271+0000] {processor.py:925} INFO - DAG(s) 'tutorial_taskflow_api' retrieved from /home/airflow/.local/lib/python3.10/site-packages/airflow/example_dags/tutorial_taskflow_api.py
[2024-12-30T16:50:30.292+0000] {logging_mixin.py:190} INFO - [2024-12-30T16:50:30.292+0000] {dag.py:3239} INFO - Sync 1 DAGs
[2024-12-30T16:50:30.307+0000] {logging_mixin.py:190} INFO - [2024-12-30T16:50:30.307+0000] {dag.py:4180} INFO - Setting next_dagrun for tutorial_taskflow_api to None, run_after=None
[2024-12-30T16:50:30.328+0000] {processor.py:208} INFO - Processing /home/airflow/.local/lib/python3.10/site-packages/airflow/example_dags/tutorial_taskflow_api.py took 0.074 seconds
[2024-12-30T16:51:01.033+0000] {processor.py:186} INFO - Started process (PID=33704) to work on /home/airflow/.local/lib/python3.10/site-packages/airflow/example_dags/tutorial_taskflow_api.py
[2024-12-30T16:51:01.035+0000] {processor.py:914} INFO - Processing file /home/airflow/.local/lib/python3.10/site-packages/airflow/example_dags/tutorial_taskflow_api.py for tasks to queue
[2024-12-30T16:51:01.037+0000] {logging_mixin.py:190} INFO - [2024-12-30T16:51:01.037+0000] {dagbag.py:588} INFO - Filling up the DagBag from /home/airflow/.local/lib/python3.10/site-packages/airflow/example_dags/tutorial_taskflow_api.py
[2024-12-30T16:51:01.048+0000] {processor.py:925} INFO - DAG(s) 'tutorial_taskflow_api' retrieved from /home/airflow/.local/lib/python3.10/site-packages/airflow/example_dags/tutorial_taskflow_api.py
[2024-12-30T16:51:01.072+0000] {logging_mixin.py:190} INFO - [2024-12-30T16:51:01.071+0000] {dag.py:3239} INFO - Sync 1 DAGs
[2024-12-30T16:51:01.087+0000] {logging_mixin.py:190} INFO - [2024-12-30T16:51:01.086+0000] {dag.py:4180} INFO - Setting next_dagrun for tutorial_taskflow_api to None, run_after=None
[2024-12-30T16:51:01.106+0000] {processor.py:208} INFO - Processing /home/airflow/.local/lib/python3.10/site-packages/airflow/example_dags/tutorial_taskflow_api.py took 0.081 seconds
[2024-12-30T16:51:31.710+0000] {processor.py:186} INFO - Started process (PID=33772) to work on /home/airflow/.local/lib/python3.10/site-packages/airflow/example_dags/tutorial_taskflow_api.py
[2024-12-30T16:51:31.711+0000] {processor.py:914} INFO - Processing file /home/airflow/.local/lib/python3.10/site-packages/airflow/example_dags/tutorial_taskflow_api.py for tasks to queue
[2024-12-30T16:51:31.713+0000] {logging_mixin.py:190} INFO - [2024-12-30T16:51:31.713+0000] {dagbag.py:588} INFO - Filling up the DagBag from /home/airflow/.local/lib/python3.10/site-packages/airflow/example_dags/tutorial_taskflow_api.py
[2024-12-30T16:51:31.722+0000] {processor.py:925} INFO - DAG(s) 'tutorial_taskflow_api' retrieved from /home/airflow/.local/lib/python3.10/site-packages/airflow/example_dags/tutorial_taskflow_api.py
[2024-12-30T16:51:31.741+0000] {logging_mixin.py:190} INFO - [2024-12-30T16:51:31.741+0000] {dag.py:3239} INFO - Sync 1 DAGs
[2024-12-30T16:51:31.755+0000] {logging_mixin.py:190} INFO - [2024-12-30T16:51:31.755+0000] {dag.py:4180} INFO - Setting next_dagrun for tutorial_taskflow_api to None, run_after=None
[2024-12-30T16:51:31.774+0000] {processor.py:208} INFO - Processing /home/airflow/.local/lib/python3.10/site-packages/airflow/example_dags/tutorial_taskflow_api.py took 0.070 seconds
[2024-12-30T16:52:02.926+0000] {processor.py:186} INFO - Started process (PID=33840) to work on /home/airflow/.local/lib/python3.10/site-packages/airflow/example_dags/tutorial_taskflow_api.py
[2024-12-30T16:52:02.929+0000] {processor.py:914} INFO - Processing file /home/airflow/.local/lib/python3.10/site-packages/airflow/example_dags/tutorial_taskflow_api.py for tasks to queue
[2024-12-30T16:52:02.931+0000] {logging_mixin.py:190} INFO - [2024-12-30T16:52:02.931+0000] {dagbag.py:588} INFO - Filling up the DagBag from /home/airflow/.local/lib/python3.10/site-packages/airflow/example_dags/tutorial_taskflow_api.py
[2024-12-30T16:52:02.945+0000] {processor.py:925} INFO - DAG(s) 'tutorial_taskflow_api' retrieved from /home/airflow/.local/lib/python3.10/site-packages/airflow/example_dags/tutorial_taskflow_api.py
[2024-12-30T16:52:02.971+0000] {logging_mixin.py:190} INFO - [2024-12-30T16:52:02.971+0000] {dag.py:3239} INFO - Sync 1 DAGs
[2024-12-30T16:52:02.989+0000] {logging_mixin.py:190} INFO - [2024-12-30T16:52:02.989+0000] {dag.py:4180} INFO - Setting next_dagrun for tutorial_taskflow_api to None, run_after=None
[2024-12-30T16:52:03.011+0000] {processor.py:208} INFO - Processing /home/airflow/.local/lib/python3.10/site-packages/airflow/example_dags/tutorial_taskflow_api.py took 0.092 seconds
[2024-12-30T16:52:33.216+0000] {processor.py:186} INFO - Started process (PID=33908) to work on /home/airflow/.local/lib/python3.10/site-packages/airflow/example_dags/tutorial_taskflow_api.py
[2024-12-30T16:52:33.218+0000] {processor.py:914} INFO - Processing file /home/airflow/.local/lib/python3.10/site-packages/airflow/example_dags/tutorial_taskflow_api.py for tasks to queue
[2024-12-30T16:52:33.220+0000] {logging_mixin.py:190} INFO - [2024-12-30T16:52:33.219+0000] {dagbag.py:588} INFO - Filling up the DagBag from /home/airflow/.local/lib/python3.10/site-packages/airflow/example_dags/tutorial_taskflow_api.py
[2024-12-30T16:52:33.229+0000] {processor.py:925} INFO - DAG(s) 'tutorial_taskflow_api' retrieved from /home/airflow/.local/lib/python3.10/site-packages/airflow/example_dags/tutorial_taskflow_api.py
[2024-12-30T16:52:33.250+0000] {logging_mixin.py:190} INFO - [2024-12-30T16:52:33.250+0000] {dag.py:3239} INFO - Sync 1 DAGs
[2024-12-30T16:52:33.265+0000] {logging_mixin.py:190} INFO - [2024-12-30T16:52:33.264+0000] {dag.py:4180} INFO - Setting next_dagrun for tutorial_taskflow_api to None, run_after=None
[2024-12-30T16:52:33.286+0000] {processor.py:208} INFO - Processing /home/airflow/.local/lib/python3.10/site-packages/airflow/example_dags/tutorial_taskflow_api.py took 0.076 seconds
[2024-12-30T16:53:04.883+0000] {processor.py:186} INFO - Started process (PID=33976) to work on /home/airflow/.local/lib/python3.10/site-packages/airflow/example_dags/tutorial_taskflow_api.py
[2024-12-30T16:53:04.884+0000] {processor.py:914} INFO - Processing file /home/airflow/.local/lib/python3.10/site-packages/airflow/example_dags/tutorial_taskflow_api.py for tasks to queue
[2024-12-30T16:53:04.886+0000] {logging_mixin.py:190} INFO - [2024-12-30T16:53:04.885+0000] {dagbag.py:588} INFO - Filling up the DagBag from /home/airflow/.local/lib/python3.10/site-packages/airflow/example_dags/tutorial_taskflow_api.py
[2024-12-30T16:53:04.895+0000] {processor.py:925} INFO - DAG(s) 'tutorial_taskflow_api' retrieved from /home/airflow/.local/lib/python3.10/site-packages/airflow/example_dags/tutorial_taskflow_api.py
[2024-12-30T16:53:04.919+0000] {logging_mixin.py:190} INFO - [2024-12-30T16:53:04.919+0000] {dag.py:3239} INFO - Sync 1 DAGs
[2024-12-30T16:53:04.937+0000] {logging_mixin.py:190} INFO - [2024-12-30T16:53:04.936+0000] {dag.py:4180} INFO - Setting next_dagrun for tutorial_taskflow_api to None, run_after=None
[2024-12-30T16:53:04.958+0000] {processor.py:208} INFO - Processing /home/airflow/.local/lib/python3.10/site-packages/airflow/example_dags/tutorial_taskflow_api.py took 0.082 seconds
[2024-12-30T16:53:35.775+0000] {processor.py:186} INFO - Started process (PID=34044) to work on /home/airflow/.local/lib/python3.10/site-packages/airflow/example_dags/tutorial_taskflow_api.py
[2024-12-30T16:53:35.777+0000] {processor.py:914} INFO - Processing file /home/airflow/.local/lib/python3.10/site-packages/airflow/example_dags/tutorial_taskflow_api.py for tasks to queue
[2024-12-30T16:53:35.778+0000] {logging_mixin.py:190} INFO - [2024-12-30T16:53:35.778+0000] {dagbag.py:588} INFO - Filling up the DagBag from /home/airflow/.local/lib/python3.10/site-packages/airflow/example_dags/tutorial_taskflow_api.py
[2024-12-30T16:53:35.787+0000] {processor.py:925} INFO - DAG(s) 'tutorial_taskflow_api' retrieved from /home/airflow/.local/lib/python3.10/site-packages/airflow/example_dags/tutorial_taskflow_api.py
[2024-12-30T16:53:35.807+0000] {logging_mixin.py:190} INFO - [2024-12-30T16:53:35.807+0000] {dag.py:3239} INFO - Sync 1 DAGs
[2024-12-30T16:53:35.821+0000] {logging_mixin.py:190} INFO - [2024-12-30T16:53:35.821+0000] {dag.py:4180} INFO - Setting next_dagrun for tutorial_taskflow_api to None, run_after=None
[2024-12-30T16:53:35.843+0000] {processor.py:208} INFO - Processing /home/airflow/.local/lib/python3.10/site-packages/airflow/example_dags/tutorial_taskflow_api.py took 0.074 seconds
