[2024-12-29T17:08:06.276+0000] {local_task_job_runner.py:123} INFO - ::group::Pre task execution logs
[2024-12-29T17:08:06.300+0000] {taskinstance.py:2613} INFO - Dependencies all met for dep_context=non-requeueable deps ti=<TaskInstance: stock_price_monitor_v1.check_if_email_needed scheduled__2024-12-29T17:06:00+00:00 [queued]>
[2024-12-29T17:08:06.313+0000] {taskinstance.py:2613} INFO - Dependencies all met for dep_context=requeueable deps ti=<TaskInstance: stock_price_monitor_v1.check_if_email_needed scheduled__2024-12-29T17:06:00+00:00 [queued]>
[2024-12-29T17:08:06.316+0000] {taskinstance.py:2866} INFO - Starting attempt 1 of 2
[2024-12-29T17:08:06.334+0000] {taskinstance.py:2889} INFO - Executing <Task(ShortCircuitOperator): check_if_email_needed> on 2024-12-29 17:06:00+00:00
[2024-12-29T17:08:06.343+0000] {standard_task_runner.py:72} INFO - Started process 44470 to run task
[2024-12-29T17:08:06.348+0000] {standard_task_runner.py:104} INFO - Running: ['***', 'tasks', 'run', 'stock_price_monitor_v1', 'check_if_email_needed', 'scheduled__2024-12-29T17:06:00+00:00', '--job-id', '1269', '--raw', '--subdir', 'DAGS_FOLDER/email_generation.py', '--cfg-path', '/tmp/tmpr2n5fzt0']
[2024-12-29T17:08:06.351+0000] {standard_task_runner.py:105} INFO - Job 1269: Subtask check_if_email_needed
[2024-12-29T17:08:06.412+0000] {task_command.py:467} INFO - Running <TaskInstance: stock_price_monitor_v1.check_if_email_needed scheduled__2024-12-29T17:06:00+00:00 [running]> on host 95d98a98d27d
[2024-12-29T17:08:06.536+0000] {taskinstance.py:3132} INFO - Exporting env vars: AIRFLOW_CTX_DAG_OWNER='haziq' AIRFLOW_CTX_DAG_ID='stock_price_monitor_v1' AIRFLOW_CTX_TASK_ID='check_if_email_needed' AIRFLOW_CTX_EXECUTION_DATE='2024-12-29T17:06:00+00:00' AIRFLOW_CTX_TRY_NUMBER='1' AIRFLOW_CTX_DAG_RUN_ID='scheduled__2024-12-29T17:06:00+00:00'
[2024-12-29T17:08:06.539+0000] {logging_mixin.py:190} INFO - Task instance is in running state
[2024-12-29T17:08:06.540+0000] {logging_mixin.py:190} INFO -  Previous state of the Task instance: queued
[2024-12-29T17:08:06.542+0000] {logging_mixin.py:190} INFO - Current task name:check_if_email_needed state:running start_date:2024-12-29 17:08:06.302405+00:00
[2024-12-29T17:08:06.543+0000] {logging_mixin.py:190} INFO - Dag name:stock_price_monitor_v1 and current dag run status:running
[2024-12-29T17:08:06.544+0000] {taskinstance.py:731} INFO - ::endgroup::
[2024-12-29T17:08:06.546+0000] {baseoperator.py:416} WARNING - ShortCircuitOperator.execute cannot be called outside TaskInstance!
[2024-12-29T17:08:06.560+0000] {python.py:240} INFO - Done. Returned value was: False
[2024-12-29T17:08:06.564+0000] {python.py:309} INFO - Condition result is False
[2024-12-29T17:08:06.566+0000] {python.py:336} INFO - Skipping downstream tasks
[2024-12-29T17:08:06.595+0000] {python.py:344} INFO - Done.
[2024-12-29T17:08:06.620+0000] {taskinstance.py:340} INFO - ::group::Post task execution logs
[2024-12-29T17:08:06.622+0000] {taskinstance.py:352} INFO - Marking task as SUCCESS. dag_id=stock_price_monitor_v1, task_id=check_if_email_needed, run_id=scheduled__2024-12-29T17:06:00+00:00, execution_date=20241229T170600, start_date=20241229T170806, end_date=20241229T170806
[2024-12-29T17:08:06.635+0000] {logging_mixin.py:190} INFO - Task instance in success state
[2024-12-29T17:08:06.637+0000] {logging_mixin.py:190} INFO -  Previous state of the Task instance: running
[2024-12-29T17:08:06.638+0000] {logging_mixin.py:190} INFO - Dag name:stock_price_monitor_v1 queued_at:2024-12-29 17:08:01.019328+00:00
[2024-12-29T17:08:06.640+0000] {logging_mixin.py:190} INFO - Task hostname:95d98a98d27d operator:ShortCircuitOperator
[2024-12-29T17:08:06.682+0000] {local_task_job_runner.py:266} INFO - Task exited with return code 0
[2024-12-29T17:08:06.715+0000] {taskinstance.py:3895} INFO - 0 downstream tasks scheduled from follow-on schedule check
[2024-12-29T17:08:06.719+0000] {local_task_job_runner.py:245} INFO - ::endgroup::
