[2025-01-02T13:12:03.296+0000] {local_task_job_runner.py:123} INFO - ::group::Pre task execution logs
[2025-01-02T13:12:03.310+0000] {taskinstance.py:2613} INFO - Dependencies all met for dep_context=non-requeueable deps ti=<TaskInstance: stock_price_monitor_v1.check_stock_price scheduled__2025-01-02T13:10:00+00:00 [queued]>
[2025-01-02T13:12:03.319+0000] {taskinstance.py:2613} INFO - Dependencies all met for dep_context=requeueable deps ti=<TaskInstance: stock_price_monitor_v1.check_stock_price scheduled__2025-01-02T13:10:00+00:00 [queued]>
[2025-01-02T13:12:03.321+0000] {taskinstance.py:2866} INFO - Starting attempt 1 of 2
[2025-01-02T13:12:03.335+0000] {taskinstance.py:2889} INFO - Executing <Task(PythonOperator): check_stock_price> on 2025-01-02 13:10:00+00:00
[2025-01-02T13:12:03.342+0000] {standard_task_runner.py:72} INFO - Started process 96741 to run task
[2025-01-02T13:12:03.348+0000] {standard_task_runner.py:104} INFO - Running: ['***', 'tasks', 'run', 'stock_price_monitor_v1', 'check_stock_price', 'scheduled__2025-01-02T13:10:00+00:00', '--job-id', '1668', '--raw', '--subdir', 'DAGS_FOLDER/email_generation.py', '--cfg-path', '/tmp/tmpkbby7yt4']
[2025-01-02T13:12:03.352+0000] {standard_task_runner.py:105} INFO - Job 1668: Subtask check_stock_price
[2025-01-02T13:12:03.429+0000] {task_command.py:467} INFO - Running <TaskInstance: stock_price_monitor_v1.check_stock_price scheduled__2025-01-02T13:10:00+00:00 [running]> on host 95d98a98d27d
[2025-01-02T13:12:03.519+0000] {taskinstance.py:3132} INFO - Exporting env vars: AIRFLOW_CTX_DAG_OWNER='haziq' AIRFLOW_CTX_DAG_ID='stock_price_monitor_v1' AIRFLOW_CTX_TASK_ID='check_stock_price' AIRFLOW_CTX_EXECUTION_DATE='2025-01-02T13:10:00+00:00' AIRFLOW_CTX_TRY_NUMBER='1' AIRFLOW_CTX_DAG_RUN_ID='scheduled__2025-01-02T13:10:00+00:00'
[2025-01-02T13:12:03.522+0000] {logging_mixin.py:190} INFO - Task instance is in running state
[2025-01-02T13:12:03.523+0000] {logging_mixin.py:190} INFO -  Previous state of the Task instance: queued
[2025-01-02T13:12:03.524+0000] {logging_mixin.py:190} INFO - Current task name:check_stock_price state:running start_date:2025-01-02 13:12:03.311941+00:00
[2025-01-02T13:12:03.525+0000] {logging_mixin.py:190} INFO - Dag name:stock_price_monitor_v1 and current dag run status:running
[2025-01-02T13:12:03.526+0000] {taskinstance.py:731} INFO - ::endgroup::
[2025-01-02T13:12:03.538+0000] {base.py:84} INFO - Retrieving connection 'postgres_default'
[2025-01-02T13:12:03.543+0000] {sql.py:544} INFO - Running statement: select 1, parameters: None
[2025-01-02T13:12:03.545+0000] {sql.py:553} INFO - Rows affected: 1
[2025-01-02T13:12:03.547+0000] {logging_mixin.py:190} INFO - Connection successful
[2025-01-02T13:12:03.548+0000] {logging_mixin.py:190} INFO - Checking stock price...
[2025-01-02T13:12:03.553+0000] {sql.py:544} INFO - Running statement: 
        SELECT ticker, "Current Price" as current_price 
        FROM public.live_stock 
        LIMIT 1;
    , parameters: None
[2025-01-02T13:12:03.715+0000] {sql.py:553} INFO - Rows affected: 1
[2025-01-02T13:12:03.718+0000] {logging_mixin.py:190} INFO - Records: [('AAPL', '$250.42')]
[2025-01-02T13:12:03.719+0000] {logging_mixin.py:190} INFO - Ticker: AAPL, Price: 250.42
[2025-01-02T13:12:03.757+0000] {logging_mixin.py:190} INFO - Normal: AAPL price $250.42 is above threshold $200
[2025-01-02T13:12:03.760+0000] {python.py:240} INFO - Done. Returned value was: None
[2025-01-02T13:12:03.770+0000] {taskinstance.py:340} INFO - ::group::Post task execution logs
[2025-01-02T13:12:03.773+0000] {taskinstance.py:352} INFO - Marking task as SUCCESS. dag_id=stock_price_monitor_v1, task_id=check_stock_price, run_id=scheduled__2025-01-02T13:10:00+00:00, execution_date=20250102T131000, start_date=20250102T131203, end_date=20250102T131203
[2025-01-02T13:12:03.784+0000] {logging_mixin.py:190} INFO - Task instance in success state
[2025-01-02T13:12:03.785+0000] {logging_mixin.py:190} INFO -  Previous state of the Task instance: running
[2025-01-02T13:12:03.787+0000] {logging_mixin.py:190} INFO - Dag name:stock_price_monitor_v1 queued_at:2025-01-02 13:12:00.949398+00:00
[2025-01-02T13:12:03.788+0000] {logging_mixin.py:190} INFO - Task hostname:95d98a98d27d operator:PythonOperator
[2025-01-02T13:12:03.803+0000] {local_task_job_runner.py:266} INFO - Task exited with return code 0
[2025-01-02T13:12:03.831+0000] {taskinstance.py:3895} INFO - 1 downstream tasks scheduled from follow-on schedule check
[2025-01-02T13:12:03.835+0000] {local_task_job_runner.py:245} INFO - ::endgroup::
