[2024-12-30T20:34:03.050+0000] {local_task_job_runner.py:123} INFO - ::group::Pre task execution logs
[2024-12-30T20:34:03.070+0000] {taskinstance.py:2613} INFO - Dependencies all met for dep_context=non-requeueable deps ti=<TaskInstance: stock_price_monitor_v1.check_stock_price scheduled__2024-12-30T20:32:00+00:00 [queued]>
[2024-12-30T20:34:03.084+0000] {taskinstance.py:2613} INFO - Dependencies all met for dep_context=requeueable deps ti=<TaskInstance: stock_price_monitor_v1.check_stock_price scheduled__2024-12-30T20:32:00+00:00 [queued]>
[2024-12-30T20:34:03.088+0000] {taskinstance.py:2866} INFO - Starting attempt 1 of 2
[2024-12-30T20:34:03.111+0000] {taskinstance.py:2889} INFO - Executing <Task(PythonOperator): check_stock_price> on 2024-12-30 20:32:00+00:00
[2024-12-30T20:34:03.123+0000] {standard_task_runner.py:72} INFO - Started process 32962 to run task
[2024-12-30T20:34:03.128+0000] {standard_task_runner.py:104} INFO - Running: ['***', 'tasks', 'run', 'stock_price_monitor_v1', 'check_stock_price', 'scheduled__2024-12-30T20:32:00+00:00', '--job-id', '1389', '--raw', '--subdir', 'DAGS_FOLDER/email_generation.py', '--cfg-path', '/tmp/tmpu6dvgjsd']
[2024-12-30T20:34:03.132+0000] {standard_task_runner.py:105} INFO - Job 1389: Subtask check_stock_price
[2024-12-30T20:34:03.204+0000] {task_command.py:467} INFO - Running <TaskInstance: stock_price_monitor_v1.check_stock_price scheduled__2024-12-30T20:32:00+00:00 [running]> on host 95d98a98d27d
[2024-12-30T20:34:03.381+0000] {taskinstance.py:3132} INFO - Exporting env vars: AIRFLOW_CTX_DAG_OWNER='haziq' AIRFLOW_CTX_DAG_ID='stock_price_monitor_v1' AIRFLOW_CTX_TASK_ID='check_stock_price' AIRFLOW_CTX_EXECUTION_DATE='2024-12-30T20:32:00+00:00' AIRFLOW_CTX_TRY_NUMBER='1' AIRFLOW_CTX_DAG_RUN_ID='scheduled__2024-12-30T20:32:00+00:00'
[2024-12-30T20:34:03.385+0000] {logging_mixin.py:190} INFO - Task instance is in running state
[2024-12-30T20:34:03.387+0000] {logging_mixin.py:190} INFO -  Previous state of the Task instance: queued
[2024-12-30T20:34:03.390+0000] {logging_mixin.py:190} INFO - Current task name:check_stock_price state:running start_date:2024-12-30 20:34:03.072075+00:00
[2024-12-30T20:34:03.392+0000] {logging_mixin.py:190} INFO - Dag name:stock_price_monitor_v1 and current dag run status:running
[2024-12-30T20:34:03.395+0000] {taskinstance.py:731} INFO - ::endgroup::
[2024-12-30T20:34:03.415+0000] {base.py:84} INFO - Retrieving connection 'postgres_default'
[2024-12-30T20:34:03.424+0000] {sql.py:544} INFO - Running statement: select 1, parameters: None
[2024-12-30T20:34:03.429+0000] {sql.py:553} INFO - Rows affected: 1
[2024-12-30T20:34:03.442+0000] {logging_mixin.py:190} INFO - Connection successful
[2024-12-30T20:34:03.444+0000] {logging_mixin.py:190} INFO - Checking stock price...
[2024-12-30T20:34:03.465+0000] {sql.py:544} INFO - Running statement: 
        SELECT ticker, "Current Price" as current_price 
        FROM public.live_stock 
        LIMIT 1;
    , parameters: None
[2024-12-30T20:34:03.524+0000] {sql.py:553} INFO - Rows affected: 1
[2024-12-30T20:34:03.527+0000] {logging_mixin.py:190} INFO - Records: [('AAPL', '$252.755')]
[2024-12-30T20:34:03.529+0000] {logging_mixin.py:190} INFO - Ticker: AAPL, Price: 252.755
[2024-12-30T20:34:03.579+0000] {logging_mixin.py:190} INFO - Normal: AAPL price $252.755 is above threshold $200
[2024-12-30T20:34:03.581+0000] {python.py:240} INFO - Done. Returned value was: None
[2024-12-30T20:34:03.592+0000] {taskinstance.py:340} INFO - ::group::Post task execution logs
[2024-12-30T20:34:03.595+0000] {taskinstance.py:352} INFO - Marking task as SUCCESS. dag_id=stock_price_monitor_v1, task_id=check_stock_price, run_id=scheduled__2024-12-30T20:32:00+00:00, execution_date=20241230T203200, start_date=20241230T203403, end_date=20241230T203403
[2024-12-30T20:34:03.609+0000] {logging_mixin.py:190} INFO - Task instance in success state
[2024-12-30T20:34:03.612+0000] {logging_mixin.py:190} INFO -  Previous state of the Task instance: running
[2024-12-30T20:34:03.615+0000] {logging_mixin.py:190} INFO - Dag name:stock_price_monitor_v1 queued_at:2024-12-30 20:34:00.956498+00:00
[2024-12-30T20:34:03.618+0000] {logging_mixin.py:190} INFO - Task hostname:95d98a98d27d operator:PythonOperator
[2024-12-30T20:34:03.664+0000] {local_task_job_runner.py:266} INFO - Task exited with return code 0
[2024-12-30T20:34:03.730+0000] {taskinstance.py:3895} INFO - 1 downstream tasks scheduled from follow-on schedule check
[2024-12-30T20:34:03.733+0000] {local_task_job_runner.py:245} INFO - ::endgroup::
