[2025-01-03T20:24:02.017+0000] {local_task_job_runner.py:123} INFO - ::group::Pre task execution logs
[2025-01-03T20:24:02.031+0000] {taskinstance.py:2613} INFO - Dependencies all met for dep_context=non-requeueable deps ti=<TaskInstance: stock_price_monitor_v1.check_stock_price scheduled__2025-01-03T20:22:00+00:00 [queued]>
[2025-01-03T20:24:02.040+0000] {taskinstance.py:2613} INFO - Dependencies all met for dep_context=requeueable deps ti=<TaskInstance: stock_price_monitor_v1.check_stock_price scheduled__2025-01-03T20:22:00+00:00 [queued]>
[2025-01-03T20:24:02.042+0000] {taskinstance.py:2866} INFO - Starting attempt 1 of 2
[2025-01-03T20:24:02.055+0000] {taskinstance.py:2889} INFO - Executing <Task(PythonOperator): check_stock_price> on 2025-01-03 20:22:00+00:00
[2025-01-03T20:24:02.062+0000] {standard_task_runner.py:72} INFO - Started process 4002 to run task
[2025-01-03T20:24:02.065+0000] {standard_task_runner.py:104} INFO - Running: ['***', 'tasks', 'run', 'stock_price_monitor_v1', 'check_stock_price', 'scheduled__2025-01-03T20:22:00+00:00', '--job-id', '2013', '--raw', '--subdir', 'DAGS_FOLDER/email_generation.py', '--cfg-path', '/tmp/tmp1gr_0spr']
[2025-01-03T20:24:02.066+0000] {standard_task_runner.py:105} INFO - Job 2013: Subtask check_stock_price
[2025-01-03T20:24:02.109+0000] {task_command.py:467} INFO - Running <TaskInstance: stock_price_monitor_v1.check_stock_price scheduled__2025-01-03T20:22:00+00:00 [running]> on host 95d98a98d27d
[2025-01-03T20:24:02.176+0000] {taskinstance.py:3132} INFO - Exporting env vars: AIRFLOW_CTX_DAG_OWNER='haziq' AIRFLOW_CTX_DAG_ID='stock_price_monitor_v1' AIRFLOW_CTX_TASK_ID='check_stock_price' AIRFLOW_CTX_EXECUTION_DATE='2025-01-03T20:22:00+00:00' AIRFLOW_CTX_TRY_NUMBER='1' AIRFLOW_CTX_DAG_RUN_ID='scheduled__2025-01-03T20:22:00+00:00'
[2025-01-03T20:24:02.178+0000] {logging_mixin.py:190} INFO - Task instance is in running state
[2025-01-03T20:24:02.179+0000] {logging_mixin.py:190} INFO -  Previous state of the Task instance: queued
[2025-01-03T20:24:02.180+0000] {logging_mixin.py:190} INFO - Current task name:check_stock_price state:running start_date:2025-01-03 20:24:02.032878+00:00
[2025-01-03T20:24:02.181+0000] {logging_mixin.py:190} INFO - Dag name:stock_price_monitor_v1 and current dag run status:running
[2025-01-03T20:24:02.181+0000] {taskinstance.py:731} INFO - ::endgroup::
[2025-01-03T20:24:02.190+0000] {base.py:84} INFO - Retrieving connection 'postgres_default'
[2025-01-03T20:24:02.195+0000] {sql.py:544} INFO - Running statement: select 1, parameters: None
[2025-01-03T20:24:02.196+0000] {sql.py:553} INFO - Rows affected: 1
[2025-01-03T20:24:02.198+0000] {logging_mixin.py:190} INFO - Connection successful
[2025-01-03T20:24:02.199+0000] {logging_mixin.py:190} INFO - Checking stock price...
[2025-01-03T20:24:02.203+0000] {sql.py:544} INFO - Running statement: 
        SELECT ticker, "Current Price" as current_price 
        FROM public.live_stock 
        LIMIT 1;
    , parameters: None
[2025-01-03T20:24:02.295+0000] {sql.py:553} INFO - Rows affected: 1
[2025-01-03T20:24:02.296+0000] {logging_mixin.py:190} INFO - Records: [('AAPL', '$250.42')]
[2025-01-03T20:24:02.297+0000] {logging_mixin.py:190} INFO - Ticker: AAPL, Price: 250.42
[2025-01-03T20:24:02.326+0000] {logging_mixin.py:190} INFO - Normal: AAPL price $250.42 is above threshold $200
[2025-01-03T20:24:02.327+0000] {python.py:240} INFO - Done. Returned value was: None
[2025-01-03T20:24:02.335+0000] {taskinstance.py:340} INFO - ::group::Post task execution logs
[2025-01-03T20:24:02.337+0000] {taskinstance.py:352} INFO - Marking task as SUCCESS. dag_id=stock_price_monitor_v1, task_id=check_stock_price, run_id=scheduled__2025-01-03T20:22:00+00:00, execution_date=20250103T202200, start_date=20250103T202402, end_date=20250103T202402
[2025-01-03T20:24:02.346+0000] {logging_mixin.py:190} INFO - Task instance in success state
[2025-01-03T20:24:02.347+0000] {logging_mixin.py:190} INFO -  Previous state of the Task instance: running
[2025-01-03T20:24:02.348+0000] {logging_mixin.py:190} INFO - Dag name:stock_price_monitor_v1 queued_at:2025-01-03 20:24:00.597813+00:00
[2025-01-03T20:24:02.349+0000] {logging_mixin.py:190} INFO - Task hostname:95d98a98d27d operator:PythonOperator
[2025-01-03T20:24:02.359+0000] {local_task_job_runner.py:266} INFO - Task exited with return code 0
[2025-01-03T20:24:02.380+0000] {taskinstance.py:3895} INFO - 1 downstream tasks scheduled from follow-on schedule check
[2025-01-03T20:24:02.382+0000] {local_task_job_runner.py:245} INFO - ::endgroup::
