[2025-01-01T18:19:20.180+0000] {local_task_job_runner.py:123} INFO - ::group::Pre task execution logs
[2025-01-01T18:19:20.212+0000] {taskinstance.py:2613} INFO - Dependencies all met for dep_context=non-requeueable deps ti=<TaskInstance: L30d_pipeline.push_success_string scheduled__2024-12-31T04:00:00+00:00 [queued]>
[2025-01-01T18:19:20.230+0000] {taskinstance.py:2613} INFO - Dependencies all met for dep_context=requeueable deps ti=<TaskInstance: L30d_pipeline.push_success_string scheduled__2024-12-31T04:00:00+00:00 [queued]>
[2025-01-01T18:19:20.234+0000] {taskinstance.py:2866} INFO - Starting attempt 1 of 2
[2025-01-01T18:19:20.280+0000] {taskinstance.py:2889} INFO - Executing <Task(PythonOperator): push_success_string> on 2024-12-31 04:00:00+00:00
[2025-01-01T18:19:20.299+0000] {standard_task_runner.py:72} INFO - Started process 91179 to run task
[2025-01-01T18:19:20.371+0000] {standard_task_runner.py:104} INFO - Running: ['***', 'tasks', 'run', 'L30d_pipeline', 'push_success_string', 'scheduled__2024-12-31T04:00:00+00:00', '--job-id', '1482', '--raw', '--subdir', 'DAGS_FOLDER/L30_ingestion.py', '--cfg-path', '/tmp/tmp9xx5g336']
[2025-01-01T18:19:20.377+0000] {standard_task_runner.py:105} INFO - Job 1482: Subtask push_success_string
[2025-01-01T18:19:20.571+0000] {task_command.py:467} INFO - Running <TaskInstance: L30d_pipeline.push_success_string scheduled__2024-12-31T04:00:00+00:00 [running]> on host 95d98a98d27d
[2025-01-01T18:19:20.785+0000] {taskinstance.py:3132} INFO - Exporting env vars: AIRFLOW_CTX_DAG_OWNER='haziq' AIRFLOW_CTX_DAG_ID='L30d_pipeline' AIRFLOW_CTX_TASK_ID='push_success_string' AIRFLOW_CTX_EXECUTION_DATE='2024-12-31T04:00:00+00:00' AIRFLOW_CTX_TRY_NUMBER='1' AIRFLOW_CTX_DAG_RUN_ID='scheduled__2024-12-31T04:00:00+00:00'
[2025-01-01T18:19:20.788+0000] {logging_mixin.py:190} INFO - Task instance is in running state
[2025-01-01T18:19:20.790+0000] {logging_mixin.py:190} INFO -  Previous state of the Task instance: queued
[2025-01-01T18:19:20.792+0000] {logging_mixin.py:190} INFO - Current task name:push_success_string state:running start_date:2025-01-01 18:19:20.214112+00:00
[2025-01-01T18:19:20.794+0000] {logging_mixin.py:190} INFO - Dag name:L30d_pipeline and current dag run status:running
[2025-01-01T18:19:20.798+0000] {taskinstance.py:731} INFO - ::endgroup::
[2025-01-01T18:19:20.831+0000] {python.py:240} INFO - Done. Returned value was: None
[2025-01-01T18:19:20.848+0000] {taskinstance.py:340} INFO - ::group::Post task execution logs
[2025-01-01T18:19:20.850+0000] {taskinstance.py:352} INFO - Marking task as SUCCESS. dag_id=L30d_pipeline, task_id=push_success_string, run_id=scheduled__2024-12-31T04:00:00+00:00, execution_date=20241231T040000, start_date=20250101T181920, end_date=20250101T181920
[2025-01-01T18:19:20.869+0000] {logging_mixin.py:190} INFO - Task instance in success state
[2025-01-01T18:19:20.871+0000] {logging_mixin.py:190} INFO -  Previous state of the Task instance: running
[2025-01-01T18:19:20.872+0000] {logging_mixin.py:190} INFO - Dag name:L30d_pipeline queued_at:2025-01-01 18:18:33.805115+00:00
[2025-01-01T18:19:20.874+0000] {logging_mixin.py:190} INFO - Task hostname:95d98a98d27d operator:PythonOperator
[2025-01-01T18:19:20.914+0000] {local_task_job_runner.py:266} INFO - Task exited with return code 0
[2025-01-01T18:19:20.939+0000] {taskinstance.py:3895} INFO - 0 downstream tasks scheduled from follow-on schedule check
[2025-01-01T18:19:20.942+0000] {local_task_job_runner.py:245} INFO - ::endgroup::
