[2025-01-01T19:28:03.693+0000] {local_task_job_runner.py:123} INFO - ::group::Pre task execution logs
[2025-01-01T19:28:03.706+0000] {taskinstance.py:2613} INFO - Dependencies all met for dep_context=non-requeueable deps ti=<TaskInstance: stock_price_monitor_v1.check_if_email_needed scheduled__2025-01-01T19:26:00+00:00 [queued]>
[2025-01-01T19:28:03.714+0000] {taskinstance.py:2613} INFO - Dependencies all met for dep_context=requeueable deps ti=<TaskInstance: stock_price_monitor_v1.check_if_email_needed scheduled__2025-01-01T19:26:00+00:00 [queued]>
[2025-01-01T19:28:03.716+0000] {taskinstance.py:2866} INFO - Starting attempt 1 of 2
[2025-01-01T19:28:03.728+0000] {taskinstance.py:2889} INFO - Executing <Task(ShortCircuitOperator): check_if_email_needed> on 2025-01-01 19:26:00+00:00
[2025-01-01T19:28:03.735+0000] {standard_task_runner.py:72} INFO - Started process 93914 to run task
[2025-01-01T19:28:03.738+0000] {standard_task_runner.py:104} INFO - Running: ['***', 'tasks', 'run', 'stock_price_monitor_v1', 'check_if_email_needed', 'scheduled__2025-01-01T19:26:00+00:00', '--job-id', '1556', '--raw', '--subdir', 'DAGS_FOLDER/email_generation.py', '--cfg-path', '/tmp/tmpbw3h987u']
[2025-01-01T19:28:03.740+0000] {standard_task_runner.py:105} INFO - Job 1556: Subtask check_if_email_needed
[2025-01-01T19:28:03.781+0000] {task_command.py:467} INFO - Running <TaskInstance: stock_price_monitor_v1.check_if_email_needed scheduled__2025-01-01T19:26:00+00:00 [running]> on host 95d98a98d27d
[2025-01-01T19:28:03.847+0000] {taskinstance.py:3132} INFO - Exporting env vars: AIRFLOW_CTX_DAG_OWNER='haziq' AIRFLOW_CTX_DAG_ID='stock_price_monitor_v1' AIRFLOW_CTX_TASK_ID='check_if_email_needed' AIRFLOW_CTX_EXECUTION_DATE='2025-01-01T19:26:00+00:00' AIRFLOW_CTX_TRY_NUMBER='1' AIRFLOW_CTX_DAG_RUN_ID='scheduled__2025-01-01T19:26:00+00:00'
[2025-01-01T19:28:03.850+0000] {logging_mixin.py:190} INFO - Task instance is in running state
[2025-01-01T19:28:03.851+0000] {logging_mixin.py:190} INFO -  Previous state of the Task instance: queued
[2025-01-01T19:28:03.852+0000] {logging_mixin.py:190} INFO - Current task name:check_if_email_needed state:running start_date:2025-01-01 19:28:03.708189+00:00
[2025-01-01T19:28:03.853+0000] {logging_mixin.py:190} INFO - Dag name:stock_price_monitor_v1 and current dag run status:running
[2025-01-01T19:28:03.854+0000] {taskinstance.py:731} INFO - ::endgroup::
[2025-01-01T19:28:03.855+0000] {baseoperator.py:416} WARNING - ShortCircuitOperator.execute cannot be called outside TaskInstance!
[2025-01-01T19:28:03.864+0000] {python.py:240} INFO - Done. Returned value was: False
[2025-01-01T19:28:03.867+0000] {python.py:309} INFO - Condition result is False
[2025-01-01T19:28:03.868+0000] {python.py:336} INFO - Skipping downstream tasks
[2025-01-01T19:28:03.888+0000] {python.py:344} INFO - Done.
[2025-01-01T19:28:03.905+0000] {taskinstance.py:340} INFO - ::group::Post task execution logs
[2025-01-01T19:28:03.906+0000] {taskinstance.py:352} INFO - Marking task as SUCCESS. dag_id=stock_price_monitor_v1, task_id=check_if_email_needed, run_id=scheduled__2025-01-01T19:26:00+00:00, execution_date=20250101T192600, start_date=20250101T192803, end_date=20250101T192803
[2025-01-01T19:28:03.914+0000] {logging_mixin.py:190} INFO - Task instance in success state
[2025-01-01T19:28:03.915+0000] {logging_mixin.py:190} INFO -  Previous state of the Task instance: running
[2025-01-01T19:28:03.916+0000] {logging_mixin.py:190} INFO - Dag name:stock_price_monitor_v1 queued_at:2025-01-01 19:28:00.055166+00:00
[2025-01-01T19:28:03.917+0000] {logging_mixin.py:190} INFO - Task hostname:95d98a98d27d operator:ShortCircuitOperator
[2025-01-01T19:28:03.952+0000] {local_task_job_runner.py:266} INFO - Task exited with return code 0
[2025-01-01T19:28:03.966+0000] {taskinstance.py:3895} INFO - 0 downstream tasks scheduled from follow-on schedule check
[2025-01-01T19:28:03.968+0000] {local_task_job_runner.py:245} INFO - ::endgroup::
