[2025-01-01T20:22:02.903+0000] {local_task_job_runner.py:123} INFO - ::group::Pre task execution logs
[2025-01-01T20:22:02.927+0000] {taskinstance.py:2613} INFO - Dependencies all met for dep_context=non-requeueable deps ti=<TaskInstance: stock_price_monitor_v1.check_stock_price scheduled__2025-01-01T20:20:00+00:00 [queued]>
[2025-01-01T20:22:02.938+0000] {taskinstance.py:2613} INFO - Dependencies all met for dep_context=requeueable deps ti=<TaskInstance: stock_price_monitor_v1.check_stock_price scheduled__2025-01-01T20:20:00+00:00 [queued]>
[2025-01-01T20:22:02.940+0000] {taskinstance.py:2866} INFO - Starting attempt 1 of 2
[2025-01-01T20:22:02.962+0000] {taskinstance.py:2889} INFO - Executing <Task(PythonOperator): check_stock_price> on 2025-01-01 20:20:00+00:00
[2025-01-01T20:22:02.974+0000] {standard_task_runner.py:72} INFO - Started process 94888 to run task
[2025-01-01T20:22:02.979+0000] {standard_task_runner.py:104} INFO - Running: ['***', 'tasks', 'run', 'stock_price_monitor_v1', 'check_stock_price', 'scheduled__2025-01-01T20:20:00+00:00', '--job-id', '1609', '--raw', '--subdir', 'DAGS_FOLDER/email_generation.py', '--cfg-path', '/tmp/tmptkbaln4b']
[2025-01-01T20:22:02.981+0000] {standard_task_runner.py:105} INFO - Job 1609: Subtask check_stock_price
[2025-01-01T20:22:03.064+0000] {task_command.py:467} INFO - Running <TaskInstance: stock_price_monitor_v1.check_stock_price scheduled__2025-01-01T20:20:00+00:00 [running]> on host 95d98a98d27d
[2025-01-01T20:22:03.202+0000] {taskinstance.py:3132} INFO - Exporting env vars: AIRFLOW_CTX_DAG_OWNER='haziq' AIRFLOW_CTX_DAG_ID='stock_price_monitor_v1' AIRFLOW_CTX_TASK_ID='check_stock_price' AIRFLOW_CTX_EXECUTION_DATE='2025-01-01T20:20:00+00:00' AIRFLOW_CTX_TRY_NUMBER='1' AIRFLOW_CTX_DAG_RUN_ID='scheduled__2025-01-01T20:20:00+00:00'
[2025-01-01T20:22:03.206+0000] {logging_mixin.py:190} INFO - Task instance is in running state
[2025-01-01T20:22:03.208+0000] {logging_mixin.py:190} INFO -  Previous state of the Task instance: queued
[2025-01-01T20:22:03.211+0000] {logging_mixin.py:190} INFO - Current task name:check_stock_price state:running start_date:2025-01-01 20:22:02.929655+00:00
[2025-01-01T20:22:03.213+0000] {logging_mixin.py:190} INFO - Dag name:stock_price_monitor_v1 and current dag run status:running
[2025-01-01T20:22:03.215+0000] {taskinstance.py:731} INFO - ::endgroup::
[2025-01-01T20:22:03.235+0000] {base.py:84} INFO - Retrieving connection 'postgres_default'
[2025-01-01T20:22:03.244+0000] {sql.py:544} INFO - Running statement: select 1, parameters: None
[2025-01-01T20:22:03.248+0000] {sql.py:553} INFO - Rows affected: 1
[2025-01-01T20:22:03.252+0000] {logging_mixin.py:190} INFO - Connection successful
[2025-01-01T20:22:03.255+0000] {logging_mixin.py:190} INFO - Checking stock price...
[2025-01-01T20:22:03.266+0000] {sql.py:544} INFO - Running statement: 
        SELECT ticker, "Current Price" as current_price 
        FROM public.live_stock 
        LIMIT 1;
    , parameters: None
[2025-01-01T20:22:03.406+0000] {sql.py:553} INFO - Rows affected: 1
[2025-01-01T20:22:03.410+0000] {logging_mixin.py:190} INFO - Records: [('AAPL', '$250.42')]
[2025-01-01T20:22:03.413+0000] {logging_mixin.py:190} INFO - Ticker: AAPL, Price: 250.42
[2025-01-01T20:22:03.466+0000] {logging_mixin.py:190} INFO - Normal: AAPL price $250.42 is above threshold $200
[2025-01-01T20:22:03.467+0000] {python.py:240} INFO - Done. Returned value was: None
[2025-01-01T20:22:03.480+0000] {taskinstance.py:340} INFO - ::group::Post task execution logs
[2025-01-01T20:22:03.482+0000] {taskinstance.py:352} INFO - Marking task as SUCCESS. dag_id=stock_price_monitor_v1, task_id=check_stock_price, run_id=scheduled__2025-01-01T20:20:00+00:00, execution_date=20250101T202000, start_date=20250101T202202, end_date=20250101T202203
[2025-01-01T20:22:03.497+0000] {logging_mixin.py:190} INFO - Task instance in success state
[2025-01-01T20:22:03.499+0000] {logging_mixin.py:190} INFO -  Previous state of the Task instance: running
[2025-01-01T20:22:03.500+0000] {logging_mixin.py:190} INFO - Dag name:stock_price_monitor_v1 queued_at:2025-01-01 20:22:00.495793+00:00
[2025-01-01T20:22:03.502+0000] {logging_mixin.py:190} INFO - Task hostname:95d98a98d27d operator:PythonOperator
[2025-01-01T20:22:03.555+0000] {local_task_job_runner.py:266} INFO - Task exited with return code 0
[2025-01-01T20:22:03.584+0000] {taskinstance.py:3895} INFO - 0 downstream tasks scheduled from follow-on schedule check
[2025-01-01T20:22:03.588+0000] {local_task_job_runner.py:245} INFO - ::endgroup::
