[2025-01-02T13:20:02.206+0000] {local_task_job_runner.py:123} INFO - ::group::Pre task execution logs
[2025-01-02T13:20:02.221+0000] {taskinstance.py:2613} INFO - Dependencies all met for dep_context=non-requeueable deps ti=<TaskInstance: stock_price_monitor_v1.check_stock_price scheduled__2025-01-02T13:18:00+00:00 [queued]>
[2025-01-02T13:20:02.230+0000] {taskinstance.py:2613} INFO - Dependencies all met for dep_context=requeueable deps ti=<TaskInstance: stock_price_monitor_v1.check_stock_price scheduled__2025-01-02T13:18:00+00:00 [queued]>
[2025-01-02T13:20:02.232+0000] {taskinstance.py:2866} INFO - Starting attempt 1 of 2
[2025-01-02T13:20:02.246+0000] {taskinstance.py:2889} INFO - Executing <Task(PythonOperator): check_stock_price> on 2025-01-02 13:18:00+00:00
[2025-01-02T13:20:02.254+0000] {standard_task_runner.py:72} INFO - Started process 96880 to run task
[2025-01-02T13:20:02.258+0000] {standard_task_runner.py:104} INFO - Running: ['***', 'tasks', 'run', 'stock_price_monitor_v1', 'check_stock_price', 'scheduled__2025-01-02T13:18:00+00:00', '--job-id', '1676', '--raw', '--subdir', 'DAGS_FOLDER/email_generation.py', '--cfg-path', '/tmp/tmpljmdfc36']
[2025-01-02T13:20:02.260+0000] {standard_task_runner.py:105} INFO - Job 1676: Subtask check_stock_price
[2025-01-02T13:20:02.316+0000] {task_command.py:467} INFO - Running <TaskInstance: stock_price_monitor_v1.check_stock_price scheduled__2025-01-02T13:18:00+00:00 [running]> on host 95d98a98d27d
[2025-01-02T13:20:02.390+0000] {taskinstance.py:3132} INFO - Exporting env vars: AIRFLOW_CTX_DAG_OWNER='haziq' AIRFLOW_CTX_DAG_ID='stock_price_monitor_v1' AIRFLOW_CTX_TASK_ID='check_stock_price' AIRFLOW_CTX_EXECUTION_DATE='2025-01-02T13:18:00+00:00' AIRFLOW_CTX_TRY_NUMBER='1' AIRFLOW_CTX_DAG_RUN_ID='scheduled__2025-01-02T13:18:00+00:00'
[2025-01-02T13:20:02.393+0000] {logging_mixin.py:190} INFO - Task instance is in running state
[2025-01-02T13:20:02.394+0000] {logging_mixin.py:190} INFO -  Previous state of the Task instance: queued
[2025-01-02T13:20:02.395+0000] {logging_mixin.py:190} INFO - Current task name:check_stock_price state:running start_date:2025-01-02 13:20:02.223371+00:00
[2025-01-02T13:20:02.396+0000] {logging_mixin.py:190} INFO - Dag name:stock_price_monitor_v1 and current dag run status:running
[2025-01-02T13:20:02.396+0000] {taskinstance.py:731} INFO - ::endgroup::
[2025-01-02T13:20:02.405+0000] {base.py:84} INFO - Retrieving connection 'postgres_default'
[2025-01-02T13:20:02.410+0000] {sql.py:544} INFO - Running statement: select 1, parameters: None
[2025-01-02T13:20:02.412+0000] {sql.py:553} INFO - Rows affected: 1
[2025-01-02T13:20:02.414+0000] {logging_mixin.py:190} INFO - Connection successful
[2025-01-02T13:20:02.415+0000] {logging_mixin.py:190} INFO - Checking stock price...
[2025-01-02T13:20:02.419+0000] {sql.py:544} INFO - Running statement: 
        SELECT ticker, "Current Price" as current_price 
        FROM public.live_stock 
        LIMIT 1;
    , parameters: None
[2025-01-02T13:20:02.513+0000] {sql.py:553} INFO - Rows affected: 1
[2025-01-02T13:20:02.515+0000] {logging_mixin.py:190} INFO - Records: [('AAPL', '$250.42')]
[2025-01-02T13:20:02.516+0000] {logging_mixin.py:190} INFO - Ticker: AAPL, Price: 250.42
[2025-01-02T13:20:02.546+0000] {logging_mixin.py:190} INFO - Normal: AAPL price $250.42 is above threshold $200
[2025-01-02T13:20:02.547+0000] {python.py:240} INFO - Done. Returned value was: None
[2025-01-02T13:20:02.557+0000] {taskinstance.py:340} INFO - ::group::Post task execution logs
[2025-01-02T13:20:02.558+0000] {taskinstance.py:352} INFO - Marking task as SUCCESS. dag_id=stock_price_monitor_v1, task_id=check_stock_price, run_id=scheduled__2025-01-02T13:18:00+00:00, execution_date=20250102T131800, start_date=20250102T132002, end_date=20250102T132002
[2025-01-02T13:20:02.566+0000] {logging_mixin.py:190} INFO - Task instance in success state
[2025-01-02T13:20:02.567+0000] {logging_mixin.py:190} INFO -  Previous state of the Task instance: running
[2025-01-02T13:20:02.568+0000] {logging_mixin.py:190} INFO - Dag name:stock_price_monitor_v1 queued_at:2025-01-02 13:20:00.619706+00:00
[2025-01-02T13:20:02.569+0000] {logging_mixin.py:190} INFO - Task hostname:95d98a98d27d operator:PythonOperator
[2025-01-02T13:20:02.593+0000] {local_task_job_runner.py:266} INFO - Task exited with return code 0
[2025-01-02T13:20:02.614+0000] {taskinstance.py:3895} INFO - 1 downstream tasks scheduled from follow-on schedule check
[2025-01-02T13:20:02.617+0000] {local_task_job_runner.py:245} INFO - ::endgroup::
