[2025-01-01T19:58:04.619+0000] {local_task_job_runner.py:123} INFO - ::group::Pre task execution logs
[2025-01-01T19:58:04.633+0000] {taskinstance.py:2613} INFO - Dependencies all met for dep_context=non-requeueable deps ti=<TaskInstance: stock_price_monitor_v1.check_if_email_needed scheduled__2025-01-01T19:56:00+00:00 [queued]>
[2025-01-01T19:58:04.641+0000] {taskinstance.py:2613} INFO - Dependencies all met for dep_context=requeueable deps ti=<TaskInstance: stock_price_monitor_v1.check_if_email_needed scheduled__2025-01-01T19:56:00+00:00 [queued]>
[2025-01-01T19:58:04.643+0000] {taskinstance.py:2866} INFO - Starting attempt 1 of 2
[2025-01-01T19:58:04.656+0000] {taskinstance.py:2889} INFO - Executing <Task(ShortCircuitOperator): check_if_email_needed> on 2025-01-01 19:56:00+00:00
[2025-01-01T19:58:04.663+0000] {standard_task_runner.py:72} INFO - Started process 94458 to run task
[2025-01-01T19:58:04.666+0000] {standard_task_runner.py:104} INFO - Running: ['***', 'tasks', 'run', 'stock_price_monitor_v1', 'check_if_email_needed', 'scheduled__2025-01-01T19:56:00+00:00', '--job-id', '1586', '--raw', '--subdir', 'DAGS_FOLDER/email_generation.py', '--cfg-path', '/tmp/tmps01ex2ia']
[2025-01-01T19:58:04.667+0000] {standard_task_runner.py:105} INFO - Job 1586: Subtask check_if_email_needed
[2025-01-01T19:58:04.708+0000] {task_command.py:467} INFO - Running <TaskInstance: stock_price_monitor_v1.check_if_email_needed scheduled__2025-01-01T19:56:00+00:00 [running]> on host 95d98a98d27d
[2025-01-01T19:58:04.774+0000] {taskinstance.py:3132} INFO - Exporting env vars: AIRFLOW_CTX_DAG_OWNER='haziq' AIRFLOW_CTX_DAG_ID='stock_price_monitor_v1' AIRFLOW_CTX_TASK_ID='check_if_email_needed' AIRFLOW_CTX_EXECUTION_DATE='2025-01-01T19:56:00+00:00' AIRFLOW_CTX_TRY_NUMBER='1' AIRFLOW_CTX_DAG_RUN_ID='scheduled__2025-01-01T19:56:00+00:00'
[2025-01-01T19:58:04.776+0000] {logging_mixin.py:190} INFO - Task instance is in running state
[2025-01-01T19:58:04.777+0000] {logging_mixin.py:190} INFO -  Previous state of the Task instance: queued
[2025-01-01T19:58:04.778+0000] {logging_mixin.py:190} INFO - Current task name:check_if_email_needed state:running start_date:2025-01-01 19:58:04.634637+00:00
[2025-01-01T19:58:04.779+0000] {logging_mixin.py:190} INFO - Dag name:stock_price_monitor_v1 and current dag run status:running
[2025-01-01T19:58:04.780+0000] {taskinstance.py:731} INFO - ::endgroup::
[2025-01-01T19:58:04.781+0000] {baseoperator.py:416} WARNING - ShortCircuitOperator.execute cannot be called outside TaskInstance!
[2025-01-01T19:58:04.789+0000] {python.py:240} INFO - Done. Returned value was: False
[2025-01-01T19:58:04.791+0000] {python.py:309} INFO - Condition result is False
[2025-01-01T19:58:04.792+0000] {python.py:336} INFO - Skipping downstream tasks
[2025-01-01T19:58:04.812+0000] {python.py:344} INFO - Done.
[2025-01-01T19:58:04.828+0000] {taskinstance.py:340} INFO - ::group::Post task execution logs
[2025-01-01T19:58:04.830+0000] {taskinstance.py:352} INFO - Marking task as SUCCESS. dag_id=stock_price_monitor_v1, task_id=check_if_email_needed, run_id=scheduled__2025-01-01T19:56:00+00:00, execution_date=20250101T195600, start_date=20250101T195804, end_date=20250101T195804
[2025-01-01T19:58:04.837+0000] {logging_mixin.py:190} INFO - Task instance in success state
[2025-01-01T19:58:04.838+0000] {logging_mixin.py:190} INFO -  Previous state of the Task instance: running
[2025-01-01T19:58:04.839+0000] {logging_mixin.py:190} INFO - Dag name:stock_price_monitor_v1 queued_at:2025-01-01 19:58:00.831822+00:00
[2025-01-01T19:58:04.840+0000] {logging_mixin.py:190} INFO - Task hostname:95d98a98d27d operator:ShortCircuitOperator
[2025-01-01T19:58:04.880+0000] {local_task_job_runner.py:266} INFO - Task exited with return code 0
[2025-01-01T19:58:04.895+0000] {taskinstance.py:3895} INFO - 0 downstream tasks scheduled from follow-on schedule check
[2025-01-01T19:58:04.898+0000] {local_task_job_runner.py:245} INFO - ::endgroup::
