[2024-12-28T13:03:30.759+0000] {local_task_job_runner.py:123} INFO - ::group::Pre task execution logs
[2024-12-28T13:03:30.773+0000] {taskinstance.py:2613} INFO - Dependencies all met for dep_context=non-requeueable deps ti=<TaskInstance: l30d_dump_pipeline.l30_dump_pipeline scheduled__2024-12-27T04:05:00+00:00 [queued]>
[2024-12-28T13:03:30.779+0000] {taskinstance.py:2613} INFO - Dependencies all met for dep_context=requeueable deps ti=<TaskInstance: l30d_dump_pipeline.l30_dump_pipeline scheduled__2024-12-27T04:05:00+00:00 [queued]>
[2024-12-28T13:03:30.781+0000] {taskinstance.py:2866} INFO - Starting attempt 2 of 2
[2024-12-28T13:03:30.792+0000] {taskinstance.py:2889} INFO - Executing <Task(PythonOperator): l30_dump_pipeline> on 2024-12-27 04:05:00+00:00
[2024-12-28T13:03:30.799+0000] {standard_task_runner.py:72} INFO - Started process 26717 to run task
[2024-12-28T13:03:30.802+0000] {standard_task_runner.py:104} INFO - Running: ['***', 'tasks', 'run', 'l30d_dump_pipeline', 'l30_dump_pipeline', 'scheduled__2024-12-27T04:05:00+00:00', '--job-id', '140', '--raw', '--subdir', 'DAGS_FOLDER/L30D_data_dump.py', '--cfg-path', '/tmp/tmpbfh1u_pr']
[2024-12-28T13:03:30.804+0000] {standard_task_runner.py:105} INFO - Job 140: Subtask l30_dump_pipeline
[2024-12-28T13:03:30.845+0000] {task_command.py:467} INFO - Running <TaskInstance: l30d_dump_pipeline.l30_dump_pipeline scheduled__2024-12-27T04:05:00+00:00 [running]> on host 0a732720d1ba
[2024-12-28T13:03:30.901+0000] {taskinstance.py:3132} INFO - Exporting env vars: AIRFLOW_CTX_DAG_OWNER='haziq' AIRFLOW_CTX_DAG_ID='l30d_dump_pipeline' AIRFLOW_CTX_TASK_ID='l30_dump_pipeline' AIRFLOW_CTX_EXECUTION_DATE='2024-12-27T04:05:00+00:00' AIRFLOW_CTX_TRY_NUMBER='2' AIRFLOW_CTX_DAG_RUN_ID='scheduled__2024-12-27T04:05:00+00:00'
[2024-12-28T13:03:30.903+0000] {logging_mixin.py:190} INFO - Task instance is in running state
[2024-12-28T13:03:30.904+0000] {logging_mixin.py:190} INFO -  Previous state of the Task instance: queued
[2024-12-28T13:03:30.905+0000] {logging_mixin.py:190} INFO - Current task name:l30_dump_pipeline state:running start_date:2024-12-28 13:03:30.774601+00:00
[2024-12-28T13:03:30.906+0000] {logging_mixin.py:190} INFO - Dag name:l30d_dump_pipeline and current dag run status:running
[2024-12-28T13:03:30.907+0000] {taskinstance.py:731} INFO - ::endgroup::
[2024-12-28T13:03:35.844+0000] {logging_mixin.py:190} INFO - <pyspark.sql.session.SparkSession object at 0x7fbafde7f640>
[2024-12-28T13:03:35.845+0000] {logging_mixin.py:190} INFO - Spark session created successfully
[2024-12-28T13:03:37.323+0000] {java_gateway.py:2273} INFO - Callback Server Starting
[2024-12-28T13:03:37.325+0000] {java_gateway.py:2275} INFO - Socket listening on ('127.0.0.1', 43949)
[2024-12-28T13:03:37.513+0000] {python.py:240} INFO - Done. Returned value was: None
[2024-12-28T13:03:37.524+0000] {taskinstance.py:340} INFO - ::group::Post task execution logs
[2024-12-28T13:03:37.525+0000] {taskinstance.py:352} INFO - Marking task as SUCCESS. dag_id=l30d_dump_pipeline, task_id=l30_dump_pipeline, run_id=scheduled__2024-12-27T04:05:00+00:00, execution_date=20241227T040500, start_date=20241228T130330, end_date=20241228T130337
[2024-12-28T13:03:37.536+0000] {logging_mixin.py:190} INFO - Task instance in success state
[2024-12-28T13:03:37.537+0000] {logging_mixin.py:190} INFO -  Previous state of the Task instance: running
[2024-12-28T13:03:37.539+0000] {logging_mixin.py:190} INFO - Dag name:l30d_dump_pipeline queued_at:2024-12-28 12:57:23.200317+00:00
[2024-12-28T13:03:37.540+0000] {logging_mixin.py:190} INFO - Task hostname:0a732720d1ba operator:PythonOperator
[2024-12-28T13:03:37.560+0000] {local_task_job_runner.py:266} INFO - Task exited with return code 0
[2024-12-28T13:03:37.576+0000] {taskinstance.py:3895} INFO - 0 downstream tasks scheduled from follow-on schedule check
[2024-12-28T13:03:37.580+0000] {local_task_job_runner.py:245} INFO - ::endgroup::
