[2024-12-24T20:01:34.747+0000] {processor.py:186} INFO - Started process (PID=119) to work on /home/airflow/.local/lib/python3.12/site-packages/airflow/example_dags/example_sensors.py
[2024-12-24T20:01:34.749+0000] {processor.py:914} INFO - Processing file /home/airflow/.local/lib/python3.12/site-packages/airflow/example_dags/example_sensors.py for tasks to queue
[2024-12-24T20:01:34.752+0000] {logging_mixin.py:190} INFO - [2024-12-24T20:01:34.752+0000] {dagbag.py:588} INFO - Filling up the DagBag from /home/airflow/.local/lib/python3.12/site-packages/airflow/example_dags/example_sensors.py
[2024-12-24T20:01:34.768+0000] {processor.py:925} INFO - DAG(s) 'example_sensors' retrieved from /home/airflow/.local/lib/python3.12/site-packages/airflow/example_dags/example_sensors.py
[2024-12-24T20:01:34.911+0000] {logging_mixin.py:190} INFO - [2024-12-24T20:01:34.909+0000] {override.py:1911} INFO - Created Permission View: can edit on DAG:example_sensors
[2024-12-24T20:01:34.922+0000] {logging_mixin.py:190} INFO - [2024-12-24T20:01:34.922+0000] {override.py:1911} INFO - Created Permission View: can read on DAG:example_sensors
[2024-12-24T20:01:34.931+0000] {logging_mixin.py:190} INFO - [2024-12-24T20:01:34.931+0000] {override.py:1911} INFO - Created Permission View: can delete on DAG:example_sensors
[2024-12-24T20:01:34.939+0000] {logging_mixin.py:190} INFO - [2024-12-24T20:01:34.938+0000] {override.py:1911} INFO - Created Permission View: menu access on DAG Run:example_sensors
[2024-12-24T20:01:34.948+0000] {logging_mixin.py:190} INFO - [2024-12-24T20:01:34.947+0000] {override.py:1911} INFO - Created Permission View: can read on DAG Run:example_sensors
[2024-12-24T20:01:34.956+0000] {logging_mixin.py:190} INFO - [2024-12-24T20:01:34.956+0000] {override.py:1911} INFO - Created Permission View: can delete on DAG Run:example_sensors
[2024-12-24T20:01:34.965+0000] {logging_mixin.py:190} INFO - [2024-12-24T20:01:34.965+0000] {override.py:1911} INFO - Created Permission View: can create on DAG Run:example_sensors
[2024-12-24T20:01:34.966+0000] {logging_mixin.py:190} INFO - [2024-12-24T20:01:34.966+0000] {dag.py:3239} INFO - Sync 1 DAGs
[2024-12-24T20:01:34.984+0000] {logging_mixin.py:190} INFO - [2024-12-24T20:01:34.984+0000] {dag.py:3262} INFO - Creating ORM DAG for example_sensors
[2024-12-24T20:01:34.985+0000] {logging_mixin.py:190} INFO - [2024-12-24T20:01:34.985+0000] {dag.py:4180} INFO - Setting next_dagrun for example_sensors to None, run_after=None
[2024-12-24T20:01:35.014+0000] {processor.py:208} INFO - Processing /home/airflow/.local/lib/python3.12/site-packages/airflow/example_dags/example_sensors.py took 0.274 seconds
[2024-12-24T20:02:05.526+0000] {processor.py:186} INFO - Started process (PID=182) to work on /home/airflow/.local/lib/python3.12/site-packages/airflow/example_dags/example_sensors.py
[2024-12-24T20:02:05.527+0000] {processor.py:914} INFO - Processing file /home/airflow/.local/lib/python3.12/site-packages/airflow/example_dags/example_sensors.py for tasks to queue
[2024-12-24T20:02:05.529+0000] {logging_mixin.py:190} INFO - [2024-12-24T20:02:05.529+0000] {dagbag.py:588} INFO - Filling up the DagBag from /home/airflow/.local/lib/python3.12/site-packages/airflow/example_dags/example_sensors.py
[2024-12-24T20:02:05.539+0000] {processor.py:925} INFO - DAG(s) 'example_sensors' retrieved from /home/airflow/.local/lib/python3.12/site-packages/airflow/example_dags/example_sensors.py
[2024-12-24T20:02:05.562+0000] {logging_mixin.py:190} INFO - [2024-12-24T20:02:05.562+0000] {dag.py:3239} INFO - Sync 1 DAGs
[2024-12-24T20:02:05.574+0000] {logging_mixin.py:190} INFO - [2024-12-24T20:02:05.574+0000] {dag.py:4180} INFO - Setting next_dagrun for example_sensors to None, run_after=None
[2024-12-24T20:02:05.591+0000] {processor.py:208} INFO - Processing /home/airflow/.local/lib/python3.12/site-packages/airflow/example_dags/example_sensors.py took 0.072 seconds
[2024-12-24T20:02:35.883+0000] {processor.py:186} INFO - Started process (PID=245) to work on /home/airflow/.local/lib/python3.12/site-packages/airflow/example_dags/example_sensors.py
[2024-12-24T20:02:35.884+0000] {processor.py:914} INFO - Processing file /home/airflow/.local/lib/python3.12/site-packages/airflow/example_dags/example_sensors.py for tasks to queue
[2024-12-24T20:02:35.886+0000] {logging_mixin.py:190} INFO - [2024-12-24T20:02:35.886+0000] {dagbag.py:588} INFO - Filling up the DagBag from /home/airflow/.local/lib/python3.12/site-packages/airflow/example_dags/example_sensors.py
[2024-12-24T20:02:35.896+0000] {processor.py:925} INFO - DAG(s) 'example_sensors' retrieved from /home/airflow/.local/lib/python3.12/site-packages/airflow/example_dags/example_sensors.py
[2024-12-24T20:02:35.920+0000] {logging_mixin.py:190} INFO - [2024-12-24T20:02:35.920+0000] {dag.py:3239} INFO - Sync 1 DAGs
[2024-12-24T20:02:35.933+0000] {logging_mixin.py:190} INFO - [2024-12-24T20:02:35.933+0000] {dag.py:4180} INFO - Setting next_dagrun for example_sensors to None, run_after=None
[2024-12-24T20:02:35.952+0000] {processor.py:208} INFO - Processing /home/airflow/.local/lib/python3.12/site-packages/airflow/example_dags/example_sensors.py took 0.075 seconds
[2024-12-24T20:03:06.960+0000] {processor.py:186} INFO - Started process (PID=308) to work on /home/airflow/.local/lib/python3.12/site-packages/airflow/example_dags/example_sensors.py
[2024-12-24T20:03:06.961+0000] {processor.py:914} INFO - Processing file /home/airflow/.local/lib/python3.12/site-packages/airflow/example_dags/example_sensors.py for tasks to queue
[2024-12-24T20:03:06.964+0000] {logging_mixin.py:190} INFO - [2024-12-24T20:03:06.963+0000] {dagbag.py:588} INFO - Filling up the DagBag from /home/airflow/.local/lib/python3.12/site-packages/airflow/example_dags/example_sensors.py
[2024-12-24T20:03:06.974+0000] {processor.py:925} INFO - DAG(s) 'example_sensors' retrieved from /home/airflow/.local/lib/python3.12/site-packages/airflow/example_dags/example_sensors.py
[2024-12-24T20:03:07.000+0000] {logging_mixin.py:190} INFO - [2024-12-24T20:03:07.000+0000] {dag.py:3239} INFO - Sync 1 DAGs
[2024-12-24T20:03:07.013+0000] {logging_mixin.py:190} INFO - [2024-12-24T20:03:07.013+0000] {dag.py:4180} INFO - Setting next_dagrun for example_sensors to None, run_after=None
[2024-12-24T20:03:07.033+0000] {processor.py:208} INFO - Processing /home/airflow/.local/lib/python3.12/site-packages/airflow/example_dags/example_sensors.py took 0.078 seconds
[2024-12-24T20:03:37.643+0000] {processor.py:186} INFO - Started process (PID=371) to work on /home/airflow/.local/lib/python3.12/site-packages/airflow/example_dags/example_sensors.py
[2024-12-24T20:03:37.644+0000] {processor.py:914} INFO - Processing file /home/airflow/.local/lib/python3.12/site-packages/airflow/example_dags/example_sensors.py for tasks to queue
[2024-12-24T20:03:37.647+0000] {logging_mixin.py:190} INFO - [2024-12-24T20:03:37.646+0000] {dagbag.py:588} INFO - Filling up the DagBag from /home/airflow/.local/lib/python3.12/site-packages/airflow/example_dags/example_sensors.py
[2024-12-24T20:03:37.657+0000] {processor.py:925} INFO - DAG(s) 'example_sensors' retrieved from /home/airflow/.local/lib/python3.12/site-packages/airflow/example_dags/example_sensors.py
[2024-12-24T20:03:37.683+0000] {logging_mixin.py:190} INFO - [2024-12-24T20:03:37.683+0000] {dag.py:3239} INFO - Sync 1 DAGs
[2024-12-24T20:03:37.702+0000] {logging_mixin.py:190} INFO - [2024-12-24T20:03:37.701+0000] {dag.py:4180} INFO - Setting next_dagrun for example_sensors to None, run_after=None
[2024-12-24T20:03:37.729+0000] {processor.py:208} INFO - Processing /home/airflow/.local/lib/python3.12/site-packages/airflow/example_dags/example_sensors.py took 0.092 seconds
[2024-12-24T20:04:08.153+0000] {processor.py:186} INFO - Started process (PID=434) to work on /home/airflow/.local/lib/python3.12/site-packages/airflow/example_dags/example_sensors.py
[2024-12-24T20:04:08.155+0000] {processor.py:914} INFO - Processing file /home/airflow/.local/lib/python3.12/site-packages/airflow/example_dags/example_sensors.py for tasks to queue
[2024-12-24T20:04:08.157+0000] {logging_mixin.py:190} INFO - [2024-12-24T20:04:08.157+0000] {dagbag.py:588} INFO - Filling up the DagBag from /home/airflow/.local/lib/python3.12/site-packages/airflow/example_dags/example_sensors.py
[2024-12-24T20:04:08.167+0000] {processor.py:925} INFO - DAG(s) 'example_sensors' retrieved from /home/airflow/.local/lib/python3.12/site-packages/airflow/example_dags/example_sensors.py
[2024-12-24T20:04:08.190+0000] {logging_mixin.py:190} INFO - [2024-12-24T20:04:08.189+0000] {dag.py:3239} INFO - Sync 1 DAGs
[2024-12-24T20:04:08.203+0000] {logging_mixin.py:190} INFO - [2024-12-24T20:04:08.203+0000] {dag.py:4180} INFO - Setting next_dagrun for example_sensors to None, run_after=None
[2024-12-24T20:04:08.218+0000] {processor.py:208} INFO - Processing /home/airflow/.local/lib/python3.12/site-packages/airflow/example_dags/example_sensors.py took 0.070 seconds
[2024-12-24T20:04:38.719+0000] {processor.py:186} INFO - Started process (PID=497) to work on /home/airflow/.local/lib/python3.12/site-packages/airflow/example_dags/example_sensors.py
[2024-12-24T20:04:38.720+0000] {processor.py:914} INFO - Processing file /home/airflow/.local/lib/python3.12/site-packages/airflow/example_dags/example_sensors.py for tasks to queue
[2024-12-24T20:04:38.723+0000] {logging_mixin.py:190} INFO - [2024-12-24T20:04:38.723+0000] {dagbag.py:588} INFO - Filling up the DagBag from /home/airflow/.local/lib/python3.12/site-packages/airflow/example_dags/example_sensors.py
[2024-12-24T20:04:38.734+0000] {processor.py:925} INFO - DAG(s) 'example_sensors' retrieved from /home/airflow/.local/lib/python3.12/site-packages/airflow/example_dags/example_sensors.py
[2024-12-24T20:04:38.761+0000] {logging_mixin.py:190} INFO - [2024-12-24T20:04:38.761+0000] {dag.py:3239} INFO - Sync 1 DAGs
[2024-12-24T20:04:38.776+0000] {logging_mixin.py:190} INFO - [2024-12-24T20:04:38.775+0000] {dag.py:4180} INFO - Setting next_dagrun for example_sensors to None, run_after=None
[2024-12-24T20:04:38.795+0000] {processor.py:208} INFO - Processing /home/airflow/.local/lib/python3.12/site-packages/airflow/example_dags/example_sensors.py took 0.082 seconds
[2024-12-24T20:05:08.944+0000] {processor.py:186} INFO - Started process (PID=560) to work on /home/airflow/.local/lib/python3.12/site-packages/airflow/example_dags/example_sensors.py
[2024-12-24T20:05:08.946+0000] {processor.py:914} INFO - Processing file /home/airflow/.local/lib/python3.12/site-packages/airflow/example_dags/example_sensors.py for tasks to queue
[2024-12-24T20:05:08.948+0000] {logging_mixin.py:190} INFO - [2024-12-24T20:05:08.948+0000] {dagbag.py:588} INFO - Filling up the DagBag from /home/airflow/.local/lib/python3.12/site-packages/airflow/example_dags/example_sensors.py
[2024-12-24T20:05:08.957+0000] {processor.py:925} INFO - DAG(s) 'example_sensors' retrieved from /home/airflow/.local/lib/python3.12/site-packages/airflow/example_dags/example_sensors.py
[2024-12-24T20:05:08.980+0000] {logging_mixin.py:190} INFO - [2024-12-24T20:05:08.980+0000] {dag.py:3239} INFO - Sync 1 DAGs
[2024-12-24T20:05:08.993+0000] {logging_mixin.py:190} INFO - [2024-12-24T20:05:08.992+0000] {dag.py:4180} INFO - Setting next_dagrun for example_sensors to None, run_after=None
[2024-12-24T20:05:09.013+0000] {processor.py:208} INFO - Processing /home/airflow/.local/lib/python3.12/site-packages/airflow/example_dags/example_sensors.py took 0.074 seconds
[2024-12-24T20:05:40.566+0000] {processor.py:186} INFO - Started process (PID=623) to work on /home/airflow/.local/lib/python3.12/site-packages/airflow/example_dags/example_sensors.py
[2024-12-24T20:05:40.568+0000] {processor.py:914} INFO - Processing file /home/airflow/.local/lib/python3.12/site-packages/airflow/example_dags/example_sensors.py for tasks to queue
[2024-12-24T20:05:40.570+0000] {logging_mixin.py:190} INFO - [2024-12-24T20:05:40.570+0000] {dagbag.py:588} INFO - Filling up the DagBag from /home/airflow/.local/lib/python3.12/site-packages/airflow/example_dags/example_sensors.py
[2024-12-24T20:05:40.581+0000] {processor.py:925} INFO - DAG(s) 'example_sensors' retrieved from /home/airflow/.local/lib/python3.12/site-packages/airflow/example_dags/example_sensors.py
[2024-12-24T20:05:40.608+0000] {logging_mixin.py:190} INFO - [2024-12-24T20:05:40.608+0000] {dag.py:3239} INFO - Sync 1 DAGs
[2024-12-24T20:05:40.622+0000] {logging_mixin.py:190} INFO - [2024-12-24T20:05:40.622+0000] {dag.py:4180} INFO - Setting next_dagrun for example_sensors to None, run_after=None
[2024-12-24T20:05:40.642+0000] {processor.py:208} INFO - Processing /home/airflow/.local/lib/python3.12/site-packages/airflow/example_dags/example_sensors.py took 0.081 seconds
[2024-12-24T20:06:11.527+0000] {processor.py:186} INFO - Started process (PID=687) to work on /home/airflow/.local/lib/python3.12/site-packages/airflow/example_dags/example_sensors.py
[2024-12-24T20:06:11.528+0000] {processor.py:914} INFO - Processing file /home/airflow/.local/lib/python3.12/site-packages/airflow/example_dags/example_sensors.py for tasks to queue
[2024-12-24T20:06:11.531+0000] {logging_mixin.py:190} INFO - [2024-12-24T20:06:11.531+0000] {dagbag.py:588} INFO - Filling up the DagBag from /home/airflow/.local/lib/python3.12/site-packages/airflow/example_dags/example_sensors.py
[2024-12-24T20:06:11.550+0000] {processor.py:925} INFO - DAG(s) 'example_sensors' retrieved from /home/airflow/.local/lib/python3.12/site-packages/airflow/example_dags/example_sensors.py
[2024-12-24T20:06:11.590+0000] {logging_mixin.py:190} INFO - [2024-12-24T20:06:11.590+0000] {dag.py:3239} INFO - Sync 1 DAGs
[2024-12-24T20:06:11.612+0000] {logging_mixin.py:190} INFO - [2024-12-24T20:06:11.611+0000] {dag.py:4180} INFO - Setting next_dagrun for example_sensors to None, run_after=None
[2024-12-24T20:06:11.643+0000] {processor.py:208} INFO - Processing /home/airflow/.local/lib/python3.12/site-packages/airflow/example_dags/example_sensors.py took 0.124 seconds
[2024-12-24T20:06:41.955+0000] {processor.py:186} INFO - Started process (PID=750) to work on /home/airflow/.local/lib/python3.12/site-packages/airflow/example_dags/example_sensors.py
[2024-12-24T20:06:41.956+0000] {processor.py:914} INFO - Processing file /home/airflow/.local/lib/python3.12/site-packages/airflow/example_dags/example_sensors.py for tasks to queue
[2024-12-24T20:06:41.959+0000] {logging_mixin.py:190} INFO - [2024-12-24T20:06:41.958+0000] {dagbag.py:588} INFO - Filling up the DagBag from /home/airflow/.local/lib/python3.12/site-packages/airflow/example_dags/example_sensors.py
[2024-12-24T20:06:41.968+0000] {processor.py:925} INFO - DAG(s) 'example_sensors' retrieved from /home/airflow/.local/lib/python3.12/site-packages/airflow/example_dags/example_sensors.py
[2024-12-24T20:06:41.995+0000] {logging_mixin.py:190} INFO - [2024-12-24T20:06:41.994+0000] {dag.py:3239} INFO - Sync 1 DAGs
[2024-12-24T20:06:42.007+0000] {logging_mixin.py:190} INFO - [2024-12-24T20:06:42.007+0000] {dag.py:4180} INFO - Setting next_dagrun for example_sensors to None, run_after=None
[2024-12-24T20:06:42.025+0000] {processor.py:208} INFO - Processing /home/airflow/.local/lib/python3.12/site-packages/airflow/example_dags/example_sensors.py took 0.075 seconds
[2024-12-24T20:07:13.796+0000] {processor.py:186} INFO - Started process (PID=813) to work on /home/airflow/.local/lib/python3.12/site-packages/airflow/example_dags/example_sensors.py
[2024-12-24T20:07:13.797+0000] {processor.py:914} INFO - Processing file /home/airflow/.local/lib/python3.12/site-packages/airflow/example_dags/example_sensors.py for tasks to queue
[2024-12-24T20:07:13.799+0000] {logging_mixin.py:190} INFO - [2024-12-24T20:07:13.799+0000] {dagbag.py:588} INFO - Filling up the DagBag from /home/airflow/.local/lib/python3.12/site-packages/airflow/example_dags/example_sensors.py
[2024-12-24T20:07:13.810+0000] {processor.py:925} INFO - DAG(s) 'example_sensors' retrieved from /home/airflow/.local/lib/python3.12/site-packages/airflow/example_dags/example_sensors.py
[2024-12-24T20:07:13.836+0000] {logging_mixin.py:190} INFO - [2024-12-24T20:07:13.835+0000] {dag.py:3239} INFO - Sync 1 DAGs
[2024-12-24T20:07:13.849+0000] {logging_mixin.py:190} INFO - [2024-12-24T20:07:13.849+0000] {dag.py:4180} INFO - Setting next_dagrun for example_sensors to None, run_after=None
[2024-12-24T20:07:13.869+0000] {processor.py:208} INFO - Processing /home/airflow/.local/lib/python3.12/site-packages/airflow/example_dags/example_sensors.py took 0.078 seconds
[2024-12-24T20:07:45.486+0000] {processor.py:186} INFO - Started process (PID=876) to work on /home/airflow/.local/lib/python3.12/site-packages/airflow/example_dags/example_sensors.py
[2024-12-24T20:07:45.488+0000] {processor.py:914} INFO - Processing file /home/airflow/.local/lib/python3.12/site-packages/airflow/example_dags/example_sensors.py for tasks to queue
[2024-12-24T20:07:45.490+0000] {logging_mixin.py:190} INFO - [2024-12-24T20:07:45.490+0000] {dagbag.py:588} INFO - Filling up the DagBag from /home/airflow/.local/lib/python3.12/site-packages/airflow/example_dags/example_sensors.py
[2024-12-24T20:07:45.502+0000] {processor.py:925} INFO - DAG(s) 'example_sensors' retrieved from /home/airflow/.local/lib/python3.12/site-packages/airflow/example_dags/example_sensors.py
[2024-12-24T20:07:45.529+0000] {logging_mixin.py:190} INFO - [2024-12-24T20:07:45.528+0000] {dag.py:3239} INFO - Sync 1 DAGs
[2024-12-24T20:07:45.543+0000] {logging_mixin.py:190} INFO - [2024-12-24T20:07:45.543+0000] {dag.py:4180} INFO - Setting next_dagrun for example_sensors to None, run_after=None
[2024-12-24T20:07:45.559+0000] {processor.py:208} INFO - Processing /home/airflow/.local/lib/python3.12/site-packages/airflow/example_dags/example_sensors.py took 0.080 seconds
[2024-12-24T20:08:15.916+0000] {processor.py:186} INFO - Started process (PID=938) to work on /home/airflow/.local/lib/python3.12/site-packages/airflow/example_dags/example_sensors.py
[2024-12-24T20:08:15.917+0000] {processor.py:914} INFO - Processing file /home/airflow/.local/lib/python3.12/site-packages/airflow/example_dags/example_sensors.py for tasks to queue
[2024-12-24T20:08:15.919+0000] {logging_mixin.py:190} INFO - [2024-12-24T20:08:15.919+0000] {dagbag.py:588} INFO - Filling up the DagBag from /home/airflow/.local/lib/python3.12/site-packages/airflow/example_dags/example_sensors.py
[2024-12-24T20:08:15.931+0000] {processor.py:925} INFO - DAG(s) 'example_sensors' retrieved from /home/airflow/.local/lib/python3.12/site-packages/airflow/example_dags/example_sensors.py
[2024-12-24T20:08:15.958+0000] {logging_mixin.py:190} INFO - [2024-12-24T20:08:15.958+0000] {dag.py:3239} INFO - Sync 1 DAGs
[2024-12-24T20:08:15.972+0000] {logging_mixin.py:190} INFO - [2024-12-24T20:08:15.972+0000] {dag.py:4180} INFO - Setting next_dagrun for example_sensors to None, run_after=None
[2024-12-24T20:08:15.994+0000] {processor.py:208} INFO - Processing /home/airflow/.local/lib/python3.12/site-packages/airflow/example_dags/example_sensors.py took 0.084 seconds
[2024-12-24T20:08:47.971+0000] {processor.py:186} INFO - Started process (PID=1002) to work on /home/airflow/.local/lib/python3.12/site-packages/airflow/example_dags/example_sensors.py
[2024-12-24T20:08:47.972+0000] {processor.py:914} INFO - Processing file /home/airflow/.local/lib/python3.12/site-packages/airflow/example_dags/example_sensors.py for tasks to queue
[2024-12-24T20:08:47.975+0000] {logging_mixin.py:190} INFO - [2024-12-24T20:08:47.974+0000] {dagbag.py:588} INFO - Filling up the DagBag from /home/airflow/.local/lib/python3.12/site-packages/airflow/example_dags/example_sensors.py
[2024-12-24T20:08:47.985+0000] {processor.py:925} INFO - DAG(s) 'example_sensors' retrieved from /home/airflow/.local/lib/python3.12/site-packages/airflow/example_dags/example_sensors.py
[2024-12-24T20:08:48.016+0000] {logging_mixin.py:190} INFO - [2024-12-24T20:08:48.016+0000] {dag.py:3239} INFO - Sync 1 DAGs
[2024-12-24T20:08:48.032+0000] {logging_mixin.py:190} INFO - [2024-12-24T20:08:48.031+0000] {dag.py:4180} INFO - Setting next_dagrun for example_sensors to None, run_after=None
[2024-12-24T20:08:48.052+0000] {processor.py:208} INFO - Processing /home/airflow/.local/lib/python3.12/site-packages/airflow/example_dags/example_sensors.py took 0.087 seconds
[2024-12-24T20:09:18.534+0000] {processor.py:186} INFO - Started process (PID=1064) to work on /home/airflow/.local/lib/python3.12/site-packages/airflow/example_dags/example_sensors.py
[2024-12-24T20:09:18.535+0000] {processor.py:914} INFO - Processing file /home/airflow/.local/lib/python3.12/site-packages/airflow/example_dags/example_sensors.py for tasks to queue
[2024-12-24T20:09:18.539+0000] {logging_mixin.py:190} INFO - [2024-12-24T20:09:18.538+0000] {dagbag.py:588} INFO - Filling up the DagBag from /home/airflow/.local/lib/python3.12/site-packages/airflow/example_dags/example_sensors.py
[2024-12-24T20:09:18.553+0000] {processor.py:925} INFO - DAG(s) 'example_sensors' retrieved from /home/airflow/.local/lib/python3.12/site-packages/airflow/example_dags/example_sensors.py
[2024-12-24T20:09:18.583+0000] {logging_mixin.py:190} INFO - [2024-12-24T20:09:18.583+0000] {dag.py:3239} INFO - Sync 1 DAGs
[2024-12-24T20:09:18.601+0000] {logging_mixin.py:190} INFO - [2024-12-24T20:09:18.601+0000] {dag.py:4180} INFO - Setting next_dagrun for example_sensors to None, run_after=None
[2024-12-24T20:09:18.626+0000] {processor.py:208} INFO - Processing /home/airflow/.local/lib/python3.12/site-packages/airflow/example_dags/example_sensors.py took 0.100 seconds
[2024-12-24T20:09:49.535+0000] {processor.py:186} INFO - Started process (PID=1127) to work on /home/airflow/.local/lib/python3.12/site-packages/airflow/example_dags/example_sensors.py
[2024-12-24T20:09:49.536+0000] {processor.py:914} INFO - Processing file /home/airflow/.local/lib/python3.12/site-packages/airflow/example_dags/example_sensors.py for tasks to queue
[2024-12-24T20:09:49.538+0000] {logging_mixin.py:190} INFO - [2024-12-24T20:09:49.538+0000] {dagbag.py:588} INFO - Filling up the DagBag from /home/airflow/.local/lib/python3.12/site-packages/airflow/example_dags/example_sensors.py
[2024-12-24T20:09:49.551+0000] {processor.py:925} INFO - DAG(s) 'example_sensors' retrieved from /home/airflow/.local/lib/python3.12/site-packages/airflow/example_dags/example_sensors.py
[2024-12-24T20:09:49.579+0000] {logging_mixin.py:190} INFO - [2024-12-24T20:09:49.578+0000] {dag.py:3239} INFO - Sync 1 DAGs
[2024-12-24T20:09:49.594+0000] {logging_mixin.py:190} INFO - [2024-12-24T20:09:49.593+0000] {dag.py:4180} INFO - Setting next_dagrun for example_sensors to None, run_after=None
[2024-12-24T20:09:49.618+0000] {processor.py:208} INFO - Processing /home/airflow/.local/lib/python3.12/site-packages/airflow/example_dags/example_sensors.py took 0.089 seconds
[2024-12-24T20:10:20.355+0000] {processor.py:186} INFO - Started process (PID=1190) to work on /home/airflow/.local/lib/python3.12/site-packages/airflow/example_dags/example_sensors.py
[2024-12-24T20:10:20.356+0000] {processor.py:914} INFO - Processing file /home/airflow/.local/lib/python3.12/site-packages/airflow/example_dags/example_sensors.py for tasks to queue
[2024-12-24T20:10:20.360+0000] {logging_mixin.py:190} INFO - [2024-12-24T20:10:20.359+0000] {dagbag.py:588} INFO - Filling up the DagBag from /home/airflow/.local/lib/python3.12/site-packages/airflow/example_dags/example_sensors.py
[2024-12-24T20:10:20.371+0000] {processor.py:925} INFO - DAG(s) 'example_sensors' retrieved from /home/airflow/.local/lib/python3.12/site-packages/airflow/example_dags/example_sensors.py
[2024-12-24T20:10:20.394+0000] {logging_mixin.py:190} INFO - [2024-12-24T20:10:20.394+0000] {dag.py:3239} INFO - Sync 1 DAGs
[2024-12-24T20:10:20.408+0000] {logging_mixin.py:190} INFO - [2024-12-24T20:10:20.407+0000] {dag.py:4180} INFO - Setting next_dagrun for example_sensors to None, run_after=None
[2024-12-24T20:10:20.428+0000] {processor.py:208} INFO - Processing /home/airflow/.local/lib/python3.12/site-packages/airflow/example_dags/example_sensors.py took 0.079 seconds
[2024-12-24T20:10:52.514+0000] {processor.py:186} INFO - Started process (PID=1253) to work on /home/airflow/.local/lib/python3.12/site-packages/airflow/example_dags/example_sensors.py
[2024-12-24T20:10:52.515+0000] {processor.py:914} INFO - Processing file /home/airflow/.local/lib/python3.12/site-packages/airflow/example_dags/example_sensors.py for tasks to queue
[2024-12-24T20:10:52.517+0000] {logging_mixin.py:190} INFO - [2024-12-24T20:10:52.517+0000] {dagbag.py:588} INFO - Filling up the DagBag from /home/airflow/.local/lib/python3.12/site-packages/airflow/example_dags/example_sensors.py
[2024-12-24T20:10:52.528+0000] {processor.py:925} INFO - DAG(s) 'example_sensors' retrieved from /home/airflow/.local/lib/python3.12/site-packages/airflow/example_dags/example_sensors.py
[2024-12-24T20:10:52.551+0000] {logging_mixin.py:190} INFO - [2024-12-24T20:10:52.551+0000] {dag.py:3239} INFO - Sync 1 DAGs
[2024-12-24T20:10:52.564+0000] {logging_mixin.py:190} INFO - [2024-12-24T20:10:52.564+0000] {dag.py:4180} INFO - Setting next_dagrun for example_sensors to None, run_after=None
[2024-12-24T20:10:52.582+0000] {processor.py:208} INFO - Processing /home/airflow/.local/lib/python3.12/site-packages/airflow/example_dags/example_sensors.py took 0.074 seconds
[2024-12-24T20:11:23.464+0000] {processor.py:186} INFO - Started process (PID=1323) to work on /home/airflow/.local/lib/python3.12/site-packages/airflow/example_dags/example_sensors.py
[2024-12-24T20:11:23.465+0000] {processor.py:914} INFO - Processing file /home/airflow/.local/lib/python3.12/site-packages/airflow/example_dags/example_sensors.py for tasks to queue
[2024-12-24T20:11:23.467+0000] {logging_mixin.py:190} INFO - [2024-12-24T20:11:23.466+0000] {dagbag.py:588} INFO - Filling up the DagBag from /home/airflow/.local/lib/python3.12/site-packages/airflow/example_dags/example_sensors.py
[2024-12-24T20:11:23.478+0000] {processor.py:925} INFO - DAG(s) 'example_sensors' retrieved from /home/airflow/.local/lib/python3.12/site-packages/airflow/example_dags/example_sensors.py
[2024-12-24T20:11:23.500+0000] {logging_mixin.py:190} INFO - [2024-12-24T20:11:23.500+0000] {dag.py:3239} INFO - Sync 1 DAGs
[2024-12-24T20:11:23.513+0000] {logging_mixin.py:190} INFO - [2024-12-24T20:11:23.513+0000] {dag.py:4180} INFO - Setting next_dagrun for example_sensors to None, run_after=None
[2024-12-24T20:11:23.530+0000] {processor.py:208} INFO - Processing /home/airflow/.local/lib/python3.12/site-packages/airflow/example_dags/example_sensors.py took 0.071 seconds
[2024-12-24T20:11:53.911+0000] {processor.py:186} INFO - Started process (PID=1387) to work on /home/airflow/.local/lib/python3.12/site-packages/airflow/example_dags/example_sensors.py
[2024-12-24T20:11:53.912+0000] {processor.py:914} INFO - Processing file /home/airflow/.local/lib/python3.12/site-packages/airflow/example_dags/example_sensors.py for tasks to queue
[2024-12-24T20:11:53.913+0000] {logging_mixin.py:190} INFO - [2024-12-24T20:11:53.913+0000] {dagbag.py:588} INFO - Filling up the DagBag from /home/airflow/.local/lib/python3.12/site-packages/airflow/example_dags/example_sensors.py
[2024-12-24T20:11:53.924+0000] {processor.py:925} INFO - DAG(s) 'example_sensors' retrieved from /home/airflow/.local/lib/python3.12/site-packages/airflow/example_dags/example_sensors.py
[2024-12-24T20:11:53.946+0000] {logging_mixin.py:190} INFO - [2024-12-24T20:11:53.945+0000] {dag.py:3239} INFO - Sync 1 DAGs
[2024-12-24T20:11:53.957+0000] {logging_mixin.py:190} INFO - [2024-12-24T20:11:53.957+0000] {dag.py:4180} INFO - Setting next_dagrun for example_sensors to None, run_after=None
[2024-12-24T20:11:53.972+0000] {processor.py:208} INFO - Processing /home/airflow/.local/lib/python3.12/site-packages/airflow/example_dags/example_sensors.py took 0.067 seconds
[2024-12-24T20:12:25.368+0000] {processor.py:186} INFO - Started process (PID=1451) to work on /home/airflow/.local/lib/python3.12/site-packages/airflow/example_dags/example_sensors.py
[2024-12-24T20:12:25.369+0000] {processor.py:914} INFO - Processing file /home/airflow/.local/lib/python3.12/site-packages/airflow/example_dags/example_sensors.py for tasks to queue
[2024-12-24T20:12:25.370+0000] {logging_mixin.py:190} INFO - [2024-12-24T20:12:25.370+0000] {dagbag.py:588} INFO - Filling up the DagBag from /home/airflow/.local/lib/python3.12/site-packages/airflow/example_dags/example_sensors.py
[2024-12-24T20:12:25.380+0000] {processor.py:925} INFO - DAG(s) 'example_sensors' retrieved from /home/airflow/.local/lib/python3.12/site-packages/airflow/example_dags/example_sensors.py
[2024-12-24T20:12:25.402+0000] {logging_mixin.py:190} INFO - [2024-12-24T20:12:25.402+0000] {dag.py:3239} INFO - Sync 1 DAGs
[2024-12-24T20:12:25.414+0000] {logging_mixin.py:190} INFO - [2024-12-24T20:12:25.414+0000] {dag.py:4180} INFO - Setting next_dagrun for example_sensors to None, run_after=None
[2024-12-24T20:12:25.430+0000] {processor.py:208} INFO - Processing /home/airflow/.local/lib/python3.12/site-packages/airflow/example_dags/example_sensors.py took 0.068 seconds
[2024-12-24T20:12:56.791+0000] {processor.py:186} INFO - Started process (PID=1515) to work on /home/airflow/.local/lib/python3.12/site-packages/airflow/example_dags/example_sensors.py
[2024-12-24T20:12:56.792+0000] {processor.py:914} INFO - Processing file /home/airflow/.local/lib/python3.12/site-packages/airflow/example_dags/example_sensors.py for tasks to queue
[2024-12-24T20:12:56.793+0000] {logging_mixin.py:190} INFO - [2024-12-24T20:12:56.793+0000] {dagbag.py:588} INFO - Filling up the DagBag from /home/airflow/.local/lib/python3.12/site-packages/airflow/example_dags/example_sensors.py
[2024-12-24T20:12:56.804+0000] {processor.py:925} INFO - DAG(s) 'example_sensors' retrieved from /home/airflow/.local/lib/python3.12/site-packages/airflow/example_dags/example_sensors.py
[2024-12-24T20:12:56.826+0000] {logging_mixin.py:190} INFO - [2024-12-24T20:12:56.826+0000] {dag.py:3239} INFO - Sync 1 DAGs
[2024-12-24T20:12:56.838+0000] {logging_mixin.py:190} INFO - [2024-12-24T20:12:56.838+0000] {dag.py:4180} INFO - Setting next_dagrun for example_sensors to None, run_after=None
[2024-12-24T20:12:56.859+0000] {processor.py:208} INFO - Processing /home/airflow/.local/lib/python3.12/site-packages/airflow/example_dags/example_sensors.py took 0.074 seconds
[2024-12-24T20:13:27.672+0000] {processor.py:186} INFO - Started process (PID=1579) to work on /home/airflow/.local/lib/python3.12/site-packages/airflow/example_dags/example_sensors.py
[2024-12-24T20:13:27.673+0000] {processor.py:914} INFO - Processing file /home/airflow/.local/lib/python3.12/site-packages/airflow/example_dags/example_sensors.py for tasks to queue
[2024-12-24T20:13:27.675+0000] {logging_mixin.py:190} INFO - [2024-12-24T20:13:27.675+0000] {dagbag.py:588} INFO - Filling up the DagBag from /home/airflow/.local/lib/python3.12/site-packages/airflow/example_dags/example_sensors.py
[2024-12-24T20:13:27.690+0000] {processor.py:925} INFO - DAG(s) 'example_sensors' retrieved from /home/airflow/.local/lib/python3.12/site-packages/airflow/example_dags/example_sensors.py
[2024-12-24T20:13:27.718+0000] {logging_mixin.py:190} INFO - [2024-12-24T20:13:27.718+0000] {dag.py:3239} INFO - Sync 1 DAGs
[2024-12-24T20:13:27.734+0000] {logging_mixin.py:190} INFO - [2024-12-24T20:13:27.734+0000] {dag.py:4180} INFO - Setting next_dagrun for example_sensors to None, run_after=None
[2024-12-24T20:13:27.755+0000] {processor.py:208} INFO - Processing /home/airflow/.local/lib/python3.12/site-packages/airflow/example_dags/example_sensors.py took 0.088 seconds
[2024-12-24T20:13:58.446+0000] {processor.py:186} INFO - Started process (PID=1643) to work on /home/airflow/.local/lib/python3.12/site-packages/airflow/example_dags/example_sensors.py
[2024-12-24T20:13:58.447+0000] {processor.py:914} INFO - Processing file /home/airflow/.local/lib/python3.12/site-packages/airflow/example_dags/example_sensors.py for tasks to queue
[2024-12-24T20:13:58.448+0000] {logging_mixin.py:190} INFO - [2024-12-24T20:13:58.448+0000] {dagbag.py:588} INFO - Filling up the DagBag from /home/airflow/.local/lib/python3.12/site-packages/airflow/example_dags/example_sensors.py
[2024-12-24T20:13:58.458+0000] {processor.py:925} INFO - DAG(s) 'example_sensors' retrieved from /home/airflow/.local/lib/python3.12/site-packages/airflow/example_dags/example_sensors.py
[2024-12-24T20:13:58.479+0000] {logging_mixin.py:190} INFO - [2024-12-24T20:13:58.479+0000] {dag.py:3239} INFO - Sync 1 DAGs
[2024-12-24T20:13:58.492+0000] {logging_mixin.py:190} INFO - [2024-12-24T20:13:58.492+0000] {dag.py:4180} INFO - Setting next_dagrun for example_sensors to None, run_after=None
[2024-12-24T20:13:58.507+0000] {processor.py:208} INFO - Processing /home/airflow/.local/lib/python3.12/site-packages/airflow/example_dags/example_sensors.py took 0.067 seconds
[2024-12-24T20:14:29.148+0000] {processor.py:186} INFO - Started process (PID=1707) to work on /home/airflow/.local/lib/python3.12/site-packages/airflow/example_dags/example_sensors.py
[2024-12-24T20:14:29.149+0000] {processor.py:914} INFO - Processing file /home/airflow/.local/lib/python3.12/site-packages/airflow/example_dags/example_sensors.py for tasks to queue
[2024-12-24T20:14:29.151+0000] {logging_mixin.py:190} INFO - [2024-12-24T20:14:29.151+0000] {dagbag.py:588} INFO - Filling up the DagBag from /home/airflow/.local/lib/python3.12/site-packages/airflow/example_dags/example_sensors.py
[2024-12-24T20:14:29.162+0000] {processor.py:925} INFO - DAG(s) 'example_sensors' retrieved from /home/airflow/.local/lib/python3.12/site-packages/airflow/example_dags/example_sensors.py
[2024-12-24T20:14:29.185+0000] {logging_mixin.py:190} INFO - [2024-12-24T20:14:29.185+0000] {dag.py:3239} INFO - Sync 1 DAGs
[2024-12-24T20:14:29.198+0000] {logging_mixin.py:190} INFO - [2024-12-24T20:14:29.197+0000] {dag.py:4180} INFO - Setting next_dagrun for example_sensors to None, run_after=None
[2024-12-24T20:14:29.216+0000] {processor.py:208} INFO - Processing /home/airflow/.local/lib/python3.12/site-packages/airflow/example_dags/example_sensors.py took 0.073 seconds
[2024-12-24T20:15:00.929+0000] {processor.py:186} INFO - Started process (PID=1771) to work on /home/airflow/.local/lib/python3.12/site-packages/airflow/example_dags/example_sensors.py
[2024-12-24T20:15:00.930+0000] {processor.py:914} INFO - Processing file /home/airflow/.local/lib/python3.12/site-packages/airflow/example_dags/example_sensors.py for tasks to queue
[2024-12-24T20:15:00.932+0000] {logging_mixin.py:190} INFO - [2024-12-24T20:15:00.931+0000] {dagbag.py:588} INFO - Filling up the DagBag from /home/airflow/.local/lib/python3.12/site-packages/airflow/example_dags/example_sensors.py
[2024-12-24T20:15:00.947+0000] {processor.py:925} INFO - DAG(s) 'example_sensors' retrieved from /home/airflow/.local/lib/python3.12/site-packages/airflow/example_dags/example_sensors.py
[2024-12-24T20:15:00.982+0000] {logging_mixin.py:190} INFO - [2024-12-24T20:15:00.981+0000] {dag.py:3239} INFO - Sync 1 DAGs
[2024-12-24T20:15:00.998+0000] {logging_mixin.py:190} INFO - [2024-12-24T20:15:00.998+0000] {dag.py:4180} INFO - Setting next_dagrun for example_sensors to None, run_after=None
[2024-12-24T20:15:01.032+0000] {processor.py:208} INFO - Processing /home/airflow/.local/lib/python3.12/site-packages/airflow/example_dags/example_sensors.py took 0.109 seconds
[2024-12-24T20:15:32.156+0000] {processor.py:186} INFO - Started process (PID=1835) to work on /home/airflow/.local/lib/python3.12/site-packages/airflow/example_dags/example_sensors.py
[2024-12-24T20:15:32.158+0000] {processor.py:914} INFO - Processing file /home/airflow/.local/lib/python3.12/site-packages/airflow/example_dags/example_sensors.py for tasks to queue
[2024-12-24T20:15:32.159+0000] {logging_mixin.py:190} INFO - [2024-12-24T20:15:32.159+0000] {dagbag.py:588} INFO - Filling up the DagBag from /home/airflow/.local/lib/python3.12/site-packages/airflow/example_dags/example_sensors.py
[2024-12-24T20:15:32.170+0000] {processor.py:925} INFO - DAG(s) 'example_sensors' retrieved from /home/airflow/.local/lib/python3.12/site-packages/airflow/example_dags/example_sensors.py
[2024-12-24T20:15:32.194+0000] {logging_mixin.py:190} INFO - [2024-12-24T20:15:32.193+0000] {dag.py:3239} INFO - Sync 1 DAGs
[2024-12-24T20:15:32.207+0000] {logging_mixin.py:190} INFO - [2024-12-24T20:15:32.207+0000] {dag.py:4180} INFO - Setting next_dagrun for example_sensors to None, run_after=None
[2024-12-24T20:15:32.224+0000] {processor.py:208} INFO - Processing /home/airflow/.local/lib/python3.12/site-packages/airflow/example_dags/example_sensors.py took 0.073 seconds
[2024-12-24T20:16:03.193+0000] {processor.py:186} INFO - Started process (PID=1899) to work on /home/airflow/.local/lib/python3.12/site-packages/airflow/example_dags/example_sensors.py
[2024-12-24T20:16:03.194+0000] {processor.py:914} INFO - Processing file /home/airflow/.local/lib/python3.12/site-packages/airflow/example_dags/example_sensors.py for tasks to queue
[2024-12-24T20:16:03.196+0000] {logging_mixin.py:190} INFO - [2024-12-24T20:16:03.195+0000] {dagbag.py:588} INFO - Filling up the DagBag from /home/airflow/.local/lib/python3.12/site-packages/airflow/example_dags/example_sensors.py
[2024-12-24T20:16:03.206+0000] {processor.py:925} INFO - DAG(s) 'example_sensors' retrieved from /home/airflow/.local/lib/python3.12/site-packages/airflow/example_dags/example_sensors.py
[2024-12-24T20:16:03.230+0000] {logging_mixin.py:190} INFO - [2024-12-24T20:16:03.230+0000] {dag.py:3239} INFO - Sync 1 DAGs
[2024-12-24T20:16:03.245+0000] {logging_mixin.py:190} INFO - [2024-12-24T20:16:03.245+0000] {dag.py:4180} INFO - Setting next_dagrun for example_sensors to None, run_after=None
[2024-12-24T20:16:03.262+0000] {processor.py:208} INFO - Processing /home/airflow/.local/lib/python3.12/site-packages/airflow/example_dags/example_sensors.py took 0.074 seconds
[2024-12-24T20:16:34.128+0000] {processor.py:186} INFO - Started process (PID=1963) to work on /home/airflow/.local/lib/python3.12/site-packages/airflow/example_dags/example_sensors.py
[2024-12-24T20:16:34.129+0000] {processor.py:914} INFO - Processing file /home/airflow/.local/lib/python3.12/site-packages/airflow/example_dags/example_sensors.py for tasks to queue
[2024-12-24T20:16:34.130+0000] {logging_mixin.py:190} INFO - [2024-12-24T20:16:34.130+0000] {dagbag.py:588} INFO - Filling up the DagBag from /home/airflow/.local/lib/python3.12/site-packages/airflow/example_dags/example_sensors.py
[2024-12-24T20:16:34.141+0000] {processor.py:925} INFO - DAG(s) 'example_sensors' retrieved from /home/airflow/.local/lib/python3.12/site-packages/airflow/example_dags/example_sensors.py
[2024-12-24T20:16:34.163+0000] {logging_mixin.py:190} INFO - [2024-12-24T20:16:34.163+0000] {dag.py:3239} INFO - Sync 1 DAGs
[2024-12-24T20:16:34.175+0000] {logging_mixin.py:190} INFO - [2024-12-24T20:16:34.175+0000] {dag.py:4180} INFO - Setting next_dagrun for example_sensors to None, run_after=None
[2024-12-24T20:16:34.192+0000] {processor.py:208} INFO - Processing /home/airflow/.local/lib/python3.12/site-packages/airflow/example_dags/example_sensors.py took 0.070 seconds
[2024-12-24T20:17:05.946+0000] {processor.py:186} INFO - Started process (PID=2028) to work on /home/airflow/.local/lib/python3.12/site-packages/airflow/example_dags/example_sensors.py
[2024-12-24T20:17:05.947+0000] {processor.py:914} INFO - Processing file /home/airflow/.local/lib/python3.12/site-packages/airflow/example_dags/example_sensors.py for tasks to queue
[2024-12-24T20:17:05.948+0000] {logging_mixin.py:190} INFO - [2024-12-24T20:17:05.948+0000] {dagbag.py:588} INFO - Filling up the DagBag from /home/airflow/.local/lib/python3.12/site-packages/airflow/example_dags/example_sensors.py
[2024-12-24T20:17:05.959+0000] {processor.py:925} INFO - DAG(s) 'example_sensors' retrieved from /home/airflow/.local/lib/python3.12/site-packages/airflow/example_dags/example_sensors.py
[2024-12-24T20:17:05.982+0000] {logging_mixin.py:190} INFO - [2024-12-24T20:17:05.982+0000] {dag.py:3239} INFO - Sync 1 DAGs
[2024-12-24T20:17:05.996+0000] {logging_mixin.py:190} INFO - [2024-12-24T20:17:05.996+0000] {dag.py:4180} INFO - Setting next_dagrun for example_sensors to None, run_after=None
[2024-12-24T20:17:06.015+0000] {processor.py:208} INFO - Processing /home/airflow/.local/lib/python3.12/site-packages/airflow/example_dags/example_sensors.py took 0.075 seconds
[2024-12-24T20:17:37.072+0000] {processor.py:186} INFO - Started process (PID=2092) to work on /home/airflow/.local/lib/python3.12/site-packages/airflow/example_dags/example_sensors.py
[2024-12-24T20:17:37.073+0000] {processor.py:914} INFO - Processing file /home/airflow/.local/lib/python3.12/site-packages/airflow/example_dags/example_sensors.py for tasks to queue
[2024-12-24T20:17:37.075+0000] {logging_mixin.py:190} INFO - [2024-12-24T20:17:37.075+0000] {dagbag.py:588} INFO - Filling up the DagBag from /home/airflow/.local/lib/python3.12/site-packages/airflow/example_dags/example_sensors.py
[2024-12-24T20:17:37.087+0000] {processor.py:925} INFO - DAG(s) 'example_sensors' retrieved from /home/airflow/.local/lib/python3.12/site-packages/airflow/example_dags/example_sensors.py
[2024-12-24T20:17:37.117+0000] {logging_mixin.py:190} INFO - [2024-12-24T20:17:37.117+0000] {dag.py:3239} INFO - Sync 1 DAGs
[2024-12-24T20:17:37.130+0000] {logging_mixin.py:190} INFO - [2024-12-24T20:17:37.130+0000] {dag.py:4180} INFO - Setting next_dagrun for example_sensors to None, run_after=None
[2024-12-24T20:17:37.150+0000] {processor.py:208} INFO - Processing /home/airflow/.local/lib/python3.12/site-packages/airflow/example_dags/example_sensors.py took 0.084 seconds
[2024-12-24T20:18:07.853+0000] {processor.py:186} INFO - Started process (PID=2156) to work on /home/airflow/.local/lib/python3.12/site-packages/airflow/example_dags/example_sensors.py
[2024-12-24T20:18:07.854+0000] {processor.py:914} INFO - Processing file /home/airflow/.local/lib/python3.12/site-packages/airflow/example_dags/example_sensors.py for tasks to queue
[2024-12-24T20:18:07.855+0000] {logging_mixin.py:190} INFO - [2024-12-24T20:18:07.855+0000] {dagbag.py:588} INFO - Filling up the DagBag from /home/airflow/.local/lib/python3.12/site-packages/airflow/example_dags/example_sensors.py
[2024-12-24T20:18:07.869+0000] {processor.py:925} INFO - DAG(s) 'example_sensors' retrieved from /home/airflow/.local/lib/python3.12/site-packages/airflow/example_dags/example_sensors.py
[2024-12-24T20:18:07.895+0000] {logging_mixin.py:190} INFO - [2024-12-24T20:18:07.894+0000] {dag.py:3239} INFO - Sync 1 DAGs
[2024-12-24T20:18:07.907+0000] {logging_mixin.py:190} INFO - [2024-12-24T20:18:07.907+0000] {dag.py:4180} INFO - Setting next_dagrun for example_sensors to None, run_after=None
[2024-12-24T20:18:07.924+0000] {processor.py:208} INFO - Processing /home/airflow/.local/lib/python3.12/site-packages/airflow/example_dags/example_sensors.py took 0.076 seconds
[2024-12-24T20:18:38.615+0000] {processor.py:186} INFO - Started process (PID=2220) to work on /home/airflow/.local/lib/python3.12/site-packages/airflow/example_dags/example_sensors.py
[2024-12-24T20:18:38.617+0000] {processor.py:914} INFO - Processing file /home/airflow/.local/lib/python3.12/site-packages/airflow/example_dags/example_sensors.py for tasks to queue
[2024-12-24T20:18:38.618+0000] {logging_mixin.py:190} INFO - [2024-12-24T20:18:38.618+0000] {dagbag.py:588} INFO - Filling up the DagBag from /home/airflow/.local/lib/python3.12/site-packages/airflow/example_dags/example_sensors.py
[2024-12-24T20:18:38.628+0000] {processor.py:925} INFO - DAG(s) 'example_sensors' retrieved from /home/airflow/.local/lib/python3.12/site-packages/airflow/example_dags/example_sensors.py
[2024-12-24T20:18:38.652+0000] {logging_mixin.py:190} INFO - [2024-12-24T20:18:38.651+0000] {dag.py:3239} INFO - Sync 1 DAGs
[2024-12-24T20:18:38.665+0000] {logging_mixin.py:190} INFO - [2024-12-24T20:18:38.665+0000] {dag.py:4180} INFO - Setting next_dagrun for example_sensors to None, run_after=None
[2024-12-24T20:18:38.681+0000] {processor.py:208} INFO - Processing /home/airflow/.local/lib/python3.12/site-packages/airflow/example_dags/example_sensors.py took 0.071 seconds
[2024-12-24T20:35:46.815+0000] {processor.py:186} INFO - Started process (PID=121) to work on /home/airflow/.local/lib/python3.10/site-packages/airflow/example_dags/example_sensors.py
[2024-12-24T20:35:46.816+0000] {processor.py:914} INFO - Processing file /home/airflow/.local/lib/python3.10/site-packages/airflow/example_dags/example_sensors.py for tasks to queue
[2024-12-24T20:35:46.819+0000] {logging_mixin.py:190} INFO - [2024-12-24T20:35:46.818+0000] {dagbag.py:588} INFO - Filling up the DagBag from /home/airflow/.local/lib/python3.10/site-packages/airflow/example_dags/example_sensors.py
[2024-12-24T20:35:46.831+0000] {processor.py:925} INFO - DAG(s) 'example_sensors' retrieved from /home/airflow/.local/lib/python3.10/site-packages/airflow/example_dags/example_sensors.py
[2024-12-24T20:35:46.923+0000] {logging_mixin.py:190} INFO - [2024-12-24T20:35:46.923+0000] {dag.py:3239} INFO - Sync 1 DAGs
[2024-12-24T20:35:46.934+0000] {logging_mixin.py:190} INFO - [2024-12-24T20:35:46.933+0000] {dag.py:4180} INFO - Setting next_dagrun for example_sensors to None, run_after=None
[2024-12-24T20:35:46.951+0000] {processor.py:208} INFO - Processing /home/airflow/.local/lib/python3.10/site-packages/airflow/example_dags/example_sensors.py took 0.141 seconds
[2024-12-24T20:36:17.990+0000] {processor.py:186} INFO - Started process (PID=186) to work on /home/airflow/.local/lib/python3.10/site-packages/airflow/example_dags/example_sensors.py
[2024-12-24T20:36:17.991+0000] {processor.py:914} INFO - Processing file /home/airflow/.local/lib/python3.10/site-packages/airflow/example_dags/example_sensors.py for tasks to queue
[2024-12-24T20:36:17.993+0000] {logging_mixin.py:190} INFO - [2024-12-24T20:36:17.993+0000] {dagbag.py:588} INFO - Filling up the DagBag from /home/airflow/.local/lib/python3.10/site-packages/airflow/example_dags/example_sensors.py
[2024-12-24T20:36:18.003+0000] {processor.py:925} INFO - DAG(s) 'example_sensors' retrieved from /home/airflow/.local/lib/python3.10/site-packages/airflow/example_dags/example_sensors.py
[2024-12-24T20:36:18.026+0000] {logging_mixin.py:190} INFO - [2024-12-24T20:36:18.026+0000] {dag.py:3239} INFO - Sync 1 DAGs
[2024-12-24T20:36:18.039+0000] {logging_mixin.py:190} INFO - [2024-12-24T20:36:18.039+0000] {dag.py:4180} INFO - Setting next_dagrun for example_sensors to None, run_after=None
[2024-12-24T20:36:18.056+0000] {processor.py:208} INFO - Processing /home/airflow/.local/lib/python3.10/site-packages/airflow/example_dags/example_sensors.py took 0.072 seconds
[2024-12-24T20:36:48.150+0000] {processor.py:186} INFO - Started process (PID=249) to work on /home/airflow/.local/lib/python3.10/site-packages/airflow/example_dags/example_sensors.py
[2024-12-24T20:36:48.151+0000] {processor.py:914} INFO - Processing file /home/airflow/.local/lib/python3.10/site-packages/airflow/example_dags/example_sensors.py for tasks to queue
[2024-12-24T20:36:48.154+0000] {logging_mixin.py:190} INFO - [2024-12-24T20:36:48.153+0000] {dagbag.py:588} INFO - Filling up the DagBag from /home/airflow/.local/lib/python3.10/site-packages/airflow/example_dags/example_sensors.py
[2024-12-24T20:36:48.166+0000] {processor.py:925} INFO - DAG(s) 'example_sensors' retrieved from /home/airflow/.local/lib/python3.10/site-packages/airflow/example_dags/example_sensors.py
[2024-12-24T20:36:48.191+0000] {logging_mixin.py:190} INFO - [2024-12-24T20:36:48.191+0000] {dag.py:3239} INFO - Sync 1 DAGs
[2024-12-24T20:36:48.204+0000] {logging_mixin.py:190} INFO - [2024-12-24T20:36:48.203+0000] {dag.py:4180} INFO - Setting next_dagrun for example_sensors to None, run_after=None
[2024-12-24T20:36:48.219+0000] {processor.py:208} INFO - Processing /home/airflow/.local/lib/python3.10/site-packages/airflow/example_dags/example_sensors.py took 0.076 seconds
[2024-12-24T20:37:18.779+0000] {processor.py:186} INFO - Started process (PID=314) to work on /home/airflow/.local/lib/python3.10/site-packages/airflow/example_dags/example_sensors.py
[2024-12-24T20:37:18.780+0000] {processor.py:914} INFO - Processing file /home/airflow/.local/lib/python3.10/site-packages/airflow/example_dags/example_sensors.py for tasks to queue
[2024-12-24T20:37:18.782+0000] {logging_mixin.py:190} INFO - [2024-12-24T20:37:18.782+0000] {dagbag.py:588} INFO - Filling up the DagBag from /home/airflow/.local/lib/python3.10/site-packages/airflow/example_dags/example_sensors.py
[2024-12-24T20:37:18.794+0000] {processor.py:925} INFO - DAG(s) 'example_sensors' retrieved from /home/airflow/.local/lib/python3.10/site-packages/airflow/example_dags/example_sensors.py
[2024-12-24T20:37:18.820+0000] {logging_mixin.py:190} INFO - [2024-12-24T20:37:18.820+0000] {dag.py:3239} INFO - Sync 1 DAGs
[2024-12-24T20:37:18.835+0000] {logging_mixin.py:190} INFO - [2024-12-24T20:37:18.834+0000] {dag.py:4180} INFO - Setting next_dagrun for example_sensors to None, run_after=None
[2024-12-24T20:37:18.851+0000] {processor.py:208} INFO - Processing /home/airflow/.local/lib/python3.10/site-packages/airflow/example_dags/example_sensors.py took 0.078 seconds
[2024-12-24T20:37:50.590+0000] {processor.py:186} INFO - Started process (PID=379) to work on /home/airflow/.local/lib/python3.10/site-packages/airflow/example_dags/example_sensors.py
[2024-12-24T20:37:50.591+0000] {processor.py:914} INFO - Processing file /home/airflow/.local/lib/python3.10/site-packages/airflow/example_dags/example_sensors.py for tasks to queue
[2024-12-24T20:37:50.593+0000] {logging_mixin.py:190} INFO - [2024-12-24T20:37:50.593+0000] {dagbag.py:588} INFO - Filling up the DagBag from /home/airflow/.local/lib/python3.10/site-packages/airflow/example_dags/example_sensors.py
[2024-12-24T20:37:50.604+0000] {processor.py:925} INFO - DAG(s) 'example_sensors' retrieved from /home/airflow/.local/lib/python3.10/site-packages/airflow/example_dags/example_sensors.py
[2024-12-24T20:37:50.630+0000] {logging_mixin.py:190} INFO - [2024-12-24T20:37:50.630+0000] {dag.py:3239} INFO - Sync 1 DAGs
[2024-12-24T20:37:50.644+0000] {logging_mixin.py:190} INFO - [2024-12-24T20:37:50.644+0000] {dag.py:4180} INFO - Setting next_dagrun for example_sensors to None, run_after=None
[2024-12-24T20:37:50.662+0000] {processor.py:208} INFO - Processing /home/airflow/.local/lib/python3.10/site-packages/airflow/example_dags/example_sensors.py took 0.078 seconds
[2024-12-24T20:38:21.222+0000] {processor.py:186} INFO - Started process (PID=442) to work on /home/airflow/.local/lib/python3.10/site-packages/airflow/example_dags/example_sensors.py
[2024-12-24T20:38:21.224+0000] {processor.py:914} INFO - Processing file /home/airflow/.local/lib/python3.10/site-packages/airflow/example_dags/example_sensors.py for tasks to queue
[2024-12-24T20:38:21.226+0000] {logging_mixin.py:190} INFO - [2024-12-24T20:38:21.226+0000] {dagbag.py:588} INFO - Filling up the DagBag from /home/airflow/.local/lib/python3.10/site-packages/airflow/example_dags/example_sensors.py
[2024-12-24T20:38:21.237+0000] {processor.py:925} INFO - DAG(s) 'example_sensors' retrieved from /home/airflow/.local/lib/python3.10/site-packages/airflow/example_dags/example_sensors.py
[2024-12-24T20:38:21.262+0000] {logging_mixin.py:190} INFO - [2024-12-24T20:38:21.262+0000] {dag.py:3239} INFO - Sync 1 DAGs
[2024-12-24T20:38:21.277+0000] {logging_mixin.py:190} INFO - [2024-12-24T20:38:21.276+0000] {dag.py:4180} INFO - Setting next_dagrun for example_sensors to None, run_after=None
[2024-12-24T20:38:21.297+0000] {processor.py:208} INFO - Processing /home/airflow/.local/lib/python3.10/site-packages/airflow/example_dags/example_sensors.py took 0.081 seconds
[2024-12-24T20:38:51.800+0000] {processor.py:186} INFO - Started process (PID=507) to work on /home/airflow/.local/lib/python3.10/site-packages/airflow/example_dags/example_sensors.py
[2024-12-24T20:38:51.801+0000] {processor.py:914} INFO - Processing file /home/airflow/.local/lib/python3.10/site-packages/airflow/example_dags/example_sensors.py for tasks to queue
[2024-12-24T20:38:51.803+0000] {logging_mixin.py:190} INFO - [2024-12-24T20:38:51.803+0000] {dagbag.py:588} INFO - Filling up the DagBag from /home/airflow/.local/lib/python3.10/site-packages/airflow/example_dags/example_sensors.py
[2024-12-24T20:38:51.813+0000] {processor.py:925} INFO - DAG(s) 'example_sensors' retrieved from /home/airflow/.local/lib/python3.10/site-packages/airflow/example_dags/example_sensors.py
[2024-12-24T20:38:51.837+0000] {logging_mixin.py:190} INFO - [2024-12-24T20:38:51.837+0000] {dag.py:3239} INFO - Sync 1 DAGs
[2024-12-24T20:38:51.849+0000] {logging_mixin.py:190} INFO - [2024-12-24T20:38:51.849+0000] {dag.py:4180} INFO - Setting next_dagrun for example_sensors to None, run_after=None
[2024-12-24T20:38:51.865+0000] {processor.py:208} INFO - Processing /home/airflow/.local/lib/python3.10/site-packages/airflow/example_dags/example_sensors.py took 0.071 seconds
[2024-12-24T20:39:22.123+0000] {processor.py:186} INFO - Started process (PID=571) to work on /home/airflow/.local/lib/python3.10/site-packages/airflow/example_dags/example_sensors.py
[2024-12-24T20:39:22.125+0000] {processor.py:914} INFO - Processing file /home/airflow/.local/lib/python3.10/site-packages/airflow/example_dags/example_sensors.py for tasks to queue
[2024-12-24T20:39:22.128+0000] {logging_mixin.py:190} INFO - [2024-12-24T20:39:22.127+0000] {dagbag.py:588} INFO - Filling up the DagBag from /home/airflow/.local/lib/python3.10/site-packages/airflow/example_dags/example_sensors.py
[2024-12-24T20:39:22.141+0000] {processor.py:925} INFO - DAG(s) 'example_sensors' retrieved from /home/airflow/.local/lib/python3.10/site-packages/airflow/example_dags/example_sensors.py
[2024-12-24T20:39:22.168+0000] {logging_mixin.py:190} INFO - [2024-12-24T20:39:22.167+0000] {dag.py:3239} INFO - Sync 1 DAGs
[2024-12-24T20:39:22.182+0000] {logging_mixin.py:190} INFO - [2024-12-24T20:39:22.181+0000] {dag.py:4180} INFO - Setting next_dagrun for example_sensors to None, run_after=None
[2024-12-24T20:39:22.202+0000] {processor.py:208} INFO - Processing /home/airflow/.local/lib/python3.10/site-packages/airflow/example_dags/example_sensors.py took 0.087 seconds
[2024-12-24T20:39:53.292+0000] {processor.py:186} INFO - Started process (PID=636) to work on /home/airflow/.local/lib/python3.10/site-packages/airflow/example_dags/example_sensors.py
[2024-12-24T20:39:53.293+0000] {processor.py:914} INFO - Processing file /home/airflow/.local/lib/python3.10/site-packages/airflow/example_dags/example_sensors.py for tasks to queue
[2024-12-24T20:39:53.296+0000] {logging_mixin.py:190} INFO - [2024-12-24T20:39:53.295+0000] {dagbag.py:588} INFO - Filling up the DagBag from /home/airflow/.local/lib/python3.10/site-packages/airflow/example_dags/example_sensors.py
[2024-12-24T20:39:53.306+0000] {processor.py:925} INFO - DAG(s) 'example_sensors' retrieved from /home/airflow/.local/lib/python3.10/site-packages/airflow/example_dags/example_sensors.py
[2024-12-24T20:39:53.333+0000] {logging_mixin.py:190} INFO - [2024-12-24T20:39:53.332+0000] {dag.py:3239} INFO - Sync 1 DAGs
[2024-12-24T20:39:53.346+0000] {logging_mixin.py:190} INFO - [2024-12-24T20:39:53.346+0000] {dag.py:4180} INFO - Setting next_dagrun for example_sensors to None, run_after=None
[2024-12-24T20:39:53.363+0000] {processor.py:208} INFO - Processing /home/airflow/.local/lib/python3.10/site-packages/airflow/example_dags/example_sensors.py took 0.077 seconds
[2024-12-24T20:40:23.476+0000] {processor.py:186} INFO - Started process (PID=700) to work on /home/airflow/.local/lib/python3.10/site-packages/airflow/example_dags/example_sensors.py
[2024-12-24T20:40:23.477+0000] {processor.py:914} INFO - Processing file /home/airflow/.local/lib/python3.10/site-packages/airflow/example_dags/example_sensors.py for tasks to queue
[2024-12-24T20:40:23.479+0000] {logging_mixin.py:190} INFO - [2024-12-24T20:40:23.479+0000] {dagbag.py:588} INFO - Filling up the DagBag from /home/airflow/.local/lib/python3.10/site-packages/airflow/example_dags/example_sensors.py
[2024-12-24T20:40:23.489+0000] {processor.py:925} INFO - DAG(s) 'example_sensors' retrieved from /home/airflow/.local/lib/python3.10/site-packages/airflow/example_dags/example_sensors.py
[2024-12-24T20:40:23.513+0000] {logging_mixin.py:190} INFO - [2024-12-24T20:40:23.513+0000] {dag.py:3239} INFO - Sync 1 DAGs
[2024-12-24T20:40:23.526+0000] {logging_mixin.py:190} INFO - [2024-12-24T20:40:23.525+0000] {dag.py:4180} INFO - Setting next_dagrun for example_sensors to None, run_after=None
[2024-12-24T20:40:23.542+0000] {processor.py:208} INFO - Processing /home/airflow/.local/lib/python3.10/site-packages/airflow/example_dags/example_sensors.py took 0.072 seconds
[2024-12-24T20:40:53.851+0000] {processor.py:186} INFO - Started process (PID=763) to work on /home/airflow/.local/lib/python3.10/site-packages/airflow/example_dags/example_sensors.py
[2024-12-24T20:40:53.852+0000] {processor.py:914} INFO - Processing file /home/airflow/.local/lib/python3.10/site-packages/airflow/example_dags/example_sensors.py for tasks to queue
[2024-12-24T20:40:53.855+0000] {logging_mixin.py:190} INFO - [2024-12-24T20:40:53.854+0000] {dagbag.py:588} INFO - Filling up the DagBag from /home/airflow/.local/lib/python3.10/site-packages/airflow/example_dags/example_sensors.py
[2024-12-24T20:40:53.866+0000] {processor.py:925} INFO - DAG(s) 'example_sensors' retrieved from /home/airflow/.local/lib/python3.10/site-packages/airflow/example_dags/example_sensors.py
[2024-12-24T20:40:53.889+0000] {logging_mixin.py:190} INFO - [2024-12-24T20:40:53.889+0000] {dag.py:3239} INFO - Sync 1 DAGs
[2024-12-24T20:40:53.904+0000] {logging_mixin.py:190} INFO - [2024-12-24T20:40:53.904+0000] {dag.py:4180} INFO - Setting next_dagrun for example_sensors to None, run_after=None
[2024-12-24T20:40:53.921+0000] {processor.py:208} INFO - Processing /home/airflow/.local/lib/python3.10/site-packages/airflow/example_dags/example_sensors.py took 0.076 seconds
