[2024-12-24T20:01:23.923+0000] {processor.py:186} INFO - Started process (PID=73) to work on /home/airflow/.local/lib/python3.12/site-packages/airflow/example_dags/example_latest_only_with_trigger.py
[2024-12-24T20:01:23.925+0000] {processor.py:914} INFO - Processing file /home/airflow/.local/lib/python3.12/site-packages/airflow/example_dags/example_latest_only_with_trigger.py for tasks to queue
[2024-12-24T20:01:23.941+0000] {logging_mixin.py:190} INFO - [2024-12-24T20:01:23.939+0000] {dagbag.py:588} INFO - Filling up the DagBag from /home/airflow/.local/lib/python3.12/site-packages/airflow/example_dags/example_latest_only_with_trigger.py
[2024-12-24T20:01:23.972+0000] {processor.py:925} INFO - DAG(s) 'latest_only_with_trigger' retrieved from /home/airflow/.local/lib/python3.12/site-packages/airflow/example_dags/example_latest_only_with_trigger.py
[2024-12-24T20:01:24.183+0000] {logging_mixin.py:190} INFO - [2024-12-24T20:01:24.182+0000] {override.py:1911} INFO - Created Permission View: can edit on DAG:latest_only_with_trigger
[2024-12-24T20:01:24.199+0000] {logging_mixin.py:190} INFO - [2024-12-24T20:01:24.199+0000] {override.py:1911} INFO - Created Permission View: can read on DAG:latest_only_with_trigger
[2024-12-24T20:01:24.207+0000] {logging_mixin.py:190} INFO - [2024-12-24T20:01:24.206+0000] {override.py:1911} INFO - Created Permission View: can delete on DAG:latest_only_with_trigger
[2024-12-24T20:01:24.215+0000] {logging_mixin.py:190} INFO - [2024-12-24T20:01:24.215+0000] {override.py:1911} INFO - Created Permission View: menu access on DAG Run:latest_only_with_trigger
[2024-12-24T20:01:24.222+0000] {logging_mixin.py:190} INFO - [2024-12-24T20:01:24.222+0000] {override.py:1911} INFO - Created Permission View: can read on DAG Run:latest_only_with_trigger
[2024-12-24T20:01:24.230+0000] {logging_mixin.py:190} INFO - [2024-12-24T20:01:24.230+0000] {override.py:1911} INFO - Created Permission View: can delete on DAG Run:latest_only_with_trigger
[2024-12-24T20:01:24.238+0000] {logging_mixin.py:190} INFO - [2024-12-24T20:01:24.237+0000] {override.py:1911} INFO - Created Permission View: can create on DAG Run:latest_only_with_trigger
[2024-12-24T20:01:24.239+0000] {logging_mixin.py:190} INFO - [2024-12-24T20:01:24.238+0000] {dag.py:3239} INFO - Sync 1 DAGs
[2024-12-24T20:01:24.260+0000] {logging_mixin.py:190} INFO - [2024-12-24T20:01:24.259+0000] {dag.py:3262} INFO - Creating ORM DAG for latest_only_with_trigger
[2024-12-24T20:01:24.275+0000] {logging_mixin.py:190} INFO - [2024-12-24T20:01:24.275+0000] {dag.py:4180} INFO - Setting next_dagrun for latest_only_with_trigger to 2024-12-24 16:00:00+00:00, run_after=2024-12-24 20:00:00+00:00
[2024-12-24T20:01:24.299+0000] {processor.py:208} INFO - Processing /home/airflow/.local/lib/python3.12/site-packages/airflow/example_dags/example_latest_only_with_trigger.py took 0.405 seconds
[2024-12-24T20:01:54.700+0000] {processor.py:186} INFO - Started process (PID=135) to work on /home/airflow/.local/lib/python3.12/site-packages/airflow/example_dags/example_latest_only_with_trigger.py
[2024-12-24T20:01:54.701+0000] {processor.py:914} INFO - Processing file /home/airflow/.local/lib/python3.12/site-packages/airflow/example_dags/example_latest_only_with_trigger.py for tasks to queue
[2024-12-24T20:01:54.704+0000] {logging_mixin.py:190} INFO - [2024-12-24T20:01:54.703+0000] {dagbag.py:588} INFO - Filling up the DagBag from /home/airflow/.local/lib/python3.12/site-packages/airflow/example_dags/example_latest_only_with_trigger.py
[2024-12-24T20:01:54.713+0000] {processor.py:925} INFO - DAG(s) 'latest_only_with_trigger' retrieved from /home/airflow/.local/lib/python3.12/site-packages/airflow/example_dags/example_latest_only_with_trigger.py
[2024-12-24T20:01:54.735+0000] {logging_mixin.py:190} INFO - [2024-12-24T20:01:54.735+0000] {dag.py:3239} INFO - Sync 1 DAGs
[2024-12-24T20:01:54.758+0000] {logging_mixin.py:190} INFO - [2024-12-24T20:01:54.758+0000] {dag.py:4180} INFO - Setting next_dagrun for latest_only_with_trigger to 2024-12-24 16:00:00+00:00, run_after=2024-12-24 20:00:00+00:00
[2024-12-24T20:01:54.778+0000] {processor.py:208} INFO - Processing /home/airflow/.local/lib/python3.12/site-packages/airflow/example_dags/example_latest_only_with_trigger.py took 0.084 seconds
[2024-12-24T20:02:25.133+0000] {processor.py:186} INFO - Started process (PID=198) to work on /home/airflow/.local/lib/python3.12/site-packages/airflow/example_dags/example_latest_only_with_trigger.py
[2024-12-24T20:02:25.134+0000] {processor.py:914} INFO - Processing file /home/airflow/.local/lib/python3.12/site-packages/airflow/example_dags/example_latest_only_with_trigger.py for tasks to queue
[2024-12-24T20:02:25.136+0000] {logging_mixin.py:190} INFO - [2024-12-24T20:02:25.136+0000] {dagbag.py:588} INFO - Filling up the DagBag from /home/airflow/.local/lib/python3.12/site-packages/airflow/example_dags/example_latest_only_with_trigger.py
[2024-12-24T20:02:25.144+0000] {processor.py:925} INFO - DAG(s) 'latest_only_with_trigger' retrieved from /home/airflow/.local/lib/python3.12/site-packages/airflow/example_dags/example_latest_only_with_trigger.py
[2024-12-24T20:02:25.164+0000] {logging_mixin.py:190} INFO - [2024-12-24T20:02:25.164+0000] {dag.py:3239} INFO - Sync 1 DAGs
[2024-12-24T20:02:25.190+0000] {logging_mixin.py:190} INFO - [2024-12-24T20:02:25.190+0000] {dag.py:4180} INFO - Setting next_dagrun for latest_only_with_trigger to 2024-12-24 16:00:00+00:00, run_after=2024-12-24 20:00:00+00:00
[2024-12-24T20:02:25.213+0000] {processor.py:208} INFO - Processing /home/airflow/.local/lib/python3.12/site-packages/airflow/example_dags/example_latest_only_with_trigger.py took 0.086 seconds
[2024-12-24T20:02:55.425+0000] {processor.py:186} INFO - Started process (PID=261) to work on /home/airflow/.local/lib/python3.12/site-packages/airflow/example_dags/example_latest_only_with_trigger.py
[2024-12-24T20:02:55.426+0000] {processor.py:914} INFO - Processing file /home/airflow/.local/lib/python3.12/site-packages/airflow/example_dags/example_latest_only_with_trigger.py for tasks to queue
[2024-12-24T20:02:55.429+0000] {logging_mixin.py:190} INFO - [2024-12-24T20:02:55.429+0000] {dagbag.py:588} INFO - Filling up the DagBag from /home/airflow/.local/lib/python3.12/site-packages/airflow/example_dags/example_latest_only_with_trigger.py
[2024-12-24T20:02:55.439+0000] {processor.py:925} INFO - DAG(s) 'latest_only_with_trigger' retrieved from /home/airflow/.local/lib/python3.12/site-packages/airflow/example_dags/example_latest_only_with_trigger.py
[2024-12-24T20:02:55.461+0000] {logging_mixin.py:190} INFO - [2024-12-24T20:02:55.461+0000] {dag.py:3239} INFO - Sync 1 DAGs
[2024-12-24T20:02:55.488+0000] {logging_mixin.py:190} INFO - [2024-12-24T20:02:55.487+0000] {dag.py:4180} INFO - Setting next_dagrun for latest_only_with_trigger to 2024-12-24 16:00:00+00:00, run_after=2024-12-24 20:00:00+00:00
[2024-12-24T20:02:55.508+0000] {processor.py:208} INFO - Processing /home/airflow/.local/lib/python3.12/site-packages/airflow/example_dags/example_latest_only_with_trigger.py took 0.092 seconds
[2024-12-24T20:03:25.570+0000] {processor.py:186} INFO - Started process (PID=324) to work on /home/airflow/.local/lib/python3.12/site-packages/airflow/example_dags/example_latest_only_with_trigger.py
[2024-12-24T20:03:25.571+0000] {processor.py:914} INFO - Processing file /home/airflow/.local/lib/python3.12/site-packages/airflow/example_dags/example_latest_only_with_trigger.py for tasks to queue
[2024-12-24T20:03:25.575+0000] {logging_mixin.py:190} INFO - [2024-12-24T20:03:25.574+0000] {dagbag.py:588} INFO - Filling up the DagBag from /home/airflow/.local/lib/python3.12/site-packages/airflow/example_dags/example_latest_only_with_trigger.py
[2024-12-24T20:03:25.585+0000] {processor.py:925} INFO - DAG(s) 'latest_only_with_trigger' retrieved from /home/airflow/.local/lib/python3.12/site-packages/airflow/example_dags/example_latest_only_with_trigger.py
[2024-12-24T20:03:25.610+0000] {logging_mixin.py:190} INFO - [2024-12-24T20:03:25.610+0000] {dag.py:3239} INFO - Sync 1 DAGs
[2024-12-24T20:03:25.640+0000] {logging_mixin.py:190} INFO - [2024-12-24T20:03:25.640+0000] {dag.py:4180} INFO - Setting next_dagrun for latest_only_with_trigger to 2024-12-24 16:00:00+00:00, run_after=2024-12-24 20:00:00+00:00
[2024-12-24T20:03:25.665+0000] {processor.py:208} INFO - Processing /home/airflow/.local/lib/python3.12/site-packages/airflow/example_dags/example_latest_only_with_trigger.py took 0.101 seconds
[2024-12-24T20:03:56.273+0000] {processor.py:186} INFO - Started process (PID=387) to work on /home/airflow/.local/lib/python3.12/site-packages/airflow/example_dags/example_latest_only_with_trigger.py
[2024-12-24T20:03:56.274+0000] {processor.py:914} INFO - Processing file /home/airflow/.local/lib/python3.12/site-packages/airflow/example_dags/example_latest_only_with_trigger.py for tasks to queue
[2024-12-24T20:03:56.277+0000] {logging_mixin.py:190} INFO - [2024-12-24T20:03:56.277+0000] {dagbag.py:588} INFO - Filling up the DagBag from /home/airflow/.local/lib/python3.12/site-packages/airflow/example_dags/example_latest_only_with_trigger.py
[2024-12-24T20:03:56.286+0000] {processor.py:925} INFO - DAG(s) 'latest_only_with_trigger' retrieved from /home/airflow/.local/lib/python3.12/site-packages/airflow/example_dags/example_latest_only_with_trigger.py
[2024-12-24T20:03:56.310+0000] {logging_mixin.py:190} INFO - [2024-12-24T20:03:56.310+0000] {dag.py:3239} INFO - Sync 1 DAGs
[2024-12-24T20:03:56.338+0000] {logging_mixin.py:190} INFO - [2024-12-24T20:03:56.337+0000] {dag.py:4180} INFO - Setting next_dagrun for latest_only_with_trigger to 2024-12-24 16:00:00+00:00, run_after=2024-12-24 20:00:00+00:00
[2024-12-24T20:03:56.366+0000] {processor.py:208} INFO - Processing /home/airflow/.local/lib/python3.12/site-packages/airflow/example_dags/example_latest_only_with_trigger.py took 0.098 seconds
[2024-12-24T20:04:26.718+0000] {processor.py:186} INFO - Started process (PID=450) to work on /home/airflow/.local/lib/python3.12/site-packages/airflow/example_dags/example_latest_only_with_trigger.py
[2024-12-24T20:04:26.719+0000] {processor.py:914} INFO - Processing file /home/airflow/.local/lib/python3.12/site-packages/airflow/example_dags/example_latest_only_with_trigger.py for tasks to queue
[2024-12-24T20:04:26.722+0000] {logging_mixin.py:190} INFO - [2024-12-24T20:04:26.722+0000] {dagbag.py:588} INFO - Filling up the DagBag from /home/airflow/.local/lib/python3.12/site-packages/airflow/example_dags/example_latest_only_with_trigger.py
[2024-12-24T20:04:26.729+0000] {processor.py:925} INFO - DAG(s) 'latest_only_with_trigger' retrieved from /home/airflow/.local/lib/python3.12/site-packages/airflow/example_dags/example_latest_only_with_trigger.py
[2024-12-24T20:04:26.749+0000] {logging_mixin.py:190} INFO - [2024-12-24T20:04:26.749+0000] {dag.py:3239} INFO - Sync 1 DAGs
[2024-12-24T20:04:26.772+0000] {logging_mixin.py:190} INFO - [2024-12-24T20:04:26.772+0000] {dag.py:4180} INFO - Setting next_dagrun for latest_only_with_trigger to 2024-12-24 16:00:00+00:00, run_after=2024-12-24 20:00:00+00:00
[2024-12-24T20:04:26.790+0000] {processor.py:208} INFO - Processing /home/airflow/.local/lib/python3.12/site-packages/airflow/example_dags/example_latest_only_with_trigger.py took 0.078 seconds
[2024-12-24T20:04:57.308+0000] {processor.py:186} INFO - Started process (PID=513) to work on /home/airflow/.local/lib/python3.12/site-packages/airflow/example_dags/example_latest_only_with_trigger.py
[2024-12-24T20:04:57.309+0000] {processor.py:914} INFO - Processing file /home/airflow/.local/lib/python3.12/site-packages/airflow/example_dags/example_latest_only_with_trigger.py for tasks to queue
[2024-12-24T20:04:57.312+0000] {logging_mixin.py:190} INFO - [2024-12-24T20:04:57.311+0000] {dagbag.py:588} INFO - Filling up the DagBag from /home/airflow/.local/lib/python3.12/site-packages/airflow/example_dags/example_latest_only_with_trigger.py
[2024-12-24T20:04:57.322+0000] {processor.py:925} INFO - DAG(s) 'latest_only_with_trigger' retrieved from /home/airflow/.local/lib/python3.12/site-packages/airflow/example_dags/example_latest_only_with_trigger.py
[2024-12-24T20:04:57.350+0000] {logging_mixin.py:190} INFO - [2024-12-24T20:04:57.350+0000] {dag.py:3239} INFO - Sync 1 DAGs
[2024-12-24T20:04:57.381+0000] {logging_mixin.py:190} INFO - [2024-12-24T20:04:57.381+0000] {dag.py:4180} INFO - Setting next_dagrun for latest_only_with_trigger to 2024-12-24 16:00:00+00:00, run_after=2024-12-24 20:00:00+00:00
[2024-12-24T20:04:57.404+0000] {processor.py:208} INFO - Processing /home/airflow/.local/lib/python3.12/site-packages/airflow/example_dags/example_latest_only_with_trigger.py took 0.102 seconds
[2024-12-24T20:05:27.719+0000] {processor.py:186} INFO - Started process (PID=576) to work on /home/airflow/.local/lib/python3.12/site-packages/airflow/example_dags/example_latest_only_with_trigger.py
[2024-12-24T20:05:27.721+0000] {processor.py:914} INFO - Processing file /home/airflow/.local/lib/python3.12/site-packages/airflow/example_dags/example_latest_only_with_trigger.py for tasks to queue
[2024-12-24T20:05:27.723+0000] {logging_mixin.py:190} INFO - [2024-12-24T20:05:27.723+0000] {dagbag.py:588} INFO - Filling up the DagBag from /home/airflow/.local/lib/python3.12/site-packages/airflow/example_dags/example_latest_only_with_trigger.py
[2024-12-24T20:05:27.731+0000] {processor.py:925} INFO - DAG(s) 'latest_only_with_trigger' retrieved from /home/airflow/.local/lib/python3.12/site-packages/airflow/example_dags/example_latest_only_with_trigger.py
[2024-12-24T20:05:27.750+0000] {logging_mixin.py:190} INFO - [2024-12-24T20:05:27.750+0000] {dag.py:3239} INFO - Sync 1 DAGs
[2024-12-24T20:05:27.772+0000] {logging_mixin.py:190} INFO - [2024-12-24T20:05:27.772+0000] {dag.py:4180} INFO - Setting next_dagrun for latest_only_with_trigger to 2024-12-24 16:00:00+00:00, run_after=2024-12-24 20:00:00+00:00
[2024-12-24T20:05:27.790+0000] {processor.py:208} INFO - Processing /home/airflow/.local/lib/python3.12/site-packages/airflow/example_dags/example_latest_only_with_trigger.py took 0.076 seconds
[2024-12-24T20:05:58.126+0000] {processor.py:186} INFO - Started process (PID=640) to work on /home/airflow/.local/lib/python3.12/site-packages/airflow/example_dags/example_latest_only_with_trigger.py
[2024-12-24T20:05:58.128+0000] {processor.py:914} INFO - Processing file /home/airflow/.local/lib/python3.12/site-packages/airflow/example_dags/example_latest_only_with_trigger.py for tasks to queue
[2024-12-24T20:05:58.130+0000] {logging_mixin.py:190} INFO - [2024-12-24T20:05:58.130+0000] {dagbag.py:588} INFO - Filling up the DagBag from /home/airflow/.local/lib/python3.12/site-packages/airflow/example_dags/example_latest_only_with_trigger.py
[2024-12-24T20:05:58.138+0000] {processor.py:925} INFO - DAG(s) 'latest_only_with_trigger' retrieved from /home/airflow/.local/lib/python3.12/site-packages/airflow/example_dags/example_latest_only_with_trigger.py
[2024-12-24T20:05:58.158+0000] {logging_mixin.py:190} INFO - [2024-12-24T20:05:58.158+0000] {dag.py:3239} INFO - Sync 1 DAGs
[2024-12-24T20:05:58.180+0000] {logging_mixin.py:190} INFO - [2024-12-24T20:05:58.180+0000] {dag.py:4180} INFO - Setting next_dagrun for latest_only_with_trigger to 2024-12-24 16:00:00+00:00, run_after=2024-12-24 20:00:00+00:00
[2024-12-24T20:05:58.196+0000] {processor.py:208} INFO - Processing /home/airflow/.local/lib/python3.12/site-packages/airflow/example_dags/example_latest_only_with_trigger.py took 0.076 seconds
[2024-12-24T20:06:28.286+0000] {processor.py:186} INFO - Started process (PID=703) to work on /home/airflow/.local/lib/python3.12/site-packages/airflow/example_dags/example_latest_only_with_trigger.py
[2024-12-24T20:06:28.287+0000] {processor.py:914} INFO - Processing file /home/airflow/.local/lib/python3.12/site-packages/airflow/example_dags/example_latest_only_with_trigger.py for tasks to queue
[2024-12-24T20:06:28.290+0000] {logging_mixin.py:190} INFO - [2024-12-24T20:06:28.290+0000] {dagbag.py:588} INFO - Filling up the DagBag from /home/airflow/.local/lib/python3.12/site-packages/airflow/example_dags/example_latest_only_with_trigger.py
[2024-12-24T20:06:28.298+0000] {processor.py:925} INFO - DAG(s) 'latest_only_with_trigger' retrieved from /home/airflow/.local/lib/python3.12/site-packages/airflow/example_dags/example_latest_only_with_trigger.py
[2024-12-24T20:06:28.321+0000] {logging_mixin.py:190} INFO - [2024-12-24T20:06:28.320+0000] {dag.py:3239} INFO - Sync 1 DAGs
[2024-12-24T20:06:28.344+0000] {logging_mixin.py:190} INFO - [2024-12-24T20:06:28.343+0000] {dag.py:4180} INFO - Setting next_dagrun for latest_only_with_trigger to 2024-12-24 16:00:00+00:00, run_after=2024-12-24 20:00:00+00:00
[2024-12-24T20:06:28.366+0000] {processor.py:208} INFO - Processing /home/airflow/.local/lib/python3.12/site-packages/airflow/example_dags/example_latest_only_with_trigger.py took 0.085 seconds
[2024-12-24T20:06:58.717+0000] {processor.py:186} INFO - Started process (PID=766) to work on /home/airflow/.local/lib/python3.12/site-packages/airflow/example_dags/example_latest_only_with_trigger.py
[2024-12-24T20:06:58.718+0000] {processor.py:914} INFO - Processing file /home/airflow/.local/lib/python3.12/site-packages/airflow/example_dags/example_latest_only_with_trigger.py for tasks to queue
[2024-12-24T20:06:58.720+0000] {logging_mixin.py:190} INFO - [2024-12-24T20:06:58.720+0000] {dagbag.py:588} INFO - Filling up the DagBag from /home/airflow/.local/lib/python3.12/site-packages/airflow/example_dags/example_latest_only_with_trigger.py
[2024-12-24T20:06:58.727+0000] {processor.py:925} INFO - DAG(s) 'latest_only_with_trigger' retrieved from /home/airflow/.local/lib/python3.12/site-packages/airflow/example_dags/example_latest_only_with_trigger.py
[2024-12-24T20:06:58.748+0000] {logging_mixin.py:190} INFO - [2024-12-24T20:06:58.747+0000] {dag.py:3239} INFO - Sync 1 DAGs
[2024-12-24T20:06:58.767+0000] {logging_mixin.py:190} INFO - [2024-12-24T20:06:58.767+0000] {dag.py:4180} INFO - Setting next_dagrun for latest_only_with_trigger to 2024-12-24 16:00:00+00:00, run_after=2024-12-24 20:00:00+00:00
[2024-12-24T20:06:58.785+0000] {processor.py:208} INFO - Processing /home/airflow/.local/lib/python3.12/site-packages/airflow/example_dags/example_latest_only_with_trigger.py took 0.073 seconds
[2024-12-24T20:07:29.572+0000] {processor.py:186} INFO - Started process (PID=829) to work on /home/airflow/.local/lib/python3.12/site-packages/airflow/example_dags/example_latest_only_with_trigger.py
[2024-12-24T20:07:29.573+0000] {processor.py:914} INFO - Processing file /home/airflow/.local/lib/python3.12/site-packages/airflow/example_dags/example_latest_only_with_trigger.py for tasks to queue
[2024-12-24T20:07:29.575+0000] {logging_mixin.py:190} INFO - [2024-12-24T20:07:29.575+0000] {dagbag.py:588} INFO - Filling up the DagBag from /home/airflow/.local/lib/python3.12/site-packages/airflow/example_dags/example_latest_only_with_trigger.py
[2024-12-24T20:07:29.583+0000] {processor.py:925} INFO - DAG(s) 'latest_only_with_trigger' retrieved from /home/airflow/.local/lib/python3.12/site-packages/airflow/example_dags/example_latest_only_with_trigger.py
[2024-12-24T20:07:29.605+0000] {logging_mixin.py:190} INFO - [2024-12-24T20:07:29.604+0000] {dag.py:3239} INFO - Sync 1 DAGs
[2024-12-24T20:07:29.626+0000] {logging_mixin.py:190} INFO - [2024-12-24T20:07:29.625+0000] {dag.py:4180} INFO - Setting next_dagrun for latest_only_with_trigger to 2024-12-24 16:00:00+00:00, run_after=2024-12-24 20:00:00+00:00
[2024-12-24T20:07:29.644+0000] {processor.py:208} INFO - Processing /home/airflow/.local/lib/python3.12/site-packages/airflow/example_dags/example_latest_only_with_trigger.py took 0.077 seconds
[2024-12-24T20:08:00.109+0000] {processor.py:186} INFO - Started process (PID=892) to work on /home/airflow/.local/lib/python3.12/site-packages/airflow/example_dags/example_latest_only_with_trigger.py
[2024-12-24T20:08:00.111+0000] {processor.py:914} INFO - Processing file /home/airflow/.local/lib/python3.12/site-packages/airflow/example_dags/example_latest_only_with_trigger.py for tasks to queue
[2024-12-24T20:08:00.113+0000] {logging_mixin.py:190} INFO - [2024-12-24T20:08:00.113+0000] {dagbag.py:588} INFO - Filling up the DagBag from /home/airflow/.local/lib/python3.12/site-packages/airflow/example_dags/example_latest_only_with_trigger.py
[2024-12-24T20:08:00.122+0000] {processor.py:925} INFO - DAG(s) 'latest_only_with_trigger' retrieved from /home/airflow/.local/lib/python3.12/site-packages/airflow/example_dags/example_latest_only_with_trigger.py
[2024-12-24T20:08:00.148+0000] {logging_mixin.py:190} INFO - [2024-12-24T20:08:00.148+0000] {dag.py:3239} INFO - Sync 1 DAGs
[2024-12-24T20:08:00.176+0000] {logging_mixin.py:190} INFO - [2024-12-24T20:08:00.176+0000] {dag.py:4180} INFO - Setting next_dagrun for latest_only_with_trigger to 2024-12-24 16:00:00+00:00, run_after=2024-12-24 20:00:00+00:00
[2024-12-24T20:08:00.203+0000] {processor.py:208} INFO - Processing /home/airflow/.local/lib/python3.12/site-packages/airflow/example_dags/example_latest_only_with_trigger.py took 0.100 seconds
[2024-12-24T20:08:30.777+0000] {processor.py:186} INFO - Started process (PID=955) to work on /home/airflow/.local/lib/python3.12/site-packages/airflow/example_dags/example_latest_only_with_trigger.py
[2024-12-24T20:08:30.778+0000] {processor.py:914} INFO - Processing file /home/airflow/.local/lib/python3.12/site-packages/airflow/example_dags/example_latest_only_with_trigger.py for tasks to queue
[2024-12-24T20:08:30.780+0000] {logging_mixin.py:190} INFO - [2024-12-24T20:08:30.780+0000] {dagbag.py:588} INFO - Filling up the DagBag from /home/airflow/.local/lib/python3.12/site-packages/airflow/example_dags/example_latest_only_with_trigger.py
[2024-12-24T20:08:30.787+0000] {processor.py:925} INFO - DAG(s) 'latest_only_with_trigger' retrieved from /home/airflow/.local/lib/python3.12/site-packages/airflow/example_dags/example_latest_only_with_trigger.py
[2024-12-24T20:08:30.809+0000] {logging_mixin.py:190} INFO - [2024-12-24T20:08:30.809+0000] {dag.py:3239} INFO - Sync 1 DAGs
[2024-12-24T20:08:30.831+0000] {logging_mixin.py:190} INFO - [2024-12-24T20:08:30.831+0000] {dag.py:4180} INFO - Setting next_dagrun for latest_only_with_trigger to 2024-12-24 16:00:00+00:00, run_after=2024-12-24 20:00:00+00:00
[2024-12-24T20:08:30.850+0000] {processor.py:208} INFO - Processing /home/airflow/.local/lib/python3.12/site-packages/airflow/example_dags/example_latest_only_with_trigger.py took 0.079 seconds
[2024-12-24T20:09:01.598+0000] {processor.py:186} INFO - Started process (PID=1018) to work on /home/airflow/.local/lib/python3.12/site-packages/airflow/example_dags/example_latest_only_with_trigger.py
[2024-12-24T20:09:01.600+0000] {processor.py:914} INFO - Processing file /home/airflow/.local/lib/python3.12/site-packages/airflow/example_dags/example_latest_only_with_trigger.py for tasks to queue
[2024-12-24T20:09:01.604+0000] {logging_mixin.py:190} INFO - [2024-12-24T20:09:01.603+0000] {dagbag.py:588} INFO - Filling up the DagBag from /home/airflow/.local/lib/python3.12/site-packages/airflow/example_dags/example_latest_only_with_trigger.py
[2024-12-24T20:09:01.612+0000] {processor.py:925} INFO - DAG(s) 'latest_only_with_trigger' retrieved from /home/airflow/.local/lib/python3.12/site-packages/airflow/example_dags/example_latest_only_with_trigger.py
[2024-12-24T20:09:01.634+0000] {logging_mixin.py:190} INFO - [2024-12-24T20:09:01.634+0000] {dag.py:3239} INFO - Sync 1 DAGs
[2024-12-24T20:09:01.656+0000] {logging_mixin.py:190} INFO - [2024-12-24T20:09:01.656+0000] {dag.py:4180} INFO - Setting next_dagrun for latest_only_with_trigger to 2024-12-24 16:00:00+00:00, run_after=2024-12-24 20:00:00+00:00
[2024-12-24T20:09:01.676+0000] {processor.py:208} INFO - Processing /home/airflow/.local/lib/python3.12/site-packages/airflow/example_dags/example_latest_only_with_trigger.py took 0.083 seconds
[2024-12-24T20:09:32.563+0000] {processor.py:186} INFO - Started process (PID=1081) to work on /home/airflow/.local/lib/python3.12/site-packages/airflow/example_dags/example_latest_only_with_trigger.py
[2024-12-24T20:09:32.565+0000] {processor.py:914} INFO - Processing file /home/airflow/.local/lib/python3.12/site-packages/airflow/example_dags/example_latest_only_with_trigger.py for tasks to queue
[2024-12-24T20:09:32.567+0000] {logging_mixin.py:190} INFO - [2024-12-24T20:09:32.567+0000] {dagbag.py:588} INFO - Filling up the DagBag from /home/airflow/.local/lib/python3.12/site-packages/airflow/example_dags/example_latest_only_with_trigger.py
[2024-12-24T20:09:32.574+0000] {processor.py:925} INFO - DAG(s) 'latest_only_with_trigger' retrieved from /home/airflow/.local/lib/python3.12/site-packages/airflow/example_dags/example_latest_only_with_trigger.py
[2024-12-24T20:09:32.594+0000] {logging_mixin.py:190} INFO - [2024-12-24T20:09:32.594+0000] {dag.py:3239} INFO - Sync 1 DAGs
[2024-12-24T20:09:32.616+0000] {logging_mixin.py:190} INFO - [2024-12-24T20:09:32.616+0000] {dag.py:4180} INFO - Setting next_dagrun for latest_only_with_trigger to 2024-12-24 16:00:00+00:00, run_after=2024-12-24 20:00:00+00:00
[2024-12-24T20:09:32.636+0000] {processor.py:208} INFO - Processing /home/airflow/.local/lib/python3.12/site-packages/airflow/example_dags/example_latest_only_with_trigger.py took 0.078 seconds
[2024-12-24T20:10:03.452+0000] {processor.py:186} INFO - Started process (PID=1144) to work on /home/airflow/.local/lib/python3.12/site-packages/airflow/example_dags/example_latest_only_with_trigger.py
[2024-12-24T20:10:03.454+0000] {processor.py:914} INFO - Processing file /home/airflow/.local/lib/python3.12/site-packages/airflow/example_dags/example_latest_only_with_trigger.py for tasks to queue
[2024-12-24T20:10:03.457+0000] {logging_mixin.py:190} INFO - [2024-12-24T20:10:03.456+0000] {dagbag.py:588} INFO - Filling up the DagBag from /home/airflow/.local/lib/python3.12/site-packages/airflow/example_dags/example_latest_only_with_trigger.py
[2024-12-24T20:10:03.463+0000] {processor.py:925} INFO - DAG(s) 'latest_only_with_trigger' retrieved from /home/airflow/.local/lib/python3.12/site-packages/airflow/example_dags/example_latest_only_with_trigger.py
[2024-12-24T20:10:03.480+0000] {logging_mixin.py:190} INFO - [2024-12-24T20:10:03.480+0000] {dag.py:3239} INFO - Sync 1 DAGs
[2024-12-24T20:10:03.499+0000] {logging_mixin.py:190} INFO - [2024-12-24T20:10:03.498+0000] {dag.py:4180} INFO - Setting next_dagrun for latest_only_with_trigger to 2024-12-24 16:00:00+00:00, run_after=2024-12-24 20:00:00+00:00
[2024-12-24T20:10:03.513+0000] {processor.py:208} INFO - Processing /home/airflow/.local/lib/python3.12/site-packages/airflow/example_dags/example_latest_only_with_trigger.py took 0.068 seconds
[2024-12-24T20:10:34.099+0000] {processor.py:186} INFO - Started process (PID=1207) to work on /home/airflow/.local/lib/python3.12/site-packages/airflow/example_dags/example_latest_only_with_trigger.py
[2024-12-24T20:10:34.100+0000] {processor.py:914} INFO - Processing file /home/airflow/.local/lib/python3.12/site-packages/airflow/example_dags/example_latest_only_with_trigger.py for tasks to queue
[2024-12-24T20:10:34.103+0000] {logging_mixin.py:190} INFO - [2024-12-24T20:10:34.102+0000] {dagbag.py:588} INFO - Filling up the DagBag from /home/airflow/.local/lib/python3.12/site-packages/airflow/example_dags/example_latest_only_with_trigger.py
[2024-12-24T20:10:34.109+0000] {processor.py:925} INFO - DAG(s) 'latest_only_with_trigger' retrieved from /home/airflow/.local/lib/python3.12/site-packages/airflow/example_dags/example_latest_only_with_trigger.py
[2024-12-24T20:10:34.127+0000] {logging_mixin.py:190} INFO - [2024-12-24T20:10:34.127+0000] {dag.py:3239} INFO - Sync 1 DAGs
[2024-12-24T20:10:34.149+0000] {logging_mixin.py:190} INFO - [2024-12-24T20:10:34.149+0000] {dag.py:4180} INFO - Setting next_dagrun for latest_only_with_trigger to 2024-12-24 16:00:00+00:00, run_after=2024-12-24 20:00:00+00:00
[2024-12-24T20:10:34.165+0000] {processor.py:208} INFO - Processing /home/airflow/.local/lib/python3.12/site-packages/airflow/example_dags/example_latest_only_with_trigger.py took 0.072 seconds
[2024-12-24T20:11:04.299+0000] {processor.py:186} INFO - Started process (PID=1270) to work on /home/airflow/.local/lib/python3.12/site-packages/airflow/example_dags/example_latest_only_with_trigger.py
[2024-12-24T20:11:04.300+0000] {processor.py:914} INFO - Processing file /home/airflow/.local/lib/python3.12/site-packages/airflow/example_dags/example_latest_only_with_trigger.py for tasks to queue
[2024-12-24T20:11:04.302+0000] {logging_mixin.py:190} INFO - [2024-12-24T20:11:04.302+0000] {dagbag.py:588} INFO - Filling up the DagBag from /home/airflow/.local/lib/python3.12/site-packages/airflow/example_dags/example_latest_only_with_trigger.py
[2024-12-24T20:11:04.309+0000] {processor.py:925} INFO - DAG(s) 'latest_only_with_trigger' retrieved from /home/airflow/.local/lib/python3.12/site-packages/airflow/example_dags/example_latest_only_with_trigger.py
[2024-12-24T20:11:04.326+0000] {logging_mixin.py:190} INFO - [2024-12-24T20:11:04.326+0000] {dag.py:3239} INFO - Sync 1 DAGs
[2024-12-24T20:11:04.347+0000] {logging_mixin.py:190} INFO - [2024-12-24T20:11:04.347+0000] {dag.py:4180} INFO - Setting next_dagrun for latest_only_with_trigger to 2024-12-24 16:00:00+00:00, run_after=2024-12-24 20:00:00+00:00
[2024-12-24T20:11:04.364+0000] {processor.py:208} INFO - Processing /home/airflow/.local/lib/python3.12/site-packages/airflow/example_dags/example_latest_only_with_trigger.py took 0.070 seconds
[2024-12-24T20:11:34.452+0000] {processor.py:186} INFO - Started process (PID=1334) to work on /home/airflow/.local/lib/python3.12/site-packages/airflow/example_dags/example_latest_only_with_trigger.py
[2024-12-24T20:11:34.453+0000] {processor.py:914} INFO - Processing file /home/airflow/.local/lib/python3.12/site-packages/airflow/example_dags/example_latest_only_with_trigger.py for tasks to queue
[2024-12-24T20:11:34.454+0000] {logging_mixin.py:190} INFO - [2024-12-24T20:11:34.454+0000] {dagbag.py:588} INFO - Filling up the DagBag from /home/airflow/.local/lib/python3.12/site-packages/airflow/example_dags/example_latest_only_with_trigger.py
[2024-12-24T20:11:34.461+0000] {processor.py:925} INFO - DAG(s) 'latest_only_with_trigger' retrieved from /home/airflow/.local/lib/python3.12/site-packages/airflow/example_dags/example_latest_only_with_trigger.py
[2024-12-24T20:11:34.479+0000] {logging_mixin.py:190} INFO - [2024-12-24T20:11:34.479+0000] {dag.py:3239} INFO - Sync 1 DAGs
[2024-12-24T20:11:34.498+0000] {logging_mixin.py:190} INFO - [2024-12-24T20:11:34.498+0000] {dag.py:4180} INFO - Setting next_dagrun for latest_only_with_trigger to 2024-12-24 16:00:00+00:00, run_after=2024-12-24 20:00:00+00:00
[2024-12-24T20:11:34.513+0000] {processor.py:208} INFO - Processing /home/airflow/.local/lib/python3.12/site-packages/airflow/example_dags/example_latest_only_with_trigger.py took 0.066 seconds
[2024-12-24T20:12:04.977+0000] {processor.py:186} INFO - Started process (PID=1398) to work on /home/airflow/.local/lib/python3.12/site-packages/airflow/example_dags/example_latest_only_with_trigger.py
[2024-12-24T20:12:04.978+0000] {processor.py:914} INFO - Processing file /home/airflow/.local/lib/python3.12/site-packages/airflow/example_dags/example_latest_only_with_trigger.py for tasks to queue
[2024-12-24T20:12:04.980+0000] {logging_mixin.py:190} INFO - [2024-12-24T20:12:04.980+0000] {dagbag.py:588} INFO - Filling up the DagBag from /home/airflow/.local/lib/python3.12/site-packages/airflow/example_dags/example_latest_only_with_trigger.py
[2024-12-24T20:12:04.992+0000] {processor.py:925} INFO - DAG(s) 'latest_only_with_trigger' retrieved from /home/airflow/.local/lib/python3.12/site-packages/airflow/example_dags/example_latest_only_with_trigger.py
[2024-12-24T20:12:05.014+0000] {logging_mixin.py:190} INFO - [2024-12-24T20:12:05.013+0000] {dag.py:3239} INFO - Sync 1 DAGs
[2024-12-24T20:12:05.040+0000] {logging_mixin.py:190} INFO - [2024-12-24T20:12:05.039+0000] {dag.py:4180} INFO - Setting next_dagrun for latest_only_with_trigger to 2024-12-24 16:00:00+00:00, run_after=2024-12-24 20:00:00+00:00
[2024-12-24T20:12:05.062+0000] {processor.py:208} INFO - Processing /home/airflow/.local/lib/python3.12/site-packages/airflow/example_dags/example_latest_only_with_trigger.py took 0.092 seconds
[2024-12-24T20:12:35.358+0000] {processor.py:186} INFO - Started process (PID=1462) to work on /home/airflow/.local/lib/python3.12/site-packages/airflow/example_dags/example_latest_only_with_trigger.py
[2024-12-24T20:12:35.359+0000] {processor.py:914} INFO - Processing file /home/airflow/.local/lib/python3.12/site-packages/airflow/example_dags/example_latest_only_with_trigger.py for tasks to queue
[2024-12-24T20:12:35.361+0000] {logging_mixin.py:190} INFO - [2024-12-24T20:12:35.361+0000] {dagbag.py:588} INFO - Filling up the DagBag from /home/airflow/.local/lib/python3.12/site-packages/airflow/example_dags/example_latest_only_with_trigger.py
[2024-12-24T20:12:35.370+0000] {processor.py:925} INFO - DAG(s) 'latest_only_with_trigger' retrieved from /home/airflow/.local/lib/python3.12/site-packages/airflow/example_dags/example_latest_only_with_trigger.py
[2024-12-24T20:12:35.393+0000] {logging_mixin.py:190} INFO - [2024-12-24T20:12:35.393+0000] {dag.py:3239} INFO - Sync 1 DAGs
[2024-12-24T20:12:35.423+0000] {logging_mixin.py:190} INFO - [2024-12-24T20:12:35.423+0000] {dag.py:4180} INFO - Setting next_dagrun for latest_only_with_trigger to 2024-12-24 16:00:00+00:00, run_after=2024-12-24 20:00:00+00:00
[2024-12-24T20:12:35.444+0000] {processor.py:208} INFO - Processing /home/airflow/.local/lib/python3.12/site-packages/airflow/example_dags/example_latest_only_with_trigger.py took 0.091 seconds
[2024-12-24T20:13:05.877+0000] {processor.py:186} INFO - Started process (PID=1526) to work on /home/airflow/.local/lib/python3.12/site-packages/airflow/example_dags/example_latest_only_with_trigger.py
[2024-12-24T20:13:05.878+0000] {processor.py:914} INFO - Processing file /home/airflow/.local/lib/python3.12/site-packages/airflow/example_dags/example_latest_only_with_trigger.py for tasks to queue
[2024-12-24T20:13:05.880+0000] {logging_mixin.py:190} INFO - [2024-12-24T20:13:05.879+0000] {dagbag.py:588} INFO - Filling up the DagBag from /home/airflow/.local/lib/python3.12/site-packages/airflow/example_dags/example_latest_only_with_trigger.py
[2024-12-24T20:13:05.887+0000] {processor.py:925} INFO - DAG(s) 'latest_only_with_trigger' retrieved from /home/airflow/.local/lib/python3.12/site-packages/airflow/example_dags/example_latest_only_with_trigger.py
[2024-12-24T20:13:05.904+0000] {logging_mixin.py:190} INFO - [2024-12-24T20:13:05.904+0000] {dag.py:3239} INFO - Sync 1 DAGs
[2024-12-24T20:13:05.923+0000] {logging_mixin.py:190} INFO - [2024-12-24T20:13:05.922+0000] {dag.py:4180} INFO - Setting next_dagrun for latest_only_with_trigger to 2024-12-24 16:00:00+00:00, run_after=2024-12-24 20:00:00+00:00
[2024-12-24T20:13:05.940+0000] {processor.py:208} INFO - Processing /home/airflow/.local/lib/python3.12/site-packages/airflow/example_dags/example_latest_only_with_trigger.py took 0.067 seconds
[2024-12-24T20:13:36.155+0000] {processor.py:186} INFO - Started process (PID=1590) to work on /home/airflow/.local/lib/python3.12/site-packages/airflow/example_dags/example_latest_only_with_trigger.py
[2024-12-24T20:13:36.156+0000] {processor.py:914} INFO - Processing file /home/airflow/.local/lib/python3.12/site-packages/airflow/example_dags/example_latest_only_with_trigger.py for tasks to queue
[2024-12-24T20:13:36.157+0000] {logging_mixin.py:190} INFO - [2024-12-24T20:13:36.157+0000] {dagbag.py:588} INFO - Filling up the DagBag from /home/airflow/.local/lib/python3.12/site-packages/airflow/example_dags/example_latest_only_with_trigger.py
[2024-12-24T20:13:36.165+0000] {processor.py:925} INFO - DAG(s) 'latest_only_with_trigger' retrieved from /home/airflow/.local/lib/python3.12/site-packages/airflow/example_dags/example_latest_only_with_trigger.py
[2024-12-24T20:13:36.182+0000] {logging_mixin.py:190} INFO - [2024-12-24T20:13:36.181+0000] {dag.py:3239} INFO - Sync 1 DAGs
[2024-12-24T20:13:36.201+0000] {logging_mixin.py:190} INFO - [2024-12-24T20:13:36.200+0000] {dag.py:4180} INFO - Setting next_dagrun for latest_only_with_trigger to 2024-12-24 16:00:00+00:00, run_after=2024-12-24 20:00:00+00:00
[2024-12-24T20:13:36.216+0000] {processor.py:208} INFO - Processing /home/airflow/.local/lib/python3.12/site-packages/airflow/example_dags/example_latest_only_with_trigger.py took 0.067 seconds
[2024-12-24T20:14:06.440+0000] {processor.py:186} INFO - Started process (PID=1654) to work on /home/airflow/.local/lib/python3.12/site-packages/airflow/example_dags/example_latest_only_with_trigger.py
[2024-12-24T20:14:06.441+0000] {processor.py:914} INFO - Processing file /home/airflow/.local/lib/python3.12/site-packages/airflow/example_dags/example_latest_only_with_trigger.py for tasks to queue
[2024-12-24T20:14:06.443+0000] {logging_mixin.py:190} INFO - [2024-12-24T20:14:06.442+0000] {dagbag.py:588} INFO - Filling up the DagBag from /home/airflow/.local/lib/python3.12/site-packages/airflow/example_dags/example_latest_only_with_trigger.py
[2024-12-24T20:14:06.452+0000] {processor.py:925} INFO - DAG(s) 'latest_only_with_trigger' retrieved from /home/airflow/.local/lib/python3.12/site-packages/airflow/example_dags/example_latest_only_with_trigger.py
[2024-12-24T20:14:06.471+0000] {logging_mixin.py:190} INFO - [2024-12-24T20:14:06.470+0000] {dag.py:3239} INFO - Sync 1 DAGs
[2024-12-24T20:14:06.491+0000] {logging_mixin.py:190} INFO - [2024-12-24T20:14:06.491+0000] {dag.py:4180} INFO - Setting next_dagrun for latest_only_with_trigger to 2024-12-24 16:00:00+00:00, run_after=2024-12-24 20:00:00+00:00
[2024-12-24T20:14:06.508+0000] {processor.py:208} INFO - Processing /home/airflow/.local/lib/python3.12/site-packages/airflow/example_dags/example_latest_only_with_trigger.py took 0.072 seconds
[2024-12-24T20:14:36.645+0000] {processor.py:186} INFO - Started process (PID=1718) to work on /home/airflow/.local/lib/python3.12/site-packages/airflow/example_dags/example_latest_only_with_trigger.py
[2024-12-24T20:14:36.646+0000] {processor.py:914} INFO - Processing file /home/airflow/.local/lib/python3.12/site-packages/airflow/example_dags/example_latest_only_with_trigger.py for tasks to queue
[2024-12-24T20:14:36.647+0000] {logging_mixin.py:190} INFO - [2024-12-24T20:14:36.647+0000] {dagbag.py:588} INFO - Filling up the DagBag from /home/airflow/.local/lib/python3.12/site-packages/airflow/example_dags/example_latest_only_with_trigger.py
[2024-12-24T20:14:36.655+0000] {processor.py:925} INFO - DAG(s) 'latest_only_with_trigger' retrieved from /home/airflow/.local/lib/python3.12/site-packages/airflow/example_dags/example_latest_only_with_trigger.py
[2024-12-24T20:14:36.674+0000] {logging_mixin.py:190} INFO - [2024-12-24T20:14:36.674+0000] {dag.py:3239} INFO - Sync 1 DAGs
[2024-12-24T20:14:36.694+0000] {logging_mixin.py:190} INFO - [2024-12-24T20:14:36.694+0000] {dag.py:4180} INFO - Setting next_dagrun for latest_only_with_trigger to 2024-12-24 16:00:00+00:00, run_after=2024-12-24 20:00:00+00:00
[2024-12-24T20:14:36.710+0000] {processor.py:208} INFO - Processing /home/airflow/.local/lib/python3.12/site-packages/airflow/example_dags/example_latest_only_with_trigger.py took 0.072 seconds
[2024-12-24T20:15:07.179+0000] {processor.py:186} INFO - Started process (PID=1782) to work on /home/airflow/.local/lib/python3.12/site-packages/airflow/example_dags/example_latest_only_with_trigger.py
[2024-12-24T20:15:07.180+0000] {processor.py:914} INFO - Processing file /home/airflow/.local/lib/python3.12/site-packages/airflow/example_dags/example_latest_only_with_trigger.py for tasks to queue
[2024-12-24T20:15:07.181+0000] {logging_mixin.py:190} INFO - [2024-12-24T20:15:07.181+0000] {dagbag.py:588} INFO - Filling up the DagBag from /home/airflow/.local/lib/python3.12/site-packages/airflow/example_dags/example_latest_only_with_trigger.py
[2024-12-24T20:15:07.189+0000] {processor.py:925} INFO - DAG(s) 'latest_only_with_trigger' retrieved from /home/airflow/.local/lib/python3.12/site-packages/airflow/example_dags/example_latest_only_with_trigger.py
[2024-12-24T20:15:07.207+0000] {logging_mixin.py:190} INFO - [2024-12-24T20:15:07.206+0000] {dag.py:3239} INFO - Sync 1 DAGs
[2024-12-24T20:15:07.228+0000] {logging_mixin.py:190} INFO - [2024-12-24T20:15:07.228+0000] {dag.py:4180} INFO - Setting next_dagrun for latest_only_with_trigger to 2024-12-24 16:00:00+00:00, run_after=2024-12-24 20:00:00+00:00
[2024-12-24T20:15:07.247+0000] {processor.py:208} INFO - Processing /home/airflow/.local/lib/python3.12/site-packages/airflow/example_dags/example_latest_only_with_trigger.py took 0.074 seconds
[2024-12-24T20:15:37.621+0000] {processor.py:186} INFO - Started process (PID=1846) to work on /home/airflow/.local/lib/python3.12/site-packages/airflow/example_dags/example_latest_only_with_trigger.py
[2024-12-24T20:15:37.622+0000] {processor.py:914} INFO - Processing file /home/airflow/.local/lib/python3.12/site-packages/airflow/example_dags/example_latest_only_with_trigger.py for tasks to queue
[2024-12-24T20:15:37.624+0000] {logging_mixin.py:190} INFO - [2024-12-24T20:15:37.623+0000] {dagbag.py:588} INFO - Filling up the DagBag from /home/airflow/.local/lib/python3.12/site-packages/airflow/example_dags/example_latest_only_with_trigger.py
[2024-12-24T20:15:37.631+0000] {processor.py:925} INFO - DAG(s) 'latest_only_with_trigger' retrieved from /home/airflow/.local/lib/python3.12/site-packages/airflow/example_dags/example_latest_only_with_trigger.py
[2024-12-24T20:15:37.649+0000] {logging_mixin.py:190} INFO - [2024-12-24T20:15:37.649+0000] {dag.py:3239} INFO - Sync 1 DAGs
[2024-12-24T20:15:37.669+0000] {logging_mixin.py:190} INFO - [2024-12-24T20:15:37.669+0000] {dag.py:4180} INFO - Setting next_dagrun for latest_only_with_trigger to 2024-12-24 16:00:00+00:00, run_after=2024-12-24 20:00:00+00:00
[2024-12-24T20:15:37.687+0000] {processor.py:208} INFO - Processing /home/airflow/.local/lib/python3.12/site-packages/airflow/example_dags/example_latest_only_with_trigger.py took 0.070 seconds
[2024-12-24T20:16:08.241+0000] {processor.py:186} INFO - Started process (PID=1910) to work on /home/airflow/.local/lib/python3.12/site-packages/airflow/example_dags/example_latest_only_with_trigger.py
[2024-12-24T20:16:08.242+0000] {processor.py:914} INFO - Processing file /home/airflow/.local/lib/python3.12/site-packages/airflow/example_dags/example_latest_only_with_trigger.py for tasks to queue
[2024-12-24T20:16:08.243+0000] {logging_mixin.py:190} INFO - [2024-12-24T20:16:08.243+0000] {dagbag.py:588} INFO - Filling up the DagBag from /home/airflow/.local/lib/python3.12/site-packages/airflow/example_dags/example_latest_only_with_trigger.py
[2024-12-24T20:16:08.251+0000] {processor.py:925} INFO - DAG(s) 'latest_only_with_trigger' retrieved from /home/airflow/.local/lib/python3.12/site-packages/airflow/example_dags/example_latest_only_with_trigger.py
[2024-12-24T20:16:08.269+0000] {logging_mixin.py:190} INFO - [2024-12-24T20:16:08.268+0000] {dag.py:3239} INFO - Sync 1 DAGs
[2024-12-24T20:16:08.288+0000] {logging_mixin.py:190} INFO - [2024-12-24T20:16:08.287+0000] {dag.py:4180} INFO - Setting next_dagrun for latest_only_with_trigger to 2024-12-24 16:00:00+00:00, run_after=2024-12-24 20:00:00+00:00
[2024-12-24T20:16:08.303+0000] {processor.py:208} INFO - Processing /home/airflow/.local/lib/python3.12/site-packages/airflow/example_dags/example_latest_only_with_trigger.py took 0.067 seconds
[2024-12-24T20:16:38.643+0000] {processor.py:186} INFO - Started process (PID=1974) to work on /home/airflow/.local/lib/python3.12/site-packages/airflow/example_dags/example_latest_only_with_trigger.py
[2024-12-24T20:16:38.644+0000] {processor.py:914} INFO - Processing file /home/airflow/.local/lib/python3.12/site-packages/airflow/example_dags/example_latest_only_with_trigger.py for tasks to queue
[2024-12-24T20:16:38.645+0000] {logging_mixin.py:190} INFO - [2024-12-24T20:16:38.645+0000] {dagbag.py:588} INFO - Filling up the DagBag from /home/airflow/.local/lib/python3.12/site-packages/airflow/example_dags/example_latest_only_with_trigger.py
[2024-12-24T20:16:38.652+0000] {processor.py:925} INFO - DAG(s) 'latest_only_with_trigger' retrieved from /home/airflow/.local/lib/python3.12/site-packages/airflow/example_dags/example_latest_only_with_trigger.py
[2024-12-24T20:16:38.670+0000] {logging_mixin.py:190} INFO - [2024-12-24T20:16:38.669+0000] {dag.py:3239} INFO - Sync 1 DAGs
[2024-12-24T20:16:38.688+0000] {logging_mixin.py:190} INFO - [2024-12-24T20:16:38.688+0000] {dag.py:4180} INFO - Setting next_dagrun for latest_only_with_trigger to 2024-12-24 16:00:00+00:00, run_after=2024-12-24 20:00:00+00:00
[2024-12-24T20:16:38.703+0000] {processor.py:208} INFO - Processing /home/airflow/.local/lib/python3.12/site-packages/airflow/example_dags/example_latest_only_with_trigger.py took 0.064 seconds
[2024-12-24T20:17:09.428+0000] {processor.py:186} INFO - Started process (PID=2038) to work on /home/airflow/.local/lib/python3.12/site-packages/airflow/example_dags/example_latest_only_with_trigger.py
[2024-12-24T20:17:09.429+0000] {processor.py:914} INFO - Processing file /home/airflow/.local/lib/python3.12/site-packages/airflow/example_dags/example_latest_only_with_trigger.py for tasks to queue
[2024-12-24T20:17:09.431+0000] {logging_mixin.py:190} INFO - [2024-12-24T20:17:09.430+0000] {dagbag.py:588} INFO - Filling up the DagBag from /home/airflow/.local/lib/python3.12/site-packages/airflow/example_dags/example_latest_only_with_trigger.py
[2024-12-24T20:17:09.438+0000] {processor.py:925} INFO - DAG(s) 'latest_only_with_trigger' retrieved from /home/airflow/.local/lib/python3.12/site-packages/airflow/example_dags/example_latest_only_with_trigger.py
[2024-12-24T20:17:09.456+0000] {logging_mixin.py:190} INFO - [2024-12-24T20:17:09.456+0000] {dag.py:3239} INFO - Sync 1 DAGs
[2024-12-24T20:17:09.475+0000] {logging_mixin.py:190} INFO - [2024-12-24T20:17:09.474+0000] {dag.py:4180} INFO - Setting next_dagrun for latest_only_with_trigger to 2024-12-24 16:00:00+00:00, run_after=2024-12-24 20:00:00+00:00
[2024-12-24T20:17:09.491+0000] {processor.py:208} INFO - Processing /home/airflow/.local/lib/python3.12/site-packages/airflow/example_dags/example_latest_only_with_trigger.py took 0.069 seconds
[2024-12-24T20:17:39.624+0000] {processor.py:186} INFO - Started process (PID=2102) to work on /home/airflow/.local/lib/python3.12/site-packages/airflow/example_dags/example_latest_only_with_trigger.py
[2024-12-24T20:17:39.625+0000] {processor.py:914} INFO - Processing file /home/airflow/.local/lib/python3.12/site-packages/airflow/example_dags/example_latest_only_with_trigger.py for tasks to queue
[2024-12-24T20:17:39.626+0000] {logging_mixin.py:190} INFO - [2024-12-24T20:17:39.626+0000] {dagbag.py:588} INFO - Filling up the DagBag from /home/airflow/.local/lib/python3.12/site-packages/airflow/example_dags/example_latest_only_with_trigger.py
[2024-12-24T20:17:39.633+0000] {processor.py:925} INFO - DAG(s) 'latest_only_with_trigger' retrieved from /home/airflow/.local/lib/python3.12/site-packages/airflow/example_dags/example_latest_only_with_trigger.py
[2024-12-24T20:17:39.652+0000] {logging_mixin.py:190} INFO - [2024-12-24T20:17:39.652+0000] {dag.py:3239} INFO - Sync 1 DAGs
[2024-12-24T20:17:39.671+0000] {logging_mixin.py:190} INFO - [2024-12-24T20:17:39.671+0000] {dag.py:4180} INFO - Setting next_dagrun for latest_only_with_trigger to 2024-12-24 16:00:00+00:00, run_after=2024-12-24 20:00:00+00:00
[2024-12-24T20:17:39.688+0000] {processor.py:208} INFO - Processing /home/airflow/.local/lib/python3.12/site-packages/airflow/example_dags/example_latest_only_with_trigger.py took 0.069 seconds
[2024-12-24T20:18:10.341+0000] {processor.py:186} INFO - Started process (PID=2166) to work on /home/airflow/.local/lib/python3.12/site-packages/airflow/example_dags/example_latest_only_with_trigger.py
[2024-12-24T20:18:10.342+0000] {processor.py:914} INFO - Processing file /home/airflow/.local/lib/python3.12/site-packages/airflow/example_dags/example_latest_only_with_trigger.py for tasks to queue
[2024-12-24T20:18:10.343+0000] {logging_mixin.py:190} INFO - [2024-12-24T20:18:10.343+0000] {dagbag.py:588} INFO - Filling up the DagBag from /home/airflow/.local/lib/python3.12/site-packages/airflow/example_dags/example_latest_only_with_trigger.py
[2024-12-24T20:18:10.351+0000] {processor.py:925} INFO - DAG(s) 'latest_only_with_trigger' retrieved from /home/airflow/.local/lib/python3.12/site-packages/airflow/example_dags/example_latest_only_with_trigger.py
[2024-12-24T20:18:10.369+0000] {logging_mixin.py:190} INFO - [2024-12-24T20:18:10.369+0000] {dag.py:3239} INFO - Sync 1 DAGs
[2024-12-24T20:18:10.391+0000] {logging_mixin.py:190} INFO - [2024-12-24T20:18:10.390+0000] {dag.py:4180} INFO - Setting next_dagrun for latest_only_with_trigger to 2024-12-24 16:00:00+00:00, run_after=2024-12-24 20:00:00+00:00
[2024-12-24T20:18:10.409+0000] {processor.py:208} INFO - Processing /home/airflow/.local/lib/python3.12/site-packages/airflow/example_dags/example_latest_only_with_trigger.py took 0.072 seconds
[2024-12-24T20:35:35.277+0000] {processor.py:186} INFO - Started process (PID=75) to work on /home/airflow/.local/lib/python3.10/site-packages/airflow/example_dags/example_latest_only_with_trigger.py
[2024-12-24T20:35:35.278+0000] {processor.py:914} INFO - Processing file /home/airflow/.local/lib/python3.10/site-packages/airflow/example_dags/example_latest_only_with_trigger.py for tasks to queue
[2024-12-24T20:35:35.282+0000] {logging_mixin.py:190} INFO - [2024-12-24T20:35:35.281+0000] {dagbag.py:588} INFO - Filling up the DagBag from /home/airflow/.local/lib/python3.10/site-packages/airflow/example_dags/example_latest_only_with_trigger.py
[2024-12-24T20:35:35.293+0000] {processor.py:925} INFO - DAG(s) 'latest_only_with_trigger' retrieved from /home/airflow/.local/lib/python3.10/site-packages/airflow/example_dags/example_latest_only_with_trigger.py
[2024-12-24T20:35:35.441+0000] {logging_mixin.py:190} INFO - [2024-12-24T20:35:35.441+0000] {dag.py:3239} INFO - Sync 1 DAGs
[2024-12-24T20:35:35.473+0000] {logging_mixin.py:190} INFO - [2024-12-24T20:35:35.472+0000] {dag.py:4180} INFO - Setting next_dagrun for latest_only_with_trigger to 2024-12-24 16:00:00+00:00, run_after=2024-12-24 20:00:00+00:00
[2024-12-24T20:35:35.498+0000] {processor.py:208} INFO - Processing /home/airflow/.local/lib/python3.10/site-packages/airflow/example_dags/example_latest_only_with_trigger.py took 0.229 seconds
[2024-12-24T20:36:05.553+0000] {processor.py:186} INFO - Started process (PID=138) to work on /home/airflow/.local/lib/python3.10/site-packages/airflow/example_dags/example_latest_only_with_trigger.py
[2024-12-24T20:36:05.554+0000] {processor.py:914} INFO - Processing file /home/airflow/.local/lib/python3.10/site-packages/airflow/example_dags/example_latest_only_with_trigger.py for tasks to queue
[2024-12-24T20:36:05.557+0000] {logging_mixin.py:190} INFO - [2024-12-24T20:36:05.557+0000] {dagbag.py:588} INFO - Filling up the DagBag from /home/airflow/.local/lib/python3.10/site-packages/airflow/example_dags/example_latest_only_with_trigger.py
[2024-12-24T20:36:05.564+0000] {processor.py:925} INFO - DAG(s) 'latest_only_with_trigger' retrieved from /home/airflow/.local/lib/python3.10/site-packages/airflow/example_dags/example_latest_only_with_trigger.py
[2024-12-24T20:36:05.585+0000] {logging_mixin.py:190} INFO - [2024-12-24T20:36:05.584+0000] {dag.py:3239} INFO - Sync 1 DAGs
[2024-12-24T20:36:05.607+0000] {logging_mixin.py:190} INFO - [2024-12-24T20:36:05.607+0000] {dag.py:4180} INFO - Setting next_dagrun for latest_only_with_trigger to 2024-12-24 16:00:00+00:00, run_after=2024-12-24 20:00:00+00:00
[2024-12-24T20:36:05.633+0000] {processor.py:208} INFO - Processing /home/airflow/.local/lib/python3.10/site-packages/airflow/example_dags/example_latest_only_with_trigger.py took 0.085 seconds
[2024-12-24T20:36:35.847+0000] {processor.py:186} INFO - Started process (PID=202) to work on /home/airflow/.local/lib/python3.10/site-packages/airflow/example_dags/example_latest_only_with_trigger.py
[2024-12-24T20:36:35.848+0000] {processor.py:914} INFO - Processing file /home/airflow/.local/lib/python3.10/site-packages/airflow/example_dags/example_latest_only_with_trigger.py for tasks to queue
[2024-12-24T20:36:35.851+0000] {logging_mixin.py:190} INFO - [2024-12-24T20:36:35.850+0000] {dagbag.py:588} INFO - Filling up the DagBag from /home/airflow/.local/lib/python3.10/site-packages/airflow/example_dags/example_latest_only_with_trigger.py
[2024-12-24T20:36:35.858+0000] {processor.py:925} INFO - DAG(s) 'latest_only_with_trigger' retrieved from /home/airflow/.local/lib/python3.10/site-packages/airflow/example_dags/example_latest_only_with_trigger.py
[2024-12-24T20:36:35.880+0000] {logging_mixin.py:190} INFO - [2024-12-24T20:36:35.879+0000] {dag.py:3239} INFO - Sync 1 DAGs
[2024-12-24T20:36:35.903+0000] {logging_mixin.py:190} INFO - [2024-12-24T20:36:35.903+0000] {dag.py:4180} INFO - Setting next_dagrun for latest_only_with_trigger to 2024-12-24 16:00:00+00:00, run_after=2024-12-24 20:00:00+00:00
[2024-12-24T20:36:35.928+0000] {processor.py:208} INFO - Processing /home/airflow/.local/lib/python3.10/site-packages/airflow/example_dags/example_latest_only_with_trigger.py took 0.087 seconds
[2024-12-24T20:37:05.999+0000] {processor.py:186} INFO - Started process (PID=267) to work on /home/airflow/.local/lib/python3.10/site-packages/airflow/example_dags/example_latest_only_with_trigger.py
[2024-12-24T20:37:06.000+0000] {processor.py:914} INFO - Processing file /home/airflow/.local/lib/python3.10/site-packages/airflow/example_dags/example_latest_only_with_trigger.py for tasks to queue
[2024-12-24T20:37:06.002+0000] {logging_mixin.py:190} INFO - [2024-12-24T20:37:06.002+0000] {dagbag.py:588} INFO - Filling up the DagBag from /home/airflow/.local/lib/python3.10/site-packages/airflow/example_dags/example_latest_only_with_trigger.py
[2024-12-24T20:37:06.010+0000] {processor.py:925} INFO - DAG(s) 'latest_only_with_trigger' retrieved from /home/airflow/.local/lib/python3.10/site-packages/airflow/example_dags/example_latest_only_with_trigger.py
[2024-12-24T20:37:06.032+0000] {logging_mixin.py:190} INFO - [2024-12-24T20:37:06.032+0000] {dag.py:3239} INFO - Sync 1 DAGs
[2024-12-24T20:37:06.058+0000] {logging_mixin.py:190} INFO - [2024-12-24T20:37:06.057+0000] {dag.py:4180} INFO - Setting next_dagrun for latest_only_with_trigger to 2024-12-24 16:00:00+00:00, run_after=2024-12-24 20:00:00+00:00
[2024-12-24T20:37:06.078+0000] {processor.py:208} INFO - Processing /home/airflow/.local/lib/python3.10/site-packages/airflow/example_dags/example_latest_only_with_trigger.py took 0.085 seconds
[2024-12-24T20:37:36.342+0000] {processor.py:186} INFO - Started process (PID=330) to work on /home/airflow/.local/lib/python3.10/site-packages/airflow/example_dags/example_latest_only_with_trigger.py
[2024-12-24T20:37:36.343+0000] {processor.py:914} INFO - Processing file /home/airflow/.local/lib/python3.10/site-packages/airflow/example_dags/example_latest_only_with_trigger.py for tasks to queue
[2024-12-24T20:37:36.346+0000] {logging_mixin.py:190} INFO - [2024-12-24T20:37:36.345+0000] {dagbag.py:588} INFO - Filling up the DagBag from /home/airflow/.local/lib/python3.10/site-packages/airflow/example_dags/example_latest_only_with_trigger.py
[2024-12-24T20:37:36.352+0000] {processor.py:925} INFO - DAG(s) 'latest_only_with_trigger' retrieved from /home/airflow/.local/lib/python3.10/site-packages/airflow/example_dags/example_latest_only_with_trigger.py
[2024-12-24T20:37:36.370+0000] {logging_mixin.py:190} INFO - [2024-12-24T20:37:36.370+0000] {dag.py:3239} INFO - Sync 1 DAGs
[2024-12-24T20:37:36.390+0000] {logging_mixin.py:190} INFO - [2024-12-24T20:37:36.390+0000] {dag.py:4180} INFO - Setting next_dagrun for latest_only_with_trigger to 2024-12-24 16:00:00+00:00, run_after=2024-12-24 20:00:00+00:00
[2024-12-24T20:37:36.405+0000] {processor.py:208} INFO - Processing /home/airflow/.local/lib/python3.10/site-packages/airflow/example_dags/example_latest_only_with_trigger.py took 0.068 seconds
[2024-12-24T20:38:06.533+0000] {processor.py:186} INFO - Started process (PID=395) to work on /home/airflow/.local/lib/python3.10/site-packages/airflow/example_dags/example_latest_only_with_trigger.py
[2024-12-24T20:38:06.534+0000] {processor.py:914} INFO - Processing file /home/airflow/.local/lib/python3.10/site-packages/airflow/example_dags/example_latest_only_with_trigger.py for tasks to queue
[2024-12-24T20:38:06.536+0000] {logging_mixin.py:190} INFO - [2024-12-24T20:38:06.536+0000] {dagbag.py:588} INFO - Filling up the DagBag from /home/airflow/.local/lib/python3.10/site-packages/airflow/example_dags/example_latest_only_with_trigger.py
[2024-12-24T20:38:06.544+0000] {processor.py:925} INFO - DAG(s) 'latest_only_with_trigger' retrieved from /home/airflow/.local/lib/python3.10/site-packages/airflow/example_dags/example_latest_only_with_trigger.py
[2024-12-24T20:38:06.565+0000] {logging_mixin.py:190} INFO - [2024-12-24T20:38:06.565+0000] {dag.py:3239} INFO - Sync 1 DAGs
[2024-12-24T20:38:06.588+0000] {logging_mixin.py:190} INFO - [2024-12-24T20:38:06.588+0000] {dag.py:4180} INFO - Setting next_dagrun for latest_only_with_trigger to 2024-12-24 16:00:00+00:00, run_after=2024-12-24 20:00:00+00:00
[2024-12-24T20:38:06.609+0000] {processor.py:208} INFO - Processing /home/airflow/.local/lib/python3.10/site-packages/airflow/example_dags/example_latest_only_with_trigger.py took 0.082 seconds
[2024-12-24T20:38:36.777+0000] {processor.py:186} INFO - Started process (PID=460) to work on /home/airflow/.local/lib/python3.10/site-packages/airflow/example_dags/example_latest_only_with_trigger.py
[2024-12-24T20:38:36.778+0000] {processor.py:914} INFO - Processing file /home/airflow/.local/lib/python3.10/site-packages/airflow/example_dags/example_latest_only_with_trigger.py for tasks to queue
[2024-12-24T20:38:36.781+0000] {logging_mixin.py:190} INFO - [2024-12-24T20:38:36.780+0000] {dagbag.py:588} INFO - Filling up the DagBag from /home/airflow/.local/lib/python3.10/site-packages/airflow/example_dags/example_latest_only_with_trigger.py
[2024-12-24T20:38:36.788+0000] {processor.py:925} INFO - DAG(s) 'latest_only_with_trigger' retrieved from /home/airflow/.local/lib/python3.10/site-packages/airflow/example_dags/example_latest_only_with_trigger.py
[2024-12-24T20:38:36.808+0000] {logging_mixin.py:190} INFO - [2024-12-24T20:38:36.807+0000] {dag.py:3239} INFO - Sync 1 DAGs
[2024-12-24T20:38:36.828+0000] {logging_mixin.py:190} INFO - [2024-12-24T20:38:36.828+0000] {dag.py:4180} INFO - Setting next_dagrun for latest_only_with_trigger to 2024-12-24 16:00:00+00:00, run_after=2024-12-24 20:00:00+00:00
[2024-12-24T20:38:36.843+0000] {processor.py:208} INFO - Processing /home/airflow/.local/lib/python3.10/site-packages/airflow/example_dags/example_latest_only_with_trigger.py took 0.072 seconds
[2024-12-24T20:39:07.306+0000] {processor.py:186} INFO - Started process (PID=523) to work on /home/airflow/.local/lib/python3.10/site-packages/airflow/example_dags/example_latest_only_with_trigger.py
[2024-12-24T20:39:07.307+0000] {processor.py:914} INFO - Processing file /home/airflow/.local/lib/python3.10/site-packages/airflow/example_dags/example_latest_only_with_trigger.py for tasks to queue
[2024-12-24T20:39:07.309+0000] {logging_mixin.py:190} INFO - [2024-12-24T20:39:07.309+0000] {dagbag.py:588} INFO - Filling up the DagBag from /home/airflow/.local/lib/python3.10/site-packages/airflow/example_dags/example_latest_only_with_trigger.py
[2024-12-24T20:39:07.316+0000] {processor.py:925} INFO - DAG(s) 'latest_only_with_trigger' retrieved from /home/airflow/.local/lib/python3.10/site-packages/airflow/example_dags/example_latest_only_with_trigger.py
[2024-12-24T20:39:07.334+0000] {logging_mixin.py:190} INFO - [2024-12-24T20:39:07.334+0000] {dag.py:3239} INFO - Sync 1 DAGs
[2024-12-24T20:39:07.355+0000] {logging_mixin.py:190} INFO - [2024-12-24T20:39:07.355+0000] {dag.py:4180} INFO - Setting next_dagrun for latest_only_with_trigger to 2024-12-24 16:00:00+00:00, run_after=2024-12-24 20:00:00+00:00
[2024-12-24T20:39:07.369+0000] {processor.py:208} INFO - Processing /home/airflow/.local/lib/python3.10/site-packages/airflow/example_dags/example_latest_only_with_trigger.py took 0.069 seconds
[2024-12-24T20:39:37.768+0000] {processor.py:186} INFO - Started process (PID=589) to work on /home/airflow/.local/lib/python3.10/site-packages/airflow/example_dags/example_latest_only_with_trigger.py
[2024-12-24T20:39:37.770+0000] {processor.py:914} INFO - Processing file /home/airflow/.local/lib/python3.10/site-packages/airflow/example_dags/example_latest_only_with_trigger.py for tasks to queue
[2024-12-24T20:39:37.772+0000] {logging_mixin.py:190} INFO - [2024-12-24T20:39:37.772+0000] {dagbag.py:588} INFO - Filling up the DagBag from /home/airflow/.local/lib/python3.10/site-packages/airflow/example_dags/example_latest_only_with_trigger.py
[2024-12-24T20:39:37.780+0000] {processor.py:925} INFO - DAG(s) 'latest_only_with_trigger' retrieved from /home/airflow/.local/lib/python3.10/site-packages/airflow/example_dags/example_latest_only_with_trigger.py
[2024-12-24T20:39:37.800+0000] {logging_mixin.py:190} INFO - [2024-12-24T20:39:37.800+0000] {dag.py:3239} INFO - Sync 1 DAGs
[2024-12-24T20:39:37.821+0000] {logging_mixin.py:190} INFO - [2024-12-24T20:39:37.821+0000] {dag.py:4180} INFO - Setting next_dagrun for latest_only_with_trigger to 2024-12-24 16:00:00+00:00, run_after=2024-12-24 20:00:00+00:00
[2024-12-24T20:39:37.839+0000] {processor.py:208} INFO - Processing /home/airflow/.local/lib/python3.10/site-packages/airflow/example_dags/example_latest_only_with_trigger.py took 0.077 seconds
[2024-12-24T20:40:07.936+0000] {processor.py:186} INFO - Started process (PID=653) to work on /home/airflow/.local/lib/python3.10/site-packages/airflow/example_dags/example_latest_only_with_trigger.py
[2024-12-24T20:40:07.937+0000] {processor.py:914} INFO - Processing file /home/airflow/.local/lib/python3.10/site-packages/airflow/example_dags/example_latest_only_with_trigger.py for tasks to queue
[2024-12-24T20:40:07.939+0000] {logging_mixin.py:190} INFO - [2024-12-24T20:40:07.939+0000] {dagbag.py:588} INFO - Filling up the DagBag from /home/airflow/.local/lib/python3.10/site-packages/airflow/example_dags/example_latest_only_with_trigger.py
[2024-12-24T20:40:07.947+0000] {processor.py:925} INFO - DAG(s) 'latest_only_with_trigger' retrieved from /home/airflow/.local/lib/python3.10/site-packages/airflow/example_dags/example_latest_only_with_trigger.py
[2024-12-24T20:40:07.967+0000] {logging_mixin.py:190} INFO - [2024-12-24T20:40:07.966+0000] {dag.py:3239} INFO - Sync 1 DAGs
[2024-12-24T20:40:07.987+0000] {logging_mixin.py:190} INFO - [2024-12-24T20:40:07.987+0000] {dag.py:4180} INFO - Setting next_dagrun for latest_only_with_trigger to 2024-12-24 16:00:00+00:00, run_after=2024-12-24 20:00:00+00:00
[2024-12-24T20:40:08.003+0000] {processor.py:208} INFO - Processing /home/airflow/.local/lib/python3.10/site-packages/airflow/example_dags/example_latest_only_with_trigger.py took 0.074 seconds
[2024-12-24T20:40:38.297+0000] {processor.py:186} INFO - Started process (PID=717) to work on /home/airflow/.local/lib/python3.10/site-packages/airflow/example_dags/example_latest_only_with_trigger.py
[2024-12-24T20:40:38.298+0000] {processor.py:914} INFO - Processing file /home/airflow/.local/lib/python3.10/site-packages/airflow/example_dags/example_latest_only_with_trigger.py for tasks to queue
[2024-12-24T20:40:38.300+0000] {logging_mixin.py:190} INFO - [2024-12-24T20:40:38.300+0000] {dagbag.py:588} INFO - Filling up the DagBag from /home/airflow/.local/lib/python3.10/site-packages/airflow/example_dags/example_latest_only_with_trigger.py
[2024-12-24T20:40:38.307+0000] {processor.py:925} INFO - DAG(s) 'latest_only_with_trigger' retrieved from /home/airflow/.local/lib/python3.10/site-packages/airflow/example_dags/example_latest_only_with_trigger.py
[2024-12-24T20:40:38.325+0000] {logging_mixin.py:190} INFO - [2024-12-24T20:40:38.325+0000] {dag.py:3239} INFO - Sync 1 DAGs
[2024-12-24T20:40:38.345+0000] {logging_mixin.py:190} INFO - [2024-12-24T20:40:38.344+0000] {dag.py:4180} INFO - Setting next_dagrun for latest_only_with_trigger to 2024-12-24 16:00:00+00:00, run_after=2024-12-24 20:00:00+00:00
[2024-12-24T20:40:38.360+0000] {processor.py:208} INFO - Processing /home/airflow/.local/lib/python3.10/site-packages/airflow/example_dags/example_latest_only_with_trigger.py took 0.069 seconds
[2024-12-24T20:41:08.904+0000] {processor.py:186} INFO - Started process (PID=781) to work on /home/airflow/.local/lib/python3.10/site-packages/airflow/example_dags/example_latest_only_with_trigger.py
[2024-12-24T20:41:08.905+0000] {processor.py:914} INFO - Processing file /home/airflow/.local/lib/python3.10/site-packages/airflow/example_dags/example_latest_only_with_trigger.py for tasks to queue
[2024-12-24T20:41:08.908+0000] {logging_mixin.py:190} INFO - [2024-12-24T20:41:08.908+0000] {dagbag.py:588} INFO - Filling up the DagBag from /home/airflow/.local/lib/python3.10/site-packages/airflow/example_dags/example_latest_only_with_trigger.py
[2024-12-24T20:41:08.918+0000] {processor.py:925} INFO - DAG(s) 'latest_only_with_trigger' retrieved from /home/airflow/.local/lib/python3.10/site-packages/airflow/example_dags/example_latest_only_with_trigger.py
[2024-12-24T20:41:08.944+0000] {logging_mixin.py:190} INFO - [2024-12-24T20:41:08.943+0000] {dag.py:3239} INFO - Sync 1 DAGs
[2024-12-24T20:41:08.967+0000] {logging_mixin.py:190} INFO - [2024-12-24T20:41:08.967+0000] {dag.py:4180} INFO - Setting next_dagrun for latest_only_with_trigger to 2024-12-24 16:00:00+00:00, run_after=2024-12-24 20:00:00+00:00
[2024-12-24T20:41:08.986+0000] {processor.py:208} INFO - Processing /home/airflow/.local/lib/python3.10/site-packages/airflow/example_dags/example_latest_only_with_trigger.py took 0.088 seconds
