[2024-12-24T20:01:32.387+0000] {processor.py:186} INFO - Started process (PID=105) to work on /home/airflow/.local/lib/python3.12/site-packages/airflow/example_dags/example_branch_day_of_week_operator.py
[2024-12-24T20:01:32.388+0000] {processor.py:914} INFO - Processing file /home/airflow/.local/lib/python3.12/site-packages/airflow/example_dags/example_branch_day_of_week_operator.py for tasks to queue
[2024-12-24T20:01:32.393+0000] {logging_mixin.py:190} INFO - [2024-12-24T20:01:32.392+0000] {dagbag.py:588} INFO - Filling up the DagBag from /home/airflow/.local/lib/python3.12/site-packages/airflow/example_dags/example_branch_day_of_week_operator.py
[2024-12-24T20:01:32.404+0000] {processor.py:925} INFO - DAG(s) 'example_weekday_branch_operator' retrieved from /home/airflow/.local/lib/python3.12/site-packages/airflow/example_dags/example_branch_day_of_week_operator.py
[2024-12-24T20:01:32.544+0000] {logging_mixin.py:190} INFO - [2024-12-24T20:01:32.543+0000] {override.py:1911} INFO - Created Permission View: can edit on DAG:example_weekday_branch_operator
[2024-12-24T20:01:32.559+0000] {logging_mixin.py:190} INFO - [2024-12-24T20:01:32.558+0000] {override.py:1911} INFO - Created Permission View: can read on DAG:example_weekday_branch_operator
[2024-12-24T20:01:32.569+0000] {logging_mixin.py:190} INFO - [2024-12-24T20:01:32.568+0000] {override.py:1911} INFO - Created Permission View: can delete on DAG:example_weekday_branch_operator
[2024-12-24T20:01:32.582+0000] {logging_mixin.py:190} INFO - [2024-12-24T20:01:32.582+0000] {override.py:1911} INFO - Created Permission View: menu access on DAG Run:example_weekday_branch_operator
[2024-12-24T20:01:32.593+0000] {logging_mixin.py:190} INFO - [2024-12-24T20:01:32.593+0000] {override.py:1911} INFO - Created Permission View: can read on DAG Run:example_weekday_branch_operator
[2024-12-24T20:01:32.602+0000] {logging_mixin.py:190} INFO - [2024-12-24T20:01:32.602+0000] {override.py:1911} INFO - Created Permission View: can delete on DAG Run:example_weekday_branch_operator
[2024-12-24T20:01:32.612+0000] {logging_mixin.py:190} INFO - [2024-12-24T20:01:32.611+0000] {override.py:1911} INFO - Created Permission View: can create on DAG Run:example_weekday_branch_operator
[2024-12-24T20:01:32.613+0000] {logging_mixin.py:190} INFO - [2024-12-24T20:01:32.612+0000] {dag.py:3239} INFO - Sync 1 DAGs
[2024-12-24T20:01:32.635+0000] {logging_mixin.py:190} INFO - [2024-12-24T20:01:32.635+0000] {dag.py:3262} INFO - Creating ORM DAG for example_weekday_branch_operator
[2024-12-24T20:01:32.653+0000] {logging_mixin.py:190} INFO - [2024-12-24T20:01:32.653+0000] {dag.py:4180} INFO - Setting next_dagrun for example_weekday_branch_operator to 2024-12-23 00:00:00+00:00, run_after=2024-12-24 00:00:00+00:00
[2024-12-24T20:01:32.693+0000] {processor.py:208} INFO - Processing /home/airflow/.local/lib/python3.12/site-packages/airflow/example_dags/example_branch_day_of_week_operator.py took 0.315 seconds
[2024-12-24T20:02:03.350+0000] {processor.py:186} INFO - Started process (PID=168) to work on /home/airflow/.local/lib/python3.12/site-packages/airflow/example_dags/example_branch_day_of_week_operator.py
[2024-12-24T20:02:03.351+0000] {processor.py:914} INFO - Processing file /home/airflow/.local/lib/python3.12/site-packages/airflow/example_dags/example_branch_day_of_week_operator.py for tasks to queue
[2024-12-24T20:02:03.355+0000] {logging_mixin.py:190} INFO - [2024-12-24T20:02:03.354+0000] {dagbag.py:588} INFO - Filling up the DagBag from /home/airflow/.local/lib/python3.12/site-packages/airflow/example_dags/example_branch_day_of_week_operator.py
[2024-12-24T20:02:03.367+0000] {processor.py:925} INFO - DAG(s) 'example_weekday_branch_operator' retrieved from /home/airflow/.local/lib/python3.12/site-packages/airflow/example_dags/example_branch_day_of_week_operator.py
[2024-12-24T20:02:03.395+0000] {logging_mixin.py:190} INFO - [2024-12-24T20:02:03.395+0000] {dag.py:3239} INFO - Sync 1 DAGs
[2024-12-24T20:02:03.424+0000] {logging_mixin.py:190} INFO - [2024-12-24T20:02:03.423+0000] {dag.py:4180} INFO - Setting next_dagrun for example_weekday_branch_operator to 2024-12-23 00:00:00+00:00, run_after=2024-12-24 00:00:00+00:00
[2024-12-24T20:02:03.447+0000] {processor.py:208} INFO - Processing /home/airflow/.local/lib/python3.12/site-packages/airflow/example_dags/example_branch_day_of_week_operator.py took 0.104 seconds
[2024-12-24T20:02:33.509+0000] {processor.py:186} INFO - Started process (PID=230) to work on /home/airflow/.local/lib/python3.12/site-packages/airflow/example_dags/example_branch_day_of_week_operator.py
[2024-12-24T20:02:33.510+0000] {processor.py:914} INFO - Processing file /home/airflow/.local/lib/python3.12/site-packages/airflow/example_dags/example_branch_day_of_week_operator.py for tasks to queue
[2024-12-24T20:02:33.512+0000] {logging_mixin.py:190} INFO - [2024-12-24T20:02:33.512+0000] {dagbag.py:588} INFO - Filling up the DagBag from /home/airflow/.local/lib/python3.12/site-packages/airflow/example_dags/example_branch_day_of_week_operator.py
[2024-12-24T20:02:33.521+0000] {processor.py:925} INFO - DAG(s) 'example_weekday_branch_operator' retrieved from /home/airflow/.local/lib/python3.12/site-packages/airflow/example_dags/example_branch_day_of_week_operator.py
[2024-12-24T20:02:33.541+0000] {logging_mixin.py:190} INFO - [2024-12-24T20:02:33.540+0000] {dag.py:3239} INFO - Sync 1 DAGs
[2024-12-24T20:02:33.563+0000] {logging_mixin.py:190} INFO - [2024-12-24T20:02:33.562+0000] {dag.py:4180} INFO - Setting next_dagrun for example_weekday_branch_operator to 2024-12-23 00:00:00+00:00, run_after=2024-12-24 00:00:00+00:00
[2024-12-24T20:02:33.582+0000] {processor.py:208} INFO - Processing /home/airflow/.local/lib/python3.12/site-packages/airflow/example_dags/example_branch_day_of_week_operator.py took 0.078 seconds
[2024-12-24T20:03:04.303+0000] {processor.py:186} INFO - Started process (PID=293) to work on /home/airflow/.local/lib/python3.12/site-packages/airflow/example_dags/example_branch_day_of_week_operator.py
[2024-12-24T20:03:04.304+0000] {processor.py:914} INFO - Processing file /home/airflow/.local/lib/python3.12/site-packages/airflow/example_dags/example_branch_day_of_week_operator.py for tasks to queue
[2024-12-24T20:03:04.306+0000] {logging_mixin.py:190} INFO - [2024-12-24T20:03:04.306+0000] {dagbag.py:588} INFO - Filling up the DagBag from /home/airflow/.local/lib/python3.12/site-packages/airflow/example_dags/example_branch_day_of_week_operator.py
[2024-12-24T20:03:04.315+0000] {processor.py:925} INFO - DAG(s) 'example_weekday_branch_operator' retrieved from /home/airflow/.local/lib/python3.12/site-packages/airflow/example_dags/example_branch_day_of_week_operator.py
[2024-12-24T20:03:04.334+0000] {logging_mixin.py:190} INFO - [2024-12-24T20:03:04.334+0000] {dag.py:3239} INFO - Sync 1 DAGs
[2024-12-24T20:03:04.357+0000] {logging_mixin.py:190} INFO - [2024-12-24T20:03:04.357+0000] {dag.py:4180} INFO - Setting next_dagrun for example_weekday_branch_operator to 2024-12-23 00:00:00+00:00, run_after=2024-12-24 00:00:00+00:00
[2024-12-24T20:03:04.377+0000] {processor.py:208} INFO - Processing /home/airflow/.local/lib/python3.12/site-packages/airflow/example_dags/example_branch_day_of_week_operator.py took 0.079 seconds
[2024-12-24T20:03:35.216+0000] {processor.py:186} INFO - Started process (PID=356) to work on /home/airflow/.local/lib/python3.12/site-packages/airflow/example_dags/example_branch_day_of_week_operator.py
[2024-12-24T20:03:35.217+0000] {processor.py:914} INFO - Processing file /home/airflow/.local/lib/python3.12/site-packages/airflow/example_dags/example_branch_day_of_week_operator.py for tasks to queue
[2024-12-24T20:03:35.219+0000] {logging_mixin.py:190} INFO - [2024-12-24T20:03:35.219+0000] {dagbag.py:588} INFO - Filling up the DagBag from /home/airflow/.local/lib/python3.12/site-packages/airflow/example_dags/example_branch_day_of_week_operator.py
[2024-12-24T20:03:35.228+0000] {processor.py:925} INFO - DAG(s) 'example_weekday_branch_operator' retrieved from /home/airflow/.local/lib/python3.12/site-packages/airflow/example_dags/example_branch_day_of_week_operator.py
[2024-12-24T20:03:35.247+0000] {logging_mixin.py:190} INFO - [2024-12-24T20:03:35.247+0000] {dag.py:3239} INFO - Sync 1 DAGs
[2024-12-24T20:03:35.270+0000] {logging_mixin.py:190} INFO - [2024-12-24T20:03:35.270+0000] {dag.py:4180} INFO - Setting next_dagrun for example_weekday_branch_operator to 2024-12-23 00:00:00+00:00, run_after=2024-12-24 00:00:00+00:00
[2024-12-24T20:03:35.287+0000] {processor.py:208} INFO - Processing /home/airflow/.local/lib/python3.12/site-packages/airflow/example_dags/example_branch_day_of_week_operator.py took 0.077 seconds
[2024-12-24T20:04:05.985+0000] {processor.py:186} INFO - Started process (PID=419) to work on /home/airflow/.local/lib/python3.12/site-packages/airflow/example_dags/example_branch_day_of_week_operator.py
[2024-12-24T20:04:05.987+0000] {processor.py:914} INFO - Processing file /home/airflow/.local/lib/python3.12/site-packages/airflow/example_dags/example_branch_day_of_week_operator.py for tasks to queue
[2024-12-24T20:04:05.989+0000] {logging_mixin.py:190} INFO - [2024-12-24T20:04:05.989+0000] {dagbag.py:588} INFO - Filling up the DagBag from /home/airflow/.local/lib/python3.12/site-packages/airflow/example_dags/example_branch_day_of_week_operator.py
[2024-12-24T20:04:05.999+0000] {processor.py:925} INFO - DAG(s) 'example_weekday_branch_operator' retrieved from /home/airflow/.local/lib/python3.12/site-packages/airflow/example_dags/example_branch_day_of_week_operator.py
[2024-12-24T20:04:06.019+0000] {logging_mixin.py:190} INFO - [2024-12-24T20:04:06.018+0000] {dag.py:3239} INFO - Sync 1 DAGs
[2024-12-24T20:04:06.039+0000] {logging_mixin.py:190} INFO - [2024-12-24T20:04:06.038+0000] {dag.py:4180} INFO - Setting next_dagrun for example_weekday_branch_operator to 2024-12-23 00:00:00+00:00, run_after=2024-12-24 00:00:00+00:00
[2024-12-24T20:04:06.057+0000] {processor.py:208} INFO - Processing /home/airflow/.local/lib/python3.12/site-packages/airflow/example_dags/example_branch_day_of_week_operator.py took 0.078 seconds
[2024-12-24T20:04:36.493+0000] {processor.py:186} INFO - Started process (PID=482) to work on /home/airflow/.local/lib/python3.12/site-packages/airflow/example_dags/example_branch_day_of_week_operator.py
[2024-12-24T20:04:36.495+0000] {processor.py:914} INFO - Processing file /home/airflow/.local/lib/python3.12/site-packages/airflow/example_dags/example_branch_day_of_week_operator.py for tasks to queue
[2024-12-24T20:04:36.498+0000] {logging_mixin.py:190} INFO - [2024-12-24T20:04:36.498+0000] {dagbag.py:588} INFO - Filling up the DagBag from /home/airflow/.local/lib/python3.12/site-packages/airflow/example_dags/example_branch_day_of_week_operator.py
[2024-12-24T20:04:36.509+0000] {processor.py:925} INFO - DAG(s) 'example_weekday_branch_operator' retrieved from /home/airflow/.local/lib/python3.12/site-packages/airflow/example_dags/example_branch_day_of_week_operator.py
[2024-12-24T20:04:36.530+0000] {logging_mixin.py:190} INFO - [2024-12-24T20:04:36.529+0000] {dag.py:3239} INFO - Sync 1 DAGs
[2024-12-24T20:04:36.551+0000] {logging_mixin.py:190} INFO - [2024-12-24T20:04:36.551+0000] {dag.py:4180} INFO - Setting next_dagrun for example_weekday_branch_operator to 2024-12-23 00:00:00+00:00, run_after=2024-12-24 00:00:00+00:00
[2024-12-24T20:04:36.569+0000] {processor.py:208} INFO - Processing /home/airflow/.local/lib/python3.12/site-packages/airflow/example_dags/example_branch_day_of_week_operator.py took 0.081 seconds
[2024-12-24T20:05:07.773+0000] {processor.py:186} INFO - Started process (PID=545) to work on /home/airflow/.local/lib/python3.12/site-packages/airflow/example_dags/example_branch_day_of_week_operator.py
[2024-12-24T20:05:07.774+0000] {processor.py:914} INFO - Processing file /home/airflow/.local/lib/python3.12/site-packages/airflow/example_dags/example_branch_day_of_week_operator.py for tasks to queue
[2024-12-24T20:05:07.777+0000] {logging_mixin.py:190} INFO - [2024-12-24T20:05:07.776+0000] {dagbag.py:588} INFO - Filling up the DagBag from /home/airflow/.local/lib/python3.12/site-packages/airflow/example_dags/example_branch_day_of_week_operator.py
[2024-12-24T20:05:07.787+0000] {processor.py:925} INFO - DAG(s) 'example_weekday_branch_operator' retrieved from /home/airflow/.local/lib/python3.12/site-packages/airflow/example_dags/example_branch_day_of_week_operator.py
[2024-12-24T20:05:07.810+0000] {logging_mixin.py:190} INFO - [2024-12-24T20:05:07.810+0000] {dag.py:3239} INFO - Sync 1 DAGs
[2024-12-24T20:05:07.834+0000] {logging_mixin.py:190} INFO - [2024-12-24T20:05:07.834+0000] {dag.py:4180} INFO - Setting next_dagrun for example_weekday_branch_operator to 2024-12-23 00:00:00+00:00, run_after=2024-12-24 00:00:00+00:00
[2024-12-24T20:05:07.856+0000] {processor.py:208} INFO - Processing /home/airflow/.local/lib/python3.12/site-packages/airflow/example_dags/example_branch_day_of_week_operator.py took 0.088 seconds
[2024-12-24T20:05:39.025+0000] {processor.py:186} INFO - Started process (PID=608) to work on /home/airflow/.local/lib/python3.12/site-packages/airflow/example_dags/example_branch_day_of_week_operator.py
[2024-12-24T20:05:39.027+0000] {processor.py:914} INFO - Processing file /home/airflow/.local/lib/python3.12/site-packages/airflow/example_dags/example_branch_day_of_week_operator.py for tasks to queue
[2024-12-24T20:05:39.029+0000] {logging_mixin.py:190} INFO - [2024-12-24T20:05:39.029+0000] {dagbag.py:588} INFO - Filling up the DagBag from /home/airflow/.local/lib/python3.12/site-packages/airflow/example_dags/example_branch_day_of_week_operator.py
[2024-12-24T20:05:39.039+0000] {processor.py:925} INFO - DAG(s) 'example_weekday_branch_operator' retrieved from /home/airflow/.local/lib/python3.12/site-packages/airflow/example_dags/example_branch_day_of_week_operator.py
[2024-12-24T20:05:39.060+0000] {logging_mixin.py:190} INFO - [2024-12-24T20:05:39.060+0000] {dag.py:3239} INFO - Sync 1 DAGs
[2024-12-24T20:05:39.084+0000] {logging_mixin.py:190} INFO - [2024-12-24T20:05:39.083+0000] {dag.py:4180} INFO - Setting next_dagrun for example_weekday_branch_operator to 2024-12-23 00:00:00+00:00, run_after=2024-12-24 00:00:00+00:00
[2024-12-24T20:05:39.111+0000] {processor.py:208} INFO - Processing /home/airflow/.local/lib/python3.12/site-packages/airflow/example_dags/example_branch_day_of_week_operator.py took 0.091 seconds
[2024-12-24T20:06:09.899+0000] {processor.py:186} INFO - Started process (PID=672) to work on /home/airflow/.local/lib/python3.12/site-packages/airflow/example_dags/example_branch_day_of_week_operator.py
[2024-12-24T20:06:09.901+0000] {processor.py:914} INFO - Processing file /home/airflow/.local/lib/python3.12/site-packages/airflow/example_dags/example_branch_day_of_week_operator.py for tasks to queue
[2024-12-24T20:06:09.904+0000] {logging_mixin.py:190} INFO - [2024-12-24T20:06:09.904+0000] {dagbag.py:588} INFO - Filling up the DagBag from /home/airflow/.local/lib/python3.12/site-packages/airflow/example_dags/example_branch_day_of_week_operator.py
[2024-12-24T20:06:09.916+0000] {processor.py:925} INFO - DAG(s) 'example_weekday_branch_operator' retrieved from /home/airflow/.local/lib/python3.12/site-packages/airflow/example_dags/example_branch_day_of_week_operator.py
[2024-12-24T20:06:09.945+0000] {logging_mixin.py:190} INFO - [2024-12-24T20:06:09.944+0000] {dag.py:3239} INFO - Sync 1 DAGs
[2024-12-24T20:06:09.976+0000] {logging_mixin.py:190} INFO - [2024-12-24T20:06:09.975+0000] {dag.py:4180} INFO - Setting next_dagrun for example_weekday_branch_operator to 2024-12-23 00:00:00+00:00, run_after=2024-12-24 00:00:00+00:00
[2024-12-24T20:06:10.004+0000] {processor.py:208} INFO - Processing /home/airflow/.local/lib/python3.12/site-packages/airflow/example_dags/example_branch_day_of_week_operator.py took 0.112 seconds
[2024-12-24T20:06:40.775+0000] {processor.py:186} INFO - Started process (PID=735) to work on /home/airflow/.local/lib/python3.12/site-packages/airflow/example_dags/example_branch_day_of_week_operator.py
[2024-12-24T20:06:40.777+0000] {processor.py:914} INFO - Processing file /home/airflow/.local/lib/python3.12/site-packages/airflow/example_dags/example_branch_day_of_week_operator.py for tasks to queue
[2024-12-24T20:06:40.779+0000] {logging_mixin.py:190} INFO - [2024-12-24T20:06:40.779+0000] {dagbag.py:588} INFO - Filling up the DagBag from /home/airflow/.local/lib/python3.12/site-packages/airflow/example_dags/example_branch_day_of_week_operator.py
[2024-12-24T20:06:40.788+0000] {processor.py:925} INFO - DAG(s) 'example_weekday_branch_operator' retrieved from /home/airflow/.local/lib/python3.12/site-packages/airflow/example_dags/example_branch_day_of_week_operator.py
[2024-12-24T20:06:40.808+0000] {logging_mixin.py:190} INFO - [2024-12-24T20:06:40.808+0000] {dag.py:3239} INFO - Sync 1 DAGs
[2024-12-24T20:06:40.828+0000] {logging_mixin.py:190} INFO - [2024-12-24T20:06:40.828+0000] {dag.py:4180} INFO - Setting next_dagrun for example_weekday_branch_operator to 2024-12-23 00:00:00+00:00, run_after=2024-12-24 00:00:00+00:00
[2024-12-24T20:06:40.849+0000] {processor.py:208} INFO - Processing /home/airflow/.local/lib/python3.12/site-packages/airflow/example_dags/example_branch_day_of_week_operator.py took 0.079 seconds
[2024-12-24T20:07:12.796+0000] {processor.py:186} INFO - Started process (PID=798) to work on /home/airflow/.local/lib/python3.12/site-packages/airflow/example_dags/example_branch_day_of_week_operator.py
[2024-12-24T20:07:12.798+0000] {processor.py:914} INFO - Processing file /home/airflow/.local/lib/python3.12/site-packages/airflow/example_dags/example_branch_day_of_week_operator.py for tasks to queue
[2024-12-24T20:07:12.801+0000] {logging_mixin.py:190} INFO - [2024-12-24T20:07:12.801+0000] {dagbag.py:588} INFO - Filling up the DagBag from /home/airflow/.local/lib/python3.12/site-packages/airflow/example_dags/example_branch_day_of_week_operator.py
[2024-12-24T20:07:12.811+0000] {processor.py:925} INFO - DAG(s) 'example_weekday_branch_operator' retrieved from /home/airflow/.local/lib/python3.12/site-packages/airflow/example_dags/example_branch_day_of_week_operator.py
[2024-12-24T20:07:12.831+0000] {logging_mixin.py:190} INFO - [2024-12-24T20:07:12.831+0000] {dag.py:3239} INFO - Sync 1 DAGs
[2024-12-24T20:07:12.858+0000] {logging_mixin.py:190} INFO - [2024-12-24T20:07:12.858+0000] {dag.py:4180} INFO - Setting next_dagrun for example_weekday_branch_operator to 2024-12-23 00:00:00+00:00, run_after=2024-12-24 00:00:00+00:00
[2024-12-24T20:07:12.878+0000] {processor.py:208} INFO - Processing /home/airflow/.local/lib/python3.12/site-packages/airflow/example_dags/example_branch_day_of_week_operator.py took 0.087 seconds
[2024-12-24T20:07:44.337+0000] {processor.py:186} INFO - Started process (PID=861) to work on /home/airflow/.local/lib/python3.12/site-packages/airflow/example_dags/example_branch_day_of_week_operator.py
[2024-12-24T20:07:44.339+0000] {processor.py:914} INFO - Processing file /home/airflow/.local/lib/python3.12/site-packages/airflow/example_dags/example_branch_day_of_week_operator.py for tasks to queue
[2024-12-24T20:07:44.341+0000] {logging_mixin.py:190} INFO - [2024-12-24T20:07:44.341+0000] {dagbag.py:588} INFO - Filling up the DagBag from /home/airflow/.local/lib/python3.12/site-packages/airflow/example_dags/example_branch_day_of_week_operator.py
[2024-12-24T20:07:44.351+0000] {processor.py:925} INFO - DAG(s) 'example_weekday_branch_operator' retrieved from /home/airflow/.local/lib/python3.12/site-packages/airflow/example_dags/example_branch_day_of_week_operator.py
[2024-12-24T20:07:44.372+0000] {logging_mixin.py:190} INFO - [2024-12-24T20:07:44.372+0000] {dag.py:3239} INFO - Sync 1 DAGs
[2024-12-24T20:07:44.396+0000] {logging_mixin.py:190} INFO - [2024-12-24T20:07:44.396+0000] {dag.py:4180} INFO - Setting next_dagrun for example_weekday_branch_operator to 2024-12-23 00:00:00+00:00, run_after=2024-12-24 00:00:00+00:00
[2024-12-24T20:07:44.418+0000] {processor.py:208} INFO - Processing /home/airflow/.local/lib/python3.12/site-packages/airflow/example_dags/example_branch_day_of_week_operator.py took 0.086 seconds
[2024-12-24T20:08:15.102+0000] {processor.py:186} INFO - Started process (PID=924) to work on /home/airflow/.local/lib/python3.12/site-packages/airflow/example_dags/example_branch_day_of_week_operator.py
[2024-12-24T20:08:15.103+0000] {processor.py:914} INFO - Processing file /home/airflow/.local/lib/python3.12/site-packages/airflow/example_dags/example_branch_day_of_week_operator.py for tasks to queue
[2024-12-24T20:08:15.105+0000] {logging_mixin.py:190} INFO - [2024-12-24T20:08:15.105+0000] {dagbag.py:588} INFO - Filling up the DagBag from /home/airflow/.local/lib/python3.12/site-packages/airflow/example_dags/example_branch_day_of_week_operator.py
[2024-12-24T20:08:15.115+0000] {processor.py:925} INFO - DAG(s) 'example_weekday_branch_operator' retrieved from /home/airflow/.local/lib/python3.12/site-packages/airflow/example_dags/example_branch_day_of_week_operator.py
[2024-12-24T20:08:15.134+0000] {logging_mixin.py:190} INFO - [2024-12-24T20:08:15.134+0000] {dag.py:3239} INFO - Sync 1 DAGs
[2024-12-24T20:08:15.157+0000] {logging_mixin.py:190} INFO - [2024-12-24T20:08:15.156+0000] {dag.py:4180} INFO - Setting next_dagrun for example_weekday_branch_operator to 2024-12-23 00:00:00+00:00, run_after=2024-12-24 00:00:00+00:00
[2024-12-24T20:08:15.176+0000] {processor.py:208} INFO - Processing /home/airflow/.local/lib/python3.12/site-packages/airflow/example_dags/example_branch_day_of_week_operator.py took 0.081 seconds
[2024-12-24T20:08:46.748+0000] {processor.py:186} INFO - Started process (PID=987) to work on /home/airflow/.local/lib/python3.12/site-packages/airflow/example_dags/example_branch_day_of_week_operator.py
[2024-12-24T20:08:46.749+0000] {processor.py:914} INFO - Processing file /home/airflow/.local/lib/python3.12/site-packages/airflow/example_dags/example_branch_day_of_week_operator.py for tasks to queue
[2024-12-24T20:08:46.752+0000] {logging_mixin.py:190} INFO - [2024-12-24T20:08:46.752+0000] {dagbag.py:588} INFO - Filling up the DagBag from /home/airflow/.local/lib/python3.12/site-packages/airflow/example_dags/example_branch_day_of_week_operator.py
[2024-12-24T20:08:46.764+0000] {processor.py:925} INFO - DAG(s) 'example_weekday_branch_operator' retrieved from /home/airflow/.local/lib/python3.12/site-packages/airflow/example_dags/example_branch_day_of_week_operator.py
[2024-12-24T20:08:46.784+0000] {logging_mixin.py:190} INFO - [2024-12-24T20:08:46.784+0000] {dag.py:3239} INFO - Sync 1 DAGs
[2024-12-24T20:08:46.806+0000] {logging_mixin.py:190} INFO - [2024-12-24T20:08:46.806+0000] {dag.py:4180} INFO - Setting next_dagrun for example_weekday_branch_operator to 2024-12-23 00:00:00+00:00, run_after=2024-12-24 00:00:00+00:00
[2024-12-24T20:08:46.825+0000] {processor.py:208} INFO - Processing /home/airflow/.local/lib/python3.12/site-packages/airflow/example_dags/example_branch_day_of_week_operator.py took 0.082 seconds
[2024-12-24T20:09:17.519+0000] {processor.py:186} INFO - Started process (PID=1050) to work on /home/airflow/.local/lib/python3.12/site-packages/airflow/example_dags/example_branch_day_of_week_operator.py
[2024-12-24T20:09:17.521+0000] {processor.py:914} INFO - Processing file /home/airflow/.local/lib/python3.12/site-packages/airflow/example_dags/example_branch_day_of_week_operator.py for tasks to queue
[2024-12-24T20:09:17.523+0000] {logging_mixin.py:190} INFO - [2024-12-24T20:09:17.523+0000] {dagbag.py:588} INFO - Filling up the DagBag from /home/airflow/.local/lib/python3.12/site-packages/airflow/example_dags/example_branch_day_of_week_operator.py
[2024-12-24T20:09:17.535+0000] {processor.py:925} INFO - DAG(s) 'example_weekday_branch_operator' retrieved from /home/airflow/.local/lib/python3.12/site-packages/airflow/example_dags/example_branch_day_of_week_operator.py
[2024-12-24T20:09:17.557+0000] {logging_mixin.py:190} INFO - [2024-12-24T20:09:17.557+0000] {dag.py:3239} INFO - Sync 1 DAGs
[2024-12-24T20:09:17.586+0000] {logging_mixin.py:190} INFO - [2024-12-24T20:09:17.586+0000] {dag.py:4180} INFO - Setting next_dagrun for example_weekday_branch_operator to 2024-12-23 00:00:00+00:00, run_after=2024-12-24 00:00:00+00:00
[2024-12-24T20:09:17.610+0000] {processor.py:208} INFO - Processing /home/airflow/.local/lib/python3.12/site-packages/airflow/example_dags/example_branch_day_of_week_operator.py took 0.097 seconds
[2024-12-24T20:09:48.630+0000] {processor.py:186} INFO - Started process (PID=1113) to work on /home/airflow/.local/lib/python3.12/site-packages/airflow/example_dags/example_branch_day_of_week_operator.py
[2024-12-24T20:09:48.631+0000] {processor.py:914} INFO - Processing file /home/airflow/.local/lib/python3.12/site-packages/airflow/example_dags/example_branch_day_of_week_operator.py for tasks to queue
[2024-12-24T20:09:48.634+0000] {logging_mixin.py:190} INFO - [2024-12-24T20:09:48.633+0000] {dagbag.py:588} INFO - Filling up the DagBag from /home/airflow/.local/lib/python3.12/site-packages/airflow/example_dags/example_branch_day_of_week_operator.py
[2024-12-24T20:09:48.643+0000] {processor.py:925} INFO - DAG(s) 'example_weekday_branch_operator' retrieved from /home/airflow/.local/lib/python3.12/site-packages/airflow/example_dags/example_branch_day_of_week_operator.py
[2024-12-24T20:09:48.664+0000] {logging_mixin.py:190} INFO - [2024-12-24T20:09:48.664+0000] {dag.py:3239} INFO - Sync 1 DAGs
[2024-12-24T20:09:48.689+0000] {logging_mixin.py:190} INFO - [2024-12-24T20:09:48.689+0000] {dag.py:4180} INFO - Setting next_dagrun for example_weekday_branch_operator to 2024-12-23 00:00:00+00:00, run_after=2024-12-24 00:00:00+00:00
[2024-12-24T20:09:48.709+0000] {processor.py:208} INFO - Processing /home/airflow/.local/lib/python3.12/site-packages/airflow/example_dags/example_branch_day_of_week_operator.py took 0.084 seconds
[2024-12-24T20:10:19.384+0000] {processor.py:186} INFO - Started process (PID=1176) to work on /home/airflow/.local/lib/python3.12/site-packages/airflow/example_dags/example_branch_day_of_week_operator.py
[2024-12-24T20:10:19.385+0000] {processor.py:914} INFO - Processing file /home/airflow/.local/lib/python3.12/site-packages/airflow/example_dags/example_branch_day_of_week_operator.py for tasks to queue
[2024-12-24T20:10:19.388+0000] {logging_mixin.py:190} INFO - [2024-12-24T20:10:19.387+0000] {dagbag.py:588} INFO - Filling up the DagBag from /home/airflow/.local/lib/python3.12/site-packages/airflow/example_dags/example_branch_day_of_week_operator.py
[2024-12-24T20:10:19.397+0000] {processor.py:925} INFO - DAG(s) 'example_weekday_branch_operator' retrieved from /home/airflow/.local/lib/python3.12/site-packages/airflow/example_dags/example_branch_day_of_week_operator.py
[2024-12-24T20:10:19.417+0000] {logging_mixin.py:190} INFO - [2024-12-24T20:10:19.417+0000] {dag.py:3239} INFO - Sync 1 DAGs
[2024-12-24T20:10:19.442+0000] {logging_mixin.py:190} INFO - [2024-12-24T20:10:19.441+0000] {dag.py:4180} INFO - Setting next_dagrun for example_weekday_branch_operator to 2024-12-23 00:00:00+00:00, run_after=2024-12-24 00:00:00+00:00
[2024-12-24T20:10:19.458+0000] {processor.py:208} INFO - Processing /home/airflow/.local/lib/python3.12/site-packages/airflow/example_dags/example_branch_day_of_week_operator.py took 0.080 seconds
[2024-12-24T20:10:51.402+0000] {processor.py:186} INFO - Started process (PID=1239) to work on /home/airflow/.local/lib/python3.12/site-packages/airflow/example_dags/example_branch_day_of_week_operator.py
[2024-12-24T20:10:51.403+0000] {processor.py:914} INFO - Processing file /home/airflow/.local/lib/python3.12/site-packages/airflow/example_dags/example_branch_day_of_week_operator.py for tasks to queue
[2024-12-24T20:10:51.406+0000] {logging_mixin.py:190} INFO - [2024-12-24T20:10:51.406+0000] {dagbag.py:588} INFO - Filling up the DagBag from /home/airflow/.local/lib/python3.12/site-packages/airflow/example_dags/example_branch_day_of_week_operator.py
[2024-12-24T20:10:51.420+0000] {processor.py:925} INFO - DAG(s) 'example_weekday_branch_operator' retrieved from /home/airflow/.local/lib/python3.12/site-packages/airflow/example_dags/example_branch_day_of_week_operator.py
[2024-12-24T20:10:51.444+0000] {logging_mixin.py:190} INFO - [2024-12-24T20:10:51.444+0000] {dag.py:3239} INFO - Sync 1 DAGs
[2024-12-24T20:10:51.476+0000] {logging_mixin.py:190} INFO - [2024-12-24T20:10:51.476+0000] {dag.py:4180} INFO - Setting next_dagrun for example_weekday_branch_operator to 2024-12-23 00:00:00+00:00, run_after=2024-12-24 00:00:00+00:00
[2024-12-24T20:10:51.498+0000] {processor.py:208} INFO - Processing /home/airflow/.local/lib/python3.12/site-packages/airflow/example_dags/example_branch_day_of_week_operator.py took 0.103 seconds
[2024-12-24T20:11:22.041+0000] {processor.py:186} INFO - Started process (PID=1302) to work on /home/airflow/.local/lib/python3.12/site-packages/airflow/example_dags/example_branch_day_of_week_operator.py
[2024-12-24T20:11:22.042+0000] {processor.py:914} INFO - Processing file /home/airflow/.local/lib/python3.12/site-packages/airflow/example_dags/example_branch_day_of_week_operator.py for tasks to queue
[2024-12-24T20:11:22.045+0000] {logging_mixin.py:190} INFO - [2024-12-24T20:11:22.044+0000] {dagbag.py:588} INFO - Filling up the DagBag from /home/airflow/.local/lib/python3.12/site-packages/airflow/example_dags/example_branch_day_of_week_operator.py
[2024-12-24T20:11:22.054+0000] {processor.py:925} INFO - DAG(s) 'example_weekday_branch_operator' retrieved from /home/airflow/.local/lib/python3.12/site-packages/airflow/example_dags/example_branch_day_of_week_operator.py
[2024-12-24T20:11:22.076+0000] {logging_mixin.py:190} INFO - [2024-12-24T20:11:22.076+0000] {dag.py:3239} INFO - Sync 1 DAGs
[2024-12-24T20:11:22.100+0000] {logging_mixin.py:190} INFO - [2024-12-24T20:11:22.099+0000] {dag.py:4180} INFO - Setting next_dagrun for example_weekday_branch_operator to 2024-12-23 00:00:00+00:00, run_after=2024-12-24 00:00:00+00:00
[2024-12-24T20:11:22.117+0000] {processor.py:208} INFO - Processing /home/airflow/.local/lib/python3.12/site-packages/airflow/example_dags/example_branch_day_of_week_operator.py took 0.081 seconds
[2024-12-24T20:11:53.132+0000] {processor.py:186} INFO - Started process (PID=1373) to work on /home/airflow/.local/lib/python3.12/site-packages/airflow/example_dags/example_branch_day_of_week_operator.py
[2024-12-24T20:11:53.133+0000] {processor.py:914} INFO - Processing file /home/airflow/.local/lib/python3.12/site-packages/airflow/example_dags/example_branch_day_of_week_operator.py for tasks to queue
[2024-12-24T20:11:53.135+0000] {logging_mixin.py:190} INFO - [2024-12-24T20:11:53.134+0000] {dagbag.py:588} INFO - Filling up the DagBag from /home/airflow/.local/lib/python3.12/site-packages/airflow/example_dags/example_branch_day_of_week_operator.py
[2024-12-24T20:11:53.143+0000] {processor.py:925} INFO - DAG(s) 'example_weekday_branch_operator' retrieved from /home/airflow/.local/lib/python3.12/site-packages/airflow/example_dags/example_branch_day_of_week_operator.py
[2024-12-24T20:11:53.161+0000] {logging_mixin.py:190} INFO - [2024-12-24T20:11:53.161+0000] {dag.py:3239} INFO - Sync 1 DAGs
[2024-12-24T20:11:53.183+0000] {logging_mixin.py:190} INFO - [2024-12-24T20:11:53.183+0000] {dag.py:4180} INFO - Setting next_dagrun for example_weekday_branch_operator to 2024-12-23 00:00:00+00:00, run_after=2024-12-24 00:00:00+00:00
[2024-12-24T20:11:53.199+0000] {processor.py:208} INFO - Processing /home/airflow/.local/lib/python3.12/site-packages/airflow/example_dags/example_branch_day_of_week_operator.py took 0.072 seconds
[2024-12-24T20:12:24.679+0000] {processor.py:186} INFO - Started process (PID=1437) to work on /home/airflow/.local/lib/python3.12/site-packages/airflow/example_dags/example_branch_day_of_week_operator.py
[2024-12-24T20:12:24.680+0000] {processor.py:914} INFO - Processing file /home/airflow/.local/lib/python3.12/site-packages/airflow/example_dags/example_branch_day_of_week_operator.py for tasks to queue
[2024-12-24T20:12:24.681+0000] {logging_mixin.py:190} INFO - [2024-12-24T20:12:24.681+0000] {dagbag.py:588} INFO - Filling up the DagBag from /home/airflow/.local/lib/python3.12/site-packages/airflow/example_dags/example_branch_day_of_week_operator.py
[2024-12-24T20:12:24.690+0000] {processor.py:925} INFO - DAG(s) 'example_weekday_branch_operator' retrieved from /home/airflow/.local/lib/python3.12/site-packages/airflow/example_dags/example_branch_day_of_week_operator.py
[2024-12-24T20:12:24.708+0000] {logging_mixin.py:190} INFO - [2024-12-24T20:12:24.708+0000] {dag.py:3239} INFO - Sync 1 DAGs
[2024-12-24T20:12:24.729+0000] {logging_mixin.py:190} INFO - [2024-12-24T20:12:24.728+0000] {dag.py:4180} INFO - Setting next_dagrun for example_weekday_branch_operator to 2024-12-23 00:00:00+00:00, run_after=2024-12-24 00:00:00+00:00
[2024-12-24T20:12:24.744+0000] {processor.py:208} INFO - Processing /home/airflow/.local/lib/python3.12/site-packages/airflow/example_dags/example_branch_day_of_week_operator.py took 0.070 seconds
[2024-12-24T20:12:56.070+0000] {processor.py:186} INFO - Started process (PID=1501) to work on /home/airflow/.local/lib/python3.12/site-packages/airflow/example_dags/example_branch_day_of_week_operator.py
[2024-12-24T20:12:56.071+0000] {processor.py:914} INFO - Processing file /home/airflow/.local/lib/python3.12/site-packages/airflow/example_dags/example_branch_day_of_week_operator.py for tasks to queue
[2024-12-24T20:12:56.072+0000] {logging_mixin.py:190} INFO - [2024-12-24T20:12:56.071+0000] {dagbag.py:588} INFO - Filling up the DagBag from /home/airflow/.local/lib/python3.12/site-packages/airflow/example_dags/example_branch_day_of_week_operator.py
[2024-12-24T20:12:56.082+0000] {processor.py:925} INFO - DAG(s) 'example_weekday_branch_operator' retrieved from /home/airflow/.local/lib/python3.12/site-packages/airflow/example_dags/example_branch_day_of_week_operator.py
[2024-12-24T20:12:56.102+0000] {logging_mixin.py:190} INFO - [2024-12-24T20:12:56.101+0000] {dag.py:3239} INFO - Sync 1 DAGs
[2024-12-24T20:12:56.125+0000] {logging_mixin.py:190} INFO - [2024-12-24T20:12:56.125+0000] {dag.py:4180} INFO - Setting next_dagrun for example_weekday_branch_operator to 2024-12-23 00:00:00+00:00, run_after=2024-12-24 00:00:00+00:00
[2024-12-24T20:12:56.146+0000] {processor.py:208} INFO - Processing /home/airflow/.local/lib/python3.12/site-packages/airflow/example_dags/example_branch_day_of_week_operator.py took 0.081 seconds
[2024-12-24T20:13:26.901+0000] {processor.py:186} INFO - Started process (PID=1565) to work on /home/airflow/.local/lib/python3.12/site-packages/airflow/example_dags/example_branch_day_of_week_operator.py
[2024-12-24T20:13:26.902+0000] {processor.py:914} INFO - Processing file /home/airflow/.local/lib/python3.12/site-packages/airflow/example_dags/example_branch_day_of_week_operator.py for tasks to queue
[2024-12-24T20:13:26.903+0000] {logging_mixin.py:190} INFO - [2024-12-24T20:13:26.903+0000] {dagbag.py:588} INFO - Filling up the DagBag from /home/airflow/.local/lib/python3.12/site-packages/airflow/example_dags/example_branch_day_of_week_operator.py
[2024-12-24T20:13:26.912+0000] {processor.py:925} INFO - DAG(s) 'example_weekday_branch_operator' retrieved from /home/airflow/.local/lib/python3.12/site-packages/airflow/example_dags/example_branch_day_of_week_operator.py
[2024-12-24T20:13:26.930+0000] {logging_mixin.py:190} INFO - [2024-12-24T20:13:26.929+0000] {dag.py:3239} INFO - Sync 1 DAGs
[2024-12-24T20:13:26.952+0000] {logging_mixin.py:190} INFO - [2024-12-24T20:13:26.952+0000] {dag.py:4180} INFO - Setting next_dagrun for example_weekday_branch_operator to 2024-12-23 00:00:00+00:00, run_after=2024-12-24 00:00:00+00:00
[2024-12-24T20:13:26.968+0000] {processor.py:208} INFO - Processing /home/airflow/.local/lib/python3.12/site-packages/airflow/example_dags/example_branch_day_of_week_operator.py took 0.072 seconds
[2024-12-24T20:13:57.694+0000] {processor.py:186} INFO - Started process (PID=1629) to work on /home/airflow/.local/lib/python3.12/site-packages/airflow/example_dags/example_branch_day_of_week_operator.py
[2024-12-24T20:13:57.696+0000] {processor.py:914} INFO - Processing file /home/airflow/.local/lib/python3.12/site-packages/airflow/example_dags/example_branch_day_of_week_operator.py for tasks to queue
[2024-12-24T20:13:57.697+0000] {logging_mixin.py:190} INFO - [2024-12-24T20:13:57.697+0000] {dagbag.py:588} INFO - Filling up the DagBag from /home/airflow/.local/lib/python3.12/site-packages/airflow/example_dags/example_branch_day_of_week_operator.py
[2024-12-24T20:13:57.707+0000] {processor.py:925} INFO - DAG(s) 'example_weekday_branch_operator' retrieved from /home/airflow/.local/lib/python3.12/site-packages/airflow/example_dags/example_branch_day_of_week_operator.py
[2024-12-24T20:13:57.728+0000] {logging_mixin.py:190} INFO - [2024-12-24T20:13:57.727+0000] {dag.py:3239} INFO - Sync 1 DAGs
[2024-12-24T20:13:57.753+0000] {logging_mixin.py:190} INFO - [2024-12-24T20:13:57.753+0000] {dag.py:4180} INFO - Setting next_dagrun for example_weekday_branch_operator to 2024-12-23 00:00:00+00:00, run_after=2024-12-24 00:00:00+00:00
[2024-12-24T20:13:57.772+0000] {processor.py:208} INFO - Processing /home/airflow/.local/lib/python3.12/site-packages/airflow/example_dags/example_branch_day_of_week_operator.py took 0.083 seconds
[2024-12-24T20:14:28.455+0000] {processor.py:186} INFO - Started process (PID=1693) to work on /home/airflow/.local/lib/python3.12/site-packages/airflow/example_dags/example_branch_day_of_week_operator.py
[2024-12-24T20:14:28.456+0000] {processor.py:914} INFO - Processing file /home/airflow/.local/lib/python3.12/site-packages/airflow/example_dags/example_branch_day_of_week_operator.py for tasks to queue
[2024-12-24T20:14:28.458+0000] {logging_mixin.py:190} INFO - [2024-12-24T20:14:28.457+0000] {dagbag.py:588} INFO - Filling up the DagBag from /home/airflow/.local/lib/python3.12/site-packages/airflow/example_dags/example_branch_day_of_week_operator.py
[2024-12-24T20:14:28.466+0000] {processor.py:925} INFO - DAG(s) 'example_weekday_branch_operator' retrieved from /home/airflow/.local/lib/python3.12/site-packages/airflow/example_dags/example_branch_day_of_week_operator.py
[2024-12-24T20:14:28.484+0000] {logging_mixin.py:190} INFO - [2024-12-24T20:14:28.484+0000] {dag.py:3239} INFO - Sync 1 DAGs
[2024-12-24T20:14:28.505+0000] {logging_mixin.py:190} INFO - [2024-12-24T20:14:28.504+0000] {dag.py:4180} INFO - Setting next_dagrun for example_weekday_branch_operator to 2024-12-23 00:00:00+00:00, run_after=2024-12-24 00:00:00+00:00
[2024-12-24T20:14:28.520+0000] {processor.py:208} INFO - Processing /home/airflow/.local/lib/python3.12/site-packages/airflow/example_dags/example_branch_day_of_week_operator.py took 0.070 seconds
[2024-12-24T20:15:00.088+0000] {processor.py:186} INFO - Started process (PID=1757) to work on /home/airflow/.local/lib/python3.12/site-packages/airflow/example_dags/example_branch_day_of_week_operator.py
[2024-12-24T20:15:00.089+0000] {processor.py:914} INFO - Processing file /home/airflow/.local/lib/python3.12/site-packages/airflow/example_dags/example_branch_day_of_week_operator.py for tasks to queue
[2024-12-24T20:15:00.091+0000] {logging_mixin.py:190} INFO - [2024-12-24T20:15:00.091+0000] {dagbag.py:588} INFO - Filling up the DagBag from /home/airflow/.local/lib/python3.12/site-packages/airflow/example_dags/example_branch_day_of_week_operator.py
[2024-12-24T20:15:00.102+0000] {processor.py:925} INFO - DAG(s) 'example_weekday_branch_operator' retrieved from /home/airflow/.local/lib/python3.12/site-packages/airflow/example_dags/example_branch_day_of_week_operator.py
[2024-12-24T20:15:00.125+0000] {logging_mixin.py:190} INFO - [2024-12-24T20:15:00.124+0000] {dag.py:3239} INFO - Sync 1 DAGs
[2024-12-24T20:15:00.154+0000] {logging_mixin.py:190} INFO - [2024-12-24T20:15:00.153+0000] {dag.py:4180} INFO - Setting next_dagrun for example_weekday_branch_operator to 2024-12-23 00:00:00+00:00, run_after=2024-12-24 00:00:00+00:00
[2024-12-24T20:15:00.174+0000] {processor.py:208} INFO - Processing /home/airflow/.local/lib/python3.12/site-packages/airflow/example_dags/example_branch_day_of_week_operator.py took 0.093 seconds
[2024-12-24T20:15:31.386+0000] {processor.py:186} INFO - Started process (PID=1821) to work on /home/airflow/.local/lib/python3.12/site-packages/airflow/example_dags/example_branch_day_of_week_operator.py
[2024-12-24T20:15:31.387+0000] {processor.py:914} INFO - Processing file /home/airflow/.local/lib/python3.12/site-packages/airflow/example_dags/example_branch_day_of_week_operator.py for tasks to queue
[2024-12-24T20:15:31.388+0000] {logging_mixin.py:190} INFO - [2024-12-24T20:15:31.388+0000] {dagbag.py:588} INFO - Filling up the DagBag from /home/airflow/.local/lib/python3.12/site-packages/airflow/example_dags/example_branch_day_of_week_operator.py
[2024-12-24T20:15:31.398+0000] {processor.py:925} INFO - DAG(s) 'example_weekday_branch_operator' retrieved from /home/airflow/.local/lib/python3.12/site-packages/airflow/example_dags/example_branch_day_of_week_operator.py
[2024-12-24T20:15:31.416+0000] {logging_mixin.py:190} INFO - [2024-12-24T20:15:31.416+0000] {dag.py:3239} INFO - Sync 1 DAGs
[2024-12-24T20:15:31.439+0000] {logging_mixin.py:190} INFO - [2024-12-24T20:15:31.439+0000] {dag.py:4180} INFO - Setting next_dagrun for example_weekday_branch_operator to 2024-12-23 00:00:00+00:00, run_after=2024-12-24 00:00:00+00:00
[2024-12-24T20:15:31.454+0000] {processor.py:208} INFO - Processing /home/airflow/.local/lib/python3.12/site-packages/airflow/example_dags/example_branch_day_of_week_operator.py took 0.074 seconds
[2024-12-24T20:16:02.393+0000] {processor.py:186} INFO - Started process (PID=1885) to work on /home/airflow/.local/lib/python3.12/site-packages/airflow/example_dags/example_branch_day_of_week_operator.py
[2024-12-24T20:16:02.394+0000] {processor.py:914} INFO - Processing file /home/airflow/.local/lib/python3.12/site-packages/airflow/example_dags/example_branch_day_of_week_operator.py for tasks to queue
[2024-12-24T20:16:02.395+0000] {logging_mixin.py:190} INFO - [2024-12-24T20:16:02.395+0000] {dagbag.py:588} INFO - Filling up the DagBag from /home/airflow/.local/lib/python3.12/site-packages/airflow/example_dags/example_branch_day_of_week_operator.py
[2024-12-24T20:16:02.405+0000] {processor.py:925} INFO - DAG(s) 'example_weekday_branch_operator' retrieved from /home/airflow/.local/lib/python3.12/site-packages/airflow/example_dags/example_branch_day_of_week_operator.py
[2024-12-24T20:16:02.423+0000] {logging_mixin.py:190} INFO - [2024-12-24T20:16:02.423+0000] {dag.py:3239} INFO - Sync 1 DAGs
[2024-12-24T20:16:02.447+0000] {logging_mixin.py:190} INFO - [2024-12-24T20:16:02.447+0000] {dag.py:4180} INFO - Setting next_dagrun for example_weekday_branch_operator to 2024-12-23 00:00:00+00:00, run_after=2024-12-24 00:00:00+00:00
[2024-12-24T20:16:02.462+0000] {processor.py:208} INFO - Processing /home/airflow/.local/lib/python3.12/site-packages/airflow/example_dags/example_branch_day_of_week_operator.py took 0.075 seconds
[2024-12-24T20:16:33.216+0000] {processor.py:186} INFO - Started process (PID=1949) to work on /home/airflow/.local/lib/python3.12/site-packages/airflow/example_dags/example_branch_day_of_week_operator.py
[2024-12-24T20:16:33.217+0000] {processor.py:914} INFO - Processing file /home/airflow/.local/lib/python3.12/site-packages/airflow/example_dags/example_branch_day_of_week_operator.py for tasks to queue
[2024-12-24T20:16:33.219+0000] {logging_mixin.py:190} INFO - [2024-12-24T20:16:33.218+0000] {dagbag.py:588} INFO - Filling up the DagBag from /home/airflow/.local/lib/python3.12/site-packages/airflow/example_dags/example_branch_day_of_week_operator.py
[2024-12-24T20:16:33.229+0000] {processor.py:925} INFO - DAG(s) 'example_weekday_branch_operator' retrieved from /home/airflow/.local/lib/python3.12/site-packages/airflow/example_dags/example_branch_day_of_week_operator.py
[2024-12-24T20:16:33.250+0000] {logging_mixin.py:190} INFO - [2024-12-24T20:16:33.249+0000] {dag.py:3239} INFO - Sync 1 DAGs
[2024-12-24T20:16:33.274+0000] {logging_mixin.py:190} INFO - [2024-12-24T20:16:33.274+0000] {dag.py:4180} INFO - Setting next_dagrun for example_weekday_branch_operator to 2024-12-23 00:00:00+00:00, run_after=2024-12-24 00:00:00+00:00
[2024-12-24T20:16:33.293+0000] {processor.py:208} INFO - Processing /home/airflow/.local/lib/python3.12/site-packages/airflow/example_dags/example_branch_day_of_week_operator.py took 0.083 seconds
[2024-12-24T20:17:04.310+0000] {processor.py:186} INFO - Started process (PID=2013) to work on /home/airflow/.local/lib/python3.12/site-packages/airflow/example_dags/example_branch_day_of_week_operator.py
[2024-12-24T20:17:04.311+0000] {processor.py:914} INFO - Processing file /home/airflow/.local/lib/python3.12/site-packages/airflow/example_dags/example_branch_day_of_week_operator.py for tasks to queue
[2024-12-24T20:17:04.312+0000] {logging_mixin.py:190} INFO - [2024-12-24T20:17:04.312+0000] {dagbag.py:588} INFO - Filling up the DagBag from /home/airflow/.local/lib/python3.12/site-packages/airflow/example_dags/example_branch_day_of_week_operator.py
[2024-12-24T20:17:04.321+0000] {processor.py:925} INFO - DAG(s) 'example_weekday_branch_operator' retrieved from /home/airflow/.local/lib/python3.12/site-packages/airflow/example_dags/example_branch_day_of_week_operator.py
[2024-12-24T20:17:04.339+0000] {logging_mixin.py:190} INFO - [2024-12-24T20:17:04.339+0000] {dag.py:3239} INFO - Sync 1 DAGs
[2024-12-24T20:17:04.358+0000] {logging_mixin.py:190} INFO - [2024-12-24T20:17:04.358+0000] {dag.py:4180} INFO - Setting next_dagrun for example_weekday_branch_operator to 2024-12-23 00:00:00+00:00, run_after=2024-12-24 00:00:00+00:00
[2024-12-24T20:17:04.374+0000] {processor.py:208} INFO - Processing /home/airflow/.local/lib/python3.12/site-packages/airflow/example_dags/example_branch_day_of_week_operator.py took 0.069 seconds
[2024-12-24T20:17:35.343+0000] {processor.py:186} INFO - Started process (PID=2077) to work on /home/airflow/.local/lib/python3.12/site-packages/airflow/example_dags/example_branch_day_of_week_operator.py
[2024-12-24T20:17:35.344+0000] {processor.py:914} INFO - Processing file /home/airflow/.local/lib/python3.12/site-packages/airflow/example_dags/example_branch_day_of_week_operator.py for tasks to queue
[2024-12-24T20:17:35.345+0000] {logging_mixin.py:190} INFO - [2024-12-24T20:17:35.345+0000] {dagbag.py:588} INFO - Filling up the DagBag from /home/airflow/.local/lib/python3.12/site-packages/airflow/example_dags/example_branch_day_of_week_operator.py
[2024-12-24T20:17:35.355+0000] {processor.py:925} INFO - DAG(s) 'example_weekday_branch_operator' retrieved from /home/airflow/.local/lib/python3.12/site-packages/airflow/example_dags/example_branch_day_of_week_operator.py
[2024-12-24T20:17:35.376+0000] {logging_mixin.py:190} INFO - [2024-12-24T20:17:35.375+0000] {dag.py:3239} INFO - Sync 1 DAGs
[2024-12-24T20:17:35.402+0000] {logging_mixin.py:190} INFO - [2024-12-24T20:17:35.402+0000] {dag.py:4180} INFO - Setting next_dagrun for example_weekday_branch_operator to 2024-12-23 00:00:00+00:00, run_after=2024-12-24 00:00:00+00:00
[2024-12-24T20:17:35.421+0000] {processor.py:208} INFO - Processing /home/airflow/.local/lib/python3.12/site-packages/airflow/example_dags/example_branch_day_of_week_operator.py took 0.086 seconds
[2024-12-24T20:18:06.192+0000] {processor.py:186} INFO - Started process (PID=2141) to work on /home/airflow/.local/lib/python3.12/site-packages/airflow/example_dags/example_branch_day_of_week_operator.py
[2024-12-24T20:18:06.193+0000] {processor.py:914} INFO - Processing file /home/airflow/.local/lib/python3.12/site-packages/airflow/example_dags/example_branch_day_of_week_operator.py for tasks to queue
[2024-12-24T20:18:06.195+0000] {logging_mixin.py:190} INFO - [2024-12-24T20:18:06.195+0000] {dagbag.py:588} INFO - Filling up the DagBag from /home/airflow/.local/lib/python3.12/site-packages/airflow/example_dags/example_branch_day_of_week_operator.py
[2024-12-24T20:18:06.208+0000] {processor.py:925} INFO - DAG(s) 'example_weekday_branch_operator' retrieved from /home/airflow/.local/lib/python3.12/site-packages/airflow/example_dags/example_branch_day_of_week_operator.py
[2024-12-24T20:18:06.234+0000] {logging_mixin.py:190} INFO - [2024-12-24T20:18:06.233+0000] {dag.py:3239} INFO - Sync 1 DAGs
[2024-12-24T20:18:06.262+0000] {logging_mixin.py:190} INFO - [2024-12-24T20:18:06.262+0000] {dag.py:4180} INFO - Setting next_dagrun for example_weekday_branch_operator to 2024-12-23 00:00:00+00:00, run_after=2024-12-24 00:00:00+00:00
[2024-12-24T20:18:06.286+0000] {processor.py:208} INFO - Processing /home/airflow/.local/lib/python3.12/site-packages/airflow/example_dags/example_branch_day_of_week_operator.py took 0.101 seconds
[2024-12-24T20:18:36.733+0000] {processor.py:186} INFO - Started process (PID=2205) to work on /home/airflow/.local/lib/python3.12/site-packages/airflow/example_dags/example_branch_day_of_week_operator.py
[2024-12-24T20:18:36.734+0000] {processor.py:914} INFO - Processing file /home/airflow/.local/lib/python3.12/site-packages/airflow/example_dags/example_branch_day_of_week_operator.py for tasks to queue
[2024-12-24T20:18:36.735+0000] {logging_mixin.py:190} INFO - [2024-12-24T20:18:36.735+0000] {dagbag.py:588} INFO - Filling up the DagBag from /home/airflow/.local/lib/python3.12/site-packages/airflow/example_dags/example_branch_day_of_week_operator.py
[2024-12-24T20:18:36.744+0000] {processor.py:925} INFO - DAG(s) 'example_weekday_branch_operator' retrieved from /home/airflow/.local/lib/python3.12/site-packages/airflow/example_dags/example_branch_day_of_week_operator.py
[2024-12-24T20:18:36.762+0000] {logging_mixin.py:190} INFO - [2024-12-24T20:18:36.762+0000] {dag.py:3239} INFO - Sync 1 DAGs
[2024-12-24T20:18:36.784+0000] {logging_mixin.py:190} INFO - [2024-12-24T20:18:36.783+0000] {dag.py:4180} INFO - Setting next_dagrun for example_weekday_branch_operator to 2024-12-23 00:00:00+00:00, run_after=2024-12-24 00:00:00+00:00
[2024-12-24T20:18:36.799+0000] {processor.py:208} INFO - Processing /home/airflow/.local/lib/python3.12/site-packages/airflow/example_dags/example_branch_day_of_week_operator.py took 0.071 seconds
[2024-12-24T20:35:45.007+0000] {processor.py:186} INFO - Started process (PID=107) to work on /home/airflow/.local/lib/python3.10/site-packages/airflow/example_dags/example_branch_day_of_week_operator.py
[2024-12-24T20:35:45.013+0000] {processor.py:914} INFO - Processing file /home/airflow/.local/lib/python3.10/site-packages/airflow/example_dags/example_branch_day_of_week_operator.py for tasks to queue
[2024-12-24T20:35:45.016+0000] {logging_mixin.py:190} INFO - [2024-12-24T20:35:45.015+0000] {dagbag.py:588} INFO - Filling up the DagBag from /home/airflow/.local/lib/python3.10/site-packages/airflow/example_dags/example_branch_day_of_week_operator.py
[2024-12-24T20:35:45.026+0000] {processor.py:925} INFO - DAG(s) 'example_weekday_branch_operator' retrieved from /home/airflow/.local/lib/python3.10/site-packages/airflow/example_dags/example_branch_day_of_week_operator.py
[2024-12-24T20:35:45.117+0000] {logging_mixin.py:190} INFO - [2024-12-24T20:35:45.117+0000] {dag.py:3239} INFO - Sync 1 DAGs
[2024-12-24T20:35:45.137+0000] {logging_mixin.py:190} INFO - [2024-12-24T20:35:45.137+0000] {dag.py:4180} INFO - Setting next_dagrun for example_weekday_branch_operator to 2024-12-23 00:00:00+00:00, run_after=2024-12-24 00:00:00+00:00
[2024-12-24T20:35:45.155+0000] {processor.py:208} INFO - Processing /home/airflow/.local/lib/python3.10/site-packages/airflow/example_dags/example_branch_day_of_week_operator.py took 0.154 seconds
[2024-12-24T20:36:16.286+0000] {processor.py:186} INFO - Started process (PID=172) to work on /home/airflow/.local/lib/python3.10/site-packages/airflow/example_dags/example_branch_day_of_week_operator.py
[2024-12-24T20:36:16.287+0000] {processor.py:914} INFO - Processing file /home/airflow/.local/lib/python3.10/site-packages/airflow/example_dags/example_branch_day_of_week_operator.py for tasks to queue
[2024-12-24T20:36:16.290+0000] {logging_mixin.py:190} INFO - [2024-12-24T20:36:16.290+0000] {dagbag.py:588} INFO - Filling up the DagBag from /home/airflow/.local/lib/python3.10/site-packages/airflow/example_dags/example_branch_day_of_week_operator.py
[2024-12-24T20:36:16.300+0000] {processor.py:925} INFO - DAG(s) 'example_weekday_branch_operator' retrieved from /home/airflow/.local/lib/python3.10/site-packages/airflow/example_dags/example_branch_day_of_week_operator.py
[2024-12-24T20:36:16.318+0000] {logging_mixin.py:190} INFO - [2024-12-24T20:36:16.318+0000] {dag.py:3239} INFO - Sync 1 DAGs
[2024-12-24T20:36:16.339+0000] {logging_mixin.py:190} INFO - [2024-12-24T20:36:16.338+0000] {dag.py:4180} INFO - Setting next_dagrun for example_weekday_branch_operator to 2024-12-23 00:00:00+00:00, run_after=2024-12-24 00:00:00+00:00
[2024-12-24T20:36:16.354+0000] {processor.py:208} INFO - Processing /home/airflow/.local/lib/python3.10/site-packages/airflow/example_dags/example_branch_day_of_week_operator.py took 0.073 seconds
[2024-12-24T20:36:47.060+0000] {processor.py:186} INFO - Started process (PID=235) to work on /home/airflow/.local/lib/python3.10/site-packages/airflow/example_dags/example_branch_day_of_week_operator.py
[2024-12-24T20:36:47.061+0000] {processor.py:914} INFO - Processing file /home/airflow/.local/lib/python3.10/site-packages/airflow/example_dags/example_branch_day_of_week_operator.py for tasks to queue
[2024-12-24T20:36:47.063+0000] {logging_mixin.py:190} INFO - [2024-12-24T20:36:47.063+0000] {dagbag.py:588} INFO - Filling up the DagBag from /home/airflow/.local/lib/python3.10/site-packages/airflow/example_dags/example_branch_day_of_week_operator.py
[2024-12-24T20:36:47.073+0000] {processor.py:925} INFO - DAG(s) 'example_weekday_branch_operator' retrieved from /home/airflow/.local/lib/python3.10/site-packages/airflow/example_dags/example_branch_day_of_week_operator.py
[2024-12-24T20:36:47.092+0000] {logging_mixin.py:190} INFO - [2024-12-24T20:36:47.092+0000] {dag.py:3239} INFO - Sync 1 DAGs
[2024-12-24T20:36:47.115+0000] {logging_mixin.py:190} INFO - [2024-12-24T20:36:47.115+0000] {dag.py:4180} INFO - Setting next_dagrun for example_weekday_branch_operator to 2024-12-23 00:00:00+00:00, run_after=2024-12-24 00:00:00+00:00
[2024-12-24T20:36:47.131+0000] {processor.py:208} INFO - Processing /home/airflow/.local/lib/python3.10/site-packages/airflow/example_dags/example_branch_day_of_week_operator.py took 0.077 seconds
[2024-12-24T20:37:17.428+0000] {processor.py:186} INFO - Started process (PID=299) to work on /home/airflow/.local/lib/python3.10/site-packages/airflow/example_dags/example_branch_day_of_week_operator.py
[2024-12-24T20:37:17.429+0000] {processor.py:914} INFO - Processing file /home/airflow/.local/lib/python3.10/site-packages/airflow/example_dags/example_branch_day_of_week_operator.py for tasks to queue
[2024-12-24T20:37:17.431+0000] {logging_mixin.py:190} INFO - [2024-12-24T20:37:17.431+0000] {dagbag.py:588} INFO - Filling up the DagBag from /home/airflow/.local/lib/python3.10/site-packages/airflow/example_dags/example_branch_day_of_week_operator.py
[2024-12-24T20:37:17.440+0000] {processor.py:925} INFO - DAG(s) 'example_weekday_branch_operator' retrieved from /home/airflow/.local/lib/python3.10/site-packages/airflow/example_dags/example_branch_day_of_week_operator.py
[2024-12-24T20:37:17.459+0000] {logging_mixin.py:190} INFO - [2024-12-24T20:37:17.458+0000] {dag.py:3239} INFO - Sync 1 DAGs
[2024-12-24T20:37:17.483+0000] {logging_mixin.py:190} INFO - [2024-12-24T20:37:17.483+0000] {dag.py:4180} INFO - Setting next_dagrun for example_weekday_branch_operator to 2024-12-23 00:00:00+00:00, run_after=2024-12-24 00:00:00+00:00
[2024-12-24T20:37:17.502+0000] {processor.py:208} INFO - Processing /home/airflow/.local/lib/python3.10/site-packages/airflow/example_dags/example_branch_day_of_week_operator.py took 0.080 seconds
[2024-12-24T20:37:48.422+0000] {processor.py:186} INFO - Started process (PID=364) to work on /home/airflow/.local/lib/python3.10/site-packages/airflow/example_dags/example_branch_day_of_week_operator.py
[2024-12-24T20:37:48.423+0000] {processor.py:914} INFO - Processing file /home/airflow/.local/lib/python3.10/site-packages/airflow/example_dags/example_branch_day_of_week_operator.py for tasks to queue
[2024-12-24T20:37:48.425+0000] {logging_mixin.py:190} INFO - [2024-12-24T20:37:48.425+0000] {dagbag.py:588} INFO - Filling up the DagBag from /home/airflow/.local/lib/python3.10/site-packages/airflow/example_dags/example_branch_day_of_week_operator.py
[2024-12-24T20:37:48.435+0000] {processor.py:925} INFO - DAG(s) 'example_weekday_branch_operator' retrieved from /home/airflow/.local/lib/python3.10/site-packages/airflow/example_dags/example_branch_day_of_week_operator.py
[2024-12-24T20:37:48.455+0000] {logging_mixin.py:190} INFO - [2024-12-24T20:37:48.455+0000] {dag.py:3239} INFO - Sync 1 DAGs
[2024-12-24T20:37:48.477+0000] {logging_mixin.py:190} INFO - [2024-12-24T20:37:48.477+0000] {dag.py:4180} INFO - Setting next_dagrun for example_weekday_branch_operator to 2024-12-23 00:00:00+00:00, run_after=2024-12-24 00:00:00+00:00
[2024-12-24T20:37:48.494+0000] {processor.py:208} INFO - Processing /home/airflow/.local/lib/python3.10/site-packages/airflow/example_dags/example_branch_day_of_week_operator.py took 0.079 seconds
[2024-12-24T20:38:18.574+0000] {processor.py:186} INFO - Started process (PID=427) to work on /home/airflow/.local/lib/python3.10/site-packages/airflow/example_dags/example_branch_day_of_week_operator.py
[2024-12-24T20:38:18.575+0000] {processor.py:914} INFO - Processing file /home/airflow/.local/lib/python3.10/site-packages/airflow/example_dags/example_branch_day_of_week_operator.py for tasks to queue
[2024-12-24T20:38:18.577+0000] {logging_mixin.py:190} INFO - [2024-12-24T20:38:18.577+0000] {dagbag.py:588} INFO - Filling up the DagBag from /home/airflow/.local/lib/python3.10/site-packages/airflow/example_dags/example_branch_day_of_week_operator.py
[2024-12-24T20:38:18.586+0000] {processor.py:925} INFO - DAG(s) 'example_weekday_branch_operator' retrieved from /home/airflow/.local/lib/python3.10/site-packages/airflow/example_dags/example_branch_day_of_week_operator.py
[2024-12-24T20:38:18.604+0000] {logging_mixin.py:190} INFO - [2024-12-24T20:38:18.604+0000] {dag.py:3239} INFO - Sync 1 DAGs
[2024-12-24T20:38:18.624+0000] {logging_mixin.py:190} INFO - [2024-12-24T20:38:18.624+0000] {dag.py:4180} INFO - Setting next_dagrun for example_weekday_branch_operator to 2024-12-23 00:00:00+00:00, run_after=2024-12-24 00:00:00+00:00
[2024-12-24T20:38:18.642+0000] {processor.py:208} INFO - Processing /home/airflow/.local/lib/python3.10/site-packages/airflow/example_dags/example_branch_day_of_week_operator.py took 0.072 seconds
[2024-12-24T20:38:49.157+0000] {processor.py:186} INFO - Started process (PID=492) to work on /home/airflow/.local/lib/python3.10/site-packages/airflow/example_dags/example_branch_day_of_week_operator.py
[2024-12-24T20:38:49.158+0000] {processor.py:914} INFO - Processing file /home/airflow/.local/lib/python3.10/site-packages/airflow/example_dags/example_branch_day_of_week_operator.py for tasks to queue
[2024-12-24T20:38:49.161+0000] {logging_mixin.py:190} INFO - [2024-12-24T20:38:49.161+0000] {dagbag.py:588} INFO - Filling up the DagBag from /home/airflow/.local/lib/python3.10/site-packages/airflow/example_dags/example_branch_day_of_week_operator.py
[2024-12-24T20:38:49.170+0000] {processor.py:925} INFO - DAG(s) 'example_weekday_branch_operator' retrieved from /home/airflow/.local/lib/python3.10/site-packages/airflow/example_dags/example_branch_day_of_week_operator.py
[2024-12-24T20:38:49.188+0000] {logging_mixin.py:190} INFO - [2024-12-24T20:38:49.188+0000] {dag.py:3239} INFO - Sync 1 DAGs
[2024-12-24T20:38:49.209+0000] {logging_mixin.py:190} INFO - [2024-12-24T20:38:49.208+0000] {dag.py:4180} INFO - Setting next_dagrun for example_weekday_branch_operator to 2024-12-23 00:00:00+00:00, run_after=2024-12-24 00:00:00+00:00
[2024-12-24T20:38:49.226+0000] {processor.py:208} INFO - Processing /home/airflow/.local/lib/python3.10/site-packages/airflow/example_dags/example_branch_day_of_week_operator.py took 0.074 seconds
[2024-12-24T20:39:19.928+0000] {processor.py:186} INFO - Started process (PID=556) to work on /home/airflow/.local/lib/python3.10/site-packages/airflow/example_dags/example_branch_day_of_week_operator.py
[2024-12-24T20:39:19.929+0000] {processor.py:914} INFO - Processing file /home/airflow/.local/lib/python3.10/site-packages/airflow/example_dags/example_branch_day_of_week_operator.py for tasks to queue
[2024-12-24T20:39:19.932+0000] {logging_mixin.py:190} INFO - [2024-12-24T20:39:19.931+0000] {dagbag.py:588} INFO - Filling up the DagBag from /home/airflow/.local/lib/python3.10/site-packages/airflow/example_dags/example_branch_day_of_week_operator.py
[2024-12-24T20:39:19.941+0000] {processor.py:925} INFO - DAG(s) 'example_weekday_branch_operator' retrieved from /home/airflow/.local/lib/python3.10/site-packages/airflow/example_dags/example_branch_day_of_week_operator.py
[2024-12-24T20:39:19.958+0000] {logging_mixin.py:190} INFO - [2024-12-24T20:39:19.958+0000] {dag.py:3239} INFO - Sync 1 DAGs
[2024-12-24T20:39:19.984+0000] {logging_mixin.py:190} INFO - [2024-12-24T20:39:19.983+0000] {dag.py:4180} INFO - Setting next_dagrun for example_weekday_branch_operator to 2024-12-23 00:00:00+00:00, run_after=2024-12-24 00:00:00+00:00
[2024-12-24T20:39:20.004+0000] {processor.py:208} INFO - Processing /home/airflow/.local/lib/python3.10/site-packages/airflow/example_dags/example_branch_day_of_week_operator.py took 0.082 seconds
[2024-12-24T20:39:50.065+0000] {processor.py:186} INFO - Started process (PID=621) to work on /home/airflow/.local/lib/python3.10/site-packages/airflow/example_dags/example_branch_day_of_week_operator.py
[2024-12-24T20:39:50.066+0000] {processor.py:914} INFO - Processing file /home/airflow/.local/lib/python3.10/site-packages/airflow/example_dags/example_branch_day_of_week_operator.py for tasks to queue
[2024-12-24T20:39:50.068+0000] {logging_mixin.py:190} INFO - [2024-12-24T20:39:50.068+0000] {dagbag.py:588} INFO - Filling up the DagBag from /home/airflow/.local/lib/python3.10/site-packages/airflow/example_dags/example_branch_day_of_week_operator.py
[2024-12-24T20:39:50.079+0000] {processor.py:925} INFO - DAG(s) 'example_weekday_branch_operator' retrieved from /home/airflow/.local/lib/python3.10/site-packages/airflow/example_dags/example_branch_day_of_week_operator.py
[2024-12-24T20:39:50.097+0000] {logging_mixin.py:190} INFO - [2024-12-24T20:39:50.097+0000] {dag.py:3239} INFO - Sync 1 DAGs
[2024-12-24T20:39:50.119+0000] {logging_mixin.py:190} INFO - [2024-12-24T20:39:50.119+0000] {dag.py:4180} INFO - Setting next_dagrun for example_weekday_branch_operator to 2024-12-23 00:00:00+00:00, run_after=2024-12-24 00:00:00+00:00
[2024-12-24T20:39:50.135+0000] {processor.py:208} INFO - Processing /home/airflow/.local/lib/python3.10/site-packages/airflow/example_dags/example_branch_day_of_week_operator.py took 0.076 seconds
[2024-12-24T20:40:20.375+0000] {processor.py:186} INFO - Started process (PID=685) to work on /home/airflow/.local/lib/python3.10/site-packages/airflow/example_dags/example_branch_day_of_week_operator.py
[2024-12-24T20:40:20.376+0000] {processor.py:914} INFO - Processing file /home/airflow/.local/lib/python3.10/site-packages/airflow/example_dags/example_branch_day_of_week_operator.py for tasks to queue
[2024-12-24T20:40:20.379+0000] {logging_mixin.py:190} INFO - [2024-12-24T20:40:20.378+0000] {dagbag.py:588} INFO - Filling up the DagBag from /home/airflow/.local/lib/python3.10/site-packages/airflow/example_dags/example_branch_day_of_week_operator.py
[2024-12-24T20:40:20.389+0000] {processor.py:925} INFO - DAG(s) 'example_weekday_branch_operator' retrieved from /home/airflow/.local/lib/python3.10/site-packages/airflow/example_dags/example_branch_day_of_week_operator.py
[2024-12-24T20:40:20.410+0000] {logging_mixin.py:190} INFO - [2024-12-24T20:40:20.409+0000] {dag.py:3239} INFO - Sync 1 DAGs
[2024-12-24T20:40:20.433+0000] {logging_mixin.py:190} INFO - [2024-12-24T20:40:20.433+0000] {dag.py:4180} INFO - Setting next_dagrun for example_weekday_branch_operator to 2024-12-23 00:00:00+00:00, run_after=2024-12-24 00:00:00+00:00
[2024-12-24T20:40:20.449+0000] {processor.py:208} INFO - Processing /home/airflow/.local/lib/python3.10/site-packages/airflow/example_dags/example_branch_day_of_week_operator.py took 0.080 seconds
[2024-12-24T20:40:51.015+0000] {processor.py:186} INFO - Started process (PID=749) to work on /home/airflow/.local/lib/python3.10/site-packages/airflow/example_dags/example_branch_day_of_week_operator.py
[2024-12-24T20:40:51.016+0000] {processor.py:914} INFO - Processing file /home/airflow/.local/lib/python3.10/site-packages/airflow/example_dags/example_branch_day_of_week_operator.py for tasks to queue
[2024-12-24T20:40:51.019+0000] {logging_mixin.py:190} INFO - [2024-12-24T20:40:51.019+0000] {dagbag.py:588} INFO - Filling up the DagBag from /home/airflow/.local/lib/python3.10/site-packages/airflow/example_dags/example_branch_day_of_week_operator.py
[2024-12-24T20:40:51.030+0000] {processor.py:925} INFO - DAG(s) 'example_weekday_branch_operator' retrieved from /home/airflow/.local/lib/python3.10/site-packages/airflow/example_dags/example_branch_day_of_week_operator.py
[2024-12-24T20:40:51.050+0000] {logging_mixin.py:190} INFO - [2024-12-24T20:40:51.050+0000] {dag.py:3239} INFO - Sync 1 DAGs
[2024-12-24T20:40:51.073+0000] {logging_mixin.py:190} INFO - [2024-12-24T20:40:51.073+0000] {dag.py:4180} INFO - Setting next_dagrun for example_weekday_branch_operator to 2024-12-23 00:00:00+00:00, run_after=2024-12-24 00:00:00+00:00
[2024-12-24T20:40:51.091+0000] {processor.py:208} INFO - Processing /home/airflow/.local/lib/python3.10/site-packages/airflow/example_dags/example_branch_day_of_week_operator.py took 0.082 seconds
