[2024-12-24T20:01:33.351+0000] {processor.py:186} INFO - Started process (PID=109) to work on /home/airflow/.local/lib/python3.12/site-packages/airflow/example_dags/example_xcom.py
[2024-12-24T20:01:33.352+0000] {processor.py:914} INFO - Processing file /home/airflow/.local/lib/python3.12/site-packages/airflow/example_dags/example_xcom.py for tasks to queue
[2024-12-24T20:01:33.355+0000] {logging_mixin.py:190} INFO - [2024-12-24T20:01:33.354+0000] {dagbag.py:588} INFO - Filling up the DagBag from /home/airflow/.local/lib/python3.12/site-packages/airflow/example_dags/example_xcom.py
[2024-12-24T20:01:33.366+0000] {processor.py:925} INFO - DAG(s) 'example_xcom' retrieved from /home/airflow/.local/lib/python3.12/site-packages/airflow/example_dags/example_xcom.py
[2024-12-24T20:01:33.465+0000] {logging_mixin.py:190} INFO - [2024-12-24T20:01:33.464+0000] {override.py:1911} INFO - Created Permission View: can edit on DAG:example_xcom
[2024-12-24T20:01:33.474+0000] {logging_mixin.py:190} INFO - [2024-12-24T20:01:33.474+0000] {override.py:1911} INFO - Created Permission View: can read on DAG:example_xcom
[2024-12-24T20:01:33.482+0000] {logging_mixin.py:190} INFO - [2024-12-24T20:01:33.482+0000] {override.py:1911} INFO - Created Permission View: can delete on DAG:example_xcom
[2024-12-24T20:01:33.491+0000] {logging_mixin.py:190} INFO - [2024-12-24T20:01:33.491+0000] {override.py:1911} INFO - Created Permission View: menu access on DAG Run:example_xcom
[2024-12-24T20:01:33.499+0000] {logging_mixin.py:190} INFO - [2024-12-24T20:01:33.499+0000] {override.py:1911} INFO - Created Permission View: can read on DAG Run:example_xcom
[2024-12-24T20:01:33.505+0000] {logging_mixin.py:190} INFO - [2024-12-24T20:01:33.505+0000] {override.py:1911} INFO - Created Permission View: can delete on DAG Run:example_xcom
[2024-12-24T20:01:33.511+0000] {logging_mixin.py:190} INFO - [2024-12-24T20:01:33.511+0000] {override.py:1911} INFO - Created Permission View: can create on DAG Run:example_xcom
[2024-12-24T20:01:33.512+0000] {logging_mixin.py:190} INFO - [2024-12-24T20:01:33.512+0000] {dag.py:3239} INFO - Sync 1 DAGs
[2024-12-24T20:01:33.524+0000] {logging_mixin.py:190} INFO - [2024-12-24T20:01:33.524+0000] {dag.py:3262} INFO - Creating ORM DAG for example_xcom
[2024-12-24T20:01:33.535+0000] {logging_mixin.py:190} INFO - [2024-12-24T20:01:33.534+0000] {dag.py:4180} INFO - Setting next_dagrun for example_xcom to 2021-01-01 00:00:00+00:00, run_after=2021-01-01 00:00:00+00:00
[2024-12-24T20:01:33.555+0000] {processor.py:208} INFO - Processing /home/airflow/.local/lib/python3.12/site-packages/airflow/example_dags/example_xcom.py took 0.210 seconds
[2024-12-24T20:02:03.837+0000] {processor.py:186} INFO - Started process (PID=172) to work on /home/airflow/.local/lib/python3.12/site-packages/airflow/example_dags/example_xcom.py
[2024-12-24T20:02:03.838+0000] {processor.py:914} INFO - Processing file /home/airflow/.local/lib/python3.12/site-packages/airflow/example_dags/example_xcom.py for tasks to queue
[2024-12-24T20:02:03.840+0000] {logging_mixin.py:190} INFO - [2024-12-24T20:02:03.840+0000] {dagbag.py:588} INFO - Filling up the DagBag from /home/airflow/.local/lib/python3.12/site-packages/airflow/example_dags/example_xcom.py
[2024-12-24T20:02:03.849+0000] {processor.py:925} INFO - DAG(s) 'example_xcom' retrieved from /home/airflow/.local/lib/python3.12/site-packages/airflow/example_dags/example_xcom.py
[2024-12-24T20:02:03.870+0000] {logging_mixin.py:190} INFO - [2024-12-24T20:02:03.870+0000] {dag.py:3239} INFO - Sync 1 DAGs
[2024-12-24T20:02:03.891+0000] {logging_mixin.py:190} INFO - [2024-12-24T20:02:03.891+0000] {dag.py:4180} INFO - Setting next_dagrun for example_xcom to 2021-01-01 00:00:00+00:00, run_after=2021-01-01 00:00:00+00:00
[2024-12-24T20:02:03.910+0000] {processor.py:208} INFO - Processing /home/airflow/.local/lib/python3.12/site-packages/airflow/example_dags/example_xcom.py took 0.079 seconds
[2024-12-24T20:02:33.982+0000] {processor.py:186} INFO - Started process (PID=235) to work on /home/airflow/.local/lib/python3.12/site-packages/airflow/example_dags/example_xcom.py
[2024-12-24T20:02:33.983+0000] {processor.py:914} INFO - Processing file /home/airflow/.local/lib/python3.12/site-packages/airflow/example_dags/example_xcom.py for tasks to queue
[2024-12-24T20:02:33.986+0000] {logging_mixin.py:190} INFO - [2024-12-24T20:02:33.986+0000] {dagbag.py:588} INFO - Filling up the DagBag from /home/airflow/.local/lib/python3.12/site-packages/airflow/example_dags/example_xcom.py
[2024-12-24T20:02:33.997+0000] {processor.py:925} INFO - DAG(s) 'example_xcom' retrieved from /home/airflow/.local/lib/python3.12/site-packages/airflow/example_dags/example_xcom.py
[2024-12-24T20:02:34.017+0000] {logging_mixin.py:190} INFO - [2024-12-24T20:02:34.017+0000] {dag.py:3239} INFO - Sync 1 DAGs
[2024-12-24T20:02:34.038+0000] {logging_mixin.py:190} INFO - [2024-12-24T20:02:34.038+0000] {dag.py:4180} INFO - Setting next_dagrun for example_xcom to 2021-01-01 00:00:00+00:00, run_after=2021-01-01 00:00:00+00:00
[2024-12-24T20:02:34.060+0000] {processor.py:208} INFO - Processing /home/airflow/.local/lib/python3.12/site-packages/airflow/example_dags/example_xcom.py took 0.084 seconds
[2024-12-24T20:03:04.644+0000] {processor.py:186} INFO - Started process (PID=297) to work on /home/airflow/.local/lib/python3.12/site-packages/airflow/example_dags/example_xcom.py
[2024-12-24T20:03:04.645+0000] {processor.py:914} INFO - Processing file /home/airflow/.local/lib/python3.12/site-packages/airflow/example_dags/example_xcom.py for tasks to queue
[2024-12-24T20:03:04.648+0000] {logging_mixin.py:190} INFO - [2024-12-24T20:03:04.648+0000] {dagbag.py:588} INFO - Filling up the DagBag from /home/airflow/.local/lib/python3.12/site-packages/airflow/example_dags/example_xcom.py
[2024-12-24T20:03:04.657+0000] {processor.py:925} INFO - DAG(s) 'example_xcom' retrieved from /home/airflow/.local/lib/python3.12/site-packages/airflow/example_dags/example_xcom.py
[2024-12-24T20:03:04.679+0000] {logging_mixin.py:190} INFO - [2024-12-24T20:03:04.679+0000] {dag.py:3239} INFO - Sync 1 DAGs
[2024-12-24T20:03:04.702+0000] {logging_mixin.py:190} INFO - [2024-12-24T20:03:04.702+0000] {dag.py:4180} INFO - Setting next_dagrun for example_xcom to 2021-01-01 00:00:00+00:00, run_after=2021-01-01 00:00:00+00:00
[2024-12-24T20:03:04.722+0000] {processor.py:208} INFO - Processing /home/airflow/.local/lib/python3.12/site-packages/airflow/example_dags/example_xcom.py took 0.084 seconds
[2024-12-24T20:03:35.577+0000] {processor.py:186} INFO - Started process (PID=360) to work on /home/airflow/.local/lib/python3.12/site-packages/airflow/example_dags/example_xcom.py
[2024-12-24T20:03:35.578+0000] {processor.py:914} INFO - Processing file /home/airflow/.local/lib/python3.12/site-packages/airflow/example_dags/example_xcom.py for tasks to queue
[2024-12-24T20:03:35.581+0000] {logging_mixin.py:190} INFO - [2024-12-24T20:03:35.580+0000] {dagbag.py:588} INFO - Filling up the DagBag from /home/airflow/.local/lib/python3.12/site-packages/airflow/example_dags/example_xcom.py
[2024-12-24T20:03:35.589+0000] {processor.py:925} INFO - DAG(s) 'example_xcom' retrieved from /home/airflow/.local/lib/python3.12/site-packages/airflow/example_dags/example_xcom.py
[2024-12-24T20:03:35.612+0000] {logging_mixin.py:190} INFO - [2024-12-24T20:03:35.612+0000] {dag.py:3239} INFO - Sync 1 DAGs
[2024-12-24T20:03:35.632+0000] {logging_mixin.py:190} INFO - [2024-12-24T20:03:35.632+0000] {dag.py:4180} INFO - Setting next_dagrun for example_xcom to 2021-01-01 00:00:00+00:00, run_after=2021-01-01 00:00:00+00:00
[2024-12-24T20:03:35.652+0000] {processor.py:208} INFO - Processing /home/airflow/.local/lib/python3.12/site-packages/airflow/example_dags/example_xcom.py took 0.080 seconds
[2024-12-24T20:04:06.326+0000] {processor.py:186} INFO - Started process (PID=423) to work on /home/airflow/.local/lib/python3.12/site-packages/airflow/example_dags/example_xcom.py
[2024-12-24T20:04:06.327+0000] {processor.py:914} INFO - Processing file /home/airflow/.local/lib/python3.12/site-packages/airflow/example_dags/example_xcom.py for tasks to queue
[2024-12-24T20:04:06.330+0000] {logging_mixin.py:190} INFO - [2024-12-24T20:04:06.329+0000] {dagbag.py:588} INFO - Filling up the DagBag from /home/airflow/.local/lib/python3.12/site-packages/airflow/example_dags/example_xcom.py
[2024-12-24T20:04:06.338+0000] {processor.py:925} INFO - DAG(s) 'example_xcom' retrieved from /home/airflow/.local/lib/python3.12/site-packages/airflow/example_dags/example_xcom.py
[2024-12-24T20:04:06.356+0000] {logging_mixin.py:190} INFO - [2024-12-24T20:04:06.356+0000] {dag.py:3239} INFO - Sync 1 DAGs
[2024-12-24T20:04:06.376+0000] {logging_mixin.py:190} INFO - [2024-12-24T20:04:06.376+0000] {dag.py:4180} INFO - Setting next_dagrun for example_xcom to 2021-01-01 00:00:00+00:00, run_after=2021-01-01 00:00:00+00:00
[2024-12-24T20:04:06.395+0000] {processor.py:208} INFO - Processing /home/airflow/.local/lib/python3.12/site-packages/airflow/example_dags/example_xcom.py took 0.074 seconds
[2024-12-24T20:04:36.707+0000] {processor.py:186} INFO - Started process (PID=486) to work on /home/airflow/.local/lib/python3.12/site-packages/airflow/example_dags/example_xcom.py
[2024-12-24T20:04:36.708+0000] {processor.py:914} INFO - Processing file /home/airflow/.local/lib/python3.12/site-packages/airflow/example_dags/example_xcom.py for tasks to queue
[2024-12-24T20:04:36.710+0000] {logging_mixin.py:190} INFO - [2024-12-24T20:04:36.710+0000] {dagbag.py:588} INFO - Filling up the DagBag from /home/airflow/.local/lib/python3.12/site-packages/airflow/example_dags/example_xcom.py
[2024-12-24T20:04:36.719+0000] {processor.py:925} INFO - DAG(s) 'example_xcom' retrieved from /home/airflow/.local/lib/python3.12/site-packages/airflow/example_dags/example_xcom.py
[2024-12-24T20:04:36.738+0000] {logging_mixin.py:190} INFO - [2024-12-24T20:04:36.738+0000] {dag.py:3239} INFO - Sync 1 DAGs
[2024-12-24T20:04:36.759+0000] {logging_mixin.py:190} INFO - [2024-12-24T20:04:36.758+0000] {dag.py:4180} INFO - Setting next_dagrun for example_xcom to 2021-01-01 00:00:00+00:00, run_after=2021-01-01 00:00:00+00:00
[2024-12-24T20:04:36.774+0000] {processor.py:208} INFO - Processing /home/airflow/.local/lib/python3.12/site-packages/airflow/example_dags/example_xcom.py took 0.072 seconds
[2024-12-24T20:05:08.001+0000] {processor.py:186} INFO - Started process (PID=549) to work on /home/airflow/.local/lib/python3.12/site-packages/airflow/example_dags/example_xcom.py
[2024-12-24T20:05:08.003+0000] {processor.py:914} INFO - Processing file /home/airflow/.local/lib/python3.12/site-packages/airflow/example_dags/example_xcom.py for tasks to queue
[2024-12-24T20:05:08.005+0000] {logging_mixin.py:190} INFO - [2024-12-24T20:05:08.005+0000] {dagbag.py:588} INFO - Filling up the DagBag from /home/airflow/.local/lib/python3.12/site-packages/airflow/example_dags/example_xcom.py
[2024-12-24T20:05:08.015+0000] {processor.py:925} INFO - DAG(s) 'example_xcom' retrieved from /home/airflow/.local/lib/python3.12/site-packages/airflow/example_dags/example_xcom.py
[2024-12-24T20:05:08.036+0000] {logging_mixin.py:190} INFO - [2024-12-24T20:05:08.035+0000] {dag.py:3239} INFO - Sync 1 DAGs
[2024-12-24T20:05:08.057+0000] {logging_mixin.py:190} INFO - [2024-12-24T20:05:08.056+0000] {dag.py:4180} INFO - Setting next_dagrun for example_xcom to 2021-01-01 00:00:00+00:00, run_after=2021-01-01 00:00:00+00:00
[2024-12-24T20:05:08.074+0000] {processor.py:208} INFO - Processing /home/airflow/.local/lib/python3.12/site-packages/airflow/example_dags/example_xcom.py took 0.078 seconds
[2024-12-24T20:05:39.415+0000] {processor.py:186} INFO - Started process (PID=612) to work on /home/airflow/.local/lib/python3.12/site-packages/airflow/example_dags/example_xcom.py
[2024-12-24T20:05:39.416+0000] {processor.py:914} INFO - Processing file /home/airflow/.local/lib/python3.12/site-packages/airflow/example_dags/example_xcom.py for tasks to queue
[2024-12-24T20:05:39.419+0000] {logging_mixin.py:190} INFO - [2024-12-24T20:05:39.419+0000] {dagbag.py:588} INFO - Filling up the DagBag from /home/airflow/.local/lib/python3.12/site-packages/airflow/example_dags/example_xcom.py
[2024-12-24T20:05:39.428+0000] {processor.py:925} INFO - DAG(s) 'example_xcom' retrieved from /home/airflow/.local/lib/python3.12/site-packages/airflow/example_dags/example_xcom.py
[2024-12-24T20:05:39.453+0000] {logging_mixin.py:190} INFO - [2024-12-24T20:05:39.453+0000] {dag.py:3239} INFO - Sync 1 DAGs
[2024-12-24T20:05:39.478+0000] {logging_mixin.py:190} INFO - [2024-12-24T20:05:39.478+0000] {dag.py:4180} INFO - Setting next_dagrun for example_xcom to 2021-01-01 00:00:00+00:00, run_after=2021-01-01 00:00:00+00:00
[2024-12-24T20:05:39.500+0000] {processor.py:208} INFO - Processing /home/airflow/.local/lib/python3.12/site-packages/airflow/example_dags/example_xcom.py took 0.090 seconds
[2024-12-24T20:06:10.415+0000] {processor.py:186} INFO - Started process (PID=676) to work on /home/airflow/.local/lib/python3.12/site-packages/airflow/example_dags/example_xcom.py
[2024-12-24T20:06:10.416+0000] {processor.py:914} INFO - Processing file /home/airflow/.local/lib/python3.12/site-packages/airflow/example_dags/example_xcom.py for tasks to queue
[2024-12-24T20:06:10.418+0000] {logging_mixin.py:190} INFO - [2024-12-24T20:06:10.418+0000] {dagbag.py:588} INFO - Filling up the DagBag from /home/airflow/.local/lib/python3.12/site-packages/airflow/example_dags/example_xcom.py
[2024-12-24T20:06:10.427+0000] {processor.py:925} INFO - DAG(s) 'example_xcom' retrieved from /home/airflow/.local/lib/python3.12/site-packages/airflow/example_dags/example_xcom.py
[2024-12-24T20:06:10.448+0000] {logging_mixin.py:190} INFO - [2024-12-24T20:06:10.447+0000] {dag.py:3239} INFO - Sync 1 DAGs
[2024-12-24T20:06:10.470+0000] {logging_mixin.py:190} INFO - [2024-12-24T20:06:10.469+0000] {dag.py:4180} INFO - Setting next_dagrun for example_xcom to 2021-01-01 00:00:00+00:00, run_after=2021-01-01 00:00:00+00:00
[2024-12-24T20:06:10.489+0000] {processor.py:208} INFO - Processing /home/airflow/.local/lib/python3.12/site-packages/airflow/example_dags/example_xcom.py took 0.080 seconds
[2024-12-24T20:06:41.214+0000] {processor.py:186} INFO - Started process (PID=739) to work on /home/airflow/.local/lib/python3.12/site-packages/airflow/example_dags/example_xcom.py
[2024-12-24T20:06:41.215+0000] {processor.py:914} INFO - Processing file /home/airflow/.local/lib/python3.12/site-packages/airflow/example_dags/example_xcom.py for tasks to queue
[2024-12-24T20:06:41.218+0000] {logging_mixin.py:190} INFO - [2024-12-24T20:06:41.218+0000] {dagbag.py:588} INFO - Filling up the DagBag from /home/airflow/.local/lib/python3.12/site-packages/airflow/example_dags/example_xcom.py
[2024-12-24T20:06:41.226+0000] {processor.py:925} INFO - DAG(s) 'example_xcom' retrieved from /home/airflow/.local/lib/python3.12/site-packages/airflow/example_dags/example_xcom.py
[2024-12-24T20:06:41.246+0000] {logging_mixin.py:190} INFO - [2024-12-24T20:06:41.246+0000] {dag.py:3239} INFO - Sync 1 DAGs
[2024-12-24T20:06:41.266+0000] {logging_mixin.py:190} INFO - [2024-12-24T20:06:41.265+0000] {dag.py:4180} INFO - Setting next_dagrun for example_xcom to 2021-01-01 00:00:00+00:00, run_after=2021-01-01 00:00:00+00:00
[2024-12-24T20:06:41.282+0000] {processor.py:208} INFO - Processing /home/airflow/.local/lib/python3.12/site-packages/airflow/example_dags/example_xcom.py took 0.073 seconds
[2024-12-24T20:07:13.026+0000] {processor.py:186} INFO - Started process (PID=802) to work on /home/airflow/.local/lib/python3.12/site-packages/airflow/example_dags/example_xcom.py
[2024-12-24T20:07:13.028+0000] {processor.py:914} INFO - Processing file /home/airflow/.local/lib/python3.12/site-packages/airflow/example_dags/example_xcom.py for tasks to queue
[2024-12-24T20:07:13.030+0000] {logging_mixin.py:190} INFO - [2024-12-24T20:07:13.030+0000] {dagbag.py:588} INFO - Filling up the DagBag from /home/airflow/.local/lib/python3.12/site-packages/airflow/example_dags/example_xcom.py
[2024-12-24T20:07:13.038+0000] {processor.py:925} INFO - DAG(s) 'example_xcom' retrieved from /home/airflow/.local/lib/python3.12/site-packages/airflow/example_dags/example_xcom.py
[2024-12-24T20:07:13.060+0000] {logging_mixin.py:190} INFO - [2024-12-24T20:07:13.059+0000] {dag.py:3239} INFO - Sync 1 DAGs
[2024-12-24T20:07:13.082+0000] {logging_mixin.py:190} INFO - [2024-12-24T20:07:13.082+0000] {dag.py:4180} INFO - Setting next_dagrun for example_xcom to 2021-01-01 00:00:00+00:00, run_after=2021-01-01 00:00:00+00:00
[2024-12-24T20:07:13.103+0000] {processor.py:208} INFO - Processing /home/airflow/.local/lib/python3.12/site-packages/airflow/example_dags/example_xcom.py took 0.083 seconds
[2024-12-24T20:07:44.559+0000] {processor.py:186} INFO - Started process (PID=865) to work on /home/airflow/.local/lib/python3.12/site-packages/airflow/example_dags/example_xcom.py
[2024-12-24T20:07:44.560+0000] {processor.py:914} INFO - Processing file /home/airflow/.local/lib/python3.12/site-packages/airflow/example_dags/example_xcom.py for tasks to queue
[2024-12-24T20:07:44.563+0000] {logging_mixin.py:190} INFO - [2024-12-24T20:07:44.562+0000] {dagbag.py:588} INFO - Filling up the DagBag from /home/airflow/.local/lib/python3.12/site-packages/airflow/example_dags/example_xcom.py
[2024-12-24T20:07:44.573+0000] {processor.py:925} INFO - DAG(s) 'example_xcom' retrieved from /home/airflow/.local/lib/python3.12/site-packages/airflow/example_dags/example_xcom.py
[2024-12-24T20:07:44.591+0000] {logging_mixin.py:190} INFO - [2024-12-24T20:07:44.591+0000] {dag.py:3239} INFO - Sync 1 DAGs
[2024-12-24T20:07:44.611+0000] {logging_mixin.py:190} INFO - [2024-12-24T20:07:44.611+0000] {dag.py:4180} INFO - Setting next_dagrun for example_xcom to 2021-01-01 00:00:00+00:00, run_after=2021-01-01 00:00:00+00:00
[2024-12-24T20:07:44.632+0000] {processor.py:208} INFO - Processing /home/airflow/.local/lib/python3.12/site-packages/airflow/example_dags/example_xcom.py took 0.078 seconds
[2024-12-24T20:08:15.317+0000] {processor.py:186} INFO - Started process (PID=928) to work on /home/airflow/.local/lib/python3.12/site-packages/airflow/example_dags/example_xcom.py
[2024-12-24T20:08:15.318+0000] {processor.py:914} INFO - Processing file /home/airflow/.local/lib/python3.12/site-packages/airflow/example_dags/example_xcom.py for tasks to queue
[2024-12-24T20:08:15.320+0000] {logging_mixin.py:190} INFO - [2024-12-24T20:08:15.320+0000] {dagbag.py:588} INFO - Filling up the DagBag from /home/airflow/.local/lib/python3.12/site-packages/airflow/example_dags/example_xcom.py
[2024-12-24T20:08:15.329+0000] {processor.py:925} INFO - DAG(s) 'example_xcom' retrieved from /home/airflow/.local/lib/python3.12/site-packages/airflow/example_dags/example_xcom.py
[2024-12-24T20:08:15.352+0000] {logging_mixin.py:190} INFO - [2024-12-24T20:08:15.351+0000] {dag.py:3239} INFO - Sync 1 DAGs
[2024-12-24T20:08:15.375+0000] {logging_mixin.py:190} INFO - [2024-12-24T20:08:15.374+0000] {dag.py:4180} INFO - Setting next_dagrun for example_xcom to 2021-01-01 00:00:00+00:00, run_after=2021-01-01 00:00:00+00:00
[2024-12-24T20:08:15.394+0000] {processor.py:208} INFO - Processing /home/airflow/.local/lib/python3.12/site-packages/airflow/example_dags/example_xcom.py took 0.083 seconds
[2024-12-24T20:08:46.968+0000] {processor.py:186} INFO - Started process (PID=991) to work on /home/airflow/.local/lib/python3.12/site-packages/airflow/example_dags/example_xcom.py
[2024-12-24T20:08:46.969+0000] {processor.py:914} INFO - Processing file /home/airflow/.local/lib/python3.12/site-packages/airflow/example_dags/example_xcom.py for tasks to queue
[2024-12-24T20:08:46.971+0000] {logging_mixin.py:190} INFO - [2024-12-24T20:08:46.971+0000] {dagbag.py:588} INFO - Filling up the DagBag from /home/airflow/.local/lib/python3.12/site-packages/airflow/example_dags/example_xcom.py
[2024-12-24T20:08:46.980+0000] {processor.py:925} INFO - DAG(s) 'example_xcom' retrieved from /home/airflow/.local/lib/python3.12/site-packages/airflow/example_dags/example_xcom.py
[2024-12-24T20:08:47.001+0000] {logging_mixin.py:190} INFO - [2024-12-24T20:08:47.001+0000] {dag.py:3239} INFO - Sync 1 DAGs
[2024-12-24T20:08:47.025+0000] {logging_mixin.py:190} INFO - [2024-12-24T20:08:47.024+0000] {dag.py:4180} INFO - Setting next_dagrun for example_xcom to 2021-01-01 00:00:00+00:00, run_after=2021-01-01 00:00:00+00:00
[2024-12-24T20:08:47.043+0000] {processor.py:208} INFO - Processing /home/airflow/.local/lib/python3.12/site-packages/airflow/example_dags/example_xcom.py took 0.081 seconds
[2024-12-24T20:09:17.759+0000] {processor.py:186} INFO - Started process (PID=1054) to work on /home/airflow/.local/lib/python3.12/site-packages/airflow/example_dags/example_xcom.py
[2024-12-24T20:09:17.760+0000] {processor.py:914} INFO - Processing file /home/airflow/.local/lib/python3.12/site-packages/airflow/example_dags/example_xcom.py for tasks to queue
[2024-12-24T20:09:17.762+0000] {logging_mixin.py:190} INFO - [2024-12-24T20:09:17.762+0000] {dagbag.py:588} INFO - Filling up the DagBag from /home/airflow/.local/lib/python3.12/site-packages/airflow/example_dags/example_xcom.py
[2024-12-24T20:09:17.772+0000] {processor.py:925} INFO - DAG(s) 'example_xcom' retrieved from /home/airflow/.local/lib/python3.12/site-packages/airflow/example_dags/example_xcom.py
[2024-12-24T20:09:17.792+0000] {logging_mixin.py:190} INFO - [2024-12-24T20:09:17.792+0000] {dag.py:3239} INFO - Sync 1 DAGs
[2024-12-24T20:09:17.815+0000] {logging_mixin.py:190} INFO - [2024-12-24T20:09:17.814+0000] {dag.py:4180} INFO - Setting next_dagrun for example_xcom to 2021-01-01 00:00:00+00:00, run_after=2021-01-01 00:00:00+00:00
[2024-12-24T20:09:17.836+0000] {processor.py:208} INFO - Processing /home/airflow/.local/lib/python3.12/site-packages/airflow/example_dags/example_xcom.py took 0.082 seconds
[2024-12-24T20:09:48.856+0000] {processor.py:186} INFO - Started process (PID=1117) to work on /home/airflow/.local/lib/python3.12/site-packages/airflow/example_dags/example_xcom.py
[2024-12-24T20:09:48.857+0000] {processor.py:914} INFO - Processing file /home/airflow/.local/lib/python3.12/site-packages/airflow/example_dags/example_xcom.py for tasks to queue
[2024-12-24T20:09:48.861+0000] {logging_mixin.py:190} INFO - [2024-12-24T20:09:48.860+0000] {dagbag.py:588} INFO - Filling up the DagBag from /home/airflow/.local/lib/python3.12/site-packages/airflow/example_dags/example_xcom.py
[2024-12-24T20:09:48.872+0000] {processor.py:925} INFO - DAG(s) 'example_xcom' retrieved from /home/airflow/.local/lib/python3.12/site-packages/airflow/example_dags/example_xcom.py
[2024-12-24T20:09:48.895+0000] {logging_mixin.py:190} INFO - [2024-12-24T20:09:48.895+0000] {dag.py:3239} INFO - Sync 1 DAGs
[2024-12-24T20:09:48.925+0000] {logging_mixin.py:190} INFO - [2024-12-24T20:09:48.924+0000] {dag.py:4180} INFO - Setting next_dagrun for example_xcom to 2021-01-01 00:00:00+00:00, run_after=2021-01-01 00:00:00+00:00
[2024-12-24T20:09:48.945+0000] {processor.py:208} INFO - Processing /home/airflow/.local/lib/python3.12/site-packages/airflow/example_dags/example_xcom.py took 0.097 seconds
[2024-12-24T20:10:19.756+0000] {processor.py:186} INFO - Started process (PID=1180) to work on /home/airflow/.local/lib/python3.12/site-packages/airflow/example_dags/example_xcom.py
[2024-12-24T20:10:19.757+0000] {processor.py:914} INFO - Processing file /home/airflow/.local/lib/python3.12/site-packages/airflow/example_dags/example_xcom.py for tasks to queue
[2024-12-24T20:10:19.760+0000] {logging_mixin.py:190} INFO - [2024-12-24T20:10:19.759+0000] {dagbag.py:588} INFO - Filling up the DagBag from /home/airflow/.local/lib/python3.12/site-packages/airflow/example_dags/example_xcom.py
[2024-12-24T20:10:19.768+0000] {processor.py:925} INFO - DAG(s) 'example_xcom' retrieved from /home/airflow/.local/lib/python3.12/site-packages/airflow/example_dags/example_xcom.py
[2024-12-24T20:10:19.788+0000] {logging_mixin.py:190} INFO - [2024-12-24T20:10:19.787+0000] {dag.py:3239} INFO - Sync 1 DAGs
[2024-12-24T20:10:19.807+0000] {logging_mixin.py:190} INFO - [2024-12-24T20:10:19.807+0000] {dag.py:4180} INFO - Setting next_dagrun for example_xcom to 2021-01-01 00:00:00+00:00, run_after=2021-01-01 00:00:00+00:00
[2024-12-24T20:10:19.823+0000] {processor.py:208} INFO - Processing /home/airflow/.local/lib/python3.12/site-packages/airflow/example_dags/example_xcom.py took 0.072 seconds
[2024-12-24T20:10:51.845+0000] {processor.py:186} INFO - Started process (PID=1243) to work on /home/airflow/.local/lib/python3.12/site-packages/airflow/example_dags/example_xcom.py
[2024-12-24T20:10:51.846+0000] {processor.py:914} INFO - Processing file /home/airflow/.local/lib/python3.12/site-packages/airflow/example_dags/example_xcom.py for tasks to queue
[2024-12-24T20:10:51.848+0000] {logging_mixin.py:190} INFO - [2024-12-24T20:10:51.848+0000] {dagbag.py:588} INFO - Filling up the DagBag from /home/airflow/.local/lib/python3.12/site-packages/airflow/example_dags/example_xcom.py
[2024-12-24T20:10:51.858+0000] {processor.py:925} INFO - DAG(s) 'example_xcom' retrieved from /home/airflow/.local/lib/python3.12/site-packages/airflow/example_dags/example_xcom.py
[2024-12-24T20:10:51.879+0000] {logging_mixin.py:190} INFO - [2024-12-24T20:10:51.879+0000] {dag.py:3239} INFO - Sync 1 DAGs
[2024-12-24T20:10:51.905+0000] {logging_mixin.py:190} INFO - [2024-12-24T20:10:51.904+0000] {dag.py:4180} INFO - Setting next_dagrun for example_xcom to 2021-01-01 00:00:00+00:00, run_after=2021-01-01 00:00:00+00:00
[2024-12-24T20:10:51.924+0000] {processor.py:208} INFO - Processing /home/airflow/.local/lib/python3.12/site-packages/airflow/example_dags/example_xcom.py took 0.086 seconds
[2024-12-24T20:11:22.914+0000] {processor.py:186} INFO - Started process (PID=1307) to work on /home/airflow/.local/lib/python3.12/site-packages/airflow/example_dags/example_xcom.py
[2024-12-24T20:11:22.915+0000] {processor.py:914} INFO - Processing file /home/airflow/.local/lib/python3.12/site-packages/airflow/example_dags/example_xcom.py for tasks to queue
[2024-12-24T20:11:22.916+0000] {logging_mixin.py:190} INFO - [2024-12-24T20:11:22.916+0000] {dagbag.py:588} INFO - Filling up the DagBag from /home/airflow/.local/lib/python3.12/site-packages/airflow/example_dags/example_xcom.py
[2024-12-24T20:11:22.924+0000] {processor.py:925} INFO - DAG(s) 'example_xcom' retrieved from /home/airflow/.local/lib/python3.12/site-packages/airflow/example_dags/example_xcom.py
[2024-12-24T20:11:22.942+0000] {logging_mixin.py:190} INFO - [2024-12-24T20:11:22.942+0000] {dag.py:3239} INFO - Sync 1 DAGs
[2024-12-24T20:11:22.963+0000] {logging_mixin.py:190} INFO - [2024-12-24T20:11:22.963+0000] {dag.py:4180} INFO - Setting next_dagrun for example_xcom to 2021-01-01 00:00:00+00:00, run_after=2021-01-01 00:00:00+00:00
[2024-12-24T20:11:22.982+0000] {processor.py:208} INFO - Processing /home/airflow/.local/lib/python3.12/site-packages/airflow/example_dags/example_xcom.py took 0.073 seconds
[2024-12-24T20:11:53.395+0000] {processor.py:186} INFO - Started process (PID=1377) to work on /home/airflow/.local/lib/python3.12/site-packages/airflow/example_dags/example_xcom.py
[2024-12-24T20:11:53.396+0000] {processor.py:914} INFO - Processing file /home/airflow/.local/lib/python3.12/site-packages/airflow/example_dags/example_xcom.py for tasks to queue
[2024-12-24T20:11:53.397+0000] {logging_mixin.py:190} INFO - [2024-12-24T20:11:53.397+0000] {dagbag.py:588} INFO - Filling up the DagBag from /home/airflow/.local/lib/python3.12/site-packages/airflow/example_dags/example_xcom.py
[2024-12-24T20:11:53.405+0000] {processor.py:925} INFO - DAG(s) 'example_xcom' retrieved from /home/airflow/.local/lib/python3.12/site-packages/airflow/example_dags/example_xcom.py
[2024-12-24T20:11:53.425+0000] {logging_mixin.py:190} INFO - [2024-12-24T20:11:53.424+0000] {dag.py:3239} INFO - Sync 1 DAGs
[2024-12-24T20:11:53.446+0000] {logging_mixin.py:190} INFO - [2024-12-24T20:11:53.445+0000] {dag.py:4180} INFO - Setting next_dagrun for example_xcom to 2021-01-01 00:00:00+00:00, run_after=2021-01-01 00:00:00+00:00
[2024-12-24T20:11:53.462+0000] {processor.py:208} INFO - Processing /home/airflow/.local/lib/python3.12/site-packages/airflow/example_dags/example_xcom.py took 0.073 seconds
[2024-12-24T20:12:24.866+0000] {processor.py:186} INFO - Started process (PID=1441) to work on /home/airflow/.local/lib/python3.12/site-packages/airflow/example_dags/example_xcom.py
[2024-12-24T20:12:24.867+0000] {processor.py:914} INFO - Processing file /home/airflow/.local/lib/python3.12/site-packages/airflow/example_dags/example_xcom.py for tasks to queue
[2024-12-24T20:12:24.868+0000] {logging_mixin.py:190} INFO - [2024-12-24T20:12:24.868+0000] {dagbag.py:588} INFO - Filling up the DagBag from /home/airflow/.local/lib/python3.12/site-packages/airflow/example_dags/example_xcom.py
[2024-12-24T20:12:24.877+0000] {processor.py:925} INFO - DAG(s) 'example_xcom' retrieved from /home/airflow/.local/lib/python3.12/site-packages/airflow/example_dags/example_xcom.py
[2024-12-24T20:12:24.896+0000] {logging_mixin.py:190} INFO - [2024-12-24T20:12:24.896+0000] {dag.py:3239} INFO - Sync 1 DAGs
[2024-12-24T20:12:24.918+0000] {logging_mixin.py:190} INFO - [2024-12-24T20:12:24.918+0000] {dag.py:4180} INFO - Setting next_dagrun for example_xcom to 2021-01-01 00:00:00+00:00, run_after=2021-01-01 00:00:00+00:00
[2024-12-24T20:12:24.935+0000] {processor.py:208} INFO - Processing /home/airflow/.local/lib/python3.12/site-packages/airflow/example_dags/example_xcom.py took 0.074 seconds
[2024-12-24T20:12:56.276+0000] {processor.py:186} INFO - Started process (PID=1505) to work on /home/airflow/.local/lib/python3.12/site-packages/airflow/example_dags/example_xcom.py
[2024-12-24T20:12:56.277+0000] {processor.py:914} INFO - Processing file /home/airflow/.local/lib/python3.12/site-packages/airflow/example_dags/example_xcom.py for tasks to queue
[2024-12-24T20:12:56.278+0000] {logging_mixin.py:190} INFO - [2024-12-24T20:12:56.278+0000] {dagbag.py:588} INFO - Filling up the DagBag from /home/airflow/.local/lib/python3.12/site-packages/airflow/example_dags/example_xcom.py
[2024-12-24T20:12:56.287+0000] {processor.py:925} INFO - DAG(s) 'example_xcom' retrieved from /home/airflow/.local/lib/python3.12/site-packages/airflow/example_dags/example_xcom.py
[2024-12-24T20:12:56.305+0000] {logging_mixin.py:190} INFO - [2024-12-24T20:12:56.305+0000] {dag.py:3239} INFO - Sync 1 DAGs
[2024-12-24T20:12:56.328+0000] {logging_mixin.py:190} INFO - [2024-12-24T20:12:56.327+0000] {dag.py:4180} INFO - Setting next_dagrun for example_xcom to 2021-01-01 00:00:00+00:00, run_after=2021-01-01 00:00:00+00:00
[2024-12-24T20:12:56.345+0000] {processor.py:208} INFO - Processing /home/airflow/.local/lib/python3.12/site-packages/airflow/example_dags/example_xcom.py took 0.075 seconds
[2024-12-24T20:13:27.093+0000] {processor.py:186} INFO - Started process (PID=1569) to work on /home/airflow/.local/lib/python3.12/site-packages/airflow/example_dags/example_xcom.py
[2024-12-24T20:13:27.094+0000] {processor.py:914} INFO - Processing file /home/airflow/.local/lib/python3.12/site-packages/airflow/example_dags/example_xcom.py for tasks to queue
[2024-12-24T20:13:27.095+0000] {logging_mixin.py:190} INFO - [2024-12-24T20:13:27.095+0000] {dagbag.py:588} INFO - Filling up the DagBag from /home/airflow/.local/lib/python3.12/site-packages/airflow/example_dags/example_xcom.py
[2024-12-24T20:13:27.103+0000] {processor.py:925} INFO - DAG(s) 'example_xcom' retrieved from /home/airflow/.local/lib/python3.12/site-packages/airflow/example_dags/example_xcom.py
[2024-12-24T20:13:27.122+0000] {logging_mixin.py:190} INFO - [2024-12-24T20:13:27.122+0000] {dag.py:3239} INFO - Sync 1 DAGs
[2024-12-24T20:13:27.144+0000] {logging_mixin.py:190} INFO - [2024-12-24T20:13:27.143+0000] {dag.py:4180} INFO - Setting next_dagrun for example_xcom to 2021-01-01 00:00:00+00:00, run_after=2021-01-01 00:00:00+00:00
[2024-12-24T20:13:27.160+0000] {processor.py:208} INFO - Processing /home/airflow/.local/lib/python3.12/site-packages/airflow/example_dags/example_xcom.py took 0.072 seconds
[2024-12-24T20:13:57.915+0000] {processor.py:186} INFO - Started process (PID=1633) to work on /home/airflow/.local/lib/python3.12/site-packages/airflow/example_dags/example_xcom.py
[2024-12-24T20:13:57.916+0000] {processor.py:914} INFO - Processing file /home/airflow/.local/lib/python3.12/site-packages/airflow/example_dags/example_xcom.py for tasks to queue
[2024-12-24T20:13:57.917+0000] {logging_mixin.py:190} INFO - [2024-12-24T20:13:57.917+0000] {dagbag.py:588} INFO - Filling up the DagBag from /home/airflow/.local/lib/python3.12/site-packages/airflow/example_dags/example_xcom.py
[2024-12-24T20:13:57.928+0000] {processor.py:925} INFO - DAG(s) 'example_xcom' retrieved from /home/airflow/.local/lib/python3.12/site-packages/airflow/example_dags/example_xcom.py
[2024-12-24T20:13:57.945+0000] {logging_mixin.py:190} INFO - [2024-12-24T20:13:57.945+0000] {dag.py:3239} INFO - Sync 1 DAGs
[2024-12-24T20:13:57.965+0000] {logging_mixin.py:190} INFO - [2024-12-24T20:13:57.964+0000] {dag.py:4180} INFO - Setting next_dagrun for example_xcom to 2021-01-01 00:00:00+00:00, run_after=2021-01-01 00:00:00+00:00
[2024-12-24T20:13:57.983+0000] {processor.py:208} INFO - Processing /home/airflow/.local/lib/python3.12/site-packages/airflow/example_dags/example_xcom.py took 0.075 seconds
[2024-12-24T20:14:28.644+0000] {processor.py:186} INFO - Started process (PID=1697) to work on /home/airflow/.local/lib/python3.12/site-packages/airflow/example_dags/example_xcom.py
[2024-12-24T20:14:28.645+0000] {processor.py:914} INFO - Processing file /home/airflow/.local/lib/python3.12/site-packages/airflow/example_dags/example_xcom.py for tasks to queue
[2024-12-24T20:14:28.646+0000] {logging_mixin.py:190} INFO - [2024-12-24T20:14:28.645+0000] {dagbag.py:588} INFO - Filling up the DagBag from /home/airflow/.local/lib/python3.12/site-packages/airflow/example_dags/example_xcom.py
[2024-12-24T20:14:28.656+0000] {processor.py:925} INFO - DAG(s) 'example_xcom' retrieved from /home/airflow/.local/lib/python3.12/site-packages/airflow/example_dags/example_xcom.py
[2024-12-24T20:14:28.676+0000] {logging_mixin.py:190} INFO - [2024-12-24T20:14:28.676+0000] {dag.py:3239} INFO - Sync 1 DAGs
[2024-12-24T20:14:28.698+0000] {logging_mixin.py:190} INFO - [2024-12-24T20:14:28.698+0000] {dag.py:4180} INFO - Setting next_dagrun for example_xcom to 2021-01-01 00:00:00+00:00, run_after=2021-01-01 00:00:00+00:00
[2024-12-24T20:14:28.713+0000] {processor.py:208} INFO - Processing /home/airflow/.local/lib/python3.12/site-packages/airflow/example_dags/example_xcom.py took 0.075 seconds
[2024-12-24T20:15:00.324+0000] {processor.py:186} INFO - Started process (PID=1761) to work on /home/airflow/.local/lib/python3.12/site-packages/airflow/example_dags/example_xcom.py
[2024-12-24T20:15:00.325+0000] {processor.py:914} INFO - Processing file /home/airflow/.local/lib/python3.12/site-packages/airflow/example_dags/example_xcom.py for tasks to queue
[2024-12-24T20:15:00.326+0000] {logging_mixin.py:190} INFO - [2024-12-24T20:15:00.326+0000] {dagbag.py:588} INFO - Filling up the DagBag from /home/airflow/.local/lib/python3.12/site-packages/airflow/example_dags/example_xcom.py
[2024-12-24T20:15:00.334+0000] {processor.py:925} INFO - DAG(s) 'example_xcom' retrieved from /home/airflow/.local/lib/python3.12/site-packages/airflow/example_dags/example_xcom.py
[2024-12-24T20:15:00.352+0000] {logging_mixin.py:190} INFO - [2024-12-24T20:15:00.352+0000] {dag.py:3239} INFO - Sync 1 DAGs
[2024-12-24T20:15:00.372+0000] {logging_mixin.py:190} INFO - [2024-12-24T20:15:00.372+0000] {dag.py:4180} INFO - Setting next_dagrun for example_xcom to 2021-01-01 00:00:00+00:00, run_after=2021-01-01 00:00:00+00:00
[2024-12-24T20:15:00.388+0000] {processor.py:208} INFO - Processing /home/airflow/.local/lib/python3.12/site-packages/airflow/example_dags/example_xcom.py took 0.069 seconds
[2024-12-24T20:15:31.577+0000] {processor.py:186} INFO - Started process (PID=1825) to work on /home/airflow/.local/lib/python3.12/site-packages/airflow/example_dags/example_xcom.py
[2024-12-24T20:15:31.578+0000] {processor.py:914} INFO - Processing file /home/airflow/.local/lib/python3.12/site-packages/airflow/example_dags/example_xcom.py for tasks to queue
[2024-12-24T20:15:31.579+0000] {logging_mixin.py:190} INFO - [2024-12-24T20:15:31.578+0000] {dagbag.py:588} INFO - Filling up the DagBag from /home/airflow/.local/lib/python3.12/site-packages/airflow/example_dags/example_xcom.py
[2024-12-24T20:15:31.589+0000] {processor.py:925} INFO - DAG(s) 'example_xcom' retrieved from /home/airflow/.local/lib/python3.12/site-packages/airflow/example_dags/example_xcom.py
[2024-12-24T20:15:31.609+0000] {logging_mixin.py:190} INFO - [2024-12-24T20:15:31.609+0000] {dag.py:3239} INFO - Sync 1 DAGs
[2024-12-24T20:15:31.632+0000] {logging_mixin.py:190} INFO - [2024-12-24T20:15:31.632+0000] {dag.py:4180} INFO - Setting next_dagrun for example_xcom to 2021-01-01 00:00:00+00:00, run_after=2021-01-01 00:00:00+00:00
[2024-12-24T20:15:31.650+0000] {processor.py:208} INFO - Processing /home/airflow/.local/lib/python3.12/site-packages/airflow/example_dags/example_xcom.py took 0.079 seconds
[2024-12-24T20:16:02.601+0000] {processor.py:186} INFO - Started process (PID=1889) to work on /home/airflow/.local/lib/python3.12/site-packages/airflow/example_dags/example_xcom.py
[2024-12-24T20:16:02.602+0000] {processor.py:914} INFO - Processing file /home/airflow/.local/lib/python3.12/site-packages/airflow/example_dags/example_xcom.py for tasks to queue
[2024-12-24T20:16:02.604+0000] {logging_mixin.py:190} INFO - [2024-12-24T20:16:02.604+0000] {dagbag.py:588} INFO - Filling up the DagBag from /home/airflow/.local/lib/python3.12/site-packages/airflow/example_dags/example_xcom.py
[2024-12-24T20:16:02.615+0000] {processor.py:925} INFO - DAG(s) 'example_xcom' retrieved from /home/airflow/.local/lib/python3.12/site-packages/airflow/example_dags/example_xcom.py
[2024-12-24T20:16:02.645+0000] {logging_mixin.py:190} INFO - [2024-12-24T20:16:02.645+0000] {dag.py:3239} INFO - Sync 1 DAGs
[2024-12-24T20:16:02.675+0000] {logging_mixin.py:190} INFO - [2024-12-24T20:16:02.675+0000] {dag.py:4180} INFO - Setting next_dagrun for example_xcom to 2021-01-01 00:00:00+00:00, run_after=2021-01-01 00:00:00+00:00
[2024-12-24T20:16:02.697+0000] {processor.py:208} INFO - Processing /home/airflow/.local/lib/python3.12/site-packages/airflow/example_dags/example_xcom.py took 0.101 seconds
[2024-12-24T20:16:33.446+0000] {processor.py:186} INFO - Started process (PID=1953) to work on /home/airflow/.local/lib/python3.12/site-packages/airflow/example_dags/example_xcom.py
[2024-12-24T20:16:33.447+0000] {processor.py:914} INFO - Processing file /home/airflow/.local/lib/python3.12/site-packages/airflow/example_dags/example_xcom.py for tasks to queue
[2024-12-24T20:16:33.448+0000] {logging_mixin.py:190} INFO - [2024-12-24T20:16:33.448+0000] {dagbag.py:588} INFO - Filling up the DagBag from /home/airflow/.local/lib/python3.12/site-packages/airflow/example_dags/example_xcom.py
[2024-12-24T20:16:33.456+0000] {processor.py:925} INFO - DAG(s) 'example_xcom' retrieved from /home/airflow/.local/lib/python3.12/site-packages/airflow/example_dags/example_xcom.py
[2024-12-24T20:16:33.475+0000] {logging_mixin.py:190} INFO - [2024-12-24T20:16:33.475+0000] {dag.py:3239} INFO - Sync 1 DAGs
[2024-12-24T20:16:33.494+0000] {logging_mixin.py:190} INFO - [2024-12-24T20:16:33.494+0000] {dag.py:4180} INFO - Setting next_dagrun for example_xcom to 2021-01-01 00:00:00+00:00, run_after=2021-01-01 00:00:00+00:00
[2024-12-24T20:16:33.509+0000] {processor.py:208} INFO - Processing /home/airflow/.local/lib/python3.12/site-packages/airflow/example_dags/example_xcom.py took 0.069 seconds
[2024-12-24T20:17:04.501+0000] {processor.py:186} INFO - Started process (PID=2017) to work on /home/airflow/.local/lib/python3.12/site-packages/airflow/example_dags/example_xcom.py
[2024-12-24T20:17:04.502+0000] {processor.py:914} INFO - Processing file /home/airflow/.local/lib/python3.12/site-packages/airflow/example_dags/example_xcom.py for tasks to queue
[2024-12-24T20:17:04.503+0000] {logging_mixin.py:190} INFO - [2024-12-24T20:17:04.503+0000] {dagbag.py:588} INFO - Filling up the DagBag from /home/airflow/.local/lib/python3.12/site-packages/airflow/example_dags/example_xcom.py
[2024-12-24T20:17:04.512+0000] {processor.py:925} INFO - DAG(s) 'example_xcom' retrieved from /home/airflow/.local/lib/python3.12/site-packages/airflow/example_dags/example_xcom.py
[2024-12-24T20:17:04.529+0000] {logging_mixin.py:190} INFO - [2024-12-24T20:17:04.529+0000] {dag.py:3239} INFO - Sync 1 DAGs
[2024-12-24T20:17:04.548+0000] {logging_mixin.py:190} INFO - [2024-12-24T20:17:04.548+0000] {dag.py:4180} INFO - Setting next_dagrun for example_xcom to 2021-01-01 00:00:00+00:00, run_after=2021-01-01 00:00:00+00:00
[2024-12-24T20:17:04.565+0000] {processor.py:208} INFO - Processing /home/airflow/.local/lib/python3.12/site-packages/airflow/example_dags/example_xcom.py took 0.069 seconds
[2024-12-24T20:17:35.695+0000] {processor.py:186} INFO - Started process (PID=2081) to work on /home/airflow/.local/lib/python3.12/site-packages/airflow/example_dags/example_xcom.py
[2024-12-24T20:17:35.697+0000] {processor.py:914} INFO - Processing file /home/airflow/.local/lib/python3.12/site-packages/airflow/example_dags/example_xcom.py for tasks to queue
[2024-12-24T20:17:35.698+0000] {logging_mixin.py:190} INFO - [2024-12-24T20:17:35.698+0000] {dagbag.py:588} INFO - Filling up the DagBag from /home/airflow/.local/lib/python3.12/site-packages/airflow/example_dags/example_xcom.py
[2024-12-24T20:17:35.708+0000] {processor.py:925} INFO - DAG(s) 'example_xcom' retrieved from /home/airflow/.local/lib/python3.12/site-packages/airflow/example_dags/example_xcom.py
[2024-12-24T20:17:35.730+0000] {logging_mixin.py:190} INFO - [2024-12-24T20:17:35.730+0000] {dag.py:3239} INFO - Sync 1 DAGs
[2024-12-24T20:17:35.754+0000] {logging_mixin.py:190} INFO - [2024-12-24T20:17:35.754+0000] {dag.py:4180} INFO - Setting next_dagrun for example_xcom to 2021-01-01 00:00:00+00:00, run_after=2021-01-01 00:00:00+00:00
[2024-12-24T20:17:35.772+0000] {processor.py:208} INFO - Processing /home/airflow/.local/lib/python3.12/site-packages/airflow/example_dags/example_xcom.py took 0.082 seconds
[2024-12-24T20:18:06.450+0000] {processor.py:186} INFO - Started process (PID=2145) to work on /home/airflow/.local/lib/python3.12/site-packages/airflow/example_dags/example_xcom.py
[2024-12-24T20:18:06.451+0000] {processor.py:914} INFO - Processing file /home/airflow/.local/lib/python3.12/site-packages/airflow/example_dags/example_xcom.py for tasks to queue
[2024-12-24T20:18:06.453+0000] {logging_mixin.py:190} INFO - [2024-12-24T20:18:06.452+0000] {dagbag.py:588} INFO - Filling up the DagBag from /home/airflow/.local/lib/python3.12/site-packages/airflow/example_dags/example_xcom.py
[2024-12-24T20:18:06.462+0000] {processor.py:925} INFO - DAG(s) 'example_xcom' retrieved from /home/airflow/.local/lib/python3.12/site-packages/airflow/example_dags/example_xcom.py
[2024-12-24T20:18:06.481+0000] {logging_mixin.py:190} INFO - [2024-12-24T20:18:06.481+0000] {dag.py:3239} INFO - Sync 1 DAGs
[2024-12-24T20:18:06.502+0000] {logging_mixin.py:190} INFO - [2024-12-24T20:18:06.502+0000] {dag.py:4180} INFO - Setting next_dagrun for example_xcom to 2021-01-01 00:00:00+00:00, run_after=2021-01-01 00:00:00+00:00
[2024-12-24T20:18:06.520+0000] {processor.py:208} INFO - Processing /home/airflow/.local/lib/python3.12/site-packages/airflow/example_dags/example_xcom.py took 0.075 seconds
[2024-12-24T20:18:36.922+0000] {processor.py:186} INFO - Started process (PID=2209) to work on /home/airflow/.local/lib/python3.12/site-packages/airflow/example_dags/example_xcom.py
[2024-12-24T20:18:36.923+0000] {processor.py:914} INFO - Processing file /home/airflow/.local/lib/python3.12/site-packages/airflow/example_dags/example_xcom.py for tasks to queue
[2024-12-24T20:18:36.924+0000] {logging_mixin.py:190} INFO - [2024-12-24T20:18:36.924+0000] {dagbag.py:588} INFO - Filling up the DagBag from /home/airflow/.local/lib/python3.12/site-packages/airflow/example_dags/example_xcom.py
[2024-12-24T20:18:36.934+0000] {processor.py:925} INFO - DAG(s) 'example_xcom' retrieved from /home/airflow/.local/lib/python3.12/site-packages/airflow/example_dags/example_xcom.py
[2024-12-24T20:18:36.953+0000] {logging_mixin.py:190} INFO - [2024-12-24T20:18:36.953+0000] {dag.py:3239} INFO - Sync 1 DAGs
[2024-12-24T20:18:36.972+0000] {logging_mixin.py:190} INFO - [2024-12-24T20:18:36.972+0000] {dag.py:4180} INFO - Setting next_dagrun for example_xcom to 2021-01-01 00:00:00+00:00, run_after=2021-01-01 00:00:00+00:00
[2024-12-24T20:18:36.988+0000] {processor.py:208} INFO - Processing /home/airflow/.local/lib/python3.12/site-packages/airflow/example_dags/example_xcom.py took 0.072 seconds
[2024-12-24T20:35:45.583+0000] {processor.py:186} INFO - Started process (PID=111) to work on /home/airflow/.local/lib/python3.10/site-packages/airflow/example_dags/example_xcom.py
[2024-12-24T20:35:45.585+0000] {processor.py:914} INFO - Processing file /home/airflow/.local/lib/python3.10/site-packages/airflow/example_dags/example_xcom.py for tasks to queue
[2024-12-24T20:35:45.588+0000] {logging_mixin.py:190} INFO - [2024-12-24T20:35:45.587+0000] {dagbag.py:588} INFO - Filling up the DagBag from /home/airflow/.local/lib/python3.10/site-packages/airflow/example_dags/example_xcom.py
[2024-12-24T20:35:45.600+0000] {processor.py:925} INFO - DAG(s) 'example_xcom' retrieved from /home/airflow/.local/lib/python3.10/site-packages/airflow/example_dags/example_xcom.py
[2024-12-24T20:35:45.697+0000] {logging_mixin.py:190} INFO - [2024-12-24T20:35:45.697+0000] {dag.py:3239} INFO - Sync 1 DAGs
[2024-12-24T20:35:45.715+0000] {logging_mixin.py:190} INFO - [2024-12-24T20:35:45.715+0000] {dag.py:4180} INFO - Setting next_dagrun for example_xcom to 2021-01-01 00:00:00+00:00, run_after=2021-01-01 00:00:00+00:00
[2024-12-24T20:35:45.734+0000] {processor.py:208} INFO - Processing /home/airflow/.local/lib/python3.10/site-packages/airflow/example_dags/example_xcom.py took 0.158 seconds
[2024-12-24T20:36:16.719+0000] {processor.py:186} INFO - Started process (PID=176) to work on /home/airflow/.local/lib/python3.10/site-packages/airflow/example_dags/example_xcom.py
[2024-12-24T20:36:16.720+0000] {processor.py:914} INFO - Processing file /home/airflow/.local/lib/python3.10/site-packages/airflow/example_dags/example_xcom.py for tasks to queue
[2024-12-24T20:36:16.722+0000] {logging_mixin.py:190} INFO - [2024-12-24T20:36:16.722+0000] {dagbag.py:588} INFO - Filling up the DagBag from /home/airflow/.local/lib/python3.10/site-packages/airflow/example_dags/example_xcom.py
[2024-12-24T20:36:16.733+0000] {processor.py:925} INFO - DAG(s) 'example_xcom' retrieved from /home/airflow/.local/lib/python3.10/site-packages/airflow/example_dags/example_xcom.py
[2024-12-24T20:36:16.753+0000] {logging_mixin.py:190} INFO - [2024-12-24T20:36:16.753+0000] {dag.py:3239} INFO - Sync 1 DAGs
[2024-12-24T20:36:16.775+0000] {logging_mixin.py:190} INFO - [2024-12-24T20:36:16.775+0000] {dag.py:4180} INFO - Setting next_dagrun for example_xcom to 2021-01-01 00:00:00+00:00, run_after=2021-01-01 00:00:00+00:00
[2024-12-24T20:36:16.793+0000] {processor.py:208} INFO - Processing /home/airflow/.local/lib/python3.10/site-packages/airflow/example_dags/example_xcom.py took 0.080 seconds
[2024-12-24T20:36:47.480+0000] {processor.py:186} INFO - Started process (PID=239) to work on /home/airflow/.local/lib/python3.10/site-packages/airflow/example_dags/example_xcom.py
[2024-12-24T20:36:47.481+0000] {processor.py:914} INFO - Processing file /home/airflow/.local/lib/python3.10/site-packages/airflow/example_dags/example_xcom.py for tasks to queue
[2024-12-24T20:36:47.483+0000] {logging_mixin.py:190} INFO - [2024-12-24T20:36:47.483+0000] {dagbag.py:588} INFO - Filling up the DagBag from /home/airflow/.local/lib/python3.10/site-packages/airflow/example_dags/example_xcom.py
[2024-12-24T20:36:47.495+0000] {processor.py:925} INFO - DAG(s) 'example_xcom' retrieved from /home/airflow/.local/lib/python3.10/site-packages/airflow/example_dags/example_xcom.py
[2024-12-24T20:36:47.516+0000] {logging_mixin.py:190} INFO - [2024-12-24T20:36:47.515+0000] {dag.py:3239} INFO - Sync 1 DAGs
[2024-12-24T20:36:47.541+0000] {logging_mixin.py:190} INFO - [2024-12-24T20:36:47.540+0000] {dag.py:4180} INFO - Setting next_dagrun for example_xcom to 2021-01-01 00:00:00+00:00, run_after=2021-01-01 00:00:00+00:00
[2024-12-24T20:36:47.567+0000] {processor.py:208} INFO - Processing /home/airflow/.local/lib/python3.10/site-packages/airflow/example_dags/example_xcom.py took 0.093 seconds
[2024-12-24T20:37:17.892+0000] {processor.py:186} INFO - Started process (PID=304) to work on /home/airflow/.local/lib/python3.10/site-packages/airflow/example_dags/example_xcom.py
[2024-12-24T20:37:17.894+0000] {processor.py:914} INFO - Processing file /home/airflow/.local/lib/python3.10/site-packages/airflow/example_dags/example_xcom.py for tasks to queue
[2024-12-24T20:37:17.896+0000] {logging_mixin.py:190} INFO - [2024-12-24T20:37:17.896+0000] {dagbag.py:588} INFO - Filling up the DagBag from /home/airflow/.local/lib/python3.10/site-packages/airflow/example_dags/example_xcom.py
[2024-12-24T20:37:17.905+0000] {processor.py:925} INFO - DAG(s) 'example_xcom' retrieved from /home/airflow/.local/lib/python3.10/site-packages/airflow/example_dags/example_xcom.py
[2024-12-24T20:37:17.924+0000] {logging_mixin.py:190} INFO - [2024-12-24T20:37:17.924+0000] {dag.py:3239} INFO - Sync 1 DAGs
[2024-12-24T20:37:17.944+0000] {logging_mixin.py:190} INFO - [2024-12-24T20:37:17.944+0000] {dag.py:4180} INFO - Setting next_dagrun for example_xcom to 2021-01-01 00:00:00+00:00, run_after=2021-01-01 00:00:00+00:00
[2024-12-24T20:37:17.962+0000] {processor.py:208} INFO - Processing /home/airflow/.local/lib/python3.10/site-packages/airflow/example_dags/example_xcom.py took 0.076 seconds
[2024-12-24T20:37:48.882+0000] {processor.py:186} INFO - Started process (PID=368) to work on /home/airflow/.local/lib/python3.10/site-packages/airflow/example_dags/example_xcom.py
[2024-12-24T20:37:48.883+0000] {processor.py:914} INFO - Processing file /home/airflow/.local/lib/python3.10/site-packages/airflow/example_dags/example_xcom.py for tasks to queue
[2024-12-24T20:37:48.886+0000] {logging_mixin.py:190} INFO - [2024-12-24T20:37:48.885+0000] {dagbag.py:588} INFO - Filling up the DagBag from /home/airflow/.local/lib/python3.10/site-packages/airflow/example_dags/example_xcom.py
[2024-12-24T20:37:48.895+0000] {processor.py:925} INFO - DAG(s) 'example_xcom' retrieved from /home/airflow/.local/lib/python3.10/site-packages/airflow/example_dags/example_xcom.py
[2024-12-24T20:37:48.915+0000] {logging_mixin.py:190} INFO - [2024-12-24T20:37:48.914+0000] {dag.py:3239} INFO - Sync 1 DAGs
[2024-12-24T20:37:48.935+0000] {logging_mixin.py:190} INFO - [2024-12-24T20:37:48.935+0000] {dag.py:4180} INFO - Setting next_dagrun for example_xcom to 2021-01-01 00:00:00+00:00, run_after=2021-01-01 00:00:00+00:00
[2024-12-24T20:37:48.949+0000] {processor.py:208} INFO - Processing /home/airflow/.local/lib/python3.10/site-packages/airflow/example_dags/example_xcom.py took 0.073 seconds
[2024-12-24T20:38:19.031+0000] {processor.py:186} INFO - Started process (PID=431) to work on /home/airflow/.local/lib/python3.10/site-packages/airflow/example_dags/example_xcom.py
[2024-12-24T20:38:19.032+0000] {processor.py:914} INFO - Processing file /home/airflow/.local/lib/python3.10/site-packages/airflow/example_dags/example_xcom.py for tasks to queue
[2024-12-24T20:38:19.034+0000] {logging_mixin.py:190} INFO - [2024-12-24T20:38:19.034+0000] {dagbag.py:588} INFO - Filling up the DagBag from /home/airflow/.local/lib/python3.10/site-packages/airflow/example_dags/example_xcom.py
[2024-12-24T20:38:19.043+0000] {processor.py:925} INFO - DAG(s) 'example_xcom' retrieved from /home/airflow/.local/lib/python3.10/site-packages/airflow/example_dags/example_xcom.py
[2024-12-24T20:38:19.061+0000] {logging_mixin.py:190} INFO - [2024-12-24T20:38:19.061+0000] {dag.py:3239} INFO - Sync 1 DAGs
[2024-12-24T20:38:19.079+0000] {logging_mixin.py:190} INFO - [2024-12-24T20:38:19.079+0000] {dag.py:4180} INFO - Setting next_dagrun for example_xcom to 2021-01-01 00:00:00+00:00, run_after=2021-01-01 00:00:00+00:00
[2024-12-24T20:38:19.093+0000] {processor.py:208} INFO - Processing /home/airflow/.local/lib/python3.10/site-packages/airflow/example_dags/example_xcom.py took 0.068 seconds
[2024-12-24T20:38:49.502+0000] {processor.py:186} INFO - Started process (PID=496) to work on /home/airflow/.local/lib/python3.10/site-packages/airflow/example_dags/example_xcom.py
[2024-12-24T20:38:49.503+0000] {processor.py:914} INFO - Processing file /home/airflow/.local/lib/python3.10/site-packages/airflow/example_dags/example_xcom.py for tasks to queue
[2024-12-24T20:38:49.505+0000] {logging_mixin.py:190} INFO - [2024-12-24T20:38:49.505+0000] {dagbag.py:588} INFO - Filling up the DagBag from /home/airflow/.local/lib/python3.10/site-packages/airflow/example_dags/example_xcom.py
[2024-12-24T20:38:49.514+0000] {processor.py:925} INFO - DAG(s) 'example_xcom' retrieved from /home/airflow/.local/lib/python3.10/site-packages/airflow/example_dags/example_xcom.py
[2024-12-24T20:38:49.534+0000] {logging_mixin.py:190} INFO - [2024-12-24T20:38:49.534+0000] {dag.py:3239} INFO - Sync 1 DAGs
[2024-12-24T20:38:49.555+0000] {logging_mixin.py:190} INFO - [2024-12-24T20:38:49.555+0000] {dag.py:4180} INFO - Setting next_dagrun for example_xcom to 2021-01-01 00:00:00+00:00, run_after=2021-01-01 00:00:00+00:00
[2024-12-24T20:38:49.573+0000] {processor.py:208} INFO - Processing /home/airflow/.local/lib/python3.10/site-packages/airflow/example_dags/example_xcom.py took 0.077 seconds
[2024-12-24T20:39:20.286+0000] {processor.py:186} INFO - Started process (PID=560) to work on /home/airflow/.local/lib/python3.10/site-packages/airflow/example_dags/example_xcom.py
[2024-12-24T20:39:20.287+0000] {processor.py:914} INFO - Processing file /home/airflow/.local/lib/python3.10/site-packages/airflow/example_dags/example_xcom.py for tasks to queue
[2024-12-24T20:39:20.290+0000] {logging_mixin.py:190} INFO - [2024-12-24T20:39:20.289+0000] {dagbag.py:588} INFO - Filling up the DagBag from /home/airflow/.local/lib/python3.10/site-packages/airflow/example_dags/example_xcom.py
[2024-12-24T20:39:20.299+0000] {processor.py:925} INFO - DAG(s) 'example_xcom' retrieved from /home/airflow/.local/lib/python3.10/site-packages/airflow/example_dags/example_xcom.py
[2024-12-24T20:39:20.320+0000] {logging_mixin.py:190} INFO - [2024-12-24T20:39:20.320+0000] {dag.py:3239} INFO - Sync 1 DAGs
[2024-12-24T20:39:20.342+0000] {logging_mixin.py:190} INFO - [2024-12-24T20:39:20.342+0000] {dag.py:4180} INFO - Setting next_dagrun for example_xcom to 2021-01-01 00:00:00+00:00, run_after=2021-01-01 00:00:00+00:00
[2024-12-24T20:39:20.360+0000] {processor.py:208} INFO - Processing /home/airflow/.local/lib/python3.10/site-packages/airflow/example_dags/example_xcom.py took 0.080 seconds
[2024-12-24T20:39:50.419+0000] {processor.py:186} INFO - Started process (PID=625) to work on /home/airflow/.local/lib/python3.10/site-packages/airflow/example_dags/example_xcom.py
[2024-12-24T20:39:50.420+0000] {processor.py:914} INFO - Processing file /home/airflow/.local/lib/python3.10/site-packages/airflow/example_dags/example_xcom.py for tasks to queue
[2024-12-24T20:39:50.422+0000] {logging_mixin.py:190} INFO - [2024-12-24T20:39:50.422+0000] {dagbag.py:588} INFO - Filling up the DagBag from /home/airflow/.local/lib/python3.10/site-packages/airflow/example_dags/example_xcom.py
[2024-12-24T20:39:50.431+0000] {processor.py:925} INFO - DAG(s) 'example_xcom' retrieved from /home/airflow/.local/lib/python3.10/site-packages/airflow/example_dags/example_xcom.py
[2024-12-24T20:39:50.451+0000] {logging_mixin.py:190} INFO - [2024-12-24T20:39:50.451+0000] {dag.py:3239} INFO - Sync 1 DAGs
[2024-12-24T20:39:50.471+0000] {logging_mixin.py:190} INFO - [2024-12-24T20:39:50.471+0000] {dag.py:4180} INFO - Setting next_dagrun for example_xcom to 2021-01-01 00:00:00+00:00, run_after=2021-01-01 00:00:00+00:00
[2024-12-24T20:39:50.487+0000] {processor.py:208} INFO - Processing /home/airflow/.local/lib/python3.10/site-packages/airflow/example_dags/example_xcom.py took 0.074 seconds
[2024-12-24T20:40:20.526+0000] {processor.py:186} INFO - Started process (PID=688) to work on /home/airflow/.local/lib/python3.10/site-packages/airflow/example_dags/example_xcom.py
[2024-12-24T20:40:20.527+0000] {processor.py:914} INFO - Processing file /home/airflow/.local/lib/python3.10/site-packages/airflow/example_dags/example_xcom.py for tasks to queue
[2024-12-24T20:40:20.529+0000] {logging_mixin.py:190} INFO - [2024-12-24T20:40:20.529+0000] {dagbag.py:588} INFO - Filling up the DagBag from /home/airflow/.local/lib/python3.10/site-packages/airflow/example_dags/example_xcom.py
[2024-12-24T20:40:20.538+0000] {processor.py:925} INFO - DAG(s) 'example_xcom' retrieved from /home/airflow/.local/lib/python3.10/site-packages/airflow/example_dags/example_xcom.py
[2024-12-24T20:40:20.559+0000] {logging_mixin.py:190} INFO - [2024-12-24T20:40:20.558+0000] {dag.py:3239} INFO - Sync 1 DAGs
[2024-12-24T20:40:20.583+0000] {logging_mixin.py:190} INFO - [2024-12-24T20:40:20.583+0000] {dag.py:4180} INFO - Setting next_dagrun for example_xcom to 2021-01-01 00:00:00+00:00, run_after=2021-01-01 00:00:00+00:00
[2024-12-24T20:40:20.603+0000] {processor.py:208} INFO - Processing /home/airflow/.local/lib/python3.10/site-packages/airflow/example_dags/example_xcom.py took 0.083 seconds
[2024-12-24T20:40:51.228+0000] {processor.py:186} INFO - Started process (PID=753) to work on /home/airflow/.local/lib/python3.10/site-packages/airflow/example_dags/example_xcom.py
[2024-12-24T20:40:51.229+0000] {processor.py:914} INFO - Processing file /home/airflow/.local/lib/python3.10/site-packages/airflow/example_dags/example_xcom.py for tasks to queue
[2024-12-24T20:40:51.232+0000] {logging_mixin.py:190} INFO - [2024-12-24T20:40:51.231+0000] {dagbag.py:588} INFO - Filling up the DagBag from /home/airflow/.local/lib/python3.10/site-packages/airflow/example_dags/example_xcom.py
[2024-12-24T20:40:51.241+0000] {processor.py:925} INFO - DAG(s) 'example_xcom' retrieved from /home/airflow/.local/lib/python3.10/site-packages/airflow/example_dags/example_xcom.py
[2024-12-24T20:40:51.259+0000] {logging_mixin.py:190} INFO - [2024-12-24T20:40:51.259+0000] {dag.py:3239} INFO - Sync 1 DAGs
[2024-12-24T20:40:51.280+0000] {logging_mixin.py:190} INFO - [2024-12-24T20:40:51.280+0000] {dag.py:4180} INFO - Setting next_dagrun for example_xcom to 2021-01-01 00:00:00+00:00, run_after=2021-01-01 00:00:00+00:00
[2024-12-24T20:40:51.298+0000] {processor.py:208} INFO - Processing /home/airflow/.local/lib/python3.10/site-packages/airflow/example_dags/example_xcom.py took 0.076 seconds
