[2024-12-24T20:01:22.811+0000] {processor.py:186} INFO - Started process (PID=71) to work on /home/airflow/.local/lib/python3.12/site-packages/airflow/example_dags/example_complex.py
[2024-12-24T20:01:22.815+0000] {processor.py:914} INFO - Processing file /home/airflow/.local/lib/python3.12/site-packages/airflow/example_dags/example_complex.py for tasks to queue
[2024-12-24T20:01:22.833+0000] {logging_mixin.py:190} INFO - [2024-12-24T20:01:22.832+0000] {dagbag.py:588} INFO - Filling up the DagBag from /home/airflow/.local/lib/python3.12/site-packages/airflow/example_dags/example_complex.py
[2024-12-24T20:01:22.871+0000] {processor.py:925} INFO - DAG(s) 'example_complex' retrieved from /home/airflow/.local/lib/python3.12/site-packages/airflow/example_dags/example_complex.py
[2024-12-24T20:01:23.276+0000] {logging_mixin.py:190} INFO - [2024-12-24T20:01:23.275+0000] {override.py:1911} INFO - Created Permission View: can edit on DAG:example_complex
[2024-12-24T20:01:23.290+0000] {logging_mixin.py:190} INFO - [2024-12-24T20:01:23.290+0000] {override.py:1911} INFO - Created Permission View: can read on DAG:example_complex
[2024-12-24T20:01:23.298+0000] {logging_mixin.py:190} INFO - [2024-12-24T20:01:23.298+0000] {override.py:1911} INFO - Created Permission View: can delete on DAG:example_complex
[2024-12-24T20:01:23.307+0000] {logging_mixin.py:190} INFO - [2024-12-24T20:01:23.307+0000] {override.py:1911} INFO - Created Permission View: menu access on DAG Run:example_complex
[2024-12-24T20:01:23.316+0000] {logging_mixin.py:190} INFO - [2024-12-24T20:01:23.316+0000] {override.py:1911} INFO - Created Permission View: can read on DAG Run:example_complex
[2024-12-24T20:01:23.324+0000] {logging_mixin.py:190} INFO - [2024-12-24T20:01:23.324+0000] {override.py:1911} INFO - Created Permission View: can delete on DAG Run:example_complex
[2024-12-24T20:01:23.337+0000] {logging_mixin.py:190} INFO - [2024-12-24T20:01:23.337+0000] {override.py:1911} INFO - Created Permission View: can create on DAG Run:example_complex
[2024-12-24T20:01:23.338+0000] {logging_mixin.py:190} INFO - [2024-12-24T20:01:23.337+0000] {dag.py:3239} INFO - Sync 1 DAGs
[2024-12-24T20:01:23.363+0000] {logging_mixin.py:190} INFO - [2024-12-24T20:01:23.363+0000] {dag.py:3262} INFO - Creating ORM DAG for example_complex
[2024-12-24T20:01:23.364+0000] {logging_mixin.py:190} INFO - [2024-12-24T20:01:23.364+0000] {dag.py:4180} INFO - Setting next_dagrun for example_complex to None, run_after=None
[2024-12-24T20:01:23.389+0000] {processor.py:208} INFO - Processing /home/airflow/.local/lib/python3.12/site-packages/airflow/example_dags/example_complex.py took 0.593 seconds
[2024-12-24T20:01:53.587+0000] {processor.py:186} INFO - Started process (PID=134) to work on /home/airflow/.local/lib/python3.12/site-packages/airflow/example_dags/example_complex.py
[2024-12-24T20:01:53.588+0000] {processor.py:914} INFO - Processing file /home/airflow/.local/lib/python3.12/site-packages/airflow/example_dags/example_complex.py for tasks to queue
[2024-12-24T20:01:53.590+0000] {logging_mixin.py:190} INFO - [2024-12-24T20:01:53.590+0000] {dagbag.py:588} INFO - Filling up the DagBag from /home/airflow/.local/lib/python3.12/site-packages/airflow/example_dags/example_complex.py
[2024-12-24T20:01:53.601+0000] {processor.py:925} INFO - DAG(s) 'example_complex' retrieved from /home/airflow/.local/lib/python3.12/site-packages/airflow/example_dags/example_complex.py
[2024-12-24T20:01:53.628+0000] {logging_mixin.py:190} INFO - [2024-12-24T20:01:53.628+0000] {dag.py:3239} INFO - Sync 1 DAGs
[2024-12-24T20:01:53.643+0000] {logging_mixin.py:190} INFO - [2024-12-24T20:01:53.642+0000] {dag.py:4180} INFO - Setting next_dagrun for example_complex to None, run_after=None
[2024-12-24T20:01:53.662+0000] {processor.py:208} INFO - Processing /home/airflow/.local/lib/python3.12/site-packages/airflow/example_dags/example_complex.py took 0.082 seconds
[2024-12-24T20:02:24.017+0000] {processor.py:186} INFO - Started process (PID=197) to work on /home/airflow/.local/lib/python3.12/site-packages/airflow/example_dags/example_complex.py
[2024-12-24T20:02:24.018+0000] {processor.py:914} INFO - Processing file /home/airflow/.local/lib/python3.12/site-packages/airflow/example_dags/example_complex.py for tasks to queue
[2024-12-24T20:02:24.021+0000] {logging_mixin.py:190} INFO - [2024-12-24T20:02:24.021+0000] {dagbag.py:588} INFO - Filling up the DagBag from /home/airflow/.local/lib/python3.12/site-packages/airflow/example_dags/example_complex.py
[2024-12-24T20:02:24.031+0000] {processor.py:925} INFO - DAG(s) 'example_complex' retrieved from /home/airflow/.local/lib/python3.12/site-packages/airflow/example_dags/example_complex.py
[2024-12-24T20:02:24.062+0000] {logging_mixin.py:190} INFO - [2024-12-24T20:02:24.062+0000] {dag.py:3239} INFO - Sync 1 DAGs
[2024-12-24T20:02:24.074+0000] {logging_mixin.py:190} INFO - [2024-12-24T20:02:24.074+0000] {dag.py:4180} INFO - Setting next_dagrun for example_complex to None, run_after=None
[2024-12-24T20:02:24.091+0000] {processor.py:208} INFO - Processing /home/airflow/.local/lib/python3.12/site-packages/airflow/example_dags/example_complex.py took 0.079 seconds
[2024-12-24T20:02:54.306+0000] {processor.py:186} INFO - Started process (PID=260) to work on /home/airflow/.local/lib/python3.12/site-packages/airflow/example_dags/example_complex.py
[2024-12-24T20:02:54.307+0000] {processor.py:914} INFO - Processing file /home/airflow/.local/lib/python3.12/site-packages/airflow/example_dags/example_complex.py for tasks to queue
[2024-12-24T20:02:54.309+0000] {logging_mixin.py:190} INFO - [2024-12-24T20:02:54.309+0000] {dagbag.py:588} INFO - Filling up the DagBag from /home/airflow/.local/lib/python3.12/site-packages/airflow/example_dags/example_complex.py
[2024-12-24T20:02:54.319+0000] {processor.py:925} INFO - DAG(s) 'example_complex' retrieved from /home/airflow/.local/lib/python3.12/site-packages/airflow/example_dags/example_complex.py
[2024-12-24T20:02:54.347+0000] {logging_mixin.py:190} INFO - [2024-12-24T20:02:54.346+0000] {dag.py:3239} INFO - Sync 1 DAGs
[2024-12-24T20:02:54.360+0000] {logging_mixin.py:190} INFO - [2024-12-24T20:02:54.360+0000] {dag.py:4180} INFO - Setting next_dagrun for example_complex to None, run_after=None
[2024-12-24T20:02:54.383+0000] {processor.py:208} INFO - Processing /home/airflow/.local/lib/python3.12/site-packages/airflow/example_dags/example_complex.py took 0.082 seconds
[2024-12-24T20:03:24.433+0000] {processor.py:186} INFO - Started process (PID=323) to work on /home/airflow/.local/lib/python3.12/site-packages/airflow/example_dags/example_complex.py
[2024-12-24T20:03:24.434+0000] {processor.py:914} INFO - Processing file /home/airflow/.local/lib/python3.12/site-packages/airflow/example_dags/example_complex.py for tasks to queue
[2024-12-24T20:03:24.437+0000] {logging_mixin.py:190} INFO - [2024-12-24T20:03:24.437+0000] {dagbag.py:588} INFO - Filling up the DagBag from /home/airflow/.local/lib/python3.12/site-packages/airflow/example_dags/example_complex.py
[2024-12-24T20:03:24.448+0000] {processor.py:925} INFO - DAG(s) 'example_complex' retrieved from /home/airflow/.local/lib/python3.12/site-packages/airflow/example_dags/example_complex.py
[2024-12-24T20:03:24.480+0000] {logging_mixin.py:190} INFO - [2024-12-24T20:03:24.480+0000] {dag.py:3239} INFO - Sync 1 DAGs
[2024-12-24T20:03:24.498+0000] {logging_mixin.py:190} INFO - [2024-12-24T20:03:24.498+0000] {dag.py:4180} INFO - Setting next_dagrun for example_complex to None, run_after=None
[2024-12-24T20:03:24.525+0000] {processor.py:208} INFO - Processing /home/airflow/.local/lib/python3.12/site-packages/airflow/example_dags/example_complex.py took 0.098 seconds
[2024-12-24T20:03:55.159+0000] {processor.py:186} INFO - Started process (PID=386) to work on /home/airflow/.local/lib/python3.12/site-packages/airflow/example_dags/example_complex.py
[2024-12-24T20:03:55.159+0000] {processor.py:914} INFO - Processing file /home/airflow/.local/lib/python3.12/site-packages/airflow/example_dags/example_complex.py for tasks to queue
[2024-12-24T20:03:55.162+0000] {logging_mixin.py:190} INFO - [2024-12-24T20:03:55.162+0000] {dagbag.py:588} INFO - Filling up the DagBag from /home/airflow/.local/lib/python3.12/site-packages/airflow/example_dags/example_complex.py
[2024-12-24T20:03:55.172+0000] {processor.py:925} INFO - DAG(s) 'example_complex' retrieved from /home/airflow/.local/lib/python3.12/site-packages/airflow/example_dags/example_complex.py
[2024-12-24T20:03:55.203+0000] {logging_mixin.py:190} INFO - [2024-12-24T20:03:55.202+0000] {dag.py:3239} INFO - Sync 1 DAGs
[2024-12-24T20:03:55.217+0000] {logging_mixin.py:190} INFO - [2024-12-24T20:03:55.216+0000] {dag.py:4180} INFO - Setting next_dagrun for example_complex to None, run_after=None
[2024-12-24T20:03:55.235+0000] {processor.py:208} INFO - Processing /home/airflow/.local/lib/python3.12/site-packages/airflow/example_dags/example_complex.py took 0.082 seconds
[2024-12-24T20:04:25.593+0000] {processor.py:186} INFO - Started process (PID=449) to work on /home/airflow/.local/lib/python3.12/site-packages/airflow/example_dags/example_complex.py
[2024-12-24T20:04:25.594+0000] {processor.py:914} INFO - Processing file /home/airflow/.local/lib/python3.12/site-packages/airflow/example_dags/example_complex.py for tasks to queue
[2024-12-24T20:04:25.598+0000] {logging_mixin.py:190} INFO - [2024-12-24T20:04:25.597+0000] {dagbag.py:588} INFO - Filling up the DagBag from /home/airflow/.local/lib/python3.12/site-packages/airflow/example_dags/example_complex.py
[2024-12-24T20:04:25.611+0000] {processor.py:925} INFO - DAG(s) 'example_complex' retrieved from /home/airflow/.local/lib/python3.12/site-packages/airflow/example_dags/example_complex.py
[2024-12-24T20:04:25.647+0000] {logging_mixin.py:190} INFO - [2024-12-24T20:04:25.646+0000] {dag.py:3239} INFO - Sync 1 DAGs
[2024-12-24T20:04:25.662+0000] {logging_mixin.py:190} INFO - [2024-12-24T20:04:25.661+0000] {dag.py:4180} INFO - Setting next_dagrun for example_complex to None, run_after=None
[2024-12-24T20:04:25.681+0000] {processor.py:208} INFO - Processing /home/airflow/.local/lib/python3.12/site-packages/airflow/example_dags/example_complex.py took 0.096 seconds
[2024-12-24T20:04:56.197+0000] {processor.py:186} INFO - Started process (PID=512) to work on /home/airflow/.local/lib/python3.12/site-packages/airflow/example_dags/example_complex.py
[2024-12-24T20:04:56.198+0000] {processor.py:914} INFO - Processing file /home/airflow/.local/lib/python3.12/site-packages/airflow/example_dags/example_complex.py for tasks to queue
[2024-12-24T20:04:56.200+0000] {logging_mixin.py:190} INFO - [2024-12-24T20:04:56.200+0000] {dagbag.py:588} INFO - Filling up the DagBag from /home/airflow/.local/lib/python3.12/site-packages/airflow/example_dags/example_complex.py
[2024-12-24T20:04:56.211+0000] {processor.py:925} INFO - DAG(s) 'example_complex' retrieved from /home/airflow/.local/lib/python3.12/site-packages/airflow/example_dags/example_complex.py
[2024-12-24T20:04:56.239+0000] {logging_mixin.py:190} INFO - [2024-12-24T20:04:56.239+0000] {dag.py:3239} INFO - Sync 1 DAGs
[2024-12-24T20:04:56.252+0000] {logging_mixin.py:190} INFO - [2024-12-24T20:04:56.252+0000] {dag.py:4180} INFO - Setting next_dagrun for example_complex to None, run_after=None
[2024-12-24T20:04:56.269+0000] {processor.py:208} INFO - Processing /home/airflow/.local/lib/python3.12/site-packages/airflow/example_dags/example_complex.py took 0.078 seconds
[2024-12-24T20:05:26.611+0000] {processor.py:186} INFO - Started process (PID=575) to work on /home/airflow/.local/lib/python3.12/site-packages/airflow/example_dags/example_complex.py
[2024-12-24T20:05:26.612+0000] {processor.py:914} INFO - Processing file /home/airflow/.local/lib/python3.12/site-packages/airflow/example_dags/example_complex.py for tasks to queue
[2024-12-24T20:05:26.615+0000] {logging_mixin.py:190} INFO - [2024-12-24T20:05:26.614+0000] {dagbag.py:588} INFO - Filling up the DagBag from /home/airflow/.local/lib/python3.12/site-packages/airflow/example_dags/example_complex.py
[2024-12-24T20:05:26.625+0000] {processor.py:925} INFO - DAG(s) 'example_complex' retrieved from /home/airflow/.local/lib/python3.12/site-packages/airflow/example_dags/example_complex.py
[2024-12-24T20:05:26.653+0000] {logging_mixin.py:190} INFO - [2024-12-24T20:05:26.652+0000] {dag.py:3239} INFO - Sync 1 DAGs
[2024-12-24T20:05:26.666+0000] {logging_mixin.py:190} INFO - [2024-12-24T20:05:26.666+0000] {dag.py:4180} INFO - Setting next_dagrun for example_complex to None, run_after=None
[2024-12-24T20:05:26.685+0000] {processor.py:208} INFO - Processing /home/airflow/.local/lib/python3.12/site-packages/airflow/example_dags/example_complex.py took 0.080 seconds
[2024-12-24T20:05:57.019+0000] {processor.py:186} INFO - Started process (PID=639) to work on /home/airflow/.local/lib/python3.12/site-packages/airflow/example_dags/example_complex.py
[2024-12-24T20:05:57.020+0000] {processor.py:914} INFO - Processing file /home/airflow/.local/lib/python3.12/site-packages/airflow/example_dags/example_complex.py for tasks to queue
[2024-12-24T20:05:57.022+0000] {logging_mixin.py:190} INFO - [2024-12-24T20:05:57.022+0000] {dagbag.py:588} INFO - Filling up the DagBag from /home/airflow/.local/lib/python3.12/site-packages/airflow/example_dags/example_complex.py
[2024-12-24T20:05:57.032+0000] {processor.py:925} INFO - DAG(s) 'example_complex' retrieved from /home/airflow/.local/lib/python3.12/site-packages/airflow/example_dags/example_complex.py
[2024-12-24T20:05:57.060+0000] {logging_mixin.py:190} INFO - [2024-12-24T20:05:57.060+0000] {dag.py:3239} INFO - Sync 1 DAGs
[2024-12-24T20:05:57.073+0000] {logging_mixin.py:190} INFO - [2024-12-24T20:05:57.073+0000] {dag.py:4180} INFO - Setting next_dagrun for example_complex to None, run_after=None
[2024-12-24T20:05:57.092+0000] {processor.py:208} INFO - Processing /home/airflow/.local/lib/python3.12/site-packages/airflow/example_dags/example_complex.py took 0.078 seconds
[2024-12-24T20:06:27.174+0000] {processor.py:186} INFO - Started process (PID=702) to work on /home/airflow/.local/lib/python3.12/site-packages/airflow/example_dags/example_complex.py
[2024-12-24T20:06:27.175+0000] {processor.py:914} INFO - Processing file /home/airflow/.local/lib/python3.12/site-packages/airflow/example_dags/example_complex.py for tasks to queue
[2024-12-24T20:06:27.178+0000] {logging_mixin.py:190} INFO - [2024-12-24T20:06:27.177+0000] {dagbag.py:588} INFO - Filling up the DagBag from /home/airflow/.local/lib/python3.12/site-packages/airflow/example_dags/example_complex.py
[2024-12-24T20:06:27.188+0000] {processor.py:925} INFO - DAG(s) 'example_complex' retrieved from /home/airflow/.local/lib/python3.12/site-packages/airflow/example_dags/example_complex.py
[2024-12-24T20:06:27.216+0000] {logging_mixin.py:190} INFO - [2024-12-24T20:06:27.215+0000] {dag.py:3239} INFO - Sync 1 DAGs
[2024-12-24T20:06:27.229+0000] {logging_mixin.py:190} INFO - [2024-12-24T20:06:27.229+0000] {dag.py:4180} INFO - Setting next_dagrun for example_complex to None, run_after=None
[2024-12-24T20:06:27.252+0000] {processor.py:208} INFO - Processing /home/airflow/.local/lib/python3.12/site-packages/airflow/example_dags/example_complex.py took 0.083 seconds
[2024-12-24T20:06:57.604+0000] {processor.py:186} INFO - Started process (PID=765) to work on /home/airflow/.local/lib/python3.12/site-packages/airflow/example_dags/example_complex.py
[2024-12-24T20:06:57.605+0000] {processor.py:914} INFO - Processing file /home/airflow/.local/lib/python3.12/site-packages/airflow/example_dags/example_complex.py for tasks to queue
[2024-12-24T20:06:57.608+0000] {logging_mixin.py:190} INFO - [2024-12-24T20:06:57.608+0000] {dagbag.py:588} INFO - Filling up the DagBag from /home/airflow/.local/lib/python3.12/site-packages/airflow/example_dags/example_complex.py
[2024-12-24T20:06:57.621+0000] {processor.py:925} INFO - DAG(s) 'example_complex' retrieved from /home/airflow/.local/lib/python3.12/site-packages/airflow/example_dags/example_complex.py
[2024-12-24T20:06:57.651+0000] {logging_mixin.py:190} INFO - [2024-12-24T20:06:57.650+0000] {dag.py:3239} INFO - Sync 1 DAGs
[2024-12-24T20:06:57.665+0000] {logging_mixin.py:190} INFO - [2024-12-24T20:06:57.664+0000] {dag.py:4180} INFO - Setting next_dagrun for example_complex to None, run_after=None
[2024-12-24T20:06:57.685+0000] {processor.py:208} INFO - Processing /home/airflow/.local/lib/python3.12/site-packages/airflow/example_dags/example_complex.py took 0.088 seconds
[2024-12-24T20:07:28.463+0000] {processor.py:186} INFO - Started process (PID=828) to work on /home/airflow/.local/lib/python3.12/site-packages/airflow/example_dags/example_complex.py
[2024-12-24T20:07:28.464+0000] {processor.py:914} INFO - Processing file /home/airflow/.local/lib/python3.12/site-packages/airflow/example_dags/example_complex.py for tasks to queue
[2024-12-24T20:07:28.467+0000] {logging_mixin.py:190} INFO - [2024-12-24T20:07:28.467+0000] {dagbag.py:588} INFO - Filling up the DagBag from /home/airflow/.local/lib/python3.12/site-packages/airflow/example_dags/example_complex.py
[2024-12-24T20:07:28.477+0000] {processor.py:925} INFO - DAG(s) 'example_complex' retrieved from /home/airflow/.local/lib/python3.12/site-packages/airflow/example_dags/example_complex.py
[2024-12-24T20:07:28.512+0000] {logging_mixin.py:190} INFO - [2024-12-24T20:07:28.512+0000] {dag.py:3239} INFO - Sync 1 DAGs
[2024-12-24T20:07:28.525+0000] {logging_mixin.py:190} INFO - [2024-12-24T20:07:28.525+0000] {dag.py:4180} INFO - Setting next_dagrun for example_complex to None, run_after=None
[2024-12-24T20:07:28.542+0000] {processor.py:208} INFO - Processing /home/airflow/.local/lib/python3.12/site-packages/airflow/example_dags/example_complex.py took 0.085 seconds
[2024-12-24T20:07:58.983+0000] {processor.py:186} INFO - Started process (PID=891) to work on /home/airflow/.local/lib/python3.12/site-packages/airflow/example_dags/example_complex.py
[2024-12-24T20:07:58.984+0000] {processor.py:914} INFO - Processing file /home/airflow/.local/lib/python3.12/site-packages/airflow/example_dags/example_complex.py for tasks to queue
[2024-12-24T20:07:58.987+0000] {logging_mixin.py:190} INFO - [2024-12-24T20:07:58.987+0000] {dagbag.py:588} INFO - Filling up the DagBag from /home/airflow/.local/lib/python3.12/site-packages/airflow/example_dags/example_complex.py
[2024-12-24T20:07:58.998+0000] {processor.py:925} INFO - DAG(s) 'example_complex' retrieved from /home/airflow/.local/lib/python3.12/site-packages/airflow/example_dags/example_complex.py
[2024-12-24T20:07:59.026+0000] {logging_mixin.py:190} INFO - [2024-12-24T20:07:59.025+0000] {dag.py:3239} INFO - Sync 1 DAGs
[2024-12-24T20:07:59.039+0000] {logging_mixin.py:190} INFO - [2024-12-24T20:07:59.039+0000] {dag.py:4180} INFO - Setting next_dagrun for example_complex to None, run_after=None
[2024-12-24T20:07:59.067+0000] {processor.py:208} INFO - Processing /home/airflow/.local/lib/python3.12/site-packages/airflow/example_dags/example_complex.py took 0.090 seconds
[2024-12-24T20:08:29.661+0000] {processor.py:186} INFO - Started process (PID=954) to work on /home/airflow/.local/lib/python3.12/site-packages/airflow/example_dags/example_complex.py
[2024-12-24T20:08:29.662+0000] {processor.py:914} INFO - Processing file /home/airflow/.local/lib/python3.12/site-packages/airflow/example_dags/example_complex.py for tasks to queue
[2024-12-24T20:08:29.665+0000] {logging_mixin.py:190} INFO - [2024-12-24T20:08:29.665+0000] {dagbag.py:588} INFO - Filling up the DagBag from /home/airflow/.local/lib/python3.12/site-packages/airflow/example_dags/example_complex.py
[2024-12-24T20:08:29.676+0000] {processor.py:925} INFO - DAG(s) 'example_complex' retrieved from /home/airflow/.local/lib/python3.12/site-packages/airflow/example_dags/example_complex.py
[2024-12-24T20:08:29.711+0000] {logging_mixin.py:190} INFO - [2024-12-24T20:08:29.710+0000] {dag.py:3239} INFO - Sync 1 DAGs
[2024-12-24T20:08:29.726+0000] {logging_mixin.py:190} INFO - [2024-12-24T20:08:29.726+0000] {dag.py:4180} INFO - Setting next_dagrun for example_complex to None, run_after=None
[2024-12-24T20:08:29.747+0000] {processor.py:208} INFO - Processing /home/airflow/.local/lib/python3.12/site-packages/airflow/example_dags/example_complex.py took 0.091 seconds
[2024-12-24T20:09:00.483+0000] {processor.py:186} INFO - Started process (PID=1017) to work on /home/airflow/.local/lib/python3.12/site-packages/airflow/example_dags/example_complex.py
[2024-12-24T20:09:00.484+0000] {processor.py:914} INFO - Processing file /home/airflow/.local/lib/python3.12/site-packages/airflow/example_dags/example_complex.py for tasks to queue
[2024-12-24T20:09:00.487+0000] {logging_mixin.py:190} INFO - [2024-12-24T20:09:00.487+0000] {dagbag.py:588} INFO - Filling up the DagBag from /home/airflow/.local/lib/python3.12/site-packages/airflow/example_dags/example_complex.py
[2024-12-24T20:09:00.502+0000] {processor.py:925} INFO - DAG(s) 'example_complex' retrieved from /home/airflow/.local/lib/python3.12/site-packages/airflow/example_dags/example_complex.py
[2024-12-24T20:09:00.529+0000] {logging_mixin.py:190} INFO - [2024-12-24T20:09:00.529+0000] {dag.py:3239} INFO - Sync 1 DAGs
[2024-12-24T20:09:00.542+0000] {logging_mixin.py:190} INFO - [2024-12-24T20:09:00.542+0000] {dag.py:4180} INFO - Setting next_dagrun for example_complex to None, run_after=None
[2024-12-24T20:09:00.565+0000] {processor.py:208} INFO - Processing /home/airflow/.local/lib/python3.12/site-packages/airflow/example_dags/example_complex.py took 0.087 seconds
[2024-12-24T20:09:31.439+0000] {processor.py:186} INFO - Started process (PID=1080) to work on /home/airflow/.local/lib/python3.12/site-packages/airflow/example_dags/example_complex.py
[2024-12-24T20:09:31.440+0000] {processor.py:914} INFO - Processing file /home/airflow/.local/lib/python3.12/site-packages/airflow/example_dags/example_complex.py for tasks to queue
[2024-12-24T20:09:31.443+0000] {logging_mixin.py:190} INFO - [2024-12-24T20:09:31.443+0000] {dagbag.py:588} INFO - Filling up the DagBag from /home/airflow/.local/lib/python3.12/site-packages/airflow/example_dags/example_complex.py
[2024-12-24T20:09:31.456+0000] {processor.py:925} INFO - DAG(s) 'example_complex' retrieved from /home/airflow/.local/lib/python3.12/site-packages/airflow/example_dags/example_complex.py
[2024-12-24T20:09:31.489+0000] {logging_mixin.py:190} INFO - [2024-12-24T20:09:31.489+0000] {dag.py:3239} INFO - Sync 1 DAGs
[2024-12-24T20:09:31.505+0000] {logging_mixin.py:190} INFO - [2024-12-24T20:09:31.505+0000] {dag.py:4180} INFO - Setting next_dagrun for example_complex to None, run_after=None
[2024-12-24T20:09:31.528+0000] {processor.py:208} INFO - Processing /home/airflow/.local/lib/python3.12/site-packages/airflow/example_dags/example_complex.py took 0.095 seconds
[2024-12-24T20:10:02.337+0000] {processor.py:186} INFO - Started process (PID=1143) to work on /home/airflow/.local/lib/python3.12/site-packages/airflow/example_dags/example_complex.py
[2024-12-24T20:10:02.337+0000] {processor.py:914} INFO - Processing file /home/airflow/.local/lib/python3.12/site-packages/airflow/example_dags/example_complex.py for tasks to queue
[2024-12-24T20:10:02.340+0000] {logging_mixin.py:190} INFO - [2024-12-24T20:10:02.339+0000] {dagbag.py:588} INFO - Filling up the DagBag from /home/airflow/.local/lib/python3.12/site-packages/airflow/example_dags/example_complex.py
[2024-12-24T20:10:02.353+0000] {processor.py:925} INFO - DAG(s) 'example_complex' retrieved from /home/airflow/.local/lib/python3.12/site-packages/airflow/example_dags/example_complex.py
[2024-12-24T20:10:02.382+0000] {logging_mixin.py:190} INFO - [2024-12-24T20:10:02.382+0000] {dag.py:3239} INFO - Sync 1 DAGs
[2024-12-24T20:10:02.398+0000] {logging_mixin.py:190} INFO - [2024-12-24T20:10:02.397+0000] {dag.py:4180} INFO - Setting next_dagrun for example_complex to None, run_after=None
[2024-12-24T20:10:02.420+0000] {processor.py:208} INFO - Processing /home/airflow/.local/lib/python3.12/site-packages/airflow/example_dags/example_complex.py took 0.090 seconds
[2024-12-24T20:10:32.998+0000] {processor.py:186} INFO - Started process (PID=1206) to work on /home/airflow/.local/lib/python3.12/site-packages/airflow/example_dags/example_complex.py
[2024-12-24T20:10:32.999+0000] {processor.py:914} INFO - Processing file /home/airflow/.local/lib/python3.12/site-packages/airflow/example_dags/example_complex.py for tasks to queue
[2024-12-24T20:10:33.001+0000] {logging_mixin.py:190} INFO - [2024-12-24T20:10:33.001+0000] {dagbag.py:588} INFO - Filling up the DagBag from /home/airflow/.local/lib/python3.12/site-packages/airflow/example_dags/example_complex.py
[2024-12-24T20:10:33.015+0000] {processor.py:925} INFO - DAG(s) 'example_complex' retrieved from /home/airflow/.local/lib/python3.12/site-packages/airflow/example_dags/example_complex.py
[2024-12-24T20:10:33.041+0000] {logging_mixin.py:190} INFO - [2024-12-24T20:10:33.040+0000] {dag.py:3239} INFO - Sync 1 DAGs
[2024-12-24T20:10:33.054+0000] {logging_mixin.py:190} INFO - [2024-12-24T20:10:33.053+0000] {dag.py:4180} INFO - Setting next_dagrun for example_complex to None, run_after=None
[2024-12-24T20:10:33.070+0000] {processor.py:208} INFO - Processing /home/airflow/.local/lib/python3.12/site-packages/airflow/example_dags/example_complex.py took 0.077 seconds
[2024-12-24T20:11:03.190+0000] {processor.py:186} INFO - Started process (PID=1269) to work on /home/airflow/.local/lib/python3.12/site-packages/airflow/example_dags/example_complex.py
[2024-12-24T20:11:03.191+0000] {processor.py:914} INFO - Processing file /home/airflow/.local/lib/python3.12/site-packages/airflow/example_dags/example_complex.py for tasks to queue
[2024-12-24T20:11:03.193+0000] {logging_mixin.py:190} INFO - [2024-12-24T20:11:03.193+0000] {dagbag.py:588} INFO - Filling up the DagBag from /home/airflow/.local/lib/python3.12/site-packages/airflow/example_dags/example_complex.py
[2024-12-24T20:11:03.205+0000] {processor.py:925} INFO - DAG(s) 'example_complex' retrieved from /home/airflow/.local/lib/python3.12/site-packages/airflow/example_dags/example_complex.py
[2024-12-24T20:11:03.235+0000] {logging_mixin.py:190} INFO - [2024-12-24T20:11:03.234+0000] {dag.py:3239} INFO - Sync 1 DAGs
[2024-12-24T20:11:03.250+0000] {logging_mixin.py:190} INFO - [2024-12-24T20:11:03.250+0000] {dag.py:4180} INFO - Setting next_dagrun for example_complex to None, run_after=None
[2024-12-24T20:11:03.267+0000] {processor.py:208} INFO - Processing /home/airflow/.local/lib/python3.12/site-packages/airflow/example_dags/example_complex.py took 0.083 seconds
[2024-12-24T20:11:33.353+0000] {processor.py:186} INFO - Started process (PID=1333) to work on /home/airflow/.local/lib/python3.12/site-packages/airflow/example_dags/example_complex.py
[2024-12-24T20:11:33.354+0000] {processor.py:914} INFO - Processing file /home/airflow/.local/lib/python3.12/site-packages/airflow/example_dags/example_complex.py for tasks to queue
[2024-12-24T20:11:33.355+0000] {logging_mixin.py:190} INFO - [2024-12-24T20:11:33.355+0000] {dagbag.py:588} INFO - Filling up the DagBag from /home/airflow/.local/lib/python3.12/site-packages/airflow/example_dags/example_complex.py
[2024-12-24T20:11:33.364+0000] {processor.py:925} INFO - DAG(s) 'example_complex' retrieved from /home/airflow/.local/lib/python3.12/site-packages/airflow/example_dags/example_complex.py
[2024-12-24T20:11:33.390+0000] {logging_mixin.py:190} INFO - [2024-12-24T20:11:33.390+0000] {dag.py:3239} INFO - Sync 1 DAGs
[2024-12-24T20:11:33.402+0000] {logging_mixin.py:190} INFO - [2024-12-24T20:11:33.402+0000] {dag.py:4180} INFO - Setting next_dagrun for example_complex to None, run_after=None
[2024-12-24T20:11:33.418+0000] {processor.py:208} INFO - Processing /home/airflow/.local/lib/python3.12/site-packages/airflow/example_dags/example_complex.py took 0.069 seconds
[2024-12-24T20:12:03.841+0000] {processor.py:186} INFO - Started process (PID=1397) to work on /home/airflow/.local/lib/python3.12/site-packages/airflow/example_dags/example_complex.py
[2024-12-24T20:12:03.842+0000] {processor.py:914} INFO - Processing file /home/airflow/.local/lib/python3.12/site-packages/airflow/example_dags/example_complex.py for tasks to queue
[2024-12-24T20:12:03.844+0000] {logging_mixin.py:190} INFO - [2024-12-24T20:12:03.843+0000] {dagbag.py:588} INFO - Filling up the DagBag from /home/airflow/.local/lib/python3.12/site-packages/airflow/example_dags/example_complex.py
[2024-12-24T20:12:03.858+0000] {processor.py:925} INFO - DAG(s) 'example_complex' retrieved from /home/airflow/.local/lib/python3.12/site-packages/airflow/example_dags/example_complex.py
[2024-12-24T20:12:03.891+0000] {logging_mixin.py:190} INFO - [2024-12-24T20:12:03.891+0000] {dag.py:3239} INFO - Sync 1 DAGs
[2024-12-24T20:12:03.909+0000] {logging_mixin.py:190} INFO - [2024-12-24T20:12:03.909+0000] {dag.py:4180} INFO - Setting next_dagrun for example_complex to None, run_after=None
[2024-12-24T20:12:03.933+0000] {processor.py:208} INFO - Processing /home/airflow/.local/lib/python3.12/site-packages/airflow/example_dags/example_complex.py took 0.098 seconds
[2024-12-24T20:12:34.260+0000] {processor.py:186} INFO - Started process (PID=1461) to work on /home/airflow/.local/lib/python3.12/site-packages/airflow/example_dags/example_complex.py
[2024-12-24T20:12:34.261+0000] {processor.py:914} INFO - Processing file /home/airflow/.local/lib/python3.12/site-packages/airflow/example_dags/example_complex.py for tasks to queue
[2024-12-24T20:12:34.262+0000] {logging_mixin.py:190} INFO - [2024-12-24T20:12:34.262+0000] {dagbag.py:588} INFO - Filling up the DagBag from /home/airflow/.local/lib/python3.12/site-packages/airflow/example_dags/example_complex.py
[2024-12-24T20:12:34.272+0000] {processor.py:925} INFO - DAG(s) 'example_complex' retrieved from /home/airflow/.local/lib/python3.12/site-packages/airflow/example_dags/example_complex.py
[2024-12-24T20:12:34.295+0000] {logging_mixin.py:190} INFO - [2024-12-24T20:12:34.295+0000] {dag.py:3239} INFO - Sync 1 DAGs
[2024-12-24T20:12:34.307+0000] {logging_mixin.py:190} INFO - [2024-12-24T20:12:34.307+0000] {dag.py:4180} INFO - Setting next_dagrun for example_complex to None, run_after=None
[2024-12-24T20:12:34.323+0000] {processor.py:208} INFO - Processing /home/airflow/.local/lib/python3.12/site-packages/airflow/example_dags/example_complex.py took 0.068 seconds
[2024-12-24T20:13:04.777+0000] {processor.py:186} INFO - Started process (PID=1525) to work on /home/airflow/.local/lib/python3.12/site-packages/airflow/example_dags/example_complex.py
[2024-12-24T20:13:04.778+0000] {processor.py:914} INFO - Processing file /home/airflow/.local/lib/python3.12/site-packages/airflow/example_dags/example_complex.py for tasks to queue
[2024-12-24T20:13:04.779+0000] {logging_mixin.py:190} INFO - [2024-12-24T20:13:04.779+0000] {dagbag.py:588} INFO - Filling up the DagBag from /home/airflow/.local/lib/python3.12/site-packages/airflow/example_dags/example_complex.py
[2024-12-24T20:13:04.791+0000] {processor.py:925} INFO - DAG(s) 'example_complex' retrieved from /home/airflow/.local/lib/python3.12/site-packages/airflow/example_dags/example_complex.py
[2024-12-24T20:13:04.816+0000] {logging_mixin.py:190} INFO - [2024-12-24T20:13:04.816+0000] {dag.py:3239} INFO - Sync 1 DAGs
[2024-12-24T20:13:04.828+0000] {logging_mixin.py:190} INFO - [2024-12-24T20:13:04.828+0000] {dag.py:4180} INFO - Setting next_dagrun for example_complex to None, run_after=None
[2024-12-24T20:13:04.845+0000] {processor.py:208} INFO - Processing /home/airflow/.local/lib/python3.12/site-packages/airflow/example_dags/example_complex.py took 0.074 seconds
[2024-12-24T20:13:35.061+0000] {processor.py:186} INFO - Started process (PID=1589) to work on /home/airflow/.local/lib/python3.12/site-packages/airflow/example_dags/example_complex.py
[2024-12-24T20:13:35.062+0000] {processor.py:914} INFO - Processing file /home/airflow/.local/lib/python3.12/site-packages/airflow/example_dags/example_complex.py for tasks to queue
[2024-12-24T20:13:35.063+0000] {logging_mixin.py:190} INFO - [2024-12-24T20:13:35.063+0000] {dagbag.py:588} INFO - Filling up the DagBag from /home/airflow/.local/lib/python3.12/site-packages/airflow/example_dags/example_complex.py
[2024-12-24T20:13:35.075+0000] {processor.py:925} INFO - DAG(s) 'example_complex' retrieved from /home/airflow/.local/lib/python3.12/site-packages/airflow/example_dags/example_complex.py
[2024-12-24T20:13:35.100+0000] {logging_mixin.py:190} INFO - [2024-12-24T20:13:35.100+0000] {dag.py:3239} INFO - Sync 1 DAGs
[2024-12-24T20:13:35.113+0000] {logging_mixin.py:190} INFO - [2024-12-24T20:13:35.113+0000] {dag.py:4180} INFO - Setting next_dagrun for example_complex to None, run_after=None
[2024-12-24T20:13:35.129+0000] {processor.py:208} INFO - Processing /home/airflow/.local/lib/python3.12/site-packages/airflow/example_dags/example_complex.py took 0.075 seconds
[2024-12-24T20:14:05.330+0000] {processor.py:186} INFO - Started process (PID=1653) to work on /home/airflow/.local/lib/python3.12/site-packages/airflow/example_dags/example_complex.py
[2024-12-24T20:14:05.331+0000] {processor.py:914} INFO - Processing file /home/airflow/.local/lib/python3.12/site-packages/airflow/example_dags/example_complex.py for tasks to queue
[2024-12-24T20:14:05.332+0000] {logging_mixin.py:190} INFO - [2024-12-24T20:14:05.332+0000] {dagbag.py:588} INFO - Filling up the DagBag from /home/airflow/.local/lib/python3.12/site-packages/airflow/example_dags/example_complex.py
[2024-12-24T20:14:05.342+0000] {processor.py:925} INFO - DAG(s) 'example_complex' retrieved from /home/airflow/.local/lib/python3.12/site-packages/airflow/example_dags/example_complex.py
[2024-12-24T20:14:05.369+0000] {logging_mixin.py:190} INFO - [2024-12-24T20:14:05.369+0000] {dag.py:3239} INFO - Sync 1 DAGs
[2024-12-24T20:14:05.383+0000] {logging_mixin.py:190} INFO - [2024-12-24T20:14:05.383+0000] {dag.py:4180} INFO - Setting next_dagrun for example_complex to None, run_after=None
[2024-12-24T20:14:05.402+0000] {processor.py:208} INFO - Processing /home/airflow/.local/lib/python3.12/site-packages/airflow/example_dags/example_complex.py took 0.076 seconds
[2024-12-24T20:14:35.529+0000] {processor.py:186} INFO - Started process (PID=1717) to work on /home/airflow/.local/lib/python3.12/site-packages/airflow/example_dags/example_complex.py
[2024-12-24T20:14:35.530+0000] {processor.py:914} INFO - Processing file /home/airflow/.local/lib/python3.12/site-packages/airflow/example_dags/example_complex.py for tasks to queue
[2024-12-24T20:14:35.531+0000] {logging_mixin.py:190} INFO - [2024-12-24T20:14:35.531+0000] {dagbag.py:588} INFO - Filling up the DagBag from /home/airflow/.local/lib/python3.12/site-packages/airflow/example_dags/example_complex.py
[2024-12-24T20:14:35.542+0000] {processor.py:925} INFO - DAG(s) 'example_complex' retrieved from /home/airflow/.local/lib/python3.12/site-packages/airflow/example_dags/example_complex.py
[2024-12-24T20:14:35.568+0000] {logging_mixin.py:190} INFO - [2024-12-24T20:14:35.568+0000] {dag.py:3239} INFO - Sync 1 DAGs
[2024-12-24T20:14:35.582+0000] {logging_mixin.py:190} INFO - [2024-12-24T20:14:35.582+0000] {dag.py:4180} INFO - Setting next_dagrun for example_complex to None, run_after=None
[2024-12-24T20:14:35.602+0000] {processor.py:208} INFO - Processing /home/airflow/.local/lib/python3.12/site-packages/airflow/example_dags/example_complex.py took 0.078 seconds
[2024-12-24T20:15:06.079+0000] {processor.py:186} INFO - Started process (PID=1781) to work on /home/airflow/.local/lib/python3.12/site-packages/airflow/example_dags/example_complex.py
[2024-12-24T20:15:06.080+0000] {processor.py:914} INFO - Processing file /home/airflow/.local/lib/python3.12/site-packages/airflow/example_dags/example_complex.py for tasks to queue
[2024-12-24T20:15:06.081+0000] {logging_mixin.py:190} INFO - [2024-12-24T20:15:06.081+0000] {dagbag.py:588} INFO - Filling up the DagBag from /home/airflow/.local/lib/python3.12/site-packages/airflow/example_dags/example_complex.py
[2024-12-24T20:15:06.091+0000] {processor.py:925} INFO - DAG(s) 'example_complex' retrieved from /home/airflow/.local/lib/python3.12/site-packages/airflow/example_dags/example_complex.py
[2024-12-24T20:15:06.118+0000] {logging_mixin.py:190} INFO - [2024-12-24T20:15:06.118+0000] {dag.py:3239} INFO - Sync 1 DAGs
[2024-12-24T20:15:06.132+0000] {logging_mixin.py:190} INFO - [2024-12-24T20:15:06.132+0000] {dag.py:4180} INFO - Setting next_dagrun for example_complex to None, run_after=None
[2024-12-24T20:15:06.151+0000] {processor.py:208} INFO - Processing /home/airflow/.local/lib/python3.12/site-packages/airflow/example_dags/example_complex.py took 0.077 seconds
[2024-12-24T20:15:36.522+0000] {processor.py:186} INFO - Started process (PID=1845) to work on /home/airflow/.local/lib/python3.12/site-packages/airflow/example_dags/example_complex.py
[2024-12-24T20:15:36.523+0000] {processor.py:914} INFO - Processing file /home/airflow/.local/lib/python3.12/site-packages/airflow/example_dags/example_complex.py for tasks to queue
[2024-12-24T20:15:36.524+0000] {logging_mixin.py:190} INFO - [2024-12-24T20:15:36.524+0000] {dagbag.py:588} INFO - Filling up the DagBag from /home/airflow/.local/lib/python3.12/site-packages/airflow/example_dags/example_complex.py
[2024-12-24T20:15:36.534+0000] {processor.py:925} INFO - DAG(s) 'example_complex' retrieved from /home/airflow/.local/lib/python3.12/site-packages/airflow/example_dags/example_complex.py
[2024-12-24T20:15:36.561+0000] {logging_mixin.py:190} INFO - [2024-12-24T20:15:36.561+0000] {dag.py:3239} INFO - Sync 1 DAGs
[2024-12-24T20:15:36.574+0000] {logging_mixin.py:190} INFO - [2024-12-24T20:15:36.574+0000] {dag.py:4180} INFO - Setting next_dagrun for example_complex to None, run_after=None
[2024-12-24T20:15:36.591+0000] {processor.py:208} INFO - Processing /home/airflow/.local/lib/python3.12/site-packages/airflow/example_dags/example_complex.py took 0.073 seconds
[2024-12-24T20:16:07.142+0000] {processor.py:186} INFO - Started process (PID=1909) to work on /home/airflow/.local/lib/python3.12/site-packages/airflow/example_dags/example_complex.py
[2024-12-24T20:16:07.143+0000] {processor.py:914} INFO - Processing file /home/airflow/.local/lib/python3.12/site-packages/airflow/example_dags/example_complex.py for tasks to queue
[2024-12-24T20:16:07.144+0000] {logging_mixin.py:190} INFO - [2024-12-24T20:16:07.144+0000] {dagbag.py:588} INFO - Filling up the DagBag from /home/airflow/.local/lib/python3.12/site-packages/airflow/example_dags/example_complex.py
[2024-12-24T20:16:07.154+0000] {processor.py:925} INFO - DAG(s) 'example_complex' retrieved from /home/airflow/.local/lib/python3.12/site-packages/airflow/example_dags/example_complex.py
[2024-12-24T20:16:07.179+0000] {logging_mixin.py:190} INFO - [2024-12-24T20:16:07.179+0000] {dag.py:3239} INFO - Sync 1 DAGs
[2024-12-24T20:16:07.191+0000] {logging_mixin.py:190} INFO - [2024-12-24T20:16:07.191+0000] {dag.py:4180} INFO - Setting next_dagrun for example_complex to None, run_after=None
[2024-12-24T20:16:07.208+0000] {processor.py:208} INFO - Processing /home/airflow/.local/lib/python3.12/site-packages/airflow/example_dags/example_complex.py took 0.071 seconds
[2024-12-24T20:16:37.544+0000] {processor.py:186} INFO - Started process (PID=1973) to work on /home/airflow/.local/lib/python3.12/site-packages/airflow/example_dags/example_complex.py
[2024-12-24T20:16:37.544+0000] {processor.py:914} INFO - Processing file /home/airflow/.local/lib/python3.12/site-packages/airflow/example_dags/example_complex.py for tasks to queue
[2024-12-24T20:16:37.546+0000] {logging_mixin.py:190} INFO - [2024-12-24T20:16:37.545+0000] {dagbag.py:588} INFO - Filling up the DagBag from /home/airflow/.local/lib/python3.12/site-packages/airflow/example_dags/example_complex.py
[2024-12-24T20:16:37.555+0000] {processor.py:925} INFO - DAG(s) 'example_complex' retrieved from /home/airflow/.local/lib/python3.12/site-packages/airflow/example_dags/example_complex.py
[2024-12-24T20:16:37.581+0000] {logging_mixin.py:190} INFO - [2024-12-24T20:16:37.581+0000] {dag.py:3239} INFO - Sync 1 DAGs
[2024-12-24T20:16:37.594+0000] {logging_mixin.py:190} INFO - [2024-12-24T20:16:37.594+0000] {dag.py:4180} INFO - Setting next_dagrun for example_complex to None, run_after=None
[2024-12-24T20:16:37.614+0000] {processor.py:208} INFO - Processing /home/airflow/.local/lib/python3.12/site-packages/airflow/example_dags/example_complex.py took 0.075 seconds
[2024-12-24T20:17:08.326+0000] {processor.py:186} INFO - Started process (PID=2037) to work on /home/airflow/.local/lib/python3.12/site-packages/airflow/example_dags/example_complex.py
[2024-12-24T20:17:08.327+0000] {processor.py:914} INFO - Processing file /home/airflow/.local/lib/python3.12/site-packages/airflow/example_dags/example_complex.py for tasks to queue
[2024-12-24T20:17:08.329+0000] {logging_mixin.py:190} INFO - [2024-12-24T20:17:08.328+0000] {dagbag.py:588} INFO - Filling up the DagBag from /home/airflow/.local/lib/python3.12/site-packages/airflow/example_dags/example_complex.py
[2024-12-24T20:17:08.340+0000] {processor.py:925} INFO - DAG(s) 'example_complex' retrieved from /home/airflow/.local/lib/python3.12/site-packages/airflow/example_dags/example_complex.py
[2024-12-24T20:17:08.365+0000] {logging_mixin.py:190} INFO - [2024-12-24T20:17:08.365+0000] {dag.py:3239} INFO - Sync 1 DAGs
[2024-12-24T20:17:08.380+0000] {logging_mixin.py:190} INFO - [2024-12-24T20:17:08.379+0000] {dag.py:4180} INFO - Setting next_dagrun for example_complex to None, run_after=None
[2024-12-24T20:17:08.400+0000] {processor.py:208} INFO - Processing /home/airflow/.local/lib/python3.12/site-packages/airflow/example_dags/example_complex.py took 0.080 seconds
[2024-12-24T20:17:38.516+0000] {processor.py:186} INFO - Started process (PID=2101) to work on /home/airflow/.local/lib/python3.12/site-packages/airflow/example_dags/example_complex.py
[2024-12-24T20:17:38.517+0000] {processor.py:914} INFO - Processing file /home/airflow/.local/lib/python3.12/site-packages/airflow/example_dags/example_complex.py for tasks to queue
[2024-12-24T20:17:38.518+0000] {logging_mixin.py:190} INFO - [2024-12-24T20:17:38.518+0000] {dagbag.py:588} INFO - Filling up the DagBag from /home/airflow/.local/lib/python3.12/site-packages/airflow/example_dags/example_complex.py
[2024-12-24T20:17:38.530+0000] {processor.py:925} INFO - DAG(s) 'example_complex' retrieved from /home/airflow/.local/lib/python3.12/site-packages/airflow/example_dags/example_complex.py
[2024-12-24T20:17:38.557+0000] {logging_mixin.py:190} INFO - [2024-12-24T20:17:38.557+0000] {dag.py:3239} INFO - Sync 1 DAGs
[2024-12-24T20:17:38.571+0000] {logging_mixin.py:190} INFO - [2024-12-24T20:17:38.570+0000] {dag.py:4180} INFO - Setting next_dagrun for example_complex to None, run_after=None
[2024-12-24T20:17:38.590+0000] {processor.py:208} INFO - Processing /home/airflow/.local/lib/python3.12/site-packages/airflow/example_dags/example_complex.py took 0.080 seconds
[2024-12-24T20:18:09.232+0000] {processor.py:186} INFO - Started process (PID=2165) to work on /home/airflow/.local/lib/python3.12/site-packages/airflow/example_dags/example_complex.py
[2024-12-24T20:18:09.233+0000] {processor.py:914} INFO - Processing file /home/airflow/.local/lib/python3.12/site-packages/airflow/example_dags/example_complex.py for tasks to queue
[2024-12-24T20:18:09.234+0000] {logging_mixin.py:190} INFO - [2024-12-24T20:18:09.234+0000] {dagbag.py:588} INFO - Filling up the DagBag from /home/airflow/.local/lib/python3.12/site-packages/airflow/example_dags/example_complex.py
[2024-12-24T20:18:09.244+0000] {processor.py:925} INFO - DAG(s) 'example_complex' retrieved from /home/airflow/.local/lib/python3.12/site-packages/airflow/example_dags/example_complex.py
[2024-12-24T20:18:09.271+0000] {logging_mixin.py:190} INFO - [2024-12-24T20:18:09.271+0000] {dag.py:3239} INFO - Sync 1 DAGs
[2024-12-24T20:18:09.284+0000] {logging_mixin.py:190} INFO - [2024-12-24T20:18:09.283+0000] {dag.py:4180} INFO - Setting next_dagrun for example_complex to None, run_after=None
[2024-12-24T20:18:09.303+0000] {processor.py:208} INFO - Processing /home/airflow/.local/lib/python3.12/site-packages/airflow/example_dags/example_complex.py took 0.075 seconds
[2024-12-24T20:18:40.086+0000] {processor.py:186} INFO - Started process (PID=2229) to work on /home/airflow/.local/lib/python3.12/site-packages/airflow/example_dags/example_complex.py
[2024-12-24T20:18:40.088+0000] {processor.py:914} INFO - Processing file /home/airflow/.local/lib/python3.12/site-packages/airflow/example_dags/example_complex.py for tasks to queue
[2024-12-24T20:18:40.091+0000] {logging_mixin.py:190} INFO - [2024-12-24T20:18:40.091+0000] {dagbag.py:588} INFO - Filling up the DagBag from /home/airflow/.local/lib/python3.12/site-packages/airflow/example_dags/example_complex.py
[2024-12-24T20:18:40.155+0000] {processor.py:925} INFO - DAG(s) 'example_complex' retrieved from /home/airflow/.local/lib/python3.12/site-packages/airflow/example_dags/example_complex.py
[2024-12-24T20:18:40.228+0000] {logging_mixin.py:190} INFO - [2024-12-24T20:18:40.228+0000] {dag.py:3239} INFO - Sync 1 DAGs
[2024-12-24T20:18:40.288+0000] {logging_mixin.py:190} INFO - [2024-12-24T20:18:40.288+0000] {dag.py:4180} INFO - Setting next_dagrun for example_complex to None, run_after=None
[2024-12-24T20:18:40.328+0000] {processor.py:208} INFO - Processing /home/airflow/.local/lib/python3.12/site-packages/airflow/example_dags/example_complex.py took 0.266 seconds
[2024-12-24T20:35:29.943+0000] {processor.py:186} INFO - Started process (PID=66) to work on /home/airflow/.local/lib/python3.10/site-packages/airflow/example_dags/example_complex.py
[2024-12-24T20:35:29.951+0000] {processor.py:914} INFO - Processing file /home/airflow/.local/lib/python3.10/site-packages/airflow/example_dags/example_complex.py for tasks to queue
[2024-12-24T20:35:29.964+0000] {logging_mixin.py:190} INFO - [2024-12-24T20:35:29.963+0000] {dagbag.py:588} INFO - Filling up the DagBag from /home/airflow/.local/lib/python3.10/site-packages/airflow/example_dags/example_complex.py
[2024-12-24T20:35:30.036+0000] {processor.py:925} INFO - DAG(s) 'example_complex' retrieved from /home/airflow/.local/lib/python3.10/site-packages/airflow/example_dags/example_complex.py
[2024-12-24T20:35:30.449+0000] {logging_mixin.py:190} INFO - [2024-12-24T20:35:30.448+0000] {dag.py:3239} INFO - Sync 1 DAGs
[2024-12-24T20:35:30.473+0000] {logging_mixin.py:190} INFO - [2024-12-24T20:35:30.473+0000] {dag.py:4180} INFO - Setting next_dagrun for example_complex to None, run_after=None
[2024-12-24T20:35:30.511+0000] {processor.py:208} INFO - Processing /home/airflow/.local/lib/python3.10/site-packages/airflow/example_dags/example_complex.py took 0.612 seconds
[2024-12-24T20:36:01.464+0000] {processor.py:186} INFO - Started process (PID=130) to work on /home/airflow/.local/lib/python3.10/site-packages/airflow/example_dags/example_complex.py
[2024-12-24T20:36:01.466+0000] {processor.py:914} INFO - Processing file /home/airflow/.local/lib/python3.10/site-packages/airflow/example_dags/example_complex.py for tasks to queue
[2024-12-24T20:36:01.468+0000] {logging_mixin.py:190} INFO - [2024-12-24T20:36:01.468+0000] {dagbag.py:588} INFO - Filling up the DagBag from /home/airflow/.local/lib/python3.10/site-packages/airflow/example_dags/example_complex.py
[2024-12-24T20:36:01.480+0000] {processor.py:925} INFO - DAG(s) 'example_complex' retrieved from /home/airflow/.local/lib/python3.10/site-packages/airflow/example_dags/example_complex.py
[2024-12-24T20:36:01.510+0000] {logging_mixin.py:190} INFO - [2024-12-24T20:36:01.510+0000] {dag.py:3239} INFO - Sync 1 DAGs
[2024-12-24T20:36:01.522+0000] {logging_mixin.py:190} INFO - [2024-12-24T20:36:01.521+0000] {dag.py:4180} INFO - Setting next_dagrun for example_complex to None, run_after=None
[2024-12-24T20:36:01.537+0000] {processor.py:208} INFO - Processing /home/airflow/.local/lib/python3.10/site-packages/airflow/example_dags/example_complex.py took 0.078 seconds
[2024-12-24T20:36:31.726+0000] {processor.py:186} INFO - Started process (PID=195) to work on /home/airflow/.local/lib/python3.10/site-packages/airflow/example_dags/example_complex.py
[2024-12-24T20:36:31.728+0000] {processor.py:914} INFO - Processing file /home/airflow/.local/lib/python3.10/site-packages/airflow/example_dags/example_complex.py for tasks to queue
[2024-12-24T20:36:31.731+0000] {logging_mixin.py:190} INFO - [2024-12-24T20:36:31.730+0000] {dagbag.py:588} INFO - Filling up the DagBag from /home/airflow/.local/lib/python3.10/site-packages/airflow/example_dags/example_complex.py
[2024-12-24T20:36:31.744+0000] {processor.py:925} INFO - DAG(s) 'example_complex' retrieved from /home/airflow/.local/lib/python3.10/site-packages/airflow/example_dags/example_complex.py
[2024-12-24T20:36:31.778+0000] {logging_mixin.py:190} INFO - [2024-12-24T20:36:31.778+0000] {dag.py:3239} INFO - Sync 1 DAGs
[2024-12-24T20:36:31.792+0000] {logging_mixin.py:190} INFO - [2024-12-24T20:36:31.792+0000] {dag.py:4180} INFO - Setting next_dagrun for example_complex to None, run_after=None
[2024-12-24T20:36:31.807+0000] {processor.py:208} INFO - Processing /home/airflow/.local/lib/python3.10/site-packages/airflow/example_dags/example_complex.py took 0.087 seconds
[2024-12-24T20:37:01.864+0000] {processor.py:186} INFO - Started process (PID=266) to work on /home/airflow/.local/lib/python3.10/site-packages/airflow/example_dags/example_complex.py
[2024-12-24T20:37:01.865+0000] {processor.py:914} INFO - Processing file /home/airflow/.local/lib/python3.10/site-packages/airflow/example_dags/example_complex.py for tasks to queue
[2024-12-24T20:37:01.867+0000] {logging_mixin.py:190} INFO - [2024-12-24T20:37:01.867+0000] {dagbag.py:588} INFO - Filling up the DagBag from /home/airflow/.local/lib/python3.10/site-packages/airflow/example_dags/example_complex.py
[2024-12-24T20:37:01.879+0000] {processor.py:925} INFO - DAG(s) 'example_complex' retrieved from /home/airflow/.local/lib/python3.10/site-packages/airflow/example_dags/example_complex.py
[2024-12-24T20:37:01.909+0000] {logging_mixin.py:190} INFO - [2024-12-24T20:37:01.908+0000] {dag.py:3239} INFO - Sync 1 DAGs
[2024-12-24T20:37:01.922+0000] {logging_mixin.py:190} INFO - [2024-12-24T20:37:01.922+0000] {dag.py:4180} INFO - Setting next_dagrun for example_complex to None, run_after=None
[2024-12-24T20:37:01.939+0000] {processor.py:208} INFO - Processing /home/airflow/.local/lib/python3.10/site-packages/airflow/example_dags/example_complex.py took 0.081 seconds
[2024-12-24T20:37:32.212+0000] {processor.py:186} INFO - Started process (PID=329) to work on /home/airflow/.local/lib/python3.10/site-packages/airflow/example_dags/example_complex.py
[2024-12-24T20:37:32.213+0000] {processor.py:914} INFO - Processing file /home/airflow/.local/lib/python3.10/site-packages/airflow/example_dags/example_complex.py for tasks to queue
[2024-12-24T20:37:32.216+0000] {logging_mixin.py:190} INFO - [2024-12-24T20:37:32.215+0000] {dagbag.py:588} INFO - Filling up the DagBag from /home/airflow/.local/lib/python3.10/site-packages/airflow/example_dags/example_complex.py
[2024-12-24T20:37:32.231+0000] {processor.py:925} INFO - DAG(s) 'example_complex' retrieved from /home/airflow/.local/lib/python3.10/site-packages/airflow/example_dags/example_complex.py
[2024-12-24T20:37:32.266+0000] {logging_mixin.py:190} INFO - [2024-12-24T20:37:32.266+0000] {dag.py:3239} INFO - Sync 1 DAGs
[2024-12-24T20:37:32.279+0000] {logging_mixin.py:190} INFO - [2024-12-24T20:37:32.279+0000] {dag.py:4180} INFO - Setting next_dagrun for example_complex to None, run_after=None
[2024-12-24T20:37:32.297+0000] {processor.py:208} INFO - Processing /home/airflow/.local/lib/python3.10/site-packages/airflow/example_dags/example_complex.py took 0.091 seconds
[2024-12-24T20:38:02.383+0000] {processor.py:186} INFO - Started process (PID=394) to work on /home/airflow/.local/lib/python3.10/site-packages/airflow/example_dags/example_complex.py
[2024-12-24T20:38:02.384+0000] {processor.py:914} INFO - Processing file /home/airflow/.local/lib/python3.10/site-packages/airflow/example_dags/example_complex.py for tasks to queue
[2024-12-24T20:38:02.388+0000] {logging_mixin.py:190} INFO - [2024-12-24T20:38:02.387+0000] {dagbag.py:588} INFO - Filling up the DagBag from /home/airflow/.local/lib/python3.10/site-packages/airflow/example_dags/example_complex.py
[2024-12-24T20:38:02.403+0000] {processor.py:925} INFO - DAG(s) 'example_complex' retrieved from /home/airflow/.local/lib/python3.10/site-packages/airflow/example_dags/example_complex.py
[2024-12-24T20:38:02.438+0000] {logging_mixin.py:190} INFO - [2024-12-24T20:38:02.438+0000] {dag.py:3239} INFO - Sync 1 DAGs
[2024-12-24T20:38:02.452+0000] {logging_mixin.py:190} INFO - [2024-12-24T20:38:02.452+0000] {dag.py:4180} INFO - Setting next_dagrun for example_complex to None, run_after=None
[2024-12-24T20:38:02.471+0000] {processor.py:208} INFO - Processing /home/airflow/.local/lib/python3.10/site-packages/airflow/example_dags/example_complex.py took 0.097 seconds
[2024-12-24T20:38:32.734+0000] {processor.py:186} INFO - Started process (PID=459) to work on /home/airflow/.local/lib/python3.10/site-packages/airflow/example_dags/example_complex.py
[2024-12-24T20:38:32.735+0000] {processor.py:914} INFO - Processing file /home/airflow/.local/lib/python3.10/site-packages/airflow/example_dags/example_complex.py for tasks to queue
[2024-12-24T20:38:32.737+0000] {logging_mixin.py:190} INFO - [2024-12-24T20:38:32.737+0000] {dagbag.py:588} INFO - Filling up the DagBag from /home/airflow/.local/lib/python3.10/site-packages/airflow/example_dags/example_complex.py
[2024-12-24T20:38:32.749+0000] {processor.py:925} INFO - DAG(s) 'example_complex' retrieved from /home/airflow/.local/lib/python3.10/site-packages/airflow/example_dags/example_complex.py
[2024-12-24T20:38:32.780+0000] {logging_mixin.py:190} INFO - [2024-12-24T20:38:32.779+0000] {dag.py:3239} INFO - Sync 1 DAGs
[2024-12-24T20:38:32.792+0000] {logging_mixin.py:190} INFO - [2024-12-24T20:38:32.792+0000] {dag.py:4180} INFO - Setting next_dagrun for example_complex to None, run_after=None
[2024-12-24T20:38:32.809+0000] {processor.py:208} INFO - Processing /home/airflow/.local/lib/python3.10/site-packages/airflow/example_dags/example_complex.py took 0.081 seconds
[2024-12-24T20:39:03.186+0000] {processor.py:186} INFO - Started process (PID=522) to work on /home/airflow/.local/lib/python3.10/site-packages/airflow/example_dags/example_complex.py
[2024-12-24T20:39:03.187+0000] {processor.py:914} INFO - Processing file /home/airflow/.local/lib/python3.10/site-packages/airflow/example_dags/example_complex.py for tasks to queue
[2024-12-24T20:39:03.189+0000] {logging_mixin.py:190} INFO - [2024-12-24T20:39:03.189+0000] {dagbag.py:588} INFO - Filling up the DagBag from /home/airflow/.local/lib/python3.10/site-packages/airflow/example_dags/example_complex.py
[2024-12-24T20:39:03.201+0000] {processor.py:925} INFO - DAG(s) 'example_complex' retrieved from /home/airflow/.local/lib/python3.10/site-packages/airflow/example_dags/example_complex.py
[2024-12-24T20:39:03.229+0000] {logging_mixin.py:190} INFO - [2024-12-24T20:39:03.228+0000] {dag.py:3239} INFO - Sync 1 DAGs
[2024-12-24T20:39:03.241+0000] {logging_mixin.py:190} INFO - [2024-12-24T20:39:03.241+0000] {dag.py:4180} INFO - Setting next_dagrun for example_complex to None, run_after=None
[2024-12-24T20:39:03.257+0000] {processor.py:208} INFO - Processing /home/airflow/.local/lib/python3.10/site-packages/airflow/example_dags/example_complex.py took 0.076 seconds
[2024-12-24T20:39:33.624+0000] {processor.py:186} INFO - Started process (PID=587) to work on /home/airflow/.local/lib/python3.10/site-packages/airflow/example_dags/example_complex.py
[2024-12-24T20:39:33.625+0000] {processor.py:914} INFO - Processing file /home/airflow/.local/lib/python3.10/site-packages/airflow/example_dags/example_complex.py for tasks to queue
[2024-12-24T20:39:33.627+0000] {logging_mixin.py:190} INFO - [2024-12-24T20:39:33.627+0000] {dagbag.py:588} INFO - Filling up the DagBag from /home/airflow/.local/lib/python3.10/site-packages/airflow/example_dags/example_complex.py
[2024-12-24T20:39:33.640+0000] {processor.py:925} INFO - DAG(s) 'example_complex' retrieved from /home/airflow/.local/lib/python3.10/site-packages/airflow/example_dags/example_complex.py
[2024-12-24T20:39:33.668+0000] {logging_mixin.py:190} INFO - [2024-12-24T20:39:33.668+0000] {dag.py:3239} INFO - Sync 1 DAGs
[2024-12-24T20:39:33.680+0000] {logging_mixin.py:190} INFO - [2024-12-24T20:39:33.680+0000] {dag.py:4180} INFO - Setting next_dagrun for example_complex to None, run_after=None
[2024-12-24T20:39:33.697+0000] {processor.py:208} INFO - Processing /home/airflow/.local/lib/python3.10/site-packages/airflow/example_dags/example_complex.py took 0.079 seconds
[2024-12-24T20:40:03.787+0000] {processor.py:186} INFO - Started process (PID=651) to work on /home/airflow/.local/lib/python3.10/site-packages/airflow/example_dags/example_complex.py
[2024-12-24T20:40:03.788+0000] {processor.py:914} INFO - Processing file /home/airflow/.local/lib/python3.10/site-packages/airflow/example_dags/example_complex.py for tasks to queue
[2024-12-24T20:40:03.790+0000] {logging_mixin.py:190} INFO - [2024-12-24T20:40:03.790+0000] {dagbag.py:588} INFO - Filling up the DagBag from /home/airflow/.local/lib/python3.10/site-packages/airflow/example_dags/example_complex.py
[2024-12-24T20:40:03.803+0000] {processor.py:925} INFO - DAG(s) 'example_complex' retrieved from /home/airflow/.local/lib/python3.10/site-packages/airflow/example_dags/example_complex.py
[2024-12-24T20:40:03.832+0000] {logging_mixin.py:190} INFO - [2024-12-24T20:40:03.832+0000] {dag.py:3239} INFO - Sync 1 DAGs
[2024-12-24T20:40:03.845+0000] {logging_mixin.py:190} INFO - [2024-12-24T20:40:03.845+0000] {dag.py:4180} INFO - Setting next_dagrun for example_complex to None, run_after=None
[2024-12-24T20:40:03.863+0000] {processor.py:208} INFO - Processing /home/airflow/.local/lib/python3.10/site-packages/airflow/example_dags/example_complex.py took 0.082 seconds
[2024-12-24T20:40:34.155+0000] {processor.py:186} INFO - Started process (PID=715) to work on /home/airflow/.local/lib/python3.10/site-packages/airflow/example_dags/example_complex.py
[2024-12-24T20:40:34.156+0000] {processor.py:914} INFO - Processing file /home/airflow/.local/lib/python3.10/site-packages/airflow/example_dags/example_complex.py for tasks to queue
[2024-12-24T20:40:34.159+0000] {logging_mixin.py:190} INFO - [2024-12-24T20:40:34.158+0000] {dagbag.py:588} INFO - Filling up the DagBag from /home/airflow/.local/lib/python3.10/site-packages/airflow/example_dags/example_complex.py
[2024-12-24T20:40:34.171+0000] {processor.py:925} INFO - DAG(s) 'example_complex' retrieved from /home/airflow/.local/lib/python3.10/site-packages/airflow/example_dags/example_complex.py
[2024-12-24T20:40:34.198+0000] {logging_mixin.py:190} INFO - [2024-12-24T20:40:34.198+0000] {dag.py:3239} INFO - Sync 1 DAGs
[2024-12-24T20:40:34.211+0000] {logging_mixin.py:190} INFO - [2024-12-24T20:40:34.211+0000] {dag.py:4180} INFO - Setting next_dagrun for example_complex to None, run_after=None
[2024-12-24T20:40:34.227+0000] {processor.py:208} INFO - Processing /home/airflow/.local/lib/python3.10/site-packages/airflow/example_dags/example_complex.py took 0.076 seconds
[2024-12-24T20:41:04.757+0000] {processor.py:186} INFO - Started process (PID=779) to work on /home/airflow/.local/lib/python3.10/site-packages/airflow/example_dags/example_complex.py
[2024-12-24T20:41:04.758+0000] {processor.py:914} INFO - Processing file /home/airflow/.local/lib/python3.10/site-packages/airflow/example_dags/example_complex.py for tasks to queue
[2024-12-24T20:41:04.760+0000] {logging_mixin.py:190} INFO - [2024-12-24T20:41:04.760+0000] {dagbag.py:588} INFO - Filling up the DagBag from /home/airflow/.local/lib/python3.10/site-packages/airflow/example_dags/example_complex.py
[2024-12-24T20:41:04.772+0000] {processor.py:925} INFO - DAG(s) 'example_complex' retrieved from /home/airflow/.local/lib/python3.10/site-packages/airflow/example_dags/example_complex.py
[2024-12-24T20:41:04.800+0000] {logging_mixin.py:190} INFO - [2024-12-24T20:41:04.800+0000] {dag.py:3239} INFO - Sync 1 DAGs
[2024-12-24T20:41:04.814+0000] {logging_mixin.py:190} INFO - [2024-12-24T20:41:04.813+0000] {dag.py:4180} INFO - Setting next_dagrun for example_complex to None, run_after=None
[2024-12-24T20:41:04.831+0000] {processor.py:208} INFO - Processing /home/airflow/.local/lib/python3.10/site-packages/airflow/example_dags/example_complex.py took 0.079 seconds
