[2024-12-24T20:01:32.063+0000] {processor.py:186} INFO - Started process (PID=104) to work on /home/airflow/.local/lib/python3.12/site-packages/airflow/example_dags/example_setup_teardown.py
[2024-12-24T20:01:32.064+0000] {processor.py:914} INFO - Processing file /home/airflow/.local/lib/python3.12/site-packages/airflow/example_dags/example_setup_teardown.py for tasks to queue
[2024-12-24T20:01:32.066+0000] {logging_mixin.py:190} INFO - [2024-12-24T20:01:32.065+0000] {dagbag.py:588} INFO - Filling up the DagBag from /home/airflow/.local/lib/python3.12/site-packages/airflow/example_dags/example_setup_teardown.py
[2024-12-24T20:01:32.085+0000] {processor.py:925} INFO - DAG(s) 'example_setup_teardown' retrieved from /home/airflow/.local/lib/python3.12/site-packages/airflow/example_dags/example_setup_teardown.py
[2024-12-24T20:01:32.238+0000] {logging_mixin.py:190} INFO - [2024-12-24T20:01:32.238+0000] {override.py:1911} INFO - Created Permission View: can edit on DAG:example_setup_teardown
[2024-12-24T20:01:32.252+0000] {logging_mixin.py:190} INFO - [2024-12-24T20:01:32.251+0000] {override.py:1911} INFO - Created Permission View: can read on DAG:example_setup_teardown
[2024-12-24T20:01:32.260+0000] {logging_mixin.py:190} INFO - [2024-12-24T20:01:32.259+0000] {override.py:1911} INFO - Created Permission View: can delete on DAG:example_setup_teardown
[2024-12-24T20:01:32.268+0000] {logging_mixin.py:190} INFO - [2024-12-24T20:01:32.268+0000] {override.py:1911} INFO - Created Permission View: menu access on DAG Run:example_setup_teardown
[2024-12-24T20:01:32.277+0000] {logging_mixin.py:190} INFO - [2024-12-24T20:01:32.276+0000] {override.py:1911} INFO - Created Permission View: can read on DAG Run:example_setup_teardown
[2024-12-24T20:01:32.286+0000] {logging_mixin.py:190} INFO - [2024-12-24T20:01:32.286+0000] {override.py:1911} INFO - Created Permission View: can delete on DAG Run:example_setup_teardown
[2024-12-24T20:01:32.296+0000] {logging_mixin.py:190} INFO - [2024-12-24T20:01:32.295+0000] {override.py:1911} INFO - Created Permission View: can create on DAG Run:example_setup_teardown
[2024-12-24T20:01:32.297+0000] {logging_mixin.py:190} INFO - [2024-12-24T20:01:32.296+0000] {dag.py:3239} INFO - Sync 1 DAGs
[2024-12-24T20:01:32.314+0000] {logging_mixin.py:190} INFO - [2024-12-24T20:01:32.314+0000] {dag.py:3262} INFO - Creating ORM DAG for example_setup_teardown
[2024-12-24T20:01:32.316+0000] {logging_mixin.py:190} INFO - [2024-12-24T20:01:32.316+0000] {dag.py:4180} INFO - Setting next_dagrun for example_setup_teardown to None, run_after=None
[2024-12-24T20:01:32.337+0000] {processor.py:208} INFO - Processing /home/airflow/.local/lib/python3.12/site-packages/airflow/example_dags/example_setup_teardown.py took 0.286 seconds
[2024-12-24T20:02:03.233+0000] {processor.py:186} INFO - Started process (PID=167) to work on /home/airflow/.local/lib/python3.12/site-packages/airflow/example_dags/example_setup_teardown.py
[2024-12-24T20:02:03.235+0000] {processor.py:914} INFO - Processing file /home/airflow/.local/lib/python3.12/site-packages/airflow/example_dags/example_setup_teardown.py for tasks to queue
[2024-12-24T20:02:03.238+0000] {logging_mixin.py:190} INFO - [2024-12-24T20:02:03.238+0000] {dagbag.py:588} INFO - Filling up the DagBag from /home/airflow/.local/lib/python3.12/site-packages/airflow/example_dags/example_setup_teardown.py
[2024-12-24T20:02:03.249+0000] {processor.py:925} INFO - DAG(s) 'example_setup_teardown' retrieved from /home/airflow/.local/lib/python3.12/site-packages/airflow/example_dags/example_setup_teardown.py
[2024-12-24T20:02:03.273+0000] {logging_mixin.py:190} INFO - [2024-12-24T20:02:03.273+0000] {dag.py:3239} INFO - Sync 1 DAGs
[2024-12-24T20:02:03.289+0000] {logging_mixin.py:190} INFO - [2024-12-24T20:02:03.288+0000] {dag.py:4180} INFO - Setting next_dagrun for example_setup_teardown to None, run_after=None
[2024-12-24T20:02:03.311+0000] {processor.py:208} INFO - Processing /home/airflow/.local/lib/python3.12/site-packages/airflow/example_dags/example_setup_teardown.py took 0.085 seconds
[2024-12-24T20:02:33.508+0000] {processor.py:186} INFO - Started process (PID=229) to work on /home/airflow/.local/lib/python3.12/site-packages/airflow/example_dags/example_setup_teardown.py
[2024-12-24T20:02:33.510+0000] {processor.py:914} INFO - Processing file /home/airflow/.local/lib/python3.12/site-packages/airflow/example_dags/example_setup_teardown.py for tasks to queue
[2024-12-24T20:02:33.512+0000] {logging_mixin.py:190} INFO - [2024-12-24T20:02:33.512+0000] {dagbag.py:588} INFO - Filling up the DagBag from /home/airflow/.local/lib/python3.12/site-packages/airflow/example_dags/example_setup_teardown.py
[2024-12-24T20:02:33.520+0000] {processor.py:925} INFO - DAG(s) 'example_setup_teardown' retrieved from /home/airflow/.local/lib/python3.12/site-packages/airflow/example_dags/example_setup_teardown.py
[2024-12-24T20:02:33.541+0000] {logging_mixin.py:190} INFO - [2024-12-24T20:02:33.540+0000] {dag.py:3239} INFO - Sync 1 DAGs
[2024-12-24T20:02:33.553+0000] {logging_mixin.py:190} INFO - [2024-12-24T20:02:33.553+0000] {dag.py:4180} INFO - Setting next_dagrun for example_setup_teardown to None, run_after=None
[2024-12-24T20:02:33.571+0000] {processor.py:208} INFO - Processing /home/airflow/.local/lib/python3.12/site-packages/airflow/example_dags/example_setup_teardown.py took 0.069 seconds
[2024-12-24T20:03:04.302+0000] {processor.py:186} INFO - Started process (PID=292) to work on /home/airflow/.local/lib/python3.12/site-packages/airflow/example_dags/example_setup_teardown.py
[2024-12-24T20:03:04.303+0000] {processor.py:914} INFO - Processing file /home/airflow/.local/lib/python3.12/site-packages/airflow/example_dags/example_setup_teardown.py for tasks to queue
[2024-12-24T20:03:04.305+0000] {logging_mixin.py:190} INFO - [2024-12-24T20:03:04.305+0000] {dagbag.py:588} INFO - Filling up the DagBag from /home/airflow/.local/lib/python3.12/site-packages/airflow/example_dags/example_setup_teardown.py
[2024-12-24T20:03:04.313+0000] {processor.py:925} INFO - DAG(s) 'example_setup_teardown' retrieved from /home/airflow/.local/lib/python3.12/site-packages/airflow/example_dags/example_setup_teardown.py
[2024-12-24T20:03:04.334+0000] {logging_mixin.py:190} INFO - [2024-12-24T20:03:04.334+0000] {dag.py:3239} INFO - Sync 1 DAGs
[2024-12-24T20:03:04.347+0000] {logging_mixin.py:190} INFO - [2024-12-24T20:03:04.347+0000] {dag.py:4180} INFO - Setting next_dagrun for example_setup_teardown to None, run_after=None
[2024-12-24T20:03:04.365+0000] {processor.py:208} INFO - Processing /home/airflow/.local/lib/python3.12/site-packages/airflow/example_dags/example_setup_teardown.py took 0.069 seconds
[2024-12-24T20:03:35.215+0000] {processor.py:186} INFO - Started process (PID=355) to work on /home/airflow/.local/lib/python3.12/site-packages/airflow/example_dags/example_setup_teardown.py
[2024-12-24T20:03:35.216+0000] {processor.py:914} INFO - Processing file /home/airflow/.local/lib/python3.12/site-packages/airflow/example_dags/example_setup_teardown.py for tasks to queue
[2024-12-24T20:03:35.218+0000] {logging_mixin.py:190} INFO - [2024-12-24T20:03:35.218+0000] {dagbag.py:588} INFO - Filling up the DagBag from /home/airflow/.local/lib/python3.12/site-packages/airflow/example_dags/example_setup_teardown.py
[2024-12-24T20:03:35.226+0000] {processor.py:925} INFO - DAG(s) 'example_setup_teardown' retrieved from /home/airflow/.local/lib/python3.12/site-packages/airflow/example_dags/example_setup_teardown.py
[2024-12-24T20:03:35.247+0000] {logging_mixin.py:190} INFO - [2024-12-24T20:03:35.247+0000] {dag.py:3239} INFO - Sync 1 DAGs
[2024-12-24T20:03:35.260+0000] {logging_mixin.py:190} INFO - [2024-12-24T20:03:35.259+0000] {dag.py:4180} INFO - Setting next_dagrun for example_setup_teardown to None, run_after=None
[2024-12-24T20:03:35.278+0000] {processor.py:208} INFO - Processing /home/airflow/.local/lib/python3.12/site-packages/airflow/example_dags/example_setup_teardown.py took 0.069 seconds
[2024-12-24T20:04:05.982+0000] {processor.py:186} INFO - Started process (PID=418) to work on /home/airflow/.local/lib/python3.12/site-packages/airflow/example_dags/example_setup_teardown.py
[2024-12-24T20:04:05.984+0000] {processor.py:914} INFO - Processing file /home/airflow/.local/lib/python3.12/site-packages/airflow/example_dags/example_setup_teardown.py for tasks to queue
[2024-12-24T20:04:05.986+0000] {logging_mixin.py:190} INFO - [2024-12-24T20:04:05.986+0000] {dagbag.py:588} INFO - Filling up the DagBag from /home/airflow/.local/lib/python3.12/site-packages/airflow/example_dags/example_setup_teardown.py
[2024-12-24T20:04:05.995+0000] {processor.py:925} INFO - DAG(s) 'example_setup_teardown' retrieved from /home/airflow/.local/lib/python3.12/site-packages/airflow/example_dags/example_setup_teardown.py
[2024-12-24T20:04:06.015+0000] {logging_mixin.py:190} INFO - [2024-12-24T20:04:06.015+0000] {dag.py:3239} INFO - Sync 1 DAGs
[2024-12-24T20:04:06.029+0000] {logging_mixin.py:190} INFO - [2024-12-24T20:04:06.029+0000] {dag.py:4180} INFO - Setting next_dagrun for example_setup_teardown to None, run_after=None
[2024-12-24T20:04:06.048+0000] {processor.py:208} INFO - Processing /home/airflow/.local/lib/python3.12/site-packages/airflow/example_dags/example_setup_teardown.py took 0.072 seconds
[2024-12-24T20:04:36.433+0000] {processor.py:186} INFO - Started process (PID=481) to work on /home/airflow/.local/lib/python3.12/site-packages/airflow/example_dags/example_setup_teardown.py
[2024-12-24T20:04:36.434+0000] {processor.py:914} INFO - Processing file /home/airflow/.local/lib/python3.12/site-packages/airflow/example_dags/example_setup_teardown.py for tasks to queue
[2024-12-24T20:04:36.436+0000] {logging_mixin.py:190} INFO - [2024-12-24T20:04:36.436+0000] {dagbag.py:588} INFO - Filling up the DagBag from /home/airflow/.local/lib/python3.12/site-packages/airflow/example_dags/example_setup_teardown.py
[2024-12-24T20:04:36.444+0000] {processor.py:925} INFO - DAG(s) 'example_setup_teardown' retrieved from /home/airflow/.local/lib/python3.12/site-packages/airflow/example_dags/example_setup_teardown.py
[2024-12-24T20:04:36.464+0000] {logging_mixin.py:190} INFO - [2024-12-24T20:04:36.464+0000] {dag.py:3239} INFO - Sync 1 DAGs
[2024-12-24T20:04:36.478+0000] {logging_mixin.py:190} INFO - [2024-12-24T20:04:36.478+0000] {dag.py:4180} INFO - Setting next_dagrun for example_setup_teardown to None, run_after=None
[2024-12-24T20:04:36.497+0000] {processor.py:208} INFO - Processing /home/airflow/.local/lib/python3.12/site-packages/airflow/example_dags/example_setup_teardown.py took 0.069 seconds
[2024-12-24T20:05:07.665+0000] {processor.py:186} INFO - Started process (PID=544) to work on /home/airflow/.local/lib/python3.12/site-packages/airflow/example_dags/example_setup_teardown.py
[2024-12-24T20:05:07.667+0000] {processor.py:914} INFO - Processing file /home/airflow/.local/lib/python3.12/site-packages/airflow/example_dags/example_setup_teardown.py for tasks to queue
[2024-12-24T20:05:07.670+0000] {logging_mixin.py:190} INFO - [2024-12-24T20:05:07.670+0000] {dagbag.py:588} INFO - Filling up the DagBag from /home/airflow/.local/lib/python3.12/site-packages/airflow/example_dags/example_setup_teardown.py
[2024-12-24T20:05:07.680+0000] {processor.py:925} INFO - DAG(s) 'example_setup_teardown' retrieved from /home/airflow/.local/lib/python3.12/site-packages/airflow/example_dags/example_setup_teardown.py
[2024-12-24T20:05:07.702+0000] {logging_mixin.py:190} INFO - [2024-12-24T20:05:07.702+0000] {dag.py:3239} INFO - Sync 1 DAGs
[2024-12-24T20:05:07.714+0000] {logging_mixin.py:190} INFO - [2024-12-24T20:05:07.714+0000] {dag.py:4180} INFO - Setting next_dagrun for example_setup_teardown to None, run_after=None
[2024-12-24T20:05:07.732+0000] {processor.py:208} INFO - Processing /home/airflow/.local/lib/python3.12/site-packages/airflow/example_dags/example_setup_teardown.py took 0.074 seconds
[2024-12-24T20:05:38.913+0000] {processor.py:186} INFO - Started process (PID=607) to work on /home/airflow/.local/lib/python3.12/site-packages/airflow/example_dags/example_setup_teardown.py
[2024-12-24T20:05:38.914+0000] {processor.py:914} INFO - Processing file /home/airflow/.local/lib/python3.12/site-packages/airflow/example_dags/example_setup_teardown.py for tasks to queue
[2024-12-24T20:05:38.916+0000] {logging_mixin.py:190} INFO - [2024-12-24T20:05:38.916+0000] {dagbag.py:588} INFO - Filling up the DagBag from /home/airflow/.local/lib/python3.12/site-packages/airflow/example_dags/example_setup_teardown.py
[2024-12-24T20:05:38.926+0000] {processor.py:925} INFO - DAG(s) 'example_setup_teardown' retrieved from /home/airflow/.local/lib/python3.12/site-packages/airflow/example_dags/example_setup_teardown.py
[2024-12-24T20:05:38.949+0000] {logging_mixin.py:190} INFO - [2024-12-24T20:05:38.948+0000] {dag.py:3239} INFO - Sync 1 DAGs
[2024-12-24T20:05:38.964+0000] {logging_mixin.py:190} INFO - [2024-12-24T20:05:38.964+0000] {dag.py:4180} INFO - Setting next_dagrun for example_setup_teardown to None, run_after=None
[2024-12-24T20:05:38.986+0000] {processor.py:208} INFO - Processing /home/airflow/.local/lib/python3.12/site-packages/airflow/example_dags/example_setup_teardown.py took 0.079 seconds
[2024-12-24T20:06:09.774+0000] {processor.py:186} INFO - Started process (PID=671) to work on /home/airflow/.local/lib/python3.12/site-packages/airflow/example_dags/example_setup_teardown.py
[2024-12-24T20:06:09.775+0000] {processor.py:914} INFO - Processing file /home/airflow/.local/lib/python3.12/site-packages/airflow/example_dags/example_setup_teardown.py for tasks to queue
[2024-12-24T20:06:09.778+0000] {logging_mixin.py:190} INFO - [2024-12-24T20:06:09.778+0000] {dagbag.py:588} INFO - Filling up the DagBag from /home/airflow/.local/lib/python3.12/site-packages/airflow/example_dags/example_setup_teardown.py
[2024-12-24T20:06:09.787+0000] {processor.py:925} INFO - DAG(s) 'example_setup_teardown' retrieved from /home/airflow/.local/lib/python3.12/site-packages/airflow/example_dags/example_setup_teardown.py
[2024-12-24T20:06:09.814+0000] {logging_mixin.py:190} INFO - [2024-12-24T20:06:09.814+0000] {dag.py:3239} INFO - Sync 1 DAGs
[2024-12-24T20:06:09.832+0000] {logging_mixin.py:190} INFO - [2024-12-24T20:06:09.832+0000] {dag.py:4180} INFO - Setting next_dagrun for example_setup_teardown to None, run_after=None
[2024-12-24T20:06:09.854+0000] {processor.py:208} INFO - Processing /home/airflow/.local/lib/python3.12/site-packages/airflow/example_dags/example_setup_teardown.py took 0.086 seconds
[2024-12-24T20:06:40.670+0000] {processor.py:186} INFO - Started process (PID=733) to work on /home/airflow/.local/lib/python3.12/site-packages/airflow/example_dags/example_setup_teardown.py
[2024-12-24T20:06:40.671+0000] {processor.py:914} INFO - Processing file /home/airflow/.local/lib/python3.12/site-packages/airflow/example_dags/example_setup_teardown.py for tasks to queue
[2024-12-24T20:06:40.674+0000] {logging_mixin.py:190} INFO - [2024-12-24T20:06:40.674+0000] {dagbag.py:588} INFO - Filling up the DagBag from /home/airflow/.local/lib/python3.12/site-packages/airflow/example_dags/example_setup_teardown.py
[2024-12-24T20:06:40.684+0000] {processor.py:925} INFO - DAG(s) 'example_setup_teardown' retrieved from /home/airflow/.local/lib/python3.12/site-packages/airflow/example_dags/example_setup_teardown.py
[2024-12-24T20:06:40.707+0000] {logging_mixin.py:190} INFO - [2024-12-24T20:06:40.707+0000] {dag.py:3239} INFO - Sync 1 DAGs
[2024-12-24T20:06:40.722+0000] {logging_mixin.py:190} INFO - [2024-12-24T20:06:40.722+0000] {dag.py:4180} INFO - Setting next_dagrun for example_setup_teardown to None, run_after=None
[2024-12-24T20:06:40.742+0000] {processor.py:208} INFO - Processing /home/airflow/.local/lib/python3.12/site-packages/airflow/example_dags/example_setup_teardown.py took 0.077 seconds
[2024-12-24T20:07:12.762+0000] {processor.py:186} INFO - Started process (PID=797) to work on /home/airflow/.local/lib/python3.12/site-packages/airflow/example_dags/example_setup_teardown.py
[2024-12-24T20:07:12.763+0000] {processor.py:914} INFO - Processing file /home/airflow/.local/lib/python3.12/site-packages/airflow/example_dags/example_setup_teardown.py for tasks to queue
[2024-12-24T20:07:12.766+0000] {logging_mixin.py:190} INFO - [2024-12-24T20:07:12.765+0000] {dagbag.py:588} INFO - Filling up the DagBag from /home/airflow/.local/lib/python3.12/site-packages/airflow/example_dags/example_setup_teardown.py
[2024-12-24T20:07:12.776+0000] {processor.py:925} INFO - DAG(s) 'example_setup_teardown' retrieved from /home/airflow/.local/lib/python3.12/site-packages/airflow/example_dags/example_setup_teardown.py
[2024-12-24T20:07:12.797+0000] {logging_mixin.py:190} INFO - [2024-12-24T20:07:12.797+0000] {dag.py:3239} INFO - Sync 1 DAGs
[2024-12-24T20:07:12.811+0000] {logging_mixin.py:190} INFO - [2024-12-24T20:07:12.811+0000] {dag.py:4180} INFO - Setting next_dagrun for example_setup_teardown to None, run_after=None
[2024-12-24T20:07:12.829+0000] {processor.py:208} INFO - Processing /home/airflow/.local/lib/python3.12/site-packages/airflow/example_dags/example_setup_teardown.py took 0.072 seconds
[2024-12-24T20:07:44.315+0000] {processor.py:186} INFO - Started process (PID=860) to work on /home/airflow/.local/lib/python3.12/site-packages/airflow/example_dags/example_setup_teardown.py
[2024-12-24T20:07:44.316+0000] {processor.py:914} INFO - Processing file /home/airflow/.local/lib/python3.12/site-packages/airflow/example_dags/example_setup_teardown.py for tasks to queue
[2024-12-24T20:07:44.319+0000] {logging_mixin.py:190} INFO - [2024-12-24T20:07:44.319+0000] {dagbag.py:588} INFO - Filling up the DagBag from /home/airflow/.local/lib/python3.12/site-packages/airflow/example_dags/example_setup_teardown.py
[2024-12-24T20:07:44.328+0000] {processor.py:925} INFO - DAG(s) 'example_setup_teardown' retrieved from /home/airflow/.local/lib/python3.12/site-packages/airflow/example_dags/example_setup_teardown.py
[2024-12-24T20:07:44.350+0000] {logging_mixin.py:190} INFO - [2024-12-24T20:07:44.350+0000] {dag.py:3239} INFO - Sync 1 DAGs
[2024-12-24T20:07:44.364+0000] {logging_mixin.py:190} INFO - [2024-12-24T20:07:44.363+0000] {dag.py:4180} INFO - Setting next_dagrun for example_setup_teardown to None, run_after=None
[2024-12-24T20:07:44.381+0000] {processor.py:208} INFO - Processing /home/airflow/.local/lib/python3.12/site-packages/airflow/example_dags/example_setup_teardown.py took 0.073 seconds
[2024-12-24T20:08:15.041+0000] {processor.py:186} INFO - Started process (PID=923) to work on /home/airflow/.local/lib/python3.12/site-packages/airflow/example_dags/example_setup_teardown.py
[2024-12-24T20:08:15.043+0000] {processor.py:914} INFO - Processing file /home/airflow/.local/lib/python3.12/site-packages/airflow/example_dags/example_setup_teardown.py for tasks to queue
[2024-12-24T20:08:15.046+0000] {logging_mixin.py:190} INFO - [2024-12-24T20:08:15.046+0000] {dagbag.py:588} INFO - Filling up the DagBag from /home/airflow/.local/lib/python3.12/site-packages/airflow/example_dags/example_setup_teardown.py
[2024-12-24T20:08:15.054+0000] {processor.py:925} INFO - DAG(s) 'example_setup_teardown' retrieved from /home/airflow/.local/lib/python3.12/site-packages/airflow/example_dags/example_setup_teardown.py
[2024-12-24T20:08:15.076+0000] {logging_mixin.py:190} INFO - [2024-12-24T20:08:15.075+0000] {dag.py:3239} INFO - Sync 1 DAGs
[2024-12-24T20:08:15.090+0000] {logging_mixin.py:190} INFO - [2024-12-24T20:08:15.090+0000] {dag.py:4180} INFO - Setting next_dagrun for example_setup_teardown to None, run_after=None
[2024-12-24T20:08:15.111+0000] {processor.py:208} INFO - Processing /home/airflow/.local/lib/python3.12/site-packages/airflow/example_dags/example_setup_teardown.py took 0.076 seconds
[2024-12-24T20:08:46.688+0000] {processor.py:186} INFO - Started process (PID=986) to work on /home/airflow/.local/lib/python3.12/site-packages/airflow/example_dags/example_setup_teardown.py
[2024-12-24T20:08:46.690+0000] {processor.py:914} INFO - Processing file /home/airflow/.local/lib/python3.12/site-packages/airflow/example_dags/example_setup_teardown.py for tasks to queue
[2024-12-24T20:08:46.692+0000] {logging_mixin.py:190} INFO - [2024-12-24T20:08:46.691+0000] {dagbag.py:588} INFO - Filling up the DagBag from /home/airflow/.local/lib/python3.12/site-packages/airflow/example_dags/example_setup_teardown.py
[2024-12-24T20:08:46.700+0000] {processor.py:925} INFO - DAG(s) 'example_setup_teardown' retrieved from /home/airflow/.local/lib/python3.12/site-packages/airflow/example_dags/example_setup_teardown.py
[2024-12-24T20:08:46.718+0000] {logging_mixin.py:190} INFO - [2024-12-24T20:08:46.718+0000] {dag.py:3239} INFO - Sync 1 DAGs
[2024-12-24T20:08:46.732+0000] {logging_mixin.py:190} INFO - [2024-12-24T20:08:46.732+0000] {dag.py:4180} INFO - Setting next_dagrun for example_setup_teardown to None, run_after=None
[2024-12-24T20:08:46.751+0000] {processor.py:208} INFO - Processing /home/airflow/.local/lib/python3.12/site-packages/airflow/example_dags/example_setup_teardown.py took 0.068 seconds
[2024-12-24T20:09:17.479+0000] {processor.py:186} INFO - Started process (PID=1049) to work on /home/airflow/.local/lib/python3.12/site-packages/airflow/example_dags/example_setup_teardown.py
[2024-12-24T20:09:17.480+0000] {processor.py:914} INFO - Processing file /home/airflow/.local/lib/python3.12/site-packages/airflow/example_dags/example_setup_teardown.py for tasks to queue
[2024-12-24T20:09:17.483+0000] {logging_mixin.py:190} INFO - [2024-12-24T20:09:17.483+0000] {dagbag.py:588} INFO - Filling up the DagBag from /home/airflow/.local/lib/python3.12/site-packages/airflow/example_dags/example_setup_teardown.py
[2024-12-24T20:09:17.496+0000] {processor.py:925} INFO - DAG(s) 'example_setup_teardown' retrieved from /home/airflow/.local/lib/python3.12/site-packages/airflow/example_dags/example_setup_teardown.py
[2024-12-24T20:09:17.521+0000] {logging_mixin.py:190} INFO - [2024-12-24T20:09:17.521+0000] {dag.py:3239} INFO - Sync 1 DAGs
[2024-12-24T20:09:17.538+0000] {logging_mixin.py:190} INFO - [2024-12-24T20:09:17.537+0000] {dag.py:4180} INFO - Setting next_dagrun for example_setup_teardown to None, run_after=None
[2024-12-24T20:09:17.558+0000] {processor.py:208} INFO - Processing /home/airflow/.local/lib/python3.12/site-packages/airflow/example_dags/example_setup_teardown.py took 0.086 seconds
[2024-12-24T20:09:48.578+0000] {processor.py:186} INFO - Started process (PID=1112) to work on /home/airflow/.local/lib/python3.12/site-packages/airflow/example_dags/example_setup_teardown.py
[2024-12-24T20:09:48.579+0000] {processor.py:914} INFO - Processing file /home/airflow/.local/lib/python3.12/site-packages/airflow/example_dags/example_setup_teardown.py for tasks to queue
[2024-12-24T20:09:48.582+0000] {logging_mixin.py:190} INFO - [2024-12-24T20:09:48.582+0000] {dagbag.py:588} INFO - Filling up the DagBag from /home/airflow/.local/lib/python3.12/site-packages/airflow/example_dags/example_setup_teardown.py
[2024-12-24T20:09:48.590+0000] {processor.py:925} INFO - DAG(s) 'example_setup_teardown' retrieved from /home/airflow/.local/lib/python3.12/site-packages/airflow/example_dags/example_setup_teardown.py
[2024-12-24T20:09:48.611+0000] {logging_mixin.py:190} INFO - [2024-12-24T20:09:48.611+0000] {dag.py:3239} INFO - Sync 1 DAGs
[2024-12-24T20:09:48.629+0000] {logging_mixin.py:190} INFO - [2024-12-24T20:09:48.628+0000] {dag.py:4180} INFO - Setting next_dagrun for example_setup_teardown to None, run_after=None
[2024-12-24T20:09:48.645+0000] {processor.py:208} INFO - Processing /home/airflow/.local/lib/python3.12/site-packages/airflow/example_dags/example_setup_teardown.py took 0.072 seconds
[2024-12-24T20:10:19.278+0000] {processor.py:186} INFO - Started process (PID=1175) to work on /home/airflow/.local/lib/python3.12/site-packages/airflow/example_dags/example_setup_teardown.py
[2024-12-24T20:10:19.279+0000] {processor.py:914} INFO - Processing file /home/airflow/.local/lib/python3.12/site-packages/airflow/example_dags/example_setup_teardown.py for tasks to queue
[2024-12-24T20:10:19.281+0000] {logging_mixin.py:190} INFO - [2024-12-24T20:10:19.281+0000] {dagbag.py:588} INFO - Filling up the DagBag from /home/airflow/.local/lib/python3.12/site-packages/airflow/example_dags/example_setup_teardown.py
[2024-12-24T20:10:19.290+0000] {processor.py:925} INFO - DAG(s) 'example_setup_teardown' retrieved from /home/airflow/.local/lib/python3.12/site-packages/airflow/example_dags/example_setup_teardown.py
[2024-12-24T20:10:19.314+0000] {logging_mixin.py:190} INFO - [2024-12-24T20:10:19.314+0000] {dag.py:3239} INFO - Sync 1 DAGs
[2024-12-24T20:10:19.332+0000] {logging_mixin.py:190} INFO - [2024-12-24T20:10:19.332+0000] {dag.py:4180} INFO - Setting next_dagrun for example_setup_teardown to None, run_after=None
[2024-12-24T20:10:19.351+0000] {processor.py:208} INFO - Processing /home/airflow/.local/lib/python3.12/site-packages/airflow/example_dags/example_setup_teardown.py took 0.079 seconds
[2024-12-24T20:10:51.367+0000] {processor.py:186} INFO - Started process (PID=1238) to work on /home/airflow/.local/lib/python3.12/site-packages/airflow/example_dags/example_setup_teardown.py
[2024-12-24T20:10:51.368+0000] {processor.py:914} INFO - Processing file /home/airflow/.local/lib/python3.12/site-packages/airflow/example_dags/example_setup_teardown.py for tasks to queue
[2024-12-24T20:10:51.371+0000] {logging_mixin.py:190} INFO - [2024-12-24T20:10:51.371+0000] {dagbag.py:588} INFO - Filling up the DagBag from /home/airflow/.local/lib/python3.12/site-packages/airflow/example_dags/example_setup_teardown.py
[2024-12-24T20:10:51.384+0000] {processor.py:925} INFO - DAG(s) 'example_setup_teardown' retrieved from /home/airflow/.local/lib/python3.12/site-packages/airflow/example_dags/example_setup_teardown.py
[2024-12-24T20:10:51.409+0000] {logging_mixin.py:190} INFO - [2024-12-24T20:10:51.409+0000] {dag.py:3239} INFO - Sync 1 DAGs
[2024-12-24T20:10:51.427+0000] {logging_mixin.py:190} INFO - [2024-12-24T20:10:51.426+0000] {dag.py:4180} INFO - Setting next_dagrun for example_setup_teardown to None, run_after=None
[2024-12-24T20:10:51.451+0000] {processor.py:208} INFO - Processing /home/airflow/.local/lib/python3.12/site-packages/airflow/example_dags/example_setup_teardown.py took 0.091 seconds
[2024-12-24T20:11:22.041+0000] {processor.py:186} INFO - Started process (PID=1301) to work on /home/airflow/.local/lib/python3.12/site-packages/airflow/example_dags/example_setup_teardown.py
[2024-12-24T20:11:22.042+0000] {processor.py:914} INFO - Processing file /home/airflow/.local/lib/python3.12/site-packages/airflow/example_dags/example_setup_teardown.py for tasks to queue
[2024-12-24T20:11:22.045+0000] {logging_mixin.py:190} INFO - [2024-12-24T20:11:22.045+0000] {dagbag.py:588} INFO - Filling up the DagBag from /home/airflow/.local/lib/python3.12/site-packages/airflow/example_dags/example_setup_teardown.py
[2024-12-24T20:11:22.055+0000] {processor.py:925} INFO - DAG(s) 'example_setup_teardown' retrieved from /home/airflow/.local/lib/python3.12/site-packages/airflow/example_dags/example_setup_teardown.py
[2024-12-24T20:11:22.076+0000] {logging_mixin.py:190} INFO - [2024-12-24T20:11:22.076+0000] {dag.py:3239} INFO - Sync 1 DAGs
[2024-12-24T20:11:22.092+0000] {logging_mixin.py:190} INFO - [2024-12-24T20:11:22.092+0000] {dag.py:4180} INFO - Setting next_dagrun for example_setup_teardown to None, run_after=None
[2024-12-24T20:11:22.108+0000] {processor.py:208} INFO - Processing /home/airflow/.local/lib/python3.12/site-packages/airflow/example_dags/example_setup_teardown.py took 0.074 seconds
[2024-12-24T20:11:53.032+0000] {processor.py:186} INFO - Started process (PID=1365) to work on /home/airflow/.local/lib/python3.12/site-packages/airflow/example_dags/example_setup_teardown.py
[2024-12-24T20:11:53.033+0000] {processor.py:914} INFO - Processing file /home/airflow/.local/lib/python3.12/site-packages/airflow/example_dags/example_setup_teardown.py for tasks to queue
[2024-12-24T20:11:53.034+0000] {logging_mixin.py:190} INFO - [2024-12-24T20:11:53.034+0000] {dagbag.py:588} INFO - Filling up the DagBag from /home/airflow/.local/lib/python3.12/site-packages/airflow/example_dags/example_setup_teardown.py
[2024-12-24T20:11:53.042+0000] {processor.py:925} INFO - DAG(s) 'example_setup_teardown' retrieved from /home/airflow/.local/lib/python3.12/site-packages/airflow/example_dags/example_setup_teardown.py
[2024-12-24T20:11:53.061+0000] {logging_mixin.py:190} INFO - [2024-12-24T20:11:53.061+0000] {dag.py:3239} INFO - Sync 1 DAGs
[2024-12-24T20:11:53.076+0000] {logging_mixin.py:190} INFO - [2024-12-24T20:11:53.075+0000] {dag.py:4180} INFO - Setting next_dagrun for example_setup_teardown to None, run_after=None
[2024-12-24T20:11:53.096+0000] {processor.py:208} INFO - Processing /home/airflow/.local/lib/python3.12/site-packages/airflow/example_dags/example_setup_teardown.py took 0.070 seconds
[2024-12-24T20:12:24.613+0000] {processor.py:186} INFO - Started process (PID=1436) to work on /home/airflow/.local/lib/python3.12/site-packages/airflow/example_dags/example_setup_teardown.py
[2024-12-24T20:12:24.614+0000] {processor.py:914} INFO - Processing file /home/airflow/.local/lib/python3.12/site-packages/airflow/example_dags/example_setup_teardown.py for tasks to queue
[2024-12-24T20:12:24.615+0000] {logging_mixin.py:190} INFO - [2024-12-24T20:12:24.615+0000] {dagbag.py:588} INFO - Filling up the DagBag from /home/airflow/.local/lib/python3.12/site-packages/airflow/example_dags/example_setup_teardown.py
[2024-12-24T20:12:24.624+0000] {processor.py:925} INFO - DAG(s) 'example_setup_teardown' retrieved from /home/airflow/.local/lib/python3.12/site-packages/airflow/example_dags/example_setup_teardown.py
[2024-12-24T20:12:24.643+0000] {logging_mixin.py:190} INFO - [2024-12-24T20:12:24.643+0000] {dag.py:3239} INFO - Sync 1 DAGs
[2024-12-24T20:12:24.656+0000] {logging_mixin.py:190} INFO - [2024-12-24T20:12:24.656+0000] {dag.py:4180} INFO - Setting next_dagrun for example_setup_teardown to None, run_after=None
[2024-12-24T20:12:24.674+0000] {processor.py:208} INFO - Processing /home/airflow/.local/lib/python3.12/site-packages/airflow/example_dags/example_setup_teardown.py took 0.067 seconds
[2024-12-24T20:12:56.015+0000] {processor.py:186} INFO - Started process (PID=1500) to work on /home/airflow/.local/lib/python3.12/site-packages/airflow/example_dags/example_setup_teardown.py
[2024-12-24T20:12:56.016+0000] {processor.py:914} INFO - Processing file /home/airflow/.local/lib/python3.12/site-packages/airflow/example_dags/example_setup_teardown.py for tasks to queue
[2024-12-24T20:12:56.017+0000] {logging_mixin.py:190} INFO - [2024-12-24T20:12:56.017+0000] {dagbag.py:588} INFO - Filling up the DagBag from /home/airflow/.local/lib/python3.12/site-packages/airflow/example_dags/example_setup_teardown.py
[2024-12-24T20:12:56.025+0000] {processor.py:925} INFO - DAG(s) 'example_setup_teardown' retrieved from /home/airflow/.local/lib/python3.12/site-packages/airflow/example_dags/example_setup_teardown.py
[2024-12-24T20:12:56.043+0000] {logging_mixin.py:190} INFO - [2024-12-24T20:12:56.042+0000] {dag.py:3239} INFO - Sync 1 DAGs
[2024-12-24T20:12:56.056+0000] {logging_mixin.py:190} INFO - [2024-12-24T20:12:56.056+0000] {dag.py:4180} INFO - Setting next_dagrun for example_setup_teardown to None, run_after=None
[2024-12-24T20:12:56.073+0000] {processor.py:208} INFO - Processing /home/airflow/.local/lib/python3.12/site-packages/airflow/example_dags/example_setup_teardown.py took 0.063 seconds
[2024-12-24T20:13:26.862+0000] {processor.py:186} INFO - Started process (PID=1564) to work on /home/airflow/.local/lib/python3.12/site-packages/airflow/example_dags/example_setup_teardown.py
[2024-12-24T20:13:26.863+0000] {processor.py:914} INFO - Processing file /home/airflow/.local/lib/python3.12/site-packages/airflow/example_dags/example_setup_teardown.py for tasks to queue
[2024-12-24T20:13:26.864+0000] {logging_mixin.py:190} INFO - [2024-12-24T20:13:26.864+0000] {dagbag.py:588} INFO - Filling up the DagBag from /home/airflow/.local/lib/python3.12/site-packages/airflow/example_dags/example_setup_teardown.py
[2024-12-24T20:13:26.872+0000] {processor.py:925} INFO - DAG(s) 'example_setup_teardown' retrieved from /home/airflow/.local/lib/python3.12/site-packages/airflow/example_dags/example_setup_teardown.py
[2024-12-24T20:13:26.890+0000] {logging_mixin.py:190} INFO - [2024-12-24T20:13:26.890+0000] {dag.py:3239} INFO - Sync 1 DAGs
[2024-12-24T20:13:26.903+0000] {logging_mixin.py:190} INFO - [2024-12-24T20:13:26.902+0000] {dag.py:4180} INFO - Setting next_dagrun for example_setup_teardown to None, run_after=None
[2024-12-24T20:13:26.920+0000] {processor.py:208} INFO - Processing /home/airflow/.local/lib/python3.12/site-packages/airflow/example_dags/example_setup_teardown.py took 0.063 seconds
[2024-12-24T20:13:57.662+0000] {processor.py:186} INFO - Started process (PID=1628) to work on /home/airflow/.local/lib/python3.12/site-packages/airflow/example_dags/example_setup_teardown.py
[2024-12-24T20:13:57.663+0000] {processor.py:914} INFO - Processing file /home/airflow/.local/lib/python3.12/site-packages/airflow/example_dags/example_setup_teardown.py for tasks to queue
[2024-12-24T20:13:57.665+0000] {logging_mixin.py:190} INFO - [2024-12-24T20:13:57.664+0000] {dagbag.py:588} INFO - Filling up the DagBag from /home/airflow/.local/lib/python3.12/site-packages/airflow/example_dags/example_setup_teardown.py
[2024-12-24T20:13:57.676+0000] {processor.py:925} INFO - DAG(s) 'example_setup_teardown' retrieved from /home/airflow/.local/lib/python3.12/site-packages/airflow/example_dags/example_setup_teardown.py
[2024-12-24T20:13:57.697+0000] {logging_mixin.py:190} INFO - [2024-12-24T20:13:57.697+0000] {dag.py:3239} INFO - Sync 1 DAGs
[2024-12-24T20:13:57.711+0000] {logging_mixin.py:190} INFO - [2024-12-24T20:13:57.711+0000] {dag.py:4180} INFO - Setting next_dagrun for example_setup_teardown to None, run_after=None
[2024-12-24T20:13:57.732+0000] {processor.py:208} INFO - Processing /home/airflow/.local/lib/python3.12/site-packages/airflow/example_dags/example_setup_teardown.py took 0.076 seconds
[2024-12-24T20:14:28.390+0000] {processor.py:186} INFO - Started process (PID=1692) to work on /home/airflow/.local/lib/python3.12/site-packages/airflow/example_dags/example_setup_teardown.py
[2024-12-24T20:14:28.391+0000] {processor.py:914} INFO - Processing file /home/airflow/.local/lib/python3.12/site-packages/airflow/example_dags/example_setup_teardown.py for tasks to queue
[2024-12-24T20:14:28.392+0000] {logging_mixin.py:190} INFO - [2024-12-24T20:14:28.392+0000] {dagbag.py:588} INFO - Filling up the DagBag from /home/airflow/.local/lib/python3.12/site-packages/airflow/example_dags/example_setup_teardown.py
[2024-12-24T20:14:28.401+0000] {processor.py:925} INFO - DAG(s) 'example_setup_teardown' retrieved from /home/airflow/.local/lib/python3.12/site-packages/airflow/example_dags/example_setup_teardown.py
[2024-12-24T20:14:28.420+0000] {logging_mixin.py:190} INFO - [2024-12-24T20:14:28.420+0000] {dag.py:3239} INFO - Sync 1 DAGs
[2024-12-24T20:14:28.432+0000] {logging_mixin.py:190} INFO - [2024-12-24T20:14:28.432+0000] {dag.py:4180} INFO - Setting next_dagrun for example_setup_teardown to None, run_after=None
[2024-12-24T20:14:28.450+0000] {processor.py:208} INFO - Processing /home/airflow/.local/lib/python3.12/site-packages/airflow/example_dags/example_setup_teardown.py took 0.066 seconds
[2024-12-24T20:15:00.030+0000] {processor.py:186} INFO - Started process (PID=1756) to work on /home/airflow/.local/lib/python3.12/site-packages/airflow/example_dags/example_setup_teardown.py
[2024-12-24T20:15:00.031+0000] {processor.py:914} INFO - Processing file /home/airflow/.local/lib/python3.12/site-packages/airflow/example_dags/example_setup_teardown.py for tasks to queue
[2024-12-24T20:15:00.033+0000] {logging_mixin.py:190} INFO - [2024-12-24T20:15:00.033+0000] {dagbag.py:588} INFO - Filling up the DagBag from /home/airflow/.local/lib/python3.12/site-packages/airflow/example_dags/example_setup_teardown.py
[2024-12-24T20:15:00.042+0000] {processor.py:925} INFO - DAG(s) 'example_setup_teardown' retrieved from /home/airflow/.local/lib/python3.12/site-packages/airflow/example_dags/example_setup_teardown.py
[2024-12-24T20:15:00.065+0000] {logging_mixin.py:190} INFO - [2024-12-24T20:15:00.065+0000] {dag.py:3239} INFO - Sync 1 DAGs
[2024-12-24T20:15:00.080+0000] {logging_mixin.py:190} INFO - [2024-12-24T20:15:00.080+0000] {dag.py:4180} INFO - Setting next_dagrun for example_setup_teardown to None, run_after=None
[2024-12-24T20:15:00.101+0000] {processor.py:208} INFO - Processing /home/airflow/.local/lib/python3.12/site-packages/airflow/example_dags/example_setup_teardown.py took 0.078 seconds
[2024-12-24T20:15:31.337+0000] {processor.py:186} INFO - Started process (PID=1820) to work on /home/airflow/.local/lib/python3.12/site-packages/airflow/example_dags/example_setup_teardown.py
[2024-12-24T20:15:31.338+0000] {processor.py:914} INFO - Processing file /home/airflow/.local/lib/python3.12/site-packages/airflow/example_dags/example_setup_teardown.py for tasks to queue
[2024-12-24T20:15:31.339+0000] {logging_mixin.py:190} INFO - [2024-12-24T20:15:31.339+0000] {dagbag.py:588} INFO - Filling up the DagBag from /home/airflow/.local/lib/python3.12/site-packages/airflow/example_dags/example_setup_teardown.py
[2024-12-24T20:15:31.348+0000] {processor.py:925} INFO - DAG(s) 'example_setup_teardown' retrieved from /home/airflow/.local/lib/python3.12/site-packages/airflow/example_dags/example_setup_teardown.py
[2024-12-24T20:15:31.367+0000] {logging_mixin.py:190} INFO - [2024-12-24T20:15:31.367+0000] {dag.py:3239} INFO - Sync 1 DAGs
[2024-12-24T20:15:31.380+0000] {logging_mixin.py:190} INFO - [2024-12-24T20:15:31.380+0000] {dag.py:4180} INFO - Setting next_dagrun for example_setup_teardown to None, run_after=None
[2024-12-24T20:15:31.397+0000] {processor.py:208} INFO - Processing /home/airflow/.local/lib/python3.12/site-packages/airflow/example_dags/example_setup_teardown.py took 0.065 seconds
[2024-12-24T20:16:02.359+0000] {processor.py:186} INFO - Started process (PID=1884) to work on /home/airflow/.local/lib/python3.12/site-packages/airflow/example_dags/example_setup_teardown.py
[2024-12-24T20:16:02.360+0000] {processor.py:914} INFO - Processing file /home/airflow/.local/lib/python3.12/site-packages/airflow/example_dags/example_setup_teardown.py for tasks to queue
[2024-12-24T20:16:02.361+0000] {logging_mixin.py:190} INFO - [2024-12-24T20:16:02.361+0000] {dagbag.py:588} INFO - Filling up the DagBag from /home/airflow/.local/lib/python3.12/site-packages/airflow/example_dags/example_setup_teardown.py
[2024-12-24T20:16:02.369+0000] {processor.py:925} INFO - DAG(s) 'example_setup_teardown' retrieved from /home/airflow/.local/lib/python3.12/site-packages/airflow/example_dags/example_setup_teardown.py
[2024-12-24T20:16:02.388+0000] {logging_mixin.py:190} INFO - [2024-12-24T20:16:02.388+0000] {dag.py:3239} INFO - Sync 1 DAGs
[2024-12-24T20:16:02.401+0000] {logging_mixin.py:190} INFO - [2024-12-24T20:16:02.401+0000] {dag.py:4180} INFO - Setting next_dagrun for example_setup_teardown to None, run_after=None
[2024-12-24T20:16:02.416+0000] {processor.py:208} INFO - Processing /home/airflow/.local/lib/python3.12/site-packages/airflow/example_dags/example_setup_teardown.py took 0.063 seconds
[2024-12-24T20:16:33.125+0000] {processor.py:186} INFO - Started process (PID=1948) to work on /home/airflow/.local/lib/python3.12/site-packages/airflow/example_dags/example_setup_teardown.py
[2024-12-24T20:16:33.126+0000] {processor.py:914} INFO - Processing file /home/airflow/.local/lib/python3.12/site-packages/airflow/example_dags/example_setup_teardown.py for tasks to queue
[2024-12-24T20:16:33.127+0000] {logging_mixin.py:190} INFO - [2024-12-24T20:16:33.127+0000] {dagbag.py:588} INFO - Filling up the DagBag from /home/airflow/.local/lib/python3.12/site-packages/airflow/example_dags/example_setup_teardown.py
[2024-12-24T20:16:33.135+0000] {processor.py:925} INFO - DAG(s) 'example_setup_teardown' retrieved from /home/airflow/.local/lib/python3.12/site-packages/airflow/example_dags/example_setup_teardown.py
[2024-12-24T20:16:33.152+0000] {logging_mixin.py:190} INFO - [2024-12-24T20:16:33.151+0000] {dag.py:3239} INFO - Sync 1 DAGs
[2024-12-24T20:16:33.163+0000] {logging_mixin.py:190} INFO - [2024-12-24T20:16:33.163+0000] {dag.py:4180} INFO - Setting next_dagrun for example_setup_teardown to None, run_after=None
[2024-12-24T20:16:33.180+0000] {processor.py:208} INFO - Processing /home/airflow/.local/lib/python3.12/site-packages/airflow/example_dags/example_setup_teardown.py took 0.061 seconds
[2024-12-24T20:17:04.218+0000] {processor.py:186} INFO - Started process (PID=2012) to work on /home/airflow/.local/lib/python3.12/site-packages/airflow/example_dags/example_setup_teardown.py
[2024-12-24T20:17:04.219+0000] {processor.py:914} INFO - Processing file /home/airflow/.local/lib/python3.12/site-packages/airflow/example_dags/example_setup_teardown.py for tasks to queue
[2024-12-24T20:17:04.220+0000] {logging_mixin.py:190} INFO - [2024-12-24T20:17:04.220+0000] {dagbag.py:588} INFO - Filling up the DagBag from /home/airflow/.local/lib/python3.12/site-packages/airflow/example_dags/example_setup_teardown.py
[2024-12-24T20:17:04.227+0000] {processor.py:925} INFO - DAG(s) 'example_setup_teardown' retrieved from /home/airflow/.local/lib/python3.12/site-packages/airflow/example_dags/example_setup_teardown.py
[2024-12-24T20:17:04.244+0000] {logging_mixin.py:190} INFO - [2024-12-24T20:17:04.244+0000] {dag.py:3239} INFO - Sync 1 DAGs
[2024-12-24T20:17:04.255+0000] {logging_mixin.py:190} INFO - [2024-12-24T20:17:04.255+0000] {dag.py:4180} INFO - Setting next_dagrun for example_setup_teardown to None, run_after=None
[2024-12-24T20:17:04.272+0000] {processor.py:208} INFO - Processing /home/airflow/.local/lib/python3.12/site-packages/airflow/example_dags/example_setup_teardown.py took 0.059 seconds
[2024-12-24T20:17:35.340+0000] {processor.py:186} INFO - Started process (PID=2076) to work on /home/airflow/.local/lib/python3.12/site-packages/airflow/example_dags/example_setup_teardown.py
[2024-12-24T20:17:35.341+0000] {processor.py:914} INFO - Processing file /home/airflow/.local/lib/python3.12/site-packages/airflow/example_dags/example_setup_teardown.py for tasks to queue
[2024-12-24T20:17:35.342+0000] {logging_mixin.py:190} INFO - [2024-12-24T20:17:35.342+0000] {dagbag.py:588} INFO - Filling up the DagBag from /home/airflow/.local/lib/python3.12/site-packages/airflow/example_dags/example_setup_teardown.py
[2024-12-24T20:17:35.351+0000] {processor.py:925} INFO - DAG(s) 'example_setup_teardown' retrieved from /home/airflow/.local/lib/python3.12/site-packages/airflow/example_dags/example_setup_teardown.py
[2024-12-24T20:17:35.372+0000] {logging_mixin.py:190} INFO - [2024-12-24T20:17:35.372+0000] {dag.py:3239} INFO - Sync 1 DAGs
[2024-12-24T20:17:35.389+0000] {logging_mixin.py:190} INFO - [2024-12-24T20:17:35.388+0000] {dag.py:4180} INFO - Setting next_dagrun for example_setup_teardown to None, run_after=None
[2024-12-24T20:17:35.407+0000] {processor.py:208} INFO - Processing /home/airflow/.local/lib/python3.12/site-packages/airflow/example_dags/example_setup_teardown.py took 0.074 seconds
[2024-12-24T20:18:06.059+0000] {processor.py:186} INFO - Started process (PID=2140) to work on /home/airflow/.local/lib/python3.12/site-packages/airflow/example_dags/example_setup_teardown.py
[2024-12-24T20:18:06.060+0000] {processor.py:914} INFO - Processing file /home/airflow/.local/lib/python3.12/site-packages/airflow/example_dags/example_setup_teardown.py for tasks to queue
[2024-12-24T20:18:06.062+0000] {logging_mixin.py:190} INFO - [2024-12-24T20:18:06.061+0000] {dagbag.py:588} INFO - Filling up the DagBag from /home/airflow/.local/lib/python3.12/site-packages/airflow/example_dags/example_setup_teardown.py
[2024-12-24T20:18:06.072+0000] {processor.py:925} INFO - DAG(s) 'example_setup_teardown' retrieved from /home/airflow/.local/lib/python3.12/site-packages/airflow/example_dags/example_setup_teardown.py
[2024-12-24T20:18:06.094+0000] {logging_mixin.py:190} INFO - [2024-12-24T20:18:06.094+0000] {dag.py:3239} INFO - Sync 1 DAGs
[2024-12-24T20:18:06.111+0000] {logging_mixin.py:190} INFO - [2024-12-24T20:18:06.110+0000] {dag.py:4180} INFO - Setting next_dagrun for example_setup_teardown to None, run_after=None
[2024-12-24T20:18:06.135+0000] {processor.py:208} INFO - Processing /home/airflow/.local/lib/python3.12/site-packages/airflow/example_dags/example_setup_teardown.py took 0.082 seconds
[2024-12-24T20:18:36.636+0000] {processor.py:186} INFO - Started process (PID=2204) to work on /home/airflow/.local/lib/python3.12/site-packages/airflow/example_dags/example_setup_teardown.py
[2024-12-24T20:18:36.637+0000] {processor.py:914} INFO - Processing file /home/airflow/.local/lib/python3.12/site-packages/airflow/example_dags/example_setup_teardown.py for tasks to queue
[2024-12-24T20:18:36.638+0000] {logging_mixin.py:190} INFO - [2024-12-24T20:18:36.638+0000] {dagbag.py:588} INFO - Filling up the DagBag from /home/airflow/.local/lib/python3.12/site-packages/airflow/example_dags/example_setup_teardown.py
[2024-12-24T20:18:36.646+0000] {processor.py:925} INFO - DAG(s) 'example_setup_teardown' retrieved from /home/airflow/.local/lib/python3.12/site-packages/airflow/example_dags/example_setup_teardown.py
[2024-12-24T20:18:36.666+0000] {logging_mixin.py:190} INFO - [2024-12-24T20:18:36.666+0000] {dag.py:3239} INFO - Sync 1 DAGs
[2024-12-24T20:18:36.679+0000] {logging_mixin.py:190} INFO - [2024-12-24T20:18:36.679+0000] {dag.py:4180} INFO - Setting next_dagrun for example_setup_teardown to None, run_after=None
[2024-12-24T20:18:36.695+0000] {processor.py:208} INFO - Processing /home/airflow/.local/lib/python3.12/site-packages/airflow/example_dags/example_setup_teardown.py took 0.064 seconds
[2024-12-24T20:35:44.812+0000] {processor.py:186} INFO - Started process (PID=106) to work on /home/airflow/.local/lib/python3.10/site-packages/airflow/example_dags/example_setup_teardown.py
[2024-12-24T20:35:44.814+0000] {processor.py:914} INFO - Processing file /home/airflow/.local/lib/python3.10/site-packages/airflow/example_dags/example_setup_teardown.py for tasks to queue
[2024-12-24T20:35:44.817+0000] {logging_mixin.py:190} INFO - [2024-12-24T20:35:44.817+0000] {dagbag.py:588} INFO - Filling up the DagBag from /home/airflow/.local/lib/python3.10/site-packages/airflow/example_dags/example_setup_teardown.py
[2024-12-24T20:35:44.829+0000] {processor.py:925} INFO - DAG(s) 'example_setup_teardown' retrieved from /home/airflow/.local/lib/python3.10/site-packages/airflow/example_dags/example_setup_teardown.py
[2024-12-24T20:35:44.935+0000] {logging_mixin.py:190} INFO - [2024-12-24T20:35:44.935+0000] {dag.py:3239} INFO - Sync 1 DAGs
[2024-12-24T20:35:44.945+0000] {logging_mixin.py:190} INFO - [2024-12-24T20:35:44.945+0000] {dag.py:4180} INFO - Setting next_dagrun for example_setup_teardown to None, run_after=None
[2024-12-24T20:35:44.967+0000] {processor.py:208} INFO - Processing /home/airflow/.local/lib/python3.10/site-packages/airflow/example_dags/example_setup_teardown.py took 0.161 seconds
[2024-12-24T20:36:16.193+0000] {processor.py:186} INFO - Started process (PID=171) to work on /home/airflow/.local/lib/python3.10/site-packages/airflow/example_dags/example_setup_teardown.py
[2024-12-24T20:36:16.194+0000] {processor.py:914} INFO - Processing file /home/airflow/.local/lib/python3.10/site-packages/airflow/example_dags/example_setup_teardown.py for tasks to queue
[2024-12-24T20:36:16.196+0000] {logging_mixin.py:190} INFO - [2024-12-24T20:36:16.196+0000] {dagbag.py:588} INFO - Filling up the DagBag from /home/airflow/.local/lib/python3.10/site-packages/airflow/example_dags/example_setup_teardown.py
[2024-12-24T20:36:16.204+0000] {processor.py:925} INFO - DAG(s) 'example_setup_teardown' retrieved from /home/airflow/.local/lib/python3.10/site-packages/airflow/example_dags/example_setup_teardown.py
[2024-12-24T20:36:16.224+0000] {logging_mixin.py:190} INFO - [2024-12-24T20:36:16.224+0000] {dag.py:3239} INFO - Sync 1 DAGs
[2024-12-24T20:36:16.237+0000] {logging_mixin.py:190} INFO - [2024-12-24T20:36:16.237+0000] {dag.py:4180} INFO - Setting next_dagrun for example_setup_teardown to None, run_after=None
[2024-12-24T20:36:16.253+0000] {processor.py:208} INFO - Processing /home/airflow/.local/lib/python3.10/site-packages/airflow/example_dags/example_setup_teardown.py took 0.066 seconds
[2024-12-24T20:36:46.968+0000] {processor.py:186} INFO - Started process (PID=234) to work on /home/airflow/.local/lib/python3.10/site-packages/airflow/example_dags/example_setup_teardown.py
[2024-12-24T20:36:46.969+0000] {processor.py:914} INFO - Processing file /home/airflow/.local/lib/python3.10/site-packages/airflow/example_dags/example_setup_teardown.py for tasks to queue
[2024-12-24T20:36:46.972+0000] {logging_mixin.py:190} INFO - [2024-12-24T20:36:46.972+0000] {dagbag.py:588} INFO - Filling up the DagBag from /home/airflow/.local/lib/python3.10/site-packages/airflow/example_dags/example_setup_teardown.py
[2024-12-24T20:36:46.979+0000] {processor.py:925} INFO - DAG(s) 'example_setup_teardown' retrieved from /home/airflow/.local/lib/python3.10/site-packages/airflow/example_dags/example_setup_teardown.py
[2024-12-24T20:36:46.998+0000] {logging_mixin.py:190} INFO - [2024-12-24T20:36:46.998+0000] {dag.py:3239} INFO - Sync 1 DAGs
[2024-12-24T20:36:47.010+0000] {logging_mixin.py:190} INFO - [2024-12-24T20:36:47.010+0000] {dag.py:4180} INFO - Setting next_dagrun for example_setup_teardown to None, run_after=None
[2024-12-24T20:36:47.026+0000] {processor.py:208} INFO - Processing /home/airflow/.local/lib/python3.10/site-packages/airflow/example_dags/example_setup_teardown.py took 0.063 seconds
[2024-12-24T20:37:17.426+0000] {processor.py:186} INFO - Started process (PID=298) to work on /home/airflow/.local/lib/python3.10/site-packages/airflow/example_dags/example_setup_teardown.py
[2024-12-24T20:37:17.428+0000] {processor.py:914} INFO - Processing file /home/airflow/.local/lib/python3.10/site-packages/airflow/example_dags/example_setup_teardown.py for tasks to queue
[2024-12-24T20:37:17.431+0000] {logging_mixin.py:190} INFO - [2024-12-24T20:37:17.430+0000] {dagbag.py:588} INFO - Filling up the DagBag from /home/airflow/.local/lib/python3.10/site-packages/airflow/example_dags/example_setup_teardown.py
[2024-12-24T20:37:17.439+0000] {processor.py:925} INFO - DAG(s) 'example_setup_teardown' retrieved from /home/airflow/.local/lib/python3.10/site-packages/airflow/example_dags/example_setup_teardown.py
[2024-12-24T20:37:17.459+0000] {logging_mixin.py:190} INFO - [2024-12-24T20:37:17.458+0000] {dag.py:3239} INFO - Sync 1 DAGs
[2024-12-24T20:37:17.473+0000] {logging_mixin.py:190} INFO - [2024-12-24T20:37:17.472+0000] {dag.py:4180} INFO - Setting next_dagrun for example_setup_teardown to None, run_after=None
[2024-12-24T20:37:17.492+0000] {processor.py:208} INFO - Processing /home/airflow/.local/lib/python3.10/site-packages/airflow/example_dags/example_setup_teardown.py took 0.072 seconds
[2024-12-24T20:37:48.321+0000] {processor.py:186} INFO - Started process (PID=363) to work on /home/airflow/.local/lib/python3.10/site-packages/airflow/example_dags/example_setup_teardown.py
[2024-12-24T20:37:48.322+0000] {processor.py:914} INFO - Processing file /home/airflow/.local/lib/python3.10/site-packages/airflow/example_dags/example_setup_teardown.py for tasks to queue
[2024-12-24T20:37:48.325+0000] {logging_mixin.py:190} INFO - [2024-12-24T20:37:48.324+0000] {dagbag.py:588} INFO - Filling up the DagBag from /home/airflow/.local/lib/python3.10/site-packages/airflow/example_dags/example_setup_teardown.py
[2024-12-24T20:37:48.334+0000] {processor.py:925} INFO - DAG(s) 'example_setup_teardown' retrieved from /home/airflow/.local/lib/python3.10/site-packages/airflow/example_dags/example_setup_teardown.py
[2024-12-24T20:37:48.355+0000] {logging_mixin.py:190} INFO - [2024-12-24T20:37:48.355+0000] {dag.py:3239} INFO - Sync 1 DAGs
[2024-12-24T20:37:48.369+0000] {logging_mixin.py:190} INFO - [2024-12-24T20:37:48.368+0000] {dag.py:4180} INFO - Setting next_dagrun for example_setup_teardown to None, run_after=None
[2024-12-24T20:37:48.387+0000] {processor.py:208} INFO - Processing /home/airflow/.local/lib/python3.10/site-packages/airflow/example_dags/example_setup_teardown.py took 0.072 seconds
[2024-12-24T20:38:18.574+0000] {processor.py:186} INFO - Started process (PID=426) to work on /home/airflow/.local/lib/python3.10/site-packages/airflow/example_dags/example_setup_teardown.py
[2024-12-24T20:38:18.575+0000] {processor.py:914} INFO - Processing file /home/airflow/.local/lib/python3.10/site-packages/airflow/example_dags/example_setup_teardown.py for tasks to queue
[2024-12-24T20:38:18.577+0000] {logging_mixin.py:190} INFO - [2024-12-24T20:38:18.577+0000] {dagbag.py:588} INFO - Filling up the DagBag from /home/airflow/.local/lib/python3.10/site-packages/airflow/example_dags/example_setup_teardown.py
[2024-12-24T20:38:18.585+0000] {processor.py:925} INFO - DAG(s) 'example_setup_teardown' retrieved from /home/airflow/.local/lib/python3.10/site-packages/airflow/example_dags/example_setup_teardown.py
[2024-12-24T20:38:18.604+0000] {logging_mixin.py:190} INFO - [2024-12-24T20:38:18.604+0000] {dag.py:3239} INFO - Sync 1 DAGs
[2024-12-24T20:38:18.616+0000] {logging_mixin.py:190} INFO - [2024-12-24T20:38:18.616+0000] {dag.py:4180} INFO - Setting next_dagrun for example_setup_teardown to None, run_after=None
[2024-12-24T20:38:18.633+0000] {processor.py:208} INFO - Processing /home/airflow/.local/lib/python3.10/site-packages/airflow/example_dags/example_setup_teardown.py took 0.064 seconds
[2024-12-24T20:38:49.156+0000] {processor.py:186} INFO - Started process (PID=491) to work on /home/airflow/.local/lib/python3.10/site-packages/airflow/example_dags/example_setup_teardown.py
[2024-12-24T20:38:49.157+0000] {processor.py:914} INFO - Processing file /home/airflow/.local/lib/python3.10/site-packages/airflow/example_dags/example_setup_teardown.py for tasks to queue
[2024-12-24T20:38:49.160+0000] {logging_mixin.py:190} INFO - [2024-12-24T20:38:49.160+0000] {dagbag.py:588} INFO - Filling up the DagBag from /home/airflow/.local/lib/python3.10/site-packages/airflow/example_dags/example_setup_teardown.py
[2024-12-24T20:38:49.168+0000] {processor.py:925} INFO - DAG(s) 'example_setup_teardown' retrieved from /home/airflow/.local/lib/python3.10/site-packages/airflow/example_dags/example_setup_teardown.py
[2024-12-24T20:38:49.188+0000] {logging_mixin.py:190} INFO - [2024-12-24T20:38:49.188+0000] {dag.py:3239} INFO - Sync 1 DAGs
[2024-12-24T20:38:49.200+0000] {logging_mixin.py:190} INFO - [2024-12-24T20:38:49.200+0000] {dag.py:4180} INFO - Setting next_dagrun for example_setup_teardown to None, run_after=None
[2024-12-24T20:38:49.218+0000] {processor.py:208} INFO - Processing /home/airflow/.local/lib/python3.10/site-packages/airflow/example_dags/example_setup_teardown.py took 0.067 seconds
[2024-12-24T20:39:19.927+0000] {processor.py:186} INFO - Started process (PID=555) to work on /home/airflow/.local/lib/python3.10/site-packages/airflow/example_dags/example_setup_teardown.py
[2024-12-24T20:39:19.928+0000] {processor.py:914} INFO - Processing file /home/airflow/.local/lib/python3.10/site-packages/airflow/example_dags/example_setup_teardown.py for tasks to queue
[2024-12-24T20:39:19.931+0000] {logging_mixin.py:190} INFO - [2024-12-24T20:39:19.930+0000] {dagbag.py:588} INFO - Filling up the DagBag from /home/airflow/.local/lib/python3.10/site-packages/airflow/example_dags/example_setup_teardown.py
[2024-12-24T20:39:19.939+0000] {processor.py:925} INFO - DAG(s) 'example_setup_teardown' retrieved from /home/airflow/.local/lib/python3.10/site-packages/airflow/example_dags/example_setup_teardown.py
[2024-12-24T20:39:19.958+0000] {logging_mixin.py:190} INFO - [2024-12-24T20:39:19.958+0000] {dag.py:3239} INFO - Sync 1 DAGs
[2024-12-24T20:39:19.973+0000] {logging_mixin.py:190} INFO - [2024-12-24T20:39:19.973+0000] {dag.py:4180} INFO - Setting next_dagrun for example_setup_teardown to None, run_after=None
[2024-12-24T20:39:19.993+0000] {processor.py:208} INFO - Processing /home/airflow/.local/lib/python3.10/site-packages/airflow/example_dags/example_setup_teardown.py took 0.072 seconds
[2024-12-24T20:39:50.064+0000] {processor.py:186} INFO - Started process (PID=620) to work on /home/airflow/.local/lib/python3.10/site-packages/airflow/example_dags/example_setup_teardown.py
[2024-12-24T20:39:50.066+0000] {processor.py:914} INFO - Processing file /home/airflow/.local/lib/python3.10/site-packages/airflow/example_dags/example_setup_teardown.py for tasks to queue
[2024-12-24T20:39:50.068+0000] {logging_mixin.py:190} INFO - [2024-12-24T20:39:50.068+0000] {dagbag.py:588} INFO - Filling up the DagBag from /home/airflow/.local/lib/python3.10/site-packages/airflow/example_dags/example_setup_teardown.py
[2024-12-24T20:39:50.078+0000] {processor.py:925} INFO - DAG(s) 'example_setup_teardown' retrieved from /home/airflow/.local/lib/python3.10/site-packages/airflow/example_dags/example_setup_teardown.py
[2024-12-24T20:39:50.097+0000] {logging_mixin.py:190} INFO - [2024-12-24T20:39:50.097+0000] {dag.py:3239} INFO - Sync 1 DAGs
[2024-12-24T20:39:50.110+0000] {logging_mixin.py:190} INFO - [2024-12-24T20:39:50.110+0000] {dag.py:4180} INFO - Setting next_dagrun for example_setup_teardown to None, run_after=None
[2024-12-24T20:39:50.127+0000] {processor.py:208} INFO - Processing /home/airflow/.local/lib/python3.10/site-packages/airflow/example_dags/example_setup_teardown.py took 0.069 seconds
[2024-12-24T20:40:20.312+0000] {processor.py:186} INFO - Started process (PID=684) to work on /home/airflow/.local/lib/python3.10/site-packages/airflow/example_dags/example_setup_teardown.py
[2024-12-24T20:40:20.313+0000] {processor.py:914} INFO - Processing file /home/airflow/.local/lib/python3.10/site-packages/airflow/example_dags/example_setup_teardown.py for tasks to queue
[2024-12-24T20:40:20.316+0000] {logging_mixin.py:190} INFO - [2024-12-24T20:40:20.315+0000] {dagbag.py:588} INFO - Filling up the DagBag from /home/airflow/.local/lib/python3.10/site-packages/airflow/example_dags/example_setup_teardown.py
[2024-12-24T20:40:20.326+0000] {processor.py:925} INFO - DAG(s) 'example_setup_teardown' retrieved from /home/airflow/.local/lib/python3.10/site-packages/airflow/example_dags/example_setup_teardown.py
[2024-12-24T20:40:20.346+0000] {logging_mixin.py:190} INFO - [2024-12-24T20:40:20.346+0000] {dag.py:3239} INFO - Sync 1 DAGs
[2024-12-24T20:40:20.362+0000] {logging_mixin.py:190} INFO - [2024-12-24T20:40:20.361+0000] {dag.py:4180} INFO - Setting next_dagrun for example_setup_teardown to None, run_after=None
[2024-12-24T20:40:20.381+0000] {processor.py:208} INFO - Processing /home/airflow/.local/lib/python3.10/site-packages/airflow/example_dags/example_setup_teardown.py took 0.076 seconds
[2024-12-24T20:40:50.945+0000] {processor.py:186} INFO - Started process (PID=748) to work on /home/airflow/.local/lib/python3.10/site-packages/airflow/example_dags/example_setup_teardown.py
[2024-12-24T20:40:50.946+0000] {processor.py:914} INFO - Processing file /home/airflow/.local/lib/python3.10/site-packages/airflow/example_dags/example_setup_teardown.py for tasks to queue
[2024-12-24T20:40:50.949+0000] {logging_mixin.py:190} INFO - [2024-12-24T20:40:50.948+0000] {dagbag.py:588} INFO - Filling up the DagBag from /home/airflow/.local/lib/python3.10/site-packages/airflow/example_dags/example_setup_teardown.py
[2024-12-24T20:40:50.957+0000] {processor.py:925} INFO - DAG(s) 'example_setup_teardown' retrieved from /home/airflow/.local/lib/python3.10/site-packages/airflow/example_dags/example_setup_teardown.py
[2024-12-24T20:40:50.977+0000] {logging_mixin.py:190} INFO - [2024-12-24T20:40:50.977+0000] {dag.py:3239} INFO - Sync 1 DAGs
[2024-12-24T20:40:50.992+0000] {logging_mixin.py:190} INFO - [2024-12-24T20:40:50.991+0000] {dag.py:4180} INFO - Setting next_dagrun for example_setup_teardown to None, run_after=None
[2024-12-24T20:40:51.010+0000] {processor.py:208} INFO - Processing /home/airflow/.local/lib/python3.10/site-packages/airflow/example_dags/example_setup_teardown.py took 0.071 seconds
