[2024-12-24T20:01:26.758+0000] {processor.py:186} INFO - Started process (PID=80) to work on /home/airflow/.local/lib/python3.12/site-packages/airflow/example_dags/tutorial_dag.py
[2024-12-24T20:01:26.759+0000] {processor.py:914} INFO - Processing file /home/airflow/.local/lib/python3.12/site-packages/airflow/example_dags/tutorial_dag.py for tasks to queue
[2024-12-24T20:01:26.762+0000] {logging_mixin.py:190} INFO - [2024-12-24T20:01:26.762+0000] {dagbag.py:588} INFO - Filling up the DagBag from /home/airflow/.local/lib/python3.12/site-packages/airflow/example_dags/tutorial_dag.py
[2024-12-24T20:01:26.774+0000] {processor.py:925} INFO - DAG(s) 'tutorial_dag' retrieved from /home/airflow/.local/lib/python3.12/site-packages/airflow/example_dags/tutorial_dag.py
[2024-12-24T20:01:26.879+0000] {logging_mixin.py:190} INFO - [2024-12-24T20:01:26.878+0000] {override.py:1911} INFO - Created Permission View: can edit on DAG:tutorial_dag
[2024-12-24T20:01:26.889+0000] {logging_mixin.py:190} INFO - [2024-12-24T20:01:26.888+0000] {override.py:1911} INFO - Created Permission View: can read on DAG:tutorial_dag
[2024-12-24T20:01:26.895+0000] {logging_mixin.py:190} INFO - [2024-12-24T20:01:26.895+0000] {override.py:1911} INFO - Created Permission View: can delete on DAG:tutorial_dag
[2024-12-24T20:01:26.904+0000] {logging_mixin.py:190} INFO - [2024-12-24T20:01:26.904+0000] {override.py:1911} INFO - Created Permission View: menu access on DAG Run:tutorial_dag
[2024-12-24T20:01:26.912+0000] {logging_mixin.py:190} INFO - [2024-12-24T20:01:26.911+0000] {override.py:1911} INFO - Created Permission View: can read on DAG Run:tutorial_dag
[2024-12-24T20:01:26.919+0000] {logging_mixin.py:190} INFO - [2024-12-24T20:01:26.919+0000] {override.py:1911} INFO - Created Permission View: can delete on DAG Run:tutorial_dag
[2024-12-24T20:01:26.926+0000] {logging_mixin.py:190} INFO - [2024-12-24T20:01:26.925+0000] {override.py:1911} INFO - Created Permission View: can create on DAG Run:tutorial_dag
[2024-12-24T20:01:26.927+0000] {logging_mixin.py:190} INFO - [2024-12-24T20:01:26.927+0000] {dag.py:3239} INFO - Sync 1 DAGs
[2024-12-24T20:01:26.942+0000] {logging_mixin.py:190} INFO - [2024-12-24T20:01:26.942+0000] {dag.py:3262} INFO - Creating ORM DAG for tutorial_dag
[2024-12-24T20:01:26.944+0000] {logging_mixin.py:190} INFO - [2024-12-24T20:01:26.944+0000] {dag.py:4180} INFO - Setting next_dagrun for tutorial_dag to None, run_after=None
[2024-12-24T20:01:26.962+0000] {processor.py:208} INFO - Processing /home/airflow/.local/lib/python3.12/site-packages/airflow/example_dags/tutorial_dag.py took 0.211 seconds
[2024-12-24T20:01:57.298+0000] {processor.py:186} INFO - Started process (PID=142) to work on /home/airflow/.local/lib/python3.12/site-packages/airflow/example_dags/tutorial_dag.py
[2024-12-24T20:01:57.300+0000] {processor.py:914} INFO - Processing file /home/airflow/.local/lib/python3.12/site-packages/airflow/example_dags/tutorial_dag.py for tasks to queue
[2024-12-24T20:01:57.304+0000] {logging_mixin.py:190} INFO - [2024-12-24T20:01:57.304+0000] {dagbag.py:588} INFO - Filling up the DagBag from /home/airflow/.local/lib/python3.12/site-packages/airflow/example_dags/tutorial_dag.py
[2024-12-24T20:01:57.314+0000] {processor.py:925} INFO - DAG(s) 'tutorial_dag' retrieved from /home/airflow/.local/lib/python3.12/site-packages/airflow/example_dags/tutorial_dag.py
[2024-12-24T20:01:57.346+0000] {logging_mixin.py:190} INFO - [2024-12-24T20:01:57.345+0000] {dag.py:3239} INFO - Sync 1 DAGs
[2024-12-24T20:01:57.371+0000] {logging_mixin.py:190} INFO - [2024-12-24T20:01:57.371+0000] {dag.py:4180} INFO - Setting next_dagrun for tutorial_dag to None, run_after=None
[2024-12-24T20:01:57.401+0000] {processor.py:208} INFO - Processing /home/airflow/.local/lib/python3.12/site-packages/airflow/example_dags/tutorial_dag.py took 0.110 seconds
[2024-12-24T20:02:27.593+0000] {processor.py:186} INFO - Started process (PID=204) to work on /home/airflow/.local/lib/python3.12/site-packages/airflow/example_dags/tutorial_dag.py
[2024-12-24T20:02:27.595+0000] {processor.py:914} INFO - Processing file /home/airflow/.local/lib/python3.12/site-packages/airflow/example_dags/tutorial_dag.py for tasks to queue
[2024-12-24T20:02:27.600+0000] {logging_mixin.py:190} INFO - [2024-12-24T20:02:27.599+0000] {dagbag.py:588} INFO - Filling up the DagBag from /home/airflow/.local/lib/python3.12/site-packages/airflow/example_dags/tutorial_dag.py
[2024-12-24T20:02:27.610+0000] {processor.py:925} INFO - DAG(s) 'tutorial_dag' retrieved from /home/airflow/.local/lib/python3.12/site-packages/airflow/example_dags/tutorial_dag.py
[2024-12-24T20:02:27.637+0000] {logging_mixin.py:190} INFO - [2024-12-24T20:02:27.637+0000] {dag.py:3239} INFO - Sync 1 DAGs
[2024-12-24T20:02:27.660+0000] {logging_mixin.py:190} INFO - [2024-12-24T20:02:27.660+0000] {dag.py:4180} INFO - Setting next_dagrun for tutorial_dag to None, run_after=None
[2024-12-24T20:02:27.686+0000] {processor.py:208} INFO - Processing /home/airflow/.local/lib/python3.12/site-packages/airflow/example_dags/tutorial_dag.py took 0.102 seconds
[2024-12-24T20:02:57.760+0000] {processor.py:186} INFO - Started process (PID=267) to work on /home/airflow/.local/lib/python3.12/site-packages/airflow/example_dags/tutorial_dag.py
[2024-12-24T20:02:57.762+0000] {processor.py:914} INFO - Processing file /home/airflow/.local/lib/python3.12/site-packages/airflow/example_dags/tutorial_dag.py for tasks to queue
[2024-12-24T20:02:57.766+0000] {logging_mixin.py:190} INFO - [2024-12-24T20:02:57.765+0000] {dagbag.py:588} INFO - Filling up the DagBag from /home/airflow/.local/lib/python3.12/site-packages/airflow/example_dags/tutorial_dag.py
[2024-12-24T20:02:57.775+0000] {processor.py:925} INFO - DAG(s) 'tutorial_dag' retrieved from /home/airflow/.local/lib/python3.12/site-packages/airflow/example_dags/tutorial_dag.py
[2024-12-24T20:02:57.801+0000] {logging_mixin.py:190} INFO - [2024-12-24T20:02:57.800+0000] {dag.py:3239} INFO - Sync 1 DAGs
[2024-12-24T20:02:57.816+0000] {logging_mixin.py:190} INFO - [2024-12-24T20:02:57.816+0000] {dag.py:4180} INFO - Setting next_dagrun for tutorial_dag to None, run_after=None
[2024-12-24T20:02:57.839+0000] {processor.py:208} INFO - Processing /home/airflow/.local/lib/python3.12/site-packages/airflow/example_dags/tutorial_dag.py took 0.086 seconds
[2024-12-24T20:03:28.063+0000] {processor.py:186} INFO - Started process (PID=330) to work on /home/airflow/.local/lib/python3.12/site-packages/airflow/example_dags/tutorial_dag.py
[2024-12-24T20:03:28.065+0000] {processor.py:914} INFO - Processing file /home/airflow/.local/lib/python3.12/site-packages/airflow/example_dags/tutorial_dag.py for tasks to queue
[2024-12-24T20:03:28.069+0000] {logging_mixin.py:190} INFO - [2024-12-24T20:03:28.068+0000] {dagbag.py:588} INFO - Filling up the DagBag from /home/airflow/.local/lib/python3.12/site-packages/airflow/example_dags/tutorial_dag.py
[2024-12-24T20:03:28.078+0000] {processor.py:925} INFO - DAG(s) 'tutorial_dag' retrieved from /home/airflow/.local/lib/python3.12/site-packages/airflow/example_dags/tutorial_dag.py
[2024-12-24T20:03:28.109+0000] {logging_mixin.py:190} INFO - [2024-12-24T20:03:28.108+0000] {dag.py:3239} INFO - Sync 1 DAGs
[2024-12-24T20:03:28.127+0000] {logging_mixin.py:190} INFO - [2024-12-24T20:03:28.126+0000] {dag.py:4180} INFO - Setting next_dagrun for tutorial_dag to None, run_after=None
[2024-12-24T20:03:28.154+0000] {processor.py:208} INFO - Processing /home/airflow/.local/lib/python3.12/site-packages/airflow/example_dags/tutorial_dag.py took 0.098 seconds
[2024-12-24T20:03:58.565+0000] {processor.py:186} INFO - Started process (PID=393) to work on /home/airflow/.local/lib/python3.12/site-packages/airflow/example_dags/tutorial_dag.py
[2024-12-24T20:03:58.567+0000] {processor.py:914} INFO - Processing file /home/airflow/.local/lib/python3.12/site-packages/airflow/example_dags/tutorial_dag.py for tasks to queue
[2024-12-24T20:03:58.570+0000] {logging_mixin.py:190} INFO - [2024-12-24T20:03:58.570+0000] {dagbag.py:588} INFO - Filling up the DagBag from /home/airflow/.local/lib/python3.12/site-packages/airflow/example_dags/tutorial_dag.py
[2024-12-24T20:03:58.578+0000] {processor.py:925} INFO - DAG(s) 'tutorial_dag' retrieved from /home/airflow/.local/lib/python3.12/site-packages/airflow/example_dags/tutorial_dag.py
[2024-12-24T20:03:58.601+0000] {logging_mixin.py:190} INFO - [2024-12-24T20:03:58.601+0000] {dag.py:3239} INFO - Sync 1 DAGs
[2024-12-24T20:03:58.624+0000] {logging_mixin.py:190} INFO - [2024-12-24T20:03:58.623+0000] {dag.py:4180} INFO - Setting next_dagrun for tutorial_dag to None, run_after=None
[2024-12-24T20:03:58.659+0000] {processor.py:208} INFO - Processing /home/airflow/.local/lib/python3.12/site-packages/airflow/example_dags/tutorial_dag.py took 0.101 seconds
[2024-12-24T20:04:28.961+0000] {processor.py:186} INFO - Started process (PID=456) to work on /home/airflow/.local/lib/python3.12/site-packages/airflow/example_dags/tutorial_dag.py
[2024-12-24T20:04:28.962+0000] {processor.py:914} INFO - Processing file /home/airflow/.local/lib/python3.12/site-packages/airflow/example_dags/tutorial_dag.py for tasks to queue
[2024-12-24T20:04:28.965+0000] {logging_mixin.py:190} INFO - [2024-12-24T20:04:28.964+0000] {dagbag.py:588} INFO - Filling up the DagBag from /home/airflow/.local/lib/python3.12/site-packages/airflow/example_dags/tutorial_dag.py
[2024-12-24T20:04:28.971+0000] {processor.py:925} INFO - DAG(s) 'tutorial_dag' retrieved from /home/airflow/.local/lib/python3.12/site-packages/airflow/example_dags/tutorial_dag.py
[2024-12-24T20:04:28.991+0000] {logging_mixin.py:190} INFO - [2024-12-24T20:04:28.990+0000] {dag.py:3239} INFO - Sync 1 DAGs
[2024-12-24T20:04:29.003+0000] {logging_mixin.py:190} INFO - [2024-12-24T20:04:29.003+0000] {dag.py:4180} INFO - Setting next_dagrun for tutorial_dag to None, run_after=None
[2024-12-24T20:04:29.020+0000] {processor.py:208} INFO - Processing /home/airflow/.local/lib/python3.12/site-packages/airflow/example_dags/tutorial_dag.py took 0.065 seconds
[2024-12-24T20:04:59.667+0000] {processor.py:186} INFO - Started process (PID=519) to work on /home/airflow/.local/lib/python3.12/site-packages/airflow/example_dags/tutorial_dag.py
[2024-12-24T20:04:59.668+0000] {processor.py:914} INFO - Processing file /home/airflow/.local/lib/python3.12/site-packages/airflow/example_dags/tutorial_dag.py for tasks to queue
[2024-12-24T20:04:59.671+0000] {logging_mixin.py:190} INFO - [2024-12-24T20:04:59.671+0000] {dagbag.py:588} INFO - Filling up the DagBag from /home/airflow/.local/lib/python3.12/site-packages/airflow/example_dags/tutorial_dag.py
[2024-12-24T20:04:59.678+0000] {processor.py:925} INFO - DAG(s) 'tutorial_dag' retrieved from /home/airflow/.local/lib/python3.12/site-packages/airflow/example_dags/tutorial_dag.py
[2024-12-24T20:04:59.694+0000] {logging_mixin.py:190} INFO - [2024-12-24T20:04:59.694+0000] {dag.py:3239} INFO - Sync 1 DAGs
[2024-12-24T20:04:59.706+0000] {logging_mixin.py:190} INFO - [2024-12-24T20:04:59.706+0000] {dag.py:4180} INFO - Setting next_dagrun for tutorial_dag to None, run_after=None
[2024-12-24T20:04:59.724+0000] {processor.py:208} INFO - Processing /home/airflow/.local/lib/python3.12/site-packages/airflow/example_dags/tutorial_dag.py took 0.062 seconds
[2024-12-24T20:05:29.961+0000] {processor.py:186} INFO - Started process (PID=582) to work on /home/airflow/.local/lib/python3.12/site-packages/airflow/example_dags/tutorial_dag.py
[2024-12-24T20:05:29.962+0000] {processor.py:914} INFO - Processing file /home/airflow/.local/lib/python3.12/site-packages/airflow/example_dags/tutorial_dag.py for tasks to queue
[2024-12-24T20:05:29.965+0000] {logging_mixin.py:190} INFO - [2024-12-24T20:05:29.965+0000] {dagbag.py:588} INFO - Filling up the DagBag from /home/airflow/.local/lib/python3.12/site-packages/airflow/example_dags/tutorial_dag.py
[2024-12-24T20:05:29.974+0000] {processor.py:925} INFO - DAG(s) 'tutorial_dag' retrieved from /home/airflow/.local/lib/python3.12/site-packages/airflow/example_dags/tutorial_dag.py
[2024-12-24T20:05:29.995+0000] {logging_mixin.py:190} INFO - [2024-12-24T20:05:29.995+0000] {dag.py:3239} INFO - Sync 1 DAGs
[2024-12-24T20:05:30.012+0000] {logging_mixin.py:190} INFO - [2024-12-24T20:05:30.012+0000] {dag.py:4180} INFO - Setting next_dagrun for tutorial_dag to None, run_after=None
[2024-12-24T20:05:30.036+0000] {processor.py:208} INFO - Processing /home/airflow/.local/lib/python3.12/site-packages/airflow/example_dags/tutorial_dag.py took 0.079 seconds
[2024-12-24T20:06:00.372+0000] {processor.py:186} INFO - Started process (PID=646) to work on /home/airflow/.local/lib/python3.12/site-packages/airflow/example_dags/tutorial_dag.py
[2024-12-24T20:06:00.374+0000] {processor.py:914} INFO - Processing file /home/airflow/.local/lib/python3.12/site-packages/airflow/example_dags/tutorial_dag.py for tasks to queue
[2024-12-24T20:06:00.376+0000] {logging_mixin.py:190} INFO - [2024-12-24T20:06:00.376+0000] {dagbag.py:588} INFO - Filling up the DagBag from /home/airflow/.local/lib/python3.12/site-packages/airflow/example_dags/tutorial_dag.py
[2024-12-24T20:06:00.383+0000] {processor.py:925} INFO - DAG(s) 'tutorial_dag' retrieved from /home/airflow/.local/lib/python3.12/site-packages/airflow/example_dags/tutorial_dag.py
[2024-12-24T20:06:00.403+0000] {logging_mixin.py:190} INFO - [2024-12-24T20:06:00.402+0000] {dag.py:3239} INFO - Sync 1 DAGs
[2024-12-24T20:06:00.415+0000] {logging_mixin.py:190} INFO - [2024-12-24T20:06:00.415+0000] {dag.py:4180} INFO - Setting next_dagrun for tutorial_dag to None, run_after=None
[2024-12-24T20:06:00.434+0000] {processor.py:208} INFO - Processing /home/airflow/.local/lib/python3.12/site-packages/airflow/example_dags/tutorial_dag.py took 0.066 seconds
[2024-12-24T20:06:30.552+0000] {processor.py:186} INFO - Started process (PID=709) to work on /home/airflow/.local/lib/python3.12/site-packages/airflow/example_dags/tutorial_dag.py
[2024-12-24T20:06:30.554+0000] {processor.py:914} INFO - Processing file /home/airflow/.local/lib/python3.12/site-packages/airflow/example_dags/tutorial_dag.py for tasks to queue
[2024-12-24T20:06:30.556+0000] {logging_mixin.py:190} INFO - [2024-12-24T20:06:30.556+0000] {dagbag.py:588} INFO - Filling up the DagBag from /home/airflow/.local/lib/python3.12/site-packages/airflow/example_dags/tutorial_dag.py
[2024-12-24T20:06:30.564+0000] {processor.py:925} INFO - DAG(s) 'tutorial_dag' retrieved from /home/airflow/.local/lib/python3.12/site-packages/airflow/example_dags/tutorial_dag.py
[2024-12-24T20:06:30.585+0000] {logging_mixin.py:190} INFO - [2024-12-24T20:06:30.584+0000] {dag.py:3239} INFO - Sync 1 DAGs
[2024-12-24T20:06:30.598+0000] {logging_mixin.py:190} INFO - [2024-12-24T20:06:30.598+0000] {dag.py:4180} INFO - Setting next_dagrun for tutorial_dag to None, run_after=None
[2024-12-24T20:06:30.618+0000] {processor.py:208} INFO - Processing /home/airflow/.local/lib/python3.12/site-packages/airflow/example_dags/tutorial_dag.py took 0.072 seconds
[2024-12-24T20:07:00.971+0000] {processor.py:186} INFO - Started process (PID=772) to work on /home/airflow/.local/lib/python3.12/site-packages/airflow/example_dags/tutorial_dag.py
[2024-12-24T20:07:00.972+0000] {processor.py:914} INFO - Processing file /home/airflow/.local/lib/python3.12/site-packages/airflow/example_dags/tutorial_dag.py for tasks to queue
[2024-12-24T20:07:00.975+0000] {logging_mixin.py:190} INFO - [2024-12-24T20:07:00.975+0000] {dagbag.py:588} INFO - Filling up the DagBag from /home/airflow/.local/lib/python3.12/site-packages/airflow/example_dags/tutorial_dag.py
[2024-12-24T20:07:00.982+0000] {processor.py:925} INFO - DAG(s) 'tutorial_dag' retrieved from /home/airflow/.local/lib/python3.12/site-packages/airflow/example_dags/tutorial_dag.py
[2024-12-24T20:07:00.999+0000] {logging_mixin.py:190} INFO - [2024-12-24T20:07:00.998+0000] {dag.py:3239} INFO - Sync 1 DAGs
[2024-12-24T20:07:01.011+0000] {logging_mixin.py:190} INFO - [2024-12-24T20:07:01.011+0000] {dag.py:4180} INFO - Setting next_dagrun for tutorial_dag to None, run_after=None
[2024-12-24T20:07:01.029+0000] {processor.py:208} INFO - Processing /home/airflow/.local/lib/python3.12/site-packages/airflow/example_dags/tutorial_dag.py took 0.063 seconds
[2024-12-24T20:07:31.824+0000] {processor.py:186} INFO - Started process (PID=835) to work on /home/airflow/.local/lib/python3.12/site-packages/airflow/example_dags/tutorial_dag.py
[2024-12-24T20:07:31.825+0000] {processor.py:914} INFO - Processing file /home/airflow/.local/lib/python3.12/site-packages/airflow/example_dags/tutorial_dag.py for tasks to queue
[2024-12-24T20:07:31.827+0000] {logging_mixin.py:190} INFO - [2024-12-24T20:07:31.827+0000] {dagbag.py:588} INFO - Filling up the DagBag from /home/airflow/.local/lib/python3.12/site-packages/airflow/example_dags/tutorial_dag.py
[2024-12-24T20:07:31.834+0000] {processor.py:925} INFO - DAG(s) 'tutorial_dag' retrieved from /home/airflow/.local/lib/python3.12/site-packages/airflow/example_dags/tutorial_dag.py
[2024-12-24T20:07:31.850+0000] {logging_mixin.py:190} INFO - [2024-12-24T20:07:31.850+0000] {dag.py:3239} INFO - Sync 1 DAGs
[2024-12-24T20:07:31.861+0000] {logging_mixin.py:190} INFO - [2024-12-24T20:07:31.861+0000] {dag.py:4180} INFO - Setting next_dagrun for tutorial_dag to None, run_after=None
[2024-12-24T20:07:31.880+0000] {processor.py:208} INFO - Processing /home/airflow/.local/lib/python3.12/site-packages/airflow/example_dags/tutorial_dag.py took 0.061 seconds
[2024-12-24T20:08:02.393+0000] {processor.py:186} INFO - Started process (PID=898) to work on /home/airflow/.local/lib/python3.12/site-packages/airflow/example_dags/tutorial_dag.py
[2024-12-24T20:08:02.394+0000] {processor.py:914} INFO - Processing file /home/airflow/.local/lib/python3.12/site-packages/airflow/example_dags/tutorial_dag.py for tasks to queue
[2024-12-24T20:08:02.397+0000] {logging_mixin.py:190} INFO - [2024-12-24T20:08:02.397+0000] {dagbag.py:588} INFO - Filling up the DagBag from /home/airflow/.local/lib/python3.12/site-packages/airflow/example_dags/tutorial_dag.py
[2024-12-24T20:08:02.405+0000] {processor.py:925} INFO - DAG(s) 'tutorial_dag' retrieved from /home/airflow/.local/lib/python3.12/site-packages/airflow/example_dags/tutorial_dag.py
[2024-12-24T20:08:02.425+0000] {logging_mixin.py:190} INFO - [2024-12-24T20:08:02.424+0000] {dag.py:3239} INFO - Sync 1 DAGs
[2024-12-24T20:08:02.438+0000] {logging_mixin.py:190} INFO - [2024-12-24T20:08:02.438+0000] {dag.py:4180} INFO - Setting next_dagrun for tutorial_dag to None, run_after=None
[2024-12-24T20:08:02.455+0000] {processor.py:208} INFO - Processing /home/airflow/.local/lib/python3.12/site-packages/airflow/example_dags/tutorial_dag.py took 0.068 seconds
[2024-12-24T20:08:33.080+0000] {processor.py:186} INFO - Started process (PID=961) to work on /home/airflow/.local/lib/python3.12/site-packages/airflow/example_dags/tutorial_dag.py
[2024-12-24T20:08:33.081+0000] {processor.py:914} INFO - Processing file /home/airflow/.local/lib/python3.12/site-packages/airflow/example_dags/tutorial_dag.py for tasks to queue
[2024-12-24T20:08:33.084+0000] {logging_mixin.py:190} INFO - [2024-12-24T20:08:33.084+0000] {dagbag.py:588} INFO - Filling up the DagBag from /home/airflow/.local/lib/python3.12/site-packages/airflow/example_dags/tutorial_dag.py
[2024-12-24T20:08:33.092+0000] {processor.py:925} INFO - DAG(s) 'tutorial_dag' retrieved from /home/airflow/.local/lib/python3.12/site-packages/airflow/example_dags/tutorial_dag.py
[2024-12-24T20:08:33.114+0000] {logging_mixin.py:190} INFO - [2024-12-24T20:08:33.114+0000] {dag.py:3239} INFO - Sync 1 DAGs
[2024-12-24T20:08:33.129+0000] {logging_mixin.py:190} INFO - [2024-12-24T20:08:33.129+0000] {dag.py:4180} INFO - Setting next_dagrun for tutorial_dag to None, run_after=None
[2024-12-24T20:08:33.151+0000] {processor.py:208} INFO - Processing /home/airflow/.local/lib/python3.12/site-packages/airflow/example_dags/tutorial_dag.py took 0.077 seconds
[2024-12-24T20:09:03.854+0000] {processor.py:186} INFO - Started process (PID=1024) to work on /home/airflow/.local/lib/python3.12/site-packages/airflow/example_dags/tutorial_dag.py
[2024-12-24T20:09:03.855+0000] {processor.py:914} INFO - Processing file /home/airflow/.local/lib/python3.12/site-packages/airflow/example_dags/tutorial_dag.py for tasks to queue
[2024-12-24T20:09:03.857+0000] {logging_mixin.py:190} INFO - [2024-12-24T20:09:03.857+0000] {dagbag.py:588} INFO - Filling up the DagBag from /home/airflow/.local/lib/python3.12/site-packages/airflow/example_dags/tutorial_dag.py
[2024-12-24T20:09:03.864+0000] {processor.py:925} INFO - DAG(s) 'tutorial_dag' retrieved from /home/airflow/.local/lib/python3.12/site-packages/airflow/example_dags/tutorial_dag.py
[2024-12-24T20:09:03.881+0000] {logging_mixin.py:190} INFO - [2024-12-24T20:09:03.881+0000] {dag.py:3239} INFO - Sync 1 DAGs
[2024-12-24T20:09:03.892+0000] {logging_mixin.py:190} INFO - [2024-12-24T20:09:03.892+0000] {dag.py:4180} INFO - Setting next_dagrun for tutorial_dag to None, run_after=None
[2024-12-24T20:09:03.909+0000] {processor.py:208} INFO - Processing /home/airflow/.local/lib/python3.12/site-packages/airflow/example_dags/tutorial_dag.py took 0.061 seconds
[2024-12-24T20:09:34.822+0000] {processor.py:186} INFO - Started process (PID=1087) to work on /home/airflow/.local/lib/python3.12/site-packages/airflow/example_dags/tutorial_dag.py
[2024-12-24T20:09:34.824+0000] {processor.py:914} INFO - Processing file /home/airflow/.local/lib/python3.12/site-packages/airflow/example_dags/tutorial_dag.py for tasks to queue
[2024-12-24T20:09:34.826+0000] {logging_mixin.py:190} INFO - [2024-12-24T20:09:34.826+0000] {dagbag.py:588} INFO - Filling up the DagBag from /home/airflow/.local/lib/python3.12/site-packages/airflow/example_dags/tutorial_dag.py
[2024-12-24T20:09:34.834+0000] {processor.py:925} INFO - DAG(s) 'tutorial_dag' retrieved from /home/airflow/.local/lib/python3.12/site-packages/airflow/example_dags/tutorial_dag.py
[2024-12-24T20:09:34.853+0000] {logging_mixin.py:190} INFO - [2024-12-24T20:09:34.853+0000] {dag.py:3239} INFO - Sync 1 DAGs
[2024-12-24T20:09:34.868+0000] {logging_mixin.py:190} INFO - [2024-12-24T20:09:34.868+0000] {dag.py:4180} INFO - Setting next_dagrun for tutorial_dag to None, run_after=None
[2024-12-24T20:09:34.887+0000] {processor.py:208} INFO - Processing /home/airflow/.local/lib/python3.12/site-packages/airflow/example_dags/tutorial_dag.py took 0.070 seconds
[2024-12-24T20:10:05.654+0000] {processor.py:186} INFO - Started process (PID=1150) to work on /home/airflow/.local/lib/python3.12/site-packages/airflow/example_dags/tutorial_dag.py
[2024-12-24T20:10:05.655+0000] {processor.py:914} INFO - Processing file /home/airflow/.local/lib/python3.12/site-packages/airflow/example_dags/tutorial_dag.py for tasks to queue
[2024-12-24T20:10:05.657+0000] {logging_mixin.py:190} INFO - [2024-12-24T20:10:05.657+0000] {dagbag.py:588} INFO - Filling up the DagBag from /home/airflow/.local/lib/python3.12/site-packages/airflow/example_dags/tutorial_dag.py
[2024-12-24T20:10:05.664+0000] {processor.py:925} INFO - DAG(s) 'tutorial_dag' retrieved from /home/airflow/.local/lib/python3.12/site-packages/airflow/example_dags/tutorial_dag.py
[2024-12-24T20:10:05.681+0000] {logging_mixin.py:190} INFO - [2024-12-24T20:10:05.680+0000] {dag.py:3239} INFO - Sync 1 DAGs
[2024-12-24T20:10:05.692+0000] {logging_mixin.py:190} INFO - [2024-12-24T20:10:05.692+0000] {dag.py:4180} INFO - Setting next_dagrun for tutorial_dag to None, run_after=None
[2024-12-24T20:10:05.708+0000] {processor.py:208} INFO - Processing /home/airflow/.local/lib/python3.12/site-packages/airflow/example_dags/tutorial_dag.py took 0.060 seconds
[2024-12-24T20:10:36.302+0000] {processor.py:186} INFO - Started process (PID=1213) to work on /home/airflow/.local/lib/python3.12/site-packages/airflow/example_dags/tutorial_dag.py
[2024-12-24T20:10:36.303+0000] {processor.py:914} INFO - Processing file /home/airflow/.local/lib/python3.12/site-packages/airflow/example_dags/tutorial_dag.py for tasks to queue
[2024-12-24T20:10:36.305+0000] {logging_mixin.py:190} INFO - [2024-12-24T20:10:36.305+0000] {dagbag.py:588} INFO - Filling up the DagBag from /home/airflow/.local/lib/python3.12/site-packages/airflow/example_dags/tutorial_dag.py
[2024-12-24T20:10:36.311+0000] {processor.py:925} INFO - DAG(s) 'tutorial_dag' retrieved from /home/airflow/.local/lib/python3.12/site-packages/airflow/example_dags/tutorial_dag.py
[2024-12-24T20:10:36.327+0000] {logging_mixin.py:190} INFO - [2024-12-24T20:10:36.327+0000] {dag.py:3239} INFO - Sync 1 DAGs
[2024-12-24T20:10:36.339+0000] {logging_mixin.py:190} INFO - [2024-12-24T20:10:36.338+0000] {dag.py:4180} INFO - Setting next_dagrun for tutorial_dag to None, run_after=None
[2024-12-24T20:10:36.353+0000] {processor.py:208} INFO - Processing /home/airflow/.local/lib/python3.12/site-packages/airflow/example_dags/tutorial_dag.py took 0.056 seconds
[2024-12-24T20:11:06.508+0000] {processor.py:186} INFO - Started process (PID=1276) to work on /home/airflow/.local/lib/python3.12/site-packages/airflow/example_dags/tutorial_dag.py
[2024-12-24T20:11:06.509+0000] {processor.py:914} INFO - Processing file /home/airflow/.local/lib/python3.12/site-packages/airflow/example_dags/tutorial_dag.py for tasks to queue
[2024-12-24T20:11:06.512+0000] {logging_mixin.py:190} INFO - [2024-12-24T20:11:06.511+0000] {dagbag.py:588} INFO - Filling up the DagBag from /home/airflow/.local/lib/python3.12/site-packages/airflow/example_dags/tutorial_dag.py
[2024-12-24T20:11:06.519+0000] {processor.py:925} INFO - DAG(s) 'tutorial_dag' retrieved from /home/airflow/.local/lib/python3.12/site-packages/airflow/example_dags/tutorial_dag.py
[2024-12-24T20:11:06.537+0000] {logging_mixin.py:190} INFO - [2024-12-24T20:11:06.537+0000] {dag.py:3239} INFO - Sync 1 DAGs
[2024-12-24T20:11:06.549+0000] {logging_mixin.py:190} INFO - [2024-12-24T20:11:06.549+0000] {dag.py:4180} INFO - Setting next_dagrun for tutorial_dag to None, run_after=None
[2024-12-24T20:11:06.566+0000] {processor.py:208} INFO - Processing /home/airflow/.local/lib/python3.12/site-packages/airflow/example_dags/tutorial_dag.py took 0.063 seconds
[2024-12-24T20:11:36.663+0000] {processor.py:186} INFO - Started process (PID=1340) to work on /home/airflow/.local/lib/python3.12/site-packages/airflow/example_dags/tutorial_dag.py
[2024-12-24T20:11:36.664+0000] {processor.py:914} INFO - Processing file /home/airflow/.local/lib/python3.12/site-packages/airflow/example_dags/tutorial_dag.py for tasks to queue
[2024-12-24T20:11:36.666+0000] {logging_mixin.py:190} INFO - [2024-12-24T20:11:36.665+0000] {dagbag.py:588} INFO - Filling up the DagBag from /home/airflow/.local/lib/python3.12/site-packages/airflow/example_dags/tutorial_dag.py
[2024-12-24T20:11:36.673+0000] {processor.py:925} INFO - DAG(s) 'tutorial_dag' retrieved from /home/airflow/.local/lib/python3.12/site-packages/airflow/example_dags/tutorial_dag.py
[2024-12-24T20:11:36.694+0000] {logging_mixin.py:190} INFO - [2024-12-24T20:11:36.693+0000] {dag.py:3239} INFO - Sync 1 DAGs
[2024-12-24T20:11:36.707+0000] {logging_mixin.py:190} INFO - [2024-12-24T20:11:36.707+0000] {dag.py:4180} INFO - Setting next_dagrun for tutorial_dag to None, run_after=None
[2024-12-24T20:11:36.729+0000] {processor.py:208} INFO - Processing /home/airflow/.local/lib/python3.12/site-packages/airflow/example_dags/tutorial_dag.py took 0.072 seconds
[2024-12-24T20:12:07.210+0000] {processor.py:186} INFO - Started process (PID=1404) to work on /home/airflow/.local/lib/python3.12/site-packages/airflow/example_dags/tutorial_dag.py
[2024-12-24T20:12:07.211+0000] {processor.py:914} INFO - Processing file /home/airflow/.local/lib/python3.12/site-packages/airflow/example_dags/tutorial_dag.py for tasks to queue
[2024-12-24T20:12:07.212+0000] {logging_mixin.py:190} INFO - [2024-12-24T20:12:07.212+0000] {dagbag.py:588} INFO - Filling up the DagBag from /home/airflow/.local/lib/python3.12/site-packages/airflow/example_dags/tutorial_dag.py
[2024-12-24T20:12:07.219+0000] {processor.py:925} INFO - DAG(s) 'tutorial_dag' retrieved from /home/airflow/.local/lib/python3.12/site-packages/airflow/example_dags/tutorial_dag.py
[2024-12-24T20:12:07.236+0000] {logging_mixin.py:190} INFO - [2024-12-24T20:12:07.236+0000] {dag.py:3239} INFO - Sync 1 DAGs
[2024-12-24T20:12:07.248+0000] {logging_mixin.py:190} INFO - [2024-12-24T20:12:07.248+0000] {dag.py:4180} INFO - Setting next_dagrun for tutorial_dag to None, run_after=None
[2024-12-24T20:12:07.265+0000] {processor.py:208} INFO - Processing /home/airflow/.local/lib/python3.12/site-packages/airflow/example_dags/tutorial_dag.py took 0.061 seconds
[2024-12-24T20:12:37.626+0000] {processor.py:186} INFO - Started process (PID=1468) to work on /home/airflow/.local/lib/python3.12/site-packages/airflow/example_dags/tutorial_dag.py
[2024-12-24T20:12:37.627+0000] {processor.py:914} INFO - Processing file /home/airflow/.local/lib/python3.12/site-packages/airflow/example_dags/tutorial_dag.py for tasks to queue
[2024-12-24T20:12:37.629+0000] {logging_mixin.py:190} INFO - [2024-12-24T20:12:37.628+0000] {dagbag.py:588} INFO - Filling up the DagBag from /home/airflow/.local/lib/python3.12/site-packages/airflow/example_dags/tutorial_dag.py
[2024-12-24T20:12:37.636+0000] {processor.py:925} INFO - DAG(s) 'tutorial_dag' retrieved from /home/airflow/.local/lib/python3.12/site-packages/airflow/example_dags/tutorial_dag.py
[2024-12-24T20:12:37.653+0000] {logging_mixin.py:190} INFO - [2024-12-24T20:12:37.653+0000] {dag.py:3239} INFO - Sync 1 DAGs
[2024-12-24T20:12:37.667+0000] {logging_mixin.py:190} INFO - [2024-12-24T20:12:37.667+0000] {dag.py:4180} INFO - Setting next_dagrun for tutorial_dag to None, run_after=None
[2024-12-24T20:12:37.684+0000] {processor.py:208} INFO - Processing /home/airflow/.local/lib/python3.12/site-packages/airflow/example_dags/tutorial_dag.py took 0.064 seconds
[2024-12-24T20:13:08.090+0000] {processor.py:186} INFO - Started process (PID=1532) to work on /home/airflow/.local/lib/python3.12/site-packages/airflow/example_dags/tutorial_dag.py
[2024-12-24T20:13:08.091+0000] {processor.py:914} INFO - Processing file /home/airflow/.local/lib/python3.12/site-packages/airflow/example_dags/tutorial_dag.py for tasks to queue
[2024-12-24T20:13:08.093+0000] {logging_mixin.py:190} INFO - [2024-12-24T20:13:08.092+0000] {dagbag.py:588} INFO - Filling up the DagBag from /home/airflow/.local/lib/python3.12/site-packages/airflow/example_dags/tutorial_dag.py
[2024-12-24T20:13:08.100+0000] {processor.py:925} INFO - DAG(s) 'tutorial_dag' retrieved from /home/airflow/.local/lib/python3.12/site-packages/airflow/example_dags/tutorial_dag.py
[2024-12-24T20:13:08.118+0000] {logging_mixin.py:190} INFO - [2024-12-24T20:13:08.118+0000] {dag.py:3239} INFO - Sync 1 DAGs
[2024-12-24T20:13:08.132+0000] {logging_mixin.py:190} INFO - [2024-12-24T20:13:08.131+0000] {dag.py:4180} INFO - Setting next_dagrun for tutorial_dag to None, run_after=None
[2024-12-24T20:13:08.148+0000] {processor.py:208} INFO - Processing /home/airflow/.local/lib/python3.12/site-packages/airflow/example_dags/tutorial_dag.py took 0.063 seconds
[2024-12-24T20:13:38.379+0000] {processor.py:186} INFO - Started process (PID=1596) to work on /home/airflow/.local/lib/python3.12/site-packages/airflow/example_dags/tutorial_dag.py
[2024-12-24T20:13:38.380+0000] {processor.py:914} INFO - Processing file /home/airflow/.local/lib/python3.12/site-packages/airflow/example_dags/tutorial_dag.py for tasks to queue
[2024-12-24T20:13:38.381+0000] {logging_mixin.py:190} INFO - [2024-12-24T20:13:38.381+0000] {dagbag.py:588} INFO - Filling up the DagBag from /home/airflow/.local/lib/python3.12/site-packages/airflow/example_dags/tutorial_dag.py
[2024-12-24T20:13:38.388+0000] {processor.py:925} INFO - DAG(s) 'tutorial_dag' retrieved from /home/airflow/.local/lib/python3.12/site-packages/airflow/example_dags/tutorial_dag.py
[2024-12-24T20:13:38.404+0000] {logging_mixin.py:190} INFO - [2024-12-24T20:13:38.404+0000] {dag.py:3239} INFO - Sync 1 DAGs
[2024-12-24T20:13:38.416+0000] {logging_mixin.py:190} INFO - [2024-12-24T20:13:38.416+0000] {dag.py:4180} INFO - Setting next_dagrun for tutorial_dag to None, run_after=None
[2024-12-24T20:13:38.430+0000] {processor.py:208} INFO - Processing /home/airflow/.local/lib/python3.12/site-packages/airflow/example_dags/tutorial_dag.py took 0.057 seconds
[2024-12-24T20:14:08.649+0000] {processor.py:186} INFO - Started process (PID=1660) to work on /home/airflow/.local/lib/python3.12/site-packages/airflow/example_dags/tutorial_dag.py
[2024-12-24T20:14:08.650+0000] {processor.py:914} INFO - Processing file /home/airflow/.local/lib/python3.12/site-packages/airflow/example_dags/tutorial_dag.py for tasks to queue
[2024-12-24T20:14:08.651+0000] {logging_mixin.py:190} INFO - [2024-12-24T20:14:08.651+0000] {dagbag.py:588} INFO - Filling up the DagBag from /home/airflow/.local/lib/python3.12/site-packages/airflow/example_dags/tutorial_dag.py
[2024-12-24T20:14:08.658+0000] {processor.py:925} INFO - DAG(s) 'tutorial_dag' retrieved from /home/airflow/.local/lib/python3.12/site-packages/airflow/example_dags/tutorial_dag.py
[2024-12-24T20:14:08.673+0000] {logging_mixin.py:190} INFO - [2024-12-24T20:14:08.673+0000] {dag.py:3239} INFO - Sync 1 DAGs
[2024-12-24T20:14:08.686+0000] {logging_mixin.py:190} INFO - [2024-12-24T20:14:08.686+0000] {dag.py:4180} INFO - Setting next_dagrun for tutorial_dag to None, run_after=None
[2024-12-24T20:14:08.702+0000] {processor.py:208} INFO - Processing /home/airflow/.local/lib/python3.12/site-packages/airflow/example_dags/tutorial_dag.py took 0.058 seconds
[2024-12-24T20:14:38.879+0000] {processor.py:186} INFO - Started process (PID=1724) to work on /home/airflow/.local/lib/python3.12/site-packages/airflow/example_dags/tutorial_dag.py
[2024-12-24T20:14:38.880+0000] {processor.py:914} INFO - Processing file /home/airflow/.local/lib/python3.12/site-packages/airflow/example_dags/tutorial_dag.py for tasks to queue
[2024-12-24T20:14:38.882+0000] {logging_mixin.py:190} INFO - [2024-12-24T20:14:38.881+0000] {dagbag.py:588} INFO - Filling up the DagBag from /home/airflow/.local/lib/python3.12/site-packages/airflow/example_dags/tutorial_dag.py
[2024-12-24T20:14:38.889+0000] {processor.py:925} INFO - DAG(s) 'tutorial_dag' retrieved from /home/airflow/.local/lib/python3.12/site-packages/airflow/example_dags/tutorial_dag.py
[2024-12-24T20:14:38.904+0000] {logging_mixin.py:190} INFO - [2024-12-24T20:14:38.904+0000] {dag.py:3239} INFO - Sync 1 DAGs
[2024-12-24T20:14:38.916+0000] {logging_mixin.py:190} INFO - [2024-12-24T20:14:38.916+0000] {dag.py:4180} INFO - Setting next_dagrun for tutorial_dag to None, run_after=None
[2024-12-24T20:14:38.931+0000] {processor.py:208} INFO - Processing /home/airflow/.local/lib/python3.12/site-packages/airflow/example_dags/tutorial_dag.py took 0.057 seconds
[2024-12-24T20:15:09.537+0000] {processor.py:186} INFO - Started process (PID=1788) to work on /home/airflow/.local/lib/python3.12/site-packages/airflow/example_dags/tutorial_dag.py
[2024-12-24T20:15:09.538+0000] {processor.py:914} INFO - Processing file /home/airflow/.local/lib/python3.12/site-packages/airflow/example_dags/tutorial_dag.py for tasks to queue
[2024-12-24T20:15:09.540+0000] {logging_mixin.py:190} INFO - [2024-12-24T20:15:09.539+0000] {dagbag.py:588} INFO - Filling up the DagBag from /home/airflow/.local/lib/python3.12/site-packages/airflow/example_dags/tutorial_dag.py
[2024-12-24T20:15:09.547+0000] {processor.py:925} INFO - DAG(s) 'tutorial_dag' retrieved from /home/airflow/.local/lib/python3.12/site-packages/airflow/example_dags/tutorial_dag.py
[2024-12-24T20:15:09.565+0000] {logging_mixin.py:190} INFO - [2024-12-24T20:15:09.564+0000] {dag.py:3239} INFO - Sync 1 DAGs
[2024-12-24T20:15:09.578+0000] {logging_mixin.py:190} INFO - [2024-12-24T20:15:09.578+0000] {dag.py:4180} INFO - Setting next_dagrun for tutorial_dag to None, run_after=None
[2024-12-24T20:15:09.595+0000] {processor.py:208} INFO - Processing /home/airflow/.local/lib/python3.12/site-packages/airflow/example_dags/tutorial_dag.py took 0.064 seconds
[2024-12-24T20:15:39.826+0000] {processor.py:186} INFO - Started process (PID=1852) to work on /home/airflow/.local/lib/python3.12/site-packages/airflow/example_dags/tutorial_dag.py
[2024-12-24T20:15:39.828+0000] {processor.py:914} INFO - Processing file /home/airflow/.local/lib/python3.12/site-packages/airflow/example_dags/tutorial_dag.py for tasks to queue
[2024-12-24T20:15:39.829+0000] {logging_mixin.py:190} INFO - [2024-12-24T20:15:39.829+0000] {dagbag.py:588} INFO - Filling up the DagBag from /home/airflow/.local/lib/python3.12/site-packages/airflow/example_dags/tutorial_dag.py
[2024-12-24T20:15:39.836+0000] {processor.py:925} INFO - DAG(s) 'tutorial_dag' retrieved from /home/airflow/.local/lib/python3.12/site-packages/airflow/example_dags/tutorial_dag.py
[2024-12-24T20:15:39.853+0000] {logging_mixin.py:190} INFO - [2024-12-24T20:15:39.853+0000] {dag.py:3239} INFO - Sync 1 DAGs
[2024-12-24T20:15:39.865+0000] {logging_mixin.py:190} INFO - [2024-12-24T20:15:39.865+0000] {dag.py:4180} INFO - Setting next_dagrun for tutorial_dag to None, run_after=None
[2024-12-24T20:15:39.882+0000] {processor.py:208} INFO - Processing /home/airflow/.local/lib/python3.12/site-packages/airflow/example_dags/tutorial_dag.py took 0.061 seconds
[2024-12-24T20:16:10.446+0000] {processor.py:186} INFO - Started process (PID=1916) to work on /home/airflow/.local/lib/python3.12/site-packages/airflow/example_dags/tutorial_dag.py
[2024-12-24T20:16:10.447+0000] {processor.py:914} INFO - Processing file /home/airflow/.local/lib/python3.12/site-packages/airflow/example_dags/tutorial_dag.py for tasks to queue
[2024-12-24T20:16:10.448+0000] {logging_mixin.py:190} INFO - [2024-12-24T20:16:10.448+0000] {dagbag.py:588} INFO - Filling up the DagBag from /home/airflow/.local/lib/python3.12/site-packages/airflow/example_dags/tutorial_dag.py
[2024-12-24T20:16:10.455+0000] {processor.py:925} INFO - DAG(s) 'tutorial_dag' retrieved from /home/airflow/.local/lib/python3.12/site-packages/airflow/example_dags/tutorial_dag.py
[2024-12-24T20:16:10.472+0000] {logging_mixin.py:190} INFO - [2024-12-24T20:16:10.472+0000] {dag.py:3239} INFO - Sync 1 DAGs
[2024-12-24T20:16:10.484+0000] {logging_mixin.py:190} INFO - [2024-12-24T20:16:10.484+0000] {dag.py:4180} INFO - Setting next_dagrun for tutorial_dag to None, run_after=None
[2024-12-24T20:16:10.500+0000] {processor.py:208} INFO - Processing /home/airflow/.local/lib/python3.12/site-packages/airflow/example_dags/tutorial_dag.py took 0.059 seconds
[2024-12-24T20:16:40.879+0000] {processor.py:186} INFO - Started process (PID=1980) to work on /home/airflow/.local/lib/python3.12/site-packages/airflow/example_dags/tutorial_dag.py
[2024-12-24T20:16:40.881+0000] {processor.py:914} INFO - Processing file /home/airflow/.local/lib/python3.12/site-packages/airflow/example_dags/tutorial_dag.py for tasks to queue
[2024-12-24T20:16:40.882+0000] {logging_mixin.py:190} INFO - [2024-12-24T20:16:40.882+0000] {dagbag.py:588} INFO - Filling up the DagBag from /home/airflow/.local/lib/python3.12/site-packages/airflow/example_dags/tutorial_dag.py
[2024-12-24T20:16:40.890+0000] {processor.py:925} INFO - DAG(s) 'tutorial_dag' retrieved from /home/airflow/.local/lib/python3.12/site-packages/airflow/example_dags/tutorial_dag.py
[2024-12-24T20:16:40.906+0000] {logging_mixin.py:190} INFO - [2024-12-24T20:16:40.906+0000] {dag.py:3239} INFO - Sync 1 DAGs
[2024-12-24T20:16:40.919+0000] {logging_mixin.py:190} INFO - [2024-12-24T20:16:40.919+0000] {dag.py:4180} INFO - Setting next_dagrun for tutorial_dag to None, run_after=None
[2024-12-24T20:16:40.934+0000] {processor.py:208} INFO - Processing /home/airflow/.local/lib/python3.12/site-packages/airflow/example_dags/tutorial_dag.py took 0.061 seconds
[2024-12-24T20:17:11.630+0000] {processor.py:186} INFO - Started process (PID=2044) to work on /home/airflow/.local/lib/python3.12/site-packages/airflow/example_dags/tutorial_dag.py
[2024-12-24T20:17:11.631+0000] {processor.py:914} INFO - Processing file /home/airflow/.local/lib/python3.12/site-packages/airflow/example_dags/tutorial_dag.py for tasks to queue
[2024-12-24T20:17:11.632+0000] {logging_mixin.py:190} INFO - [2024-12-24T20:17:11.632+0000] {dagbag.py:588} INFO - Filling up the DagBag from /home/airflow/.local/lib/python3.12/site-packages/airflow/example_dags/tutorial_dag.py
[2024-12-24T20:17:11.639+0000] {processor.py:925} INFO - DAG(s) 'tutorial_dag' retrieved from /home/airflow/.local/lib/python3.12/site-packages/airflow/example_dags/tutorial_dag.py
[2024-12-24T20:17:11.656+0000] {logging_mixin.py:190} INFO - [2024-12-24T20:17:11.655+0000] {dag.py:3239} INFO - Sync 1 DAGs
[2024-12-24T20:17:11.668+0000] {logging_mixin.py:190} INFO - [2024-12-24T20:17:11.668+0000] {dag.py:4180} INFO - Setting next_dagrun for tutorial_dag to None, run_after=None
[2024-12-24T20:17:11.684+0000] {processor.py:208} INFO - Processing /home/airflow/.local/lib/python3.12/site-packages/airflow/example_dags/tutorial_dag.py took 0.059 seconds
[2024-12-24T20:17:41.826+0000] {processor.py:186} INFO - Started process (PID=2108) to work on /home/airflow/.local/lib/python3.12/site-packages/airflow/example_dags/tutorial_dag.py
[2024-12-24T20:17:41.827+0000] {processor.py:914} INFO - Processing file /home/airflow/.local/lib/python3.12/site-packages/airflow/example_dags/tutorial_dag.py for tasks to queue
[2024-12-24T20:17:41.829+0000] {logging_mixin.py:190} INFO - [2024-12-24T20:17:41.828+0000] {dagbag.py:588} INFO - Filling up the DagBag from /home/airflow/.local/lib/python3.12/site-packages/airflow/example_dags/tutorial_dag.py
[2024-12-24T20:17:41.836+0000] {processor.py:925} INFO - DAG(s) 'tutorial_dag' retrieved from /home/airflow/.local/lib/python3.12/site-packages/airflow/example_dags/tutorial_dag.py
[2024-12-24T20:17:41.853+0000] {logging_mixin.py:190} INFO - [2024-12-24T20:17:41.852+0000] {dag.py:3239} INFO - Sync 1 DAGs
[2024-12-24T20:17:41.865+0000] {logging_mixin.py:190} INFO - [2024-12-24T20:17:41.865+0000] {dag.py:4180} INFO - Setting next_dagrun for tutorial_dag to None, run_after=None
[2024-12-24T20:17:41.881+0000] {processor.py:208} INFO - Processing /home/airflow/.local/lib/python3.12/site-packages/airflow/example_dags/tutorial_dag.py took 0.060 seconds
[2024-12-24T20:18:12.576+0000] {processor.py:186} INFO - Started process (PID=2172) to work on /home/airflow/.local/lib/python3.12/site-packages/airflow/example_dags/tutorial_dag.py
[2024-12-24T20:18:12.577+0000] {processor.py:914} INFO - Processing file /home/airflow/.local/lib/python3.12/site-packages/airflow/example_dags/tutorial_dag.py for tasks to queue
[2024-12-24T20:18:12.578+0000] {logging_mixin.py:190} INFO - [2024-12-24T20:18:12.578+0000] {dagbag.py:588} INFO - Filling up the DagBag from /home/airflow/.local/lib/python3.12/site-packages/airflow/example_dags/tutorial_dag.py
[2024-12-24T20:18:12.585+0000] {processor.py:925} INFO - DAG(s) 'tutorial_dag' retrieved from /home/airflow/.local/lib/python3.12/site-packages/airflow/example_dags/tutorial_dag.py
[2024-12-24T20:18:12.601+0000] {logging_mixin.py:190} INFO - [2024-12-24T20:18:12.601+0000] {dag.py:3239} INFO - Sync 1 DAGs
[2024-12-24T20:18:12.614+0000] {logging_mixin.py:190} INFO - [2024-12-24T20:18:12.614+0000] {dag.py:4180} INFO - Setting next_dagrun for tutorial_dag to None, run_after=None
[2024-12-24T20:18:12.630+0000] {processor.py:208} INFO - Processing /home/airflow/.local/lib/python3.12/site-packages/airflow/example_dags/tutorial_dag.py took 0.059 seconds
[2024-12-24T20:35:37.740+0000] {processor.py:186} INFO - Started process (PID=82) to work on /home/airflow/.local/lib/python3.10/site-packages/airflow/example_dags/tutorial_dag.py
[2024-12-24T20:35:37.741+0000] {processor.py:914} INFO - Processing file /home/airflow/.local/lib/python3.10/site-packages/airflow/example_dags/tutorial_dag.py for tasks to queue
[2024-12-24T20:35:37.744+0000] {logging_mixin.py:190} INFO - [2024-12-24T20:35:37.744+0000] {dagbag.py:588} INFO - Filling up the DagBag from /home/airflow/.local/lib/python3.10/site-packages/airflow/example_dags/tutorial_dag.py
[2024-12-24T20:35:37.755+0000] {processor.py:925} INFO - DAG(s) 'tutorial_dag' retrieved from /home/airflow/.local/lib/python3.10/site-packages/airflow/example_dags/tutorial_dag.py
[2024-12-24T20:35:37.877+0000] {logging_mixin.py:190} INFO - [2024-12-24T20:35:37.877+0000] {dag.py:3239} INFO - Sync 1 DAGs
[2024-12-24T20:35:37.888+0000] {logging_mixin.py:190} INFO - [2024-12-24T20:35:37.888+0000] {dag.py:4180} INFO - Setting next_dagrun for tutorial_dag to None, run_after=None
[2024-12-24T20:35:37.916+0000] {processor.py:208} INFO - Processing /home/airflow/.local/lib/python3.10/site-packages/airflow/example_dags/tutorial_dag.py took 0.184 seconds
[2024-12-24T20:36:08.578+0000] {processor.py:186} INFO - Started process (PID=145) to work on /home/airflow/.local/lib/python3.10/site-packages/airflow/example_dags/tutorial_dag.py
[2024-12-24T20:36:08.579+0000] {processor.py:914} INFO - Processing file /home/airflow/.local/lib/python3.10/site-packages/airflow/example_dags/tutorial_dag.py for tasks to queue
[2024-12-24T20:36:08.581+0000] {logging_mixin.py:190} INFO - [2024-12-24T20:36:08.581+0000] {dagbag.py:588} INFO - Filling up the DagBag from /home/airflow/.local/lib/python3.10/site-packages/airflow/example_dags/tutorial_dag.py
[2024-12-24T20:36:08.588+0000] {processor.py:925} INFO - DAG(s) 'tutorial_dag' retrieved from /home/airflow/.local/lib/python3.10/site-packages/airflow/example_dags/tutorial_dag.py
[2024-12-24T20:36:08.611+0000] {logging_mixin.py:190} INFO - [2024-12-24T20:36:08.611+0000] {dag.py:3239} INFO - Sync 1 DAGs
[2024-12-24T20:36:08.624+0000] {logging_mixin.py:190} INFO - [2024-12-24T20:36:08.624+0000] {dag.py:4180} INFO - Setting next_dagrun for tutorial_dag to None, run_after=None
[2024-12-24T20:36:08.642+0000] {processor.py:208} INFO - Processing /home/airflow/.local/lib/python3.10/site-packages/airflow/example_dags/tutorial_dag.py took 0.070 seconds
[2024-12-24T20:36:39.292+0000] {processor.py:186} INFO - Started process (PID=210) to work on /home/airflow/.local/lib/python3.10/site-packages/airflow/example_dags/tutorial_dag.py
[2024-12-24T20:36:39.297+0000] {processor.py:914} INFO - Processing file /home/airflow/.local/lib/python3.10/site-packages/airflow/example_dags/tutorial_dag.py for tasks to queue
[2024-12-24T20:36:39.306+0000] {logging_mixin.py:190} INFO - [2024-12-24T20:36:39.305+0000] {dagbag.py:588} INFO - Filling up the DagBag from /home/airflow/.local/lib/python3.10/site-packages/airflow/example_dags/tutorial_dag.py
[2024-12-24T20:36:39.337+0000] {processor.py:925} INFO - DAG(s) 'tutorial_dag' retrieved from /home/airflow/.local/lib/python3.10/site-packages/airflow/example_dags/tutorial_dag.py
[2024-12-24T20:36:39.378+0000] {logging_mixin.py:190} INFO - [2024-12-24T20:36:39.378+0000] {dag.py:3239} INFO - Sync 1 DAGs
[2024-12-24T20:36:39.407+0000] {logging_mixin.py:190} INFO - [2024-12-24T20:36:39.406+0000] {dag.py:4180} INFO - Setting next_dagrun for tutorial_dag to None, run_after=None
[2024-12-24T20:36:39.432+0000] {processor.py:208} INFO - Processing /home/airflow/.local/lib/python3.10/site-packages/airflow/example_dags/tutorial_dag.py took 0.166 seconds
[2024-12-24T20:37:10.043+0000] {processor.py:186} INFO - Started process (PID=274) to work on /home/airflow/.local/lib/python3.10/site-packages/airflow/example_dags/tutorial_dag.py
[2024-12-24T20:37:10.044+0000] {processor.py:914} INFO - Processing file /home/airflow/.local/lib/python3.10/site-packages/airflow/example_dags/tutorial_dag.py for tasks to queue
[2024-12-24T20:37:10.046+0000] {logging_mixin.py:190} INFO - [2024-12-24T20:37:10.046+0000] {dagbag.py:588} INFO - Filling up the DagBag from /home/airflow/.local/lib/python3.10/site-packages/airflow/example_dags/tutorial_dag.py
[2024-12-24T20:37:10.054+0000] {processor.py:925} INFO - DAG(s) 'tutorial_dag' retrieved from /home/airflow/.local/lib/python3.10/site-packages/airflow/example_dags/tutorial_dag.py
[2024-12-24T20:37:10.074+0000] {logging_mixin.py:190} INFO - [2024-12-24T20:37:10.073+0000] {dag.py:3239} INFO - Sync 1 DAGs
[2024-12-24T20:37:10.087+0000] {logging_mixin.py:190} INFO - [2024-12-24T20:37:10.087+0000] {dag.py:4180} INFO - Setting next_dagrun for tutorial_dag to None, run_after=None
[2024-12-24T20:37:10.118+0000] {processor.py:208} INFO - Processing /home/airflow/.local/lib/python3.10/site-packages/airflow/example_dags/tutorial_dag.py took 0.081 seconds
[2024-12-24T20:37:40.699+0000] {processor.py:186} INFO - Started process (PID=337) to work on /home/airflow/.local/lib/python3.10/site-packages/airflow/example_dags/tutorial_dag.py
[2024-12-24T20:37:40.701+0000] {processor.py:914} INFO - Processing file /home/airflow/.local/lib/python3.10/site-packages/airflow/example_dags/tutorial_dag.py for tasks to queue
[2024-12-24T20:37:40.703+0000] {logging_mixin.py:190} INFO - [2024-12-24T20:37:40.703+0000] {dagbag.py:588} INFO - Filling up the DagBag from /home/airflow/.local/lib/python3.10/site-packages/airflow/example_dags/tutorial_dag.py
[2024-12-24T20:37:40.711+0000] {processor.py:925} INFO - DAG(s) 'tutorial_dag' retrieved from /home/airflow/.local/lib/python3.10/site-packages/airflow/example_dags/tutorial_dag.py
[2024-12-24T20:37:40.734+0000] {logging_mixin.py:190} INFO - [2024-12-24T20:37:40.734+0000] {dag.py:3239} INFO - Sync 1 DAGs
[2024-12-24T20:37:40.750+0000] {logging_mixin.py:190} INFO - [2024-12-24T20:37:40.749+0000] {dag.py:4180} INFO - Setting next_dagrun for tutorial_dag to None, run_after=None
[2024-12-24T20:37:40.769+0000] {processor.py:208} INFO - Processing /home/airflow/.local/lib/python3.10/site-packages/airflow/example_dags/tutorial_dag.py took 0.076 seconds
[2024-12-24T20:38:10.807+0000] {processor.py:186} INFO - Started process (PID=402) to work on /home/airflow/.local/lib/python3.10/site-packages/airflow/example_dags/tutorial_dag.py
[2024-12-24T20:38:10.808+0000] {processor.py:914} INFO - Processing file /home/airflow/.local/lib/python3.10/site-packages/airflow/example_dags/tutorial_dag.py for tasks to queue
[2024-12-24T20:38:10.811+0000] {logging_mixin.py:190} INFO - [2024-12-24T20:38:10.810+0000] {dagbag.py:588} INFO - Filling up the DagBag from /home/airflow/.local/lib/python3.10/site-packages/airflow/example_dags/tutorial_dag.py
[2024-12-24T20:38:10.818+0000] {processor.py:925} INFO - DAG(s) 'tutorial_dag' retrieved from /home/airflow/.local/lib/python3.10/site-packages/airflow/example_dags/tutorial_dag.py
[2024-12-24T20:38:10.837+0000] {logging_mixin.py:190} INFO - [2024-12-24T20:38:10.836+0000] {dag.py:3239} INFO - Sync 1 DAGs
[2024-12-24T20:38:10.849+0000] {logging_mixin.py:190} INFO - [2024-12-24T20:38:10.849+0000] {dag.py:4180} INFO - Setting next_dagrun for tutorial_dag to None, run_after=None
[2024-12-24T20:38:10.877+0000] {processor.py:208} INFO - Processing /home/airflow/.local/lib/python3.10/site-packages/airflow/example_dags/tutorial_dag.py took 0.075 seconds
[2024-12-24T20:38:41.331+0000] {processor.py:186} INFO - Started process (PID=466) to work on /home/airflow/.local/lib/python3.10/site-packages/airflow/example_dags/tutorial_dag.py
[2024-12-24T20:38:41.333+0000] {processor.py:914} INFO - Processing file /home/airflow/.local/lib/python3.10/site-packages/airflow/example_dags/tutorial_dag.py for tasks to queue
[2024-12-24T20:38:41.335+0000] {logging_mixin.py:190} INFO - [2024-12-24T20:38:41.335+0000] {dagbag.py:588} INFO - Filling up the DagBag from /home/airflow/.local/lib/python3.10/site-packages/airflow/example_dags/tutorial_dag.py
[2024-12-24T20:38:41.342+0000] {processor.py:925} INFO - DAG(s) 'tutorial_dag' retrieved from /home/airflow/.local/lib/python3.10/site-packages/airflow/example_dags/tutorial_dag.py
[2024-12-24T20:38:41.360+0000] {logging_mixin.py:190} INFO - [2024-12-24T20:38:41.360+0000] {dag.py:3239} INFO - Sync 1 DAGs
[2024-12-24T20:38:41.373+0000] {logging_mixin.py:190} INFO - [2024-12-24T20:38:41.373+0000] {dag.py:4180} INFO - Setting next_dagrun for tutorial_dag to None, run_after=None
[2024-12-24T20:38:41.391+0000] {processor.py:208} INFO - Processing /home/airflow/.local/lib/python3.10/site-packages/airflow/example_dags/tutorial_dag.py took 0.066 seconds
[2024-12-24T20:39:11.701+0000] {processor.py:186} INFO - Started process (PID=530) to work on /home/airflow/.local/lib/python3.10/site-packages/airflow/example_dags/tutorial_dag.py
[2024-12-24T20:39:11.702+0000] {processor.py:914} INFO - Processing file /home/airflow/.local/lib/python3.10/site-packages/airflow/example_dags/tutorial_dag.py for tasks to queue
[2024-12-24T20:39:11.705+0000] {logging_mixin.py:190} INFO - [2024-12-24T20:39:11.705+0000] {dagbag.py:588} INFO - Filling up the DagBag from /home/airflow/.local/lib/python3.10/site-packages/airflow/example_dags/tutorial_dag.py
[2024-12-24T20:39:11.712+0000] {processor.py:925} INFO - DAG(s) 'tutorial_dag' retrieved from /home/airflow/.local/lib/python3.10/site-packages/airflow/example_dags/tutorial_dag.py
[2024-12-24T20:39:11.732+0000] {logging_mixin.py:190} INFO - [2024-12-24T20:39:11.731+0000] {dag.py:3239} INFO - Sync 1 DAGs
[2024-12-24T20:39:11.746+0000] {logging_mixin.py:190} INFO - [2024-12-24T20:39:11.746+0000] {dag.py:4180} INFO - Setting next_dagrun for tutorial_dag to None, run_after=None
[2024-12-24T20:39:11.765+0000] {processor.py:208} INFO - Processing /home/airflow/.local/lib/python3.10/site-packages/airflow/example_dags/tutorial_dag.py took 0.069 seconds
[2024-12-24T20:39:42.048+0000] {processor.py:186} INFO - Started process (PID=595) to work on /home/airflow/.local/lib/python3.10/site-packages/airflow/example_dags/tutorial_dag.py
[2024-12-24T20:39:42.049+0000] {processor.py:914} INFO - Processing file /home/airflow/.local/lib/python3.10/site-packages/airflow/example_dags/tutorial_dag.py for tasks to queue
[2024-12-24T20:39:42.052+0000] {logging_mixin.py:190} INFO - [2024-12-24T20:39:42.052+0000] {dagbag.py:588} INFO - Filling up the DagBag from /home/airflow/.local/lib/python3.10/site-packages/airflow/example_dags/tutorial_dag.py
[2024-12-24T20:39:42.063+0000] {processor.py:925} INFO - DAG(s) 'tutorial_dag' retrieved from /home/airflow/.local/lib/python3.10/site-packages/airflow/example_dags/tutorial_dag.py
[2024-12-24T20:39:42.087+0000] {logging_mixin.py:190} INFO - [2024-12-24T20:39:42.086+0000] {dag.py:3239} INFO - Sync 1 DAGs
[2024-12-24T20:39:42.101+0000] {logging_mixin.py:190} INFO - [2024-12-24T20:39:42.101+0000] {dag.py:4180} INFO - Setting next_dagrun for tutorial_dag to None, run_after=None
[2024-12-24T20:39:42.122+0000] {processor.py:208} INFO - Processing /home/airflow/.local/lib/python3.10/site-packages/airflow/example_dags/tutorial_dag.py took 0.082 seconds
[2024-12-24T20:40:12.207+0000] {processor.py:186} INFO - Started process (PID=659) to work on /home/airflow/.local/lib/python3.10/site-packages/airflow/example_dags/tutorial_dag.py
[2024-12-24T20:40:12.208+0000] {processor.py:914} INFO - Processing file /home/airflow/.local/lib/python3.10/site-packages/airflow/example_dags/tutorial_dag.py for tasks to queue
[2024-12-24T20:40:12.211+0000] {logging_mixin.py:190} INFO - [2024-12-24T20:40:12.210+0000] {dagbag.py:588} INFO - Filling up the DagBag from /home/airflow/.local/lib/python3.10/site-packages/airflow/example_dags/tutorial_dag.py
[2024-12-24T20:40:12.218+0000] {processor.py:925} INFO - DAG(s) 'tutorial_dag' retrieved from /home/airflow/.local/lib/python3.10/site-packages/airflow/example_dags/tutorial_dag.py
[2024-12-24T20:40:12.236+0000] {logging_mixin.py:190} INFO - [2024-12-24T20:40:12.236+0000] {dag.py:3239} INFO - Sync 1 DAGs
[2024-12-24T20:40:12.249+0000] {logging_mixin.py:190} INFO - [2024-12-24T20:40:12.249+0000] {dag.py:4180} INFO - Setting next_dagrun for tutorial_dag to None, run_after=None
[2024-12-24T20:40:12.265+0000] {processor.py:208} INFO - Processing /home/airflow/.local/lib/python3.10/site-packages/airflow/example_dags/tutorial_dag.py took 0.064 seconds
[2024-12-24T20:40:42.547+0000] {processor.py:186} INFO - Started process (PID=723) to work on /home/airflow/.local/lib/python3.10/site-packages/airflow/example_dags/tutorial_dag.py
[2024-12-24T20:40:42.548+0000] {processor.py:914} INFO - Processing file /home/airflow/.local/lib/python3.10/site-packages/airflow/example_dags/tutorial_dag.py for tasks to queue
[2024-12-24T20:40:42.550+0000] {logging_mixin.py:190} INFO - [2024-12-24T20:40:42.550+0000] {dagbag.py:588} INFO - Filling up the DagBag from /home/airflow/.local/lib/python3.10/site-packages/airflow/example_dags/tutorial_dag.py
[2024-12-24T20:40:42.557+0000] {processor.py:925} INFO - DAG(s) 'tutorial_dag' retrieved from /home/airflow/.local/lib/python3.10/site-packages/airflow/example_dags/tutorial_dag.py
[2024-12-24T20:40:42.576+0000] {logging_mixin.py:190} INFO - [2024-12-24T20:40:42.576+0000] {dag.py:3239} INFO - Sync 1 DAGs
[2024-12-24T20:40:42.589+0000] {logging_mixin.py:190} INFO - [2024-12-24T20:40:42.589+0000] {dag.py:4180} INFO - Setting next_dagrun for tutorial_dag to None, run_after=None
[2024-12-24T20:40:42.604+0000] {processor.py:208} INFO - Processing /home/airflow/.local/lib/python3.10/site-packages/airflow/example_dags/tutorial_dag.py took 0.063 seconds
[2024-12-24T20:41:13.168+0000] {processor.py:186} INFO - Started process (PID=787) to work on /home/airflow/.local/lib/python3.10/site-packages/airflow/example_dags/tutorial_dag.py
[2024-12-24T20:41:13.170+0000] {processor.py:914} INFO - Processing file /home/airflow/.local/lib/python3.10/site-packages/airflow/example_dags/tutorial_dag.py for tasks to queue
[2024-12-24T20:41:13.172+0000] {logging_mixin.py:190} INFO - [2024-12-24T20:41:13.172+0000] {dagbag.py:588} INFO - Filling up the DagBag from /home/airflow/.local/lib/python3.10/site-packages/airflow/example_dags/tutorial_dag.py
[2024-12-24T20:41:13.179+0000] {processor.py:925} INFO - DAG(s) 'tutorial_dag' retrieved from /home/airflow/.local/lib/python3.10/site-packages/airflow/example_dags/tutorial_dag.py
[2024-12-24T20:41:13.198+0000] {logging_mixin.py:190} INFO - [2024-12-24T20:41:13.198+0000] {dag.py:3239} INFO - Sync 1 DAGs
[2024-12-24T20:41:13.216+0000] {logging_mixin.py:190} INFO - [2024-12-24T20:41:13.216+0000] {dag.py:4180} INFO - Setting next_dagrun for tutorial_dag to None, run_after=None
[2024-12-24T20:41:13.237+0000] {processor.py:208} INFO - Processing /home/airflow/.local/lib/python3.10/site-packages/airflow/example_dags/tutorial_dag.py took 0.074 seconds
