[2024-12-28T14:05:23.546+0000] {local_task_job_runner.py:123} INFO - ::group::Pre task execution logs
[2024-12-28T14:05:23.567+0000] {taskinstance.py:2613} INFO - Dependencies all met for dep_context=non-requeueable deps ti=<TaskInstance: l30d_dump_pipeline_v2.l30_dump_pipeline manual__2024-12-28T14:05:16.168891+00:00 [queued]>
[2024-12-28T14:05:23.577+0000] {taskinstance.py:2613} INFO - Dependencies all met for dep_context=requeueable deps ti=<TaskInstance: l30d_dump_pipeline_v2.l30_dump_pipeline manual__2024-12-28T14:05:16.168891+00:00 [queued]>
[2024-12-28T14:05:23.579+0000] {taskinstance.py:2866} INFO - Starting attempt 1 of 2
[2024-12-28T14:05:23.593+0000] {taskinstance.py:2889} INFO - Executing <Task(PythonOperator): l30_dump_pipeline> on 2024-12-28 14:05:16.168891+00:00
[2024-12-28T14:05:23.604+0000] {standard_task_runner.py:72} INFO - Started process 1277 to run task
[2024-12-28T14:05:23.608+0000] {standard_task_runner.py:104} INFO - Running: ['***', 'tasks', 'run', 'l30d_dump_pipeline_v2', 'l30_dump_pipeline', 'manual__2024-12-28T14:05:16.168891+00:00', '--job-id', '185', '--raw', '--subdir', 'DAGS_FOLDER/L30D_ingestion_dump.py', '--cfg-path', '/tmp/tmpw8xf2i89']
[2024-12-28T14:05:23.610+0000] {standard_task_runner.py:105} INFO - Job 185: Subtask l30_dump_pipeline
[2024-12-28T14:05:23.664+0000] {task_command.py:467} INFO - Running <TaskInstance: l30d_dump_pipeline_v2.l30_dump_pipeline manual__2024-12-28T14:05:16.168891+00:00 [running]> on host 24435936fa97
[2024-12-28T14:05:23.743+0000] {taskinstance.py:3132} INFO - Exporting env vars: AIRFLOW_CTX_DAG_OWNER='haziq' AIRFLOW_CTX_DAG_ID='l30d_dump_pipeline_v2' AIRFLOW_CTX_TASK_ID='l30_dump_pipeline' AIRFLOW_CTX_EXECUTION_DATE='2024-12-28T14:05:16.168891+00:00' AIRFLOW_CTX_TRY_NUMBER='1' AIRFLOW_CTX_DAG_RUN_ID='manual__2024-12-28T14:05:16.168891+00:00'
[2024-12-28T14:05:23.749+0000] {logging_mixin.py:190} INFO - Task instance is in running state
[2024-12-28T14:05:23.750+0000] {logging_mixin.py:190} INFO -  Previous state of the Task instance: queued
[2024-12-28T14:05:23.751+0000] {logging_mixin.py:190} INFO - Current task name:l30_dump_pipeline state:running start_date:2024-12-28 14:05:23.568788+00:00
[2024-12-28T14:05:23.752+0000] {logging_mixin.py:190} INFO - Dag name:l30d_dump_pipeline_v2 and current dag run status:running
[2024-12-28T14:05:23.753+0000] {taskinstance.py:731} INFO - ::endgroup::
[2024-12-28T14:05:27.592+0000] {logging_mixin.py:190} INFO - <pyspark.sql.session.SparkSession object at 0x7f631bf4a740>
[2024-12-28T14:05:27.594+0000] {logging_mixin.py:190} INFO - Spark session created successfully
[2024-12-28T14:05:28.862+0000] {java_gateway.py:2273} INFO - Callback Server Starting
[2024-12-28T14:05:28.863+0000] {java_gateway.py:2275} INFO - Socket listening on ('127.0.0.1', 38311)
[2024-12-28T14:05:29.055+0000] {python.py:240} INFO - Done. Returned value was: None
[2024-12-28T14:05:29.067+0000] {taskinstance.py:340} INFO - ::group::Post task execution logs
[2024-12-28T14:05:29.070+0000] {taskinstance.py:352} INFO - Marking task as SUCCESS. dag_id=l30d_dump_pipeline_v2, task_id=l30_dump_pipeline, run_id=manual__2024-12-28T14:05:16.168891+00:00, execution_date=20241228T140516, start_date=20241228T140523, end_date=20241228T140529
[2024-12-28T14:05:29.082+0000] {logging_mixin.py:190} INFO - Task instance in success state
[2024-12-28T14:05:29.084+0000] {logging_mixin.py:190} INFO -  Previous state of the Task instance: running
[2024-12-28T14:05:29.085+0000] {logging_mixin.py:190} INFO - Dag name:l30d_dump_pipeline_v2 queued_at:2024-12-28 14:05:16.177201+00:00
[2024-12-28T14:05:29.087+0000] {logging_mixin.py:190} INFO - Task hostname:24435936fa97 operator:PythonOperator
[2024-12-28T14:05:29.125+0000] {local_task_job_runner.py:266} INFO - Task exited with return code 0
[2024-12-28T14:05:29.141+0000] {taskinstance.py:3895} INFO - 0 downstream tasks scheduled from follow-on schedule check
[2024-12-28T14:05:29.144+0000] {local_task_job_runner.py:245} INFO - ::endgroup::
