[2024-12-29T11:30:32.246+0000] {local_task_job_runner.py:123} INFO - ::group::Pre task execution logs
[2024-12-29T11:30:32.261+0000] {taskinstance.py:2613} INFO - Dependencies all met for dep_context=non-requeueable deps ti=<TaskInstance: stock_price_monitor_v1.check_if_email_needed manual__2024-12-29T11:30:28.443695+00:00 [queued]>
[2024-12-29T11:30:32.268+0000] {taskinstance.py:2613} INFO - Dependencies all met for dep_context=requeueable deps ti=<TaskInstance: stock_price_monitor_v1.check_if_email_needed manual__2024-12-29T11:30:28.443695+00:00 [queued]>
[2024-12-29T11:30:32.270+0000] {taskinstance.py:2866} INFO - Starting attempt 1 of 2
[2024-12-29T11:30:32.282+0000] {taskinstance.py:2889} INFO - Executing <Task(ShortCircuitOperator): check_if_email_needed> on 2024-12-29 11:30:28.443695+00:00
[2024-12-29T11:30:32.290+0000] {standard_task_runner.py:72} INFO - Started process 10130 to run task
[2024-12-29T11:30:32.293+0000] {standard_task_runner.py:104} INFO - Running: ['***', 'tasks', 'run', 'stock_price_monitor_v1', 'check_if_email_needed', 'manual__2024-12-29T11:30:28.443695+00:00', '--job-id', '1053', '--raw', '--subdir', 'DAGS_FOLDER/email_generation.py', '--cfg-path', '/tmp/tmpo9n5m2q2']
[2024-12-29T11:30:32.295+0000] {standard_task_runner.py:105} INFO - Job 1053: Subtask check_if_email_needed
[2024-12-29T11:30:32.335+0000] {task_command.py:467} INFO - Running <TaskInstance: stock_price_monitor_v1.check_if_email_needed manual__2024-12-29T11:30:28.443695+00:00 [running]> on host 95d98a98d27d
[2024-12-29T11:30:32.398+0000] {taskinstance.py:3132} INFO - Exporting env vars: AIRFLOW_CTX_DAG_OWNER='haziq' AIRFLOW_CTX_DAG_ID='stock_price_monitor_v1' AIRFLOW_CTX_TASK_ID='check_if_email_needed' AIRFLOW_CTX_EXECUTION_DATE='2024-12-29T11:30:28.443695+00:00' AIRFLOW_CTX_TRY_NUMBER='1' AIRFLOW_CTX_DAG_RUN_ID='manual__2024-12-29T11:30:28.443695+00:00'
[2024-12-29T11:30:32.401+0000] {logging_mixin.py:190} INFO - Task instance is in running state
[2024-12-29T11:30:32.402+0000] {logging_mixin.py:190} INFO -  Previous state of the Task instance: queued
[2024-12-29T11:30:32.403+0000] {logging_mixin.py:190} INFO - Current task name:check_if_email_needed state:running start_date:2024-12-29 11:30:32.262378+00:00
[2024-12-29T11:30:32.404+0000] {logging_mixin.py:190} INFO - Dag name:stock_price_monitor_v1 and current dag run status:running
[2024-12-29T11:30:32.405+0000] {taskinstance.py:731} INFO - ::endgroup::
[2024-12-29T11:30:32.406+0000] {baseoperator.py:416} WARNING - ShortCircuitOperator.execute cannot be called outside TaskInstance!
[2024-12-29T11:30:32.414+0000] {python.py:240} INFO - Done. Returned value was: True
[2024-12-29T11:30:32.417+0000] {python.py:309} INFO - Condition result is True
[2024-12-29T11:30:32.418+0000] {python.py:312} INFO - Proceeding with downstream tasks...
[2024-12-29T11:30:32.438+0000] {taskinstance.py:340} INFO - ::group::Post task execution logs
[2024-12-29T11:30:32.439+0000] {taskinstance.py:352} INFO - Marking task as SUCCESS. dag_id=stock_price_monitor_v1, task_id=check_if_email_needed, run_id=manual__2024-12-29T11:30:28.443695+00:00, execution_date=20241229T113028, start_date=20241229T113032, end_date=20241229T113032
[2024-12-29T11:30:32.448+0000] {logging_mixin.py:190} INFO - Task instance in success state
[2024-12-29T11:30:32.449+0000] {logging_mixin.py:190} INFO -  Previous state of the Task instance: running
[2024-12-29T11:30:32.450+0000] {logging_mixin.py:190} INFO - Dag name:stock_price_monitor_v1 queued_at:2024-12-29 11:30:28.454500+00:00
[2024-12-29T11:30:32.451+0000] {logging_mixin.py:190} INFO - Task hostname:95d98a98d27d operator:ShortCircuitOperator
[2024-12-29T11:30:32.467+0000] {local_task_job_runner.py:266} INFO - Task exited with return code 0
[2024-12-29T11:30:32.493+0000] {taskinstance.py:3895} INFO - 1 downstream tasks scheduled from follow-on schedule check
[2024-12-29T11:30:32.496+0000] {local_task_job_runner.py:245} INFO - ::endgroup::
