[2024-12-29T11:27:29.162+0000] {local_task_job_runner.py:123} INFO - ::group::Pre task execution logs
[2024-12-29T11:27:29.180+0000] {taskinstance.py:2613} INFO - Dependencies all met for dep_context=non-requeueable deps ti=<TaskInstance: stock_price_monitor_v1.prepare_email_content manual__2024-12-29T11:27:22.030591+00:00 [queued]>
[2024-12-29T11:27:29.189+0000] {taskinstance.py:2613} INFO - Dependencies all met for dep_context=requeueable deps ti=<TaskInstance: stock_price_monitor_v1.prepare_email_content manual__2024-12-29T11:27:22.030591+00:00 [queued]>
[2024-12-29T11:27:29.191+0000] {taskinstance.py:2866} INFO - Starting attempt 1 of 2
[2024-12-29T11:27:29.204+0000] {taskinstance.py:2889} INFO - Executing <Task(PythonOperator): prepare_email_content> on 2024-12-29 11:27:22.030591+00:00
[2024-12-29T11:27:29.211+0000] {standard_task_runner.py:72} INFO - Started process 10053 to run task
[2024-12-29T11:27:29.214+0000] {standard_task_runner.py:104} INFO - Running: ['***', 'tasks', 'run', 'stock_price_monitor_v1', 'prepare_email_content', 'manual__2024-12-29T11:27:22.030591+00:00', '--job-id', '1046', '--raw', '--subdir', 'DAGS_FOLDER/email_generation.py', '--cfg-path', '/tmp/tmp56w9gbjj']
[2024-12-29T11:27:29.216+0000] {standard_task_runner.py:105} INFO - Job 1046: Subtask prepare_email_content
[2024-12-29T11:27:29.257+0000] {task_command.py:467} INFO - Running <TaskInstance: stock_price_monitor_v1.prepare_email_content manual__2024-12-29T11:27:22.030591+00:00 [running]> on host 95d98a98d27d
[2024-12-29T11:27:29.316+0000] {taskinstance.py:3132} INFO - Exporting env vars: AIRFLOW_CTX_DAG_OWNER='haziq' AIRFLOW_CTX_DAG_ID='stock_price_monitor_v1' AIRFLOW_CTX_TASK_ID='prepare_email_content' AIRFLOW_CTX_EXECUTION_DATE='2024-12-29T11:27:22.030591+00:00' AIRFLOW_CTX_TRY_NUMBER='1' AIRFLOW_CTX_DAG_RUN_ID='manual__2024-12-29T11:27:22.030591+00:00'
[2024-12-29T11:27:29.318+0000] {logging_mixin.py:190} INFO - Task instance is in running state
[2024-12-29T11:27:29.319+0000] {logging_mixin.py:190} INFO -  Previous state of the Task instance: queued
[2024-12-29T11:27:29.320+0000] {logging_mixin.py:190} INFO - Current task name:prepare_email_content state:running start_date:2024-12-29 11:27:29.182067+00:00
[2024-12-29T11:27:29.321+0000] {logging_mixin.py:190} INFO - Dag name:stock_price_monitor_v1 and current dag run status:running
[2024-12-29T11:27:29.322+0000] {taskinstance.py:731} INFO - ::endgroup::
[2024-12-29T11:27:29.338+0000] {python.py:240} INFO - Done. Returned value was: 
    <h2>Stock Price Alert</h2>
    <p>This is an automated alert for your stock price monitoring.</p>
    
    <ul>
        <li>Ticker: AAPL</li>
        <li>Current Price: $255.59</li>
        <li>Threshold Price: $150.0</li>
    </ul>
    
    <p>The stock price has fallen below your set threshold.</p>
    <p>Please review and take necessary action.</p>
    
    <small>This is an automated message from your Airflow DAG.</small>
    
[2024-12-29T11:27:29.359+0000] {taskinstance.py:340} INFO - ::group::Post task execution logs
[2024-12-29T11:27:29.360+0000] {taskinstance.py:352} INFO - Marking task as SUCCESS. dag_id=stock_price_monitor_v1, task_id=prepare_email_content, run_id=manual__2024-12-29T11:27:22.030591+00:00, execution_date=20241229T112722, start_date=20241229T112729, end_date=20241229T112729
[2024-12-29T11:27:29.368+0000] {logging_mixin.py:190} INFO - Task instance in success state
[2024-12-29T11:27:29.370+0000] {logging_mixin.py:190} INFO -  Previous state of the Task instance: running
[2024-12-29T11:27:29.371+0000] {logging_mixin.py:190} INFO - Dag name:stock_price_monitor_v1 queued_at:2024-12-29 11:27:22.053602+00:00
[2024-12-29T11:27:29.372+0000] {logging_mixin.py:190} INFO - Task hostname:95d98a98d27d operator:PythonOperator
[2024-12-29T11:27:29.387+0000] {local_task_job_runner.py:266} INFO - Task exited with return code 0
[2024-12-29T11:27:29.407+0000] {taskinstance.py:3895} INFO - 1 downstream tasks scheduled from follow-on schedule check
[2024-12-29T11:27:29.409+0000] {local_task_job_runner.py:245} INFO - ::endgroup::
