[2024-12-28T14:06:07.665+0000] {local_task_job_runner.py:123} INFO - ::group::Pre task execution logs
[2024-12-28T14:06:07.681+0000] {taskinstance.py:2613} INFO - Dependencies all met for dep_context=non-requeueable deps ti=<TaskInstance: l30d_dump_pipeline.l30_dump_pipeline manual__2024-12-28T14:06:05.455783+00:00 [queued]>
[2024-12-28T14:06:07.692+0000] {taskinstance.py:2613} INFO - Dependencies all met for dep_context=requeueable deps ti=<TaskInstance: l30d_dump_pipeline.l30_dump_pipeline manual__2024-12-28T14:06:05.455783+00:00 [queued]>
[2024-12-28T14:06:07.693+0000] {taskinstance.py:2866} INFO - Starting attempt 1 of 2
[2024-12-28T14:06:07.707+0000] {taskinstance.py:2889} INFO - Executing <Task(PythonOperator): l30_dump_pipeline> on 2024-12-28 14:06:05.455783+00:00
[2024-12-28T14:06:07.716+0000] {standard_task_runner.py:72} INFO - Started process 1545 to run task
[2024-12-28T14:06:07.719+0000] {standard_task_runner.py:104} INFO - Running: ['***', 'tasks', 'run', 'l30d_dump_pipeline', 'l30_dump_pipeline', 'manual__2024-12-28T14:06:05.455783+00:00', '--job-id', '187', '--raw', '--subdir', 'DAGS_FOLDER/L30D_data_dump.py', '--cfg-path', '/tmp/tmpulwq4ur5']
[2024-12-28T14:06:07.722+0000] {standard_task_runner.py:105} INFO - Job 187: Subtask l30_dump_pipeline
[2024-12-28T14:06:07.765+0000] {task_command.py:467} INFO - Running <TaskInstance: l30d_dump_pipeline.l30_dump_pipeline manual__2024-12-28T14:06:05.455783+00:00 [running]> on host 24435936fa97
[2024-12-28T14:06:07.839+0000] {taskinstance.py:3132} INFO - Exporting env vars: AIRFLOW_CTX_DAG_OWNER='haziq' AIRFLOW_CTX_DAG_ID='l30d_dump_pipeline' AIRFLOW_CTX_TASK_ID='l30_dump_pipeline' AIRFLOW_CTX_EXECUTION_DATE='2024-12-28T14:06:05.455783+00:00' AIRFLOW_CTX_TRY_NUMBER='1' AIRFLOW_CTX_DAG_RUN_ID='manual__2024-12-28T14:06:05.455783+00:00'
[2024-12-28T14:06:07.841+0000] {logging_mixin.py:190} INFO - Task instance is in running state
[2024-12-28T14:06:07.843+0000] {logging_mixin.py:190} INFO -  Previous state of the Task instance: queued
[2024-12-28T14:06:07.844+0000] {logging_mixin.py:190} INFO - Current task name:l30_dump_pipeline state:running start_date:2024-12-28 14:06:07.683646+00:00
[2024-12-28T14:06:07.845+0000] {logging_mixin.py:190} INFO - Dag name:l30d_dump_pipeline and current dag run status:running
[2024-12-28T14:06:07.846+0000] {taskinstance.py:731} INFO - ::endgroup::
[2024-12-28T14:06:11.589+0000] {logging_mixin.py:190} INFO - <pyspark.sql.session.SparkSession object at 0x7f631bd78580>
[2024-12-28T14:06:11.591+0000] {logging_mixin.py:190} INFO - Spark session created successfully
[2024-12-28T14:06:12.817+0000] {java_gateway.py:2273} INFO - Callback Server Starting
[2024-12-28T14:06:12.819+0000] {java_gateway.py:2275} INFO - Socket listening on ('127.0.0.1', 42257)
[2024-12-28T14:06:13.020+0000] {python.py:240} INFO - Done. Returned value was: None
[2024-12-28T14:06:13.032+0000] {taskinstance.py:340} INFO - ::group::Post task execution logs
[2024-12-28T14:06:13.035+0000] {taskinstance.py:352} INFO - Marking task as SUCCESS. dag_id=l30d_dump_pipeline, task_id=l30_dump_pipeline, run_id=manual__2024-12-28T14:06:05.455783+00:00, execution_date=20241228T140605, start_date=20241228T140607, end_date=20241228T140613
[2024-12-28T14:06:13.051+0000] {logging_mixin.py:190} INFO - Task instance in success state
[2024-12-28T14:06:13.053+0000] {logging_mixin.py:190} INFO -  Previous state of the Task instance: running
[2024-12-28T14:06:13.055+0000] {logging_mixin.py:190} INFO - Dag name:l30d_dump_pipeline queued_at:2024-12-28 14:06:05.467898+00:00
[2024-12-28T14:06:13.056+0000] {logging_mixin.py:190} INFO - Task hostname:24435936fa97 operator:PythonOperator
[2024-12-28T14:06:13.068+0000] {local_task_job_runner.py:266} INFO - Task exited with return code 0
[2024-12-28T14:06:13.094+0000] {taskinstance.py:3895} INFO - 0 downstream tasks scheduled from follow-on schedule check
[2024-12-28T14:06:13.100+0000] {local_task_job_runner.py:245} INFO - ::endgroup::
