[2025-01-01T19:36:02.390+0000] {local_task_job_runner.py:123} INFO - ::group::Pre task execution logs
[2025-01-01T19:36:02.405+0000] {taskinstance.py:2613} INFO - Dependencies all met for dep_context=non-requeueable deps ti=<TaskInstance: stock_price_monitor_v1.check_stock_price scheduled__2025-01-01T19:34:00+00:00 [queued]>
[2025-01-01T19:36:02.413+0000] {taskinstance.py:2613} INFO - Dependencies all met for dep_context=requeueable deps ti=<TaskInstance: stock_price_monitor_v1.check_stock_price scheduled__2025-01-01T19:34:00+00:00 [queued]>
[2025-01-01T19:36:02.415+0000] {taskinstance.py:2866} INFO - Starting attempt 1 of 2
[2025-01-01T19:36:02.427+0000] {taskinstance.py:2889} INFO - Executing <Task(PythonOperator): check_stock_price> on 2025-01-01 19:34:00+00:00
[2025-01-01T19:36:02.434+0000] {standard_task_runner.py:72} INFO - Started process 94054 to run task
[2025-01-01T19:36:02.438+0000] {standard_task_runner.py:104} INFO - Running: ['***', 'tasks', 'run', 'stock_price_monitor_v1', 'check_stock_price', 'scheduled__2025-01-01T19:34:00+00:00', '--job-id', '1563', '--raw', '--subdir', 'DAGS_FOLDER/email_generation.py', '--cfg-path', '/tmp/tmp61baq9fb']
[2025-01-01T19:36:02.440+0000] {standard_task_runner.py:105} INFO - Job 1563: Subtask check_stock_price
[2025-01-01T19:36:02.491+0000] {task_command.py:467} INFO - Running <TaskInstance: stock_price_monitor_v1.check_stock_price scheduled__2025-01-01T19:34:00+00:00 [running]> on host 95d98a98d27d
[2025-01-01T19:36:02.572+0000] {taskinstance.py:3132} INFO - Exporting env vars: AIRFLOW_CTX_DAG_OWNER='haziq' AIRFLOW_CTX_DAG_ID='stock_price_monitor_v1' AIRFLOW_CTX_TASK_ID='check_stock_price' AIRFLOW_CTX_EXECUTION_DATE='2025-01-01T19:34:00+00:00' AIRFLOW_CTX_TRY_NUMBER='1' AIRFLOW_CTX_DAG_RUN_ID='scheduled__2025-01-01T19:34:00+00:00'
[2025-01-01T19:36:02.574+0000] {logging_mixin.py:190} INFO - Task instance is in running state
[2025-01-01T19:36:02.575+0000] {logging_mixin.py:190} INFO -  Previous state of the Task instance: queued
[2025-01-01T19:36:02.577+0000] {logging_mixin.py:190} INFO - Current task name:check_stock_price state:running start_date:2025-01-01 19:36:02.407317+00:00
[2025-01-01T19:36:02.578+0000] {logging_mixin.py:190} INFO - Dag name:stock_price_monitor_v1 and current dag run status:running
[2025-01-01T19:36:02.579+0000] {taskinstance.py:731} INFO - ::endgroup::
[2025-01-01T19:36:02.590+0000] {base.py:84} INFO - Retrieving connection 'postgres_default'
[2025-01-01T19:36:02.596+0000] {sql.py:544} INFO - Running statement: select 1, parameters: None
[2025-01-01T19:36:02.598+0000] {sql.py:553} INFO - Rows affected: 1
[2025-01-01T19:36:02.600+0000] {logging_mixin.py:190} INFO - Connection successful
[2025-01-01T19:36:02.601+0000] {logging_mixin.py:190} INFO - Checking stock price...
[2025-01-01T19:36:02.605+0000] {sql.py:544} INFO - Running statement: 
        SELECT ticker, "Current Price" as current_price 
        FROM public.live_stock 
        LIMIT 1;
    , parameters: None
[2025-01-01T19:36:02.716+0000] {sql.py:553} INFO - Rows affected: 1
[2025-01-01T19:36:02.718+0000] {logging_mixin.py:190} INFO - Records: [('AAPL', '$250.42')]
[2025-01-01T19:36:02.720+0000] {logging_mixin.py:190} INFO - Ticker: AAPL, Price: 250.42
[2025-01-01T19:36:02.754+0000] {logging_mixin.py:190} INFO - Normal: AAPL price $250.42 is above threshold $200
[2025-01-01T19:36:02.755+0000] {python.py:240} INFO - Done. Returned value was: None
[2025-01-01T19:36:02.764+0000] {taskinstance.py:340} INFO - ::group::Post task execution logs
[2025-01-01T19:36:02.766+0000] {taskinstance.py:352} INFO - Marking task as SUCCESS. dag_id=stock_price_monitor_v1, task_id=check_stock_price, run_id=scheduled__2025-01-01T19:34:00+00:00, execution_date=20250101T193400, start_date=20250101T193602, end_date=20250101T193602
[2025-01-01T19:36:02.776+0000] {logging_mixin.py:190} INFO - Task instance in success state
[2025-01-01T19:36:02.778+0000] {logging_mixin.py:190} INFO -  Previous state of the Task instance: running
[2025-01-01T19:36:02.779+0000] {logging_mixin.py:190} INFO - Dag name:stock_price_monitor_v1 queued_at:2025-01-01 19:36:00.794769+00:00
[2025-01-01T19:36:02.781+0000] {logging_mixin.py:190} INFO - Task hostname:95d98a98d27d operator:PythonOperator
[2025-01-01T19:36:02.812+0000] {local_task_job_runner.py:266} INFO - Task exited with return code 0
[2025-01-01T19:36:02.836+0000] {taskinstance.py:3895} INFO - 1 downstream tasks scheduled from follow-on schedule check
[2025-01-01T19:36:02.839+0000] {local_task_job_runner.py:245} INFO - ::endgroup::
