[2024-12-30T20:06:05.718+0000] {local_task_job_runner.py:123} INFO - ::group::Pre task execution logs
[2024-12-30T20:06:05.736+0000] {taskinstance.py:2613} INFO - Dependencies all met for dep_context=non-requeueable deps ti=<TaskInstance: stock_price_monitor_v1.check_if_email_needed scheduled__2024-12-30T20:04:00+00:00 [queued]>
[2024-12-30T20:06:05.746+0000] {taskinstance.py:2613} INFO - Dependencies all met for dep_context=requeueable deps ti=<TaskInstance: stock_price_monitor_v1.check_if_email_needed scheduled__2024-12-30T20:04:00+00:00 [queued]>
[2024-12-30T20:06:05.748+0000] {taskinstance.py:2866} INFO - Starting attempt 1 of 2
[2024-12-30T20:06:05.763+0000] {taskinstance.py:2889} INFO - Executing <Task(ShortCircuitOperator): check_if_email_needed> on 2024-12-30 20:04:00+00:00
[2024-12-30T20:06:05.774+0000] {standard_task_runner.py:72} INFO - Started process 85879 to run task
[2024-12-30T20:06:05.780+0000] {standard_task_runner.py:104} INFO - Running: ['***', 'tasks', 'run', 'stock_price_monitor_v1', 'check_if_email_needed', 'scheduled__2024-12-30T20:04:00+00:00', '--job-id', '1361', '--raw', '--subdir', 'DAGS_FOLDER/email_generation.py', '--cfg-path', '/tmp/tmp8c4tfp9x']
[2024-12-30T20:06:05.783+0000] {standard_task_runner.py:105} INFO - Job 1361: Subtask check_if_email_needed
[2024-12-30T20:06:05.842+0000] {task_command.py:467} INFO - Running <TaskInstance: stock_price_monitor_v1.check_if_email_needed scheduled__2024-12-30T20:04:00+00:00 [running]> on host 95d98a98d27d
[2024-12-30T20:06:05.937+0000] {taskinstance.py:3132} INFO - Exporting env vars: AIRFLOW_CTX_DAG_OWNER='haziq' AIRFLOW_CTX_DAG_ID='stock_price_monitor_v1' AIRFLOW_CTX_TASK_ID='check_if_email_needed' AIRFLOW_CTX_EXECUTION_DATE='2024-12-30T20:04:00+00:00' AIRFLOW_CTX_TRY_NUMBER='1' AIRFLOW_CTX_DAG_RUN_ID='scheduled__2024-12-30T20:04:00+00:00'
[2024-12-30T20:06:05.939+0000] {logging_mixin.py:190} INFO - Task instance is in running state
[2024-12-30T20:06:05.940+0000] {logging_mixin.py:190} INFO -  Previous state of the Task instance: queued
[2024-12-30T20:06:05.941+0000] {logging_mixin.py:190} INFO - Current task name:check_if_email_needed state:running start_date:2024-12-30 20:06:05.738374+00:00
[2024-12-30T20:06:05.942+0000] {logging_mixin.py:190} INFO - Dag name:stock_price_monitor_v1 and current dag run status:running
[2024-12-30T20:06:05.943+0000] {taskinstance.py:731} INFO - ::endgroup::
[2024-12-30T20:06:05.944+0000] {baseoperator.py:416} WARNING - ShortCircuitOperator.execute cannot be called outside TaskInstance!
[2024-12-30T20:06:05.956+0000] {python.py:240} INFO - Done. Returned value was: False
[2024-12-30T20:06:05.959+0000] {python.py:309} INFO - Condition result is False
[2024-12-30T20:06:05.960+0000] {python.py:336} INFO - Skipping downstream tasks
[2024-12-30T20:06:05.988+0000] {python.py:344} INFO - Done.
[2024-12-30T20:06:06.009+0000] {taskinstance.py:340} INFO - ::group::Post task execution logs
[2024-12-30T20:06:06.011+0000] {taskinstance.py:352} INFO - Marking task as SUCCESS. dag_id=stock_price_monitor_v1, task_id=check_if_email_needed, run_id=scheduled__2024-12-30T20:04:00+00:00, execution_date=20241230T200400, start_date=20241230T200605, end_date=20241230T200606
[2024-12-30T20:06:06.023+0000] {logging_mixin.py:190} INFO - Task instance in success state
[2024-12-30T20:06:06.024+0000] {logging_mixin.py:190} INFO -  Previous state of the Task instance: running
[2024-12-30T20:06:06.026+0000] {logging_mixin.py:190} INFO - Dag name:stock_price_monitor_v1 queued_at:2024-12-30 20:06:00.842028+00:00
[2024-12-30T20:06:06.027+0000] {logging_mixin.py:190} INFO - Task hostname:95d98a98d27d operator:ShortCircuitOperator
[2024-12-30T20:06:06.074+0000] {local_task_job_runner.py:266} INFO - Task exited with return code 0
[2024-12-30T20:06:06.093+0000] {taskinstance.py:3895} INFO - 0 downstream tasks scheduled from follow-on schedule check
[2024-12-30T20:06:06.096+0000] {local_task_job_runner.py:245} INFO - ::endgroup::
