[2024-12-30T21:20:02.582+0000] {local_task_job_runner.py:123} INFO - ::group::Pre task execution logs
[2024-12-30T21:20:02.598+0000] {taskinstance.py:2613} INFO - Dependencies all met for dep_context=non-requeueable deps ti=<TaskInstance: stock_price_monitor_v1.check_stock_price scheduled__2024-12-30T21:18:00+00:00 [queued]>
[2024-12-30T21:20:02.606+0000] {taskinstance.py:2613} INFO - Dependencies all met for dep_context=requeueable deps ti=<TaskInstance: stock_price_monitor_v1.check_stock_price scheduled__2024-12-30T21:18:00+00:00 [queued]>
[2024-12-30T21:20:02.607+0000] {taskinstance.py:2866} INFO - Starting attempt 1 of 2
[2024-12-30T21:20:02.624+0000] {taskinstance.py:2889} INFO - Executing <Task(PythonOperator): check_stock_price> on 2024-12-30 21:18:00+00:00
[2024-12-30T21:20:02.633+0000] {standard_task_runner.py:72} INFO - Started process 27241 to run task
[2024-12-30T21:20:02.637+0000] {standard_task_runner.py:104} INFO - Running: ['***', 'tasks', 'run', 'stock_price_monitor_v1', 'check_stock_price', 'scheduled__2024-12-30T21:18:00+00:00', '--job-id', '1435', '--raw', '--subdir', 'DAGS_FOLDER/email_generation.py', '--cfg-path', '/tmp/tmp32_7mpp4']
[2024-12-30T21:20:02.639+0000] {standard_task_runner.py:105} INFO - Job 1435: Subtask check_stock_price
[2024-12-30T21:20:02.699+0000] {task_command.py:467} INFO - Running <TaskInstance: stock_price_monitor_v1.check_stock_price scheduled__2024-12-30T21:18:00+00:00 [running]> on host 95d98a98d27d
[2024-12-30T21:20:02.794+0000] {taskinstance.py:3132} INFO - Exporting env vars: AIRFLOW_CTX_DAG_OWNER='haziq' AIRFLOW_CTX_DAG_ID='stock_price_monitor_v1' AIRFLOW_CTX_TASK_ID='check_stock_price' AIRFLOW_CTX_EXECUTION_DATE='2024-12-30T21:18:00+00:00' AIRFLOW_CTX_TRY_NUMBER='1' AIRFLOW_CTX_DAG_RUN_ID='scheduled__2024-12-30T21:18:00+00:00'
[2024-12-30T21:20:02.796+0000] {logging_mixin.py:190} INFO - Task instance is in running state
[2024-12-30T21:20:02.797+0000] {logging_mixin.py:190} INFO -  Previous state of the Task instance: queued
[2024-12-30T21:20:02.798+0000] {logging_mixin.py:190} INFO - Current task name:check_stock_price state:running start_date:2024-12-30 21:20:02.600105+00:00
[2024-12-30T21:20:02.799+0000] {logging_mixin.py:190} INFO - Dag name:stock_price_monitor_v1 and current dag run status:running
[2024-12-30T21:20:02.800+0000] {taskinstance.py:731} INFO - ::endgroup::
[2024-12-30T21:20:02.810+0000] {base.py:84} INFO - Retrieving connection 'postgres_default'
[2024-12-30T21:20:02.814+0000] {sql.py:544} INFO - Running statement: select 1, parameters: None
[2024-12-30T21:20:02.816+0000] {sql.py:553} INFO - Rows affected: 1
[2024-12-30T21:20:02.818+0000] {logging_mixin.py:190} INFO - Connection successful
[2024-12-30T21:20:02.819+0000] {logging_mixin.py:190} INFO - Checking stock price...
[2024-12-30T21:20:02.824+0000] {sql.py:544} INFO - Running statement: 
        SELECT ticker, "Current Price" as current_price 
        FROM public.live_stock 
        LIMIT 1;
    , parameters: None
[2024-12-30T21:20:02.873+0000] {sql.py:553} INFO - Rows affected: 1
[2024-12-30T21:20:02.875+0000] {logging_mixin.py:190} INFO - Records: [('AAPL', '$252.2')]
[2024-12-30T21:20:02.877+0000] {logging_mixin.py:190} INFO - Ticker: AAPL, Price: 252.2
[2024-12-30T21:20:02.914+0000] {logging_mixin.py:190} INFO - Normal: AAPL price $252.2 is above threshold $200
[2024-12-30T21:20:02.916+0000] {python.py:240} INFO - Done. Returned value was: None
[2024-12-30T21:20:02.929+0000] {taskinstance.py:340} INFO - ::group::Post task execution logs
[2024-12-30T21:20:02.931+0000] {taskinstance.py:352} INFO - Marking task as SUCCESS. dag_id=stock_price_monitor_v1, task_id=check_stock_price, run_id=scheduled__2024-12-30T21:18:00+00:00, execution_date=20241230T211800, start_date=20241230T212002, end_date=20241230T212002
[2024-12-30T21:20:02.942+0000] {logging_mixin.py:190} INFO - Task instance in success state
[2024-12-30T21:20:02.944+0000] {logging_mixin.py:190} INFO -  Previous state of the Task instance: running
[2024-12-30T21:20:02.945+0000] {logging_mixin.py:190} INFO - Dag name:stock_price_monitor_v1 queued_at:2024-12-30 21:20:00.908618+00:00
[2024-12-30T21:20:02.946+0000] {logging_mixin.py:190} INFO - Task hostname:95d98a98d27d operator:PythonOperator
[2024-12-30T21:20:02.971+0000] {local_task_job_runner.py:266} INFO - Task exited with return code 0
[2024-12-30T21:20:02.996+0000] {taskinstance.py:3895} INFO - 1 downstream tasks scheduled from follow-on schedule check
[2024-12-30T21:20:02.999+0000] {local_task_job_runner.py:245} INFO - ::endgroup::
