[2024-12-27T18:19:00.088+0000] {local_task_job_runner.py:123} INFO - ::group::Pre task execution logs
[2024-12-27T18:19:00.110+0000] {taskinstance.py:2613} INFO - Dependencies all met for dep_context=non-requeueable deps ti=<TaskInstance: l30d_dump_pipeline.l30_dump_pipeline manual__2024-12-27T18:18:57.309903+00:00 [queued]>
[2024-12-27T18:19:00.121+0000] {taskinstance.py:2613} INFO - Dependencies all met for dep_context=requeueable deps ti=<TaskInstance: l30d_dump_pipeline.l30_dump_pipeline manual__2024-12-27T18:18:57.309903+00:00 [queued]>
[2024-12-27T18:19:00.123+0000] {taskinstance.py:2866} INFO - Starting attempt 1 of 2
[2024-12-27T18:19:00.138+0000] {taskinstance.py:2889} INFO - Executing <Task(PythonOperator): l30_dump_pipeline> on 2024-12-27 18:18:57.309903+00:00
[2024-12-27T18:19:00.146+0000] {standard_task_runner.py:72} INFO - Started process 417 to run task
[2024-12-27T18:19:00.151+0000] {standard_task_runner.py:104} INFO - Running: ['***', 'tasks', 'run', 'l30d_dump_pipeline', 'l30_dump_pipeline', 'manual__2024-12-27T18:18:57.309903+00:00', '--job-id', '115', '--raw', '--subdir', 'DAGS_FOLDER/L30D_data_dump.py', '--cfg-path', '/tmp/tmptghwna02']
[2024-12-27T18:19:00.154+0000] {standard_task_runner.py:105} INFO - Job 115: Subtask l30_dump_pipeline
[2024-12-27T18:19:00.209+0000] {task_command.py:467} INFO - Running <TaskInstance: l30d_dump_pipeline.l30_dump_pipeline manual__2024-12-27T18:18:57.309903+00:00 [running]> on host 0a732720d1ba
[2024-12-27T18:19:00.308+0000] {taskinstance.py:3132} INFO - Exporting env vars: AIRFLOW_CTX_DAG_OWNER='haziq' AIRFLOW_CTX_DAG_ID='l30d_dump_pipeline' AIRFLOW_CTX_TASK_ID='l30_dump_pipeline' AIRFLOW_CTX_EXECUTION_DATE='2024-12-27T18:18:57.309903+00:00' AIRFLOW_CTX_TRY_NUMBER='1' AIRFLOW_CTX_DAG_RUN_ID='manual__2024-12-27T18:18:57.309903+00:00'
[2024-12-27T18:19:00.314+0000] {logging_mixin.py:190} INFO - Task instance is in running state
[2024-12-27T18:19:00.315+0000] {logging_mixin.py:190} INFO -  Previous state of the Task instance: queued
[2024-12-27T18:19:00.317+0000] {logging_mixin.py:190} INFO - Current task name:l30_dump_pipeline state:running start_date:2024-12-27 18:19:00.111544+00:00
[2024-12-27T18:19:00.319+0000] {logging_mixin.py:190} INFO - Dag name:l30d_dump_pipeline and current dag run status:running
[2024-12-27T18:19:00.321+0000] {taskinstance.py:731} INFO - ::endgroup::
[2024-12-27T18:19:04.992+0000] {logging_mixin.py:190} INFO - <pyspark.sql.session.SparkSession object at 0x7fbafde7fe20>
[2024-12-27T18:19:04.993+0000] {logging_mixin.py:190} INFO - Spark session created successfully
[2024-12-27T18:19:06.176+0000] {java_gateway.py:2273} INFO - Callback Server Starting
[2024-12-27T18:19:06.178+0000] {java_gateway.py:2275} INFO - Socket listening on ('127.0.0.1', 33997)
[2024-12-27T18:19:07.729+0000] {clientserver.py:561} INFO - Python Server ready to receive messages
[2024-12-27T18:19:07.730+0000] {clientserver.py:575} INFO - Received command c on object id p0
[2024-12-27T18:19:08.289+0000] {logging_mixin.py:190} INFO - True
[2024-12-27T18:19:08.290+0000] {logging_mixin.py:190} INFO - Table historical_stock_data already exists
[2024-12-27T18:19:08.300+0000] {logging_mixin.py:190} INFO - Successfully appended 0 rows to historical_stock_data
[2024-12-27T18:20:12.256+0000] {clientserver.py:575} INFO - Received command c on object id p0
[2024-12-27T18:20:13.508+0000] {logging_mixin.py:190} INFO - True
[2024-12-27T18:20:13.510+0000] {logging_mixin.py:190} INFO - Table historical_stock_data already exists
[2024-12-27T18:20:13.515+0000] {logging_mixin.py:190} INFO - Successfully appended 64 rows to historical_stock_data
[2024-12-28T12:40:28.700+0000] {job.py:229} INFO - Heartbeat recovered after 54190.89 seconds
[2024-12-28T12:40:44.821+0000] {local_task_job_runner.py:346} WARNING - State of this instance has been externally set to up_for_retry. Terminating instance.
[2024-12-28T12:40:44.835+0000] {local_task_job_runner.py:245} INFO - ::endgroup::
[2024-12-28T12:40:44.895+0000] {process_utils.py:132} INFO - Sending 15 to group 417. PIDs of all processes in the group: [419, 417]
[2024-12-28T12:40:44.907+0000] {process_utils.py:87} INFO - Sending the signal 15 to group 417
[2024-12-28T12:40:44.977+0000] {taskinstance.py:3093} ERROR - Received SIGTERM. Terminating subprocesses.
[2024-12-28T12:40:47.369+0000] {taskinstance.py:3311} ERROR - Task failed with exception
Traceback (most recent call last):
  File "/home/airflow/.local/lib/python3.10/site-packages/airflow/models/taskinstance.py", line 767, in _execute_task
    result = _execute_callable(context=context, **execute_callable_kwargs)
  File "/home/airflow/.local/lib/python3.10/site-packages/airflow/models/taskinstance.py", line 733, in _execute_callable
    return ExecutionCallableRunner(
  File "/home/airflow/.local/lib/python3.10/site-packages/airflow/utils/operator_helpers.py", line 252, in run
    return self.func(*args, **kwargs)
  File "/home/airflow/.local/lib/python3.10/site-packages/airflow/models/baseoperator.py", line 417, in wrapper
    return func(self, *args, **kwargs)
  File "/home/airflow/.local/lib/python3.10/site-packages/airflow/operators/python.py", line 238, in execute
    return_value = self.execute_callable()
  File "/home/airflow/.local/lib/python3.10/site-packages/airflow/operators/python.py", line 256, in execute_callable
    return runner.run(*self.op_args, **self.op_kwargs)
  File "/home/airflow/.local/lib/python3.10/site-packages/airflow/utils/operator_helpers.py", line 252, in run
    return self.func(*args, **kwargs)
  File "/opt/airflow/pipeline/pipeline.py", line 15, in l30d_data_dump_pipeline
    spark_l30d(topic, BROKER)
  File "/opt/airflow/etl/data_dump_v2.py", line 282, in spark_l30d
    #     .option("checkpointLocation", "C:/checkpoint/query2") \
  File "/opt/spark/python/pyspark/sql/streaming/query.py", line 221, in awaitTermination
    return self._jsq.awaitTermination()
  File "/home/airflow/.local/lib/python3.10/site-packages/py4j/java_gateway.py", line 1321, in __call__
    answer = self.gateway_client.send_command(command)
  File "/home/airflow/.local/lib/python3.10/site-packages/py4j/java_gateway.py", line 1038, in send_command
    response = connection.send_command(command)
  File "/home/airflow/.local/lib/python3.10/site-packages/py4j/clientserver.py", line 511, in send_command
    answer = smart_decode(self.stream.readline()[:-1])
  File "/usr/local/lib/python3.10/socket.py", line 717, in readinto
    return self._sock.recv_into(b)
  File "/home/airflow/.local/lib/python3.10/site-packages/airflow/models/taskinstance.py", line 3095, in signal_handler
    raise AirflowTaskTerminated("Task received SIGTERM signal")
airflow.exceptions.AirflowTaskTerminated: Task received SIGTERM signal
[2024-12-28T12:40:47.849+0000] {logging_mixin.py:190} INFO - Task instance in failure state
[2024-12-28T12:40:47.854+0000] {logging_mixin.py:190} INFO - Task start:2024-12-27 18:19:00.111544+00:00 end:2024-12-28 12:40:47.724544+00:00 duration:66107.613
[2024-12-28T12:40:47.876+0000] {logging_mixin.py:190} INFO - Task:<Task(PythonOperator): l30_dump_pipeline> dag:<DAG: l30d_dump_pipeline> dagrun:<DagRun l30d_dump_pipeline @ 2024-12-27 18:18:57.309903+00:00: manual__2024-12-27T18:18:57.309903+00:00, state:running, queued_at: 2024-12-27 18:18:57.339276+00:00. externally triggered: True>
[2024-12-28T12:40:47.881+0000] {logging_mixin.py:190} INFO - Failure caused by Task received SIGTERM signal
[2024-12-28T12:40:47.886+0000] {taskinstance.py:1225} INFO - Marking task as UP_FOR_RETRY. dag_id=l30d_dump_pipeline, task_id=l30_dump_pipeline, run_id=manual__2024-12-27T18:18:57.309903+00:00, execution_date=20241227T181857, start_date=20241227T181900, end_date=20241228T124047
[2024-12-28T12:40:48.230+0000] {taskinstance.py:340} INFO - ::group::Post task execution logs
[2024-12-28T12:40:48.413+0000] {process_utils.py:80} INFO - Process psutil.Process(pid=417, status='terminated', exitcode=2, started='18:19:00') (417) terminated with exit code 2
[2024-12-28T12:40:50.476+0000] {process_utils.py:80} INFO - Process psutil.Process(pid=419, status='terminated', started='18:19:00') (419) terminated with exit code None
