[2024-12-29T16:14:05.988+0000] {local_task_job_runner.py:123} INFO - ::group::Pre task execution logs
[2024-12-29T16:14:06.010+0000] {taskinstance.py:2613} INFO - Dependencies all met for dep_context=non-requeueable deps ti=<TaskInstance: stock_price_monitor_v1.check_if_email_needed scheduled__2024-12-29T16:12:00+00:00 [queued]>
[2024-12-29T16:14:06.025+0000] {taskinstance.py:2613} INFO - Dependencies all met for dep_context=requeueable deps ti=<TaskInstance: stock_price_monitor_v1.check_if_email_needed scheduled__2024-12-29T16:12:00+00:00 [queued]>
[2024-12-29T16:14:06.027+0000] {taskinstance.py:2866} INFO - Starting attempt 1 of 2
[2024-12-29T16:14:06.044+0000] {taskinstance.py:2889} INFO - Executing <Task(ShortCircuitOperator): check_if_email_needed> on 2024-12-29 16:12:00+00:00
[2024-12-29T16:14:06.053+0000] {standard_task_runner.py:72} INFO - Started process 43521 to run task
[2024-12-29T16:14:06.059+0000] {standard_task_runner.py:104} INFO - Running: ['***', 'tasks', 'run', 'stock_price_monitor_v1', 'check_if_email_needed', 'scheduled__2024-12-29T16:12:00+00:00', '--job-id', '1215', '--raw', '--subdir', 'DAGS_FOLDER/email_generation.py', '--cfg-path', '/tmp/tmp76qg58nv']
[2024-12-29T16:14:06.062+0000] {standard_task_runner.py:105} INFO - Job 1215: Subtask check_if_email_needed
[2024-12-29T16:14:06.133+0000] {task_command.py:467} INFO - Running <TaskInstance: stock_price_monitor_v1.check_if_email_needed scheduled__2024-12-29T16:12:00+00:00 [running]> on host 95d98a98d27d
[2024-12-29T16:14:06.253+0000] {taskinstance.py:3132} INFO - Exporting env vars: AIRFLOW_CTX_DAG_OWNER='haziq' AIRFLOW_CTX_DAG_ID='stock_price_monitor_v1' AIRFLOW_CTX_TASK_ID='check_if_email_needed' AIRFLOW_CTX_EXECUTION_DATE='2024-12-29T16:12:00+00:00' AIRFLOW_CTX_TRY_NUMBER='1' AIRFLOW_CTX_DAG_RUN_ID='scheduled__2024-12-29T16:12:00+00:00'
[2024-12-29T16:14:06.256+0000] {logging_mixin.py:190} INFO - Task instance is in running state
[2024-12-29T16:14:06.258+0000] {logging_mixin.py:190} INFO -  Previous state of the Task instance: queued
[2024-12-29T16:14:06.260+0000] {logging_mixin.py:190} INFO - Current task name:check_if_email_needed state:running start_date:2024-12-29 16:14:06.013068+00:00
[2024-12-29T16:14:06.262+0000] {logging_mixin.py:190} INFO - Dag name:stock_price_monitor_v1 and current dag run status:running
[2024-12-29T16:14:06.264+0000] {taskinstance.py:731} INFO - ::endgroup::
[2024-12-29T16:14:06.266+0000] {baseoperator.py:416} WARNING - ShortCircuitOperator.execute cannot be called outside TaskInstance!
[2024-12-29T16:14:06.282+0000] {python.py:240} INFO - Done. Returned value was: False
[2024-12-29T16:14:06.287+0000] {python.py:309} INFO - Condition result is False
[2024-12-29T16:14:06.289+0000] {python.py:336} INFO - Skipping downstream tasks
[2024-12-29T16:14:06.323+0000] {python.py:344} INFO - Done.
[2024-12-29T16:14:06.348+0000] {taskinstance.py:340} INFO - ::group::Post task execution logs
[2024-12-29T16:14:06.350+0000] {taskinstance.py:352} INFO - Marking task as SUCCESS. dag_id=stock_price_monitor_v1, task_id=check_if_email_needed, run_id=scheduled__2024-12-29T16:12:00+00:00, execution_date=20241229T161200, start_date=20241229T161406, end_date=20241229T161406
[2024-12-29T16:14:06.363+0000] {logging_mixin.py:190} INFO - Task instance in success state
[2024-12-29T16:14:06.365+0000] {logging_mixin.py:190} INFO -  Previous state of the Task instance: running
[2024-12-29T16:14:06.367+0000] {logging_mixin.py:190} INFO - Dag name:stock_price_monitor_v1 queued_at:2024-12-29 16:14:00.418601+00:00
[2024-12-29T16:14:06.369+0000] {logging_mixin.py:190} INFO - Task hostname:95d98a98d27d operator:ShortCircuitOperator
[2024-12-29T16:14:06.396+0000] {local_task_job_runner.py:266} INFO - Task exited with return code 0
[2024-12-29T16:14:06.424+0000] {taskinstance.py:3895} INFO - 0 downstream tasks scheduled from follow-on schedule check
[2024-12-29T16:14:06.429+0000] {local_task_job_runner.py:245} INFO - ::endgroup::
