[2024-12-28T13:04:25.574+0000] {local_task_job_runner.py:123} INFO - ::group::Pre task execution logs
[2024-12-28T13:04:25.589+0000] {taskinstance.py:2613} INFO - Dependencies all met for dep_context=non-requeueable deps ti=<TaskInstance: l30d_dump_pipeline.l30_dump_pipeline scheduled__2024-12-27T00:00:00+00:00 [queued]>
[2024-12-28T13:04:25.597+0000] {taskinstance.py:2613} INFO - Dependencies all met for dep_context=requeueable deps ti=<TaskInstance: l30d_dump_pipeline.l30_dump_pipeline scheduled__2024-12-27T00:00:00+00:00 [queued]>
[2024-12-28T13:04:25.599+0000] {taskinstance.py:2866} INFO - Starting attempt 2 of 2
[2024-12-28T13:04:25.611+0000] {taskinstance.py:2889} INFO - Executing <Task(PythonOperator): l30_dump_pipeline> on 2024-12-27 00:00:00+00:00
[2024-12-28T13:04:25.619+0000] {standard_task_runner.py:72} INFO - Started process 27178 to run task
[2024-12-28T13:04:25.624+0000] {standard_task_runner.py:104} INFO - Running: ['***', 'tasks', 'run', 'l30d_dump_pipeline', 'l30_dump_pipeline', 'scheduled__2024-12-27T00:00:00+00:00', '--job-id', '142', '--raw', '--subdir', 'DAGS_FOLDER/L30D_data_dump.py', '--cfg-path', '/tmp/tmprqaxemd6']
[2024-12-28T13:04:25.627+0000] {standard_task_runner.py:105} INFO - Job 142: Subtask l30_dump_pipeline
[2024-12-28T13:04:25.685+0000] {task_command.py:467} INFO - Running <TaskInstance: l30d_dump_pipeline.l30_dump_pipeline scheduled__2024-12-27T00:00:00+00:00 [running]> on host 0a732720d1ba
[2024-12-28T13:04:25.754+0000] {taskinstance.py:3132} INFO - Exporting env vars: AIRFLOW_CTX_DAG_OWNER='haziq' AIRFLOW_CTX_DAG_ID='l30d_dump_pipeline' AIRFLOW_CTX_TASK_ID='l30_dump_pipeline' AIRFLOW_CTX_EXECUTION_DATE='2024-12-27T00:00:00+00:00' AIRFLOW_CTX_TRY_NUMBER='2' AIRFLOW_CTX_DAG_RUN_ID='scheduled__2024-12-27T00:00:00+00:00'
[2024-12-28T13:04:25.757+0000] {logging_mixin.py:190} INFO - Task instance is in running state
[2024-12-28T13:04:25.758+0000] {logging_mixin.py:190} INFO -  Previous state of the Task instance: queued
[2024-12-28T13:04:25.759+0000] {logging_mixin.py:190} INFO - Current task name:l30_dump_pipeline state:running start_date:2024-12-28 13:04:25.591559+00:00
[2024-12-28T13:04:25.760+0000] {logging_mixin.py:190} INFO - Dag name:l30d_dump_pipeline and current dag run status:running
[2024-12-28T13:04:25.761+0000] {taskinstance.py:731} INFO - ::endgroup::
[2024-12-28T13:04:29.621+0000] {logging_mixin.py:190} INFO - <pyspark.sql.session.SparkSession object at 0x7fbafde83640>
[2024-12-28T13:04:29.622+0000] {logging_mixin.py:190} INFO - Spark session created successfully
[2024-12-28T13:04:30.759+0000] {java_gateway.py:2273} INFO - Callback Server Starting
[2024-12-28T13:04:30.761+0000] {java_gateway.py:2275} INFO - Socket listening on ('127.0.0.1', 38495)
[2024-12-28T13:04:30.948+0000] {python.py:240} INFO - Done. Returned value was: None
[2024-12-28T13:04:30.961+0000] {taskinstance.py:340} INFO - ::group::Post task execution logs
[2024-12-28T13:04:30.963+0000] {taskinstance.py:352} INFO - Marking task as SUCCESS. dag_id=l30d_dump_pipeline, task_id=l30_dump_pipeline, run_id=scheduled__2024-12-27T00:00:00+00:00, execution_date=20241227T000000, start_date=20241228T130425, end_date=20241228T130430
[2024-12-28T13:04:30.973+0000] {logging_mixin.py:190} INFO - Task instance in success state
[2024-12-28T13:04:30.974+0000] {logging_mixin.py:190} INFO -  Previous state of the Task instance: running
[2024-12-28T13:04:30.975+0000] {logging_mixin.py:190} INFO - Dag name:l30d_dump_pipeline queued_at:2024-12-28 12:40:30.280699+00:00
[2024-12-28T13:04:30.977+0000] {logging_mixin.py:190} INFO - Task hostname:0a732720d1ba operator:PythonOperator
[2024-12-28T13:04:31.010+0000] {local_task_job_runner.py:266} INFO - Task exited with return code 0
[2024-12-28T13:04:31.028+0000] {taskinstance.py:3895} INFO - 0 downstream tasks scheduled from follow-on schedule check
[2024-12-28T13:04:31.030+0000] {local_task_job_runner.py:245} INFO - ::endgroup::
