[2024-12-28T13:57:57.165+0000] {local_task_job_runner.py:123} INFO - ::group::Pre task execution logs
[2024-12-28T13:57:57.180+0000] {taskinstance.py:2613} INFO - Dependencies all met for dep_context=non-requeueable deps ti=<TaskInstance: l30d_dump_pipeline_v2.wait_for_l30d_ingestion_pipeline manual__2024-12-28T13:57:54.800643+00:00 [queued]>
[2024-12-28T13:57:57.191+0000] {taskinstance.py:2613} INFO - Dependencies all met for dep_context=requeueable deps ti=<TaskInstance: l30d_dump_pipeline_v2.wait_for_l30d_ingestion_pipeline manual__2024-12-28T13:57:54.800643+00:00 [queued]>
[2024-12-28T13:57:57.192+0000] {taskinstance.py:2866} INFO - Starting attempt 1 of 2
[2024-12-28T13:57:57.203+0000] {taskinstance.py:2889} INFO - Executing <Task(ExternalTaskSensor): wait_for_l30d_ingestion_pipeline> on 2024-12-28 13:57:54.800643+00:00
[2024-12-28T13:57:57.210+0000] {standard_task_runner.py:72} INFO - Started process 869 to run task
[2024-12-28T13:57:57.213+0000] {standard_task_runner.py:104} INFO - Running: ['***', 'tasks', 'run', 'l30d_dump_pipeline_v2', 'wait_for_l30d_ingestion_pipeline', 'manual__2024-12-28T13:57:54.800643+00:00', '--job-id', '174', '--raw', '--subdir', 'DAGS_FOLDER/L30D_ingestion_dump.py', '--cfg-path', '/tmp/tmphhqoxnh2']
[2024-12-28T13:57:57.215+0000] {standard_task_runner.py:105} INFO - Job 174: Subtask wait_for_l30d_ingestion_pipeline
[2024-12-28T13:57:57.255+0000] {task_command.py:467} INFO - Running <TaskInstance: l30d_dump_pipeline_v2.wait_for_l30d_ingestion_pipeline manual__2024-12-28T13:57:54.800643+00:00 [running]> on host 24435936fa97
[2024-12-28T13:57:57.323+0000] {taskinstance.py:3132} INFO - Exporting env vars: AIRFLOW_CTX_DAG_OWNER='haziq' AIRFLOW_CTX_DAG_ID='l30d_dump_pipeline_v2' AIRFLOW_CTX_TASK_ID='wait_for_l30d_ingestion_pipeline' AIRFLOW_CTX_EXECUTION_DATE='2024-12-28T13:57:54.800643+00:00' AIRFLOW_CTX_TRY_NUMBER='1' AIRFLOW_CTX_DAG_RUN_ID='manual__2024-12-28T13:57:54.800643+00:00'
[2024-12-28T13:57:57.326+0000] {logging_mixin.py:190} INFO - Task instance is in running state
[2024-12-28T13:57:57.327+0000] {logging_mixin.py:190} INFO -  Previous state of the Task instance: queued
[2024-12-28T13:57:57.328+0000] {logging_mixin.py:190} INFO - Current task name:wait_for_l30d_ingestion_pipeline state:running start_date:2024-12-28 13:57:57.182174+00:00
[2024-12-28T13:57:57.328+0000] {logging_mixin.py:190} INFO - Dag name:l30d_dump_pipeline_v2 and current dag run status:running
[2024-12-28T13:57:57.329+0000] {taskinstance.py:731} INFO - ::endgroup::
[2024-12-28T13:57:57.331+0000] {baseoperator.py:416} WARNING - ExternalTaskSensor.execute cannot be called outside TaskInstance!
[2024-12-28T13:57:57.332+0000] {external_task.py:258} INFO - Poking for tasks ['l30_pipeline_ingestion_task'] in dag L30d_ingestion_pipeline_v2 on 2024-12-28T13:57:54.800643+00:00 ... 
[2024-12-28T13:57:57.333+0000] {warnings.py:109} WARNING - /home/***/.local/lib/python3.10/site-packages/***/utils/session.py:97: DeprecationWarning: This method is deprecated and will be removed in future.
  return func(*args, session=session, **kwargs)

[2024-12-28T13:58:07.352+0000] {external_task.py:258} INFO - Poking for tasks ['l30_pipeline_ingestion_task'] in dag L30d_ingestion_pipeline_v2 on 2024-12-28T13:57:54.800643+00:00 ... 
[2024-12-28T13:58:17.372+0000] {external_task.py:258} INFO - Poking for tasks ['l30_pipeline_ingestion_task'] in dag L30d_ingestion_pipeline_v2 on 2024-12-28T13:57:54.800643+00:00 ... 
[2024-12-28T13:58:27.391+0000] {external_task.py:258} INFO - Poking for tasks ['l30_pipeline_ingestion_task'] in dag L30d_ingestion_pipeline_v2 on 2024-12-28T13:57:54.800643+00:00 ... 
[2024-12-28T13:58:37.401+0000] {external_task.py:258} INFO - Poking for tasks ['l30_pipeline_ingestion_task'] in dag L30d_ingestion_pipeline_v2 on 2024-12-28T13:57:54.800643+00:00 ... 
[2024-12-28T13:58:47.421+0000] {external_task.py:258} INFO - Poking for tasks ['l30_pipeline_ingestion_task'] in dag L30d_ingestion_pipeline_v2 on 2024-12-28T13:57:54.800643+00:00 ... 
[2024-12-28T13:58:57.439+0000] {external_task.py:258} INFO - Poking for tasks ['l30_pipeline_ingestion_task'] in dag L30d_ingestion_pipeline_v2 on 2024-12-28T13:57:54.800643+00:00 ... 
[2024-12-28T13:59:07.459+0000] {external_task.py:258} INFO - Poking for tasks ['l30_pipeline_ingestion_task'] in dag L30d_ingestion_pipeline_v2 on 2024-12-28T13:57:54.800643+00:00 ... 
[2024-12-28T13:59:17.479+0000] {external_task.py:258} INFO - Poking for tasks ['l30_pipeline_ingestion_task'] in dag L30d_ingestion_pipeline_v2 on 2024-12-28T13:57:54.800643+00:00 ... 
[2024-12-28T13:59:27.497+0000] {external_task.py:258} INFO - Poking for tasks ['l30_pipeline_ingestion_task'] in dag L30d_ingestion_pipeline_v2 on 2024-12-28T13:57:54.800643+00:00 ... 
[2024-12-28T13:59:37.508+0000] {external_task.py:258} INFO - Poking for tasks ['l30_pipeline_ingestion_task'] in dag L30d_ingestion_pipeline_v2 on 2024-12-28T13:57:54.800643+00:00 ... 
[2024-12-28T13:59:47.528+0000] {external_task.py:258} INFO - Poking for tasks ['l30_pipeline_ingestion_task'] in dag L30d_ingestion_pipeline_v2 on 2024-12-28T13:57:54.800643+00:00 ... 
[2024-12-28T13:59:57.548+0000] {external_task.py:258} INFO - Poking for tasks ['l30_pipeline_ingestion_task'] in dag L30d_ingestion_pipeline_v2 on 2024-12-28T13:57:54.800643+00:00 ... 
[2024-12-28T14:00:07.567+0000] {external_task.py:258} INFO - Poking for tasks ['l30_pipeline_ingestion_task'] in dag L30d_ingestion_pipeline_v2 on 2024-12-28T13:57:54.800643+00:00 ... 
[2024-12-28T14:00:17.587+0000] {external_task.py:258} INFO - Poking for tasks ['l30_pipeline_ingestion_task'] in dag L30d_ingestion_pipeline_v2 on 2024-12-28T13:57:54.800643+00:00 ... 
[2024-12-28T14:00:27.606+0000] {external_task.py:258} INFO - Poking for tasks ['l30_pipeline_ingestion_task'] in dag L30d_ingestion_pipeline_v2 on 2024-12-28T13:57:54.800643+00:00 ... 
[2024-12-28T14:00:37.616+0000] {external_task.py:258} INFO - Poking for tasks ['l30_pipeline_ingestion_task'] in dag L30d_ingestion_pipeline_v2 on 2024-12-28T13:57:54.800643+00:00 ... 
[2024-12-28T14:00:47.636+0000] {external_task.py:258} INFO - Poking for tasks ['l30_pipeline_ingestion_task'] in dag L30d_ingestion_pipeline_v2 on 2024-12-28T13:57:54.800643+00:00 ... 
[2024-12-28T14:00:57.655+0000] {external_task.py:258} INFO - Poking for tasks ['l30_pipeline_ingestion_task'] in dag L30d_ingestion_pipeline_v2 on 2024-12-28T13:57:54.800643+00:00 ... 
[2024-12-28T14:01:07.674+0000] {external_task.py:258} INFO - Poking for tasks ['l30_pipeline_ingestion_task'] in dag L30d_ingestion_pipeline_v2 on 2024-12-28T13:57:54.800643+00:00 ... 
[2024-12-28T14:01:17.694+0000] {external_task.py:258} INFO - Poking for tasks ['l30_pipeline_ingestion_task'] in dag L30d_ingestion_pipeline_v2 on 2024-12-28T13:57:54.800643+00:00 ... 
[2024-12-28T14:01:27.703+0000] {external_task.py:258} INFO - Poking for tasks ['l30_pipeline_ingestion_task'] in dag L30d_ingestion_pipeline_v2 on 2024-12-28T13:57:54.800643+00:00 ... 
[2024-12-28T14:01:37.713+0000] {external_task.py:258} INFO - Poking for tasks ['l30_pipeline_ingestion_task'] in dag L30d_ingestion_pipeline_v2 on 2024-12-28T13:57:54.800643+00:00 ... 
[2024-12-28T14:01:47.734+0000] {external_task.py:258} INFO - Poking for tasks ['l30_pipeline_ingestion_task'] in dag L30d_ingestion_pipeline_v2 on 2024-12-28T13:57:54.800643+00:00 ... 
[2024-12-28T14:01:57.753+0000] {external_task.py:258} INFO - Poking for tasks ['l30_pipeline_ingestion_task'] in dag L30d_ingestion_pipeline_v2 on 2024-12-28T13:57:54.800643+00:00 ... 
[2024-12-28T14:02:07.773+0000] {external_task.py:258} INFO - Poking for tasks ['l30_pipeline_ingestion_task'] in dag L30d_ingestion_pipeline_v2 on 2024-12-28T13:57:54.800643+00:00 ... 
[2024-12-28T14:02:17.792+0000] {external_task.py:258} INFO - Poking for tasks ['l30_pipeline_ingestion_task'] in dag L30d_ingestion_pipeline_v2 on 2024-12-28T13:57:54.800643+00:00 ... 
[2024-12-28T14:02:27.809+0000] {external_task.py:258} INFO - Poking for tasks ['l30_pipeline_ingestion_task'] in dag L30d_ingestion_pipeline_v2 on 2024-12-28T13:57:54.800643+00:00 ... 
[2024-12-28T14:02:37.830+0000] {external_task.py:258} INFO - Poking for tasks ['l30_pipeline_ingestion_task'] in dag L30d_ingestion_pipeline_v2 on 2024-12-28T13:57:54.800643+00:00 ... 
[2024-12-28T14:02:47.850+0000] {external_task.py:258} INFO - Poking for tasks ['l30_pipeline_ingestion_task'] in dag L30d_ingestion_pipeline_v2 on 2024-12-28T13:57:54.800643+00:00 ... 
[2024-12-28T14:02:57.868+0000] {external_task.py:258} INFO - Poking for tasks ['l30_pipeline_ingestion_task'] in dag L30d_ingestion_pipeline_v2 on 2024-12-28T13:57:54.800643+00:00 ... 
[2024-12-28T14:03:07.887+0000] {external_task.py:258} INFO - Poking for tasks ['l30_pipeline_ingestion_task'] in dag L30d_ingestion_pipeline_v2 on 2024-12-28T13:57:54.800643+00:00 ... 
[2024-12-28T14:03:17.907+0000] {external_task.py:258} INFO - Poking for tasks ['l30_pipeline_ingestion_task'] in dag L30d_ingestion_pipeline_v2 on 2024-12-28T13:57:54.800643+00:00 ... 
[2024-12-28T14:03:27.924+0000] {external_task.py:258} INFO - Poking for tasks ['l30_pipeline_ingestion_task'] in dag L30d_ingestion_pipeline_v2 on 2024-12-28T13:57:54.800643+00:00 ... 
[2024-12-28T14:03:37.939+0000] {external_task.py:258} INFO - Poking for tasks ['l30_pipeline_ingestion_task'] in dag L30d_ingestion_pipeline_v2 on 2024-12-28T13:57:54.800643+00:00 ... 
[2024-12-28T14:03:47.961+0000] {external_task.py:258} INFO - Poking for tasks ['l30_pipeline_ingestion_task'] in dag L30d_ingestion_pipeline_v2 on 2024-12-28T13:57:54.800643+00:00 ... 
[2024-12-28T14:03:57.977+0000] {external_task.py:258} INFO - Poking for tasks ['l30_pipeline_ingestion_task'] in dag L30d_ingestion_pipeline_v2 on 2024-12-28T13:57:54.800643+00:00 ... 
[2024-12-28T14:04:07.998+0000] {external_task.py:258} INFO - Poking for tasks ['l30_pipeline_ingestion_task'] in dag L30d_ingestion_pipeline_v2 on 2024-12-28T13:57:54.800643+00:00 ... 
[2024-12-28T14:04:18.018+0000] {external_task.py:258} INFO - Poking for tasks ['l30_pipeline_ingestion_task'] in dag L30d_ingestion_pipeline_v2 on 2024-12-28T13:57:54.800643+00:00 ... 
[2024-12-28T14:04:25.885+0000] {local_task_job_runner.py:346} WARNING - State of this instance has been externally set to success. Terminating instance.
[2024-12-28T14:04:25.887+0000] {local_task_job_runner.py:245} INFO - ::endgroup::
[2024-12-28T14:04:25.888+0000] {process_utils.py:132} INFO - Sending 15 to group 869. PIDs of all processes in the group: [869]
[2024-12-28T14:04:25.889+0000] {process_utils.py:87} INFO - Sending the signal 15 to group 869
[2024-12-28T14:04:25.890+0000] {taskinstance.py:3093} ERROR - Received SIGTERM. Terminating subprocesses.
[2024-12-28T14:04:25.906+0000] {taskinstance.py:340} INFO - ::group::Post task execution logs
[2024-12-28T14:04:25.917+0000] {process_utils.py:80} INFO - Process psutil.Process(pid=869, status='terminated', exitcode=0, started='13:57:56') (869) terminated with exit code 0
