[2025-01-02T15:42:06.096+0000] {local_task_job_runner.py:123} INFO - ::group::Pre task execution logs
[2025-01-02T15:42:06.123+0000] {taskinstance.py:2613} INFO - Dependencies all met for dep_context=non-requeueable deps ti=<TaskInstance: stock_price_monitor_v1.check_if_email_needed scheduled__2025-01-02T15:40:00+00:00 [queued]>
[2025-01-02T15:42:06.134+0000] {taskinstance.py:2613} INFO - Dependencies all met for dep_context=requeueable deps ti=<TaskInstance: stock_price_monitor_v1.check_if_email_needed scheduled__2025-01-02T15:40:00+00:00 [queued]>
[2025-01-02T15:42:06.136+0000] {taskinstance.py:2866} INFO - Starting attempt 1 of 2
[2025-01-02T15:42:06.158+0000] {taskinstance.py:2889} INFO - Executing <Task(ShortCircuitOperator): check_if_email_needed> on 2025-01-02 15:40:00+00:00
[2025-01-02T15:42:06.168+0000] {standard_task_runner.py:72} INFO - Started process 99451 to run task
[2025-01-02T15:42:06.172+0000] {standard_task_runner.py:104} INFO - Running: ['***', 'tasks', 'run', 'stock_price_monitor_v1', 'check_if_email_needed', 'scheduled__2025-01-02T15:40:00+00:00', '--job-id', '1819', '--raw', '--subdir', 'DAGS_FOLDER/email_generation.py', '--cfg-path', '/tmp/tmpe8bmqfq6']
[2025-01-02T15:42:06.175+0000] {standard_task_runner.py:105} INFO - Job 1819: Subtask check_if_email_needed
[2025-01-02T15:42:06.248+0000] {task_command.py:467} INFO - Running <TaskInstance: stock_price_monitor_v1.check_if_email_needed scheduled__2025-01-02T15:40:00+00:00 [running]> on host 95d98a98d27d
[2025-01-02T15:42:06.383+0000] {taskinstance.py:3132} INFO - Exporting env vars: AIRFLOW_CTX_DAG_OWNER='haziq' AIRFLOW_CTX_DAG_ID='stock_price_monitor_v1' AIRFLOW_CTX_TASK_ID='check_if_email_needed' AIRFLOW_CTX_EXECUTION_DATE='2025-01-02T15:40:00+00:00' AIRFLOW_CTX_TRY_NUMBER='1' AIRFLOW_CTX_DAG_RUN_ID='scheduled__2025-01-02T15:40:00+00:00'
[2025-01-02T15:42:06.386+0000] {logging_mixin.py:190} INFO - Task instance is in running state
[2025-01-02T15:42:06.388+0000] {logging_mixin.py:190} INFO -  Previous state of the Task instance: queued
[2025-01-02T15:42:06.391+0000] {logging_mixin.py:190} INFO - Current task name:check_if_email_needed state:running start_date:2025-01-02 15:42:06.125146+00:00
[2025-01-02T15:42:06.392+0000] {logging_mixin.py:190} INFO - Dag name:stock_price_monitor_v1 and current dag run status:running
[2025-01-02T15:42:06.394+0000] {taskinstance.py:731} INFO - ::endgroup::
[2025-01-02T15:42:06.396+0000] {baseoperator.py:416} WARNING - ShortCircuitOperator.execute cannot be called outside TaskInstance!
[2025-01-02T15:42:06.409+0000] {python.py:240} INFO - Done. Returned value was: False
[2025-01-02T15:42:06.413+0000] {python.py:309} INFO - Condition result is False
[2025-01-02T15:42:06.415+0000] {python.py:336} INFO - Skipping downstream tasks
[2025-01-02T15:42:06.442+0000] {python.py:344} INFO - Done.
[2025-01-02T15:42:06.467+0000] {taskinstance.py:340} INFO - ::group::Post task execution logs
[2025-01-02T15:42:06.469+0000] {taskinstance.py:352} INFO - Marking task as SUCCESS. dag_id=stock_price_monitor_v1, task_id=check_if_email_needed, run_id=scheduled__2025-01-02T15:40:00+00:00, execution_date=20250102T154000, start_date=20250102T154206, end_date=20250102T154206
[2025-01-02T15:42:06.481+0000] {logging_mixin.py:190} INFO - Task instance in success state
[2025-01-02T15:42:06.485+0000] {logging_mixin.py:190} INFO -  Previous state of the Task instance: running
[2025-01-02T15:42:06.487+0000] {logging_mixin.py:190} INFO - Dag name:stock_price_monitor_v1 queued_at:2025-01-02 15:42:00.559479+00:00
[2025-01-02T15:42:06.489+0000] {logging_mixin.py:190} INFO - Task hostname:95d98a98d27d operator:ShortCircuitOperator
[2025-01-02T15:42:06.508+0000] {local_task_job_runner.py:266} INFO - Task exited with return code 0
[2025-01-02T15:42:06.524+0000] {local_task_job_runner.py:245} INFO - ::endgroup::
