[2024-12-25T18:33:41.413+0000] {local_task_job_runner.py:123} INFO - ::group::Pre task execution logs
[2024-12-25T18:33:41.451+0000] {taskinstance.py:2613} INFO - Dependencies all met for dep_context=non-requeueable deps ti=<TaskInstance: realtime_dump_pipeline.realtime_pipeline manual__2024-12-25T18:33:35.603921+00:00 [queued]>
[2024-12-25T18:33:41.472+0000] {taskinstance.py:2613} INFO - Dependencies all met for dep_context=requeueable deps ti=<TaskInstance: realtime_dump_pipeline.realtime_pipeline manual__2024-12-25T18:33:35.603921+00:00 [queued]>
[2024-12-25T18:33:41.475+0000] {taskinstance.py:2866} INFO - Starting attempt 1 of 2
[2024-12-25T18:33:41.501+0000] {taskinstance.py:2889} INFO - Executing <Task(PythonOperator): realtime_pipeline> on 2024-12-25 18:33:35.603921+00:00
[2024-12-25T18:33:41.516+0000] {standard_task_runner.py:72} INFO - Started process 3784 to run task
[2024-12-25T18:33:41.523+0000] {standard_task_runner.py:104} INFO - Running: ['***', 'tasks', 'run', 'realtime_dump_pipeline', 'realtime_pipeline', 'manual__2024-12-25T18:33:35.603921+00:00', '--job-id', '27', '--raw', '--subdir', 'DAGS_FOLDER/data_dump_realtime.py', '--cfg-path', '/tmp/tmpb_itmh7c']
[2024-12-25T18:33:41.529+0000] {standard_task_runner.py:105} INFO - Job 27: Subtask realtime_pipeline
[2024-12-25T18:33:41.630+0000] {task_command.py:467} INFO - Running <TaskInstance: realtime_dump_pipeline.realtime_pipeline manual__2024-12-25T18:33:35.603921+00:00 [running]> on host 8e07e13977c9
[2024-12-25T18:33:41.796+0000] {taskinstance.py:3132} INFO - Exporting env vars: AIRFLOW_CTX_DAG_OWNER='haziq' AIRFLOW_CTX_DAG_ID='realtime_dump_pipeline' AIRFLOW_CTX_TASK_ID='realtime_pipeline' AIRFLOW_CTX_EXECUTION_DATE='2024-12-25T18:33:35.603921+00:00' AIRFLOW_CTX_TRY_NUMBER='1' AIRFLOW_CTX_DAG_RUN_ID='manual__2024-12-25T18:33:35.603921+00:00'
[2024-12-25T18:33:41.800+0000] {logging_mixin.py:190} INFO - Task instance is in running state
[2024-12-25T18:33:41.803+0000] {logging_mixin.py:190} INFO -  Previous state of the Task instance: queued
[2024-12-25T18:33:41.806+0000] {logging_mixin.py:190} INFO - Current task name:realtime_pipeline state:running start_date:2024-12-25 18:33:41.455520+00:00
[2024-12-25T18:33:41.808+0000] {logging_mixin.py:190} INFO - Dag name:realtime_dump_pipeline and current dag run status:running
[2024-12-25T18:33:41.811+0000] {taskinstance.py:731} INFO - ::endgroup::
[2024-12-25T18:33:49.760+0000] {logging_mixin.py:190} INFO - <pyspark.sql.session.SparkSession object at 0x7fe98dee18d0>
[2024-12-25T18:33:49.762+0000] {logging_mixin.py:190} INFO - Spark session created successfully
[2024-12-25T18:33:51.401+0000] {logging_mixin.py:190} INFO - Reading from topic stock
[2024-12-25T18:33:51.862+0000] {java_gateway.py:2273} INFO - Callback Server Starting
[2024-12-25T18:33:51.864+0000] {java_gateway.py:2275} INFO - Socket listening on ('127.0.0.1', 46691)
[2024-12-25T18:33:54.825+0000] {clientserver.py:561} INFO - Python Server ready to receive messages
[2024-12-25T18:33:54.828+0000] {clientserver.py:575} INFO - Received command c on object id p0
[2024-12-25T18:33:57.269+0000] {warnings.py:109} WARNING - /opt/***/etl/data_dump_v2.py:88: UserWarning: pandas only supports SQLAlchemy connectable (engine/connection) or database string URI or sqlite3 DBAPI2 connection. Other DBAPI2 objects are not tested. Please consider using SQLAlchemy.
  pandas_df.to_sql(

[2024-12-25T18:33:57.272+0000] {logging_mixin.py:190} INFO - Error writing batch 0: 'Engine' object has no attribute 'cursor'
