[2025-01-03T19:06:02.510+0000] {local_task_job_runner.py:123} INFO - ::group::Pre task execution logs
[2025-01-03T19:06:02.528+0000] {taskinstance.py:2613} INFO - Dependencies all met for dep_context=non-requeueable deps ti=<TaskInstance: stock_price_monitor_v1.check_stock_price scheduled__2025-01-03T19:04:00+00:00 [queued]>
[2025-01-03T19:06:02.539+0000] {taskinstance.py:2613} INFO - Dependencies all met for dep_context=requeueable deps ti=<TaskInstance: stock_price_monitor_v1.check_stock_price scheduled__2025-01-03T19:04:00+00:00 [queued]>
[2025-01-03T19:06:02.541+0000] {taskinstance.py:2866} INFO - Starting attempt 1 of 2
[2025-01-03T19:06:02.559+0000] {taskinstance.py:2889} INFO - Executing <Task(PythonOperator): check_stock_price> on 2025-01-03 19:04:00+00:00
[2025-01-03T19:06:02.567+0000] {standard_task_runner.py:72} INFO - Started process 2592 to run task
[2025-01-03T19:06:02.571+0000] {standard_task_runner.py:104} INFO - Running: ['***', 'tasks', 'run', 'stock_price_monitor_v1', 'check_stock_price', 'scheduled__2025-01-03T19:04:00+00:00', '--job-id', '1935', '--raw', '--subdir', 'DAGS_FOLDER/email_generation.py', '--cfg-path', '/tmp/tmp52nlf28x']
[2025-01-03T19:06:02.574+0000] {standard_task_runner.py:105} INFO - Job 1935: Subtask check_stock_price
[2025-01-03T19:06:02.633+0000] {task_command.py:467} INFO - Running <TaskInstance: stock_price_monitor_v1.check_stock_price scheduled__2025-01-03T19:04:00+00:00 [running]> on host 95d98a98d27d
[2025-01-03T19:06:02.724+0000] {taskinstance.py:3132} INFO - Exporting env vars: AIRFLOW_CTX_DAG_OWNER='haziq' AIRFLOW_CTX_DAG_ID='stock_price_monitor_v1' AIRFLOW_CTX_TASK_ID='check_stock_price' AIRFLOW_CTX_EXECUTION_DATE='2025-01-03T19:04:00+00:00' AIRFLOW_CTX_TRY_NUMBER='1' AIRFLOW_CTX_DAG_RUN_ID='scheduled__2025-01-03T19:04:00+00:00'
[2025-01-03T19:06:02.726+0000] {logging_mixin.py:190} INFO - Task instance is in running state
[2025-01-03T19:06:02.728+0000] {logging_mixin.py:190} INFO -  Previous state of the Task instance: queued
[2025-01-03T19:06:02.729+0000] {logging_mixin.py:190} INFO - Current task name:check_stock_price state:running start_date:2025-01-03 19:06:02.529896+00:00
[2025-01-03T19:06:02.730+0000] {logging_mixin.py:190} INFO - Dag name:stock_price_monitor_v1 and current dag run status:running
[2025-01-03T19:06:02.732+0000] {taskinstance.py:731} INFO - ::endgroup::
[2025-01-03T19:06:02.743+0000] {base.py:84} INFO - Retrieving connection 'postgres_default'
[2025-01-03T19:06:02.748+0000] {sql.py:544} INFO - Running statement: select 1, parameters: None
[2025-01-03T19:06:02.750+0000] {sql.py:553} INFO - Rows affected: 1
[2025-01-03T19:06:02.752+0000] {logging_mixin.py:190} INFO - Connection successful
[2025-01-03T19:06:02.753+0000] {logging_mixin.py:190} INFO - Checking stock price...
[2025-01-03T19:06:02.759+0000] {sql.py:544} INFO - Running statement: 
        SELECT ticker, "Current Price" as current_price 
        FROM public.live_stock 
        LIMIT 1;
    , parameters: None
[2025-01-03T19:06:02.862+0000] {sql.py:553} INFO - Rows affected: 1
[2025-01-03T19:06:02.865+0000] {logging_mixin.py:190} INFO - Records: [('AAPL', '$250.42')]
[2025-01-03T19:06:02.867+0000] {logging_mixin.py:190} INFO - Ticker: AAPL, Price: 250.42
[2025-01-03T19:06:02.904+0000] {logging_mixin.py:190} INFO - Normal: AAPL price $250.42 is above threshold $200
[2025-01-03T19:06:02.906+0000] {python.py:240} INFO - Done. Returned value was: None
[2025-01-03T19:06:02.916+0000] {taskinstance.py:340} INFO - ::group::Post task execution logs
[2025-01-03T19:06:02.918+0000] {taskinstance.py:352} INFO - Marking task as SUCCESS. dag_id=stock_price_monitor_v1, task_id=check_stock_price, run_id=scheduled__2025-01-03T19:04:00+00:00, execution_date=20250103T190400, start_date=20250103T190602, end_date=20250103T190602
[2025-01-03T19:06:02.928+0000] {logging_mixin.py:190} INFO - Task instance in success state
[2025-01-03T19:06:02.929+0000] {logging_mixin.py:190} INFO -  Previous state of the Task instance: running
[2025-01-03T19:06:02.931+0000] {logging_mixin.py:190} INFO - Dag name:stock_price_monitor_v1 queued_at:2025-01-03 19:06:00.950037+00:00
[2025-01-03T19:06:02.932+0000] {logging_mixin.py:190} INFO - Task hostname:95d98a98d27d operator:PythonOperator
[2025-01-03T19:06:02.947+0000] {local_task_job_runner.py:266} INFO - Task exited with return code 0
[2025-01-03T19:06:02.972+0000] {taskinstance.py:3895} INFO - 1 downstream tasks scheduled from follow-on schedule check
[2025-01-03T19:06:02.976+0000] {local_task_job_runner.py:245} INFO - ::endgroup::
