[2024-12-29T13:49:12.295+0000] {local_task_job_runner.py:123} INFO - ::group::Pre task execution logs
[2024-12-29T13:49:12.309+0000] {taskinstance.py:2613} INFO - Dependencies all met for dep_context=non-requeueable deps ti=<TaskInstance: stock_price_monitor_v1.check_if_email_needed manual__2024-12-29T13:49:09.037756+00:00 [queued]>
[2024-12-29T13:49:12.317+0000] {taskinstance.py:2613} INFO - Dependencies all met for dep_context=requeueable deps ti=<TaskInstance: stock_price_monitor_v1.check_if_email_needed manual__2024-12-29T13:49:09.037756+00:00 [queued]>
[2024-12-29T13:49:12.319+0000] {taskinstance.py:2866} INFO - Starting attempt 1 of 2
[2024-12-29T13:49:12.331+0000] {taskinstance.py:2889} INFO - Executing <Task(ShortCircuitOperator): check_if_email_needed> on 2024-12-29 13:49:09.037756+00:00
[2024-12-29T13:49:12.338+0000] {standard_task_runner.py:72} INFO - Started process 12264 to run task
[2024-12-29T13:49:12.341+0000] {standard_task_runner.py:104} INFO - Running: ['***', 'tasks', 'run', 'stock_price_monitor_v1', 'check_if_email_needed', 'manual__2024-12-29T13:49:09.037756+00:00', '--job-id', '1117', '--raw', '--subdir', 'DAGS_FOLDER/email_generation.py', '--cfg-path', '/tmp/tmpxhu4uapk']
[2024-12-29T13:49:12.343+0000] {standard_task_runner.py:105} INFO - Job 1117: Subtask check_if_email_needed
[2024-12-29T13:49:12.387+0000] {task_command.py:467} INFO - Running <TaskInstance: stock_price_monitor_v1.check_if_email_needed manual__2024-12-29T13:49:09.037756+00:00 [running]> on host 95d98a98d27d
[2024-12-29T13:49:12.457+0000] {taskinstance.py:3132} INFO - Exporting env vars: AIRFLOW_CTX_DAG_OWNER='haziq' AIRFLOW_CTX_DAG_ID='stock_price_monitor_v1' AIRFLOW_CTX_TASK_ID='check_if_email_needed' AIRFLOW_CTX_EXECUTION_DATE='2024-12-29T13:49:09.037756+00:00' AIRFLOW_CTX_TRY_NUMBER='1' AIRFLOW_CTX_DAG_RUN_ID='manual__2024-12-29T13:49:09.037756+00:00'
[2024-12-29T13:49:12.459+0000] {logging_mixin.py:190} INFO - Task instance is in running state
[2024-12-29T13:49:12.460+0000] {logging_mixin.py:190} INFO -  Previous state of the Task instance: queued
[2024-12-29T13:49:12.461+0000] {logging_mixin.py:190} INFO - Current task name:check_if_email_needed state:running start_date:2024-12-29 13:49:12.310791+00:00
[2024-12-29T13:49:12.462+0000] {logging_mixin.py:190} INFO - Dag name:stock_price_monitor_v1 and current dag run status:running
[2024-12-29T13:49:12.463+0000] {taskinstance.py:731} INFO - ::endgroup::
[2024-12-29T13:49:12.464+0000] {baseoperator.py:416} WARNING - ShortCircuitOperator.execute cannot be called outside TaskInstance!
[2024-12-29T13:49:12.473+0000] {python.py:240} INFO - Done. Returned value was: True
[2024-12-29T13:49:12.476+0000] {python.py:309} INFO - Condition result is True
[2024-12-29T13:49:12.477+0000] {python.py:312} INFO - Proceeding with downstream tasks...
[2024-12-29T13:49:12.495+0000] {taskinstance.py:340} INFO - ::group::Post task execution logs
[2024-12-29T13:49:12.496+0000] {taskinstance.py:352} INFO - Marking task as SUCCESS. dag_id=stock_price_monitor_v1, task_id=check_if_email_needed, run_id=manual__2024-12-29T13:49:09.037756+00:00, execution_date=20241229T134909, start_date=20241229T134912, end_date=20241229T134912
[2024-12-29T13:49:12.504+0000] {logging_mixin.py:190} INFO - Task instance in success state
[2024-12-29T13:49:12.506+0000] {logging_mixin.py:190} INFO -  Previous state of the Task instance: running
[2024-12-29T13:49:12.507+0000] {logging_mixin.py:190} INFO - Dag name:stock_price_monitor_v1 queued_at:2024-12-29 13:49:09.051712+00:00
[2024-12-29T13:49:12.508+0000] {logging_mixin.py:190} INFO - Task hostname:95d98a98d27d operator:ShortCircuitOperator
[2024-12-29T13:49:12.555+0000] {local_task_job_runner.py:266} INFO - Task exited with return code 0
[2024-12-29T13:49:12.580+0000] {taskinstance.py:3895} INFO - 1 downstream tasks scheduled from follow-on schedule check
[2024-12-29T13:49:12.583+0000] {local_task_job_runner.py:245} INFO - ::endgroup::
