[2024-12-29T15:20:06.593+0000] {local_task_job_runner.py:123} INFO - ::group::Pre task execution logs
[2024-12-29T15:20:06.622+0000] {taskinstance.py:2613} INFO - Dependencies all met for dep_context=non-requeueable deps ti=<TaskInstance: stock_price_monitor_v1.check_stock_price scheduled__2024-12-29T15:18:00+00:00 [queued]>
[2024-12-29T15:20:06.644+0000] {taskinstance.py:2613} INFO - Dependencies all met for dep_context=requeueable deps ti=<TaskInstance: stock_price_monitor_v1.check_stock_price scheduled__2024-12-29T15:18:00+00:00 [queued]>
[2024-12-29T15:20:06.646+0000] {taskinstance.py:2866} INFO - Starting attempt 1 of 2
[2024-12-29T15:20:06.669+0000] {taskinstance.py:2889} INFO - Executing <Task(PythonOperator): check_stock_price> on 2024-12-29 15:18:00+00:00
[2024-12-29T15:20:06.688+0000] {standard_task_runner.py:72} INFO - Started process 42088 to run task
[2024-12-29T15:20:06.691+0000] {standard_task_runner.py:104} INFO - Running: ['***', 'tasks', 'run', 'stock_price_monitor_v1', 'check_stock_price', 'scheduled__2024-12-29T15:18:00+00:00', '--job-id', '1160', '--raw', '--subdir', 'DAGS_FOLDER/email_generation.py', '--cfg-path', '/tmp/tmp8h9ju6la']
[2024-12-29T15:20:06.694+0000] {standard_task_runner.py:105} INFO - Job 1160: Subtask check_stock_price
[2024-12-29T15:20:06.855+0000] {task_command.py:467} INFO - Running <TaskInstance: stock_price_monitor_v1.check_stock_price scheduled__2024-12-29T15:18:00+00:00 [running]> on host 95d98a98d27d
[2024-12-29T15:20:06.998+0000] {taskinstance.py:3132} INFO - Exporting env vars: AIRFLOW_CTX_DAG_OWNER='haziq' AIRFLOW_CTX_DAG_ID='stock_price_monitor_v1' AIRFLOW_CTX_TASK_ID='check_stock_price' AIRFLOW_CTX_EXECUTION_DATE='2024-12-29T15:18:00+00:00' AIRFLOW_CTX_TRY_NUMBER='1' AIRFLOW_CTX_DAG_RUN_ID='scheduled__2024-12-29T15:18:00+00:00'
[2024-12-29T15:20:07.002+0000] {logging_mixin.py:190} INFO - Task instance is in running state
[2024-12-29T15:20:07.004+0000] {logging_mixin.py:190} INFO -  Previous state of the Task instance: queued
[2024-12-29T15:20:07.006+0000] {logging_mixin.py:190} INFO - Current task name:check_stock_price state:running start_date:2024-12-29 15:20:06.624863+00:00
[2024-12-29T15:20:07.008+0000] {logging_mixin.py:190} INFO - Dag name:stock_price_monitor_v1 and current dag run status:running
[2024-12-29T15:20:07.010+0000] {taskinstance.py:731} INFO - ::endgroup::
[2024-12-29T15:20:07.025+0000] {base.py:84} INFO - Retrieving connection 'postgres_default'
[2024-12-29T15:20:07.030+0000] {sql.py:544} INFO - Running statement: select 1, parameters: None
[2024-12-29T15:20:07.031+0000] {sql.py:553} INFO - Rows affected: 1
[2024-12-29T15:20:07.033+0000] {logging_mixin.py:190} INFO - Connection successful
[2024-12-29T15:20:07.034+0000] {logging_mixin.py:190} INFO - Checking stock price...
[2024-12-29T15:20:07.039+0000] {sql.py:544} INFO - Running statement: 
        SELECT ticker, "Current Price" as current_price 
        FROM public.live_stock 
        LIMIT 1;
    , parameters: None
[2024-12-29T15:20:07.047+0000] {sql.py:553} INFO - Rows affected: 1
[2024-12-29T15:20:07.049+0000] {logging_mixin.py:190} INFO - Records: [('AAPL', '$255.59')]
[2024-12-29T15:20:07.050+0000] {logging_mixin.py:190} INFO - Ticker: AAPL, Price: 255.59
[2024-12-29T15:20:07.087+0000] {logging_mixin.py:190} INFO - Normal: AAPL price $255.59 is above threshold $200
[2024-12-29T15:20:07.089+0000] {python.py:240} INFO - Done. Returned value was: None
[2024-12-29T15:20:07.099+0000] {taskinstance.py:340} INFO - ::group::Post task execution logs
[2024-12-29T15:20:07.100+0000] {taskinstance.py:352} INFO - Marking task as SUCCESS. dag_id=stock_price_monitor_v1, task_id=check_stock_price, run_id=scheduled__2024-12-29T15:18:00+00:00, execution_date=20241229T151800, start_date=20241229T152006, end_date=20241229T152007
[2024-12-29T15:20:07.110+0000] {logging_mixin.py:190} INFO - Task instance in success state
[2024-12-29T15:20:07.111+0000] {logging_mixin.py:190} INFO -  Previous state of the Task instance: running
[2024-12-29T15:20:07.113+0000] {logging_mixin.py:190} INFO - Dag name:stock_price_monitor_v1 queued_at:2024-12-29 15:20:00.863943+00:00
[2024-12-29T15:20:07.114+0000] {logging_mixin.py:190} INFO - Task hostname:95d98a98d27d operator:PythonOperator
[2024-12-29T15:20:07.147+0000] {local_task_job_runner.py:266} INFO - Task exited with return code 0
[2024-12-29T15:20:07.170+0000] {taskinstance.py:3895} INFO - 1 downstream tasks scheduled from follow-on schedule check
[2024-12-29T15:20:07.173+0000] {local_task_job_runner.py:245} INFO - ::endgroup::
