[2024-12-23T19:33:05.005+0000] {processor.py:186} INFO - Started process (PID=36179) to work on /home/airflow/.local/lib/python3.12/site-packages/airflow/example_dags/example_python_decorator.py
[2024-12-23T19:33:05.011+0000] {processor.py:914} INFO - Processing file /home/airflow/.local/lib/python3.12/site-packages/airflow/example_dags/example_python_decorator.py for tasks to queue
[2024-12-23T19:33:05.013+0000] {logging_mixin.py:190} INFO - [2024-12-23T19:33:05.012+0000] {dagbag.py:588} INFO - Filling up the DagBag from /home/airflow/.local/lib/python3.12/site-packages/airflow/example_dags/example_python_decorator.py
[2024-12-23T19:33:05.038+0000] {processor.py:925} INFO - DAG(s) 'example_python_decorator' retrieved from /home/airflow/.local/lib/python3.12/site-packages/airflow/example_dags/example_python_decorator.py
[2024-12-23T19:33:05.075+0000] {logging_mixin.py:190} INFO - [2024-12-23T19:33:05.075+0000] {dag.py:3239} INFO - Sync 1 DAGs
[2024-12-23T19:33:05.092+0000] {logging_mixin.py:190} INFO - [2024-12-23T19:33:05.091+0000] {dag.py:4180} INFO - Setting next_dagrun for example_python_decorator to None, run_after=None
[2024-12-23T19:33:05.115+0000] {processor.py:208} INFO - Processing /home/airflow/.local/lib/python3.12/site-packages/airflow/example_dags/example_python_decorator.py took 0.118 seconds
[2024-12-23T19:33:35.829+0000] {processor.py:186} INFO - Started process (PID=36243) to work on /home/airflow/.local/lib/python3.12/site-packages/airflow/example_dags/example_python_decorator.py
[2024-12-23T19:33:35.830+0000] {processor.py:914} INFO - Processing file /home/airflow/.local/lib/python3.12/site-packages/airflow/example_dags/example_python_decorator.py for tasks to queue
[2024-12-23T19:33:35.831+0000] {logging_mixin.py:190} INFO - [2024-12-23T19:33:35.830+0000] {dagbag.py:588} INFO - Filling up the DagBag from /home/airflow/.local/lib/python3.12/site-packages/airflow/example_dags/example_python_decorator.py
[2024-12-23T19:33:35.845+0000] {processor.py:925} INFO - DAG(s) 'example_python_decorator' retrieved from /home/airflow/.local/lib/python3.12/site-packages/airflow/example_dags/example_python_decorator.py
[2024-12-23T19:33:35.863+0000] {logging_mixin.py:190} INFO - [2024-12-23T19:33:35.863+0000] {dag.py:3239} INFO - Sync 1 DAGs
[2024-12-23T19:33:35.876+0000] {logging_mixin.py:190} INFO - [2024-12-23T19:33:35.876+0000] {dag.py:4180} INFO - Setting next_dagrun for example_python_decorator to None, run_after=None
[2024-12-23T19:33:35.892+0000] {processor.py:208} INFO - Processing /home/airflow/.local/lib/python3.12/site-packages/airflow/example_dags/example_python_decorator.py took 0.070 seconds
[2024-12-23T19:34:06.203+0000] {processor.py:186} INFO - Started process (PID=36306) to work on /home/airflow/.local/lib/python3.12/site-packages/airflow/example_dags/example_python_decorator.py
[2024-12-23T19:34:06.204+0000] {processor.py:914} INFO - Processing file /home/airflow/.local/lib/python3.12/site-packages/airflow/example_dags/example_python_decorator.py for tasks to queue
[2024-12-23T19:34:06.206+0000] {logging_mixin.py:190} INFO - [2024-12-23T19:34:06.205+0000] {dagbag.py:588} INFO - Filling up the DagBag from /home/airflow/.local/lib/python3.12/site-packages/airflow/example_dags/example_python_decorator.py
[2024-12-23T19:34:06.218+0000] {processor.py:925} INFO - DAG(s) 'example_python_decorator' retrieved from /home/airflow/.local/lib/python3.12/site-packages/airflow/example_dags/example_python_decorator.py
[2024-12-23T19:34:06.237+0000] {logging_mixin.py:190} INFO - [2024-12-23T19:34:06.237+0000] {dag.py:3239} INFO - Sync 1 DAGs
[2024-12-23T19:34:06.249+0000] {logging_mixin.py:190} INFO - [2024-12-23T19:34:06.249+0000] {dag.py:4180} INFO - Setting next_dagrun for example_python_decorator to None, run_after=None
[2024-12-23T19:34:06.264+0000] {processor.py:208} INFO - Processing /home/airflow/.local/lib/python3.12/site-packages/airflow/example_dags/example_python_decorator.py took 0.066 seconds
[2024-12-23T19:34:36.540+0000] {processor.py:186} INFO - Started process (PID=36369) to work on /home/airflow/.local/lib/python3.12/site-packages/airflow/example_dags/example_python_decorator.py
[2024-12-23T19:34:36.541+0000] {processor.py:914} INFO - Processing file /home/airflow/.local/lib/python3.12/site-packages/airflow/example_dags/example_python_decorator.py for tasks to queue
[2024-12-23T19:34:36.542+0000] {logging_mixin.py:190} INFO - [2024-12-23T19:34:36.542+0000] {dagbag.py:588} INFO - Filling up the DagBag from /home/airflow/.local/lib/python3.12/site-packages/airflow/example_dags/example_python_decorator.py
[2024-12-23T19:34:36.556+0000] {processor.py:925} INFO - DAG(s) 'example_python_decorator' retrieved from /home/airflow/.local/lib/python3.12/site-packages/airflow/example_dags/example_python_decorator.py
[2024-12-23T19:34:36.575+0000] {logging_mixin.py:190} INFO - [2024-12-23T19:34:36.575+0000] {dag.py:3239} INFO - Sync 1 DAGs
[2024-12-23T19:34:36.590+0000] {logging_mixin.py:190} INFO - [2024-12-23T19:34:36.590+0000] {dag.py:4180} INFO - Setting next_dagrun for example_python_decorator to None, run_after=None
[2024-12-23T19:34:36.607+0000] {processor.py:208} INFO - Processing /home/airflow/.local/lib/python3.12/site-packages/airflow/example_dags/example_python_decorator.py took 0.073 seconds
[2024-12-23T19:35:07.419+0000] {processor.py:186} INFO - Started process (PID=36432) to work on /home/airflow/.local/lib/python3.12/site-packages/airflow/example_dags/example_python_decorator.py
[2024-12-23T19:35:07.420+0000] {processor.py:914} INFO - Processing file /home/airflow/.local/lib/python3.12/site-packages/airflow/example_dags/example_python_decorator.py for tasks to queue
[2024-12-23T19:35:07.422+0000] {logging_mixin.py:190} INFO - [2024-12-23T19:35:07.421+0000] {dagbag.py:588} INFO - Filling up the DagBag from /home/airflow/.local/lib/python3.12/site-packages/airflow/example_dags/example_python_decorator.py
[2024-12-23T19:35:07.435+0000] {processor.py:925} INFO - DAG(s) 'example_python_decorator' retrieved from /home/airflow/.local/lib/python3.12/site-packages/airflow/example_dags/example_python_decorator.py
[2024-12-23T19:35:07.455+0000] {logging_mixin.py:190} INFO - [2024-12-23T19:35:07.455+0000] {dag.py:3239} INFO - Sync 1 DAGs
[2024-12-23T19:35:07.468+0000] {logging_mixin.py:190} INFO - [2024-12-23T19:35:07.468+0000] {dag.py:4180} INFO - Setting next_dagrun for example_python_decorator to None, run_after=None
[2024-12-23T19:35:07.485+0000] {processor.py:208} INFO - Processing /home/airflow/.local/lib/python3.12/site-packages/airflow/example_dags/example_python_decorator.py took 0.071 seconds
[2024-12-23T19:35:37.561+0000] {processor.py:186} INFO - Started process (PID=36494) to work on /home/airflow/.local/lib/python3.12/site-packages/airflow/example_dags/example_python_decorator.py
[2024-12-23T19:35:37.562+0000] {processor.py:914} INFO - Processing file /home/airflow/.local/lib/python3.12/site-packages/airflow/example_dags/example_python_decorator.py for tasks to queue
[2024-12-23T19:35:37.563+0000] {logging_mixin.py:190} INFO - [2024-12-23T19:35:37.563+0000] {dagbag.py:588} INFO - Filling up the DagBag from /home/airflow/.local/lib/python3.12/site-packages/airflow/example_dags/example_python_decorator.py
[2024-12-23T19:35:37.581+0000] {processor.py:925} INFO - DAG(s) 'example_python_decorator' retrieved from /home/airflow/.local/lib/python3.12/site-packages/airflow/example_dags/example_python_decorator.py
[2024-12-23T19:35:37.603+0000] {logging_mixin.py:190} INFO - [2024-12-23T19:35:37.602+0000] {dag.py:3239} INFO - Sync 1 DAGs
[2024-12-23T19:35:37.616+0000] {logging_mixin.py:190} INFO - [2024-12-23T19:35:37.615+0000] {dag.py:4180} INFO - Setting next_dagrun for example_python_decorator to None, run_after=None
[2024-12-23T19:35:37.633+0000] {processor.py:208} INFO - Processing /home/airflow/.local/lib/python3.12/site-packages/airflow/example_dags/example_python_decorator.py took 0.079 seconds
[2024-12-23T19:36:08.022+0000] {processor.py:186} INFO - Started process (PID=36563) to work on /home/airflow/.local/lib/python3.12/site-packages/airflow/example_dags/example_python_decorator.py
[2024-12-23T19:36:08.023+0000] {processor.py:914} INFO - Processing file /home/airflow/.local/lib/python3.12/site-packages/airflow/example_dags/example_python_decorator.py for tasks to queue
[2024-12-23T19:36:08.025+0000] {logging_mixin.py:190} INFO - [2024-12-23T19:36:08.024+0000] {dagbag.py:588} INFO - Filling up the DagBag from /home/airflow/.local/lib/python3.12/site-packages/airflow/example_dags/example_python_decorator.py
[2024-12-23T19:36:08.041+0000] {processor.py:925} INFO - DAG(s) 'example_python_decorator' retrieved from /home/airflow/.local/lib/python3.12/site-packages/airflow/example_dags/example_python_decorator.py
[2024-12-23T19:36:08.063+0000] {logging_mixin.py:190} INFO - [2024-12-23T19:36:08.062+0000] {dag.py:3239} INFO - Sync 1 DAGs
[2024-12-23T19:36:08.078+0000] {logging_mixin.py:190} INFO - [2024-12-23T19:36:08.078+0000] {dag.py:4180} INFO - Setting next_dagrun for example_python_decorator to None, run_after=None
[2024-12-23T19:36:08.096+0000] {processor.py:208} INFO - Processing /home/airflow/.local/lib/python3.12/site-packages/airflow/example_dags/example_python_decorator.py took 0.080 seconds
[2024-12-23T19:36:38.140+0000] {processor.py:186} INFO - Started process (PID=36626) to work on /home/airflow/.local/lib/python3.12/site-packages/airflow/example_dags/example_python_decorator.py
[2024-12-23T19:36:38.141+0000] {processor.py:914} INFO - Processing file /home/airflow/.local/lib/python3.12/site-packages/airflow/example_dags/example_python_decorator.py for tasks to queue
[2024-12-23T19:36:38.142+0000] {logging_mixin.py:190} INFO - [2024-12-23T19:36:38.142+0000] {dagbag.py:588} INFO - Filling up the DagBag from /home/airflow/.local/lib/python3.12/site-packages/airflow/example_dags/example_python_decorator.py
[2024-12-23T19:36:38.157+0000] {processor.py:925} INFO - DAG(s) 'example_python_decorator' retrieved from /home/airflow/.local/lib/python3.12/site-packages/airflow/example_dags/example_python_decorator.py
[2024-12-23T19:36:38.176+0000] {logging_mixin.py:190} INFO - [2024-12-23T19:36:38.176+0000] {dag.py:3239} INFO - Sync 1 DAGs
[2024-12-23T19:36:38.197+0000] {logging_mixin.py:190} INFO - [2024-12-23T19:36:38.197+0000] {dag.py:4180} INFO - Setting next_dagrun for example_python_decorator to None, run_after=None
[2024-12-23T19:36:38.215+0000] {processor.py:208} INFO - Processing /home/airflow/.local/lib/python3.12/site-packages/airflow/example_dags/example_python_decorator.py took 0.080 seconds
[2024-12-23T19:37:09.035+0000] {processor.py:186} INFO - Started process (PID=36689) to work on /home/airflow/.local/lib/python3.12/site-packages/airflow/example_dags/example_python_decorator.py
[2024-12-23T19:37:09.037+0000] {processor.py:914} INFO - Processing file /home/airflow/.local/lib/python3.12/site-packages/airflow/example_dags/example_python_decorator.py for tasks to queue
[2024-12-23T19:37:09.038+0000] {logging_mixin.py:190} INFO - [2024-12-23T19:37:09.038+0000] {dagbag.py:588} INFO - Filling up the DagBag from /home/airflow/.local/lib/python3.12/site-packages/airflow/example_dags/example_python_decorator.py
[2024-12-23T19:37:09.053+0000] {processor.py:925} INFO - DAG(s) 'example_python_decorator' retrieved from /home/airflow/.local/lib/python3.12/site-packages/airflow/example_dags/example_python_decorator.py
[2024-12-23T19:37:09.075+0000] {logging_mixin.py:190} INFO - [2024-12-23T19:37:09.075+0000] {dag.py:3239} INFO - Sync 1 DAGs
[2024-12-23T19:37:09.089+0000] {logging_mixin.py:190} INFO - [2024-12-23T19:37:09.089+0000] {dag.py:4180} INFO - Setting next_dagrun for example_python_decorator to None, run_after=None
[2024-12-23T19:37:09.108+0000] {processor.py:208} INFO - Processing /home/airflow/.local/lib/python3.12/site-packages/airflow/example_dags/example_python_decorator.py took 0.078 seconds
[2024-12-23T19:37:40.594+0000] {processor.py:186} INFO - Started process (PID=36752) to work on /home/airflow/.local/lib/python3.12/site-packages/airflow/example_dags/example_python_decorator.py
[2024-12-23T19:37:40.595+0000] {processor.py:914} INFO - Processing file /home/airflow/.local/lib/python3.12/site-packages/airflow/example_dags/example_python_decorator.py for tasks to queue
[2024-12-23T19:37:40.597+0000] {logging_mixin.py:190} INFO - [2024-12-23T19:37:40.596+0000] {dagbag.py:588} INFO - Filling up the DagBag from /home/airflow/.local/lib/python3.12/site-packages/airflow/example_dags/example_python_decorator.py
[2024-12-23T19:37:40.609+0000] {processor.py:925} INFO - DAG(s) 'example_python_decorator' retrieved from /home/airflow/.local/lib/python3.12/site-packages/airflow/example_dags/example_python_decorator.py
[2024-12-23T19:37:40.628+0000] {logging_mixin.py:190} INFO - [2024-12-23T19:37:40.628+0000] {dag.py:3239} INFO - Sync 1 DAGs
[2024-12-23T19:37:40.794+0000] {logging_mixin.py:190} INFO - [2024-12-23T19:37:40.794+0000] {dag.py:4180} INFO - Setting next_dagrun for example_python_decorator to None, run_after=None
[2024-12-23T19:37:40.809+0000] {processor.py:208} INFO - Processing /home/airflow/.local/lib/python3.12/site-packages/airflow/example_dags/example_python_decorator.py took 0.219 seconds
[2024-12-23T19:38:11.515+0000] {processor.py:186} INFO - Started process (PID=36815) to work on /home/airflow/.local/lib/python3.12/site-packages/airflow/example_dags/example_python_decorator.py
[2024-12-23T19:38:11.516+0000] {processor.py:914} INFO - Processing file /home/airflow/.local/lib/python3.12/site-packages/airflow/example_dags/example_python_decorator.py for tasks to queue
[2024-12-23T19:38:11.517+0000] {logging_mixin.py:190} INFO - [2024-12-23T19:38:11.517+0000] {dagbag.py:588} INFO - Filling up the DagBag from /home/airflow/.local/lib/python3.12/site-packages/airflow/example_dags/example_python_decorator.py
[2024-12-23T19:38:11.531+0000] {processor.py:925} INFO - DAG(s) 'example_python_decorator' retrieved from /home/airflow/.local/lib/python3.12/site-packages/airflow/example_dags/example_python_decorator.py
[2024-12-23T19:38:11.553+0000] {logging_mixin.py:190} INFO - [2024-12-23T19:38:11.552+0000] {dag.py:3239} INFO - Sync 1 DAGs
[2024-12-23T19:38:11.567+0000] {logging_mixin.py:190} INFO - [2024-12-23T19:38:11.567+0000] {dag.py:4180} INFO - Setting next_dagrun for example_python_decorator to None, run_after=None
[2024-12-23T19:38:11.584+0000] {processor.py:208} INFO - Processing /home/airflow/.local/lib/python3.12/site-packages/airflow/example_dags/example_python_decorator.py took 0.075 seconds
[2024-12-23T19:38:41.632+0000] {processor.py:186} INFO - Started process (PID=36877) to work on /home/airflow/.local/lib/python3.12/site-packages/airflow/example_dags/example_python_decorator.py
[2024-12-23T19:38:41.633+0000] {processor.py:914} INFO - Processing file /home/airflow/.local/lib/python3.12/site-packages/airflow/example_dags/example_python_decorator.py for tasks to queue
[2024-12-23T19:38:41.634+0000] {logging_mixin.py:190} INFO - [2024-12-23T19:38:41.634+0000] {dagbag.py:588} INFO - Filling up the DagBag from /home/airflow/.local/lib/python3.12/site-packages/airflow/example_dags/example_python_decorator.py
[2024-12-23T19:38:41.648+0000] {processor.py:925} INFO - DAG(s) 'example_python_decorator' retrieved from /home/airflow/.local/lib/python3.12/site-packages/airflow/example_dags/example_python_decorator.py
[2024-12-23T19:38:41.668+0000] {logging_mixin.py:190} INFO - [2024-12-23T19:38:41.667+0000] {dag.py:3239} INFO - Sync 1 DAGs
[2024-12-23T19:38:41.680+0000] {logging_mixin.py:190} INFO - [2024-12-23T19:38:41.680+0000] {dag.py:4180} INFO - Setting next_dagrun for example_python_decorator to None, run_after=None
[2024-12-23T19:38:41.696+0000] {processor.py:208} INFO - Processing /home/airflow/.local/lib/python3.12/site-packages/airflow/example_dags/example_python_decorator.py took 0.069 seconds
[2024-12-23T19:39:12.940+0000] {processor.py:186} INFO - Started process (PID=36940) to work on /home/airflow/.local/lib/python3.12/site-packages/airflow/example_dags/example_python_decorator.py
[2024-12-23T19:39:12.941+0000] {processor.py:914} INFO - Processing file /home/airflow/.local/lib/python3.12/site-packages/airflow/example_dags/example_python_decorator.py for tasks to queue
[2024-12-23T19:39:12.942+0000] {logging_mixin.py:190} INFO - [2024-12-23T19:39:12.942+0000] {dagbag.py:588} INFO - Filling up the DagBag from /home/airflow/.local/lib/python3.12/site-packages/airflow/example_dags/example_python_decorator.py
[2024-12-23T19:39:12.955+0000] {processor.py:925} INFO - DAG(s) 'example_python_decorator' retrieved from /home/airflow/.local/lib/python3.12/site-packages/airflow/example_dags/example_python_decorator.py
[2024-12-23T19:39:12.974+0000] {logging_mixin.py:190} INFO - [2024-12-23T19:39:12.973+0000] {dag.py:3239} INFO - Sync 1 DAGs
[2024-12-23T19:39:12.987+0000] {logging_mixin.py:190} INFO - [2024-12-23T19:39:12.986+0000] {dag.py:4180} INFO - Setting next_dagrun for example_python_decorator to None, run_after=None
[2024-12-23T19:39:13.003+0000] {processor.py:208} INFO - Processing /home/airflow/.local/lib/python3.12/site-packages/airflow/example_dags/example_python_decorator.py took 0.068 seconds
[2024-12-23T19:39:45.959+0000] {processor.py:186} INFO - Started process (PID=37003) to work on /home/airflow/.local/lib/python3.12/site-packages/airflow/example_dags/example_python_decorator.py
[2024-12-23T19:39:45.960+0000] {processor.py:914} INFO - Processing file /home/airflow/.local/lib/python3.12/site-packages/airflow/example_dags/example_python_decorator.py for tasks to queue
[2024-12-23T19:39:45.961+0000] {logging_mixin.py:190} INFO - [2024-12-23T19:39:45.961+0000] {dagbag.py:588} INFO - Filling up the DagBag from /home/airflow/.local/lib/python3.12/site-packages/airflow/example_dags/example_python_decorator.py
[2024-12-23T19:39:45.974+0000] {processor.py:925} INFO - DAG(s) 'example_python_decorator' retrieved from /home/airflow/.local/lib/python3.12/site-packages/airflow/example_dags/example_python_decorator.py
[2024-12-23T19:39:45.992+0000] {logging_mixin.py:190} INFO - [2024-12-23T19:39:45.992+0000] {dag.py:3239} INFO - Sync 1 DAGs
[2024-12-23T19:39:46.005+0000] {logging_mixin.py:190} INFO - [2024-12-23T19:39:46.005+0000] {dag.py:4180} INFO - Setting next_dagrun for example_python_decorator to None, run_after=None
[2024-12-23T19:39:46.021+0000] {processor.py:208} INFO - Processing /home/airflow/.local/lib/python3.12/site-packages/airflow/example_dags/example_python_decorator.py took 0.068 seconds
[2024-12-23T19:40:16.894+0000] {processor.py:186} INFO - Started process (PID=37066) to work on /home/airflow/.local/lib/python3.12/site-packages/airflow/example_dags/example_python_decorator.py
[2024-12-23T19:40:16.895+0000] {processor.py:914} INFO - Processing file /home/airflow/.local/lib/python3.12/site-packages/airflow/example_dags/example_python_decorator.py for tasks to queue
[2024-12-23T19:40:16.896+0000] {logging_mixin.py:190} INFO - [2024-12-23T19:40:16.896+0000] {dagbag.py:588} INFO - Filling up the DagBag from /home/airflow/.local/lib/python3.12/site-packages/airflow/example_dags/example_python_decorator.py
[2024-12-23T19:40:16.908+0000] {processor.py:925} INFO - DAG(s) 'example_python_decorator' retrieved from /home/airflow/.local/lib/python3.12/site-packages/airflow/example_dags/example_python_decorator.py
[2024-12-23T19:40:16.928+0000] {logging_mixin.py:190} INFO - [2024-12-23T19:40:16.927+0000] {dag.py:3239} INFO - Sync 1 DAGs
[2024-12-23T19:40:16.940+0000] {logging_mixin.py:190} INFO - [2024-12-23T19:40:16.940+0000] {dag.py:4180} INFO - Setting next_dagrun for example_python_decorator to None, run_after=None
[2024-12-23T19:40:16.955+0000] {processor.py:208} INFO - Processing /home/airflow/.local/lib/python3.12/site-packages/airflow/example_dags/example_python_decorator.py took 0.066 seconds
[2024-12-23T19:40:47.772+0000] {processor.py:186} INFO - Started process (PID=37129) to work on /home/airflow/.local/lib/python3.12/site-packages/airflow/example_dags/example_python_decorator.py
[2024-12-23T19:40:47.773+0000] {processor.py:914} INFO - Processing file /home/airflow/.local/lib/python3.12/site-packages/airflow/example_dags/example_python_decorator.py for tasks to queue
[2024-12-23T19:40:47.774+0000] {logging_mixin.py:190} INFO - [2024-12-23T19:40:47.774+0000] {dagbag.py:588} INFO - Filling up the DagBag from /home/airflow/.local/lib/python3.12/site-packages/airflow/example_dags/example_python_decorator.py
[2024-12-23T19:40:47.786+0000] {processor.py:925} INFO - DAG(s) 'example_python_decorator' retrieved from /home/airflow/.local/lib/python3.12/site-packages/airflow/example_dags/example_python_decorator.py
[2024-12-23T19:40:47.805+0000] {logging_mixin.py:190} INFO - [2024-12-23T19:40:47.805+0000] {dag.py:3239} INFO - Sync 1 DAGs
[2024-12-23T19:40:47.817+0000] {logging_mixin.py:190} INFO - [2024-12-23T19:40:47.817+0000] {dag.py:4180} INFO - Setting next_dagrun for example_python_decorator to None, run_after=None
[2024-12-23T19:40:47.832+0000] {processor.py:208} INFO - Processing /home/airflow/.local/lib/python3.12/site-packages/airflow/example_dags/example_python_decorator.py took 0.065 seconds
[2024-12-23T19:41:18.312+0000] {processor.py:186} INFO - Started process (PID=37192) to work on /home/airflow/.local/lib/python3.12/site-packages/airflow/example_dags/example_python_decorator.py
[2024-12-23T19:41:18.313+0000] {processor.py:914} INFO - Processing file /home/airflow/.local/lib/python3.12/site-packages/airflow/example_dags/example_python_decorator.py for tasks to queue
[2024-12-23T19:41:18.315+0000] {logging_mixin.py:190} INFO - [2024-12-23T19:41:18.314+0000] {dagbag.py:588} INFO - Filling up the DagBag from /home/airflow/.local/lib/python3.12/site-packages/airflow/example_dags/example_python_decorator.py
[2024-12-23T19:41:18.328+0000] {processor.py:925} INFO - DAG(s) 'example_python_decorator' retrieved from /home/airflow/.local/lib/python3.12/site-packages/airflow/example_dags/example_python_decorator.py
[2024-12-23T19:41:18.348+0000] {logging_mixin.py:190} INFO - [2024-12-23T19:41:18.348+0000] {dag.py:3239} INFO - Sync 1 DAGs
[2024-12-23T19:41:18.361+0000] {logging_mixin.py:190} INFO - [2024-12-23T19:41:18.361+0000] {dag.py:4180} INFO - Setting next_dagrun for example_python_decorator to None, run_after=None
[2024-12-23T19:41:18.378+0000] {processor.py:208} INFO - Processing /home/airflow/.local/lib/python3.12/site-packages/airflow/example_dags/example_python_decorator.py took 0.071 seconds
[2024-12-23T19:41:49.266+0000] {processor.py:186} INFO - Started process (PID=37256) to work on /home/airflow/.local/lib/python3.12/site-packages/airflow/example_dags/example_python_decorator.py
[2024-12-23T19:41:49.267+0000] {processor.py:914} INFO - Processing file /home/airflow/.local/lib/python3.12/site-packages/airflow/example_dags/example_python_decorator.py for tasks to queue
[2024-12-23T19:41:49.269+0000] {logging_mixin.py:190} INFO - [2024-12-23T19:41:49.268+0000] {dagbag.py:588} INFO - Filling up the DagBag from /home/airflow/.local/lib/python3.12/site-packages/airflow/example_dags/example_python_decorator.py
[2024-12-23T19:41:49.283+0000] {processor.py:925} INFO - DAG(s) 'example_python_decorator' retrieved from /home/airflow/.local/lib/python3.12/site-packages/airflow/example_dags/example_python_decorator.py
[2024-12-23T19:41:49.305+0000] {logging_mixin.py:190} INFO - [2024-12-23T19:41:49.305+0000] {dag.py:3239} INFO - Sync 1 DAGs
[2024-12-23T19:41:49.320+0000] {logging_mixin.py:190} INFO - [2024-12-23T19:41:49.320+0000] {dag.py:4180} INFO - Setting next_dagrun for example_python_decorator to None, run_after=None
[2024-12-23T19:41:49.339+0000] {processor.py:208} INFO - Processing /home/airflow/.local/lib/python3.12/site-packages/airflow/example_dags/example_python_decorator.py took 0.078 seconds
[2024-12-23T19:42:20.178+0000] {processor.py:186} INFO - Started process (PID=37319) to work on /home/airflow/.local/lib/python3.12/site-packages/airflow/example_dags/example_python_decorator.py
[2024-12-23T19:42:20.179+0000] {processor.py:914} INFO - Processing file /home/airflow/.local/lib/python3.12/site-packages/airflow/example_dags/example_python_decorator.py for tasks to queue
[2024-12-23T19:42:20.180+0000] {logging_mixin.py:190} INFO - [2024-12-23T19:42:20.180+0000] {dagbag.py:588} INFO - Filling up the DagBag from /home/airflow/.local/lib/python3.12/site-packages/airflow/example_dags/example_python_decorator.py
[2024-12-23T19:42:20.193+0000] {processor.py:925} INFO - DAG(s) 'example_python_decorator' retrieved from /home/airflow/.local/lib/python3.12/site-packages/airflow/example_dags/example_python_decorator.py
[2024-12-23T19:42:20.211+0000] {logging_mixin.py:190} INFO - [2024-12-23T19:42:20.211+0000] {dag.py:3239} INFO - Sync 1 DAGs
[2024-12-23T19:42:20.226+0000] {logging_mixin.py:190} INFO - [2024-12-23T19:42:20.226+0000] {dag.py:4180} INFO - Setting next_dagrun for example_python_decorator to None, run_after=None
[2024-12-23T19:42:20.241+0000] {processor.py:208} INFO - Processing /home/airflow/.local/lib/python3.12/site-packages/airflow/example_dags/example_python_decorator.py took 0.068 seconds
[2024-12-23T19:42:51.175+0000] {processor.py:186} INFO - Started process (PID=37382) to work on /home/airflow/.local/lib/python3.12/site-packages/airflow/example_dags/example_python_decorator.py
[2024-12-23T19:42:51.176+0000] {processor.py:914} INFO - Processing file /home/airflow/.local/lib/python3.12/site-packages/airflow/example_dags/example_python_decorator.py for tasks to queue
[2024-12-23T19:42:51.177+0000] {logging_mixin.py:190} INFO - [2024-12-23T19:42:51.177+0000] {dagbag.py:588} INFO - Filling up the DagBag from /home/airflow/.local/lib/python3.12/site-packages/airflow/example_dags/example_python_decorator.py
[2024-12-23T19:42:51.190+0000] {processor.py:925} INFO - DAG(s) 'example_python_decorator' retrieved from /home/airflow/.local/lib/python3.12/site-packages/airflow/example_dags/example_python_decorator.py
[2024-12-23T19:42:51.208+0000] {logging_mixin.py:190} INFO - [2024-12-23T19:42:51.208+0000] {dag.py:3239} INFO - Sync 1 DAGs
[2024-12-23T19:42:51.222+0000] {logging_mixin.py:190} INFO - [2024-12-23T19:42:51.221+0000] {dag.py:4180} INFO - Setting next_dagrun for example_python_decorator to None, run_after=None
[2024-12-23T19:42:51.238+0000] {processor.py:208} INFO - Processing /home/airflow/.local/lib/python3.12/site-packages/airflow/example_dags/example_python_decorator.py took 0.068 seconds
[2024-12-23T19:43:21.435+0000] {processor.py:186} INFO - Started process (PID=37445) to work on /home/airflow/.local/lib/python3.12/site-packages/airflow/example_dags/example_python_decorator.py
[2024-12-23T19:43:21.436+0000] {processor.py:914} INFO - Processing file /home/airflow/.local/lib/python3.12/site-packages/airflow/example_dags/example_python_decorator.py for tasks to queue
[2024-12-23T19:43:21.437+0000] {logging_mixin.py:190} INFO - [2024-12-23T19:43:21.436+0000] {dagbag.py:588} INFO - Filling up the DagBag from /home/airflow/.local/lib/python3.12/site-packages/airflow/example_dags/example_python_decorator.py
[2024-12-23T19:43:21.450+0000] {processor.py:925} INFO - DAG(s) 'example_python_decorator' retrieved from /home/airflow/.local/lib/python3.12/site-packages/airflow/example_dags/example_python_decorator.py
[2024-12-23T19:43:21.469+0000] {logging_mixin.py:190} INFO - [2024-12-23T19:43:21.468+0000] {dag.py:3239} INFO - Sync 1 DAGs
[2024-12-23T19:43:21.482+0000] {logging_mixin.py:190} INFO - [2024-12-23T19:43:21.482+0000] {dag.py:4180} INFO - Setting next_dagrun for example_python_decorator to None, run_after=None
[2024-12-23T19:43:21.497+0000] {processor.py:208} INFO - Processing /home/airflow/.local/lib/python3.12/site-packages/airflow/example_dags/example_python_decorator.py took 0.067 seconds
[2024-12-23T19:43:52.344+0000] {processor.py:186} INFO - Started process (PID=37508) to work on /home/airflow/.local/lib/python3.12/site-packages/airflow/example_dags/example_python_decorator.py
[2024-12-23T19:43:52.345+0000] {processor.py:914} INFO - Processing file /home/airflow/.local/lib/python3.12/site-packages/airflow/example_dags/example_python_decorator.py for tasks to queue
[2024-12-23T19:43:52.347+0000] {logging_mixin.py:190} INFO - [2024-12-23T19:43:52.346+0000] {dagbag.py:588} INFO - Filling up the DagBag from /home/airflow/.local/lib/python3.12/site-packages/airflow/example_dags/example_python_decorator.py
[2024-12-23T19:43:52.361+0000] {processor.py:925} INFO - DAG(s) 'example_python_decorator' retrieved from /home/airflow/.local/lib/python3.12/site-packages/airflow/example_dags/example_python_decorator.py
[2024-12-23T19:43:52.380+0000] {logging_mixin.py:190} INFO - [2024-12-23T19:43:52.379+0000] {dag.py:3239} INFO - Sync 1 DAGs
[2024-12-23T19:43:52.393+0000] {logging_mixin.py:190} INFO - [2024-12-23T19:43:52.393+0000] {dag.py:4180} INFO - Setting next_dagrun for example_python_decorator to None, run_after=None
[2024-12-23T19:43:52.410+0000] {processor.py:208} INFO - Processing /home/airflow/.local/lib/python3.12/site-packages/airflow/example_dags/example_python_decorator.py took 0.071 seconds
[2024-12-23T19:44:23.113+0000] {processor.py:186} INFO - Started process (PID=37571) to work on /home/airflow/.local/lib/python3.12/site-packages/airflow/example_dags/example_python_decorator.py
[2024-12-23T19:44:23.114+0000] {processor.py:914} INFO - Processing file /home/airflow/.local/lib/python3.12/site-packages/airflow/example_dags/example_python_decorator.py for tasks to queue
[2024-12-23T19:44:23.115+0000] {logging_mixin.py:190} INFO - [2024-12-23T19:44:23.114+0000] {dagbag.py:588} INFO - Filling up the DagBag from /home/airflow/.local/lib/python3.12/site-packages/airflow/example_dags/example_python_decorator.py
[2024-12-23T19:44:23.127+0000] {processor.py:925} INFO - DAG(s) 'example_python_decorator' retrieved from /home/airflow/.local/lib/python3.12/site-packages/airflow/example_dags/example_python_decorator.py
[2024-12-23T19:44:23.147+0000] {logging_mixin.py:190} INFO - [2024-12-23T19:44:23.146+0000] {dag.py:3239} INFO - Sync 1 DAGs
[2024-12-23T19:44:23.162+0000] {logging_mixin.py:190} INFO - [2024-12-23T19:44:23.161+0000] {dag.py:4180} INFO - Setting next_dagrun for example_python_decorator to None, run_after=None
[2024-12-23T19:44:23.177+0000] {processor.py:208} INFO - Processing /home/airflow/.local/lib/python3.12/site-packages/airflow/example_dags/example_python_decorator.py took 0.070 seconds
[2024-12-23T19:44:53.848+0000] {processor.py:186} INFO - Started process (PID=37634) to work on /home/airflow/.local/lib/python3.12/site-packages/airflow/example_dags/example_python_decorator.py
[2024-12-23T19:44:53.849+0000] {processor.py:914} INFO - Processing file /home/airflow/.local/lib/python3.12/site-packages/airflow/example_dags/example_python_decorator.py for tasks to queue
[2024-12-23T19:44:53.850+0000] {logging_mixin.py:190} INFO - [2024-12-23T19:44:53.850+0000] {dagbag.py:588} INFO - Filling up the DagBag from /home/airflow/.local/lib/python3.12/site-packages/airflow/example_dags/example_python_decorator.py
[2024-12-23T19:44:53.864+0000] {processor.py:925} INFO - DAG(s) 'example_python_decorator' retrieved from /home/airflow/.local/lib/python3.12/site-packages/airflow/example_dags/example_python_decorator.py
[2024-12-23T19:44:53.884+0000] {logging_mixin.py:190} INFO - [2024-12-23T19:44:53.883+0000] {dag.py:3239} INFO - Sync 1 DAGs
[2024-12-23T19:44:53.896+0000] {logging_mixin.py:190} INFO - [2024-12-23T19:44:53.896+0000] {dag.py:4180} INFO - Setting next_dagrun for example_python_decorator to None, run_after=None
[2024-12-23T19:44:53.912+0000] {processor.py:208} INFO - Processing /home/airflow/.local/lib/python3.12/site-packages/airflow/example_dags/example_python_decorator.py took 0.069 seconds
[2024-12-23T19:45:25.414+0000] {processor.py:186} INFO - Started process (PID=37697) to work on /home/airflow/.local/lib/python3.12/site-packages/airflow/example_dags/example_python_decorator.py
[2024-12-23T19:45:25.414+0000] {processor.py:914} INFO - Processing file /home/airflow/.local/lib/python3.12/site-packages/airflow/example_dags/example_python_decorator.py for tasks to queue
[2024-12-23T19:45:25.416+0000] {logging_mixin.py:190} INFO - [2024-12-23T19:45:25.415+0000] {dagbag.py:588} INFO - Filling up the DagBag from /home/airflow/.local/lib/python3.12/site-packages/airflow/example_dags/example_python_decorator.py
[2024-12-23T19:45:25.428+0000] {processor.py:925} INFO - DAG(s) 'example_python_decorator' retrieved from /home/airflow/.local/lib/python3.12/site-packages/airflow/example_dags/example_python_decorator.py
[2024-12-23T19:45:25.448+0000] {logging_mixin.py:190} INFO - [2024-12-23T19:45:25.448+0000] {dag.py:3239} INFO - Sync 1 DAGs
[2024-12-23T19:45:25.460+0000] {logging_mixin.py:190} INFO - [2024-12-23T19:45:25.460+0000] {dag.py:4180} INFO - Setting next_dagrun for example_python_decorator to None, run_after=None
[2024-12-23T19:45:25.475+0000] {processor.py:208} INFO - Processing /home/airflow/.local/lib/python3.12/site-packages/airflow/example_dags/example_python_decorator.py took 0.066 seconds
[2024-12-23T19:45:55.888+0000] {processor.py:186} INFO - Started process (PID=37760) to work on /home/airflow/.local/lib/python3.12/site-packages/airflow/example_dags/example_python_decorator.py
[2024-12-23T19:45:55.889+0000] {processor.py:914} INFO - Processing file /home/airflow/.local/lib/python3.12/site-packages/airflow/example_dags/example_python_decorator.py for tasks to queue
[2024-12-23T19:45:55.890+0000] {logging_mixin.py:190} INFO - [2024-12-23T19:45:55.890+0000] {dagbag.py:588} INFO - Filling up the DagBag from /home/airflow/.local/lib/python3.12/site-packages/airflow/example_dags/example_python_decorator.py
[2024-12-23T19:45:55.902+0000] {processor.py:925} INFO - DAG(s) 'example_python_decorator' retrieved from /home/airflow/.local/lib/python3.12/site-packages/airflow/example_dags/example_python_decorator.py
[2024-12-23T19:45:55.921+0000] {logging_mixin.py:190} INFO - [2024-12-23T19:45:55.921+0000] {dag.py:3239} INFO - Sync 1 DAGs
[2024-12-23T19:45:55.934+0000] {logging_mixin.py:190} INFO - [2024-12-23T19:45:55.934+0000] {dag.py:4180} INFO - Setting next_dagrun for example_python_decorator to None, run_after=None
[2024-12-23T19:45:55.952+0000] {processor.py:208} INFO - Processing /home/airflow/.local/lib/python3.12/site-packages/airflow/example_dags/example_python_decorator.py took 0.069 seconds
[2024-12-23T19:46:26.317+0000] {processor.py:186} INFO - Started process (PID=37823) to work on /home/airflow/.local/lib/python3.12/site-packages/airflow/example_dags/example_python_decorator.py
[2024-12-23T19:46:26.318+0000] {processor.py:914} INFO - Processing file /home/airflow/.local/lib/python3.12/site-packages/airflow/example_dags/example_python_decorator.py for tasks to queue
[2024-12-23T19:46:26.320+0000] {logging_mixin.py:190} INFO - [2024-12-23T19:46:26.319+0000] {dagbag.py:588} INFO - Filling up the DagBag from /home/airflow/.local/lib/python3.12/site-packages/airflow/example_dags/example_python_decorator.py
[2024-12-23T19:46:26.332+0000] {processor.py:925} INFO - DAG(s) 'example_python_decorator' retrieved from /home/airflow/.local/lib/python3.12/site-packages/airflow/example_dags/example_python_decorator.py
[2024-12-23T19:46:26.351+0000] {logging_mixin.py:190} INFO - [2024-12-23T19:46:26.351+0000] {dag.py:3239} INFO - Sync 1 DAGs
[2024-12-23T19:46:26.363+0000] {logging_mixin.py:190} INFO - [2024-12-23T19:46:26.363+0000] {dag.py:4180} INFO - Setting next_dagrun for example_python_decorator to None, run_after=None
[2024-12-23T19:46:26.377+0000] {processor.py:208} INFO - Processing /home/airflow/.local/lib/python3.12/site-packages/airflow/example_dags/example_python_decorator.py took 0.065 seconds
[2024-12-23T19:48:16.993+0000] {processor.py:186} INFO - Started process (PID=76) to work on /home/airflow/.local/lib/python3.12/site-packages/airflow/example_dags/example_python_decorator.py
[2024-12-23T19:48:16.994+0000] {processor.py:914} INFO - Processing file /home/airflow/.local/lib/python3.12/site-packages/airflow/example_dags/example_python_decorator.py for tasks to queue
[2024-12-23T19:48:16.997+0000] {logging_mixin.py:190} INFO - [2024-12-23T19:48:16.997+0000] {dagbag.py:588} INFO - Filling up the DagBag from /home/airflow/.local/lib/python3.12/site-packages/airflow/example_dags/example_python_decorator.py
[2024-12-23T19:48:17.011+0000] {processor.py:925} INFO - DAG(s) 'example_python_decorator' retrieved from /home/airflow/.local/lib/python3.12/site-packages/airflow/example_dags/example_python_decorator.py
[2024-12-23T19:48:17.110+0000] {logging_mixin.py:190} INFO - [2024-12-23T19:48:17.109+0000] {dag.py:3239} INFO - Sync 1 DAGs
[2024-12-23T19:48:17.121+0000] {logging_mixin.py:190} INFO - [2024-12-23T19:48:17.120+0000] {dag.py:4180} INFO - Setting next_dagrun for example_python_decorator to None, run_after=None
[2024-12-23T19:48:17.138+0000] {processor.py:208} INFO - Processing /home/airflow/.local/lib/python3.12/site-packages/airflow/example_dags/example_python_decorator.py took 0.150 seconds
[2024-12-23T19:48:48.789+0000] {processor.py:186} INFO - Started process (PID=139) to work on /home/airflow/.local/lib/python3.12/site-packages/airflow/example_dags/example_python_decorator.py
[2024-12-23T19:48:48.790+0000] {processor.py:914} INFO - Processing file /home/airflow/.local/lib/python3.12/site-packages/airflow/example_dags/example_python_decorator.py for tasks to queue
[2024-12-23T19:48:48.793+0000] {logging_mixin.py:190} INFO - [2024-12-23T19:48:48.793+0000] {dagbag.py:588} INFO - Filling up the DagBag from /home/airflow/.local/lib/python3.12/site-packages/airflow/example_dags/example_python_decorator.py
[2024-12-23T19:48:48.810+0000] {processor.py:925} INFO - DAG(s) 'example_python_decorator' retrieved from /home/airflow/.local/lib/python3.12/site-packages/airflow/example_dags/example_python_decorator.py
[2024-12-23T19:48:48.839+0000] {logging_mixin.py:190} INFO - [2024-12-23T19:48:48.839+0000] {dag.py:3239} INFO - Sync 1 DAGs
[2024-12-23T19:48:48.859+0000] {logging_mixin.py:190} INFO - [2024-12-23T19:48:48.859+0000] {dag.py:4180} INFO - Setting next_dagrun for example_python_decorator to None, run_after=None
[2024-12-23T19:48:48.894+0000] {processor.py:208} INFO - Processing /home/airflow/.local/lib/python3.12/site-packages/airflow/example_dags/example_python_decorator.py took 0.112 seconds
[2024-12-23T19:49:20.908+0000] {processor.py:186} INFO - Started process (PID=202) to work on /home/airflow/.local/lib/python3.12/site-packages/airflow/example_dags/example_python_decorator.py
[2024-12-23T19:49:20.909+0000] {processor.py:914} INFO - Processing file /home/airflow/.local/lib/python3.12/site-packages/airflow/example_dags/example_python_decorator.py for tasks to queue
[2024-12-23T19:49:20.914+0000] {logging_mixin.py:190} INFO - [2024-12-23T19:49:20.914+0000] {dagbag.py:588} INFO - Filling up the DagBag from /home/airflow/.local/lib/python3.12/site-packages/airflow/example_dags/example_python_decorator.py
[2024-12-23T19:49:20.929+0000] {processor.py:925} INFO - DAG(s) 'example_python_decorator' retrieved from /home/airflow/.local/lib/python3.12/site-packages/airflow/example_dags/example_python_decorator.py
[2024-12-23T19:49:20.966+0000] {logging_mixin.py:190} INFO - [2024-12-23T19:49:20.966+0000] {dag.py:3239} INFO - Sync 1 DAGs
[2024-12-23T19:49:20.983+0000] {logging_mixin.py:190} INFO - [2024-12-23T19:49:20.982+0000] {dag.py:4180} INFO - Setting next_dagrun for example_python_decorator to None, run_after=None
[2024-12-23T19:49:21.007+0000] {processor.py:208} INFO - Processing /home/airflow/.local/lib/python3.12/site-packages/airflow/example_dags/example_python_decorator.py took 0.107 seconds
[2024-12-23T19:49:51.571+0000] {processor.py:186} INFO - Started process (PID=271) to work on /home/airflow/.local/lib/python3.12/site-packages/airflow/example_dags/example_python_decorator.py
[2024-12-23T19:49:51.573+0000] {processor.py:914} INFO - Processing file /home/airflow/.local/lib/python3.12/site-packages/airflow/example_dags/example_python_decorator.py for tasks to queue
[2024-12-23T19:49:51.575+0000] {logging_mixin.py:190} INFO - [2024-12-23T19:49:51.575+0000] {dagbag.py:588} INFO - Filling up the DagBag from /home/airflow/.local/lib/python3.12/site-packages/airflow/example_dags/example_python_decorator.py
[2024-12-23T19:49:51.589+0000] {processor.py:925} INFO - DAG(s) 'example_python_decorator' retrieved from /home/airflow/.local/lib/python3.12/site-packages/airflow/example_dags/example_python_decorator.py
[2024-12-23T19:49:51.611+0000] {logging_mixin.py:190} INFO - [2024-12-23T19:49:51.611+0000] {dag.py:3239} INFO - Sync 1 DAGs
[2024-12-23T19:49:51.624+0000] {logging_mixin.py:190} INFO - [2024-12-23T19:49:51.624+0000] {dag.py:4180} INFO - Setting next_dagrun for example_python_decorator to None, run_after=None
[2024-12-23T19:49:51.649+0000] {processor.py:208} INFO - Processing /home/airflow/.local/lib/python3.12/site-packages/airflow/example_dags/example_python_decorator.py took 0.084 seconds
[2024-12-23T19:50:24.199+0000] {processor.py:186} INFO - Started process (PID=334) to work on /home/airflow/.local/lib/python3.12/site-packages/airflow/example_dags/example_python_decorator.py
[2024-12-23T19:50:24.200+0000] {processor.py:914} INFO - Processing file /home/airflow/.local/lib/python3.12/site-packages/airflow/example_dags/example_python_decorator.py for tasks to queue
[2024-12-23T19:50:24.203+0000] {logging_mixin.py:190} INFO - [2024-12-23T19:50:24.202+0000] {dagbag.py:588} INFO - Filling up the DagBag from /home/airflow/.local/lib/python3.12/site-packages/airflow/example_dags/example_python_decorator.py
[2024-12-23T19:50:24.218+0000] {processor.py:925} INFO - DAG(s) 'example_python_decorator' retrieved from /home/airflow/.local/lib/python3.12/site-packages/airflow/example_dags/example_python_decorator.py
[2024-12-23T19:50:24.239+0000] {logging_mixin.py:190} INFO - [2024-12-23T19:50:24.239+0000] {dag.py:3239} INFO - Sync 1 DAGs
[2024-12-23T19:50:24.253+0000] {logging_mixin.py:190} INFO - [2024-12-23T19:50:24.253+0000] {dag.py:4180} INFO - Setting next_dagrun for example_python_decorator to None, run_after=None
[2024-12-23T19:50:24.269+0000] {processor.py:208} INFO - Processing /home/airflow/.local/lib/python3.12/site-packages/airflow/example_dags/example_python_decorator.py took 0.077 seconds
[2024-12-23T19:50:58.035+0000] {processor.py:186} INFO - Started process (PID=404) to work on /home/airflow/.local/lib/python3.12/site-packages/airflow/example_dags/example_python_decorator.py
[2024-12-23T19:50:58.036+0000] {processor.py:914} INFO - Processing file /home/airflow/.local/lib/python3.12/site-packages/airflow/example_dags/example_python_decorator.py for tasks to queue
[2024-12-23T19:50:58.039+0000] {logging_mixin.py:190} INFO - [2024-12-23T19:50:58.038+0000] {dagbag.py:588} INFO - Filling up the DagBag from /home/airflow/.local/lib/python3.12/site-packages/airflow/example_dags/example_python_decorator.py
[2024-12-23T19:50:58.054+0000] {processor.py:925} INFO - DAG(s) 'example_python_decorator' retrieved from /home/airflow/.local/lib/python3.12/site-packages/airflow/example_dags/example_python_decorator.py
[2024-12-23T19:50:58.077+0000] {logging_mixin.py:190} INFO - [2024-12-23T19:50:58.077+0000] {dag.py:3239} INFO - Sync 1 DAGs
[2024-12-23T19:50:58.092+0000] {logging_mixin.py:190} INFO - [2024-12-23T19:50:58.092+0000] {dag.py:4180} INFO - Setting next_dagrun for example_python_decorator to None, run_after=None
[2024-12-23T19:50:58.113+0000] {processor.py:208} INFO - Processing /home/airflow/.local/lib/python3.12/site-packages/airflow/example_dags/example_python_decorator.py took 0.084 seconds
[2024-12-23T19:51:51.206+0000] {processor.py:186} INFO - Started process (PID=467) to work on /home/airflow/.local/lib/python3.12/site-packages/airflow/example_dags/example_python_decorator.py
[2024-12-23T19:51:51.209+0000] {processor.py:914} INFO - Processing file /home/airflow/.local/lib/python3.12/site-packages/airflow/example_dags/example_python_decorator.py for tasks to queue
[2024-12-23T19:51:51.211+0000] {logging_mixin.py:190} INFO - [2024-12-23T19:51:51.211+0000] {dagbag.py:588} INFO - Filling up the DagBag from /home/airflow/.local/lib/python3.12/site-packages/airflow/example_dags/example_python_decorator.py
[2024-12-23T19:51:51.226+0000] {processor.py:925} INFO - DAG(s) 'example_python_decorator' retrieved from /home/airflow/.local/lib/python3.12/site-packages/airflow/example_dags/example_python_decorator.py
[2024-12-23T19:51:51.246+0000] {logging_mixin.py:190} INFO - [2024-12-23T19:51:51.246+0000] {dag.py:3239} INFO - Sync 1 DAGs
[2024-12-23T19:51:51.262+0000] {logging_mixin.py:190} INFO - [2024-12-23T19:51:51.261+0000] {dag.py:4180} INFO - Setting next_dagrun for example_python_decorator to None, run_after=None
[2024-12-23T19:51:51.280+0000] {processor.py:208} INFO - Processing /home/airflow/.local/lib/python3.12/site-packages/airflow/example_dags/example_python_decorator.py took 0.079 seconds
[2024-12-23T19:52:30.338+0000] {processor.py:186} INFO - Started process (PID=537) to work on /home/airflow/.local/lib/python3.12/site-packages/airflow/example_dags/example_python_decorator.py
[2024-12-23T19:52:30.340+0000] {processor.py:914} INFO - Processing file /home/airflow/.local/lib/python3.12/site-packages/airflow/example_dags/example_python_decorator.py for tasks to queue
[2024-12-23T19:52:30.344+0000] {logging_mixin.py:190} INFO - [2024-12-23T19:52:30.343+0000] {dagbag.py:588} INFO - Filling up the DagBag from /home/airflow/.local/lib/python3.12/site-packages/airflow/example_dags/example_python_decorator.py
[2024-12-23T19:52:30.368+0000] {processor.py:925} INFO - DAG(s) 'example_python_decorator' retrieved from /home/airflow/.local/lib/python3.12/site-packages/airflow/example_dags/example_python_decorator.py
[2024-12-23T19:52:30.427+0000] {logging_mixin.py:190} INFO - [2024-12-23T19:52:30.426+0000] {dag.py:3239} INFO - Sync 1 DAGs
[2024-12-23T19:52:30.444+0000] {logging_mixin.py:190} INFO - [2024-12-23T19:52:30.444+0000] {dag.py:4180} INFO - Setting next_dagrun for example_python_decorator to None, run_after=None
[2024-12-23T19:52:30.469+0000] {processor.py:208} INFO - Processing /home/airflow/.local/lib/python3.12/site-packages/airflow/example_dags/example_python_decorator.py took 0.143 seconds
[2024-12-23T19:53:01.105+0000] {processor.py:186} INFO - Started process (PID=600) to work on /home/airflow/.local/lib/python3.12/site-packages/airflow/example_dags/example_python_decorator.py
[2024-12-23T19:53:01.106+0000] {processor.py:914} INFO - Processing file /home/airflow/.local/lib/python3.12/site-packages/airflow/example_dags/example_python_decorator.py for tasks to queue
[2024-12-23T19:53:01.108+0000] {logging_mixin.py:190} INFO - [2024-12-23T19:53:01.108+0000] {dagbag.py:588} INFO - Filling up the DagBag from /home/airflow/.local/lib/python3.12/site-packages/airflow/example_dags/example_python_decorator.py
[2024-12-23T19:53:01.122+0000] {processor.py:925} INFO - DAG(s) 'example_python_decorator' retrieved from /home/airflow/.local/lib/python3.12/site-packages/airflow/example_dags/example_python_decorator.py
[2024-12-23T19:53:01.142+0000] {logging_mixin.py:190} INFO - [2024-12-23T19:53:01.142+0000] {dag.py:3239} INFO - Sync 1 DAGs
[2024-12-23T19:53:01.156+0000] {logging_mixin.py:190} INFO - [2024-12-23T19:53:01.156+0000] {dag.py:4180} INFO - Setting next_dagrun for example_python_decorator to None, run_after=None
[2024-12-23T19:53:01.173+0000] {processor.py:208} INFO - Processing /home/airflow/.local/lib/python3.12/site-packages/airflow/example_dags/example_python_decorator.py took 0.075 seconds
[2024-12-23T19:53:32.035+0000] {processor.py:186} INFO - Started process (PID=663) to work on /home/airflow/.local/lib/python3.12/site-packages/airflow/example_dags/example_python_decorator.py
[2024-12-23T19:53:32.036+0000] {processor.py:914} INFO - Processing file /home/airflow/.local/lib/python3.12/site-packages/airflow/example_dags/example_python_decorator.py for tasks to queue
[2024-12-23T19:53:32.038+0000] {logging_mixin.py:190} INFO - [2024-12-23T19:53:32.038+0000] {dagbag.py:588} INFO - Filling up the DagBag from /home/airflow/.local/lib/python3.12/site-packages/airflow/example_dags/example_python_decorator.py
[2024-12-23T19:53:32.052+0000] {processor.py:925} INFO - DAG(s) 'example_python_decorator' retrieved from /home/airflow/.local/lib/python3.12/site-packages/airflow/example_dags/example_python_decorator.py
[2024-12-23T19:53:32.072+0000] {logging_mixin.py:190} INFO - [2024-12-23T19:53:32.072+0000] {dag.py:3239} INFO - Sync 1 DAGs
[2024-12-23T19:53:32.085+0000] {logging_mixin.py:190} INFO - [2024-12-23T19:53:32.085+0000] {dag.py:4180} INFO - Setting next_dagrun for example_python_decorator to None, run_after=None
[2024-12-23T19:53:32.102+0000] {processor.py:208} INFO - Processing /home/airflow/.local/lib/python3.12/site-packages/airflow/example_dags/example_python_decorator.py took 0.073 seconds
[2024-12-23T19:54:02.321+0000] {processor.py:186} INFO - Started process (PID=726) to work on /home/airflow/.local/lib/python3.12/site-packages/airflow/example_dags/example_python_decorator.py
[2024-12-23T19:54:02.322+0000] {processor.py:914} INFO - Processing file /home/airflow/.local/lib/python3.12/site-packages/airflow/example_dags/example_python_decorator.py for tasks to queue
[2024-12-23T19:54:02.324+0000] {logging_mixin.py:190} INFO - [2024-12-23T19:54:02.324+0000] {dagbag.py:588} INFO - Filling up the DagBag from /home/airflow/.local/lib/python3.12/site-packages/airflow/example_dags/example_python_decorator.py
[2024-12-23T19:54:02.337+0000] {processor.py:925} INFO - DAG(s) 'example_python_decorator' retrieved from /home/airflow/.local/lib/python3.12/site-packages/airflow/example_dags/example_python_decorator.py
[2024-12-23T19:54:02.357+0000] {logging_mixin.py:190} INFO - [2024-12-23T19:54:02.357+0000] {dag.py:3239} INFO - Sync 1 DAGs
[2024-12-23T19:54:02.370+0000] {logging_mixin.py:190} INFO - [2024-12-23T19:54:02.370+0000] {dag.py:4180} INFO - Setting next_dagrun for example_python_decorator to None, run_after=None
[2024-12-23T19:54:02.386+0000] {processor.py:208} INFO - Processing /home/airflow/.local/lib/python3.12/site-packages/airflow/example_dags/example_python_decorator.py took 0.070 seconds
[2024-12-23T19:54:33.687+0000] {processor.py:186} INFO - Started process (PID=789) to work on /home/airflow/.local/lib/python3.12/site-packages/airflow/example_dags/example_python_decorator.py
[2024-12-23T19:54:33.688+0000] {processor.py:914} INFO - Processing file /home/airflow/.local/lib/python3.12/site-packages/airflow/example_dags/example_python_decorator.py for tasks to queue
[2024-12-23T19:54:33.691+0000] {logging_mixin.py:190} INFO - [2024-12-23T19:54:33.690+0000] {dagbag.py:588} INFO - Filling up the DagBag from /home/airflow/.local/lib/python3.12/site-packages/airflow/example_dags/example_python_decorator.py
[2024-12-23T19:54:33.711+0000] {processor.py:925} INFO - DAG(s) 'example_python_decorator' retrieved from /home/airflow/.local/lib/python3.12/site-packages/airflow/example_dags/example_python_decorator.py
[2024-12-23T19:54:33.732+0000] {logging_mixin.py:190} INFO - [2024-12-23T19:54:33.732+0000] {dag.py:3239} INFO - Sync 1 DAGs
[2024-12-23T19:54:33.745+0000] {logging_mixin.py:190} INFO - [2024-12-23T19:54:33.745+0000] {dag.py:4180} INFO - Setting next_dagrun for example_python_decorator to None, run_after=None
[2024-12-23T19:54:33.761+0000] {processor.py:208} INFO - Processing /home/airflow/.local/lib/python3.12/site-packages/airflow/example_dags/example_python_decorator.py took 0.079 seconds
[2024-12-23T19:55:04.863+0000] {processor.py:186} INFO - Started process (PID=852) to work on /home/airflow/.local/lib/python3.12/site-packages/airflow/example_dags/example_python_decorator.py
[2024-12-23T19:55:04.864+0000] {processor.py:914} INFO - Processing file /home/airflow/.local/lib/python3.12/site-packages/airflow/example_dags/example_python_decorator.py for tasks to queue
[2024-12-23T19:55:04.866+0000] {logging_mixin.py:190} INFO - [2024-12-23T19:55:04.865+0000] {dagbag.py:588} INFO - Filling up the DagBag from /home/airflow/.local/lib/python3.12/site-packages/airflow/example_dags/example_python_decorator.py
[2024-12-23T19:55:04.880+0000] {processor.py:925} INFO - DAG(s) 'example_python_decorator' retrieved from /home/airflow/.local/lib/python3.12/site-packages/airflow/example_dags/example_python_decorator.py
[2024-12-23T19:55:04.900+0000] {logging_mixin.py:190} INFO - [2024-12-23T19:55:04.899+0000] {dag.py:3239} INFO - Sync 1 DAGs
[2024-12-23T19:55:04.912+0000] {logging_mixin.py:190} INFO - [2024-12-23T19:55:04.912+0000] {dag.py:4180} INFO - Setting next_dagrun for example_python_decorator to None, run_after=None
[2024-12-23T19:55:04.928+0000] {processor.py:208} INFO - Processing /home/airflow/.local/lib/python3.12/site-packages/airflow/example_dags/example_python_decorator.py took 0.071 seconds
[2024-12-23T19:55:36.582+0000] {processor.py:186} INFO - Started process (PID=915) to work on /home/airflow/.local/lib/python3.12/site-packages/airflow/example_dags/example_python_decorator.py
[2024-12-23T19:55:36.583+0000] {processor.py:914} INFO - Processing file /home/airflow/.local/lib/python3.12/site-packages/airflow/example_dags/example_python_decorator.py for tasks to queue
[2024-12-23T19:55:36.586+0000] {logging_mixin.py:190} INFO - [2024-12-23T19:55:36.585+0000] {dagbag.py:588} INFO - Filling up the DagBag from /home/airflow/.local/lib/python3.12/site-packages/airflow/example_dags/example_python_decorator.py
[2024-12-23T19:55:36.601+0000] {processor.py:925} INFO - DAG(s) 'example_python_decorator' retrieved from /home/airflow/.local/lib/python3.12/site-packages/airflow/example_dags/example_python_decorator.py
[2024-12-23T19:55:36.621+0000] {logging_mixin.py:190} INFO - [2024-12-23T19:55:36.621+0000] {dag.py:3239} INFO - Sync 1 DAGs
[2024-12-23T19:55:36.635+0000] {logging_mixin.py:190} INFO - [2024-12-23T19:55:36.635+0000] {dag.py:4180} INFO - Setting next_dagrun for example_python_decorator to None, run_after=None
[2024-12-23T19:55:36.654+0000] {processor.py:208} INFO - Processing /home/airflow/.local/lib/python3.12/site-packages/airflow/example_dags/example_python_decorator.py took 0.080 seconds
[2024-12-23T19:56:08.831+0000] {processor.py:186} INFO - Started process (PID=978) to work on /home/airflow/.local/lib/python3.12/site-packages/airflow/example_dags/example_python_decorator.py
[2024-12-23T19:56:08.832+0000] {processor.py:914} INFO - Processing file /home/airflow/.local/lib/python3.12/site-packages/airflow/example_dags/example_python_decorator.py for tasks to queue
[2024-12-23T19:56:08.834+0000] {logging_mixin.py:190} INFO - [2024-12-23T19:56:08.834+0000] {dagbag.py:588} INFO - Filling up the DagBag from /home/airflow/.local/lib/python3.12/site-packages/airflow/example_dags/example_python_decorator.py
[2024-12-23T19:56:08.849+0000] {processor.py:925} INFO - DAG(s) 'example_python_decorator' retrieved from /home/airflow/.local/lib/python3.12/site-packages/airflow/example_dags/example_python_decorator.py
[2024-12-23T19:56:08.870+0000] {logging_mixin.py:190} INFO - [2024-12-23T19:56:08.870+0000] {dag.py:3239} INFO - Sync 1 DAGs
[2024-12-23T19:56:08.884+0000] {logging_mixin.py:190} INFO - [2024-12-23T19:56:08.884+0000] {dag.py:4180} INFO - Setting next_dagrun for example_python_decorator to None, run_after=None
[2024-12-23T19:56:08.901+0000] {processor.py:208} INFO - Processing /home/airflow/.local/lib/python3.12/site-packages/airflow/example_dags/example_python_decorator.py took 0.075 seconds
[2024-12-23T19:56:39.460+0000] {processor.py:186} INFO - Started process (PID=1041) to work on /home/airflow/.local/lib/python3.12/site-packages/airflow/example_dags/example_python_decorator.py
[2024-12-23T19:56:39.462+0000] {processor.py:914} INFO - Processing file /home/airflow/.local/lib/python3.12/site-packages/airflow/example_dags/example_python_decorator.py for tasks to queue
[2024-12-23T19:56:39.464+0000] {logging_mixin.py:190} INFO - [2024-12-23T19:56:39.464+0000] {dagbag.py:588} INFO - Filling up the DagBag from /home/airflow/.local/lib/python3.12/site-packages/airflow/example_dags/example_python_decorator.py
[2024-12-23T19:56:39.478+0000] {processor.py:925} INFO - DAG(s) 'example_python_decorator' retrieved from /home/airflow/.local/lib/python3.12/site-packages/airflow/example_dags/example_python_decorator.py
[2024-12-23T19:56:39.498+0000] {logging_mixin.py:190} INFO - [2024-12-23T19:56:39.498+0000] {dag.py:3239} INFO - Sync 1 DAGs
[2024-12-23T19:56:39.513+0000] {logging_mixin.py:190} INFO - [2024-12-23T19:56:39.512+0000] {dag.py:4180} INFO - Setting next_dagrun for example_python_decorator to None, run_after=None
[2024-12-23T19:56:39.532+0000] {processor.py:208} INFO - Processing /home/airflow/.local/lib/python3.12/site-packages/airflow/example_dags/example_python_decorator.py took 0.077 seconds
[2024-12-23T19:57:11.188+0000] {processor.py:186} INFO - Started process (PID=1104) to work on /home/airflow/.local/lib/python3.12/site-packages/airflow/example_dags/example_python_decorator.py
[2024-12-23T19:57:11.189+0000] {processor.py:914} INFO - Processing file /home/airflow/.local/lib/python3.12/site-packages/airflow/example_dags/example_python_decorator.py for tasks to queue
[2024-12-23T19:57:11.191+0000] {logging_mixin.py:190} INFO - [2024-12-23T19:57:11.191+0000] {dagbag.py:588} INFO - Filling up the DagBag from /home/airflow/.local/lib/python3.12/site-packages/airflow/example_dags/example_python_decorator.py
[2024-12-23T19:57:11.208+0000] {processor.py:925} INFO - DAG(s) 'example_python_decorator' retrieved from /home/airflow/.local/lib/python3.12/site-packages/airflow/example_dags/example_python_decorator.py
[2024-12-23T19:57:11.228+0000] {logging_mixin.py:190} INFO - [2024-12-23T19:57:11.228+0000] {dag.py:3239} INFO - Sync 1 DAGs
[2024-12-23T19:57:11.240+0000] {logging_mixin.py:190} INFO - [2024-12-23T19:57:11.240+0000] {dag.py:4180} INFO - Setting next_dagrun for example_python_decorator to None, run_after=None
[2024-12-23T19:57:11.274+0000] {processor.py:208} INFO - Processing /home/airflow/.local/lib/python3.12/site-packages/airflow/example_dags/example_python_decorator.py took 0.091 seconds
[2024-12-23T19:57:42.000+0000] {processor.py:186} INFO - Started process (PID=1167) to work on /home/airflow/.local/lib/python3.12/site-packages/airflow/example_dags/example_python_decorator.py
[2024-12-23T19:57:42.001+0000] {processor.py:914} INFO - Processing file /home/airflow/.local/lib/python3.12/site-packages/airflow/example_dags/example_python_decorator.py for tasks to queue
[2024-12-23T19:57:42.004+0000] {logging_mixin.py:190} INFO - [2024-12-23T19:57:42.003+0000] {dagbag.py:588} INFO - Filling up the DagBag from /home/airflow/.local/lib/python3.12/site-packages/airflow/example_dags/example_python_decorator.py
[2024-12-23T19:57:42.018+0000] {processor.py:925} INFO - DAG(s) 'example_python_decorator' retrieved from /home/airflow/.local/lib/python3.12/site-packages/airflow/example_dags/example_python_decorator.py
[2024-12-23T19:57:42.039+0000] {logging_mixin.py:190} INFO - [2024-12-23T19:57:42.038+0000] {dag.py:3239} INFO - Sync 1 DAGs
[2024-12-23T19:57:42.052+0000] {logging_mixin.py:190} INFO - [2024-12-23T19:57:42.052+0000] {dag.py:4180} INFO - Setting next_dagrun for example_python_decorator to None, run_after=None
[2024-12-23T19:57:42.068+0000] {processor.py:208} INFO - Processing /home/airflow/.local/lib/python3.12/site-packages/airflow/example_dags/example_python_decorator.py took 0.073 seconds
[2024-12-23T19:58:12.805+0000] {processor.py:186} INFO - Started process (PID=1230) to work on /home/airflow/.local/lib/python3.12/site-packages/airflow/example_dags/example_python_decorator.py
[2024-12-23T19:58:12.806+0000] {processor.py:914} INFO - Processing file /home/airflow/.local/lib/python3.12/site-packages/airflow/example_dags/example_python_decorator.py for tasks to queue
[2024-12-23T19:58:12.809+0000] {logging_mixin.py:190} INFO - [2024-12-23T19:58:12.809+0000] {dagbag.py:588} INFO - Filling up the DagBag from /home/airflow/.local/lib/python3.12/site-packages/airflow/example_dags/example_python_decorator.py
[2024-12-23T19:58:12.822+0000] {processor.py:925} INFO - DAG(s) 'example_python_decorator' retrieved from /home/airflow/.local/lib/python3.12/site-packages/airflow/example_dags/example_python_decorator.py
[2024-12-23T19:58:12.841+0000] {logging_mixin.py:190} INFO - [2024-12-23T19:58:12.840+0000] {dag.py:3239} INFO - Sync 1 DAGs
[2024-12-23T19:58:12.853+0000] {logging_mixin.py:190} INFO - [2024-12-23T19:58:12.853+0000] {dag.py:4180} INFO - Setting next_dagrun for example_python_decorator to None, run_after=None
[2024-12-23T19:58:12.867+0000] {processor.py:208} INFO - Processing /home/airflow/.local/lib/python3.12/site-packages/airflow/example_dags/example_python_decorator.py took 0.067 seconds
[2024-12-23T19:58:43.914+0000] {processor.py:186} INFO - Started process (PID=1293) to work on /home/airflow/.local/lib/python3.12/site-packages/airflow/example_dags/example_python_decorator.py
[2024-12-23T19:58:43.915+0000] {processor.py:914} INFO - Processing file /home/airflow/.local/lib/python3.12/site-packages/airflow/example_dags/example_python_decorator.py for tasks to queue
[2024-12-23T19:58:43.917+0000] {logging_mixin.py:190} INFO - [2024-12-23T19:58:43.917+0000] {dagbag.py:588} INFO - Filling up the DagBag from /home/airflow/.local/lib/python3.12/site-packages/airflow/example_dags/example_python_decorator.py
[2024-12-23T19:58:43.930+0000] {processor.py:925} INFO - DAG(s) 'example_python_decorator' retrieved from /home/airflow/.local/lib/python3.12/site-packages/airflow/example_dags/example_python_decorator.py
[2024-12-23T19:58:43.949+0000] {logging_mixin.py:190} INFO - [2024-12-23T19:58:43.949+0000] {dag.py:3239} INFO - Sync 1 DAGs
[2024-12-23T19:58:43.963+0000] {logging_mixin.py:190} INFO - [2024-12-23T19:58:43.962+0000] {dag.py:4180} INFO - Setting next_dagrun for example_python_decorator to None, run_after=None
[2024-12-23T19:58:43.983+0000] {processor.py:208} INFO - Processing /home/airflow/.local/lib/python3.12/site-packages/airflow/example_dags/example_python_decorator.py took 0.074 seconds
[2024-12-23T19:59:15.349+0000] {processor.py:186} INFO - Started process (PID=1357) to work on /home/airflow/.local/lib/python3.12/site-packages/airflow/example_dags/example_python_decorator.py
[2024-12-23T19:59:15.350+0000] {processor.py:914} INFO - Processing file /home/airflow/.local/lib/python3.12/site-packages/airflow/example_dags/example_python_decorator.py for tasks to queue
[2024-12-23T19:59:15.352+0000] {logging_mixin.py:190} INFO - [2024-12-23T19:59:15.352+0000] {dagbag.py:588} INFO - Filling up the DagBag from /home/airflow/.local/lib/python3.12/site-packages/airflow/example_dags/example_python_decorator.py
[2024-12-23T19:59:15.367+0000] {processor.py:925} INFO - DAG(s) 'example_python_decorator' retrieved from /home/airflow/.local/lib/python3.12/site-packages/airflow/example_dags/example_python_decorator.py
[2024-12-23T19:59:15.390+0000] {logging_mixin.py:190} INFO - [2024-12-23T19:59:15.390+0000] {dag.py:3239} INFO - Sync 1 DAGs
[2024-12-23T19:59:15.411+0000] {logging_mixin.py:190} INFO - [2024-12-23T19:59:15.411+0000] {dag.py:4180} INFO - Setting next_dagrun for example_python_decorator to None, run_after=None
[2024-12-23T19:59:15.432+0000] {processor.py:208} INFO - Processing /home/airflow/.local/lib/python3.12/site-packages/airflow/example_dags/example_python_decorator.py took 0.089 seconds
[2024-12-23T19:59:46.595+0000] {processor.py:186} INFO - Started process (PID=1420) to work on /home/airflow/.local/lib/python3.12/site-packages/airflow/example_dags/example_python_decorator.py
[2024-12-23T19:59:46.596+0000] {processor.py:914} INFO - Processing file /home/airflow/.local/lib/python3.12/site-packages/airflow/example_dags/example_python_decorator.py for tasks to queue
[2024-12-23T19:59:46.598+0000] {logging_mixin.py:190} INFO - [2024-12-23T19:59:46.598+0000] {dagbag.py:588} INFO - Filling up the DagBag from /home/airflow/.local/lib/python3.12/site-packages/airflow/example_dags/example_python_decorator.py
[2024-12-23T19:59:46.612+0000] {processor.py:925} INFO - DAG(s) 'example_python_decorator' retrieved from /home/airflow/.local/lib/python3.12/site-packages/airflow/example_dags/example_python_decorator.py
[2024-12-23T19:59:46.631+0000] {logging_mixin.py:190} INFO - [2024-12-23T19:59:46.631+0000] {dag.py:3239} INFO - Sync 1 DAGs
[2024-12-23T19:59:46.646+0000] {logging_mixin.py:190} INFO - [2024-12-23T19:59:46.645+0000] {dag.py:4180} INFO - Setting next_dagrun for example_python_decorator to None, run_after=None
[2024-12-23T19:59:46.663+0000] {processor.py:208} INFO - Processing /home/airflow/.local/lib/python3.12/site-packages/airflow/example_dags/example_python_decorator.py took 0.073 seconds
[2024-12-23T20:00:17.394+0000] {processor.py:186} INFO - Started process (PID=1483) to work on /home/airflow/.local/lib/python3.12/site-packages/airflow/example_dags/example_python_decorator.py
[2024-12-23T20:00:17.395+0000] {processor.py:914} INFO - Processing file /home/airflow/.local/lib/python3.12/site-packages/airflow/example_dags/example_python_decorator.py for tasks to queue
[2024-12-23T20:00:17.397+0000] {logging_mixin.py:190} INFO - [2024-12-23T20:00:17.397+0000] {dagbag.py:588} INFO - Filling up the DagBag from /home/airflow/.local/lib/python3.12/site-packages/airflow/example_dags/example_python_decorator.py
[2024-12-23T20:00:17.411+0000] {processor.py:925} INFO - DAG(s) 'example_python_decorator' retrieved from /home/airflow/.local/lib/python3.12/site-packages/airflow/example_dags/example_python_decorator.py
[2024-12-23T20:00:17.436+0000] {logging_mixin.py:190} INFO - [2024-12-23T20:00:17.436+0000] {dag.py:3239} INFO - Sync 1 DAGs
[2024-12-23T20:00:17.453+0000] {logging_mixin.py:190} INFO - [2024-12-23T20:00:17.452+0000] {dag.py:4180} INFO - Setting next_dagrun for example_python_decorator to None, run_after=None
[2024-12-23T20:00:17.473+0000] {processor.py:208} INFO - Processing /home/airflow/.local/lib/python3.12/site-packages/airflow/example_dags/example_python_decorator.py took 0.085 seconds
[2024-12-23T20:00:49.753+0000] {processor.py:186} INFO - Started process (PID=1546) to work on /home/airflow/.local/lib/python3.12/site-packages/airflow/example_dags/example_python_decorator.py
[2024-12-23T20:00:49.754+0000] {processor.py:914} INFO - Processing file /home/airflow/.local/lib/python3.12/site-packages/airflow/example_dags/example_python_decorator.py for tasks to queue
[2024-12-23T20:00:49.757+0000] {logging_mixin.py:190} INFO - [2024-12-23T20:00:49.756+0000] {dagbag.py:588} INFO - Filling up the DagBag from /home/airflow/.local/lib/python3.12/site-packages/airflow/example_dags/example_python_decorator.py
[2024-12-23T20:00:49.774+0000] {processor.py:925} INFO - DAG(s) 'example_python_decorator' retrieved from /home/airflow/.local/lib/python3.12/site-packages/airflow/example_dags/example_python_decorator.py
[2024-12-23T20:00:49.797+0000] {logging_mixin.py:190} INFO - [2024-12-23T20:00:49.797+0000] {dag.py:3239} INFO - Sync 1 DAGs
[2024-12-23T20:00:49.813+0000] {logging_mixin.py:190} INFO - [2024-12-23T20:00:49.813+0000] {dag.py:4180} INFO - Setting next_dagrun for example_python_decorator to None, run_after=None
[2024-12-23T20:00:49.835+0000] {processor.py:208} INFO - Processing /home/airflow/.local/lib/python3.12/site-packages/airflow/example_dags/example_python_decorator.py took 0.090 seconds
[2024-12-23T20:01:20.903+0000] {processor.py:186} INFO - Started process (PID=1609) to work on /home/airflow/.local/lib/python3.12/site-packages/airflow/example_dags/example_python_decorator.py
[2024-12-23T20:01:20.904+0000] {processor.py:914} INFO - Processing file /home/airflow/.local/lib/python3.12/site-packages/airflow/example_dags/example_python_decorator.py for tasks to queue
[2024-12-23T20:01:20.906+0000] {logging_mixin.py:190} INFO - [2024-12-23T20:01:20.905+0000] {dagbag.py:588} INFO - Filling up the DagBag from /home/airflow/.local/lib/python3.12/site-packages/airflow/example_dags/example_python_decorator.py
[2024-12-23T20:01:20.919+0000] {processor.py:925} INFO - DAG(s) 'example_python_decorator' retrieved from /home/airflow/.local/lib/python3.12/site-packages/airflow/example_dags/example_python_decorator.py
[2024-12-23T20:01:20.940+0000] {logging_mixin.py:190} INFO - [2024-12-23T20:01:20.940+0000] {dag.py:3239} INFO - Sync 1 DAGs
[2024-12-23T20:01:20.954+0000] {logging_mixin.py:190} INFO - [2024-12-23T20:01:20.954+0000] {dag.py:4180} INFO - Setting next_dagrun for example_python_decorator to None, run_after=None
[2024-12-23T20:01:20.974+0000] {processor.py:208} INFO - Processing /home/airflow/.local/lib/python3.12/site-packages/airflow/example_dags/example_python_decorator.py took 0.077 seconds
[2024-12-23T20:01:51.061+0000] {processor.py:186} INFO - Started process (PID=1672) to work on /home/airflow/.local/lib/python3.12/site-packages/airflow/example_dags/example_python_decorator.py
[2024-12-23T20:01:51.062+0000] {processor.py:914} INFO - Processing file /home/airflow/.local/lib/python3.12/site-packages/airflow/example_dags/example_python_decorator.py for tasks to queue
[2024-12-23T20:01:51.064+0000] {logging_mixin.py:190} INFO - [2024-12-23T20:01:51.063+0000] {dagbag.py:588} INFO - Filling up the DagBag from /home/airflow/.local/lib/python3.12/site-packages/airflow/example_dags/example_python_decorator.py
[2024-12-23T20:01:51.076+0000] {processor.py:925} INFO - DAG(s) 'example_python_decorator' retrieved from /home/airflow/.local/lib/python3.12/site-packages/airflow/example_dags/example_python_decorator.py
[2024-12-23T20:01:51.095+0000] {logging_mixin.py:190} INFO - [2024-12-23T20:01:51.095+0000] {dag.py:3239} INFO - Sync 1 DAGs
[2024-12-23T20:01:51.108+0000] {logging_mixin.py:190} INFO - [2024-12-23T20:01:51.107+0000] {dag.py:4180} INFO - Setting next_dagrun for example_python_decorator to None, run_after=None
[2024-12-23T20:01:51.124+0000] {processor.py:208} INFO - Processing /home/airflow/.local/lib/python3.12/site-packages/airflow/example_dags/example_python_decorator.py took 0.068 seconds
[2024-12-23T20:02:21.885+0000] {processor.py:186} INFO - Started process (PID=1734) to work on /home/airflow/.local/lib/python3.12/site-packages/airflow/example_dags/example_python_decorator.py
[2024-12-23T20:02:21.886+0000] {processor.py:914} INFO - Processing file /home/airflow/.local/lib/python3.12/site-packages/airflow/example_dags/example_python_decorator.py for tasks to queue
[2024-12-23T20:02:21.889+0000] {logging_mixin.py:190} INFO - [2024-12-23T20:02:21.888+0000] {dagbag.py:588} INFO - Filling up the DagBag from /home/airflow/.local/lib/python3.12/site-packages/airflow/example_dags/example_python_decorator.py
[2024-12-23T20:02:21.907+0000] {processor.py:925} INFO - DAG(s) 'example_python_decorator' retrieved from /home/airflow/.local/lib/python3.12/site-packages/airflow/example_dags/example_python_decorator.py
[2024-12-23T20:02:21.933+0000] {logging_mixin.py:190} INFO - [2024-12-23T20:02:21.933+0000] {dag.py:3239} INFO - Sync 1 DAGs
[2024-12-23T20:02:21.949+0000] {logging_mixin.py:190} INFO - [2024-12-23T20:02:21.949+0000] {dag.py:4180} INFO - Setting next_dagrun for example_python_decorator to None, run_after=None
[2024-12-23T20:02:21.973+0000] {processor.py:208} INFO - Processing /home/airflow/.local/lib/python3.12/site-packages/airflow/example_dags/example_python_decorator.py took 0.093 seconds
[2024-12-23T20:02:53.088+0000] {processor.py:186} INFO - Started process (PID=1803) to work on /home/airflow/.local/lib/python3.12/site-packages/airflow/example_dags/example_python_decorator.py
[2024-12-23T20:02:53.089+0000] {processor.py:914} INFO - Processing file /home/airflow/.local/lib/python3.12/site-packages/airflow/example_dags/example_python_decorator.py for tasks to queue
[2024-12-23T20:02:53.092+0000] {logging_mixin.py:190} INFO - [2024-12-23T20:02:53.091+0000] {dagbag.py:588} INFO - Filling up the DagBag from /home/airflow/.local/lib/python3.12/site-packages/airflow/example_dags/example_python_decorator.py
[2024-12-23T20:02:53.105+0000] {processor.py:925} INFO - DAG(s) 'example_python_decorator' retrieved from /home/airflow/.local/lib/python3.12/site-packages/airflow/example_dags/example_python_decorator.py
[2024-12-23T20:02:53.127+0000] {logging_mixin.py:190} INFO - [2024-12-23T20:02:53.127+0000] {dag.py:3239} INFO - Sync 1 DAGs
[2024-12-23T20:02:53.142+0000] {logging_mixin.py:190} INFO - [2024-12-23T20:02:53.141+0000] {dag.py:4180} INFO - Setting next_dagrun for example_python_decorator to None, run_after=None
[2024-12-23T20:02:53.161+0000] {processor.py:208} INFO - Processing /home/airflow/.local/lib/python3.12/site-packages/airflow/example_dags/example_python_decorator.py took 0.078 seconds
[2024-12-23T20:03:25.100+0000] {processor.py:186} INFO - Started process (PID=1866) to work on /home/airflow/.local/lib/python3.12/site-packages/airflow/example_dags/example_python_decorator.py
[2024-12-23T20:03:25.101+0000] {processor.py:914} INFO - Processing file /home/airflow/.local/lib/python3.12/site-packages/airflow/example_dags/example_python_decorator.py for tasks to queue
[2024-12-23T20:03:25.103+0000] {logging_mixin.py:190} INFO - [2024-12-23T20:03:25.103+0000] {dagbag.py:588} INFO - Filling up the DagBag from /home/airflow/.local/lib/python3.12/site-packages/airflow/example_dags/example_python_decorator.py
[2024-12-23T20:03:25.116+0000] {processor.py:925} INFO - DAG(s) 'example_python_decorator' retrieved from /home/airflow/.local/lib/python3.12/site-packages/airflow/example_dags/example_python_decorator.py
[2024-12-23T20:03:25.136+0000] {logging_mixin.py:190} INFO - [2024-12-23T20:03:25.136+0000] {dag.py:3239} INFO - Sync 1 DAGs
[2024-12-23T20:03:25.151+0000] {logging_mixin.py:190} INFO - [2024-12-23T20:03:25.151+0000] {dag.py:4180} INFO - Setting next_dagrun for example_python_decorator to None, run_after=None
[2024-12-23T20:03:25.177+0000] {processor.py:208} INFO - Processing /home/airflow/.local/lib/python3.12/site-packages/airflow/example_dags/example_python_decorator.py took 0.082 seconds
[2024-12-23T20:03:56.081+0000] {processor.py:186} INFO - Started process (PID=1929) to work on /home/airflow/.local/lib/python3.12/site-packages/airflow/example_dags/example_python_decorator.py
[2024-12-23T20:03:56.082+0000] {processor.py:914} INFO - Processing file /home/airflow/.local/lib/python3.12/site-packages/airflow/example_dags/example_python_decorator.py for tasks to queue
[2024-12-23T20:03:56.084+0000] {logging_mixin.py:190} INFO - [2024-12-23T20:03:56.084+0000] {dagbag.py:588} INFO - Filling up the DagBag from /home/airflow/.local/lib/python3.12/site-packages/airflow/example_dags/example_python_decorator.py
[2024-12-23T20:03:56.102+0000] {processor.py:925} INFO - DAG(s) 'example_python_decorator' retrieved from /home/airflow/.local/lib/python3.12/site-packages/airflow/example_dags/example_python_decorator.py
[2024-12-23T20:03:56.123+0000] {logging_mixin.py:190} INFO - [2024-12-23T20:03:56.123+0000] {dag.py:3239} INFO - Sync 1 DAGs
[2024-12-23T20:03:56.137+0000] {logging_mixin.py:190} INFO - [2024-12-23T20:03:56.137+0000] {dag.py:4180} INFO - Setting next_dagrun for example_python_decorator to None, run_after=None
[2024-12-23T20:03:56.157+0000] {processor.py:208} INFO - Processing /home/airflow/.local/lib/python3.12/site-packages/airflow/example_dags/example_python_decorator.py took 0.082 seconds
[2024-12-23T20:04:27.427+0000] {processor.py:186} INFO - Started process (PID=1992) to work on /home/airflow/.local/lib/python3.12/site-packages/airflow/example_dags/example_python_decorator.py
[2024-12-23T20:04:27.428+0000] {processor.py:914} INFO - Processing file /home/airflow/.local/lib/python3.12/site-packages/airflow/example_dags/example_python_decorator.py for tasks to queue
[2024-12-23T20:04:27.431+0000] {logging_mixin.py:190} INFO - [2024-12-23T20:04:27.431+0000] {dagbag.py:588} INFO - Filling up the DagBag from /home/airflow/.local/lib/python3.12/site-packages/airflow/example_dags/example_python_decorator.py
[2024-12-23T20:04:27.447+0000] {processor.py:925} INFO - DAG(s) 'example_python_decorator' retrieved from /home/airflow/.local/lib/python3.12/site-packages/airflow/example_dags/example_python_decorator.py
[2024-12-23T20:04:27.468+0000] {logging_mixin.py:190} INFO - [2024-12-23T20:04:27.468+0000] {dag.py:3239} INFO - Sync 1 DAGs
[2024-12-23T20:04:27.482+0000] {logging_mixin.py:190} INFO - [2024-12-23T20:04:27.482+0000] {dag.py:4180} INFO - Setting next_dagrun for example_python_decorator to None, run_after=None
[2024-12-23T20:04:27.499+0000] {processor.py:208} INFO - Processing /home/airflow/.local/lib/python3.12/site-packages/airflow/example_dags/example_python_decorator.py took 0.078 seconds
[2024-12-23T20:04:59.548+0000] {processor.py:186} INFO - Started process (PID=2055) to work on /home/airflow/.local/lib/python3.12/site-packages/airflow/example_dags/example_python_decorator.py
[2024-12-23T20:04:59.549+0000] {processor.py:914} INFO - Processing file /home/airflow/.local/lib/python3.12/site-packages/airflow/example_dags/example_python_decorator.py for tasks to queue
[2024-12-23T20:04:59.551+0000] {logging_mixin.py:190} INFO - [2024-12-23T20:04:59.551+0000] {dagbag.py:588} INFO - Filling up the DagBag from /home/airflow/.local/lib/python3.12/site-packages/airflow/example_dags/example_python_decorator.py
[2024-12-23T20:04:59.566+0000] {processor.py:925} INFO - DAG(s) 'example_python_decorator' retrieved from /home/airflow/.local/lib/python3.12/site-packages/airflow/example_dags/example_python_decorator.py
[2024-12-23T20:04:59.589+0000] {logging_mixin.py:190} INFO - [2024-12-23T20:04:59.589+0000] {dag.py:3239} INFO - Sync 1 DAGs
[2024-12-23T20:04:59.604+0000] {logging_mixin.py:190} INFO - [2024-12-23T20:04:59.603+0000] {dag.py:4180} INFO - Setting next_dagrun for example_python_decorator to None, run_after=None
[2024-12-23T20:04:59.622+0000] {processor.py:208} INFO - Processing /home/airflow/.local/lib/python3.12/site-packages/airflow/example_dags/example_python_decorator.py took 0.081 seconds
[2024-12-23T20:05:30.463+0000] {processor.py:186} INFO - Started process (PID=2118) to work on /home/airflow/.local/lib/python3.12/site-packages/airflow/example_dags/example_python_decorator.py
[2024-12-23T20:05:30.464+0000] {processor.py:914} INFO - Processing file /home/airflow/.local/lib/python3.12/site-packages/airflow/example_dags/example_python_decorator.py for tasks to queue
[2024-12-23T20:05:30.467+0000] {logging_mixin.py:190} INFO - [2024-12-23T20:05:30.466+0000] {dagbag.py:588} INFO - Filling up the DagBag from /home/airflow/.local/lib/python3.12/site-packages/airflow/example_dags/example_python_decorator.py
[2024-12-23T20:05:30.482+0000] {processor.py:925} INFO - DAG(s) 'example_python_decorator' retrieved from /home/airflow/.local/lib/python3.12/site-packages/airflow/example_dags/example_python_decorator.py
[2024-12-23T20:05:30.501+0000] {logging_mixin.py:190} INFO - [2024-12-23T20:05:30.501+0000] {dag.py:3239} INFO - Sync 1 DAGs
[2024-12-23T20:05:30.515+0000] {logging_mixin.py:190} INFO - [2024-12-23T20:05:30.515+0000] {dag.py:4180} INFO - Setting next_dagrun for example_python_decorator to None, run_after=None
[2024-12-23T20:05:30.533+0000] {processor.py:208} INFO - Processing /home/airflow/.local/lib/python3.12/site-packages/airflow/example_dags/example_python_decorator.py took 0.076 seconds
[2024-12-23T20:06:01.262+0000] {processor.py:186} INFO - Started process (PID=2181) to work on /home/airflow/.local/lib/python3.12/site-packages/airflow/example_dags/example_python_decorator.py
[2024-12-23T20:06:01.263+0000] {processor.py:914} INFO - Processing file /home/airflow/.local/lib/python3.12/site-packages/airflow/example_dags/example_python_decorator.py for tasks to queue
[2024-12-23T20:06:01.265+0000] {logging_mixin.py:190} INFO - [2024-12-23T20:06:01.264+0000] {dagbag.py:588} INFO - Filling up the DagBag from /home/airflow/.local/lib/python3.12/site-packages/airflow/example_dags/example_python_decorator.py
[2024-12-23T20:06:01.277+0000] {processor.py:925} INFO - DAG(s) 'example_python_decorator' retrieved from /home/airflow/.local/lib/python3.12/site-packages/airflow/example_dags/example_python_decorator.py
[2024-12-23T20:06:01.298+0000] {logging_mixin.py:190} INFO - [2024-12-23T20:06:01.298+0000] {dag.py:3239} INFO - Sync 1 DAGs
[2024-12-23T20:06:01.312+0000] {logging_mixin.py:190} INFO - [2024-12-23T20:06:01.312+0000] {dag.py:4180} INFO - Setting next_dagrun for example_python_decorator to None, run_after=None
[2024-12-23T20:06:01.332+0000] {processor.py:208} INFO - Processing /home/airflow/.local/lib/python3.12/site-packages/airflow/example_dags/example_python_decorator.py took 0.076 seconds
[2024-12-23T20:06:33.121+0000] {processor.py:186} INFO - Started process (PID=2245) to work on /home/airflow/.local/lib/python3.12/site-packages/airflow/example_dags/example_python_decorator.py
[2024-12-23T20:06:33.122+0000] {processor.py:914} INFO - Processing file /home/airflow/.local/lib/python3.12/site-packages/airflow/example_dags/example_python_decorator.py for tasks to queue
[2024-12-23T20:06:33.124+0000] {logging_mixin.py:190} INFO - [2024-12-23T20:06:33.124+0000] {dagbag.py:588} INFO - Filling up the DagBag from /home/airflow/.local/lib/python3.12/site-packages/airflow/example_dags/example_python_decorator.py
[2024-12-23T20:06:33.138+0000] {processor.py:925} INFO - DAG(s) 'example_python_decorator' retrieved from /home/airflow/.local/lib/python3.12/site-packages/airflow/example_dags/example_python_decorator.py
[2024-12-23T20:06:33.160+0000] {logging_mixin.py:190} INFO - [2024-12-23T20:06:33.160+0000] {dag.py:3239} INFO - Sync 1 DAGs
[2024-12-23T20:06:33.175+0000] {logging_mixin.py:190} INFO - [2024-12-23T20:06:33.174+0000] {dag.py:4180} INFO - Setting next_dagrun for example_python_decorator to None, run_after=None
[2024-12-23T20:06:33.193+0000] {processor.py:208} INFO - Processing /home/airflow/.local/lib/python3.12/site-packages/airflow/example_dags/example_python_decorator.py took 0.077 seconds
[2024-12-23T20:07:03.385+0000] {processor.py:186} INFO - Started process (PID=2307) to work on /home/airflow/.local/lib/python3.12/site-packages/airflow/example_dags/example_python_decorator.py
[2024-12-23T20:07:03.386+0000] {processor.py:914} INFO - Processing file /home/airflow/.local/lib/python3.12/site-packages/airflow/example_dags/example_python_decorator.py for tasks to queue
[2024-12-23T20:07:03.389+0000] {logging_mixin.py:190} INFO - [2024-12-23T20:07:03.388+0000] {dagbag.py:588} INFO - Filling up the DagBag from /home/airflow/.local/lib/python3.12/site-packages/airflow/example_dags/example_python_decorator.py
[2024-12-23T20:07:03.403+0000] {processor.py:925} INFO - DAG(s) 'example_python_decorator' retrieved from /home/airflow/.local/lib/python3.12/site-packages/airflow/example_dags/example_python_decorator.py
[2024-12-23T20:07:03.425+0000] {logging_mixin.py:190} INFO - [2024-12-23T20:07:03.425+0000] {dag.py:3239} INFO - Sync 1 DAGs
[2024-12-23T20:07:03.438+0000] {logging_mixin.py:190} INFO - [2024-12-23T20:07:03.438+0000] {dag.py:4180} INFO - Setting next_dagrun for example_python_decorator to None, run_after=None
[2024-12-23T20:07:03.455+0000] {processor.py:208} INFO - Processing /home/airflow/.local/lib/python3.12/site-packages/airflow/example_dags/example_python_decorator.py took 0.076 seconds
[2024-12-23T20:07:40.326+0000] {processor.py:186} INFO - Started process (PID=2371) to work on /home/airflow/.local/lib/python3.12/site-packages/airflow/example_dags/example_python_decorator.py
[2024-12-23T20:07:40.327+0000] {processor.py:914} INFO - Processing file /home/airflow/.local/lib/python3.12/site-packages/airflow/example_dags/example_python_decorator.py for tasks to queue
[2024-12-23T20:07:40.330+0000] {logging_mixin.py:190} INFO - [2024-12-23T20:07:40.330+0000] {dagbag.py:588} INFO - Filling up the DagBag from /home/airflow/.local/lib/python3.12/site-packages/airflow/example_dags/example_python_decorator.py
[2024-12-23T20:07:40.362+0000] {processor.py:925} INFO - DAG(s) 'example_python_decorator' retrieved from /home/airflow/.local/lib/python3.12/site-packages/airflow/example_dags/example_python_decorator.py
[2024-12-23T20:07:40.396+0000] {logging_mixin.py:190} INFO - [2024-12-23T20:07:40.396+0000] {dag.py:3239} INFO - Sync 1 DAGs
[2024-12-23T20:07:40.413+0000] {logging_mixin.py:190} INFO - [2024-12-23T20:07:40.413+0000] {dag.py:4180} INFO - Setting next_dagrun for example_python_decorator to None, run_after=None
[2024-12-23T20:07:40.455+0000] {processor.py:208} INFO - Processing /home/airflow/.local/lib/python3.12/site-packages/airflow/example_dags/example_python_decorator.py took 0.143 seconds
[2024-12-23T20:17:54.944+0000] {processor.py:186} INFO - Started process (PID=87) to work on /home/airflow/.local/lib/python3.12/site-packages/airflow/example_dags/example_python_decorator.py
[2024-12-23T20:17:54.945+0000] {processor.py:914} INFO - Processing file /home/airflow/.local/lib/python3.12/site-packages/airflow/example_dags/example_python_decorator.py for tasks to queue
[2024-12-23T20:17:54.948+0000] {logging_mixin.py:190} INFO - [2024-12-23T20:17:54.947+0000] {dagbag.py:588} INFO - Filling up the DagBag from /home/airflow/.local/lib/python3.12/site-packages/airflow/example_dags/example_python_decorator.py
[2024-12-23T20:17:54.964+0000] {processor.py:925} INFO - DAG(s) 'example_python_decorator' retrieved from /home/airflow/.local/lib/python3.12/site-packages/airflow/example_dags/example_python_decorator.py
[2024-12-23T20:17:55.082+0000] {logging_mixin.py:190} INFO - [2024-12-23T20:17:55.082+0000] {dag.py:3239} INFO - Sync 1 DAGs
[2024-12-23T20:17:55.093+0000] {logging_mixin.py:190} INFO - [2024-12-23T20:17:55.093+0000] {dag.py:4180} INFO - Setting next_dagrun for example_python_decorator to None, run_after=None
[2024-12-23T20:17:55.117+0000] {processor.py:208} INFO - Processing /home/airflow/.local/lib/python3.12/site-packages/airflow/example_dags/example_python_decorator.py took 0.180 seconds
[2024-12-23T20:18:25.833+0000] {processor.py:186} INFO - Started process (PID=150) to work on /home/airflow/.local/lib/python3.12/site-packages/airflow/example_dags/example_python_decorator.py
[2024-12-23T20:18:25.839+0000] {processor.py:914} INFO - Processing file /home/airflow/.local/lib/python3.12/site-packages/airflow/example_dags/example_python_decorator.py for tasks to queue
[2024-12-23T20:18:25.842+0000] {logging_mixin.py:190} INFO - [2024-12-23T20:18:25.842+0000] {dagbag.py:588} INFO - Filling up the DagBag from /home/airflow/.local/lib/python3.12/site-packages/airflow/example_dags/example_python_decorator.py
[2024-12-23T20:18:25.860+0000] {processor.py:925} INFO - DAG(s) 'example_python_decorator' retrieved from /home/airflow/.local/lib/python3.12/site-packages/airflow/example_dags/example_python_decorator.py
[2024-12-23T20:18:25.888+0000] {logging_mixin.py:190} INFO - [2024-12-23T20:18:25.887+0000] {dag.py:3239} INFO - Sync 1 DAGs
[2024-12-23T20:18:25.908+0000] {logging_mixin.py:190} INFO - [2024-12-23T20:18:25.908+0000] {dag.py:4180} INFO - Setting next_dagrun for example_python_decorator to None, run_after=None
[2024-12-23T20:18:25.935+0000] {processor.py:208} INFO - Processing /home/airflow/.local/lib/python3.12/site-packages/airflow/example_dags/example_python_decorator.py took 0.109 seconds
[2024-12-23T20:18:57.762+0000] {processor.py:186} INFO - Started process (PID=213) to work on /home/airflow/.local/lib/python3.12/site-packages/airflow/example_dags/example_python_decorator.py
[2024-12-23T20:18:57.763+0000] {processor.py:914} INFO - Processing file /home/airflow/.local/lib/python3.12/site-packages/airflow/example_dags/example_python_decorator.py for tasks to queue
[2024-12-23T20:18:57.768+0000] {logging_mixin.py:190} INFO - [2024-12-23T20:18:57.768+0000] {dagbag.py:588} INFO - Filling up the DagBag from /home/airflow/.local/lib/python3.12/site-packages/airflow/example_dags/example_python_decorator.py
[2024-12-23T20:18:57.788+0000] {processor.py:925} INFO - DAG(s) 'example_python_decorator' retrieved from /home/airflow/.local/lib/python3.12/site-packages/airflow/example_dags/example_python_decorator.py
[2024-12-23T20:18:57.814+0000] {logging_mixin.py:190} INFO - [2024-12-23T20:18:57.813+0000] {dag.py:3239} INFO - Sync 1 DAGs
[2024-12-23T20:18:57.832+0000] {logging_mixin.py:190} INFO - [2024-12-23T20:18:57.831+0000] {dag.py:4180} INFO - Setting next_dagrun for example_python_decorator to None, run_after=None
[2024-12-23T20:18:57.852+0000] {processor.py:208} INFO - Processing /home/airflow/.local/lib/python3.12/site-packages/airflow/example_dags/example_python_decorator.py took 0.097 seconds
[2024-12-23T20:19:29.141+0000] {processor.py:186} INFO - Started process (PID=276) to work on /home/airflow/.local/lib/python3.12/site-packages/airflow/example_dags/example_python_decorator.py
[2024-12-23T20:19:29.142+0000] {processor.py:914} INFO - Processing file /home/airflow/.local/lib/python3.12/site-packages/airflow/example_dags/example_python_decorator.py for tasks to queue
[2024-12-23T20:19:29.144+0000] {logging_mixin.py:190} INFO - [2024-12-23T20:19:29.144+0000] {dagbag.py:588} INFO - Filling up the DagBag from /home/airflow/.local/lib/python3.12/site-packages/airflow/example_dags/example_python_decorator.py
[2024-12-23T20:19:29.173+0000] {processor.py:925} INFO - DAG(s) 'example_python_decorator' retrieved from /home/airflow/.local/lib/python3.12/site-packages/airflow/example_dags/example_python_decorator.py
[2024-12-23T20:19:29.217+0000] {logging_mixin.py:190} INFO - [2024-12-23T20:19:29.216+0000] {dag.py:3239} INFO - Sync 1 DAGs
[2024-12-23T20:19:29.234+0000] {logging_mixin.py:190} INFO - [2024-12-23T20:19:29.234+0000] {dag.py:4180} INFO - Setting next_dagrun for example_python_decorator to None, run_after=None
[2024-12-23T20:19:29.262+0000] {processor.py:208} INFO - Processing /home/airflow/.local/lib/python3.12/site-packages/airflow/example_dags/example_python_decorator.py took 0.127 seconds
[2024-12-23T20:20:02.460+0000] {processor.py:186} INFO - Started process (PID=339) to work on /home/airflow/.local/lib/python3.12/site-packages/airflow/example_dags/example_python_decorator.py
[2024-12-23T20:20:02.473+0000] {processor.py:914} INFO - Processing file /home/airflow/.local/lib/python3.12/site-packages/airflow/example_dags/example_python_decorator.py for tasks to queue
[2024-12-23T20:20:02.475+0000] {logging_mixin.py:190} INFO - [2024-12-23T20:20:02.475+0000] {dagbag.py:588} INFO - Filling up the DagBag from /home/airflow/.local/lib/python3.12/site-packages/airflow/example_dags/example_python_decorator.py
[2024-12-23T20:20:02.488+0000] {processor.py:925} INFO - DAG(s) 'example_python_decorator' retrieved from /home/airflow/.local/lib/python3.12/site-packages/airflow/example_dags/example_python_decorator.py
[2024-12-23T20:20:02.511+0000] {logging_mixin.py:190} INFO - [2024-12-23T20:20:02.511+0000] {dag.py:3239} INFO - Sync 1 DAGs
[2024-12-23T20:20:02.530+0000] {logging_mixin.py:190} INFO - [2024-12-23T20:20:02.530+0000] {dag.py:4180} INFO - Setting next_dagrun for example_python_decorator to None, run_after=None
[2024-12-23T20:20:02.575+0000] {processor.py:208} INFO - Processing /home/airflow/.local/lib/python3.12/site-packages/airflow/example_dags/example_python_decorator.py took 0.121 seconds
[2024-12-23T20:20:57.233+0000] {processor.py:186} INFO - Started process (PID=408) to work on /home/airflow/.local/lib/python3.12/site-packages/airflow/example_dags/example_python_decorator.py
[2024-12-23T20:20:57.240+0000] {processor.py:914} INFO - Processing file /home/airflow/.local/lib/python3.12/site-packages/airflow/example_dags/example_python_decorator.py for tasks to queue
[2024-12-23T20:20:57.256+0000] {logging_mixin.py:190} INFO - [2024-12-23T20:20:57.254+0000] {dagbag.py:588} INFO - Filling up the DagBag from /home/airflow/.local/lib/python3.12/site-packages/airflow/example_dags/example_python_decorator.py
[2024-12-23T20:20:57.320+0000] {processor.py:925} INFO - DAG(s) 'example_python_decorator' retrieved from /home/airflow/.local/lib/python3.12/site-packages/airflow/example_dags/example_python_decorator.py
[2024-12-23T20:20:57.450+0000] {logging_mixin.py:190} INFO - [2024-12-23T20:20:57.449+0000] {dag.py:3239} INFO - Sync 1 DAGs
[2024-12-23T20:20:57.524+0000] {logging_mixin.py:190} INFO - [2024-12-23T20:20:57.523+0000] {dag.py:4180} INFO - Setting next_dagrun for example_python_decorator to None, run_after=None
[2024-12-23T20:20:57.611+0000] {processor.py:208} INFO - Processing /home/airflow/.local/lib/python3.12/site-packages/airflow/example_dags/example_python_decorator.py took 0.416 seconds
