[2024-12-23T19:33:06.608+0000] {processor.py:186} INFO - Started process (PID=36191) to work on /home/airflow/.local/lib/python3.12/site-packages/airflow/example_dags/example_bash_operator.py
[2024-12-23T19:33:06.609+0000] {processor.py:914} INFO - Processing file /home/airflow/.local/lib/python3.12/site-packages/airflow/example_dags/example_bash_operator.py for tasks to queue
[2024-12-23T19:33:06.611+0000] {logging_mixin.py:190} INFO - [2024-12-23T19:33:06.610+0000] {dagbag.py:588} INFO - Filling up the DagBag from /home/airflow/.local/lib/python3.12/site-packages/airflow/example_dags/example_bash_operator.py
[2024-12-23T19:33:06.630+0000] {processor.py:925} INFO - DAG(s) 'example_bash_operator' retrieved from /home/airflow/.local/lib/python3.12/site-packages/airflow/example_dags/example_bash_operator.py
[2024-12-23T19:33:06.679+0000] {logging_mixin.py:190} INFO - [2024-12-23T19:33:06.678+0000] {dag.py:3239} INFO - Sync 1 DAGs
[2024-12-23T19:33:06.716+0000] {logging_mixin.py:190} INFO - [2024-12-23T19:33:06.716+0000] {dag.py:4180} INFO - Setting next_dagrun for example_bash_operator to 2024-12-22 00:00:00+00:00, run_after=2024-12-23 00:00:00+00:00
[2024-12-23T19:33:06.752+0000] {processor.py:208} INFO - Processing /home/airflow/.local/lib/python3.12/site-packages/airflow/example_dags/example_bash_operator.py took 0.152 seconds
[2024-12-23T19:33:37.505+0000] {processor.py:186} INFO - Started process (PID=36255) to work on /home/airflow/.local/lib/python3.12/site-packages/airflow/example_dags/example_bash_operator.py
[2024-12-23T19:33:37.507+0000] {processor.py:914} INFO - Processing file /home/airflow/.local/lib/python3.12/site-packages/airflow/example_dags/example_bash_operator.py for tasks to queue
[2024-12-23T19:33:37.508+0000] {logging_mixin.py:190} INFO - [2024-12-23T19:33:37.508+0000] {dagbag.py:588} INFO - Filling up the DagBag from /home/airflow/.local/lib/python3.12/site-packages/airflow/example_dags/example_bash_operator.py
[2024-12-23T19:33:37.523+0000] {processor.py:925} INFO - DAG(s) 'example_bash_operator' retrieved from /home/airflow/.local/lib/python3.12/site-packages/airflow/example_dags/example_bash_operator.py
[2024-12-23T19:33:37.548+0000] {logging_mixin.py:190} INFO - [2024-12-23T19:33:37.548+0000] {dag.py:3239} INFO - Sync 1 DAGs
[2024-12-23T19:33:37.572+0000] {logging_mixin.py:190} INFO - [2024-12-23T19:33:37.572+0000] {dag.py:4180} INFO - Setting next_dagrun for example_bash_operator to 2024-12-22 00:00:00+00:00, run_after=2024-12-23 00:00:00+00:00
[2024-12-23T19:33:37.591+0000] {processor.py:208} INFO - Processing /home/airflow/.local/lib/python3.12/site-packages/airflow/example_dags/example_bash_operator.py took 0.092 seconds
[2024-12-23T19:34:07.732+0000] {processor.py:186} INFO - Started process (PID=36323) to work on /home/airflow/.local/lib/python3.12/site-packages/airflow/example_dags/example_bash_operator.py
[2024-12-23T19:34:07.733+0000] {processor.py:914} INFO - Processing file /home/airflow/.local/lib/python3.12/site-packages/airflow/example_dags/example_bash_operator.py for tasks to queue
[2024-12-23T19:34:07.734+0000] {logging_mixin.py:190} INFO - [2024-12-23T19:34:07.734+0000] {dagbag.py:588} INFO - Filling up the DagBag from /home/airflow/.local/lib/python3.12/site-packages/airflow/example_dags/example_bash_operator.py
[2024-12-23T19:34:07.745+0000] {processor.py:925} INFO - DAG(s) 'example_bash_operator' retrieved from /home/airflow/.local/lib/python3.12/site-packages/airflow/example_dags/example_bash_operator.py
[2024-12-23T19:34:07.768+0000] {logging_mixin.py:190} INFO - [2024-12-23T19:34:07.767+0000] {dag.py:3239} INFO - Sync 1 DAGs
[2024-12-23T19:34:07.788+0000] {logging_mixin.py:190} INFO - [2024-12-23T19:34:07.787+0000] {dag.py:4180} INFO - Setting next_dagrun for example_bash_operator to 2024-12-22 00:00:00+00:00, run_after=2024-12-23 00:00:00+00:00
[2024-12-23T19:34:07.802+0000] {processor.py:208} INFO - Processing /home/airflow/.local/lib/python3.12/site-packages/airflow/example_dags/example_bash_operator.py took 0.075 seconds
[2024-12-23T19:34:38.143+0000] {processor.py:186} INFO - Started process (PID=36386) to work on /home/airflow/.local/lib/python3.12/site-packages/airflow/example_dags/example_bash_operator.py
[2024-12-23T19:34:38.144+0000] {processor.py:914} INFO - Processing file /home/airflow/.local/lib/python3.12/site-packages/airflow/example_dags/example_bash_operator.py for tasks to queue
[2024-12-23T19:34:38.145+0000] {logging_mixin.py:190} INFO - [2024-12-23T19:34:38.145+0000] {dagbag.py:588} INFO - Filling up the DagBag from /home/airflow/.local/lib/python3.12/site-packages/airflow/example_dags/example_bash_operator.py
[2024-12-23T19:34:38.156+0000] {processor.py:925} INFO - DAG(s) 'example_bash_operator' retrieved from /home/airflow/.local/lib/python3.12/site-packages/airflow/example_dags/example_bash_operator.py
[2024-12-23T19:34:38.184+0000] {logging_mixin.py:190} INFO - [2024-12-23T19:34:38.184+0000] {dag.py:3239} INFO - Sync 1 DAGs
[2024-12-23T19:34:38.204+0000] {logging_mixin.py:190} INFO - [2024-12-23T19:34:38.204+0000] {dag.py:4180} INFO - Setting next_dagrun for example_bash_operator to 2024-12-22 00:00:00+00:00, run_after=2024-12-23 00:00:00+00:00
[2024-12-23T19:34:38.220+0000] {processor.py:208} INFO - Processing /home/airflow/.local/lib/python3.12/site-packages/airflow/example_dags/example_bash_operator.py took 0.082 seconds
[2024-12-23T19:35:09.117+0000] {processor.py:186} INFO - Started process (PID=36449) to work on /home/airflow/.local/lib/python3.12/site-packages/airflow/example_dags/example_bash_operator.py
[2024-12-23T19:35:09.118+0000] {processor.py:914} INFO - Processing file /home/airflow/.local/lib/python3.12/site-packages/airflow/example_dags/example_bash_operator.py for tasks to queue
[2024-12-23T19:35:09.119+0000] {logging_mixin.py:190} INFO - [2024-12-23T19:35:09.118+0000] {dagbag.py:588} INFO - Filling up the DagBag from /home/airflow/.local/lib/python3.12/site-packages/airflow/example_dags/example_bash_operator.py
[2024-12-23T19:35:09.131+0000] {processor.py:925} INFO - DAG(s) 'example_bash_operator' retrieved from /home/airflow/.local/lib/python3.12/site-packages/airflow/example_dags/example_bash_operator.py
[2024-12-23T19:35:09.154+0000] {logging_mixin.py:190} INFO - [2024-12-23T19:35:09.154+0000] {dag.py:3239} INFO - Sync 1 DAGs
[2024-12-23T19:35:09.179+0000] {logging_mixin.py:190} INFO - [2024-12-23T19:35:09.179+0000] {dag.py:4180} INFO - Setting next_dagrun for example_bash_operator to 2024-12-22 00:00:00+00:00, run_after=2024-12-23 00:00:00+00:00
[2024-12-23T19:35:09.198+0000] {processor.py:208} INFO - Processing /home/airflow/.local/lib/python3.12/site-packages/airflow/example_dags/example_bash_operator.py took 0.087 seconds
[2024-12-23T19:35:39.525+0000] {processor.py:186} INFO - Started process (PID=36512) to work on /home/airflow/.local/lib/python3.12/site-packages/airflow/example_dags/example_bash_operator.py
[2024-12-23T19:35:39.531+0000] {processor.py:914} INFO - Processing file /home/airflow/.local/lib/python3.12/site-packages/airflow/example_dags/example_bash_operator.py for tasks to queue
[2024-12-23T19:35:39.535+0000] {logging_mixin.py:190} INFO - [2024-12-23T19:35:39.534+0000] {dagbag.py:588} INFO - Filling up the DagBag from /home/airflow/.local/lib/python3.12/site-packages/airflow/example_dags/example_bash_operator.py
[2024-12-23T19:35:39.560+0000] {processor.py:925} INFO - DAG(s) 'example_bash_operator' retrieved from /home/airflow/.local/lib/python3.12/site-packages/airflow/example_dags/example_bash_operator.py
[2024-12-23T19:35:39.617+0000] {logging_mixin.py:190} INFO - [2024-12-23T19:35:39.617+0000] {dag.py:3239} INFO - Sync 1 DAGs
[2024-12-23T19:35:39.660+0000] {logging_mixin.py:190} INFO - [2024-12-23T19:35:39.660+0000] {dag.py:4180} INFO - Setting next_dagrun for example_bash_operator to 2024-12-22 00:00:00+00:00, run_after=2024-12-23 00:00:00+00:00
[2024-12-23T19:35:39.695+0000] {processor.py:208} INFO - Processing /home/airflow/.local/lib/python3.12/site-packages/airflow/example_dags/example_bash_operator.py took 0.178 seconds
[2024-12-23T19:36:09.827+0000] {processor.py:186} INFO - Started process (PID=36574) to work on /home/airflow/.local/lib/python3.12/site-packages/airflow/example_dags/example_bash_operator.py
[2024-12-23T19:36:09.828+0000] {processor.py:914} INFO - Processing file /home/airflow/.local/lib/python3.12/site-packages/airflow/example_dags/example_bash_operator.py for tasks to queue
[2024-12-23T19:36:09.829+0000] {logging_mixin.py:190} INFO - [2024-12-23T19:36:09.829+0000] {dagbag.py:588} INFO - Filling up the DagBag from /home/airflow/.local/lib/python3.12/site-packages/airflow/example_dags/example_bash_operator.py
[2024-12-23T19:36:09.841+0000] {processor.py:925} INFO - DAG(s) 'example_bash_operator' retrieved from /home/airflow/.local/lib/python3.12/site-packages/airflow/example_dags/example_bash_operator.py
[2024-12-23T19:36:09.864+0000] {logging_mixin.py:190} INFO - [2024-12-23T19:36:09.863+0000] {dag.py:3239} INFO - Sync 1 DAGs
[2024-12-23T19:36:09.884+0000] {logging_mixin.py:190} INFO - [2024-12-23T19:36:09.884+0000] {dag.py:4180} INFO - Setting next_dagrun for example_bash_operator to 2024-12-22 00:00:00+00:00, run_after=2024-12-23 00:00:00+00:00
[2024-12-23T19:36:09.899+0000] {processor.py:208} INFO - Processing /home/airflow/.local/lib/python3.12/site-packages/airflow/example_dags/example_bash_operator.py took 0.077 seconds
[2024-12-23T19:36:40.976+0000] {processor.py:186} INFO - Started process (PID=36638) to work on /home/airflow/.local/lib/python3.12/site-packages/airflow/example_dags/example_bash_operator.py
[2024-12-23T19:36:40.977+0000] {processor.py:914} INFO - Processing file /home/airflow/.local/lib/python3.12/site-packages/airflow/example_dags/example_bash_operator.py for tasks to queue
[2024-12-23T19:36:40.978+0000] {logging_mixin.py:190} INFO - [2024-12-23T19:36:40.977+0000] {dagbag.py:588} INFO - Filling up the DagBag from /home/airflow/.local/lib/python3.12/site-packages/airflow/example_dags/example_bash_operator.py
[2024-12-23T19:36:40.992+0000] {processor.py:925} INFO - DAG(s) 'example_bash_operator' retrieved from /home/airflow/.local/lib/python3.12/site-packages/airflow/example_dags/example_bash_operator.py
[2024-12-23T19:36:41.014+0000] {logging_mixin.py:190} INFO - [2024-12-23T19:36:41.013+0000] {dag.py:3239} INFO - Sync 1 DAGs
[2024-12-23T19:36:41.034+0000] {logging_mixin.py:190} INFO - [2024-12-23T19:36:41.034+0000] {dag.py:4180} INFO - Setting next_dagrun for example_bash_operator to 2024-12-22 00:00:00+00:00, run_after=2024-12-23 00:00:00+00:00
[2024-12-23T19:36:41.049+0000] {processor.py:208} INFO - Processing /home/airflow/.local/lib/python3.12/site-packages/airflow/example_dags/example_bash_operator.py took 0.078 seconds
[2024-12-23T19:37:11.895+0000] {processor.py:186} INFO - Started process (PID=36701) to work on /home/airflow/.local/lib/python3.12/site-packages/airflow/example_dags/example_bash_operator.py
[2024-12-23T19:37:11.896+0000] {processor.py:914} INFO - Processing file /home/airflow/.local/lib/python3.12/site-packages/airflow/example_dags/example_bash_operator.py for tasks to queue
[2024-12-23T19:37:11.897+0000] {logging_mixin.py:190} INFO - [2024-12-23T19:37:11.897+0000] {dagbag.py:588} INFO - Filling up the DagBag from /home/airflow/.local/lib/python3.12/site-packages/airflow/example_dags/example_bash_operator.py
[2024-12-23T19:37:11.910+0000] {processor.py:925} INFO - DAG(s) 'example_bash_operator' retrieved from /home/airflow/.local/lib/python3.12/site-packages/airflow/example_dags/example_bash_operator.py
[2024-12-23T19:37:11.934+0000] {logging_mixin.py:190} INFO - [2024-12-23T19:37:11.934+0000] {dag.py:3239} INFO - Sync 1 DAGs
[2024-12-23T19:37:11.956+0000] {logging_mixin.py:190} INFO - [2024-12-23T19:37:11.956+0000] {dag.py:4180} INFO - Setting next_dagrun for example_bash_operator to 2024-12-22 00:00:00+00:00, run_after=2024-12-23 00:00:00+00:00
[2024-12-23T19:37:11.973+0000] {processor.py:208} INFO - Processing /home/airflow/.local/lib/python3.12/site-packages/airflow/example_dags/example_bash_operator.py took 0.083 seconds
[2024-12-23T19:37:42.545+0000] {processor.py:186} INFO - Started process (PID=36764) to work on /home/airflow/.local/lib/python3.12/site-packages/airflow/example_dags/example_bash_operator.py
[2024-12-23T19:37:42.546+0000] {processor.py:914} INFO - Processing file /home/airflow/.local/lib/python3.12/site-packages/airflow/example_dags/example_bash_operator.py for tasks to queue
[2024-12-23T19:37:42.547+0000] {logging_mixin.py:190} INFO - [2024-12-23T19:37:42.547+0000] {dagbag.py:588} INFO - Filling up the DagBag from /home/airflow/.local/lib/python3.12/site-packages/airflow/example_dags/example_bash_operator.py
[2024-12-23T19:37:42.560+0000] {processor.py:925} INFO - DAG(s) 'example_bash_operator' retrieved from /home/airflow/.local/lib/python3.12/site-packages/airflow/example_dags/example_bash_operator.py
[2024-12-23T19:37:42.585+0000] {logging_mixin.py:190} INFO - [2024-12-23T19:37:42.585+0000] {dag.py:3239} INFO - Sync 1 DAGs
[2024-12-23T19:37:42.607+0000] {logging_mixin.py:190} INFO - [2024-12-23T19:37:42.606+0000] {dag.py:4180} INFO - Setting next_dagrun for example_bash_operator to 2024-12-22 00:00:00+00:00, run_after=2024-12-23 00:00:00+00:00
[2024-12-23T19:37:42.622+0000] {processor.py:208} INFO - Processing /home/airflow/.local/lib/python3.12/site-packages/airflow/example_dags/example_bash_operator.py took 0.083 seconds
[2024-12-23T19:38:12.962+0000] {processor.py:186} INFO - Started process (PID=36826) to work on /home/airflow/.local/lib/python3.12/site-packages/airflow/example_dags/example_bash_operator.py
[2024-12-23T19:38:12.963+0000] {processor.py:914} INFO - Processing file /home/airflow/.local/lib/python3.12/site-packages/airflow/example_dags/example_bash_operator.py for tasks to queue
[2024-12-23T19:38:12.964+0000] {logging_mixin.py:190} INFO - [2024-12-23T19:38:12.964+0000] {dagbag.py:588} INFO - Filling up the DagBag from /home/airflow/.local/lib/python3.12/site-packages/airflow/example_dags/example_bash_operator.py
[2024-12-23T19:38:12.976+0000] {processor.py:925} INFO - DAG(s) 'example_bash_operator' retrieved from /home/airflow/.local/lib/python3.12/site-packages/airflow/example_dags/example_bash_operator.py
[2024-12-23T19:38:12.998+0000] {logging_mixin.py:190} INFO - [2024-12-23T19:38:12.997+0000] {dag.py:3239} INFO - Sync 1 DAGs
[2024-12-23T19:38:13.163+0000] {logging_mixin.py:190} INFO - [2024-12-23T19:38:13.163+0000] {dag.py:4180} INFO - Setting next_dagrun for example_bash_operator to 2024-12-22 00:00:00+00:00, run_after=2024-12-23 00:00:00+00:00
[2024-12-23T19:38:13.175+0000] {processor.py:208} INFO - Processing /home/airflow/.local/lib/python3.12/site-packages/airflow/example_dags/example_bash_operator.py took 0.219 seconds
[2024-12-23T19:38:43.510+0000] {processor.py:186} INFO - Started process (PID=36889) to work on /home/airflow/.local/lib/python3.12/site-packages/airflow/example_dags/example_bash_operator.py
[2024-12-23T19:38:43.511+0000] {processor.py:914} INFO - Processing file /home/airflow/.local/lib/python3.12/site-packages/airflow/example_dags/example_bash_operator.py for tasks to queue
[2024-12-23T19:38:43.513+0000] {logging_mixin.py:190} INFO - [2024-12-23T19:38:43.512+0000] {dagbag.py:588} INFO - Filling up the DagBag from /home/airflow/.local/lib/python3.12/site-packages/airflow/example_dags/example_bash_operator.py
[2024-12-23T19:38:43.526+0000] {processor.py:925} INFO - DAG(s) 'example_bash_operator' retrieved from /home/airflow/.local/lib/python3.12/site-packages/airflow/example_dags/example_bash_operator.py
[2024-12-23T19:38:43.550+0000] {logging_mixin.py:190} INFO - [2024-12-23T19:38:43.549+0000] {dag.py:3239} INFO - Sync 1 DAGs
[2024-12-23T19:38:43.724+0000] {logging_mixin.py:190} INFO - [2024-12-23T19:38:43.724+0000] {dag.py:4180} INFO - Setting next_dagrun for example_bash_operator to 2024-12-22 00:00:00+00:00, run_after=2024-12-23 00:00:00+00:00
[2024-12-23T19:38:43.739+0000] {processor.py:208} INFO - Processing /home/airflow/.local/lib/python3.12/site-packages/airflow/example_dags/example_bash_operator.py took 0.234 seconds
[2024-12-23T19:39:14.040+0000] {processor.py:186} INFO - Started process (PID=36951) to work on /home/airflow/.local/lib/python3.12/site-packages/airflow/example_dags/example_bash_operator.py
[2024-12-23T19:39:14.041+0000] {processor.py:914} INFO - Processing file /home/airflow/.local/lib/python3.12/site-packages/airflow/example_dags/example_bash_operator.py for tasks to queue
[2024-12-23T19:39:14.042+0000] {logging_mixin.py:190} INFO - [2024-12-23T19:39:14.042+0000] {dagbag.py:588} INFO - Filling up the DagBag from /home/airflow/.local/lib/python3.12/site-packages/airflow/example_dags/example_bash_operator.py
[2024-12-23T19:39:14.054+0000] {processor.py:925} INFO - DAG(s) 'example_bash_operator' retrieved from /home/airflow/.local/lib/python3.12/site-packages/airflow/example_dags/example_bash_operator.py
[2024-12-23T19:39:14.077+0000] {logging_mixin.py:190} INFO - [2024-12-23T19:39:14.076+0000] {dag.py:3239} INFO - Sync 1 DAGs
[2024-12-23T19:39:14.100+0000] {logging_mixin.py:190} INFO - [2024-12-23T19:39:14.099+0000] {dag.py:4180} INFO - Setting next_dagrun for example_bash_operator to 2024-12-22 00:00:00+00:00, run_after=2024-12-23 00:00:00+00:00
[2024-12-23T19:39:14.285+0000] {processor.py:208} INFO - Processing /home/airflow/.local/lib/python3.12/site-packages/airflow/example_dags/example_bash_operator.py took 0.250 seconds
[2024-12-23T19:39:46.845+0000] {processor.py:186} INFO - Started process (PID=37015) to work on /home/airflow/.local/lib/python3.12/site-packages/airflow/example_dags/example_bash_operator.py
[2024-12-23T19:39:46.846+0000] {processor.py:914} INFO - Processing file /home/airflow/.local/lib/python3.12/site-packages/airflow/example_dags/example_bash_operator.py for tasks to queue
[2024-12-23T19:39:46.847+0000] {logging_mixin.py:190} INFO - [2024-12-23T19:39:46.847+0000] {dagbag.py:588} INFO - Filling up the DagBag from /home/airflow/.local/lib/python3.12/site-packages/airflow/example_dags/example_bash_operator.py
[2024-12-23T19:39:46.859+0000] {processor.py:925} INFO - DAG(s) 'example_bash_operator' retrieved from /home/airflow/.local/lib/python3.12/site-packages/airflow/example_dags/example_bash_operator.py
[2024-12-23T19:39:46.883+0000] {logging_mixin.py:190} INFO - [2024-12-23T19:39:46.883+0000] {dag.py:3239} INFO - Sync 1 DAGs
[2024-12-23T19:39:46.904+0000] {logging_mixin.py:190} INFO - [2024-12-23T19:39:46.904+0000] {dag.py:4180} INFO - Setting next_dagrun for example_bash_operator to 2024-12-22 00:00:00+00:00, run_after=2024-12-23 00:00:00+00:00
[2024-12-23T19:39:46.922+0000] {processor.py:208} INFO - Processing /home/airflow/.local/lib/python3.12/site-packages/airflow/example_dags/example_bash_operator.py took 0.082 seconds
[2024-12-23T19:40:17.539+0000] {processor.py:186} INFO - Started process (PID=37078) to work on /home/airflow/.local/lib/python3.12/site-packages/airflow/example_dags/example_bash_operator.py
[2024-12-23T19:40:17.540+0000] {processor.py:914} INFO - Processing file /home/airflow/.local/lib/python3.12/site-packages/airflow/example_dags/example_bash_operator.py for tasks to queue
[2024-12-23T19:40:17.541+0000] {logging_mixin.py:190} INFO - [2024-12-23T19:40:17.541+0000] {dagbag.py:588} INFO - Filling up the DagBag from /home/airflow/.local/lib/python3.12/site-packages/airflow/example_dags/example_bash_operator.py
[2024-12-23T19:40:17.553+0000] {processor.py:925} INFO - DAG(s) 'example_bash_operator' retrieved from /home/airflow/.local/lib/python3.12/site-packages/airflow/example_dags/example_bash_operator.py
[2024-12-23T19:40:17.575+0000] {logging_mixin.py:190} INFO - [2024-12-23T19:40:17.575+0000] {dag.py:3239} INFO - Sync 1 DAGs
[2024-12-23T19:40:17.598+0000] {logging_mixin.py:190} INFO - [2024-12-23T19:40:17.598+0000] {dag.py:4180} INFO - Setting next_dagrun for example_bash_operator to 2024-12-22 00:00:00+00:00, run_after=2024-12-23 00:00:00+00:00
[2024-12-23T19:40:17.615+0000] {processor.py:208} INFO - Processing /home/airflow/.local/lib/python3.12/site-packages/airflow/example_dags/example_bash_operator.py took 0.082 seconds
[2024-12-23T19:40:48.469+0000] {processor.py:186} INFO - Started process (PID=37140) to work on /home/airflow/.local/lib/python3.12/site-packages/airflow/example_dags/example_bash_operator.py
[2024-12-23T19:40:48.470+0000] {processor.py:914} INFO - Processing file /home/airflow/.local/lib/python3.12/site-packages/airflow/example_dags/example_bash_operator.py for tasks to queue
[2024-12-23T19:40:48.472+0000] {logging_mixin.py:190} INFO - [2024-12-23T19:40:48.471+0000] {dagbag.py:588} INFO - Filling up the DagBag from /home/airflow/.local/lib/python3.12/site-packages/airflow/example_dags/example_bash_operator.py
[2024-12-23T19:40:48.488+0000] {processor.py:925} INFO - DAG(s) 'example_bash_operator' retrieved from /home/airflow/.local/lib/python3.12/site-packages/airflow/example_dags/example_bash_operator.py
[2024-12-23T19:40:48.514+0000] {logging_mixin.py:190} INFO - [2024-12-23T19:40:48.514+0000] {dag.py:3239} INFO - Sync 1 DAGs
[2024-12-23T19:40:48.545+0000] {logging_mixin.py:190} INFO - [2024-12-23T19:40:48.544+0000] {dag.py:4180} INFO - Setting next_dagrun for example_bash_operator to 2024-12-22 00:00:00+00:00, run_after=2024-12-23 00:00:00+00:00
[2024-12-23T19:40:48.564+0000] {processor.py:208} INFO - Processing /home/airflow/.local/lib/python3.12/site-packages/airflow/example_dags/example_bash_operator.py took 0.102 seconds
[2024-12-23T19:41:18.928+0000] {processor.py:186} INFO - Started process (PID=37203) to work on /home/airflow/.local/lib/python3.12/site-packages/airflow/example_dags/example_bash_operator.py
[2024-12-23T19:41:18.929+0000] {processor.py:914} INFO - Processing file /home/airflow/.local/lib/python3.12/site-packages/airflow/example_dags/example_bash_operator.py for tasks to queue
[2024-12-23T19:41:18.930+0000] {logging_mixin.py:190} INFO - [2024-12-23T19:41:18.930+0000] {dagbag.py:588} INFO - Filling up the DagBag from /home/airflow/.local/lib/python3.12/site-packages/airflow/example_dags/example_bash_operator.py
[2024-12-23T19:41:18.943+0000] {processor.py:925} INFO - DAG(s) 'example_bash_operator' retrieved from /home/airflow/.local/lib/python3.12/site-packages/airflow/example_dags/example_bash_operator.py
[2024-12-23T19:41:18.971+0000] {logging_mixin.py:190} INFO - [2024-12-23T19:41:18.970+0000] {dag.py:3239} INFO - Sync 1 DAGs
[2024-12-23T19:41:18.995+0000] {logging_mixin.py:190} INFO - [2024-12-23T19:41:18.995+0000] {dag.py:4180} INFO - Setting next_dagrun for example_bash_operator to 2024-12-22 00:00:00+00:00, run_after=2024-12-23 00:00:00+00:00
[2024-12-23T19:41:19.012+0000] {processor.py:208} INFO - Processing /home/airflow/.local/lib/python3.12/site-packages/airflow/example_dags/example_bash_operator.py took 0.090 seconds
[2024-12-23T19:41:49.944+0000] {processor.py:186} INFO - Started process (PID=37267) to work on /home/airflow/.local/lib/python3.12/site-packages/airflow/example_dags/example_bash_operator.py
[2024-12-23T19:41:49.946+0000] {processor.py:914} INFO - Processing file /home/airflow/.local/lib/python3.12/site-packages/airflow/example_dags/example_bash_operator.py for tasks to queue
[2024-12-23T19:41:49.947+0000] {logging_mixin.py:190} INFO - [2024-12-23T19:41:49.947+0000] {dagbag.py:588} INFO - Filling up the DagBag from /home/airflow/.local/lib/python3.12/site-packages/airflow/example_dags/example_bash_operator.py
[2024-12-23T19:41:49.962+0000] {processor.py:925} INFO - DAG(s) 'example_bash_operator' retrieved from /home/airflow/.local/lib/python3.12/site-packages/airflow/example_dags/example_bash_operator.py
[2024-12-23T19:41:49.993+0000] {logging_mixin.py:190} INFO - [2024-12-23T19:41:49.993+0000] {dag.py:3239} INFO - Sync 1 DAGs
[2024-12-23T19:41:50.014+0000] {logging_mixin.py:190} INFO - [2024-12-23T19:41:50.014+0000] {dag.py:4180} INFO - Setting next_dagrun for example_bash_operator to 2024-12-22 00:00:00+00:00, run_after=2024-12-23 00:00:00+00:00
[2024-12-23T19:41:50.029+0000] {processor.py:208} INFO - Processing /home/airflow/.local/lib/python3.12/site-packages/airflow/example_dags/example_bash_operator.py took 0.091 seconds
[2024-12-23T19:42:20.768+0000] {processor.py:186} INFO - Started process (PID=37330) to work on /home/airflow/.local/lib/python3.12/site-packages/airflow/example_dags/example_bash_operator.py
[2024-12-23T19:42:20.769+0000] {processor.py:914} INFO - Processing file /home/airflow/.local/lib/python3.12/site-packages/airflow/example_dags/example_bash_operator.py for tasks to queue
[2024-12-23T19:42:20.770+0000] {logging_mixin.py:190} INFO - [2024-12-23T19:42:20.770+0000] {dagbag.py:588} INFO - Filling up the DagBag from /home/airflow/.local/lib/python3.12/site-packages/airflow/example_dags/example_bash_operator.py
[2024-12-23T19:42:20.782+0000] {processor.py:925} INFO - DAG(s) 'example_bash_operator' retrieved from /home/airflow/.local/lib/python3.12/site-packages/airflow/example_dags/example_bash_operator.py
[2024-12-23T19:42:20.808+0000] {logging_mixin.py:190} INFO - [2024-12-23T19:42:20.807+0000] {dag.py:3239} INFO - Sync 1 DAGs
[2024-12-23T19:42:20.831+0000] {logging_mixin.py:190} INFO - [2024-12-23T19:42:20.831+0000] {dag.py:4180} INFO - Setting next_dagrun for example_bash_operator to 2024-12-22 00:00:00+00:00, run_after=2024-12-23 00:00:00+00:00
[2024-12-23T19:42:20.848+0000] {processor.py:208} INFO - Processing /home/airflow/.local/lib/python3.12/site-packages/airflow/example_dags/example_bash_operator.py took 0.085 seconds
[2024-12-23T19:42:51.769+0000] {processor.py:186} INFO - Started process (PID=37393) to work on /home/airflow/.local/lib/python3.12/site-packages/airflow/example_dags/example_bash_operator.py
[2024-12-23T19:42:51.770+0000] {processor.py:914} INFO - Processing file /home/airflow/.local/lib/python3.12/site-packages/airflow/example_dags/example_bash_operator.py for tasks to queue
[2024-12-23T19:42:51.772+0000] {logging_mixin.py:190} INFO - [2024-12-23T19:42:51.771+0000] {dagbag.py:588} INFO - Filling up the DagBag from /home/airflow/.local/lib/python3.12/site-packages/airflow/example_dags/example_bash_operator.py
[2024-12-23T19:42:51.785+0000] {processor.py:925} INFO - DAG(s) 'example_bash_operator' retrieved from /home/airflow/.local/lib/python3.12/site-packages/airflow/example_dags/example_bash_operator.py
[2024-12-23T19:42:51.808+0000] {logging_mixin.py:190} INFO - [2024-12-23T19:42:51.807+0000] {dag.py:3239} INFO - Sync 1 DAGs
[2024-12-23T19:42:51.833+0000] {logging_mixin.py:190} INFO - [2024-12-23T19:42:51.833+0000] {dag.py:4180} INFO - Setting next_dagrun for example_bash_operator to 2024-12-22 00:00:00+00:00, run_after=2024-12-23 00:00:00+00:00
[2024-12-23T19:42:51.850+0000] {processor.py:208} INFO - Processing /home/airflow/.local/lib/python3.12/site-packages/airflow/example_dags/example_bash_operator.py took 0.086 seconds
[2024-12-23T19:43:22.013+0000] {processor.py:186} INFO - Started process (PID=37456) to work on /home/airflow/.local/lib/python3.12/site-packages/airflow/example_dags/example_bash_operator.py
[2024-12-23T19:43:22.014+0000] {processor.py:914} INFO - Processing file /home/airflow/.local/lib/python3.12/site-packages/airflow/example_dags/example_bash_operator.py for tasks to queue
[2024-12-23T19:43:22.015+0000] {logging_mixin.py:190} INFO - [2024-12-23T19:43:22.015+0000] {dagbag.py:588} INFO - Filling up the DagBag from /home/airflow/.local/lib/python3.12/site-packages/airflow/example_dags/example_bash_operator.py
[2024-12-23T19:43:22.027+0000] {processor.py:925} INFO - DAG(s) 'example_bash_operator' retrieved from /home/airflow/.local/lib/python3.12/site-packages/airflow/example_dags/example_bash_operator.py
[2024-12-23T19:43:22.051+0000] {logging_mixin.py:190} INFO - [2024-12-23T19:43:22.051+0000] {dag.py:3239} INFO - Sync 1 DAGs
[2024-12-23T19:43:22.072+0000] {logging_mixin.py:190} INFO - [2024-12-23T19:43:22.072+0000] {dag.py:4180} INFO - Setting next_dagrun for example_bash_operator to 2024-12-22 00:00:00+00:00, run_after=2024-12-23 00:00:00+00:00
[2024-12-23T19:43:22.086+0000] {processor.py:208} INFO - Processing /home/airflow/.local/lib/python3.12/site-packages/airflow/example_dags/example_bash_operator.py took 0.078 seconds
[2024-12-23T19:43:52.904+0000] {processor.py:186} INFO - Started process (PID=37519) to work on /home/airflow/.local/lib/python3.12/site-packages/airflow/example_dags/example_bash_operator.py
[2024-12-23T19:43:52.905+0000] {processor.py:914} INFO - Processing file /home/airflow/.local/lib/python3.12/site-packages/airflow/example_dags/example_bash_operator.py for tasks to queue
[2024-12-23T19:43:52.907+0000] {logging_mixin.py:190} INFO - [2024-12-23T19:43:52.906+0000] {dagbag.py:588} INFO - Filling up the DagBag from /home/airflow/.local/lib/python3.12/site-packages/airflow/example_dags/example_bash_operator.py
[2024-12-23T19:43:52.919+0000] {processor.py:925} INFO - DAG(s) 'example_bash_operator' retrieved from /home/airflow/.local/lib/python3.12/site-packages/airflow/example_dags/example_bash_operator.py
[2024-12-23T19:43:52.942+0000] {logging_mixin.py:190} INFO - [2024-12-23T19:43:52.942+0000] {dag.py:3239} INFO - Sync 1 DAGs
[2024-12-23T19:43:52.964+0000] {logging_mixin.py:190} INFO - [2024-12-23T19:43:52.964+0000] {dag.py:4180} INFO - Setting next_dagrun for example_bash_operator to 2024-12-22 00:00:00+00:00, run_after=2024-12-23 00:00:00+00:00
[2024-12-23T19:43:52.979+0000] {processor.py:208} INFO - Processing /home/airflow/.local/lib/python3.12/site-packages/airflow/example_dags/example_bash_operator.py took 0.080 seconds
[2024-12-23T19:44:23.666+0000] {processor.py:186} INFO - Started process (PID=37582) to work on /home/airflow/.local/lib/python3.12/site-packages/airflow/example_dags/example_bash_operator.py
[2024-12-23T19:44:23.668+0000] {processor.py:914} INFO - Processing file /home/airflow/.local/lib/python3.12/site-packages/airflow/example_dags/example_bash_operator.py for tasks to queue
[2024-12-23T19:44:23.669+0000] {logging_mixin.py:190} INFO - [2024-12-23T19:44:23.669+0000] {dagbag.py:588} INFO - Filling up the DagBag from /home/airflow/.local/lib/python3.12/site-packages/airflow/example_dags/example_bash_operator.py
[2024-12-23T19:44:23.681+0000] {processor.py:925} INFO - DAG(s) 'example_bash_operator' retrieved from /home/airflow/.local/lib/python3.12/site-packages/airflow/example_dags/example_bash_operator.py
[2024-12-23T19:44:23.704+0000] {logging_mixin.py:190} INFO - [2024-12-23T19:44:23.703+0000] {dag.py:3239} INFO - Sync 1 DAGs
[2024-12-23T19:44:23.725+0000] {logging_mixin.py:190} INFO - [2024-12-23T19:44:23.725+0000] {dag.py:4180} INFO - Setting next_dagrun for example_bash_operator to 2024-12-22 00:00:00+00:00, run_after=2024-12-23 00:00:00+00:00
[2024-12-23T19:44:23.741+0000] {processor.py:208} INFO - Processing /home/airflow/.local/lib/python3.12/site-packages/airflow/example_dags/example_bash_operator.py took 0.079 seconds
[2024-12-23T19:44:54.684+0000] {processor.py:186} INFO - Started process (PID=37645) to work on /home/airflow/.local/lib/python3.12/site-packages/airflow/example_dags/example_bash_operator.py
[2024-12-23T19:44:54.685+0000] {processor.py:914} INFO - Processing file /home/airflow/.local/lib/python3.12/site-packages/airflow/example_dags/example_bash_operator.py for tasks to queue
[2024-12-23T19:44:54.687+0000] {logging_mixin.py:190} INFO - [2024-12-23T19:44:54.686+0000] {dagbag.py:588} INFO - Filling up the DagBag from /home/airflow/.local/lib/python3.12/site-packages/airflow/example_dags/example_bash_operator.py
[2024-12-23T19:44:54.698+0000] {processor.py:925} INFO - DAG(s) 'example_bash_operator' retrieved from /home/airflow/.local/lib/python3.12/site-packages/airflow/example_dags/example_bash_operator.py
[2024-12-23T19:44:54.722+0000] {logging_mixin.py:190} INFO - [2024-12-23T19:44:54.722+0000] {dag.py:3239} INFO - Sync 1 DAGs
[2024-12-23T19:44:54.744+0000] {logging_mixin.py:190} INFO - [2024-12-23T19:44:54.744+0000] {dag.py:4180} INFO - Setting next_dagrun for example_bash_operator to 2024-12-22 00:00:00+00:00, run_after=2024-12-23 00:00:00+00:00
[2024-12-23T19:44:54.762+0000] {processor.py:208} INFO - Processing /home/airflow/.local/lib/python3.12/site-packages/airflow/example_dags/example_bash_operator.py took 0.083 seconds
[2024-12-23T19:45:26.003+0000] {processor.py:186} INFO - Started process (PID=37708) to work on /home/airflow/.local/lib/python3.12/site-packages/airflow/example_dags/example_bash_operator.py
[2024-12-23T19:45:26.004+0000] {processor.py:914} INFO - Processing file /home/airflow/.local/lib/python3.12/site-packages/airflow/example_dags/example_bash_operator.py for tasks to queue
[2024-12-23T19:45:26.005+0000] {logging_mixin.py:190} INFO - [2024-12-23T19:45:26.005+0000] {dagbag.py:588} INFO - Filling up the DagBag from /home/airflow/.local/lib/python3.12/site-packages/airflow/example_dags/example_bash_operator.py
[2024-12-23T19:45:26.016+0000] {processor.py:925} INFO - DAG(s) 'example_bash_operator' retrieved from /home/airflow/.local/lib/python3.12/site-packages/airflow/example_dags/example_bash_operator.py
[2024-12-23T19:45:26.039+0000] {logging_mixin.py:190} INFO - [2024-12-23T19:45:26.039+0000] {dag.py:3239} INFO - Sync 1 DAGs
[2024-12-23T19:45:26.061+0000] {logging_mixin.py:190} INFO - [2024-12-23T19:45:26.061+0000] {dag.py:4180} INFO - Setting next_dagrun for example_bash_operator to 2024-12-22 00:00:00+00:00, run_after=2024-12-23 00:00:00+00:00
[2024-12-23T19:45:26.078+0000] {processor.py:208} INFO - Processing /home/airflow/.local/lib/python3.12/site-packages/airflow/example_dags/example_bash_operator.py took 0.080 seconds
[2024-12-23T19:45:56.507+0000] {processor.py:186} INFO - Started process (PID=37771) to work on /home/airflow/.local/lib/python3.12/site-packages/airflow/example_dags/example_bash_operator.py
[2024-12-23T19:45:56.508+0000] {processor.py:914} INFO - Processing file /home/airflow/.local/lib/python3.12/site-packages/airflow/example_dags/example_bash_operator.py for tasks to queue
[2024-12-23T19:45:56.509+0000] {logging_mixin.py:190} INFO - [2024-12-23T19:45:56.509+0000] {dagbag.py:588} INFO - Filling up the DagBag from /home/airflow/.local/lib/python3.12/site-packages/airflow/example_dags/example_bash_operator.py
[2024-12-23T19:45:56.522+0000] {processor.py:925} INFO - DAG(s) 'example_bash_operator' retrieved from /home/airflow/.local/lib/python3.12/site-packages/airflow/example_dags/example_bash_operator.py
[2024-12-23T19:45:56.547+0000] {logging_mixin.py:190} INFO - [2024-12-23T19:45:56.547+0000] {dag.py:3239} INFO - Sync 1 DAGs
[2024-12-23T19:45:56.571+0000] {logging_mixin.py:190} INFO - [2024-12-23T19:45:56.571+0000] {dag.py:4180} INFO - Setting next_dagrun for example_bash_operator to 2024-12-22 00:00:00+00:00, run_after=2024-12-23 00:00:00+00:00
[2024-12-23T19:45:56.593+0000] {processor.py:208} INFO - Processing /home/airflow/.local/lib/python3.12/site-packages/airflow/example_dags/example_bash_operator.py took 0.091 seconds
[2024-12-23T19:46:26.988+0000] {processor.py:186} INFO - Started process (PID=37834) to work on /home/airflow/.local/lib/python3.12/site-packages/airflow/example_dags/example_bash_operator.py
[2024-12-23T19:46:26.989+0000] {processor.py:914} INFO - Processing file /home/airflow/.local/lib/python3.12/site-packages/airflow/example_dags/example_bash_operator.py for tasks to queue
[2024-12-23T19:46:26.991+0000] {logging_mixin.py:190} INFO - [2024-12-23T19:46:26.990+0000] {dagbag.py:588} INFO - Filling up the DagBag from /home/airflow/.local/lib/python3.12/site-packages/airflow/example_dags/example_bash_operator.py
[2024-12-23T19:46:27.004+0000] {processor.py:925} INFO - DAG(s) 'example_bash_operator' retrieved from /home/airflow/.local/lib/python3.12/site-packages/airflow/example_dags/example_bash_operator.py
[2024-12-23T19:46:27.031+0000] {logging_mixin.py:190} INFO - [2024-12-23T19:46:27.031+0000] {dag.py:3239} INFO - Sync 1 DAGs
[2024-12-23T19:46:27.052+0000] {logging_mixin.py:190} INFO - [2024-12-23T19:46:27.052+0000] {dag.py:4180} INFO - Setting next_dagrun for example_bash_operator to 2024-12-22 00:00:00+00:00, run_after=2024-12-23 00:00:00+00:00
[2024-12-23T19:46:27.067+0000] {processor.py:208} INFO - Processing /home/airflow/.local/lib/python3.12/site-packages/airflow/example_dags/example_bash_operator.py took 0.084 seconds
[2024-12-23T19:48:18.162+0000] {processor.py:186} INFO - Started process (PID=88) to work on /home/airflow/.local/lib/python3.12/site-packages/airflow/example_dags/example_bash_operator.py
[2024-12-23T19:48:18.164+0000] {processor.py:914} INFO - Processing file /home/airflow/.local/lib/python3.12/site-packages/airflow/example_dags/example_bash_operator.py for tasks to queue
[2024-12-23T19:48:18.167+0000] {logging_mixin.py:190} INFO - [2024-12-23T19:48:18.166+0000] {dagbag.py:588} INFO - Filling up the DagBag from /home/airflow/.local/lib/python3.12/site-packages/airflow/example_dags/example_bash_operator.py
[2024-12-23T19:48:18.182+0000] {processor.py:925} INFO - DAG(s) 'example_bash_operator' retrieved from /home/airflow/.local/lib/python3.12/site-packages/airflow/example_dags/example_bash_operator.py
[2024-12-23T19:48:18.210+0000] {logging_mixin.py:190} INFO - [2024-12-23T19:48:18.210+0000] {dag.py:3239} INFO - Sync 1 DAGs
[2024-12-23T19:48:18.232+0000] {logging_mixin.py:190} INFO - [2024-12-23T19:48:18.232+0000] {dag.py:4180} INFO - Setting next_dagrun for example_bash_operator to 2024-12-22 00:00:00+00:00, run_after=2024-12-23 00:00:00+00:00
[2024-12-23T19:48:18.252+0000] {processor.py:208} INFO - Processing /home/airflow/.local/lib/python3.12/site-packages/airflow/example_dags/example_bash_operator.py took 0.096 seconds
[2024-12-23T19:48:50.618+0000] {processor.py:186} INFO - Started process (PID=151) to work on /home/airflow/.local/lib/python3.12/site-packages/airflow/example_dags/example_bash_operator.py
[2024-12-23T19:48:50.620+0000] {processor.py:914} INFO - Processing file /home/airflow/.local/lib/python3.12/site-packages/airflow/example_dags/example_bash_operator.py for tasks to queue
[2024-12-23T19:48:50.623+0000] {logging_mixin.py:190} INFO - [2024-12-23T19:48:50.623+0000] {dagbag.py:588} INFO - Filling up the DagBag from /home/airflow/.local/lib/python3.12/site-packages/airflow/example_dags/example_bash_operator.py
[2024-12-23T19:48:50.646+0000] {processor.py:925} INFO - DAG(s) 'example_bash_operator' retrieved from /home/airflow/.local/lib/python3.12/site-packages/airflow/example_dags/example_bash_operator.py
[2024-12-23T19:48:50.729+0000] {logging_mixin.py:190} INFO - [2024-12-23T19:48:50.726+0000] {dag.py:3239} INFO - Sync 1 DAGs
[2024-12-23T19:48:50.884+0000] {logging_mixin.py:190} INFO - [2024-12-23T19:48:50.883+0000] {dag.py:4180} INFO - Setting next_dagrun for example_bash_operator to 2024-12-22 00:00:00+00:00, run_after=2024-12-23 00:00:00+00:00
[2024-12-23T19:48:50.924+0000] {processor.py:208} INFO - Processing /home/airflow/.local/lib/python3.12/site-packages/airflow/example_dags/example_bash_operator.py took 0.314 seconds
[2024-12-23T19:49:22.616+0000] {processor.py:186} INFO - Started process (PID=220) to work on /home/airflow/.local/lib/python3.12/site-packages/airflow/example_dags/example_bash_operator.py
[2024-12-23T19:49:22.617+0000] {processor.py:914} INFO - Processing file /home/airflow/.local/lib/python3.12/site-packages/airflow/example_dags/example_bash_operator.py for tasks to queue
[2024-12-23T19:49:22.620+0000] {logging_mixin.py:190} INFO - [2024-12-23T19:49:22.620+0000] {dagbag.py:588} INFO - Filling up the DagBag from /home/airflow/.local/lib/python3.12/site-packages/airflow/example_dags/example_bash_operator.py
[2024-12-23T19:49:22.633+0000] {processor.py:925} INFO - DAG(s) 'example_bash_operator' retrieved from /home/airflow/.local/lib/python3.12/site-packages/airflow/example_dags/example_bash_operator.py
[2024-12-23T19:49:22.669+0000] {logging_mixin.py:190} INFO - [2024-12-23T19:49:22.669+0000] {dag.py:3239} INFO - Sync 1 DAGs
[2024-12-23T19:49:22.717+0000] {logging_mixin.py:190} INFO - [2024-12-23T19:49:22.716+0000] {dag.py:4180} INFO - Setting next_dagrun for example_bash_operator to 2024-12-22 00:00:00+00:00, run_after=2024-12-23 00:00:00+00:00
[2024-12-23T19:49:22.736+0000] {processor.py:208} INFO - Processing /home/airflow/.local/lib/python3.12/site-packages/airflow/example_dags/example_bash_operator.py took 0.127 seconds
[2024-12-23T19:49:53.451+0000] {processor.py:186} INFO - Started process (PID=283) to work on /home/airflow/.local/lib/python3.12/site-packages/airflow/example_dags/example_bash_operator.py
[2024-12-23T19:49:53.452+0000] {processor.py:914} INFO - Processing file /home/airflow/.local/lib/python3.12/site-packages/airflow/example_dags/example_bash_operator.py for tasks to queue
[2024-12-23T19:49:53.455+0000] {logging_mixin.py:190} INFO - [2024-12-23T19:49:53.454+0000] {dagbag.py:588} INFO - Filling up the DagBag from /home/airflow/.local/lib/python3.12/site-packages/airflow/example_dags/example_bash_operator.py
[2024-12-23T19:49:53.473+0000] {processor.py:925} INFO - DAG(s) 'example_bash_operator' retrieved from /home/airflow/.local/lib/python3.12/site-packages/airflow/example_dags/example_bash_operator.py
[2024-12-23T19:49:53.501+0000] {logging_mixin.py:190} INFO - [2024-12-23T19:49:53.501+0000] {dag.py:3239} INFO - Sync 1 DAGs
[2024-12-23T19:49:53.527+0000] {logging_mixin.py:190} INFO - [2024-12-23T19:49:53.527+0000] {dag.py:4180} INFO - Setting next_dagrun for example_bash_operator to 2024-12-22 00:00:00+00:00, run_after=2024-12-23 00:00:00+00:00
[2024-12-23T19:49:53.543+0000] {processor.py:208} INFO - Processing /home/airflow/.local/lib/python3.12/site-packages/airflow/example_dags/example_bash_operator.py took 0.098 seconds
[2024-12-23T19:50:25.801+0000] {processor.py:186} INFO - Started process (PID=346) to work on /home/airflow/.local/lib/python3.12/site-packages/airflow/example_dags/example_bash_operator.py
[2024-12-23T19:50:25.803+0000] {processor.py:914} INFO - Processing file /home/airflow/.local/lib/python3.12/site-packages/airflow/example_dags/example_bash_operator.py for tasks to queue
[2024-12-23T19:50:25.806+0000] {logging_mixin.py:190} INFO - [2024-12-23T19:50:25.805+0000] {dagbag.py:588} INFO - Filling up the DagBag from /home/airflow/.local/lib/python3.12/site-packages/airflow/example_dags/example_bash_operator.py
[2024-12-23T19:50:25.830+0000] {processor.py:925} INFO - DAG(s) 'example_bash_operator' retrieved from /home/airflow/.local/lib/python3.12/site-packages/airflow/example_dags/example_bash_operator.py
[2024-12-23T19:50:25.864+0000] {logging_mixin.py:190} INFO - [2024-12-23T19:50:25.864+0000] {dag.py:3239} INFO - Sync 1 DAGs
[2024-12-23T19:50:25.893+0000] {logging_mixin.py:190} INFO - [2024-12-23T19:50:25.893+0000] {dag.py:4180} INFO - Setting next_dagrun for example_bash_operator to 2024-12-22 00:00:00+00:00, run_after=2024-12-23 00:00:00+00:00
[2024-12-23T19:50:25.936+0000] {processor.py:208} INFO - Processing /home/airflow/.local/lib/python3.12/site-packages/airflow/example_dags/example_bash_operator.py took 0.141 seconds
[2024-12-23T19:50:58.985+0000] {processor.py:186} INFO - Started process (PID=416) to work on /home/airflow/.local/lib/python3.12/site-packages/airflow/example_dags/example_bash_operator.py
[2024-12-23T19:50:58.988+0000] {processor.py:914} INFO - Processing file /home/airflow/.local/lib/python3.12/site-packages/airflow/example_dags/example_bash_operator.py for tasks to queue
[2024-12-23T19:50:58.995+0000] {logging_mixin.py:190} INFO - [2024-12-23T19:50:58.994+0000] {dagbag.py:588} INFO - Filling up the DagBag from /home/airflow/.local/lib/python3.12/site-packages/airflow/example_dags/example_bash_operator.py
[2024-12-23T19:50:59.023+0000] {processor.py:925} INFO - DAG(s) 'example_bash_operator' retrieved from /home/airflow/.local/lib/python3.12/site-packages/airflow/example_dags/example_bash_operator.py
[2024-12-23T19:50:59.073+0000] {logging_mixin.py:190} INFO - [2024-12-23T19:50:59.072+0000] {dag.py:3239} INFO - Sync 1 DAGs
[2024-12-23T19:50:59.122+0000] {logging_mixin.py:190} INFO - [2024-12-23T19:50:59.122+0000] {dag.py:4180} INFO - Setting next_dagrun for example_bash_operator to 2024-12-22 00:00:00+00:00, run_after=2024-12-23 00:00:00+00:00
[2024-12-23T19:50:59.161+0000] {processor.py:208} INFO - Processing /home/airflow/.local/lib/python3.12/site-packages/airflow/example_dags/example_bash_operator.py took 0.184 seconds
[2024-12-23T19:51:52.592+0000] {processor.py:186} INFO - Started process (PID=479) to work on /home/airflow/.local/lib/python3.12/site-packages/airflow/example_dags/example_bash_operator.py
[2024-12-23T19:51:52.593+0000] {processor.py:914} INFO - Processing file /home/airflow/.local/lib/python3.12/site-packages/airflow/example_dags/example_bash_operator.py for tasks to queue
[2024-12-23T19:51:52.595+0000] {logging_mixin.py:190} INFO - [2024-12-23T19:51:52.595+0000] {dagbag.py:588} INFO - Filling up the DagBag from /home/airflow/.local/lib/python3.12/site-packages/airflow/example_dags/example_bash_operator.py
[2024-12-23T19:51:52.663+0000] {processor.py:925} INFO - DAG(s) 'example_bash_operator' retrieved from /home/airflow/.local/lib/python3.12/site-packages/airflow/example_dags/example_bash_operator.py
[2024-12-23T19:51:52.750+0000] {logging_mixin.py:190} INFO - [2024-12-23T19:51:52.749+0000] {dag.py:3239} INFO - Sync 1 DAGs
[2024-12-23T19:51:52.804+0000] {logging_mixin.py:190} INFO - [2024-12-23T19:51:52.804+0000] {dag.py:4180} INFO - Setting next_dagrun for example_bash_operator to 2024-12-22 00:00:00+00:00, run_after=2024-12-23 00:00:00+00:00
[2024-12-23T19:51:52.828+0000] {processor.py:208} INFO - Processing /home/airflow/.local/lib/python3.12/site-packages/airflow/example_dags/example_bash_operator.py took 0.242 seconds
[2024-12-23T19:52:36.504+0000] {processor.py:186} INFO - Started process (PID=549) to work on /home/airflow/.local/lib/python3.12/site-packages/airflow/example_dags/example_bash_operator.py
[2024-12-23T19:52:36.506+0000] {processor.py:914} INFO - Processing file /home/airflow/.local/lib/python3.12/site-packages/airflow/example_dags/example_bash_operator.py for tasks to queue
[2024-12-23T19:52:36.537+0000] {logging_mixin.py:190} INFO - [2024-12-23T19:52:36.536+0000] {dagbag.py:588} INFO - Filling up the DagBag from /home/airflow/.local/lib/python3.12/site-packages/airflow/example_dags/example_bash_operator.py
[2024-12-23T19:52:36.812+0000] {processor.py:925} INFO - DAG(s) 'example_bash_operator' retrieved from /home/airflow/.local/lib/python3.12/site-packages/airflow/example_dags/example_bash_operator.py
[2024-12-23T19:52:36.960+0000] {logging_mixin.py:190} INFO - [2024-12-23T19:52:36.959+0000] {dag.py:3239} INFO - Sync 1 DAGs
[2024-12-23T19:52:37.072+0000] {logging_mixin.py:190} INFO - [2024-12-23T19:52:37.072+0000] {dag.py:4180} INFO - Setting next_dagrun for example_bash_operator to 2024-12-22 00:00:00+00:00, run_after=2024-12-23 00:00:00+00:00
[2024-12-23T19:52:37.111+0000] {processor.py:208} INFO - Processing /home/airflow/.local/lib/python3.12/site-packages/airflow/example_dags/example_bash_operator.py took 0.615 seconds
[2024-12-23T19:53:07.699+0000] {processor.py:186} INFO - Started process (PID=611) to work on /home/airflow/.local/lib/python3.12/site-packages/airflow/example_dags/example_bash_operator.py
[2024-12-23T19:53:07.701+0000] {processor.py:914} INFO - Processing file /home/airflow/.local/lib/python3.12/site-packages/airflow/example_dags/example_bash_operator.py for tasks to queue
[2024-12-23T19:53:07.703+0000] {logging_mixin.py:190} INFO - [2024-12-23T19:53:07.703+0000] {dagbag.py:588} INFO - Filling up the DagBag from /home/airflow/.local/lib/python3.12/site-packages/airflow/example_dags/example_bash_operator.py
[2024-12-23T19:53:07.715+0000] {processor.py:925} INFO - DAG(s) 'example_bash_operator' retrieved from /home/airflow/.local/lib/python3.12/site-packages/airflow/example_dags/example_bash_operator.py
[2024-12-23T19:53:07.737+0000] {logging_mixin.py:190} INFO - [2024-12-23T19:53:07.737+0000] {dag.py:3239} INFO - Sync 1 DAGs
[2024-12-23T19:53:07.759+0000] {logging_mixin.py:190} INFO - [2024-12-23T19:53:07.759+0000] {dag.py:4180} INFO - Setting next_dagrun for example_bash_operator to 2024-12-22 00:00:00+00:00, run_after=2024-12-23 00:00:00+00:00
[2024-12-23T19:53:07.776+0000] {processor.py:208} INFO - Processing /home/airflow/.local/lib/python3.12/site-packages/airflow/example_dags/example_bash_operator.py took 0.082 seconds
[2024-12-23T19:53:38.672+0000] {processor.py:186} INFO - Started process (PID=675) to work on /home/airflow/.local/lib/python3.12/site-packages/airflow/example_dags/example_bash_operator.py
[2024-12-23T19:53:38.673+0000] {processor.py:914} INFO - Processing file /home/airflow/.local/lib/python3.12/site-packages/airflow/example_dags/example_bash_operator.py for tasks to queue
[2024-12-23T19:53:38.675+0000] {logging_mixin.py:190} INFO - [2024-12-23T19:53:38.675+0000] {dagbag.py:588} INFO - Filling up the DagBag from /home/airflow/.local/lib/python3.12/site-packages/airflow/example_dags/example_bash_operator.py
[2024-12-23T19:53:38.687+0000] {processor.py:925} INFO - DAG(s) 'example_bash_operator' retrieved from /home/airflow/.local/lib/python3.12/site-packages/airflow/example_dags/example_bash_operator.py
[2024-12-23T19:53:38.710+0000] {logging_mixin.py:190} INFO - [2024-12-23T19:53:38.709+0000] {dag.py:3239} INFO - Sync 1 DAGs
[2024-12-23T19:53:38.730+0000] {logging_mixin.py:190} INFO - [2024-12-23T19:53:38.730+0000] {dag.py:4180} INFO - Setting next_dagrun for example_bash_operator to 2024-12-22 00:00:00+00:00, run_after=2024-12-23 00:00:00+00:00
[2024-12-23T19:53:38.746+0000] {processor.py:208} INFO - Processing /home/airflow/.local/lib/python3.12/site-packages/airflow/example_dags/example_bash_operator.py took 0.079 seconds
[2024-12-23T19:54:09.086+0000] {processor.py:186} INFO - Started process (PID=737) to work on /home/airflow/.local/lib/python3.12/site-packages/airflow/example_dags/example_bash_operator.py
[2024-12-23T19:54:09.087+0000] {processor.py:914} INFO - Processing file /home/airflow/.local/lib/python3.12/site-packages/airflow/example_dags/example_bash_operator.py for tasks to queue
[2024-12-23T19:54:09.090+0000] {logging_mixin.py:190} INFO - [2024-12-23T19:54:09.089+0000] {dagbag.py:588} INFO - Filling up the DagBag from /home/airflow/.local/lib/python3.12/site-packages/airflow/example_dags/example_bash_operator.py
[2024-12-23T19:54:09.101+0000] {processor.py:925} INFO - DAG(s) 'example_bash_operator' retrieved from /home/airflow/.local/lib/python3.12/site-packages/airflow/example_dags/example_bash_operator.py
[2024-12-23T19:54:09.124+0000] {logging_mixin.py:190} INFO - [2024-12-23T19:54:09.124+0000] {dag.py:3239} INFO - Sync 1 DAGs
[2024-12-23T19:54:09.144+0000] {logging_mixin.py:190} INFO - [2024-12-23T19:54:09.144+0000] {dag.py:4180} INFO - Setting next_dagrun for example_bash_operator to 2024-12-22 00:00:00+00:00, run_after=2024-12-23 00:00:00+00:00
[2024-12-23T19:54:09.159+0000] {processor.py:208} INFO - Processing /home/airflow/.local/lib/python3.12/site-packages/airflow/example_dags/example_bash_operator.py took 0.080 seconds
[2024-12-23T19:54:39.544+0000] {processor.py:186} INFO - Started process (PID=800) to work on /home/airflow/.local/lib/python3.12/site-packages/airflow/example_dags/example_bash_operator.py
[2024-12-23T19:54:39.546+0000] {processor.py:914} INFO - Processing file /home/airflow/.local/lib/python3.12/site-packages/airflow/example_dags/example_bash_operator.py for tasks to queue
[2024-12-23T19:54:39.548+0000] {logging_mixin.py:190} INFO - [2024-12-23T19:54:39.548+0000] {dagbag.py:588} INFO - Filling up the DagBag from /home/airflow/.local/lib/python3.12/site-packages/airflow/example_dags/example_bash_operator.py
[2024-12-23T19:54:39.561+0000] {processor.py:925} INFO - DAG(s) 'example_bash_operator' retrieved from /home/airflow/.local/lib/python3.12/site-packages/airflow/example_dags/example_bash_operator.py
[2024-12-23T19:54:39.585+0000] {logging_mixin.py:190} INFO - [2024-12-23T19:54:39.584+0000] {dag.py:3239} INFO - Sync 1 DAGs
[2024-12-23T19:54:39.607+0000] {logging_mixin.py:190} INFO - [2024-12-23T19:54:39.607+0000] {dag.py:4180} INFO - Setting next_dagrun for example_bash_operator to 2024-12-22 00:00:00+00:00, run_after=2024-12-23 00:00:00+00:00
[2024-12-23T19:54:39.623+0000] {processor.py:208} INFO - Processing /home/airflow/.local/lib/python3.12/site-packages/airflow/example_dags/example_bash_operator.py took 0.087 seconds
[2024-12-23T19:55:10.495+0000] {processor.py:186} INFO - Started process (PID=863) to work on /home/airflow/.local/lib/python3.12/site-packages/airflow/example_dags/example_bash_operator.py
[2024-12-23T19:55:10.496+0000] {processor.py:914} INFO - Processing file /home/airflow/.local/lib/python3.12/site-packages/airflow/example_dags/example_bash_operator.py for tasks to queue
[2024-12-23T19:55:10.498+0000] {logging_mixin.py:190} INFO - [2024-12-23T19:55:10.498+0000] {dagbag.py:588} INFO - Filling up the DagBag from /home/airflow/.local/lib/python3.12/site-packages/airflow/example_dags/example_bash_operator.py
[2024-12-23T19:55:10.511+0000] {processor.py:925} INFO - DAG(s) 'example_bash_operator' retrieved from /home/airflow/.local/lib/python3.12/site-packages/airflow/example_dags/example_bash_operator.py
[2024-12-23T19:55:10.534+0000] {logging_mixin.py:190} INFO - [2024-12-23T19:55:10.534+0000] {dag.py:3239} INFO - Sync 1 DAGs
[2024-12-23T19:55:10.554+0000] {logging_mixin.py:190} INFO - [2024-12-23T19:55:10.554+0000] {dag.py:4180} INFO - Setting next_dagrun for example_bash_operator to 2024-12-22 00:00:00+00:00, run_after=2024-12-23 00:00:00+00:00
[2024-12-23T19:55:10.570+0000] {processor.py:208} INFO - Processing /home/airflow/.local/lib/python3.12/site-packages/airflow/example_dags/example_bash_operator.py took 0.081 seconds
[2024-12-23T19:55:41.248+0000] {processor.py:186} INFO - Started process (PID=926) to work on /home/airflow/.local/lib/python3.12/site-packages/airflow/example_dags/example_bash_operator.py
[2024-12-23T19:55:41.249+0000] {processor.py:914} INFO - Processing file /home/airflow/.local/lib/python3.12/site-packages/airflow/example_dags/example_bash_operator.py for tasks to queue
[2024-12-23T19:55:41.251+0000] {logging_mixin.py:190} INFO - [2024-12-23T19:55:41.250+0000] {dagbag.py:588} INFO - Filling up the DagBag from /home/airflow/.local/lib/python3.12/site-packages/airflow/example_dags/example_bash_operator.py
[2024-12-23T19:55:41.262+0000] {processor.py:925} INFO - DAG(s) 'example_bash_operator' retrieved from /home/airflow/.local/lib/python3.12/site-packages/airflow/example_dags/example_bash_operator.py
[2024-12-23T19:55:41.284+0000] {logging_mixin.py:190} INFO - [2024-12-23T19:55:41.284+0000] {dag.py:3239} INFO - Sync 1 DAGs
[2024-12-23T19:55:41.304+0000] {logging_mixin.py:190} INFO - [2024-12-23T19:55:41.303+0000] {dag.py:4180} INFO - Setting next_dagrun for example_bash_operator to 2024-12-22 00:00:00+00:00, run_after=2024-12-23 00:00:00+00:00
[2024-12-23T19:55:41.319+0000] {processor.py:208} INFO - Processing /home/airflow/.local/lib/python3.12/site-packages/airflow/example_dags/example_bash_operator.py took 0.077 seconds
[2024-12-23T19:56:11.491+0000] {processor.py:186} INFO - Started process (PID=989) to work on /home/airflow/.local/lib/python3.12/site-packages/airflow/example_dags/example_bash_operator.py
[2024-12-23T19:56:11.492+0000] {processor.py:914} INFO - Processing file /home/airflow/.local/lib/python3.12/site-packages/airflow/example_dags/example_bash_operator.py for tasks to queue
[2024-12-23T19:56:11.495+0000] {logging_mixin.py:190} INFO - [2024-12-23T19:56:11.494+0000] {dagbag.py:588} INFO - Filling up the DagBag from /home/airflow/.local/lib/python3.12/site-packages/airflow/example_dags/example_bash_operator.py
[2024-12-23T19:56:11.506+0000] {processor.py:925} INFO - DAG(s) 'example_bash_operator' retrieved from /home/airflow/.local/lib/python3.12/site-packages/airflow/example_dags/example_bash_operator.py
[2024-12-23T19:56:11.528+0000] {logging_mixin.py:190} INFO - [2024-12-23T19:56:11.528+0000] {dag.py:3239} INFO - Sync 1 DAGs
[2024-12-23T19:56:11.548+0000] {logging_mixin.py:190} INFO - [2024-12-23T19:56:11.547+0000] {dag.py:4180} INFO - Setting next_dagrun for example_bash_operator to 2024-12-22 00:00:00+00:00, run_after=2024-12-23 00:00:00+00:00
[2024-12-23T19:56:11.563+0000] {processor.py:208} INFO - Processing /home/airflow/.local/lib/python3.12/site-packages/airflow/example_dags/example_bash_operator.py took 0.077 seconds
[2024-12-23T19:56:42.120+0000] {processor.py:186} INFO - Started process (PID=1052) to work on /home/airflow/.local/lib/python3.12/site-packages/airflow/example_dags/example_bash_operator.py
[2024-12-23T19:56:42.121+0000] {processor.py:914} INFO - Processing file /home/airflow/.local/lib/python3.12/site-packages/airflow/example_dags/example_bash_operator.py for tasks to queue
[2024-12-23T19:56:42.123+0000] {logging_mixin.py:190} INFO - [2024-12-23T19:56:42.123+0000] {dagbag.py:588} INFO - Filling up the DagBag from /home/airflow/.local/lib/python3.12/site-packages/airflow/example_dags/example_bash_operator.py
[2024-12-23T19:56:42.137+0000] {processor.py:925} INFO - DAG(s) 'example_bash_operator' retrieved from /home/airflow/.local/lib/python3.12/site-packages/airflow/example_dags/example_bash_operator.py
[2024-12-23T19:56:42.165+0000] {logging_mixin.py:190} INFO - [2024-12-23T19:56:42.164+0000] {dag.py:3239} INFO - Sync 1 DAGs
[2024-12-23T19:56:42.187+0000] {logging_mixin.py:190} INFO - [2024-12-23T19:56:42.187+0000] {dag.py:4180} INFO - Setting next_dagrun for example_bash_operator to 2024-12-22 00:00:00+00:00, run_after=2024-12-23 00:00:00+00:00
[2024-12-23T19:56:42.203+0000] {processor.py:208} INFO - Processing /home/airflow/.local/lib/python3.12/site-packages/airflow/example_dags/example_bash_operator.py took 0.088 seconds
[2024-12-23T19:57:12.884+0000] {processor.py:186} INFO - Started process (PID=1115) to work on /home/airflow/.local/lib/python3.12/site-packages/airflow/example_dags/example_bash_operator.py
[2024-12-23T19:57:12.885+0000] {processor.py:914} INFO - Processing file /home/airflow/.local/lib/python3.12/site-packages/airflow/example_dags/example_bash_operator.py for tasks to queue
[2024-12-23T19:57:12.887+0000] {logging_mixin.py:190} INFO - [2024-12-23T19:57:12.887+0000] {dagbag.py:588} INFO - Filling up the DagBag from /home/airflow/.local/lib/python3.12/site-packages/airflow/example_dags/example_bash_operator.py
[2024-12-23T19:57:12.900+0000] {processor.py:925} INFO - DAG(s) 'example_bash_operator' retrieved from /home/airflow/.local/lib/python3.12/site-packages/airflow/example_dags/example_bash_operator.py
[2024-12-23T19:57:12.924+0000] {logging_mixin.py:190} INFO - [2024-12-23T19:57:12.924+0000] {dag.py:3239} INFO - Sync 1 DAGs
[2024-12-23T19:57:12.946+0000] {logging_mixin.py:190} INFO - [2024-12-23T19:57:12.946+0000] {dag.py:4180} INFO - Setting next_dagrun for example_bash_operator to 2024-12-22 00:00:00+00:00, run_after=2024-12-23 00:00:00+00:00
[2024-12-23T19:57:12.965+0000] {processor.py:208} INFO - Processing /home/airflow/.local/lib/python3.12/site-packages/airflow/example_dags/example_bash_operator.py took 0.086 seconds
[2024-12-23T19:57:43.612+0000] {processor.py:186} INFO - Started process (PID=1178) to work on /home/airflow/.local/lib/python3.12/site-packages/airflow/example_dags/example_bash_operator.py
[2024-12-23T19:57:43.614+0000] {processor.py:914} INFO - Processing file /home/airflow/.local/lib/python3.12/site-packages/airflow/example_dags/example_bash_operator.py for tasks to queue
[2024-12-23T19:57:43.616+0000] {logging_mixin.py:190} INFO - [2024-12-23T19:57:43.615+0000] {dagbag.py:588} INFO - Filling up the DagBag from /home/airflow/.local/lib/python3.12/site-packages/airflow/example_dags/example_bash_operator.py
[2024-12-23T19:57:43.627+0000] {processor.py:925} INFO - DAG(s) 'example_bash_operator' retrieved from /home/airflow/.local/lib/python3.12/site-packages/airflow/example_dags/example_bash_operator.py
[2024-12-23T19:57:43.651+0000] {logging_mixin.py:190} INFO - [2024-12-23T19:57:43.651+0000] {dag.py:3239} INFO - Sync 1 DAGs
[2024-12-23T19:57:43.671+0000] {logging_mixin.py:190} INFO - [2024-12-23T19:57:43.671+0000] {dag.py:4180} INFO - Setting next_dagrun for example_bash_operator to 2024-12-22 00:00:00+00:00, run_after=2024-12-23 00:00:00+00:00
[2024-12-23T19:57:43.687+0000] {processor.py:208} INFO - Processing /home/airflow/.local/lib/python3.12/site-packages/airflow/example_dags/example_bash_operator.py took 0.080 seconds
[2024-12-23T19:58:14.445+0000] {processor.py:186} INFO - Started process (PID=1241) to work on /home/airflow/.local/lib/python3.12/site-packages/airflow/example_dags/example_bash_operator.py
[2024-12-23T19:58:14.446+0000] {processor.py:914} INFO - Processing file /home/airflow/.local/lib/python3.12/site-packages/airflow/example_dags/example_bash_operator.py for tasks to queue
[2024-12-23T19:58:14.448+0000] {logging_mixin.py:190} INFO - [2024-12-23T19:58:14.447+0000] {dagbag.py:588} INFO - Filling up the DagBag from /home/airflow/.local/lib/python3.12/site-packages/airflow/example_dags/example_bash_operator.py
[2024-12-23T19:58:14.459+0000] {processor.py:925} INFO - DAG(s) 'example_bash_operator' retrieved from /home/airflow/.local/lib/python3.12/site-packages/airflow/example_dags/example_bash_operator.py
[2024-12-23T19:58:14.481+0000] {logging_mixin.py:190} INFO - [2024-12-23T19:58:14.480+0000] {dag.py:3239} INFO - Sync 1 DAGs
[2024-12-23T19:58:14.502+0000] {logging_mixin.py:190} INFO - [2024-12-23T19:58:14.502+0000] {dag.py:4180} INFO - Setting next_dagrun for example_bash_operator to 2024-12-22 00:00:00+00:00, run_after=2024-12-23 00:00:00+00:00
[2024-12-23T19:58:14.518+0000] {processor.py:208} INFO - Processing /home/airflow/.local/lib/python3.12/site-packages/airflow/example_dags/example_bash_operator.py took 0.078 seconds
[2024-12-23T19:58:44.557+0000] {processor.py:186} INFO - Started process (PID=1304) to work on /home/airflow/.local/lib/python3.12/site-packages/airflow/example_dags/example_bash_operator.py
[2024-12-23T19:58:44.558+0000] {processor.py:914} INFO - Processing file /home/airflow/.local/lib/python3.12/site-packages/airflow/example_dags/example_bash_operator.py for tasks to queue
[2024-12-23T19:58:44.562+0000] {logging_mixin.py:190} INFO - [2024-12-23T19:58:44.561+0000] {dagbag.py:588} INFO - Filling up the DagBag from /home/airflow/.local/lib/python3.12/site-packages/airflow/example_dags/example_bash_operator.py
[2024-12-23T19:58:44.580+0000] {processor.py:925} INFO - DAG(s) 'example_bash_operator' retrieved from /home/airflow/.local/lib/python3.12/site-packages/airflow/example_dags/example_bash_operator.py
[2024-12-23T19:58:44.619+0000] {logging_mixin.py:190} INFO - [2024-12-23T19:58:44.618+0000] {dag.py:3239} INFO - Sync 1 DAGs
[2024-12-23T19:58:44.650+0000] {logging_mixin.py:190} INFO - [2024-12-23T19:58:44.650+0000] {dag.py:4180} INFO - Setting next_dagrun for example_bash_operator to 2024-12-22 00:00:00+00:00, run_after=2024-12-23 00:00:00+00:00
[2024-12-23T19:58:44.673+0000] {processor.py:208} INFO - Processing /home/airflow/.local/lib/python3.12/site-packages/airflow/example_dags/example_bash_operator.py took 0.122 seconds
[2024-12-23T19:59:16.070+0000] {processor.py:186} INFO - Started process (PID=1368) to work on /home/airflow/.local/lib/python3.12/site-packages/airflow/example_dags/example_bash_operator.py
[2024-12-23T19:59:16.071+0000] {processor.py:914} INFO - Processing file /home/airflow/.local/lib/python3.12/site-packages/airflow/example_dags/example_bash_operator.py for tasks to queue
[2024-12-23T19:59:16.074+0000] {logging_mixin.py:190} INFO - [2024-12-23T19:59:16.073+0000] {dagbag.py:588} INFO - Filling up the DagBag from /home/airflow/.local/lib/python3.12/site-packages/airflow/example_dags/example_bash_operator.py
[2024-12-23T19:59:16.086+0000] {processor.py:925} INFO - DAG(s) 'example_bash_operator' retrieved from /home/airflow/.local/lib/python3.12/site-packages/airflow/example_dags/example_bash_operator.py
[2024-12-23T19:59:16.112+0000] {logging_mixin.py:190} INFO - [2024-12-23T19:59:16.112+0000] {dag.py:3239} INFO - Sync 1 DAGs
[2024-12-23T19:59:16.135+0000] {logging_mixin.py:190} INFO - [2024-12-23T19:59:16.135+0000] {dag.py:4180} INFO - Setting next_dagrun for example_bash_operator to 2024-12-22 00:00:00+00:00, run_after=2024-12-23 00:00:00+00:00
[2024-12-23T19:59:16.156+0000] {processor.py:208} INFO - Processing /home/airflow/.local/lib/python3.12/site-packages/airflow/example_dags/example_bash_operator.py took 0.091 seconds
[2024-12-23T19:59:47.202+0000] {processor.py:186} INFO - Started process (PID=1431) to work on /home/airflow/.local/lib/python3.12/site-packages/airflow/example_dags/example_bash_operator.py
[2024-12-23T19:59:47.203+0000] {processor.py:914} INFO - Processing file /home/airflow/.local/lib/python3.12/site-packages/airflow/example_dags/example_bash_operator.py for tasks to queue
[2024-12-23T19:59:47.205+0000] {logging_mixin.py:190} INFO - [2024-12-23T19:59:47.205+0000] {dagbag.py:588} INFO - Filling up the DagBag from /home/airflow/.local/lib/python3.12/site-packages/airflow/example_dags/example_bash_operator.py
[2024-12-23T19:59:47.219+0000] {processor.py:925} INFO - DAG(s) 'example_bash_operator' retrieved from /home/airflow/.local/lib/python3.12/site-packages/airflow/example_dags/example_bash_operator.py
[2024-12-23T19:59:47.250+0000] {logging_mixin.py:190} INFO - [2024-12-23T19:59:47.250+0000] {dag.py:3239} INFO - Sync 1 DAGs
[2024-12-23T19:59:47.273+0000] {logging_mixin.py:190} INFO - [2024-12-23T19:59:47.273+0000] {dag.py:4180} INFO - Setting next_dagrun for example_bash_operator to 2024-12-22 00:00:00+00:00, run_after=2024-12-23 00:00:00+00:00
[2024-12-23T19:59:47.292+0000] {processor.py:208} INFO - Processing /home/airflow/.local/lib/python3.12/site-packages/airflow/example_dags/example_bash_operator.py took 0.095 seconds
[2024-12-23T20:00:18.349+0000] {processor.py:186} INFO - Started process (PID=1494) to work on /home/airflow/.local/lib/python3.12/site-packages/airflow/example_dags/example_bash_operator.py
[2024-12-23T20:00:18.350+0000] {processor.py:914} INFO - Processing file /home/airflow/.local/lib/python3.12/site-packages/airflow/example_dags/example_bash_operator.py for tasks to queue
[2024-12-23T20:00:18.353+0000] {logging_mixin.py:190} INFO - [2024-12-23T20:00:18.352+0000] {dagbag.py:588} INFO - Filling up the DagBag from /home/airflow/.local/lib/python3.12/site-packages/airflow/example_dags/example_bash_operator.py
[2024-12-23T20:00:18.367+0000] {processor.py:925} INFO - DAG(s) 'example_bash_operator' retrieved from /home/airflow/.local/lib/python3.12/site-packages/airflow/example_dags/example_bash_operator.py
[2024-12-23T20:00:18.390+0000] {logging_mixin.py:190} INFO - [2024-12-23T20:00:18.390+0000] {dag.py:3239} INFO - Sync 1 DAGs
[2024-12-23T20:00:18.412+0000] {logging_mixin.py:190} INFO - [2024-12-23T20:00:18.411+0000] {dag.py:4180} INFO - Setting next_dagrun for example_bash_operator to 2024-12-22 00:00:00+00:00, run_after=2024-12-23 00:00:00+00:00
[2024-12-23T20:00:18.427+0000] {processor.py:208} INFO - Processing /home/airflow/.local/lib/python3.12/site-packages/airflow/example_dags/example_bash_operator.py took 0.085 seconds
[2024-12-23T20:00:50.426+0000] {processor.py:186} INFO - Started process (PID=1557) to work on /home/airflow/.local/lib/python3.12/site-packages/airflow/example_dags/example_bash_operator.py
[2024-12-23T20:00:50.427+0000] {processor.py:914} INFO - Processing file /home/airflow/.local/lib/python3.12/site-packages/airflow/example_dags/example_bash_operator.py for tasks to queue
[2024-12-23T20:00:50.430+0000] {logging_mixin.py:190} INFO - [2024-12-23T20:00:50.429+0000] {dagbag.py:588} INFO - Filling up the DagBag from /home/airflow/.local/lib/python3.12/site-packages/airflow/example_dags/example_bash_operator.py
[2024-12-23T20:00:50.445+0000] {processor.py:925} INFO - DAG(s) 'example_bash_operator' retrieved from /home/airflow/.local/lib/python3.12/site-packages/airflow/example_dags/example_bash_operator.py
[2024-12-23T20:00:50.470+0000] {logging_mixin.py:190} INFO - [2024-12-23T20:00:50.470+0000] {dag.py:3239} INFO - Sync 1 DAGs
[2024-12-23T20:00:50.501+0000] {logging_mixin.py:190} INFO - [2024-12-23T20:00:50.500+0000] {dag.py:4180} INFO - Setting next_dagrun for example_bash_operator to 2024-12-22 00:00:00+00:00, run_after=2024-12-23 00:00:00+00:00
[2024-12-23T20:00:50.523+0000] {processor.py:208} INFO - Processing /home/airflow/.local/lib/python3.12/site-packages/airflow/example_dags/example_bash_operator.py took 0.103 seconds
[2024-12-23T20:01:21.470+0000] {processor.py:186} INFO - Started process (PID=1620) to work on /home/airflow/.local/lib/python3.12/site-packages/airflow/example_dags/example_bash_operator.py
[2024-12-23T20:01:21.471+0000] {processor.py:914} INFO - Processing file /home/airflow/.local/lib/python3.12/site-packages/airflow/example_dags/example_bash_operator.py for tasks to queue
[2024-12-23T20:01:21.473+0000] {logging_mixin.py:190} INFO - [2024-12-23T20:01:21.473+0000] {dagbag.py:588} INFO - Filling up the DagBag from /home/airflow/.local/lib/python3.12/site-packages/airflow/example_dags/example_bash_operator.py
[2024-12-23T20:01:21.489+0000] {processor.py:925} INFO - DAG(s) 'example_bash_operator' retrieved from /home/airflow/.local/lib/python3.12/site-packages/airflow/example_dags/example_bash_operator.py
[2024-12-23T20:01:21.514+0000] {logging_mixin.py:190} INFO - [2024-12-23T20:01:21.514+0000] {dag.py:3239} INFO - Sync 1 DAGs
[2024-12-23T20:01:21.537+0000] {logging_mixin.py:190} INFO - [2024-12-23T20:01:21.537+0000] {dag.py:4180} INFO - Setting next_dagrun for example_bash_operator to 2024-12-22 00:00:00+00:00, run_after=2024-12-23 00:00:00+00:00
[2024-12-23T20:01:21.555+0000] {processor.py:208} INFO - Processing /home/airflow/.local/lib/python3.12/site-packages/airflow/example_dags/example_bash_operator.py took 0.090 seconds
[2024-12-23T20:01:51.920+0000] {processor.py:186} INFO - Started process (PID=1689) to work on /home/airflow/.local/lib/python3.12/site-packages/airflow/example_dags/example_bash_operator.py
[2024-12-23T20:01:51.921+0000] {processor.py:914} INFO - Processing file /home/airflow/.local/lib/python3.12/site-packages/airflow/example_dags/example_bash_operator.py for tasks to queue
[2024-12-23T20:01:51.923+0000] {logging_mixin.py:190} INFO - [2024-12-23T20:01:51.923+0000] {dagbag.py:588} INFO - Filling up the DagBag from /home/airflow/.local/lib/python3.12/site-packages/airflow/example_dags/example_bash_operator.py
[2024-12-23T20:01:51.936+0000] {processor.py:925} INFO - DAG(s) 'example_bash_operator' retrieved from /home/airflow/.local/lib/python3.12/site-packages/airflow/example_dags/example_bash_operator.py
[2024-12-23T20:01:51.961+0000] {logging_mixin.py:190} INFO - [2024-12-23T20:01:51.961+0000] {dag.py:3239} INFO - Sync 1 DAGs
[2024-12-23T20:01:51.983+0000] {logging_mixin.py:190} INFO - [2024-12-23T20:01:51.983+0000] {dag.py:4180} INFO - Setting next_dagrun for example_bash_operator to 2024-12-22 00:00:00+00:00, run_after=2024-12-23 00:00:00+00:00
[2024-12-23T20:01:52.001+0000] {processor.py:208} INFO - Processing /home/airflow/.local/lib/python3.12/site-packages/airflow/example_dags/example_bash_operator.py took 0.087 seconds
[2024-12-23T20:02:23.045+0000] {processor.py:186} INFO - Started process (PID=1752) to work on /home/airflow/.local/lib/python3.12/site-packages/airflow/example_dags/example_bash_operator.py
[2024-12-23T20:02:23.046+0000] {processor.py:914} INFO - Processing file /home/airflow/.local/lib/python3.12/site-packages/airflow/example_dags/example_bash_operator.py for tasks to queue
[2024-12-23T20:02:23.048+0000] {logging_mixin.py:190} INFO - [2024-12-23T20:02:23.048+0000] {dagbag.py:588} INFO - Filling up the DagBag from /home/airflow/.local/lib/python3.12/site-packages/airflow/example_dags/example_bash_operator.py
[2024-12-23T20:02:23.063+0000] {processor.py:925} INFO - DAG(s) 'example_bash_operator' retrieved from /home/airflow/.local/lib/python3.12/site-packages/airflow/example_dags/example_bash_operator.py
[2024-12-23T20:02:23.089+0000] {logging_mixin.py:190} INFO - [2024-12-23T20:02:23.088+0000] {dag.py:3239} INFO - Sync 1 DAGs
[2024-12-23T20:02:23.115+0000] {logging_mixin.py:190} INFO - [2024-12-23T20:02:23.115+0000] {dag.py:4180} INFO - Setting next_dagrun for example_bash_operator to 2024-12-22 00:00:00+00:00, run_after=2024-12-23 00:00:00+00:00
[2024-12-23T20:02:23.133+0000] {processor.py:208} INFO - Processing /home/airflow/.local/lib/python3.12/site-packages/airflow/example_dags/example_bash_operator.py took 0.094 seconds
[2024-12-23T20:02:54.121+0000] {processor.py:186} INFO - Started process (PID=1815) to work on /home/airflow/.local/lib/python3.12/site-packages/airflow/example_dags/example_bash_operator.py
[2024-12-23T20:02:54.122+0000] {processor.py:914} INFO - Processing file /home/airflow/.local/lib/python3.12/site-packages/airflow/example_dags/example_bash_operator.py for tasks to queue
[2024-12-23T20:02:54.124+0000] {logging_mixin.py:190} INFO - [2024-12-23T20:02:54.124+0000] {dagbag.py:588} INFO - Filling up the DagBag from /home/airflow/.local/lib/python3.12/site-packages/airflow/example_dags/example_bash_operator.py
[2024-12-23T20:02:54.138+0000] {processor.py:925} INFO - DAG(s) 'example_bash_operator' retrieved from /home/airflow/.local/lib/python3.12/site-packages/airflow/example_dags/example_bash_operator.py
[2024-12-23T20:02:54.161+0000] {logging_mixin.py:190} INFO - [2024-12-23T20:02:54.161+0000] {dag.py:3239} INFO - Sync 1 DAGs
[2024-12-23T20:02:54.184+0000] {logging_mixin.py:190} INFO - [2024-12-23T20:02:54.184+0000] {dag.py:4180} INFO - Setting next_dagrun for example_bash_operator to 2024-12-22 00:00:00+00:00, run_after=2024-12-23 00:00:00+00:00
[2024-12-23T20:02:54.200+0000] {processor.py:208} INFO - Processing /home/airflow/.local/lib/python3.12/site-packages/airflow/example_dags/example_bash_operator.py took 0.085 seconds
[2024-12-23T20:03:25.911+0000] {processor.py:186} INFO - Started process (PID=1878) to work on /home/airflow/.local/lib/python3.12/site-packages/airflow/example_dags/example_bash_operator.py
[2024-12-23T20:03:25.912+0000] {processor.py:914} INFO - Processing file /home/airflow/.local/lib/python3.12/site-packages/airflow/example_dags/example_bash_operator.py for tasks to queue
[2024-12-23T20:03:25.915+0000] {logging_mixin.py:190} INFO - [2024-12-23T20:03:25.915+0000] {dagbag.py:588} INFO - Filling up the DagBag from /home/airflow/.local/lib/python3.12/site-packages/airflow/example_dags/example_bash_operator.py
[2024-12-23T20:03:25.935+0000] {processor.py:925} INFO - DAG(s) 'example_bash_operator' retrieved from /home/airflow/.local/lib/python3.12/site-packages/airflow/example_dags/example_bash_operator.py
[2024-12-23T20:03:25.962+0000] {logging_mixin.py:190} INFO - [2024-12-23T20:03:25.962+0000] {dag.py:3239} INFO - Sync 1 DAGs
[2024-12-23T20:03:25.986+0000] {logging_mixin.py:190} INFO - [2024-12-23T20:03:25.986+0000] {dag.py:4180} INFO - Setting next_dagrun for example_bash_operator to 2024-12-22 00:00:00+00:00, run_after=2024-12-23 00:00:00+00:00
[2024-12-23T20:03:26.006+0000] {processor.py:208} INFO - Processing /home/airflow/.local/lib/python3.12/site-packages/airflow/example_dags/example_bash_operator.py took 0.104 seconds
[2024-12-23T20:03:57.472+0000] {processor.py:186} INFO - Started process (PID=1941) to work on /home/airflow/.local/lib/python3.12/site-packages/airflow/example_dags/example_bash_operator.py
[2024-12-23T20:03:57.473+0000] {processor.py:914} INFO - Processing file /home/airflow/.local/lib/python3.12/site-packages/airflow/example_dags/example_bash_operator.py for tasks to queue
[2024-12-23T20:03:57.476+0000] {logging_mixin.py:190} INFO - [2024-12-23T20:03:57.476+0000] {dagbag.py:588} INFO - Filling up the DagBag from /home/airflow/.local/lib/python3.12/site-packages/airflow/example_dags/example_bash_operator.py
[2024-12-23T20:03:57.490+0000] {processor.py:925} INFO - DAG(s) 'example_bash_operator' retrieved from /home/airflow/.local/lib/python3.12/site-packages/airflow/example_dags/example_bash_operator.py
[2024-12-23T20:03:57.521+0000] {logging_mixin.py:190} INFO - [2024-12-23T20:03:57.520+0000] {dag.py:3239} INFO - Sync 1 DAGs
[2024-12-23T20:03:57.550+0000] {logging_mixin.py:190} INFO - [2024-12-23T20:03:57.550+0000] {dag.py:4180} INFO - Setting next_dagrun for example_bash_operator to 2024-12-22 00:00:00+00:00, run_after=2024-12-23 00:00:00+00:00
[2024-12-23T20:03:57.573+0000] {processor.py:208} INFO - Processing /home/airflow/.local/lib/python3.12/site-packages/airflow/example_dags/example_bash_operator.py took 0.106 seconds
[2024-12-23T20:04:28.849+0000] {processor.py:186} INFO - Started process (PID=2004) to work on /home/airflow/.local/lib/python3.12/site-packages/airflow/example_dags/example_bash_operator.py
[2024-12-23T20:04:28.850+0000] {processor.py:914} INFO - Processing file /home/airflow/.local/lib/python3.12/site-packages/airflow/example_dags/example_bash_operator.py for tasks to queue
[2024-12-23T20:04:28.853+0000] {logging_mixin.py:190} INFO - [2024-12-23T20:04:28.852+0000] {dagbag.py:588} INFO - Filling up the DagBag from /home/airflow/.local/lib/python3.12/site-packages/airflow/example_dags/example_bash_operator.py
[2024-12-23T20:04:28.866+0000] {processor.py:925} INFO - DAG(s) 'example_bash_operator' retrieved from /home/airflow/.local/lib/python3.12/site-packages/airflow/example_dags/example_bash_operator.py
[2024-12-23T20:04:28.889+0000] {logging_mixin.py:190} INFO - [2024-12-23T20:04:28.889+0000] {dag.py:3239} INFO - Sync 1 DAGs
[2024-12-23T20:04:28.912+0000] {logging_mixin.py:190} INFO - [2024-12-23T20:04:28.911+0000] {dag.py:4180} INFO - Setting next_dagrun for example_bash_operator to 2024-12-22 00:00:00+00:00, run_after=2024-12-23 00:00:00+00:00
[2024-12-23T20:04:28.930+0000] {processor.py:208} INFO - Processing /home/airflow/.local/lib/python3.12/site-packages/airflow/example_dags/example_bash_operator.py took 0.087 seconds
[2024-12-23T20:05:01.166+0000] {processor.py:186} INFO - Started process (PID=2067) to work on /home/airflow/.local/lib/python3.12/site-packages/airflow/example_dags/example_bash_operator.py
[2024-12-23T20:05:01.167+0000] {processor.py:914} INFO - Processing file /home/airflow/.local/lib/python3.12/site-packages/airflow/example_dags/example_bash_operator.py for tasks to queue
[2024-12-23T20:05:01.170+0000] {logging_mixin.py:190} INFO - [2024-12-23T20:05:01.170+0000] {dagbag.py:588} INFO - Filling up the DagBag from /home/airflow/.local/lib/python3.12/site-packages/airflow/example_dags/example_bash_operator.py
[2024-12-23T20:05:01.185+0000] {processor.py:925} INFO - DAG(s) 'example_bash_operator' retrieved from /home/airflow/.local/lib/python3.12/site-packages/airflow/example_dags/example_bash_operator.py
[2024-12-23T20:05:01.214+0000] {logging_mixin.py:190} INFO - [2024-12-23T20:05:01.214+0000] {dag.py:3239} INFO - Sync 1 DAGs
[2024-12-23T20:05:01.240+0000] {logging_mixin.py:190} INFO - [2024-12-23T20:05:01.239+0000] {dag.py:4180} INFO - Setting next_dagrun for example_bash_operator to 2024-12-22 00:00:00+00:00, run_after=2024-12-23 00:00:00+00:00
[2024-12-23T20:05:01.260+0000] {processor.py:208} INFO - Processing /home/airflow/.local/lib/python3.12/site-packages/airflow/example_dags/example_bash_operator.py took 0.099 seconds
[2024-12-23T20:05:31.737+0000] {processor.py:186} INFO - Started process (PID=2130) to work on /home/airflow/.local/lib/python3.12/site-packages/airflow/example_dags/example_bash_operator.py
[2024-12-23T20:05:31.738+0000] {processor.py:914} INFO - Processing file /home/airflow/.local/lib/python3.12/site-packages/airflow/example_dags/example_bash_operator.py for tasks to queue
[2024-12-23T20:05:31.740+0000] {logging_mixin.py:190} INFO - [2024-12-23T20:05:31.739+0000] {dagbag.py:588} INFO - Filling up the DagBag from /home/airflow/.local/lib/python3.12/site-packages/airflow/example_dags/example_bash_operator.py
[2024-12-23T20:05:31.751+0000] {processor.py:925} INFO - DAG(s) 'example_bash_operator' retrieved from /home/airflow/.local/lib/python3.12/site-packages/airflow/example_dags/example_bash_operator.py
[2024-12-23T20:05:31.775+0000] {logging_mixin.py:190} INFO - [2024-12-23T20:05:31.775+0000] {dag.py:3239} INFO - Sync 1 DAGs
[2024-12-23T20:05:31.795+0000] {logging_mixin.py:190} INFO - [2024-12-23T20:05:31.795+0000] {dag.py:4180} INFO - Setting next_dagrun for example_bash_operator to 2024-12-22 00:00:00+00:00, run_after=2024-12-23 00:00:00+00:00
[2024-12-23T20:05:31.811+0000] {processor.py:208} INFO - Processing /home/airflow/.local/lib/python3.12/site-packages/airflow/example_dags/example_bash_operator.py took 0.079 seconds
[2024-12-23T20:06:02.216+0000] {processor.py:186} INFO - Started process (PID=2193) to work on /home/airflow/.local/lib/python3.12/site-packages/airflow/example_dags/example_bash_operator.py
[2024-12-23T20:06:02.217+0000] {processor.py:914} INFO - Processing file /home/airflow/.local/lib/python3.12/site-packages/airflow/example_dags/example_bash_operator.py for tasks to queue
[2024-12-23T20:06:02.220+0000] {logging_mixin.py:190} INFO - [2024-12-23T20:06:02.219+0000] {dagbag.py:588} INFO - Filling up the DagBag from /home/airflow/.local/lib/python3.12/site-packages/airflow/example_dags/example_bash_operator.py
[2024-12-23T20:06:02.233+0000] {processor.py:925} INFO - DAG(s) 'example_bash_operator' retrieved from /home/airflow/.local/lib/python3.12/site-packages/airflow/example_dags/example_bash_operator.py
[2024-12-23T20:06:02.261+0000] {logging_mixin.py:190} INFO - [2024-12-23T20:06:02.261+0000] {dag.py:3239} INFO - Sync 1 DAGs
[2024-12-23T20:06:02.282+0000] {logging_mixin.py:190} INFO - [2024-12-23T20:06:02.282+0000] {dag.py:4180} INFO - Setting next_dagrun for example_bash_operator to 2024-12-22 00:00:00+00:00, run_after=2024-12-23 00:00:00+00:00
[2024-12-23T20:06:02.297+0000] {processor.py:208} INFO - Processing /home/airflow/.local/lib/python3.12/site-packages/airflow/example_dags/example_bash_operator.py took 0.087 seconds
[2024-12-23T20:06:33.967+0000] {processor.py:186} INFO - Started process (PID=2256) to work on /home/airflow/.local/lib/python3.12/site-packages/airflow/example_dags/example_bash_operator.py
[2024-12-23T20:06:33.968+0000] {processor.py:914} INFO - Processing file /home/airflow/.local/lib/python3.12/site-packages/airflow/example_dags/example_bash_operator.py for tasks to queue
[2024-12-23T20:06:33.971+0000] {logging_mixin.py:190} INFO - [2024-12-23T20:06:33.970+0000] {dagbag.py:588} INFO - Filling up the DagBag from /home/airflow/.local/lib/python3.12/site-packages/airflow/example_dags/example_bash_operator.py
[2024-12-23T20:06:33.983+0000] {processor.py:925} INFO - DAG(s) 'example_bash_operator' retrieved from /home/airflow/.local/lib/python3.12/site-packages/airflow/example_dags/example_bash_operator.py
[2024-12-23T20:06:34.005+0000] {logging_mixin.py:190} INFO - [2024-12-23T20:06:34.005+0000] {dag.py:3239} INFO - Sync 1 DAGs
[2024-12-23T20:06:34.027+0000] {logging_mixin.py:190} INFO - [2024-12-23T20:06:34.027+0000] {dag.py:4180} INFO - Setting next_dagrun for example_bash_operator to 2024-12-22 00:00:00+00:00, run_after=2024-12-23 00:00:00+00:00
[2024-12-23T20:06:34.044+0000] {processor.py:208} INFO - Processing /home/airflow/.local/lib/python3.12/site-packages/airflow/example_dags/example_bash_operator.py took 0.083 seconds
[2024-12-23T20:07:04.365+0000] {processor.py:186} INFO - Started process (PID=2319) to work on /home/airflow/.local/lib/python3.12/site-packages/airflow/example_dags/example_bash_operator.py
[2024-12-23T20:07:04.366+0000] {processor.py:914} INFO - Processing file /home/airflow/.local/lib/python3.12/site-packages/airflow/example_dags/example_bash_operator.py for tasks to queue
[2024-12-23T20:07:04.368+0000] {logging_mixin.py:190} INFO - [2024-12-23T20:07:04.368+0000] {dagbag.py:588} INFO - Filling up the DagBag from /home/airflow/.local/lib/python3.12/site-packages/airflow/example_dags/example_bash_operator.py
[2024-12-23T20:07:04.381+0000] {processor.py:925} INFO - DAG(s) 'example_bash_operator' retrieved from /home/airflow/.local/lib/python3.12/site-packages/airflow/example_dags/example_bash_operator.py
[2024-12-23T20:07:04.404+0000] {logging_mixin.py:190} INFO - [2024-12-23T20:07:04.404+0000] {dag.py:3239} INFO - Sync 1 DAGs
[2024-12-23T20:07:04.426+0000] {logging_mixin.py:190} INFO - [2024-12-23T20:07:04.426+0000] {dag.py:4180} INFO - Setting next_dagrun for example_bash_operator to 2024-12-22 00:00:00+00:00, run_after=2024-12-23 00:00:00+00:00
[2024-12-23T20:07:04.441+0000] {processor.py:208} INFO - Processing /home/airflow/.local/lib/python3.12/site-packages/airflow/example_dags/example_bash_operator.py took 0.082 seconds
[2024-12-23T20:07:42.319+0000] {processor.py:186} INFO - Started process (PID=2382) to work on /home/airflow/.local/lib/python3.12/site-packages/airflow/example_dags/example_bash_operator.py
[2024-12-23T20:07:42.321+0000] {processor.py:914} INFO - Processing file /home/airflow/.local/lib/python3.12/site-packages/airflow/example_dags/example_bash_operator.py for tasks to queue
[2024-12-23T20:07:42.325+0000] {logging_mixin.py:190} INFO - [2024-12-23T20:07:42.324+0000] {dagbag.py:588} INFO - Filling up the DagBag from /home/airflow/.local/lib/python3.12/site-packages/airflow/example_dags/example_bash_operator.py
[2024-12-23T20:07:42.354+0000] {processor.py:925} INFO - DAG(s) 'example_bash_operator' retrieved from /home/airflow/.local/lib/python3.12/site-packages/airflow/example_dags/example_bash_operator.py
[2024-12-23T20:07:42.410+0000] {logging_mixin.py:190} INFO - [2024-12-23T20:07:42.410+0000] {dag.py:3239} INFO - Sync 1 DAGs
[2024-12-23T20:07:42.464+0000] {logging_mixin.py:190} INFO - [2024-12-23T20:07:42.464+0000] {dag.py:4180} INFO - Setting next_dagrun for example_bash_operator to 2024-12-22 00:00:00+00:00, run_after=2024-12-23 00:00:00+00:00
[2024-12-23T20:07:42.506+0000] {processor.py:208} INFO - Processing /home/airflow/.local/lib/python3.12/site-packages/airflow/example_dags/example_bash_operator.py took 0.204 seconds
[2024-12-23T20:17:56.813+0000] {processor.py:186} INFO - Started process (PID=99) to work on /home/airflow/.local/lib/python3.12/site-packages/airflow/example_dags/example_bash_operator.py
[2024-12-23T20:17:56.816+0000] {processor.py:914} INFO - Processing file /home/airflow/.local/lib/python3.12/site-packages/airflow/example_dags/example_bash_operator.py for tasks to queue
[2024-12-23T20:17:56.821+0000] {logging_mixin.py:190} INFO - [2024-12-23T20:17:56.820+0000] {dagbag.py:588} INFO - Filling up the DagBag from /home/airflow/.local/lib/python3.12/site-packages/airflow/example_dags/example_bash_operator.py
[2024-12-23T20:17:56.842+0000] {processor.py:925} INFO - DAG(s) 'example_bash_operator' retrieved from /home/airflow/.local/lib/python3.12/site-packages/airflow/example_dags/example_bash_operator.py
[2024-12-23T20:17:56.878+0000] {logging_mixin.py:190} INFO - [2024-12-23T20:17:56.878+0000] {dag.py:3239} INFO - Sync 1 DAGs
[2024-12-23T20:17:56.903+0000] {logging_mixin.py:190} INFO - [2024-12-23T20:17:56.903+0000] {dag.py:4180} INFO - Setting next_dagrun for example_bash_operator to 2024-12-22 00:00:00+00:00, run_after=2024-12-23 00:00:00+00:00
[2024-12-23T20:17:56.939+0000] {processor.py:208} INFO - Processing /home/airflow/.local/lib/python3.12/site-packages/airflow/example_dags/example_bash_operator.py took 0.134 seconds
[2024-12-23T20:18:27.716+0000] {processor.py:186} INFO - Started process (PID=162) to work on /home/airflow/.local/lib/python3.12/site-packages/airflow/example_dags/example_bash_operator.py
[2024-12-23T20:18:27.717+0000] {processor.py:914} INFO - Processing file /home/airflow/.local/lib/python3.12/site-packages/airflow/example_dags/example_bash_operator.py for tasks to queue
[2024-12-23T20:18:27.720+0000] {logging_mixin.py:190} INFO - [2024-12-23T20:18:27.720+0000] {dagbag.py:588} INFO - Filling up the DagBag from /home/airflow/.local/lib/python3.12/site-packages/airflow/example_dags/example_bash_operator.py
[2024-12-23T20:18:27.738+0000] {processor.py:925} INFO - DAG(s) 'example_bash_operator' retrieved from /home/airflow/.local/lib/python3.12/site-packages/airflow/example_dags/example_bash_operator.py
[2024-12-23T20:18:27.778+0000] {logging_mixin.py:190} INFO - [2024-12-23T20:18:27.778+0000] {dag.py:3239} INFO - Sync 1 DAGs
[2024-12-23T20:18:27.807+0000] {logging_mixin.py:190} INFO - [2024-12-23T20:18:27.807+0000] {dag.py:4180} INFO - Setting next_dagrun for example_bash_operator to 2024-12-22 00:00:00+00:00, run_after=2024-12-23 00:00:00+00:00
[2024-12-23T20:18:27.829+0000] {processor.py:208} INFO - Processing /home/airflow/.local/lib/python3.12/site-packages/airflow/example_dags/example_bash_operator.py took 0.120 seconds
[2024-12-23T20:18:59.004+0000] {processor.py:186} INFO - Started process (PID=225) to work on /home/airflow/.local/lib/python3.12/site-packages/airflow/example_dags/example_bash_operator.py
[2024-12-23T20:18:59.014+0000] {processor.py:914} INFO - Processing file /home/airflow/.local/lib/python3.12/site-packages/airflow/example_dags/example_bash_operator.py for tasks to queue
[2024-12-23T20:18:59.018+0000] {logging_mixin.py:190} INFO - [2024-12-23T20:18:59.017+0000] {dagbag.py:588} INFO - Filling up the DagBag from /home/airflow/.local/lib/python3.12/site-packages/airflow/example_dags/example_bash_operator.py
[2024-12-23T20:18:59.035+0000] {processor.py:925} INFO - DAG(s) 'example_bash_operator' retrieved from /home/airflow/.local/lib/python3.12/site-packages/airflow/example_dags/example_bash_operator.py
[2024-12-23T20:18:59.065+0000] {logging_mixin.py:190} INFO - [2024-12-23T20:18:59.065+0000] {dag.py:3239} INFO - Sync 1 DAGs
[2024-12-23T20:18:59.093+0000] {logging_mixin.py:190} INFO - [2024-12-23T20:18:59.093+0000] {dag.py:4180} INFO - Setting next_dagrun for example_bash_operator to 2024-12-22 00:00:00+00:00, run_after=2024-12-23 00:00:00+00:00
[2024-12-23T20:18:59.141+0000] {processor.py:208} INFO - Processing /home/airflow/.local/lib/python3.12/site-packages/airflow/example_dags/example_bash_operator.py took 0.143 seconds
[2024-12-23T20:19:30.604+0000] {processor.py:186} INFO - Started process (PID=288) to work on /home/airflow/.local/lib/python3.12/site-packages/airflow/example_dags/example_bash_operator.py
[2024-12-23T20:19:30.606+0000] {processor.py:914} INFO - Processing file /home/airflow/.local/lib/python3.12/site-packages/airflow/example_dags/example_bash_operator.py for tasks to queue
[2024-12-23T20:19:30.623+0000] {logging_mixin.py:190} INFO - [2024-12-23T20:19:30.614+0000] {dagbag.py:588} INFO - Filling up the DagBag from /home/airflow/.local/lib/python3.12/site-packages/airflow/example_dags/example_bash_operator.py
[2024-12-23T20:19:30.663+0000] {processor.py:925} INFO - DAG(s) 'example_bash_operator' retrieved from /home/airflow/.local/lib/python3.12/site-packages/airflow/example_dags/example_bash_operator.py
[2024-12-23T20:19:30.709+0000] {logging_mixin.py:190} INFO - [2024-12-23T20:19:30.708+0000] {dag.py:3239} INFO - Sync 1 DAGs
[2024-12-23T20:19:30.737+0000] {logging_mixin.py:190} INFO - [2024-12-23T20:19:30.737+0000] {dag.py:4180} INFO - Setting next_dagrun for example_bash_operator to 2024-12-22 00:00:00+00:00, run_after=2024-12-23 00:00:00+00:00
[2024-12-23T20:19:30.762+0000] {processor.py:208} INFO - Processing /home/airflow/.local/lib/python3.12/site-packages/airflow/example_dags/example_bash_operator.py took 0.164 seconds
[2024-12-23T20:20:05.511+0000] {processor.py:186} INFO - Started process (PID=351) to work on /home/airflow/.local/lib/python3.12/site-packages/airflow/example_dags/example_bash_operator.py
[2024-12-23T20:20:05.512+0000] {processor.py:914} INFO - Processing file /home/airflow/.local/lib/python3.12/site-packages/airflow/example_dags/example_bash_operator.py for tasks to queue
[2024-12-23T20:20:05.515+0000] {logging_mixin.py:190} INFO - [2024-12-23T20:20:05.515+0000] {dagbag.py:588} INFO - Filling up the DagBag from /home/airflow/.local/lib/python3.12/site-packages/airflow/example_dags/example_bash_operator.py
[2024-12-23T20:20:05.544+0000] {processor.py:925} INFO - DAG(s) 'example_bash_operator' retrieved from /home/airflow/.local/lib/python3.12/site-packages/airflow/example_dags/example_bash_operator.py
[2024-12-23T20:20:05.603+0000] {logging_mixin.py:190} INFO - [2024-12-23T20:20:05.603+0000] {dag.py:3239} INFO - Sync 1 DAGs
[2024-12-23T20:20:05.644+0000] {logging_mixin.py:190} INFO - [2024-12-23T20:20:05.643+0000] {dag.py:4180} INFO - Setting next_dagrun for example_bash_operator to 2024-12-22 00:00:00+00:00, run_after=2024-12-23 00:00:00+00:00
[2024-12-23T20:20:05.685+0000] {processor.py:208} INFO - Processing /home/airflow/.local/lib/python3.12/site-packages/airflow/example_dags/example_bash_operator.py took 0.184 seconds
[2024-12-23T20:21:01.021+0000] {processor.py:186} INFO - Started process (PID=420) to work on /home/airflow/.local/lib/python3.12/site-packages/airflow/example_dags/example_bash_operator.py
[2024-12-23T20:21:01.029+0000] {processor.py:914} INFO - Processing file /home/airflow/.local/lib/python3.12/site-packages/airflow/example_dags/example_bash_operator.py for tasks to queue
[2024-12-23T20:21:01.048+0000] {logging_mixin.py:190} INFO - [2024-12-23T20:21:01.047+0000] {dagbag.py:588} INFO - Filling up the DagBag from /home/airflow/.local/lib/python3.12/site-packages/airflow/example_dags/example_bash_operator.py
