[2024-12-23T19:32:55.265+0000] {processor.py:186} INFO - Started process (PID=36147) to work on /home/airflow/.local/lib/python3.12/site-packages/airflow/example_dags/example_sla_dag.py
[2024-12-23T19:32:55.333+0000] {processor.py:914} INFO - Processing file /home/airflow/.local/lib/python3.12/site-packages/airflow/example_dags/example_sla_dag.py for tasks to queue
[2024-12-23T19:32:55.427+0000] {logging_mixin.py:190} INFO - [2024-12-23T19:32:55.426+0000] {dagbag.py:588} INFO - Filling up the DagBag from /home/airflow/.local/lib/python3.12/site-packages/airflow/example_dags/example_sla_dag.py
[2024-12-23T19:32:55.509+0000] {processor.py:925} INFO - DAG(s) 'example_sla_dag' retrieved from /home/airflow/.local/lib/python3.12/site-packages/airflow/example_dags/example_sla_dag.py
[2024-12-23T19:32:55.585+0000] {logging_mixin.py:190} INFO - [2024-12-23T19:32:55.585+0000] {dag.py:3239} INFO - Sync 1 DAGs
[2024-12-23T19:32:55.708+0000] {logging_mixin.py:190} INFO - [2024-12-23T19:32:55.708+0000] {dag.py:4180} INFO - Setting next_dagrun for example_sla_dag to 2024-12-23 19:30:00+00:00, run_after=2024-12-23 19:32:00+00:00
[2024-12-23T19:32:55.783+0000] {processor.py:208} INFO - Processing /home/airflow/.local/lib/python3.12/site-packages/airflow/example_dags/example_sla_dag.py took 0.527 seconds
[2024-12-23T19:33:26.636+0000] {processor.py:186} INFO - Started process (PID=36211) to work on /home/airflow/.local/lib/python3.12/site-packages/airflow/example_dags/example_sla_dag.py
[2024-12-23T19:33:26.637+0000] {processor.py:914} INFO - Processing file /home/airflow/.local/lib/python3.12/site-packages/airflow/example_dags/example_sla_dag.py for tasks to queue
[2024-12-23T19:33:26.639+0000] {logging_mixin.py:190} INFO - [2024-12-23T19:33:26.638+0000] {dagbag.py:588} INFO - Filling up the DagBag from /home/airflow/.local/lib/python3.12/site-packages/airflow/example_dags/example_sla_dag.py
[2024-12-23T19:33:26.650+0000] {processor.py:925} INFO - DAG(s) 'example_sla_dag' retrieved from /home/airflow/.local/lib/python3.12/site-packages/airflow/example_dags/example_sla_dag.py
[2024-12-23T19:33:26.669+0000] {logging_mixin.py:190} INFO - [2024-12-23T19:33:26.668+0000] {dag.py:3239} INFO - Sync 1 DAGs
[2024-12-23T19:33:26.694+0000] {logging_mixin.py:190} INFO - [2024-12-23T19:33:26.694+0000] {dag.py:4180} INFO - Setting next_dagrun for example_sla_dag to 2024-12-23 19:30:00+00:00, run_after=2024-12-23 19:32:00+00:00
[2024-12-23T19:33:26.710+0000] {processor.py:208} INFO - Processing /home/airflow/.local/lib/python3.12/site-packages/airflow/example_dags/example_sla_dag.py took 0.079 seconds
[2024-12-23T19:33:57.231+0000] {processor.py:186} INFO - Started process (PID=36274) to work on /home/airflow/.local/lib/python3.12/site-packages/airflow/example_dags/example_sla_dag.py
[2024-12-23T19:33:57.232+0000] {processor.py:914} INFO - Processing file /home/airflow/.local/lib/python3.12/site-packages/airflow/example_dags/example_sla_dag.py for tasks to queue
[2024-12-23T19:33:57.234+0000] {logging_mixin.py:190} INFO - [2024-12-23T19:33:57.233+0000] {dagbag.py:588} INFO - Filling up the DagBag from /home/airflow/.local/lib/python3.12/site-packages/airflow/example_dags/example_sla_dag.py
[2024-12-23T19:33:57.243+0000] {processor.py:925} INFO - DAG(s) 'example_sla_dag' retrieved from /home/airflow/.local/lib/python3.12/site-packages/airflow/example_dags/example_sla_dag.py
[2024-12-23T19:33:57.257+0000] {logging_mixin.py:190} INFO - [2024-12-23T19:33:57.257+0000] {dag.py:3239} INFO - Sync 1 DAGs
[2024-12-23T19:33:57.277+0000] {logging_mixin.py:190} INFO - [2024-12-23T19:33:57.277+0000] {dag.py:4180} INFO - Setting next_dagrun for example_sla_dag to 2024-12-23 19:30:00+00:00, run_after=2024-12-23 19:32:00+00:00
[2024-12-23T19:33:57.290+0000] {processor.py:208} INFO - Processing /home/airflow/.local/lib/python3.12/site-packages/airflow/example_dags/example_sla_dag.py took 0.064 seconds
[2024-12-23T19:34:27.785+0000] {processor.py:186} INFO - Started process (PID=36337) to work on /home/airflow/.local/lib/python3.12/site-packages/airflow/example_dags/example_sla_dag.py
[2024-12-23T19:34:27.786+0000] {processor.py:914} INFO - Processing file /home/airflow/.local/lib/python3.12/site-packages/airflow/example_dags/example_sla_dag.py for tasks to queue
[2024-12-23T19:34:27.787+0000] {logging_mixin.py:190} INFO - [2024-12-23T19:34:27.787+0000] {dagbag.py:588} INFO - Filling up the DagBag from /home/airflow/.local/lib/python3.12/site-packages/airflow/example_dags/example_sla_dag.py
[2024-12-23T19:34:27.797+0000] {processor.py:925} INFO - DAG(s) 'example_sla_dag' retrieved from /home/airflow/.local/lib/python3.12/site-packages/airflow/example_dags/example_sla_dag.py
[2024-12-23T19:34:27.815+0000] {logging_mixin.py:190} INFO - [2024-12-23T19:34:27.814+0000] {dag.py:3239} INFO - Sync 1 DAGs
[2024-12-23T19:34:27.836+0000] {logging_mixin.py:190} INFO - [2024-12-23T19:34:27.836+0000] {dag.py:4180} INFO - Setting next_dagrun for example_sla_dag to 2024-12-23 19:32:00+00:00, run_after=2024-12-23 19:34:00+00:00
[2024-12-23T19:34:27.852+0000] {processor.py:208} INFO - Processing /home/airflow/.local/lib/python3.12/site-packages/airflow/example_dags/example_sla_dag.py took 0.071 seconds
[2024-12-23T19:34:58.458+0000] {processor.py:186} INFO - Started process (PID=36400) to work on /home/airflow/.local/lib/python3.12/site-packages/airflow/example_dags/example_sla_dag.py
[2024-12-23T19:34:58.459+0000] {processor.py:914} INFO - Processing file /home/airflow/.local/lib/python3.12/site-packages/airflow/example_dags/example_sla_dag.py for tasks to queue
[2024-12-23T19:34:58.461+0000] {logging_mixin.py:190} INFO - [2024-12-23T19:34:58.460+0000] {dagbag.py:588} INFO - Filling up the DagBag from /home/airflow/.local/lib/python3.12/site-packages/airflow/example_dags/example_sla_dag.py
[2024-12-23T19:34:58.475+0000] {processor.py:925} INFO - DAG(s) 'example_sla_dag' retrieved from /home/airflow/.local/lib/python3.12/site-packages/airflow/example_dags/example_sla_dag.py
[2024-12-23T19:34:58.494+0000] {logging_mixin.py:190} INFO - [2024-12-23T19:34:58.494+0000] {dag.py:3239} INFO - Sync 1 DAGs
[2024-12-23T19:34:58.518+0000] {logging_mixin.py:190} INFO - [2024-12-23T19:34:58.518+0000] {dag.py:4180} INFO - Setting next_dagrun for example_sla_dag to 2024-12-23 19:32:00+00:00, run_after=2024-12-23 19:34:00+00:00
[2024-12-23T19:34:58.534+0000] {processor.py:208} INFO - Processing /home/airflow/.local/lib/python3.12/site-packages/airflow/example_dags/example_sla_dag.py took 0.081 seconds
[2024-12-23T19:35:28.866+0000] {processor.py:186} INFO - Started process (PID=36463) to work on /home/airflow/.local/lib/python3.12/site-packages/airflow/example_dags/example_sla_dag.py
[2024-12-23T19:35:28.867+0000] {processor.py:914} INFO - Processing file /home/airflow/.local/lib/python3.12/site-packages/airflow/example_dags/example_sla_dag.py for tasks to queue
[2024-12-23T19:35:28.869+0000] {logging_mixin.py:190} INFO - [2024-12-23T19:35:28.868+0000] {dagbag.py:588} INFO - Filling up the DagBag from /home/airflow/.local/lib/python3.12/site-packages/airflow/example_dags/example_sla_dag.py
[2024-12-23T19:35:28.880+0000] {processor.py:925} INFO - DAG(s) 'example_sla_dag' retrieved from /home/airflow/.local/lib/python3.12/site-packages/airflow/example_dags/example_sla_dag.py
[2024-12-23T19:35:28.900+0000] {logging_mixin.py:190} INFO - [2024-12-23T19:35:28.900+0000] {dag.py:3239} INFO - Sync 1 DAGs
[2024-12-23T19:35:28.924+0000] {logging_mixin.py:190} INFO - [2024-12-23T19:35:28.924+0000] {dag.py:4180} INFO - Setting next_dagrun for example_sla_dag to 2024-12-23 19:32:00+00:00, run_after=2024-12-23 19:34:00+00:00
[2024-12-23T19:35:28.942+0000] {processor.py:208} INFO - Processing /home/airflow/.local/lib/python3.12/site-packages/airflow/example_dags/example_sla_dag.py took 0.082 seconds
[2024-12-23T19:35:59.225+0000] {processor.py:186} INFO - Started process (PID=36526) to work on /home/airflow/.local/lib/python3.12/site-packages/airflow/example_dags/example_sla_dag.py
[2024-12-23T19:35:59.226+0000] {processor.py:914} INFO - Processing file /home/airflow/.local/lib/python3.12/site-packages/airflow/example_dags/example_sla_dag.py for tasks to queue
[2024-12-23T19:35:59.227+0000] {logging_mixin.py:190} INFO - [2024-12-23T19:35:59.227+0000] {dagbag.py:588} INFO - Filling up the DagBag from /home/airflow/.local/lib/python3.12/site-packages/airflow/example_dags/example_sla_dag.py
[2024-12-23T19:35:59.240+0000] {processor.py:925} INFO - DAG(s) 'example_sla_dag' retrieved from /home/airflow/.local/lib/python3.12/site-packages/airflow/example_dags/example_sla_dag.py
[2024-12-23T19:35:59.263+0000] {logging_mixin.py:190} INFO - [2024-12-23T19:35:59.263+0000] {dag.py:3239} INFO - Sync 1 DAGs
[2024-12-23T19:35:59.295+0000] {logging_mixin.py:190} INFO - [2024-12-23T19:35:59.295+0000] {dag.py:4180} INFO - Setting next_dagrun for example_sla_dag to 2024-12-23 19:32:00+00:00, run_after=2024-12-23 19:34:00+00:00
[2024-12-23T19:35:59.329+0000] {processor.py:208} INFO - Processing /home/airflow/.local/lib/python3.12/site-packages/airflow/example_dags/example_sla_dag.py took 0.110 seconds
[2024-12-23T19:36:29.405+0000] {processor.py:186} INFO - Started process (PID=36589) to work on /home/airflow/.local/lib/python3.12/site-packages/airflow/example_dags/example_sla_dag.py
[2024-12-23T19:36:29.407+0000] {processor.py:914} INFO - Processing file /home/airflow/.local/lib/python3.12/site-packages/airflow/example_dags/example_sla_dag.py for tasks to queue
[2024-12-23T19:36:29.408+0000] {logging_mixin.py:190} INFO - [2024-12-23T19:36:29.407+0000] {dagbag.py:588} INFO - Filling up the DagBag from /home/airflow/.local/lib/python3.12/site-packages/airflow/example_dags/example_sla_dag.py
[2024-12-23T19:36:29.417+0000] {processor.py:925} INFO - DAG(s) 'example_sla_dag' retrieved from /home/airflow/.local/lib/python3.12/site-packages/airflow/example_dags/example_sla_dag.py
[2024-12-23T19:36:29.433+0000] {logging_mixin.py:190} INFO - [2024-12-23T19:36:29.433+0000] {dag.py:3239} INFO - Sync 1 DAGs
[2024-12-23T19:36:29.454+0000] {logging_mixin.py:190} INFO - [2024-12-23T19:36:29.454+0000] {dag.py:4180} INFO - Setting next_dagrun for example_sla_dag to 2024-12-23 19:34:00+00:00, run_after=2024-12-23 19:36:00+00:00
[2024-12-23T19:36:29.468+0000] {processor.py:208} INFO - Processing /home/airflow/.local/lib/python3.12/site-packages/airflow/example_dags/example_sla_dag.py took 0.068 seconds
[2024-12-23T19:36:59.835+0000] {processor.py:186} INFO - Started process (PID=36652) to work on /home/airflow/.local/lib/python3.12/site-packages/airflow/example_dags/example_sla_dag.py
[2024-12-23T19:36:59.837+0000] {processor.py:914} INFO - Processing file /home/airflow/.local/lib/python3.12/site-packages/airflow/example_dags/example_sla_dag.py for tasks to queue
[2024-12-23T19:36:59.840+0000] {logging_mixin.py:190} INFO - [2024-12-23T19:36:59.840+0000] {dagbag.py:588} INFO - Filling up the DagBag from /home/airflow/.local/lib/python3.12/site-packages/airflow/example_dags/example_sla_dag.py
[2024-12-23T19:36:59.855+0000] {processor.py:925} INFO - DAG(s) 'example_sla_dag' retrieved from /home/airflow/.local/lib/python3.12/site-packages/airflow/example_dags/example_sla_dag.py
[2024-12-23T19:36:59.879+0000] {logging_mixin.py:190} INFO - [2024-12-23T19:36:59.878+0000] {dag.py:3239} INFO - Sync 1 DAGs
[2024-12-23T19:37:00.080+0000] {logging_mixin.py:190} INFO - [2024-12-23T19:37:00.080+0000] {dag.py:4180} INFO - Setting next_dagrun for example_sla_dag to 2024-12-23 19:34:00+00:00, run_after=2024-12-23 19:36:00+00:00
[2024-12-23T19:37:00.101+0000] {processor.py:208} INFO - Processing /home/airflow/.local/lib/python3.12/site-packages/airflow/example_dags/example_sla_dag.py took 0.275 seconds
[2024-12-23T19:37:30.152+0000] {processor.py:186} INFO - Started process (PID=36715) to work on /home/airflow/.local/lib/python3.12/site-packages/airflow/example_dags/example_sla_dag.py
[2024-12-23T19:37:30.153+0000] {processor.py:914} INFO - Processing file /home/airflow/.local/lib/python3.12/site-packages/airflow/example_dags/example_sla_dag.py for tasks to queue
[2024-12-23T19:37:30.154+0000] {logging_mixin.py:190} INFO - [2024-12-23T19:37:30.154+0000] {dagbag.py:588} INFO - Filling up the DagBag from /home/airflow/.local/lib/python3.12/site-packages/airflow/example_dags/example_sla_dag.py
[2024-12-23T19:37:30.164+0000] {processor.py:925} INFO - DAG(s) 'example_sla_dag' retrieved from /home/airflow/.local/lib/python3.12/site-packages/airflow/example_dags/example_sla_dag.py
[2024-12-23T19:37:30.182+0000] {logging_mixin.py:190} INFO - [2024-12-23T19:37:30.182+0000] {dag.py:3239} INFO - Sync 1 DAGs
[2024-12-23T19:37:30.206+0000] {logging_mixin.py:190} INFO - [2024-12-23T19:37:30.206+0000] {dag.py:4180} INFO - Setting next_dagrun for example_sla_dag to 2024-12-23 19:34:00+00:00, run_after=2024-12-23 19:36:00+00:00
[2024-12-23T19:37:30.407+0000] {processor.py:208} INFO - Processing /home/airflow/.local/lib/python3.12/site-packages/airflow/example_dags/example_sla_dag.py took 0.259 seconds
[2024-12-23T19:38:00.498+0000] {processor.py:186} INFO - Started process (PID=36778) to work on /home/airflow/.local/lib/python3.12/site-packages/airflow/example_dags/example_sla_dag.py
[2024-12-23T19:38:00.499+0000] {processor.py:914} INFO - Processing file /home/airflow/.local/lib/python3.12/site-packages/airflow/example_dags/example_sla_dag.py for tasks to queue
[2024-12-23T19:38:00.500+0000] {logging_mixin.py:190} INFO - [2024-12-23T19:38:00.500+0000] {dagbag.py:588} INFO - Filling up the DagBag from /home/airflow/.local/lib/python3.12/site-packages/airflow/example_dags/example_sla_dag.py
[2024-12-23T19:38:00.510+0000] {processor.py:925} INFO - DAG(s) 'example_sla_dag' retrieved from /home/airflow/.local/lib/python3.12/site-packages/airflow/example_dags/example_sla_dag.py
[2024-12-23T19:38:00.536+0000] {logging_mixin.py:190} INFO - [2024-12-23T19:38:00.536+0000] {dag.py:3239} INFO - Sync 1 DAGs
[2024-12-23T19:38:00.559+0000] {logging_mixin.py:190} INFO - [2024-12-23T19:38:00.559+0000] {dag.py:4180} INFO - Setting next_dagrun for example_sla_dag to 2024-12-23 19:36:00+00:00, run_after=2024-12-23 19:38:00+00:00
[2024-12-23T19:38:00.576+0000] {processor.py:208} INFO - Processing /home/airflow/.local/lib/python3.12/site-packages/airflow/example_dags/example_sla_dag.py took 0.083 seconds
[2024-12-23T19:38:30.861+0000] {processor.py:186} INFO - Started process (PID=36841) to work on /home/airflow/.local/lib/python3.12/site-packages/airflow/example_dags/example_sla_dag.py
[2024-12-23T19:38:30.862+0000] {processor.py:914} INFO - Processing file /home/airflow/.local/lib/python3.12/site-packages/airflow/example_dags/example_sla_dag.py for tasks to queue
[2024-12-23T19:38:30.863+0000] {logging_mixin.py:190} INFO - [2024-12-23T19:38:30.863+0000] {dagbag.py:588} INFO - Filling up the DagBag from /home/airflow/.local/lib/python3.12/site-packages/airflow/example_dags/example_sla_dag.py
[2024-12-23T19:38:30.873+0000] {processor.py:925} INFO - DAG(s) 'example_sla_dag' retrieved from /home/airflow/.local/lib/python3.12/site-packages/airflow/example_dags/example_sla_dag.py
[2024-12-23T19:38:30.888+0000] {logging_mixin.py:190} INFO - [2024-12-23T19:38:30.888+0000] {dag.py:3239} INFO - Sync 1 DAGs
[2024-12-23T19:38:30.910+0000] {logging_mixin.py:190} INFO - [2024-12-23T19:38:30.909+0000] {dag.py:4180} INFO - Setting next_dagrun for example_sla_dag to 2024-12-23 19:36:00+00:00, run_after=2024-12-23 19:38:00+00:00
[2024-12-23T19:38:30.926+0000] {processor.py:208} INFO - Processing /home/airflow/.local/lib/python3.12/site-packages/airflow/example_dags/example_sla_dag.py took 0.071 seconds
[2024-12-23T19:39:01.457+0000] {processor.py:186} INFO - Started process (PID=36904) to work on /home/airflow/.local/lib/python3.12/site-packages/airflow/example_dags/example_sla_dag.py
[2024-12-23T19:39:01.458+0000] {processor.py:914} INFO - Processing file /home/airflow/.local/lib/python3.12/site-packages/airflow/example_dags/example_sla_dag.py for tasks to queue
[2024-12-23T19:39:01.460+0000] {logging_mixin.py:190} INFO - [2024-12-23T19:39:01.459+0000] {dagbag.py:588} INFO - Filling up the DagBag from /home/airflow/.local/lib/python3.12/site-packages/airflow/example_dags/example_sla_dag.py
[2024-12-23T19:39:01.469+0000] {processor.py:925} INFO - DAG(s) 'example_sla_dag' retrieved from /home/airflow/.local/lib/python3.12/site-packages/airflow/example_dags/example_sla_dag.py
[2024-12-23T19:39:01.484+0000] {logging_mixin.py:190} INFO - [2024-12-23T19:39:01.484+0000] {dag.py:3239} INFO - Sync 1 DAGs
[2024-12-23T19:39:01.505+0000] {logging_mixin.py:190} INFO - [2024-12-23T19:39:01.505+0000] {dag.py:4180} INFO - Setting next_dagrun for example_sla_dag to 2024-12-23 19:36:00+00:00, run_after=2024-12-23 19:38:00+00:00
[2024-12-23T19:39:01.520+0000] {processor.py:208} INFO - Processing /home/airflow/.local/lib/python3.12/site-packages/airflow/example_dags/example_sla_dag.py took 0.068 seconds
[2024-12-23T19:39:32.381+0000] {processor.py:186} INFO - Started process (PID=36966) to work on /home/airflow/.local/lib/python3.12/site-packages/airflow/example_dags/example_sla_dag.py
[2024-12-23T19:39:32.382+0000] {processor.py:914} INFO - Processing file /home/airflow/.local/lib/python3.12/site-packages/airflow/example_dags/example_sla_dag.py for tasks to queue
[2024-12-23T19:39:32.384+0000] {logging_mixin.py:190} INFO - [2024-12-23T19:39:32.383+0000] {dagbag.py:588} INFO - Filling up the DagBag from /home/airflow/.local/lib/python3.12/site-packages/airflow/example_dags/example_sla_dag.py
[2024-12-23T19:39:32.394+0000] {processor.py:925} INFO - DAG(s) 'example_sla_dag' retrieved from /home/airflow/.local/lib/python3.12/site-packages/airflow/example_dags/example_sla_dag.py
[2024-12-23T19:39:32.412+0000] {logging_mixin.py:190} INFO - [2024-12-23T19:39:32.411+0000] {dag.py:3239} INFO - Sync 1 DAGs
[2024-12-23T19:39:32.583+0000] {logging_mixin.py:190} INFO - [2024-12-23T19:39:32.583+0000] {dag.py:4180} INFO - Setting next_dagrun for example_sla_dag to 2024-12-23 19:36:00+00:00, run_after=2024-12-23 19:38:00+00:00
[2024-12-23T19:39:32.597+0000] {processor.py:208} INFO - Processing /home/airflow/.local/lib/python3.12/site-packages/airflow/example_dags/example_sla_dag.py took 0.222 seconds
[2024-12-23T19:40:02.645+0000] {processor.py:186} INFO - Started process (PID=37029) to work on /home/airflow/.local/lib/python3.12/site-packages/airflow/example_dags/example_sla_dag.py
[2024-12-23T19:40:02.645+0000] {processor.py:914} INFO - Processing file /home/airflow/.local/lib/python3.12/site-packages/airflow/example_dags/example_sla_dag.py for tasks to queue
[2024-12-23T19:40:02.647+0000] {logging_mixin.py:190} INFO - [2024-12-23T19:40:02.646+0000] {dagbag.py:588} INFO - Filling up the DagBag from /home/airflow/.local/lib/python3.12/site-packages/airflow/example_dags/example_sla_dag.py
[2024-12-23T19:40:02.656+0000] {processor.py:925} INFO - DAG(s) 'example_sla_dag' retrieved from /home/airflow/.local/lib/python3.12/site-packages/airflow/example_dags/example_sla_dag.py
[2024-12-23T19:40:02.673+0000] {logging_mixin.py:190} INFO - [2024-12-23T19:40:02.672+0000] {dag.py:3239} INFO - Sync 1 DAGs
[2024-12-23T19:40:02.695+0000] {logging_mixin.py:190} INFO - [2024-12-23T19:40:02.694+0000] {dag.py:4180} INFO - Setting next_dagrun for example_sla_dag to 2024-12-23 19:38:00+00:00, run_after=2024-12-23 19:40:00+00:00
[2024-12-23T19:40:02.709+0000] {processor.py:208} INFO - Processing /home/airflow/.local/lib/python3.12/site-packages/airflow/example_dags/example_sla_dag.py took 0.069 seconds
[2024-12-23T19:40:33.277+0000] {processor.py:186} INFO - Started process (PID=37092) to work on /home/airflow/.local/lib/python3.12/site-packages/airflow/example_dags/example_sla_dag.py
[2024-12-23T19:40:33.278+0000] {processor.py:914} INFO - Processing file /home/airflow/.local/lib/python3.12/site-packages/airflow/example_dags/example_sla_dag.py for tasks to queue
[2024-12-23T19:40:33.279+0000] {logging_mixin.py:190} INFO - [2024-12-23T19:40:33.279+0000] {dagbag.py:588} INFO - Filling up the DagBag from /home/airflow/.local/lib/python3.12/site-packages/airflow/example_dags/example_sla_dag.py
[2024-12-23T19:40:33.289+0000] {processor.py:925} INFO - DAG(s) 'example_sla_dag' retrieved from /home/airflow/.local/lib/python3.12/site-packages/airflow/example_dags/example_sla_dag.py
[2024-12-23T19:40:33.305+0000] {logging_mixin.py:190} INFO - [2024-12-23T19:40:33.305+0000] {dag.py:3239} INFO - Sync 1 DAGs
[2024-12-23T19:40:33.328+0000] {logging_mixin.py:190} INFO - [2024-12-23T19:40:33.328+0000] {dag.py:4180} INFO - Setting next_dagrun for example_sla_dag to 2024-12-23 19:38:00+00:00, run_after=2024-12-23 19:40:00+00:00
[2024-12-23T19:40:33.342+0000] {processor.py:208} INFO - Processing /home/airflow/.local/lib/python3.12/site-packages/airflow/example_dags/example_sla_dag.py took 0.071 seconds
[2024-12-23T19:41:03.685+0000] {processor.py:186} INFO - Started process (PID=37155) to work on /home/airflow/.local/lib/python3.12/site-packages/airflow/example_dags/example_sla_dag.py
[2024-12-23T19:41:03.687+0000] {processor.py:914} INFO - Processing file /home/airflow/.local/lib/python3.12/site-packages/airflow/example_dags/example_sla_dag.py for tasks to queue
[2024-12-23T19:41:03.688+0000] {logging_mixin.py:190} INFO - [2024-12-23T19:41:03.688+0000] {dagbag.py:588} INFO - Filling up the DagBag from /home/airflow/.local/lib/python3.12/site-packages/airflow/example_dags/example_sla_dag.py
[2024-12-23T19:41:03.697+0000] {processor.py:925} INFO - DAG(s) 'example_sla_dag' retrieved from /home/airflow/.local/lib/python3.12/site-packages/airflow/example_dags/example_sla_dag.py
[2024-12-23T19:41:03.714+0000] {logging_mixin.py:190} INFO - [2024-12-23T19:41:03.713+0000] {dag.py:3239} INFO - Sync 1 DAGs
[2024-12-23T19:41:03.735+0000] {logging_mixin.py:190} INFO - [2024-12-23T19:41:03.735+0000] {dag.py:4180} INFO - Setting next_dagrun for example_sla_dag to 2024-12-23 19:38:00+00:00, run_after=2024-12-23 19:40:00+00:00
[2024-12-23T19:41:03.751+0000] {processor.py:208} INFO - Processing /home/airflow/.local/lib/python3.12/site-packages/airflow/example_dags/example_sla_dag.py took 0.071 seconds
[2024-12-23T19:41:33.977+0000] {processor.py:186} INFO - Started process (PID=37218) to work on /home/airflow/.local/lib/python3.12/site-packages/airflow/example_dags/example_sla_dag.py
[2024-12-23T19:41:33.979+0000] {processor.py:914} INFO - Processing file /home/airflow/.local/lib/python3.12/site-packages/airflow/example_dags/example_sla_dag.py for tasks to queue
[2024-12-23T19:41:33.980+0000] {logging_mixin.py:190} INFO - [2024-12-23T19:41:33.979+0000] {dagbag.py:588} INFO - Filling up the DagBag from /home/airflow/.local/lib/python3.12/site-packages/airflow/example_dags/example_sla_dag.py
[2024-12-23T19:41:33.989+0000] {processor.py:925} INFO - DAG(s) 'example_sla_dag' retrieved from /home/airflow/.local/lib/python3.12/site-packages/airflow/example_dags/example_sla_dag.py
[2024-12-23T19:41:34.005+0000] {logging_mixin.py:190} INFO - [2024-12-23T19:41:34.005+0000] {dag.py:3239} INFO - Sync 1 DAGs
[2024-12-23T19:41:34.027+0000] {logging_mixin.py:190} INFO - [2024-12-23T19:41:34.027+0000] {dag.py:4180} INFO - Setting next_dagrun for example_sla_dag to 2024-12-23 19:38:00+00:00, run_after=2024-12-23 19:40:00+00:00
[2024-12-23T19:41:34.042+0000] {processor.py:208} INFO - Processing /home/airflow/.local/lib/python3.12/site-packages/airflow/example_dags/example_sla_dag.py took 0.070 seconds
[2024-12-23T19:42:04.968+0000] {processor.py:186} INFO - Started process (PID=37282) to work on /home/airflow/.local/lib/python3.12/site-packages/airflow/example_dags/example_sla_dag.py
[2024-12-23T19:42:04.969+0000] {processor.py:914} INFO - Processing file /home/airflow/.local/lib/python3.12/site-packages/airflow/example_dags/example_sla_dag.py for tasks to queue
[2024-12-23T19:42:04.970+0000] {logging_mixin.py:190} INFO - [2024-12-23T19:42:04.970+0000] {dagbag.py:588} INFO - Filling up the DagBag from /home/airflow/.local/lib/python3.12/site-packages/airflow/example_dags/example_sla_dag.py
[2024-12-23T19:42:04.981+0000] {processor.py:925} INFO - DAG(s) 'example_sla_dag' retrieved from /home/airflow/.local/lib/python3.12/site-packages/airflow/example_dags/example_sla_dag.py
[2024-12-23T19:42:04.998+0000] {logging_mixin.py:190} INFO - [2024-12-23T19:42:04.998+0000] {dag.py:3239} INFO - Sync 1 DAGs
[2024-12-23T19:42:05.019+0000] {logging_mixin.py:190} INFO - [2024-12-23T19:42:05.019+0000] {dag.py:4180} INFO - Setting next_dagrun for example_sla_dag to 2024-12-23 19:40:00+00:00, run_after=2024-12-23 19:42:00+00:00
[2024-12-23T19:42:05.035+0000] {processor.py:208} INFO - Processing /home/airflow/.local/lib/python3.12/site-packages/airflow/example_dags/example_sla_dag.py took 0.073 seconds
[2024-12-23T19:42:35.935+0000] {processor.py:186} INFO - Started process (PID=37345) to work on /home/airflow/.local/lib/python3.12/site-packages/airflow/example_dags/example_sla_dag.py
[2024-12-23T19:42:35.936+0000] {processor.py:914} INFO - Processing file /home/airflow/.local/lib/python3.12/site-packages/airflow/example_dags/example_sla_dag.py for tasks to queue
[2024-12-23T19:42:35.937+0000] {logging_mixin.py:190} INFO - [2024-12-23T19:42:35.937+0000] {dagbag.py:588} INFO - Filling up the DagBag from /home/airflow/.local/lib/python3.12/site-packages/airflow/example_dags/example_sla_dag.py
[2024-12-23T19:42:35.946+0000] {processor.py:925} INFO - DAG(s) 'example_sla_dag' retrieved from /home/airflow/.local/lib/python3.12/site-packages/airflow/example_dags/example_sla_dag.py
[2024-12-23T19:42:35.963+0000] {logging_mixin.py:190} INFO - [2024-12-23T19:42:35.963+0000] {dag.py:3239} INFO - Sync 1 DAGs
[2024-12-23T19:42:35.984+0000] {logging_mixin.py:190} INFO - [2024-12-23T19:42:35.984+0000] {dag.py:4180} INFO - Setting next_dagrun for example_sla_dag to 2024-12-23 19:40:00+00:00, run_after=2024-12-23 19:42:00+00:00
[2024-12-23T19:42:35.998+0000] {processor.py:208} INFO - Processing /home/airflow/.local/lib/python3.12/site-packages/airflow/example_dags/example_sla_dag.py took 0.069 seconds
[2024-12-23T19:43:06.888+0000] {processor.py:186} INFO - Started process (PID=37408) to work on /home/airflow/.local/lib/python3.12/site-packages/airflow/example_dags/example_sla_dag.py
[2024-12-23T19:43:06.890+0000] {processor.py:914} INFO - Processing file /home/airflow/.local/lib/python3.12/site-packages/airflow/example_dags/example_sla_dag.py for tasks to queue
[2024-12-23T19:43:06.891+0000] {logging_mixin.py:190} INFO - [2024-12-23T19:43:06.891+0000] {dagbag.py:588} INFO - Filling up the DagBag from /home/airflow/.local/lib/python3.12/site-packages/airflow/example_dags/example_sla_dag.py
[2024-12-23T19:43:06.903+0000] {processor.py:925} INFO - DAG(s) 'example_sla_dag' retrieved from /home/airflow/.local/lib/python3.12/site-packages/airflow/example_dags/example_sla_dag.py
[2024-12-23T19:43:06.923+0000] {logging_mixin.py:190} INFO - [2024-12-23T19:43:06.923+0000] {dag.py:3239} INFO - Sync 1 DAGs
[2024-12-23T19:43:06.947+0000] {logging_mixin.py:190} INFO - [2024-12-23T19:43:06.947+0000] {dag.py:4180} INFO - Setting next_dagrun for example_sla_dag to 2024-12-23 19:40:00+00:00, run_after=2024-12-23 19:42:00+00:00
[2024-12-23T19:43:06.967+0000] {processor.py:208} INFO - Processing /home/airflow/.local/lib/python3.12/site-packages/airflow/example_dags/example_sla_dag.py took 0.085 seconds
[2024-12-23T19:43:37.024+0000] {processor.py:186} INFO - Started process (PID=37471) to work on /home/airflow/.local/lib/python3.12/site-packages/airflow/example_dags/example_sla_dag.py
[2024-12-23T19:43:37.025+0000] {processor.py:914} INFO - Processing file /home/airflow/.local/lib/python3.12/site-packages/airflow/example_dags/example_sla_dag.py for tasks to queue
[2024-12-23T19:43:37.026+0000] {logging_mixin.py:190} INFO - [2024-12-23T19:43:37.026+0000] {dagbag.py:588} INFO - Filling up the DagBag from /home/airflow/.local/lib/python3.12/site-packages/airflow/example_dags/example_sla_dag.py
[2024-12-23T19:43:37.036+0000] {processor.py:925} INFO - DAG(s) 'example_sla_dag' retrieved from /home/airflow/.local/lib/python3.12/site-packages/airflow/example_dags/example_sla_dag.py
[2024-12-23T19:43:37.052+0000] {logging_mixin.py:190} INFO - [2024-12-23T19:43:37.052+0000] {dag.py:3239} INFO - Sync 1 DAGs
[2024-12-23T19:43:37.073+0000] {logging_mixin.py:190} INFO - [2024-12-23T19:43:37.073+0000] {dag.py:4180} INFO - Setting next_dagrun for example_sla_dag to 2024-12-23 19:40:00+00:00, run_after=2024-12-23 19:42:00+00:00
[2024-12-23T19:43:37.087+0000] {processor.py:208} INFO - Processing /home/airflow/.local/lib/python3.12/site-packages/airflow/example_dags/example_sla_dag.py took 0.069 seconds
[2024-12-23T19:44:07.923+0000] {processor.py:186} INFO - Started process (PID=37534) to work on /home/airflow/.local/lib/python3.12/site-packages/airflow/example_dags/example_sla_dag.py
[2024-12-23T19:44:07.924+0000] {processor.py:914} INFO - Processing file /home/airflow/.local/lib/python3.12/site-packages/airflow/example_dags/example_sla_dag.py for tasks to queue
[2024-12-23T19:44:07.925+0000] {logging_mixin.py:190} INFO - [2024-12-23T19:44:07.925+0000] {dagbag.py:588} INFO - Filling up the DagBag from /home/airflow/.local/lib/python3.12/site-packages/airflow/example_dags/example_sla_dag.py
[2024-12-23T19:44:07.935+0000] {processor.py:925} INFO - DAG(s) 'example_sla_dag' retrieved from /home/airflow/.local/lib/python3.12/site-packages/airflow/example_dags/example_sla_dag.py
[2024-12-23T19:44:07.956+0000] {logging_mixin.py:190} INFO - [2024-12-23T19:44:07.956+0000] {dag.py:3239} INFO - Sync 1 DAGs
[2024-12-23T19:44:07.980+0000] {logging_mixin.py:190} INFO - [2024-12-23T19:44:07.980+0000] {dag.py:4180} INFO - Setting next_dagrun for example_sla_dag to 2024-12-23 19:42:00+00:00, run_after=2024-12-23 19:44:00+00:00
[2024-12-23T19:44:07.996+0000] {processor.py:208} INFO - Processing /home/airflow/.local/lib/python3.12/site-packages/airflow/example_dags/example_sla_dag.py took 0.078 seconds
[2024-12-23T19:44:38.695+0000] {processor.py:186} INFO - Started process (PID=37603) to work on /home/airflow/.local/lib/python3.12/site-packages/airflow/example_dags/example_sla_dag.py
[2024-12-23T19:44:38.696+0000] {processor.py:914} INFO - Processing file /home/airflow/.local/lib/python3.12/site-packages/airflow/example_dags/example_sla_dag.py for tasks to queue
[2024-12-23T19:44:38.697+0000] {logging_mixin.py:190} INFO - [2024-12-23T19:44:38.697+0000] {dagbag.py:588} INFO - Filling up the DagBag from /home/airflow/.local/lib/python3.12/site-packages/airflow/example_dags/example_sla_dag.py
[2024-12-23T19:44:38.709+0000] {processor.py:925} INFO - DAG(s) 'example_sla_dag' retrieved from /home/airflow/.local/lib/python3.12/site-packages/airflow/example_dags/example_sla_dag.py
[2024-12-23T19:44:38.725+0000] {logging_mixin.py:190} INFO - [2024-12-23T19:44:38.725+0000] {dag.py:3239} INFO - Sync 1 DAGs
[2024-12-23T19:44:38.748+0000] {logging_mixin.py:190} INFO - [2024-12-23T19:44:38.748+0000] {dag.py:4180} INFO - Setting next_dagrun for example_sla_dag to 2024-12-23 19:42:00+00:00, run_after=2024-12-23 19:44:00+00:00
[2024-12-23T19:44:38.762+0000] {processor.py:208} INFO - Processing /home/airflow/.local/lib/python3.12/site-packages/airflow/example_dags/example_sla_dag.py took 0.072 seconds
[2024-12-23T19:45:08.800+0000] {processor.py:186} INFO - Started process (PID=37666) to work on /home/airflow/.local/lib/python3.12/site-packages/airflow/example_dags/example_sla_dag.py
[2024-12-23T19:45:08.801+0000] {processor.py:914} INFO - Processing file /home/airflow/.local/lib/python3.12/site-packages/airflow/example_dags/example_sla_dag.py for tasks to queue
[2024-12-23T19:45:08.802+0000] {logging_mixin.py:190} INFO - [2024-12-23T19:45:08.802+0000] {dagbag.py:588} INFO - Filling up the DagBag from /home/airflow/.local/lib/python3.12/site-packages/airflow/example_dags/example_sla_dag.py
[2024-12-23T19:45:08.811+0000] {processor.py:925} INFO - DAG(s) 'example_sla_dag' retrieved from /home/airflow/.local/lib/python3.12/site-packages/airflow/example_dags/example_sla_dag.py
[2024-12-23T19:45:08.829+0000] {logging_mixin.py:190} INFO - [2024-12-23T19:45:08.828+0000] {dag.py:3239} INFO - Sync 1 DAGs
[2024-12-23T19:45:08.850+0000] {logging_mixin.py:190} INFO - [2024-12-23T19:45:08.850+0000] {dag.py:4180} INFO - Setting next_dagrun for example_sla_dag to 2024-12-23 19:42:00+00:00, run_after=2024-12-23 19:44:00+00:00
[2024-12-23T19:45:08.867+0000] {processor.py:208} INFO - Processing /home/airflow/.local/lib/python3.12/site-packages/airflow/example_dags/example_sla_dag.py took 0.072 seconds
[2024-12-23T19:45:39.313+0000] {processor.py:186} INFO - Started process (PID=37729) to work on /home/airflow/.local/lib/python3.12/site-packages/airflow/example_dags/example_sla_dag.py
[2024-12-23T19:45:39.314+0000] {processor.py:914} INFO - Processing file /home/airflow/.local/lib/python3.12/site-packages/airflow/example_dags/example_sla_dag.py for tasks to queue
[2024-12-23T19:45:39.315+0000] {logging_mixin.py:190} INFO - [2024-12-23T19:45:39.315+0000] {dagbag.py:588} INFO - Filling up the DagBag from /home/airflow/.local/lib/python3.12/site-packages/airflow/example_dags/example_sla_dag.py
[2024-12-23T19:45:39.325+0000] {processor.py:925} INFO - DAG(s) 'example_sla_dag' retrieved from /home/airflow/.local/lib/python3.12/site-packages/airflow/example_dags/example_sla_dag.py
[2024-12-23T19:45:39.340+0000] {logging_mixin.py:190} INFO - [2024-12-23T19:45:39.340+0000] {dag.py:3239} INFO - Sync 1 DAGs
[2024-12-23T19:45:39.366+0000] {logging_mixin.py:190} INFO - [2024-12-23T19:45:39.365+0000] {dag.py:4180} INFO - Setting next_dagrun for example_sla_dag to 2024-12-23 19:42:00+00:00, run_after=2024-12-23 19:44:00+00:00
[2024-12-23T19:45:39.381+0000] {processor.py:208} INFO - Processing /home/airflow/.local/lib/python3.12/site-packages/airflow/example_dags/example_sla_dag.py took 0.073 seconds
[2024-12-23T19:46:09.816+0000] {processor.py:186} INFO - Started process (PID=37792) to work on /home/airflow/.local/lib/python3.12/site-packages/airflow/example_dags/example_sla_dag.py
[2024-12-23T19:46:09.817+0000] {processor.py:914} INFO - Processing file /home/airflow/.local/lib/python3.12/site-packages/airflow/example_dags/example_sla_dag.py for tasks to queue
[2024-12-23T19:46:09.818+0000] {logging_mixin.py:190} INFO - [2024-12-23T19:46:09.818+0000] {dagbag.py:588} INFO - Filling up the DagBag from /home/airflow/.local/lib/python3.12/site-packages/airflow/example_dags/example_sla_dag.py
[2024-12-23T19:46:09.828+0000] {processor.py:925} INFO - DAG(s) 'example_sla_dag' retrieved from /home/airflow/.local/lib/python3.12/site-packages/airflow/example_dags/example_sla_dag.py
[2024-12-23T19:46:09.845+0000] {logging_mixin.py:190} INFO - [2024-12-23T19:46:09.844+0000] {dag.py:3239} INFO - Sync 1 DAGs
[2024-12-23T19:46:09.869+0000] {logging_mixin.py:190} INFO - [2024-12-23T19:46:09.869+0000] {dag.py:4180} INFO - Setting next_dagrun for example_sla_dag to 2024-12-23 19:44:00+00:00, run_after=2024-12-23 19:46:00+00:00
[2024-12-23T19:46:09.891+0000] {processor.py:208} INFO - Processing /home/airflow/.local/lib/python3.12/site-packages/airflow/example_dags/example_sla_dag.py took 0.079 seconds
[2024-12-23T19:48:12.189+0000] {processor.py:186} INFO - Started process (PID=45) to work on /home/airflow/.local/lib/python3.12/site-packages/airflow/example_dags/example_sla_dag.py
[2024-12-23T19:48:12.190+0000] {processor.py:914} INFO - Processing file /home/airflow/.local/lib/python3.12/site-packages/airflow/example_dags/example_sla_dag.py for tasks to queue
[2024-12-23T19:48:12.193+0000] {logging_mixin.py:190} INFO - [2024-12-23T19:48:12.192+0000] {dagbag.py:588} INFO - Filling up the DagBag from /home/airflow/.local/lib/python3.12/site-packages/airflow/example_dags/example_sla_dag.py
[2024-12-23T19:48:12.208+0000] {processor.py:925} INFO - DAG(s) 'example_sla_dag' retrieved from /home/airflow/.local/lib/python3.12/site-packages/airflow/example_dags/example_sla_dag.py
[2024-12-23T19:48:12.244+0000] {logging_mixin.py:190} INFO - [2024-12-23T19:48:12.244+0000] {dag.py:3239} INFO - Sync 1 DAGs
[2024-12-23T19:48:12.298+0000] {logging_mixin.py:190} INFO - [2024-12-23T19:48:12.298+0000] {dag.py:4180} INFO - Setting next_dagrun for example_sla_dag to 2024-12-23 19:46:00+00:00, run_after=2024-12-23 19:48:00+00:00
[2024-12-23T19:48:12.687+0000] {processor.py:208} INFO - Processing /home/airflow/.local/lib/python3.12/site-packages/airflow/example_dags/example_sla_dag.py took 0.503 seconds
[2024-12-23T19:48:42.943+0000] {processor.py:186} INFO - Started process (PID=107) to work on /home/airflow/.local/lib/python3.12/site-packages/airflow/example_dags/example_sla_dag.py
[2024-12-23T19:48:42.944+0000] {processor.py:914} INFO - Processing file /home/airflow/.local/lib/python3.12/site-packages/airflow/example_dags/example_sla_dag.py for tasks to queue
[2024-12-23T19:48:42.947+0000] {logging_mixin.py:190} INFO - [2024-12-23T19:48:42.946+0000] {dagbag.py:588} INFO - Filling up the DagBag from /home/airflow/.local/lib/python3.12/site-packages/airflow/example_dags/example_sla_dag.py
[2024-12-23T19:48:42.960+0000] {processor.py:925} INFO - DAG(s) 'example_sla_dag' retrieved from /home/airflow/.local/lib/python3.12/site-packages/airflow/example_dags/example_sla_dag.py
[2024-12-23T19:48:42.980+0000] {logging_mixin.py:190} INFO - [2024-12-23T19:48:42.980+0000] {dag.py:3239} INFO - Sync 1 DAGs
[2024-12-23T19:48:43.006+0000] {logging_mixin.py:190} INFO - [2024-12-23T19:48:43.006+0000] {dag.py:4180} INFO - Setting next_dagrun for example_sla_dag to 2024-12-23 19:46:00+00:00, run_after=2024-12-23 19:48:00+00:00
[2024-12-23T19:48:43.024+0000] {processor.py:208} INFO - Processing /home/airflow/.local/lib/python3.12/site-packages/airflow/example_dags/example_sla_dag.py took 0.087 seconds
[2024-12-23T19:49:14.562+0000] {processor.py:186} INFO - Started process (PID=170) to work on /home/airflow/.local/lib/python3.12/site-packages/airflow/example_dags/example_sla_dag.py
[2024-12-23T19:49:14.563+0000] {processor.py:914} INFO - Processing file /home/airflow/.local/lib/python3.12/site-packages/airflow/example_dags/example_sla_dag.py for tasks to queue
[2024-12-23T19:49:14.566+0000] {logging_mixin.py:190} INFO - [2024-12-23T19:49:14.566+0000] {dagbag.py:588} INFO - Filling up the DagBag from /home/airflow/.local/lib/python3.12/site-packages/airflow/example_dags/example_sla_dag.py
[2024-12-23T19:49:14.581+0000] {processor.py:925} INFO - DAG(s) 'example_sla_dag' retrieved from /home/airflow/.local/lib/python3.12/site-packages/airflow/example_dags/example_sla_dag.py
[2024-12-23T19:49:14.685+0000] {logging_mixin.py:190} INFO - [2024-12-23T19:49:14.685+0000] {dag.py:3239} INFO - Sync 1 DAGs
[2024-12-23T19:49:14.728+0000] {logging_mixin.py:190} INFO - [2024-12-23T19:49:14.728+0000] {dag.py:4180} INFO - Setting next_dagrun for example_sla_dag to 2024-12-23 19:46:00+00:00, run_after=2024-12-23 19:48:00+00:00
[2024-12-23T19:49:14.748+0000] {processor.py:208} INFO - Processing /home/airflow/.local/lib/python3.12/site-packages/airflow/example_dags/example_sla_dag.py took 0.195 seconds
[2024-12-23T19:49:45.600+0000] {processor.py:186} INFO - Started process (PID=233) to work on /home/airflow/.local/lib/python3.12/site-packages/airflow/example_dags/example_sla_dag.py
[2024-12-23T19:49:45.601+0000] {processor.py:914} INFO - Processing file /home/airflow/.local/lib/python3.12/site-packages/airflow/example_dags/example_sla_dag.py for tasks to queue
[2024-12-23T19:49:45.604+0000] {logging_mixin.py:190} INFO - [2024-12-23T19:49:45.604+0000] {dagbag.py:588} INFO - Filling up the DagBag from /home/airflow/.local/lib/python3.12/site-packages/airflow/example_dags/example_sla_dag.py
[2024-12-23T19:49:45.617+0000] {processor.py:925} INFO - DAG(s) 'example_sla_dag' retrieved from /home/airflow/.local/lib/python3.12/site-packages/airflow/example_dags/example_sla_dag.py
[2024-12-23T19:49:45.633+0000] {logging_mixin.py:190} INFO - [2024-12-23T19:49:45.633+0000] {dag.py:3239} INFO - Sync 1 DAGs
[2024-12-23T19:49:45.660+0000] {logging_mixin.py:190} INFO - [2024-12-23T19:49:45.660+0000] {dag.py:4180} INFO - Setting next_dagrun for example_sla_dag to 2024-12-23 19:46:00+00:00, run_after=2024-12-23 19:48:00+00:00
[2024-12-23T19:49:45.679+0000] {processor.py:208} INFO - Processing /home/airflow/.local/lib/python3.12/site-packages/airflow/example_dags/example_sla_dag.py took 0.084 seconds
[2024-12-23T19:50:16.264+0000] {processor.py:186} INFO - Started process (PID=296) to work on /home/airflow/.local/lib/python3.12/site-packages/airflow/example_dags/example_sla_dag.py
[2024-12-23T19:50:16.266+0000] {processor.py:914} INFO - Processing file /home/airflow/.local/lib/python3.12/site-packages/airflow/example_dags/example_sla_dag.py for tasks to queue
[2024-12-23T19:50:16.269+0000] {logging_mixin.py:190} INFO - [2024-12-23T19:50:16.269+0000] {dagbag.py:588} INFO - Filling up the DagBag from /home/airflow/.local/lib/python3.12/site-packages/airflow/example_dags/example_sla_dag.py
[2024-12-23T19:50:16.288+0000] {processor.py:925} INFO - DAG(s) 'example_sla_dag' retrieved from /home/airflow/.local/lib/python3.12/site-packages/airflow/example_dags/example_sla_dag.py
[2024-12-23T19:50:16.308+0000] {logging_mixin.py:190} INFO - [2024-12-23T19:50:16.308+0000] {dag.py:3239} INFO - Sync 1 DAGs
[2024-12-23T19:50:16.336+0000] {logging_mixin.py:190} INFO - [2024-12-23T19:50:16.336+0000] {dag.py:4180} INFO - Setting next_dagrun for example_sla_dag to 2024-12-23 19:48:00+00:00, run_after=2024-12-23 19:50:00+00:00
[2024-12-23T19:50:16.360+0000] {processor.py:208} INFO - Processing /home/airflow/.local/lib/python3.12/site-packages/airflow/example_dags/example_sla_dag.py took 0.103 seconds
[2024-12-23T19:50:46.908+0000] {processor.py:186} INFO - Started process (PID=365) to work on /home/airflow/.local/lib/python3.12/site-packages/airflow/example_dags/example_sla_dag.py
[2024-12-23T19:50:46.910+0000] {processor.py:914} INFO - Processing file /home/airflow/.local/lib/python3.12/site-packages/airflow/example_dags/example_sla_dag.py for tasks to queue
[2024-12-23T19:50:46.913+0000] {logging_mixin.py:190} INFO - [2024-12-23T19:50:46.913+0000] {dagbag.py:588} INFO - Filling up the DagBag from /home/airflow/.local/lib/python3.12/site-packages/airflow/example_dags/example_sla_dag.py
[2024-12-23T19:50:46.934+0000] {processor.py:925} INFO - DAG(s) 'example_sla_dag' retrieved from /home/airflow/.local/lib/python3.12/site-packages/airflow/example_dags/example_sla_dag.py
[2024-12-23T19:50:46.967+0000] {logging_mixin.py:190} INFO - [2024-12-23T19:50:46.967+0000] {dag.py:3239} INFO - Sync 1 DAGs
[2024-12-23T19:50:46.999+0000] {logging_mixin.py:190} INFO - [2024-12-23T19:50:46.999+0000] {dag.py:4180} INFO - Setting next_dagrun for example_sla_dag to 2024-12-23 19:48:00+00:00, run_after=2024-12-23 19:50:00+00:00
[2024-12-23T19:50:47.024+0000] {processor.py:208} INFO - Processing /home/airflow/.local/lib/python3.12/site-packages/airflow/example_dags/example_sla_dag.py took 0.125 seconds
[2024-12-23T19:51:19.767+0000] {processor.py:186} INFO - Started process (PID=429) to work on /home/airflow/.local/lib/python3.12/site-packages/airflow/example_dags/example_sla_dag.py
[2024-12-23T19:51:19.772+0000] {processor.py:914} INFO - Processing file /home/airflow/.local/lib/python3.12/site-packages/airflow/example_dags/example_sla_dag.py for tasks to queue
[2024-12-23T19:51:19.780+0000] {logging_mixin.py:190} INFO - [2024-12-23T19:51:19.780+0000] {dagbag.py:588} INFO - Filling up the DagBag from /home/airflow/.local/lib/python3.12/site-packages/airflow/example_dags/example_sla_dag.py
[2024-12-23T19:51:19.838+0000] {processor.py:925} INFO - DAG(s) 'example_sla_dag' retrieved from /home/airflow/.local/lib/python3.12/site-packages/airflow/example_dags/example_sla_dag.py
[2024-12-23T19:51:19.928+0000] {logging_mixin.py:190} INFO - [2024-12-23T19:51:19.927+0000] {dag.py:3239} INFO - Sync 1 DAGs
[2024-12-23T19:51:20.413+0000] {logging_mixin.py:190} INFO - [2024-12-23T19:51:20.412+0000] {dag.py:4180} INFO - Setting next_dagrun for example_sla_dag to 2024-12-23 19:48:00+00:00, run_after=2024-12-23 19:50:00+00:00
[2024-12-23T19:51:20.503+0000] {processor.py:208} INFO - Processing /home/airflow/.local/lib/python3.12/site-packages/airflow/example_dags/example_sla_dag.py took 0.743 seconds
[2024-12-23T19:51:53.781+0000] {processor.py:186} INFO - Started process (PID=493) to work on /home/airflow/.local/lib/python3.12/site-packages/airflow/example_dags/example_sla_dag.py
[2024-12-23T19:51:53.783+0000] {processor.py:914} INFO - Processing file /home/airflow/.local/lib/python3.12/site-packages/airflow/example_dags/example_sla_dag.py for tasks to queue
[2024-12-23T19:51:53.785+0000] {logging_mixin.py:190} INFO - [2024-12-23T19:51:53.785+0000] {dagbag.py:588} INFO - Filling up the DagBag from /home/airflow/.local/lib/python3.12/site-packages/airflow/example_dags/example_sla_dag.py
[2024-12-23T19:51:53.794+0000] {processor.py:925} INFO - DAG(s) 'example_sla_dag' retrieved from /home/airflow/.local/lib/python3.12/site-packages/airflow/example_dags/example_sla_dag.py
[2024-12-23T19:51:53.819+0000] {logging_mixin.py:190} INFO - [2024-12-23T19:51:53.819+0000] {dag.py:3239} INFO - Sync 1 DAGs
[2024-12-23T19:51:53.876+0000] {logging_mixin.py:190} INFO - [2024-12-23T19:51:53.876+0000] {dag.py:4180} INFO - Setting next_dagrun for example_sla_dag to 2024-12-23 19:48:00+00:00, run_after=2024-12-23 19:50:00+00:00
[2024-12-23T19:51:53.895+0000] {processor.py:208} INFO - Processing /home/airflow/.local/lib/python3.12/site-packages/airflow/example_dags/example_sla_dag.py took 0.121 seconds
[2024-12-23T19:52:25.647+0000] {processor.py:186} INFO - Started process (PID=508) to work on /home/airflow/.local/lib/python3.12/site-packages/airflow/example_dags/example_sla_dag.py
[2024-12-23T19:52:25.648+0000] {processor.py:914} INFO - Processing file /home/airflow/.local/lib/python3.12/site-packages/airflow/example_dags/example_sla_dag.py for tasks to queue
[2024-12-23T19:52:25.651+0000] {logging_mixin.py:190} INFO - [2024-12-23T19:52:25.651+0000] {dagbag.py:588} INFO - Filling up the DagBag from /home/airflow/.local/lib/python3.12/site-packages/airflow/example_dags/example_sla_dag.py
[2024-12-23T19:52:25.665+0000] {processor.py:925} INFO - DAG(s) 'example_sla_dag' retrieved from /home/airflow/.local/lib/python3.12/site-packages/airflow/example_dags/example_sla_dag.py
[2024-12-23T19:52:25.687+0000] {logging_mixin.py:190} INFO - [2024-12-23T19:52:25.687+0000] {dag.py:3239} INFO - Sync 1 DAGs
[2024-12-23T19:52:25.714+0000] {logging_mixin.py:190} INFO - [2024-12-23T19:52:25.714+0000] {dag.py:4180} INFO - Setting next_dagrun for example_sla_dag to 2024-12-23 19:50:00+00:00, run_after=2024-12-23 19:52:00+00:00
[2024-12-23T19:52:25.737+0000] {processor.py:208} INFO - Processing /home/airflow/.local/lib/python3.12/site-packages/airflow/example_dags/example_sla_dag.py took 0.096 seconds
[2024-12-23T19:52:57.268+0000] {processor.py:186} INFO - Started process (PID=570) to work on /home/airflow/.local/lib/python3.12/site-packages/airflow/example_dags/example_sla_dag.py
[2024-12-23T19:52:57.270+0000] {processor.py:914} INFO - Processing file /home/airflow/.local/lib/python3.12/site-packages/airflow/example_dags/example_sla_dag.py for tasks to queue
[2024-12-23T19:52:57.272+0000] {logging_mixin.py:190} INFO - [2024-12-23T19:52:57.272+0000] {dagbag.py:588} INFO - Filling up the DagBag from /home/airflow/.local/lib/python3.12/site-packages/airflow/example_dags/example_sla_dag.py
[2024-12-23T19:52:57.285+0000] {processor.py:925} INFO - DAG(s) 'example_sla_dag' retrieved from /home/airflow/.local/lib/python3.12/site-packages/airflow/example_dags/example_sla_dag.py
[2024-12-23T19:52:57.304+0000] {logging_mixin.py:190} INFO - [2024-12-23T19:52:57.304+0000] {dag.py:3239} INFO - Sync 1 DAGs
[2024-12-23T19:52:57.330+0000] {logging_mixin.py:190} INFO - [2024-12-23T19:52:57.330+0000] {dag.py:4180} INFO - Setting next_dagrun for example_sla_dag to 2024-12-23 19:50:00+00:00, run_after=2024-12-23 19:52:00+00:00
[2024-12-23T19:52:57.351+0000] {processor.py:208} INFO - Processing /home/airflow/.local/lib/python3.12/site-packages/airflow/example_dags/example_sla_dag.py took 0.089 seconds
[2024-12-23T19:53:28.165+0000] {processor.py:186} INFO - Started process (PID=632) to work on /home/airflow/.local/lib/python3.12/site-packages/airflow/example_dags/example_sla_dag.py
[2024-12-23T19:53:28.166+0000] {processor.py:914} INFO - Processing file /home/airflow/.local/lib/python3.12/site-packages/airflow/example_dags/example_sla_dag.py for tasks to queue
[2024-12-23T19:53:28.168+0000] {logging_mixin.py:190} INFO - [2024-12-23T19:53:28.168+0000] {dagbag.py:588} INFO - Filling up the DagBag from /home/airflow/.local/lib/python3.12/site-packages/airflow/example_dags/example_sla_dag.py
[2024-12-23T19:53:28.178+0000] {processor.py:925} INFO - DAG(s) 'example_sla_dag' retrieved from /home/airflow/.local/lib/python3.12/site-packages/airflow/example_dags/example_sla_dag.py
[2024-12-23T19:53:28.196+0000] {logging_mixin.py:190} INFO - [2024-12-23T19:53:28.195+0000] {dag.py:3239} INFO - Sync 1 DAGs
[2024-12-23T19:53:28.222+0000] {logging_mixin.py:190} INFO - [2024-12-23T19:53:28.222+0000] {dag.py:4180} INFO - Setting next_dagrun for example_sla_dag to 2024-12-23 19:50:00+00:00, run_after=2024-12-23 19:52:00+00:00
[2024-12-23T19:53:28.240+0000] {processor.py:208} INFO - Processing /home/airflow/.local/lib/python3.12/site-packages/airflow/example_dags/example_sla_dag.py took 0.081 seconds
[2024-12-23T19:53:58.574+0000] {processor.py:186} INFO - Started process (PID=694) to work on /home/airflow/.local/lib/python3.12/site-packages/airflow/example_dags/example_sla_dag.py
[2024-12-23T19:53:58.575+0000] {processor.py:914} INFO - Processing file /home/airflow/.local/lib/python3.12/site-packages/airflow/example_dags/example_sla_dag.py for tasks to queue
[2024-12-23T19:53:58.578+0000] {logging_mixin.py:190} INFO - [2024-12-23T19:53:58.577+0000] {dagbag.py:588} INFO - Filling up the DagBag from /home/airflow/.local/lib/python3.12/site-packages/airflow/example_dags/example_sla_dag.py
[2024-12-23T19:53:58.588+0000] {processor.py:925} INFO - DAG(s) 'example_sla_dag' retrieved from /home/airflow/.local/lib/python3.12/site-packages/airflow/example_dags/example_sla_dag.py
[2024-12-23T19:53:58.607+0000] {logging_mixin.py:190} INFO - [2024-12-23T19:53:58.606+0000] {dag.py:3239} INFO - Sync 1 DAGs
[2024-12-23T19:53:58.629+0000] {logging_mixin.py:190} INFO - [2024-12-23T19:53:58.629+0000] {dag.py:4180} INFO - Setting next_dagrun for example_sla_dag to 2024-12-23 19:50:00+00:00, run_after=2024-12-23 19:52:00+00:00
[2024-12-23T19:53:58.646+0000] {processor.py:208} INFO - Processing /home/airflow/.local/lib/python3.12/site-packages/airflow/example_dags/example_sla_dag.py took 0.077 seconds
[2024-12-23T19:54:28.905+0000] {processor.py:186} INFO - Started process (PID=757) to work on /home/airflow/.local/lib/python3.12/site-packages/airflow/example_dags/example_sla_dag.py
[2024-12-23T19:54:28.906+0000] {processor.py:914} INFO - Processing file /home/airflow/.local/lib/python3.12/site-packages/airflow/example_dags/example_sla_dag.py for tasks to queue
[2024-12-23T19:54:28.908+0000] {logging_mixin.py:190} INFO - [2024-12-23T19:54:28.908+0000] {dagbag.py:588} INFO - Filling up the DagBag from /home/airflow/.local/lib/python3.12/site-packages/airflow/example_dags/example_sla_dag.py
[2024-12-23T19:54:28.918+0000] {processor.py:925} INFO - DAG(s) 'example_sla_dag' retrieved from /home/airflow/.local/lib/python3.12/site-packages/airflow/example_dags/example_sla_dag.py
[2024-12-23T19:54:28.933+0000] {logging_mixin.py:190} INFO - [2024-12-23T19:54:28.933+0000] {dag.py:3239} INFO - Sync 1 DAGs
[2024-12-23T19:54:28.953+0000] {logging_mixin.py:190} INFO - [2024-12-23T19:54:28.953+0000] {dag.py:4180} INFO - Setting next_dagrun for example_sla_dag to 2024-12-23 19:52:00+00:00, run_after=2024-12-23 19:54:00+00:00
[2024-12-23T19:54:28.969+0000] {processor.py:208} INFO - Processing /home/airflow/.local/lib/python3.12/site-packages/airflow/example_dags/example_sla_dag.py took 0.069 seconds
[2024-12-23T19:54:59.269+0000] {processor.py:186} INFO - Started process (PID=820) to work on /home/airflow/.local/lib/python3.12/site-packages/airflow/example_dags/example_sla_dag.py
[2024-12-23T19:54:59.270+0000] {processor.py:914} INFO - Processing file /home/airflow/.local/lib/python3.12/site-packages/airflow/example_dags/example_sla_dag.py for tasks to queue
[2024-12-23T19:54:59.273+0000] {logging_mixin.py:190} INFO - [2024-12-23T19:54:59.272+0000] {dagbag.py:588} INFO - Filling up the DagBag from /home/airflow/.local/lib/python3.12/site-packages/airflow/example_dags/example_sla_dag.py
[2024-12-23T19:54:59.282+0000] {processor.py:925} INFO - DAG(s) 'example_sla_dag' retrieved from /home/airflow/.local/lib/python3.12/site-packages/airflow/example_dags/example_sla_dag.py
[2024-12-23T19:54:59.299+0000] {logging_mixin.py:190} INFO - [2024-12-23T19:54:59.299+0000] {dag.py:3239} INFO - Sync 1 DAGs
[2024-12-23T19:54:59.323+0000] {logging_mixin.py:190} INFO - [2024-12-23T19:54:59.323+0000] {dag.py:4180} INFO - Setting next_dagrun for example_sla_dag to 2024-12-23 19:52:00+00:00, run_after=2024-12-23 19:54:00+00:00
[2024-12-23T19:54:59.339+0000] {processor.py:208} INFO - Processing /home/airflow/.local/lib/python3.12/site-packages/airflow/example_dags/example_sla_dag.py took 0.075 seconds
[2024-12-23T19:55:29.712+0000] {processor.py:186} INFO - Started process (PID=883) to work on /home/airflow/.local/lib/python3.12/site-packages/airflow/example_dags/example_sla_dag.py
[2024-12-23T19:55:29.713+0000] {processor.py:914} INFO - Processing file /home/airflow/.local/lib/python3.12/site-packages/airflow/example_dags/example_sla_dag.py for tasks to queue
[2024-12-23T19:55:29.716+0000] {logging_mixin.py:190} INFO - [2024-12-23T19:55:29.715+0000] {dagbag.py:588} INFO - Filling up the DagBag from /home/airflow/.local/lib/python3.12/site-packages/airflow/example_dags/example_sla_dag.py
[2024-12-23T19:55:29.724+0000] {processor.py:925} INFO - DAG(s) 'example_sla_dag' retrieved from /home/airflow/.local/lib/python3.12/site-packages/airflow/example_dags/example_sla_dag.py
[2024-12-23T19:55:29.740+0000] {logging_mixin.py:190} INFO - [2024-12-23T19:55:29.740+0000] {dag.py:3239} INFO - Sync 1 DAGs
[2024-12-23T19:55:29.760+0000] {logging_mixin.py:190} INFO - [2024-12-23T19:55:29.760+0000] {dag.py:4180} INFO - Setting next_dagrun for example_sla_dag to 2024-12-23 19:52:00+00:00, run_after=2024-12-23 19:54:00+00:00
[2024-12-23T19:55:29.775+0000] {processor.py:208} INFO - Processing /home/airflow/.local/lib/python3.12/site-packages/airflow/example_dags/example_sla_dag.py took 0.067 seconds
[2024-12-23T19:55:59.948+0000] {processor.py:186} INFO - Started process (PID=946) to work on /home/airflow/.local/lib/python3.12/site-packages/airflow/example_dags/example_sla_dag.py
[2024-12-23T19:55:59.949+0000] {processor.py:914} INFO - Processing file /home/airflow/.local/lib/python3.12/site-packages/airflow/example_dags/example_sla_dag.py for tasks to queue
[2024-12-23T19:55:59.952+0000] {logging_mixin.py:190} INFO - [2024-12-23T19:55:59.951+0000] {dagbag.py:588} INFO - Filling up the DagBag from /home/airflow/.local/lib/python3.12/site-packages/airflow/example_dags/example_sla_dag.py
[2024-12-23T19:55:59.961+0000] {processor.py:925} INFO - DAG(s) 'example_sla_dag' retrieved from /home/airflow/.local/lib/python3.12/site-packages/airflow/example_dags/example_sla_dag.py
[2024-12-23T19:55:59.978+0000] {logging_mixin.py:190} INFO - [2024-12-23T19:55:59.977+0000] {dag.py:3239} INFO - Sync 1 DAGs
[2024-12-23T19:56:00.005+0000] {logging_mixin.py:190} INFO - [2024-12-23T19:56:00.005+0000] {dag.py:4180} INFO - Setting next_dagrun for example_sla_dag to 2024-12-23 19:54:00+00:00, run_after=2024-12-23 19:56:00+00:00
[2024-12-23T19:56:00.029+0000] {processor.py:208} INFO - Processing /home/airflow/.local/lib/python3.12/site-packages/airflow/example_dags/example_sla_dag.py took 0.086 seconds
[2024-12-23T19:56:30.306+0000] {processor.py:186} INFO - Started process (PID=1009) to work on /home/airflow/.local/lib/python3.12/site-packages/airflow/example_dags/example_sla_dag.py
[2024-12-23T19:56:30.308+0000] {processor.py:914} INFO - Processing file /home/airflow/.local/lib/python3.12/site-packages/airflow/example_dags/example_sla_dag.py for tasks to queue
[2024-12-23T19:56:30.312+0000] {logging_mixin.py:190} INFO - [2024-12-23T19:56:30.311+0000] {dagbag.py:588} INFO - Filling up the DagBag from /home/airflow/.local/lib/python3.12/site-packages/airflow/example_dags/example_sla_dag.py
[2024-12-23T19:56:30.327+0000] {processor.py:925} INFO - DAG(s) 'example_sla_dag' retrieved from /home/airflow/.local/lib/python3.12/site-packages/airflow/example_dags/example_sla_dag.py
[2024-12-23T19:56:30.378+0000] {logging_mixin.py:190} INFO - [2024-12-23T19:56:30.378+0000] {dag.py:3239} INFO - Sync 1 DAGs
[2024-12-23T19:56:30.441+0000] {logging_mixin.py:190} INFO - [2024-12-23T19:56:30.441+0000] {dag.py:4180} INFO - Setting next_dagrun for example_sla_dag to 2024-12-23 19:54:00+00:00, run_after=2024-12-23 19:56:00+00:00
[2024-12-23T19:56:30.467+0000] {processor.py:208} INFO - Processing /home/airflow/.local/lib/python3.12/site-packages/airflow/example_dags/example_sla_dag.py took 0.170 seconds
[2024-12-23T19:57:00.516+0000] {processor.py:186} INFO - Started process (PID=1072) to work on /home/airflow/.local/lib/python3.12/site-packages/airflow/example_dags/example_sla_dag.py
[2024-12-23T19:57:00.518+0000] {processor.py:914} INFO - Processing file /home/airflow/.local/lib/python3.12/site-packages/airflow/example_dags/example_sla_dag.py for tasks to queue
[2024-12-23T19:57:00.520+0000] {logging_mixin.py:190} INFO - [2024-12-23T19:57:00.519+0000] {dagbag.py:588} INFO - Filling up the DagBag from /home/airflow/.local/lib/python3.12/site-packages/airflow/example_dags/example_sla_dag.py
[2024-12-23T19:57:00.532+0000] {processor.py:925} INFO - DAG(s) 'example_sla_dag' retrieved from /home/airflow/.local/lib/python3.12/site-packages/airflow/example_dags/example_sla_dag.py
[2024-12-23T19:57:00.549+0000] {logging_mixin.py:190} INFO - [2024-12-23T19:57:00.549+0000] {dag.py:3239} INFO - Sync 1 DAGs
[2024-12-23T19:57:00.571+0000] {logging_mixin.py:190} INFO - [2024-12-23T19:57:00.570+0000] {dag.py:4180} INFO - Setting next_dagrun for example_sla_dag to 2024-12-23 19:54:00+00:00, run_after=2024-12-23 19:56:00+00:00
[2024-12-23T19:57:00.585+0000] {processor.py:208} INFO - Processing /home/airflow/.local/lib/python3.12/site-packages/airflow/example_dags/example_sla_dag.py took 0.077 seconds
[2024-12-23T19:57:30.732+0000] {processor.py:186} INFO - Started process (PID=1135) to work on /home/airflow/.local/lib/python3.12/site-packages/airflow/example_dags/example_sla_dag.py
[2024-12-23T19:57:30.733+0000] {processor.py:914} INFO - Processing file /home/airflow/.local/lib/python3.12/site-packages/airflow/example_dags/example_sla_dag.py for tasks to queue
[2024-12-23T19:57:30.736+0000] {logging_mixin.py:190} INFO - [2024-12-23T19:57:30.735+0000] {dagbag.py:588} INFO - Filling up the DagBag from /home/airflow/.local/lib/python3.12/site-packages/airflow/example_dags/example_sla_dag.py
[2024-12-23T19:57:30.745+0000] {processor.py:925} INFO - DAG(s) 'example_sla_dag' retrieved from /home/airflow/.local/lib/python3.12/site-packages/airflow/example_dags/example_sla_dag.py
[2024-12-23T19:57:30.765+0000] {logging_mixin.py:190} INFO - [2024-12-23T19:57:30.765+0000] {dag.py:3239} INFO - Sync 1 DAGs
[2024-12-23T19:57:30.785+0000] {logging_mixin.py:190} INFO - [2024-12-23T19:57:30.785+0000] {dag.py:4180} INFO - Setting next_dagrun for example_sla_dag to 2024-12-23 19:54:00+00:00, run_after=2024-12-23 19:56:00+00:00
[2024-12-23T19:57:30.801+0000] {processor.py:208} INFO - Processing /home/airflow/.local/lib/python3.12/site-packages/airflow/example_dags/example_sla_dag.py took 0.074 seconds
[2024-12-23T19:58:00.939+0000] {processor.py:186} INFO - Started process (PID=1198) to work on /home/airflow/.local/lib/python3.12/site-packages/airflow/example_dags/example_sla_dag.py
[2024-12-23T19:58:00.940+0000] {processor.py:914} INFO - Processing file /home/airflow/.local/lib/python3.12/site-packages/airflow/example_dags/example_sla_dag.py for tasks to queue
[2024-12-23T19:58:00.942+0000] {logging_mixin.py:190} INFO - [2024-12-23T19:58:00.942+0000] {dagbag.py:588} INFO - Filling up the DagBag from /home/airflow/.local/lib/python3.12/site-packages/airflow/example_dags/example_sla_dag.py
[2024-12-23T19:58:00.951+0000] {processor.py:925} INFO - DAG(s) 'example_sla_dag' retrieved from /home/airflow/.local/lib/python3.12/site-packages/airflow/example_dags/example_sla_dag.py
[2024-12-23T19:58:00.969+0000] {logging_mixin.py:190} INFO - [2024-12-23T19:58:00.968+0000] {dag.py:3239} INFO - Sync 1 DAGs
[2024-12-23T19:58:00.989+0000] {logging_mixin.py:190} INFO - [2024-12-23T19:58:00.989+0000] {dag.py:4180} INFO - Setting next_dagrun for example_sla_dag to 2024-12-23 19:56:00+00:00, run_after=2024-12-23 19:58:00+00:00
[2024-12-23T19:58:01.005+0000] {processor.py:208} INFO - Processing /home/airflow/.local/lib/python3.12/site-packages/airflow/example_dags/example_sla_dag.py took 0.071 seconds
[2024-12-23T19:58:31.119+0000] {processor.py:186} INFO - Started process (PID=1261) to work on /home/airflow/.local/lib/python3.12/site-packages/airflow/example_dags/example_sla_dag.py
[2024-12-23T19:58:31.120+0000] {processor.py:914} INFO - Processing file /home/airflow/.local/lib/python3.12/site-packages/airflow/example_dags/example_sla_dag.py for tasks to queue
[2024-12-23T19:58:31.122+0000] {logging_mixin.py:190} INFO - [2024-12-23T19:58:31.122+0000] {dagbag.py:588} INFO - Filling up the DagBag from /home/airflow/.local/lib/python3.12/site-packages/airflow/example_dags/example_sla_dag.py
[2024-12-23T19:58:31.133+0000] {processor.py:925} INFO - DAG(s) 'example_sla_dag' retrieved from /home/airflow/.local/lib/python3.12/site-packages/airflow/example_dags/example_sla_dag.py
[2024-12-23T19:58:31.150+0000] {logging_mixin.py:190} INFO - [2024-12-23T19:58:31.150+0000] {dag.py:3239} INFO - Sync 1 DAGs
[2024-12-23T19:58:31.174+0000] {logging_mixin.py:190} INFO - [2024-12-23T19:58:31.174+0000] {dag.py:4180} INFO - Setting next_dagrun for example_sla_dag to 2024-12-23 19:56:00+00:00, run_after=2024-12-23 19:58:00+00:00
[2024-12-23T19:58:31.190+0000] {processor.py:208} INFO - Processing /home/airflow/.local/lib/python3.12/site-packages/airflow/example_dags/example_sla_dag.py took 0.076 seconds
[2024-12-23T19:59:01.355+0000] {processor.py:186} INFO - Started process (PID=1325) to work on /home/airflow/.local/lib/python3.12/site-packages/airflow/example_dags/example_sla_dag.py
[2024-12-23T19:59:01.356+0000] {processor.py:914} INFO - Processing file /home/airflow/.local/lib/python3.12/site-packages/airflow/example_dags/example_sla_dag.py for tasks to queue
[2024-12-23T19:59:01.359+0000] {logging_mixin.py:190} INFO - [2024-12-23T19:59:01.358+0000] {dagbag.py:588} INFO - Filling up the DagBag from /home/airflow/.local/lib/python3.12/site-packages/airflow/example_dags/example_sla_dag.py
[2024-12-23T19:59:01.368+0000] {processor.py:925} INFO - DAG(s) 'example_sla_dag' retrieved from /home/airflow/.local/lib/python3.12/site-packages/airflow/example_dags/example_sla_dag.py
[2024-12-23T19:59:01.385+0000] {logging_mixin.py:190} INFO - [2024-12-23T19:59:01.385+0000] {dag.py:3239} INFO - Sync 1 DAGs
[2024-12-23T19:59:01.405+0000] {logging_mixin.py:190} INFO - [2024-12-23T19:59:01.405+0000] {dag.py:4180} INFO - Setting next_dagrun for example_sla_dag to 2024-12-23 19:56:00+00:00, run_after=2024-12-23 19:58:00+00:00
[2024-12-23T19:59:01.419+0000] {processor.py:208} INFO - Processing /home/airflow/.local/lib/python3.12/site-packages/airflow/example_dags/example_sla_dag.py took 0.069 seconds
[2024-12-23T19:59:31.792+0000] {processor.py:186} INFO - Started process (PID=1388) to work on /home/airflow/.local/lib/python3.12/site-packages/airflow/example_dags/example_sla_dag.py
[2024-12-23T19:59:31.793+0000] {processor.py:914} INFO - Processing file /home/airflow/.local/lib/python3.12/site-packages/airflow/example_dags/example_sla_dag.py for tasks to queue
[2024-12-23T19:59:31.795+0000] {logging_mixin.py:190} INFO - [2024-12-23T19:59:31.795+0000] {dagbag.py:588} INFO - Filling up the DagBag from /home/airflow/.local/lib/python3.12/site-packages/airflow/example_dags/example_sla_dag.py
[2024-12-23T19:59:31.805+0000] {processor.py:925} INFO - DAG(s) 'example_sla_dag' retrieved from /home/airflow/.local/lib/python3.12/site-packages/airflow/example_dags/example_sla_dag.py
[2024-12-23T19:59:31.822+0000] {logging_mixin.py:190} INFO - [2024-12-23T19:59:31.822+0000] {dag.py:3239} INFO - Sync 1 DAGs
[2024-12-23T19:59:31.843+0000] {logging_mixin.py:190} INFO - [2024-12-23T19:59:31.843+0000] {dag.py:4180} INFO - Setting next_dagrun for example_sla_dag to 2024-12-23 19:56:00+00:00, run_after=2024-12-23 19:58:00+00:00
[2024-12-23T19:59:31.858+0000] {processor.py:208} INFO - Processing /home/airflow/.local/lib/python3.12/site-packages/airflow/example_dags/example_sla_dag.py took 0.071 seconds
[2024-12-23T20:00:02.387+0000] {processor.py:186} INFO - Started process (PID=1451) to work on /home/airflow/.local/lib/python3.12/site-packages/airflow/example_dags/example_sla_dag.py
[2024-12-23T20:00:02.388+0000] {processor.py:914} INFO - Processing file /home/airflow/.local/lib/python3.12/site-packages/airflow/example_dags/example_sla_dag.py for tasks to queue
[2024-12-23T20:00:02.390+0000] {logging_mixin.py:190} INFO - [2024-12-23T20:00:02.390+0000] {dagbag.py:588} INFO - Filling up the DagBag from /home/airflow/.local/lib/python3.12/site-packages/airflow/example_dags/example_sla_dag.py
[2024-12-23T20:00:02.404+0000] {processor.py:925} INFO - DAG(s) 'example_sla_dag' retrieved from /home/airflow/.local/lib/python3.12/site-packages/airflow/example_dags/example_sla_dag.py
[2024-12-23T20:00:02.422+0000] {logging_mixin.py:190} INFO - [2024-12-23T20:00:02.422+0000] {dag.py:3239} INFO - Sync 1 DAGs
[2024-12-23T20:00:02.449+0000] {logging_mixin.py:190} INFO - [2024-12-23T20:00:02.449+0000] {dag.py:4180} INFO - Setting next_dagrun for example_sla_dag to 2024-12-23 19:58:00+00:00, run_after=2024-12-23 20:00:00+00:00
[2024-12-23T20:00:02.467+0000] {processor.py:208} INFO - Processing /home/airflow/.local/lib/python3.12/site-packages/airflow/example_dags/example_sla_dag.py took 0.086 seconds
[2024-12-23T20:00:32.587+0000] {processor.py:186} INFO - Started process (PID=1514) to work on /home/airflow/.local/lib/python3.12/site-packages/airflow/example_dags/example_sla_dag.py
[2024-12-23T20:00:32.588+0000] {processor.py:914} INFO - Processing file /home/airflow/.local/lib/python3.12/site-packages/airflow/example_dags/example_sla_dag.py for tasks to queue
[2024-12-23T20:00:32.590+0000] {logging_mixin.py:190} INFO - [2024-12-23T20:00:32.590+0000] {dagbag.py:588} INFO - Filling up the DagBag from /home/airflow/.local/lib/python3.12/site-packages/airflow/example_dags/example_sla_dag.py
[2024-12-23T20:00:32.599+0000] {processor.py:925} INFO - DAG(s) 'example_sla_dag' retrieved from /home/airflow/.local/lib/python3.12/site-packages/airflow/example_dags/example_sla_dag.py
[2024-12-23T20:00:32.616+0000] {logging_mixin.py:190} INFO - [2024-12-23T20:00:32.616+0000] {dag.py:3239} INFO - Sync 1 DAGs
[2024-12-23T20:00:32.639+0000] {logging_mixin.py:190} INFO - [2024-12-23T20:00:32.639+0000] {dag.py:4180} INFO - Setting next_dagrun for example_sla_dag to 2024-12-23 19:58:00+00:00, run_after=2024-12-23 20:00:00+00:00
[2024-12-23T20:00:32.656+0000] {processor.py:208} INFO - Processing /home/airflow/.local/lib/python3.12/site-packages/airflow/example_dags/example_sla_dag.py took 0.073 seconds
[2024-12-23T20:01:02.710+0000] {processor.py:186} INFO - Started process (PID=1577) to work on /home/airflow/.local/lib/python3.12/site-packages/airflow/example_dags/example_sla_dag.py
[2024-12-23T20:01:02.711+0000] {processor.py:914} INFO - Processing file /home/airflow/.local/lib/python3.12/site-packages/airflow/example_dags/example_sla_dag.py for tasks to queue
[2024-12-23T20:01:02.713+0000] {logging_mixin.py:190} INFO - [2024-12-23T20:01:02.713+0000] {dagbag.py:588} INFO - Filling up the DagBag from /home/airflow/.local/lib/python3.12/site-packages/airflow/example_dags/example_sla_dag.py
[2024-12-23T20:01:02.722+0000] {processor.py:925} INFO - DAG(s) 'example_sla_dag' retrieved from /home/airflow/.local/lib/python3.12/site-packages/airflow/example_dags/example_sla_dag.py
[2024-12-23T20:01:02.738+0000] {logging_mixin.py:190} INFO - [2024-12-23T20:01:02.738+0000] {dag.py:3239} INFO - Sync 1 DAGs
[2024-12-23T20:01:02.760+0000] {logging_mixin.py:190} INFO - [2024-12-23T20:01:02.760+0000] {dag.py:4180} INFO - Setting next_dagrun for example_sla_dag to 2024-12-23 19:58:00+00:00, run_after=2024-12-23 20:00:00+00:00
[2024-12-23T20:01:02.778+0000] {processor.py:208} INFO - Processing /home/airflow/.local/lib/python3.12/site-packages/airflow/example_dags/example_sla_dag.py took 0.073 seconds
[2024-12-23T20:01:33.160+0000] {processor.py:186} INFO - Started process (PID=1640) to work on /home/airflow/.local/lib/python3.12/site-packages/airflow/example_dags/example_sla_dag.py
[2024-12-23T20:01:33.161+0000] {processor.py:914} INFO - Processing file /home/airflow/.local/lib/python3.12/site-packages/airflow/example_dags/example_sla_dag.py for tasks to queue
[2024-12-23T20:01:33.163+0000] {logging_mixin.py:190} INFO - [2024-12-23T20:01:33.163+0000] {dagbag.py:588} INFO - Filling up the DagBag from /home/airflow/.local/lib/python3.12/site-packages/airflow/example_dags/example_sla_dag.py
[2024-12-23T20:01:33.173+0000] {processor.py:925} INFO - DAG(s) 'example_sla_dag' retrieved from /home/airflow/.local/lib/python3.12/site-packages/airflow/example_dags/example_sla_dag.py
[2024-12-23T20:01:33.188+0000] {logging_mixin.py:190} INFO - [2024-12-23T20:01:33.188+0000] {dag.py:3239} INFO - Sync 1 DAGs
[2024-12-23T20:01:33.209+0000] {logging_mixin.py:190} INFO - [2024-12-23T20:01:33.208+0000] {dag.py:4180} INFO - Setting next_dagrun for example_sla_dag to 2024-12-23 19:58:00+00:00, run_after=2024-12-23 20:00:00+00:00
[2024-12-23T20:01:33.224+0000] {processor.py:208} INFO - Processing /home/airflow/.local/lib/python3.12/site-packages/airflow/example_dags/example_sla_dag.py took 0.069 seconds
[2024-12-23T20:02:03.264+0000] {processor.py:186} INFO - Started process (PID=1702) to work on /home/airflow/.local/lib/python3.12/site-packages/airflow/example_dags/example_sla_dag.py
[2024-12-23T20:02:03.265+0000] {processor.py:914} INFO - Processing file /home/airflow/.local/lib/python3.12/site-packages/airflow/example_dags/example_sla_dag.py for tasks to queue
[2024-12-23T20:02:03.268+0000] {logging_mixin.py:190} INFO - [2024-12-23T20:02:03.267+0000] {dagbag.py:588} INFO - Filling up the DagBag from /home/airflow/.local/lib/python3.12/site-packages/airflow/example_dags/example_sla_dag.py
[2024-12-23T20:02:03.278+0000] {processor.py:925} INFO - DAG(s) 'example_sla_dag' retrieved from /home/airflow/.local/lib/python3.12/site-packages/airflow/example_dags/example_sla_dag.py
[2024-12-23T20:02:03.295+0000] {logging_mixin.py:190} INFO - [2024-12-23T20:02:03.294+0000] {dag.py:3239} INFO - Sync 1 DAGs
[2024-12-23T20:02:03.316+0000] {logging_mixin.py:190} INFO - [2024-12-23T20:02:03.316+0000] {dag.py:4180} INFO - Setting next_dagrun for example_sla_dag to 2024-12-23 20:00:00+00:00, run_after=2024-12-23 20:02:00+00:00
[2024-12-23T20:02:03.331+0000] {processor.py:208} INFO - Processing /home/airflow/.local/lib/python3.12/site-packages/airflow/example_dags/example_sla_dag.py took 0.072 seconds
[2024-12-23T20:02:33.689+0000] {processor.py:186} INFO - Started process (PID=1766) to work on /home/airflow/.local/lib/python3.12/site-packages/airflow/example_dags/example_sla_dag.py
[2024-12-23T20:02:33.690+0000] {processor.py:914} INFO - Processing file /home/airflow/.local/lib/python3.12/site-packages/airflow/example_dags/example_sla_dag.py for tasks to queue
[2024-12-23T20:02:33.693+0000] {logging_mixin.py:190} INFO - [2024-12-23T20:02:33.693+0000] {dagbag.py:588} INFO - Filling up the DagBag from /home/airflow/.local/lib/python3.12/site-packages/airflow/example_dags/example_sla_dag.py
[2024-12-23T20:02:33.704+0000] {processor.py:925} INFO - DAG(s) 'example_sla_dag' retrieved from /home/airflow/.local/lib/python3.12/site-packages/airflow/example_dags/example_sla_dag.py
[2024-12-23T20:02:33.723+0000] {logging_mixin.py:190} INFO - [2024-12-23T20:02:33.723+0000] {dag.py:3239} INFO - Sync 1 DAGs
[2024-12-23T20:02:33.747+0000] {logging_mixin.py:190} INFO - [2024-12-23T20:02:33.747+0000] {dag.py:4180} INFO - Setting next_dagrun for example_sla_dag to 2024-12-23 20:00:00+00:00, run_after=2024-12-23 20:02:00+00:00
[2024-12-23T20:02:33.763+0000] {processor.py:208} INFO - Processing /home/airflow/.local/lib/python3.12/site-packages/airflow/example_dags/example_sla_dag.py took 0.079 seconds
[2024-12-23T20:03:04.031+0000] {processor.py:186} INFO - Started process (PID=1829) to work on /home/airflow/.local/lib/python3.12/site-packages/airflow/example_dags/example_sla_dag.py
[2024-12-23T20:03:04.032+0000] {processor.py:914} INFO - Processing file /home/airflow/.local/lib/python3.12/site-packages/airflow/example_dags/example_sla_dag.py for tasks to queue
[2024-12-23T20:03:04.035+0000] {logging_mixin.py:190} INFO - [2024-12-23T20:03:04.034+0000] {dagbag.py:588} INFO - Filling up the DagBag from /home/airflow/.local/lib/python3.12/site-packages/airflow/example_dags/example_sla_dag.py
[2024-12-23T20:03:04.044+0000] {processor.py:925} INFO - DAG(s) 'example_sla_dag' retrieved from /home/airflow/.local/lib/python3.12/site-packages/airflow/example_dags/example_sla_dag.py
[2024-12-23T20:03:04.061+0000] {logging_mixin.py:190} INFO - [2024-12-23T20:03:04.061+0000] {dag.py:3239} INFO - Sync 1 DAGs
[2024-12-23T20:03:04.083+0000] {logging_mixin.py:190} INFO - [2024-12-23T20:03:04.082+0000] {dag.py:4180} INFO - Setting next_dagrun for example_sla_dag to 2024-12-23 20:00:00+00:00, run_after=2024-12-23 20:02:00+00:00
[2024-12-23T20:03:04.097+0000] {processor.py:208} INFO - Processing /home/airflow/.local/lib/python3.12/site-packages/airflow/example_dags/example_sla_dag.py took 0.071 seconds
[2024-12-23T20:03:34.437+0000] {processor.py:186} INFO - Started process (PID=1892) to work on /home/airflow/.local/lib/python3.12/site-packages/airflow/example_dags/example_sla_dag.py
[2024-12-23T20:03:34.438+0000] {processor.py:914} INFO - Processing file /home/airflow/.local/lib/python3.12/site-packages/airflow/example_dags/example_sla_dag.py for tasks to queue
[2024-12-23T20:03:34.440+0000] {logging_mixin.py:190} INFO - [2024-12-23T20:03:34.440+0000] {dagbag.py:588} INFO - Filling up the DagBag from /home/airflow/.local/lib/python3.12/site-packages/airflow/example_dags/example_sla_dag.py
[2024-12-23T20:03:34.450+0000] {processor.py:925} INFO - DAG(s) 'example_sla_dag' retrieved from /home/airflow/.local/lib/python3.12/site-packages/airflow/example_dags/example_sla_dag.py
[2024-12-23T20:03:34.466+0000] {logging_mixin.py:190} INFO - [2024-12-23T20:03:34.466+0000] {dag.py:3239} INFO - Sync 1 DAGs
[2024-12-23T20:03:34.489+0000] {logging_mixin.py:190} INFO - [2024-12-23T20:03:34.489+0000] {dag.py:4180} INFO - Setting next_dagrun for example_sla_dag to 2024-12-23 20:00:00+00:00, run_after=2024-12-23 20:02:00+00:00
[2024-12-23T20:03:34.506+0000] {processor.py:208} INFO - Processing /home/airflow/.local/lib/python3.12/site-packages/airflow/example_dags/example_sla_dag.py took 0.074 seconds
[2024-12-23T20:04:04.762+0000] {processor.py:186} INFO - Started process (PID=1955) to work on /home/airflow/.local/lib/python3.12/site-packages/airflow/example_dags/example_sla_dag.py
[2024-12-23T20:04:04.763+0000] {processor.py:914} INFO - Processing file /home/airflow/.local/lib/python3.12/site-packages/airflow/example_dags/example_sla_dag.py for tasks to queue
[2024-12-23T20:04:04.766+0000] {logging_mixin.py:190} INFO - [2024-12-23T20:04:04.766+0000] {dagbag.py:588} INFO - Filling up the DagBag from /home/airflow/.local/lib/python3.12/site-packages/airflow/example_dags/example_sla_dag.py
[2024-12-23T20:04:04.776+0000] {processor.py:925} INFO - DAG(s) 'example_sla_dag' retrieved from /home/airflow/.local/lib/python3.12/site-packages/airflow/example_dags/example_sla_dag.py
[2024-12-23T20:04:04.792+0000] {logging_mixin.py:190} INFO - [2024-12-23T20:04:04.792+0000] {dag.py:3239} INFO - Sync 1 DAGs
[2024-12-23T20:04:04.814+0000] {logging_mixin.py:190} INFO - [2024-12-23T20:04:04.814+0000] {dag.py:4180} INFO - Setting next_dagrun for example_sla_dag to 2024-12-23 20:02:00+00:00, run_after=2024-12-23 20:04:00+00:00
[2024-12-23T20:04:04.830+0000] {processor.py:208} INFO - Processing /home/airflow/.local/lib/python3.12/site-packages/airflow/example_dags/example_sla_dag.py took 0.074 seconds
[2024-12-23T20:04:34.965+0000] {processor.py:186} INFO - Started process (PID=2017) to work on /home/airflow/.local/lib/python3.12/site-packages/airflow/example_dags/example_sla_dag.py
[2024-12-23T20:04:34.966+0000] {processor.py:914} INFO - Processing file /home/airflow/.local/lib/python3.12/site-packages/airflow/example_dags/example_sla_dag.py for tasks to queue
[2024-12-23T20:04:34.969+0000] {logging_mixin.py:190} INFO - [2024-12-23T20:04:34.968+0000] {dagbag.py:588} INFO - Filling up the DagBag from /home/airflow/.local/lib/python3.12/site-packages/airflow/example_dags/example_sla_dag.py
[2024-12-23T20:04:34.981+0000] {processor.py:925} INFO - DAG(s) 'example_sla_dag' retrieved from /home/airflow/.local/lib/python3.12/site-packages/airflow/example_dags/example_sla_dag.py
[2024-12-23T20:04:35.001+0000] {logging_mixin.py:190} INFO - [2024-12-23T20:04:35.001+0000] {dag.py:3239} INFO - Sync 1 DAGs
[2024-12-23T20:04:35.025+0000] {logging_mixin.py:190} INFO - [2024-12-23T20:04:35.025+0000] {dag.py:4180} INFO - Setting next_dagrun for example_sla_dag to 2024-12-23 20:02:00+00:00, run_after=2024-12-23 20:04:00+00:00
[2024-12-23T20:04:35.043+0000] {processor.py:208} INFO - Processing /home/airflow/.local/lib/python3.12/site-packages/airflow/example_dags/example_sla_dag.py took 0.084 seconds
[2024-12-23T20:05:05.824+0000] {processor.py:186} INFO - Started process (PID=2081) to work on /home/airflow/.local/lib/python3.12/site-packages/airflow/example_dags/example_sla_dag.py
[2024-12-23T20:05:05.826+0000] {processor.py:914} INFO - Processing file /home/airflow/.local/lib/python3.12/site-packages/airflow/example_dags/example_sla_dag.py for tasks to queue
[2024-12-23T20:05:05.828+0000] {logging_mixin.py:190} INFO - [2024-12-23T20:05:05.828+0000] {dagbag.py:588} INFO - Filling up the DagBag from /home/airflow/.local/lib/python3.12/site-packages/airflow/example_dags/example_sla_dag.py
[2024-12-23T20:05:05.840+0000] {processor.py:925} INFO - DAG(s) 'example_sla_dag' retrieved from /home/airflow/.local/lib/python3.12/site-packages/airflow/example_dags/example_sla_dag.py
[2024-12-23T20:05:05.861+0000] {logging_mixin.py:190} INFO - [2024-12-23T20:05:05.861+0000] {dag.py:3239} INFO - Sync 1 DAGs
[2024-12-23T20:05:05.889+0000] {logging_mixin.py:190} INFO - [2024-12-23T20:05:05.888+0000] {dag.py:4180} INFO - Setting next_dagrun for example_sla_dag to 2024-12-23 20:02:00+00:00, run_after=2024-12-23 20:04:00+00:00
[2024-12-23T20:05:05.909+0000] {processor.py:208} INFO - Processing /home/airflow/.local/lib/python3.12/site-packages/airflow/example_dags/example_sla_dag.py took 0.092 seconds
[2024-12-23T20:05:35.954+0000] {processor.py:186} INFO - Started process (PID=2143) to work on /home/airflow/.local/lib/python3.12/site-packages/airflow/example_dags/example_sla_dag.py
[2024-12-23T20:05:35.955+0000] {processor.py:914} INFO - Processing file /home/airflow/.local/lib/python3.12/site-packages/airflow/example_dags/example_sla_dag.py for tasks to queue
[2024-12-23T20:05:35.958+0000] {logging_mixin.py:190} INFO - [2024-12-23T20:05:35.957+0000] {dagbag.py:588} INFO - Filling up the DagBag from /home/airflow/.local/lib/python3.12/site-packages/airflow/example_dags/example_sla_dag.py
[2024-12-23T20:05:35.967+0000] {processor.py:925} INFO - DAG(s) 'example_sla_dag' retrieved from /home/airflow/.local/lib/python3.12/site-packages/airflow/example_dags/example_sla_dag.py
[2024-12-23T20:05:35.983+0000] {logging_mixin.py:190} INFO - [2024-12-23T20:05:35.983+0000] {dag.py:3239} INFO - Sync 1 DAGs
[2024-12-23T20:05:36.005+0000] {logging_mixin.py:190} INFO - [2024-12-23T20:05:36.004+0000] {dag.py:4180} INFO - Setting next_dagrun for example_sla_dag to 2024-12-23 20:02:00+00:00, run_after=2024-12-23 20:04:00+00:00
[2024-12-23T20:05:36.019+0000] {processor.py:208} INFO - Processing /home/airflow/.local/lib/python3.12/site-packages/airflow/example_dags/example_sla_dag.py took 0.070 seconds
[2024-12-23T20:06:06.366+0000] {processor.py:186} INFO - Started process (PID=2207) to work on /home/airflow/.local/lib/python3.12/site-packages/airflow/example_dags/example_sla_dag.py
[2024-12-23T20:06:06.367+0000] {processor.py:914} INFO - Processing file /home/airflow/.local/lib/python3.12/site-packages/airflow/example_dags/example_sla_dag.py for tasks to queue
[2024-12-23T20:06:06.370+0000] {logging_mixin.py:190} INFO - [2024-12-23T20:06:06.369+0000] {dagbag.py:588} INFO - Filling up the DagBag from /home/airflow/.local/lib/python3.12/site-packages/airflow/example_dags/example_sla_dag.py
[2024-12-23T20:06:06.379+0000] {processor.py:925} INFO - DAG(s) 'example_sla_dag' retrieved from /home/airflow/.local/lib/python3.12/site-packages/airflow/example_dags/example_sla_dag.py
[2024-12-23T20:06:06.396+0000] {logging_mixin.py:190} INFO - [2024-12-23T20:06:06.396+0000] {dag.py:3239} INFO - Sync 1 DAGs
[2024-12-23T20:06:06.418+0000] {logging_mixin.py:190} INFO - [2024-12-23T20:06:06.418+0000] {dag.py:4180} INFO - Setting next_dagrun for example_sla_dag to 2024-12-23 20:04:00+00:00, run_after=2024-12-23 20:06:00+00:00
[2024-12-23T20:06:06.435+0000] {processor.py:208} INFO - Processing /home/airflow/.local/lib/python3.12/site-packages/airflow/example_dags/example_sla_dag.py took 0.075 seconds
[2024-12-23T20:06:36.663+0000] {processor.py:186} INFO - Started process (PID=2270) to work on /home/airflow/.local/lib/python3.12/site-packages/airflow/example_dags/example_sla_dag.py
[2024-12-23T20:06:36.664+0000] {processor.py:914} INFO - Processing file /home/airflow/.local/lib/python3.12/site-packages/airflow/example_dags/example_sla_dag.py for tasks to queue
[2024-12-23T20:06:36.666+0000] {logging_mixin.py:190} INFO - [2024-12-23T20:06:36.666+0000] {dagbag.py:588} INFO - Filling up the DagBag from /home/airflow/.local/lib/python3.12/site-packages/airflow/example_dags/example_sla_dag.py
[2024-12-23T20:06:36.677+0000] {processor.py:925} INFO - DAG(s) 'example_sla_dag' retrieved from /home/airflow/.local/lib/python3.12/site-packages/airflow/example_dags/example_sla_dag.py
[2024-12-23T20:06:36.693+0000] {logging_mixin.py:190} INFO - [2024-12-23T20:06:36.693+0000] {dag.py:3239} INFO - Sync 1 DAGs
[2024-12-23T20:06:36.714+0000] {logging_mixin.py:190} INFO - [2024-12-23T20:06:36.714+0000] {dag.py:4180} INFO - Setting next_dagrun for example_sla_dag to 2024-12-23 20:04:00+00:00, run_after=2024-12-23 20:06:00+00:00
[2024-12-23T20:06:36.729+0000] {processor.py:208} INFO - Processing /home/airflow/.local/lib/python3.12/site-packages/airflow/example_dags/example_sla_dag.py took 0.072 seconds
[2024-12-23T20:07:07.066+0000] {processor.py:186} INFO - Started process (PID=2332) to work on /home/airflow/.local/lib/python3.12/site-packages/airflow/example_dags/example_sla_dag.py
[2024-12-23T20:07:07.067+0000] {processor.py:914} INFO - Processing file /home/airflow/.local/lib/python3.12/site-packages/airflow/example_dags/example_sla_dag.py for tasks to queue
[2024-12-23T20:07:07.070+0000] {logging_mixin.py:190} INFO - [2024-12-23T20:07:07.069+0000] {dagbag.py:588} INFO - Filling up the DagBag from /home/airflow/.local/lib/python3.12/site-packages/airflow/example_dags/example_sla_dag.py
[2024-12-23T20:07:07.087+0000] {processor.py:925} INFO - DAG(s) 'example_sla_dag' retrieved from /home/airflow/.local/lib/python3.12/site-packages/airflow/example_dags/example_sla_dag.py
[2024-12-23T20:07:07.122+0000] {logging_mixin.py:190} INFO - [2024-12-23T20:07:07.122+0000] {dag.py:3239} INFO - Sync 1 DAGs
[2024-12-23T20:07:07.161+0000] {logging_mixin.py:190} INFO - [2024-12-23T20:07:07.161+0000] {dag.py:4180} INFO - Setting next_dagrun for example_sla_dag to 2024-12-23 20:04:00+00:00, run_after=2024-12-23 20:06:00+00:00
[2024-12-23T20:07:07.186+0000] {processor.py:208} INFO - Processing /home/airflow/.local/lib/python3.12/site-packages/airflow/example_dags/example_sla_dag.py took 0.125 seconds
[2024-12-23T20:07:43.843+0000] {processor.py:186} INFO - Started process (PID=2395) to work on /home/airflow/.local/lib/python3.12/site-packages/airflow/example_dags/example_sla_dag.py
[2024-12-23T20:07:43.853+0000] {processor.py:914} INFO - Processing file /home/airflow/.local/lib/python3.12/site-packages/airflow/example_dags/example_sla_dag.py for tasks to queue
[2024-12-23T20:07:43.856+0000] {logging_mixin.py:190} INFO - [2024-12-23T20:07:43.855+0000] {dagbag.py:588} INFO - Filling up the DagBag from /home/airflow/.local/lib/python3.12/site-packages/airflow/example_dags/example_sla_dag.py
[2024-12-23T20:07:43.882+0000] {processor.py:925} INFO - DAG(s) 'example_sla_dag' retrieved from /home/airflow/.local/lib/python3.12/site-packages/airflow/example_dags/example_sla_dag.py
[2024-12-23T20:07:43.917+0000] {logging_mixin.py:190} INFO - [2024-12-23T20:07:43.916+0000] {dag.py:3239} INFO - Sync 1 DAGs
[2024-12-23T20:07:43.978+0000] {logging_mixin.py:190} INFO - [2024-12-23T20:07:43.978+0000] {dag.py:4180} INFO - Setting next_dagrun for example_sla_dag to 2024-12-23 20:04:00+00:00, run_after=2024-12-23 20:06:00+00:00
[2024-12-23T20:07:44.040+0000] {processor.py:208} INFO - Processing /home/airflow/.local/lib/python3.12/site-packages/airflow/example_dags/example_sla_dag.py took 0.219 seconds
[2024-12-23T20:17:43.727+0000] {processor.py:186} INFO - Started process (PID=50) to work on /home/airflow/.local/lib/python3.12/site-packages/airflow/example_dags/example_sla_dag.py
[2024-12-23T20:17:43.733+0000] {processor.py:914} INFO - Processing file /home/airflow/.local/lib/python3.12/site-packages/airflow/example_dags/example_sla_dag.py for tasks to queue
[2024-12-23T20:17:43.758+0000] {logging_mixin.py:190} INFO - [2024-12-23T20:17:43.756+0000] {dagbag.py:588} INFO - Filling up the DagBag from /home/airflow/.local/lib/python3.12/site-packages/airflow/example_dags/example_sla_dag.py
[2024-12-23T20:17:43.817+0000] {processor.py:925} INFO - DAG(s) 'example_sla_dag' retrieved from /home/airflow/.local/lib/python3.12/site-packages/airflow/example_dags/example_sla_dag.py
[2024-12-23T20:17:43.983+0000] {logging_mixin.py:190} INFO - [2024-12-23T20:17:43.983+0000] {dag.py:3239} INFO - Sync 1 DAGs
[2024-12-23T20:17:44.120+0000] {logging_mixin.py:190} INFO - [2024-12-23T20:17:44.120+0000] {dag.py:4180} INFO - Setting next_dagrun for example_sla_dag to 2024-12-23 20:14:00+00:00, run_after=2024-12-23 20:16:00+00:00
[2024-12-23T20:17:44.185+0000] {processor.py:208} INFO - Processing /home/airflow/.local/lib/python3.12/site-packages/airflow/example_dags/example_sla_dag.py took 0.509 seconds
[2024-12-23T20:18:14.907+0000] {processor.py:186} INFO - Started process (PID=112) to work on /home/airflow/.local/lib/python3.12/site-packages/airflow/example_dags/example_sla_dag.py
[2024-12-23T20:18:14.909+0000] {processor.py:914} INFO - Processing file /home/airflow/.local/lib/python3.12/site-packages/airflow/example_dags/example_sla_dag.py for tasks to queue
[2024-12-23T20:18:14.911+0000] {logging_mixin.py:190} INFO - [2024-12-23T20:18:14.911+0000] {dagbag.py:588} INFO - Filling up the DagBag from /home/airflow/.local/lib/python3.12/site-packages/airflow/example_dags/example_sla_dag.py
[2024-12-23T20:18:14.922+0000] {processor.py:925} INFO - DAG(s) 'example_sla_dag' retrieved from /home/airflow/.local/lib/python3.12/site-packages/airflow/example_dags/example_sla_dag.py
[2024-12-23T20:18:14.940+0000] {logging_mixin.py:190} INFO - [2024-12-23T20:18:14.940+0000] {dag.py:3239} INFO - Sync 1 DAGs
[2024-12-23T20:18:14.968+0000] {logging_mixin.py:190} INFO - [2024-12-23T20:18:14.968+0000] {dag.py:4180} INFO - Setting next_dagrun for example_sla_dag to 2024-12-23 20:16:00+00:00, run_after=2024-12-23 20:18:00+00:00
[2024-12-23T20:18:14.986+0000] {processor.py:208} INFO - Processing /home/airflow/.local/lib/python3.12/site-packages/airflow/example_dags/example_sla_dag.py took 0.085 seconds
[2024-12-23T20:18:46.157+0000] {processor.py:186} INFO - Started process (PID=175) to work on /home/airflow/.local/lib/python3.12/site-packages/airflow/example_dags/example_sla_dag.py
[2024-12-23T20:18:46.179+0000] {processor.py:914} INFO - Processing file /home/airflow/.local/lib/python3.12/site-packages/airflow/example_dags/example_sla_dag.py for tasks to queue
[2024-12-23T20:18:46.238+0000] {logging_mixin.py:190} INFO - [2024-12-23T20:18:46.237+0000] {dagbag.py:588} INFO - Filling up the DagBag from /home/airflow/.local/lib/python3.12/site-packages/airflow/example_dags/example_sla_dag.py
[2024-12-23T20:18:46.484+0000] {processor.py:925} INFO - DAG(s) 'example_sla_dag' retrieved from /home/airflow/.local/lib/python3.12/site-packages/airflow/example_dags/example_sla_dag.py
[2024-12-23T20:18:46.728+0000] {logging_mixin.py:190} INFO - [2024-12-23T20:18:46.728+0000] {dag.py:3239} INFO - Sync 1 DAGs
[2024-12-23T20:18:46.884+0000] {logging_mixin.py:190} INFO - [2024-12-23T20:18:46.884+0000] {dag.py:4180} INFO - Setting next_dagrun for example_sla_dag to 2024-12-23 20:16:00+00:00, run_after=2024-12-23 20:18:00+00:00
[2024-12-23T20:18:46.956+0000] {processor.py:208} INFO - Processing /home/airflow/.local/lib/python3.12/site-packages/airflow/example_dags/example_sla_dag.py took 0.892 seconds
[2024-12-23T20:19:17.444+0000] {processor.py:186} INFO - Started process (PID=238) to work on /home/airflow/.local/lib/python3.12/site-packages/airflow/example_dags/example_sla_dag.py
[2024-12-23T20:19:17.450+0000] {processor.py:914} INFO - Processing file /home/airflow/.local/lib/python3.12/site-packages/airflow/example_dags/example_sla_dag.py for tasks to queue
[2024-12-23T20:19:17.454+0000] {logging_mixin.py:190} INFO - [2024-12-23T20:19:17.453+0000] {dagbag.py:588} INFO - Filling up the DagBag from /home/airflow/.local/lib/python3.12/site-packages/airflow/example_dags/example_sla_dag.py
[2024-12-23T20:19:17.495+0000] {processor.py:925} INFO - DAG(s) 'example_sla_dag' retrieved from /home/airflow/.local/lib/python3.12/site-packages/airflow/example_dags/example_sla_dag.py
[2024-12-23T20:19:17.512+0000] {logging_mixin.py:190} INFO - [2024-12-23T20:19:17.512+0000] {dag.py:3239} INFO - Sync 1 DAGs
[2024-12-23T20:19:17.680+0000] {logging_mixin.py:190} INFO - [2024-12-23T20:19:17.680+0000] {dag.py:4180} INFO - Setting next_dagrun for example_sla_dag to 2024-12-23 20:16:00+00:00, run_after=2024-12-23 20:18:00+00:00
[2024-12-23T20:19:17.720+0000] {processor.py:208} INFO - Processing /home/airflow/.local/lib/python3.12/site-packages/airflow/example_dags/example_sla_dag.py took 0.283 seconds
[2024-12-23T20:19:48.072+0000] {processor.py:186} INFO - Started process (PID=301) to work on /home/airflow/.local/lib/python3.12/site-packages/airflow/example_dags/example_sla_dag.py
[2024-12-23T20:19:48.073+0000] {processor.py:914} INFO - Processing file /home/airflow/.local/lib/python3.12/site-packages/airflow/example_dags/example_sla_dag.py for tasks to queue
[2024-12-23T20:19:48.077+0000] {logging_mixin.py:190} INFO - [2024-12-23T20:19:48.077+0000] {dagbag.py:588} INFO - Filling up the DagBag from /home/airflow/.local/lib/python3.12/site-packages/airflow/example_dags/example_sla_dag.py
[2024-12-23T20:19:48.108+0000] {processor.py:925} INFO - DAG(s) 'example_sla_dag' retrieved from /home/airflow/.local/lib/python3.12/site-packages/airflow/example_dags/example_sla_dag.py
[2024-12-23T20:19:48.166+0000] {logging_mixin.py:190} INFO - [2024-12-23T20:19:48.165+0000] {dag.py:3239} INFO - Sync 1 DAGs
[2024-12-23T20:19:48.224+0000] {logging_mixin.py:190} INFO - [2024-12-23T20:19:48.223+0000] {dag.py:4180} INFO - Setting next_dagrun for example_sla_dag to 2024-12-23 20:16:00+00:00, run_after=2024-12-23 20:18:00+00:00
[2024-12-23T20:19:48.253+0000] {processor.py:208} INFO - Processing /home/airflow/.local/lib/python3.12/site-packages/airflow/example_dags/example_sla_dag.py took 0.201 seconds
[2024-12-23T20:20:20.204+0000] {processor.py:186} INFO - Started process (PID=364) to work on /home/airflow/.local/lib/python3.12/site-packages/airflow/example_dags/example_sla_dag.py
[2024-12-23T20:20:20.211+0000] {processor.py:914} INFO - Processing file /home/airflow/.local/lib/python3.12/site-packages/airflow/example_dags/example_sla_dag.py for tasks to queue
[2024-12-23T20:20:20.225+0000] {logging_mixin.py:190} INFO - [2024-12-23T20:20:20.224+0000] {dagbag.py:588} INFO - Filling up the DagBag from /home/airflow/.local/lib/python3.12/site-packages/airflow/example_dags/example_sla_dag.py
[2024-12-23T20:20:20.291+0000] {processor.py:925} INFO - DAG(s) 'example_sla_dag' retrieved from /home/airflow/.local/lib/python3.12/site-packages/airflow/example_dags/example_sla_dag.py
[2024-12-23T20:20:20.389+0000] {logging_mixin.py:190} INFO - [2024-12-23T20:20:20.388+0000] {dag.py:3239} INFO - Sync 1 DAGs
[2024-12-23T20:20:20.575+0000] {logging_mixin.py:190} INFO - [2024-12-23T20:20:20.575+0000] {dag.py:4180} INFO - Setting next_dagrun for example_sla_dag to 2024-12-23 20:18:00+00:00, run_after=2024-12-23 20:20:00+00:00
[2024-12-23T20:20:20.669+0000] {processor.py:208} INFO - Processing /home/airflow/.local/lib/python3.12/site-packages/airflow/example_dags/example_sla_dag.py took 0.490 seconds
