[2024-12-23T19:33:05.309+0000] {processor.py:186} INFO - Started process (PID=36182) to work on /home/airflow/.local/lib/python3.12/site-packages/airflow/example_dags/example_task_group_decorator.py
[2024-12-23T19:33:05.310+0000] {processor.py:914} INFO - Processing file /home/airflow/.local/lib/python3.12/site-packages/airflow/example_dags/example_task_group_decorator.py for tasks to queue
[2024-12-23T19:33:05.312+0000] {logging_mixin.py:190} INFO - [2024-12-23T19:33:05.311+0000] {dagbag.py:588} INFO - Filling up the DagBag from /home/airflow/.local/lib/python3.12/site-packages/airflow/example_dags/example_task_group_decorator.py
[2024-12-23T19:33:05.331+0000] {processor.py:925} INFO - DAG(s) 'example_task_group_decorator' retrieved from /home/airflow/.local/lib/python3.12/site-packages/airflow/example_dags/example_task_group_decorator.py
[2024-12-23T19:33:05.365+0000] {logging_mixin.py:190} INFO - [2024-12-23T19:33:05.365+0000] {dag.py:3239} INFO - Sync 1 DAGs
[2024-12-23T19:33:05.384+0000] {logging_mixin.py:190} INFO - [2024-12-23T19:33:05.384+0000] {dag.py:4180} INFO - Setting next_dagrun for example_task_group_decorator to None, run_after=None
[2024-12-23T19:33:05.407+0000] {processor.py:208} INFO - Processing /home/airflow/.local/lib/python3.12/site-packages/airflow/example_dags/example_task_group_decorator.py took 0.105 seconds
[2024-12-23T19:33:36.015+0000] {processor.py:186} INFO - Started process (PID=36246) to work on /home/airflow/.local/lib/python3.12/site-packages/airflow/example_dags/example_task_group_decorator.py
[2024-12-23T19:33:36.016+0000] {processor.py:914} INFO - Processing file /home/airflow/.local/lib/python3.12/site-packages/airflow/example_dags/example_task_group_decorator.py for tasks to queue
[2024-12-23T19:33:36.017+0000] {logging_mixin.py:190} INFO - [2024-12-23T19:33:36.017+0000] {dagbag.py:588} INFO - Filling up the DagBag from /home/airflow/.local/lib/python3.12/site-packages/airflow/example_dags/example_task_group_decorator.py
[2024-12-23T19:33:36.031+0000] {processor.py:925} INFO - DAG(s) 'example_task_group_decorator' retrieved from /home/airflow/.local/lib/python3.12/site-packages/airflow/example_dags/example_task_group_decorator.py
[2024-12-23T19:33:36.053+0000] {logging_mixin.py:190} INFO - [2024-12-23T19:33:36.053+0000] {dag.py:3239} INFO - Sync 1 DAGs
[2024-12-23T19:33:36.069+0000] {logging_mixin.py:190} INFO - [2024-12-23T19:33:36.068+0000] {dag.py:4180} INFO - Setting next_dagrun for example_task_group_decorator to None, run_after=None
[2024-12-23T19:33:36.084+0000] {processor.py:208} INFO - Processing /home/airflow/.local/lib/python3.12/site-packages/airflow/example_dags/example_task_group_decorator.py took 0.075 seconds
[2024-12-23T19:34:06.382+0000] {processor.py:186} INFO - Started process (PID=36309) to work on /home/airflow/.local/lib/python3.12/site-packages/airflow/example_dags/example_task_group_decorator.py
[2024-12-23T19:34:06.383+0000] {processor.py:914} INFO - Processing file /home/airflow/.local/lib/python3.12/site-packages/airflow/example_dags/example_task_group_decorator.py for tasks to queue
[2024-12-23T19:34:06.384+0000] {logging_mixin.py:190} INFO - [2024-12-23T19:34:06.384+0000] {dagbag.py:588} INFO - Filling up the DagBag from /home/airflow/.local/lib/python3.12/site-packages/airflow/example_dags/example_task_group_decorator.py
[2024-12-23T19:34:06.398+0000] {processor.py:925} INFO - DAG(s) 'example_task_group_decorator' retrieved from /home/airflow/.local/lib/python3.12/site-packages/airflow/example_dags/example_task_group_decorator.py
[2024-12-23T19:34:06.420+0000] {logging_mixin.py:190} INFO - [2024-12-23T19:34:06.420+0000] {dag.py:3239} INFO - Sync 1 DAGs
[2024-12-23T19:34:06.432+0000] {logging_mixin.py:190} INFO - [2024-12-23T19:34:06.432+0000] {dag.py:4180} INFO - Setting next_dagrun for example_task_group_decorator to None, run_after=None
[2024-12-23T19:34:06.448+0000] {processor.py:208} INFO - Processing /home/airflow/.local/lib/python3.12/site-packages/airflow/example_dags/example_task_group_decorator.py took 0.071 seconds
[2024-12-23T19:34:36.755+0000] {processor.py:186} INFO - Started process (PID=36372) to work on /home/airflow/.local/lib/python3.12/site-packages/airflow/example_dags/example_task_group_decorator.py
[2024-12-23T19:34:36.756+0000] {processor.py:914} INFO - Processing file /home/airflow/.local/lib/python3.12/site-packages/airflow/example_dags/example_task_group_decorator.py for tasks to queue
[2024-12-23T19:34:36.757+0000] {logging_mixin.py:190} INFO - [2024-12-23T19:34:36.757+0000] {dagbag.py:588} INFO - Filling up the DagBag from /home/airflow/.local/lib/python3.12/site-packages/airflow/example_dags/example_task_group_decorator.py
[2024-12-23T19:34:36.772+0000] {processor.py:925} INFO - DAG(s) 'example_task_group_decorator' retrieved from /home/airflow/.local/lib/python3.12/site-packages/airflow/example_dags/example_task_group_decorator.py
[2024-12-23T19:34:36.796+0000] {logging_mixin.py:190} INFO - [2024-12-23T19:34:36.796+0000] {dag.py:3239} INFO - Sync 1 DAGs
[2024-12-23T19:34:36.817+0000] {logging_mixin.py:190} INFO - [2024-12-23T19:34:36.816+0000] {dag.py:4180} INFO - Setting next_dagrun for example_task_group_decorator to None, run_after=None
[2024-12-23T19:34:36.838+0000] {processor.py:208} INFO - Processing /home/airflow/.local/lib/python3.12/site-packages/airflow/example_dags/example_task_group_decorator.py took 0.089 seconds
[2024-12-23T19:35:07.732+0000] {processor.py:186} INFO - Started process (PID=36435) to work on /home/airflow/.local/lib/python3.12/site-packages/airflow/example_dags/example_task_group_decorator.py
[2024-12-23T19:35:07.733+0000] {processor.py:914} INFO - Processing file /home/airflow/.local/lib/python3.12/site-packages/airflow/example_dags/example_task_group_decorator.py for tasks to queue
[2024-12-23T19:35:07.734+0000] {logging_mixin.py:190} INFO - [2024-12-23T19:35:07.734+0000] {dagbag.py:588} INFO - Filling up the DagBag from /home/airflow/.local/lib/python3.12/site-packages/airflow/example_dags/example_task_group_decorator.py
[2024-12-23T19:35:07.753+0000] {processor.py:925} INFO - DAG(s) 'example_task_group_decorator' retrieved from /home/airflow/.local/lib/python3.12/site-packages/airflow/example_dags/example_task_group_decorator.py
[2024-12-23T19:35:07.775+0000] {logging_mixin.py:190} INFO - [2024-12-23T19:35:07.775+0000] {dag.py:3239} INFO - Sync 1 DAGs
[2024-12-23T19:35:07.789+0000] {logging_mixin.py:190} INFO - [2024-12-23T19:35:07.788+0000] {dag.py:4180} INFO - Setting next_dagrun for example_task_group_decorator to None, run_after=None
[2024-12-23T19:35:07.805+0000] {processor.py:208} INFO - Processing /home/airflow/.local/lib/python3.12/site-packages/airflow/example_dags/example_task_group_decorator.py took 0.079 seconds
[2024-12-23T19:35:37.901+0000] {processor.py:186} INFO - Started process (PID=36504) to work on /home/airflow/.local/lib/python3.12/site-packages/airflow/example_dags/example_task_group_decorator.py
[2024-12-23T19:35:37.902+0000] {processor.py:914} INFO - Processing file /home/airflow/.local/lib/python3.12/site-packages/airflow/example_dags/example_task_group_decorator.py for tasks to queue
[2024-12-23T19:35:37.903+0000] {logging_mixin.py:190} INFO - [2024-12-23T19:35:37.903+0000] {dagbag.py:588} INFO - Filling up the DagBag from /home/airflow/.local/lib/python3.12/site-packages/airflow/example_dags/example_task_group_decorator.py
[2024-12-23T19:35:37.919+0000] {processor.py:925} INFO - DAG(s) 'example_task_group_decorator' retrieved from /home/airflow/.local/lib/python3.12/site-packages/airflow/example_dags/example_task_group_decorator.py
[2024-12-23T19:35:37.942+0000] {logging_mixin.py:190} INFO - [2024-12-23T19:35:37.942+0000] {dag.py:3239} INFO - Sync 1 DAGs
[2024-12-23T19:35:37.955+0000] {logging_mixin.py:190} INFO - [2024-12-23T19:35:37.955+0000] {dag.py:4180} INFO - Setting next_dagrun for example_task_group_decorator to None, run_after=None
[2024-12-23T19:35:37.973+0000] {processor.py:208} INFO - Processing /home/airflow/.local/lib/python3.12/site-packages/airflow/example_dags/example_task_group_decorator.py took 0.078 seconds
[2024-12-23T19:36:08.156+0000] {processor.py:186} INFO - Started process (PID=36566) to work on /home/airflow/.local/lib/python3.12/site-packages/airflow/example_dags/example_task_group_decorator.py
[2024-12-23T19:36:08.157+0000] {processor.py:914} INFO - Processing file /home/airflow/.local/lib/python3.12/site-packages/airflow/example_dags/example_task_group_decorator.py for tasks to queue
[2024-12-23T19:36:08.158+0000] {logging_mixin.py:190} INFO - [2024-12-23T19:36:08.158+0000] {dagbag.py:588} INFO - Filling up the DagBag from /home/airflow/.local/lib/python3.12/site-packages/airflow/example_dags/example_task_group_decorator.py
[2024-12-23T19:36:08.172+0000] {processor.py:925} INFO - DAG(s) 'example_task_group_decorator' retrieved from /home/airflow/.local/lib/python3.12/site-packages/airflow/example_dags/example_task_group_decorator.py
[2024-12-23T19:36:08.198+0000] {logging_mixin.py:190} INFO - [2024-12-23T19:36:08.197+0000] {dag.py:3239} INFO - Sync 1 DAGs
[2024-12-23T19:36:08.211+0000] {logging_mixin.py:190} INFO - [2024-12-23T19:36:08.211+0000] {dag.py:4180} INFO - Setting next_dagrun for example_task_group_decorator to None, run_after=None
[2024-12-23T19:36:08.229+0000] {processor.py:208} INFO - Processing /home/airflow/.local/lib/python3.12/site-packages/airflow/example_dags/example_task_group_decorator.py took 0.078 seconds
[2024-12-23T19:36:38.340+0000] {processor.py:186} INFO - Started process (PID=36629) to work on /home/airflow/.local/lib/python3.12/site-packages/airflow/example_dags/example_task_group_decorator.py
[2024-12-23T19:36:38.341+0000] {processor.py:914} INFO - Processing file /home/airflow/.local/lib/python3.12/site-packages/airflow/example_dags/example_task_group_decorator.py for tasks to queue
[2024-12-23T19:36:38.342+0000] {logging_mixin.py:190} INFO - [2024-12-23T19:36:38.342+0000] {dagbag.py:588} INFO - Filling up the DagBag from /home/airflow/.local/lib/python3.12/site-packages/airflow/example_dags/example_task_group_decorator.py
[2024-12-23T19:36:38.356+0000] {processor.py:925} INFO - DAG(s) 'example_task_group_decorator' retrieved from /home/airflow/.local/lib/python3.12/site-packages/airflow/example_dags/example_task_group_decorator.py
[2024-12-23T19:36:38.379+0000] {logging_mixin.py:190} INFO - [2024-12-23T19:36:38.378+0000] {dag.py:3239} INFO - Sync 1 DAGs
[2024-12-23T19:36:38.393+0000] {logging_mixin.py:190} INFO - [2024-12-23T19:36:38.392+0000] {dag.py:4180} INFO - Setting next_dagrun for example_task_group_decorator to None, run_after=None
[2024-12-23T19:36:38.412+0000] {processor.py:208} INFO - Processing /home/airflow/.local/lib/python3.12/site-packages/airflow/example_dags/example_task_group_decorator.py took 0.078 seconds
[2024-12-23T19:37:09.234+0000] {processor.py:186} INFO - Started process (PID=36692) to work on /home/airflow/.local/lib/python3.12/site-packages/airflow/example_dags/example_task_group_decorator.py
[2024-12-23T19:37:09.236+0000] {processor.py:914} INFO - Processing file /home/airflow/.local/lib/python3.12/site-packages/airflow/example_dags/example_task_group_decorator.py for tasks to queue
[2024-12-23T19:37:09.237+0000] {logging_mixin.py:190} INFO - [2024-12-23T19:37:09.237+0000] {dagbag.py:588} INFO - Filling up the DagBag from /home/airflow/.local/lib/python3.12/site-packages/airflow/example_dags/example_task_group_decorator.py
[2024-12-23T19:37:09.251+0000] {processor.py:925} INFO - DAG(s) 'example_task_group_decorator' retrieved from /home/airflow/.local/lib/python3.12/site-packages/airflow/example_dags/example_task_group_decorator.py
[2024-12-23T19:37:09.274+0000] {logging_mixin.py:190} INFO - [2024-12-23T19:37:09.274+0000] {dag.py:3239} INFO - Sync 1 DAGs
[2024-12-23T19:37:09.287+0000] {logging_mixin.py:190} INFO - [2024-12-23T19:37:09.287+0000] {dag.py:4180} INFO - Setting next_dagrun for example_task_group_decorator to None, run_after=None
[2024-12-23T19:37:09.304+0000] {processor.py:208} INFO - Processing /home/airflow/.local/lib/python3.12/site-packages/airflow/example_dags/example_task_group_decorator.py took 0.075 seconds
[2024-12-23T19:37:41.088+0000] {processor.py:186} INFO - Started process (PID=36755) to work on /home/airflow/.local/lib/python3.12/site-packages/airflow/example_dags/example_task_group_decorator.py
[2024-12-23T19:37:41.089+0000] {processor.py:914} INFO - Processing file /home/airflow/.local/lib/python3.12/site-packages/airflow/example_dags/example_task_group_decorator.py for tasks to queue
[2024-12-23T19:37:41.090+0000] {logging_mixin.py:190} INFO - [2024-12-23T19:37:41.090+0000] {dagbag.py:588} INFO - Filling up the DagBag from /home/airflow/.local/lib/python3.12/site-packages/airflow/example_dags/example_task_group_decorator.py
[2024-12-23T19:37:41.103+0000] {processor.py:925} INFO - DAG(s) 'example_task_group_decorator' retrieved from /home/airflow/.local/lib/python3.12/site-packages/airflow/example_dags/example_task_group_decorator.py
[2024-12-23T19:37:41.124+0000] {logging_mixin.py:190} INFO - [2024-12-23T19:37:41.124+0000] {dag.py:3239} INFO - Sync 1 DAGs
[2024-12-23T19:37:41.311+0000] {logging_mixin.py:190} INFO - [2024-12-23T19:37:41.311+0000] {dag.py:4180} INFO - Setting next_dagrun for example_task_group_decorator to None, run_after=None
[2024-12-23T19:37:41.326+0000] {processor.py:208} INFO - Processing /home/airflow/.local/lib/python3.12/site-packages/airflow/example_dags/example_task_group_decorator.py took 0.243 seconds
[2024-12-23T19:38:11.728+0000] {processor.py:186} INFO - Started process (PID=36818) to work on /home/airflow/.local/lib/python3.12/site-packages/airflow/example_dags/example_task_group_decorator.py
[2024-12-23T19:38:11.729+0000] {processor.py:914} INFO - Processing file /home/airflow/.local/lib/python3.12/site-packages/airflow/example_dags/example_task_group_decorator.py for tasks to queue
[2024-12-23T19:38:11.730+0000] {logging_mixin.py:190} INFO - [2024-12-23T19:38:11.730+0000] {dagbag.py:588} INFO - Filling up the DagBag from /home/airflow/.local/lib/python3.12/site-packages/airflow/example_dags/example_task_group_decorator.py
[2024-12-23T19:38:11.743+0000] {processor.py:925} INFO - DAG(s) 'example_task_group_decorator' retrieved from /home/airflow/.local/lib/python3.12/site-packages/airflow/example_dags/example_task_group_decorator.py
[2024-12-23T19:38:11.766+0000] {logging_mixin.py:190} INFO - [2024-12-23T19:38:11.765+0000] {dag.py:3239} INFO - Sync 1 DAGs
[2024-12-23T19:38:11.778+0000] {logging_mixin.py:190} INFO - [2024-12-23T19:38:11.778+0000] {dag.py:4180} INFO - Setting next_dagrun for example_task_group_decorator to None, run_after=None
[2024-12-23T19:38:11.795+0000] {processor.py:208} INFO - Processing /home/airflow/.local/lib/python3.12/site-packages/airflow/example_dags/example_task_group_decorator.py took 0.073 seconds
[2024-12-23T19:38:41.874+0000] {processor.py:186} INFO - Started process (PID=36881) to work on /home/airflow/.local/lib/python3.12/site-packages/airflow/example_dags/example_task_group_decorator.py
[2024-12-23T19:38:41.875+0000] {processor.py:914} INFO - Processing file /home/airflow/.local/lib/python3.12/site-packages/airflow/example_dags/example_task_group_decorator.py for tasks to queue
[2024-12-23T19:38:41.877+0000] {logging_mixin.py:190} INFO - [2024-12-23T19:38:41.876+0000] {dagbag.py:588} INFO - Filling up the DagBag from /home/airflow/.local/lib/python3.12/site-packages/airflow/example_dags/example_task_group_decorator.py
[2024-12-23T19:38:41.892+0000] {processor.py:925} INFO - DAG(s) 'example_task_group_decorator' retrieved from /home/airflow/.local/lib/python3.12/site-packages/airflow/example_dags/example_task_group_decorator.py
[2024-12-23T19:38:41.914+0000] {logging_mixin.py:190} INFO - [2024-12-23T19:38:41.914+0000] {dag.py:3239} INFO - Sync 1 DAGs
[2024-12-23T19:38:41.930+0000] {logging_mixin.py:190} INFO - [2024-12-23T19:38:41.929+0000] {dag.py:4180} INFO - Setting next_dagrun for example_task_group_decorator to None, run_after=None
[2024-12-23T19:38:41.945+0000] {processor.py:208} INFO - Processing /home/airflow/.local/lib/python3.12/site-packages/airflow/example_dags/example_task_group_decorator.py took 0.078 seconds
[2024-12-23T19:39:13.127+0000] {processor.py:186} INFO - Started process (PID=36943) to work on /home/airflow/.local/lib/python3.12/site-packages/airflow/example_dags/example_task_group_decorator.py
[2024-12-23T19:39:13.128+0000] {processor.py:914} INFO - Processing file /home/airflow/.local/lib/python3.12/site-packages/airflow/example_dags/example_task_group_decorator.py for tasks to queue
[2024-12-23T19:39:13.129+0000] {logging_mixin.py:190} INFO - [2024-12-23T19:39:13.129+0000] {dagbag.py:588} INFO - Filling up the DagBag from /home/airflow/.local/lib/python3.12/site-packages/airflow/example_dags/example_task_group_decorator.py
[2024-12-23T19:39:13.143+0000] {processor.py:925} INFO - DAG(s) 'example_task_group_decorator' retrieved from /home/airflow/.local/lib/python3.12/site-packages/airflow/example_dags/example_task_group_decorator.py
[2024-12-23T19:39:13.165+0000] {logging_mixin.py:190} INFO - [2024-12-23T19:39:13.164+0000] {dag.py:3239} INFO - Sync 1 DAGs
[2024-12-23T19:39:13.177+0000] {logging_mixin.py:190} INFO - [2024-12-23T19:39:13.177+0000] {dag.py:4180} INFO - Setting next_dagrun for example_task_group_decorator to None, run_after=None
[2024-12-23T19:39:13.192+0000] {processor.py:208} INFO - Processing /home/airflow/.local/lib/python3.12/site-packages/airflow/example_dags/example_task_group_decorator.py took 0.070 seconds
[2024-12-23T19:39:46.164+0000] {processor.py:186} INFO - Started process (PID=37006) to work on /home/airflow/.local/lib/python3.12/site-packages/airflow/example_dags/example_task_group_decorator.py
[2024-12-23T19:39:46.166+0000] {processor.py:914} INFO - Processing file /home/airflow/.local/lib/python3.12/site-packages/airflow/example_dags/example_task_group_decorator.py for tasks to queue
[2024-12-23T19:39:46.167+0000] {logging_mixin.py:190} INFO - [2024-12-23T19:39:46.167+0000] {dagbag.py:588} INFO - Filling up the DagBag from /home/airflow/.local/lib/python3.12/site-packages/airflow/example_dags/example_task_group_decorator.py
[2024-12-23T19:39:46.183+0000] {processor.py:925} INFO - DAG(s) 'example_task_group_decorator' retrieved from /home/airflow/.local/lib/python3.12/site-packages/airflow/example_dags/example_task_group_decorator.py
[2024-12-23T19:39:46.208+0000] {logging_mixin.py:190} INFO - [2024-12-23T19:39:46.208+0000] {dag.py:3239} INFO - Sync 1 DAGs
[2024-12-23T19:39:46.223+0000] {logging_mixin.py:190} INFO - [2024-12-23T19:39:46.223+0000] {dag.py:4180} INFO - Setting next_dagrun for example_task_group_decorator to None, run_after=None
[2024-12-23T19:39:46.240+0000] {processor.py:208} INFO - Processing /home/airflow/.local/lib/python3.12/site-packages/airflow/example_dags/example_task_group_decorator.py took 0.083 seconds
[2024-12-23T19:40:17.074+0000] {processor.py:186} INFO - Started process (PID=37069) to work on /home/airflow/.local/lib/python3.12/site-packages/airflow/example_dags/example_task_group_decorator.py
[2024-12-23T19:40:17.075+0000] {processor.py:914} INFO - Processing file /home/airflow/.local/lib/python3.12/site-packages/airflow/example_dags/example_task_group_decorator.py for tasks to queue
[2024-12-23T19:40:17.076+0000] {logging_mixin.py:190} INFO - [2024-12-23T19:40:17.076+0000] {dagbag.py:588} INFO - Filling up the DagBag from /home/airflow/.local/lib/python3.12/site-packages/airflow/example_dags/example_task_group_decorator.py
[2024-12-23T19:40:17.091+0000] {processor.py:925} INFO - DAG(s) 'example_task_group_decorator' retrieved from /home/airflow/.local/lib/python3.12/site-packages/airflow/example_dags/example_task_group_decorator.py
[2024-12-23T19:40:17.114+0000] {logging_mixin.py:190} INFO - [2024-12-23T19:40:17.113+0000] {dag.py:3239} INFO - Sync 1 DAGs
[2024-12-23T19:40:17.127+0000] {logging_mixin.py:190} INFO - [2024-12-23T19:40:17.127+0000] {dag.py:4180} INFO - Setting next_dagrun for example_task_group_decorator to None, run_after=None
[2024-12-23T19:40:17.143+0000] {processor.py:208} INFO - Processing /home/airflow/.local/lib/python3.12/site-packages/airflow/example_dags/example_task_group_decorator.py took 0.074 seconds
[2024-12-23T19:40:47.966+0000] {processor.py:186} INFO - Started process (PID=37132) to work on /home/airflow/.local/lib/python3.12/site-packages/airflow/example_dags/example_task_group_decorator.py
[2024-12-23T19:40:47.967+0000] {processor.py:914} INFO - Processing file /home/airflow/.local/lib/python3.12/site-packages/airflow/example_dags/example_task_group_decorator.py for tasks to queue
[2024-12-23T19:40:47.968+0000] {logging_mixin.py:190} INFO - [2024-12-23T19:40:47.968+0000] {dagbag.py:588} INFO - Filling up the DagBag from /home/airflow/.local/lib/python3.12/site-packages/airflow/example_dags/example_task_group_decorator.py
[2024-12-23T19:40:47.984+0000] {processor.py:925} INFO - DAG(s) 'example_task_group_decorator' retrieved from /home/airflow/.local/lib/python3.12/site-packages/airflow/example_dags/example_task_group_decorator.py
[2024-12-23T19:40:48.008+0000] {logging_mixin.py:190} INFO - [2024-12-23T19:40:48.008+0000] {dag.py:3239} INFO - Sync 1 DAGs
[2024-12-23T19:40:48.022+0000] {logging_mixin.py:190} INFO - [2024-12-23T19:40:48.022+0000] {dag.py:4180} INFO - Setting next_dagrun for example_task_group_decorator to None, run_after=None
[2024-12-23T19:40:48.041+0000] {processor.py:208} INFO - Processing /home/airflow/.local/lib/python3.12/site-packages/airflow/example_dags/example_task_group_decorator.py took 0.081 seconds
[2024-12-23T19:41:18.513+0000] {processor.py:186} INFO - Started process (PID=37195) to work on /home/airflow/.local/lib/python3.12/site-packages/airflow/example_dags/example_task_group_decorator.py
[2024-12-23T19:41:18.514+0000] {processor.py:914} INFO - Processing file /home/airflow/.local/lib/python3.12/site-packages/airflow/example_dags/example_task_group_decorator.py for tasks to queue
[2024-12-23T19:41:18.515+0000] {logging_mixin.py:190} INFO - [2024-12-23T19:41:18.515+0000] {dagbag.py:588} INFO - Filling up the DagBag from /home/airflow/.local/lib/python3.12/site-packages/airflow/example_dags/example_task_group_decorator.py
[2024-12-23T19:41:18.530+0000] {processor.py:925} INFO - DAG(s) 'example_task_group_decorator' retrieved from /home/airflow/.local/lib/python3.12/site-packages/airflow/example_dags/example_task_group_decorator.py
[2024-12-23T19:41:18.552+0000] {logging_mixin.py:190} INFO - [2024-12-23T19:41:18.552+0000] {dag.py:3239} INFO - Sync 1 DAGs
[2024-12-23T19:41:18.565+0000] {logging_mixin.py:190} INFO - [2024-12-23T19:41:18.565+0000] {dag.py:4180} INFO - Setting next_dagrun for example_task_group_decorator to None, run_after=None
[2024-12-23T19:41:18.581+0000] {processor.py:208} INFO - Processing /home/airflow/.local/lib/python3.12/site-packages/airflow/example_dags/example_task_group_decorator.py took 0.074 seconds
[2024-12-23T19:41:49.467+0000] {processor.py:186} INFO - Started process (PID=37259) to work on /home/airflow/.local/lib/python3.12/site-packages/airflow/example_dags/example_task_group_decorator.py
[2024-12-23T19:41:49.468+0000] {processor.py:914} INFO - Processing file /home/airflow/.local/lib/python3.12/site-packages/airflow/example_dags/example_task_group_decorator.py for tasks to queue
[2024-12-23T19:41:49.470+0000] {logging_mixin.py:190} INFO - [2024-12-23T19:41:49.470+0000] {dagbag.py:588} INFO - Filling up the DagBag from /home/airflow/.local/lib/python3.12/site-packages/airflow/example_dags/example_task_group_decorator.py
[2024-12-23T19:41:49.488+0000] {processor.py:925} INFO - DAG(s) 'example_task_group_decorator' retrieved from /home/airflow/.local/lib/python3.12/site-packages/airflow/example_dags/example_task_group_decorator.py
[2024-12-23T19:41:49.521+0000] {logging_mixin.py:190} INFO - [2024-12-23T19:41:49.520+0000] {dag.py:3239} INFO - Sync 1 DAGs
[2024-12-23T19:41:49.541+0000] {logging_mixin.py:190} INFO - [2024-12-23T19:41:49.541+0000] {dag.py:4180} INFO - Setting next_dagrun for example_task_group_decorator to None, run_after=None
[2024-12-23T19:41:49.563+0000] {processor.py:208} INFO - Processing /home/airflow/.local/lib/python3.12/site-packages/airflow/example_dags/example_task_group_decorator.py took 0.103 seconds
[2024-12-23T19:42:20.361+0000] {processor.py:186} INFO - Started process (PID=37322) to work on /home/airflow/.local/lib/python3.12/site-packages/airflow/example_dags/example_task_group_decorator.py
[2024-12-23T19:42:20.362+0000] {processor.py:914} INFO - Processing file /home/airflow/.local/lib/python3.12/site-packages/airflow/example_dags/example_task_group_decorator.py for tasks to queue
[2024-12-23T19:42:20.363+0000] {logging_mixin.py:190} INFO - [2024-12-23T19:42:20.363+0000] {dagbag.py:588} INFO - Filling up the DagBag from /home/airflow/.local/lib/python3.12/site-packages/airflow/example_dags/example_task_group_decorator.py
[2024-12-23T19:42:20.378+0000] {processor.py:925} INFO - DAG(s) 'example_task_group_decorator' retrieved from /home/airflow/.local/lib/python3.12/site-packages/airflow/example_dags/example_task_group_decorator.py
[2024-12-23T19:42:20.400+0000] {logging_mixin.py:190} INFO - [2024-12-23T19:42:20.400+0000] {dag.py:3239} INFO - Sync 1 DAGs
[2024-12-23T19:42:20.413+0000] {logging_mixin.py:190} INFO - [2024-12-23T19:42:20.413+0000] {dag.py:4180} INFO - Setting next_dagrun for example_task_group_decorator to None, run_after=None
[2024-12-23T19:42:20.428+0000] {processor.py:208} INFO - Processing /home/airflow/.local/lib/python3.12/site-packages/airflow/example_dags/example_task_group_decorator.py took 0.073 seconds
[2024-12-23T19:42:51.359+0000] {processor.py:186} INFO - Started process (PID=37385) to work on /home/airflow/.local/lib/python3.12/site-packages/airflow/example_dags/example_task_group_decorator.py
[2024-12-23T19:42:51.360+0000] {processor.py:914} INFO - Processing file /home/airflow/.local/lib/python3.12/site-packages/airflow/example_dags/example_task_group_decorator.py for tasks to queue
[2024-12-23T19:42:51.361+0000] {logging_mixin.py:190} INFO - [2024-12-23T19:42:51.361+0000] {dagbag.py:588} INFO - Filling up the DagBag from /home/airflow/.local/lib/python3.12/site-packages/airflow/example_dags/example_task_group_decorator.py
[2024-12-23T19:42:51.376+0000] {processor.py:925} INFO - DAG(s) 'example_task_group_decorator' retrieved from /home/airflow/.local/lib/python3.12/site-packages/airflow/example_dags/example_task_group_decorator.py
[2024-12-23T19:42:51.399+0000] {logging_mixin.py:190} INFO - [2024-12-23T19:42:51.399+0000] {dag.py:3239} INFO - Sync 1 DAGs
[2024-12-23T19:42:51.416+0000] {logging_mixin.py:190} INFO - [2024-12-23T19:42:51.415+0000] {dag.py:4180} INFO - Setting next_dagrun for example_task_group_decorator to None, run_after=None
[2024-12-23T19:42:51.431+0000] {processor.py:208} INFO - Processing /home/airflow/.local/lib/python3.12/site-packages/airflow/example_dags/example_task_group_decorator.py took 0.077 seconds
[2024-12-23T19:43:21.619+0000] {processor.py:186} INFO - Started process (PID=37448) to work on /home/airflow/.local/lib/python3.12/site-packages/airflow/example_dags/example_task_group_decorator.py
[2024-12-23T19:43:21.620+0000] {processor.py:914} INFO - Processing file /home/airflow/.local/lib/python3.12/site-packages/airflow/example_dags/example_task_group_decorator.py for tasks to queue
[2024-12-23T19:43:21.621+0000] {logging_mixin.py:190} INFO - [2024-12-23T19:43:21.621+0000] {dagbag.py:588} INFO - Filling up the DagBag from /home/airflow/.local/lib/python3.12/site-packages/airflow/example_dags/example_task_group_decorator.py
[2024-12-23T19:43:21.636+0000] {processor.py:925} INFO - DAG(s) 'example_task_group_decorator' retrieved from /home/airflow/.local/lib/python3.12/site-packages/airflow/example_dags/example_task_group_decorator.py
[2024-12-23T19:43:21.657+0000] {logging_mixin.py:190} INFO - [2024-12-23T19:43:21.657+0000] {dag.py:3239} INFO - Sync 1 DAGs
[2024-12-23T19:43:21.670+0000] {logging_mixin.py:190} INFO - [2024-12-23T19:43:21.670+0000] {dag.py:4180} INFO - Setting next_dagrun for example_task_group_decorator to None, run_after=None
[2024-12-23T19:43:21.685+0000] {processor.py:208} INFO - Processing /home/airflow/.local/lib/python3.12/site-packages/airflow/example_dags/example_task_group_decorator.py took 0.071 seconds
[2024-12-23T19:43:52.497+0000] {processor.py:186} INFO - Started process (PID=37511) to work on /home/airflow/.local/lib/python3.12/site-packages/airflow/example_dags/example_task_group_decorator.py
[2024-12-23T19:43:52.498+0000] {processor.py:914} INFO - Processing file /home/airflow/.local/lib/python3.12/site-packages/airflow/example_dags/example_task_group_decorator.py for tasks to queue
[2024-12-23T19:43:52.499+0000] {logging_mixin.py:190} INFO - [2024-12-23T19:43:52.499+0000] {dagbag.py:588} INFO - Filling up the DagBag from /home/airflow/.local/lib/python3.12/site-packages/airflow/example_dags/example_task_group_decorator.py
[2024-12-23T19:43:52.513+0000] {processor.py:925} INFO - DAG(s) 'example_task_group_decorator' retrieved from /home/airflow/.local/lib/python3.12/site-packages/airflow/example_dags/example_task_group_decorator.py
[2024-12-23T19:43:52.537+0000] {logging_mixin.py:190} INFO - [2024-12-23T19:43:52.536+0000] {dag.py:3239} INFO - Sync 1 DAGs
[2024-12-23T19:43:52.550+0000] {logging_mixin.py:190} INFO - [2024-12-23T19:43:52.550+0000] {dag.py:4180} INFO - Setting next_dagrun for example_task_group_decorator to None, run_after=None
[2024-12-23T19:43:52.569+0000] {processor.py:208} INFO - Processing /home/airflow/.local/lib/python3.12/site-packages/airflow/example_dags/example_task_group_decorator.py took 0.077 seconds
[2024-12-23T19:44:23.255+0000] {processor.py:186} INFO - Started process (PID=37574) to work on /home/airflow/.local/lib/python3.12/site-packages/airflow/example_dags/example_task_group_decorator.py
[2024-12-23T19:44:23.256+0000] {processor.py:914} INFO - Processing file /home/airflow/.local/lib/python3.12/site-packages/airflow/example_dags/example_task_group_decorator.py for tasks to queue
[2024-12-23T19:44:23.257+0000] {logging_mixin.py:190} INFO - [2024-12-23T19:44:23.257+0000] {dagbag.py:588} INFO - Filling up the DagBag from /home/airflow/.local/lib/python3.12/site-packages/airflow/example_dags/example_task_group_decorator.py
[2024-12-23T19:44:23.271+0000] {processor.py:925} INFO - DAG(s) 'example_task_group_decorator' retrieved from /home/airflow/.local/lib/python3.12/site-packages/airflow/example_dags/example_task_group_decorator.py
[2024-12-23T19:44:23.293+0000] {logging_mixin.py:190} INFO - [2024-12-23T19:44:23.293+0000] {dag.py:3239} INFO - Sync 1 DAGs
[2024-12-23T19:44:23.307+0000] {logging_mixin.py:190} INFO - [2024-12-23T19:44:23.307+0000] {dag.py:4180} INFO - Setting next_dagrun for example_task_group_decorator to None, run_after=None
[2024-12-23T19:44:23.322+0000] {processor.py:208} INFO - Processing /home/airflow/.local/lib/python3.12/site-packages/airflow/example_dags/example_task_group_decorator.py took 0.072 seconds
[2024-12-23T19:44:54.039+0000] {processor.py:186} INFO - Started process (PID=37637) to work on /home/airflow/.local/lib/python3.12/site-packages/airflow/example_dags/example_task_group_decorator.py
[2024-12-23T19:44:54.040+0000] {processor.py:914} INFO - Processing file /home/airflow/.local/lib/python3.12/site-packages/airflow/example_dags/example_task_group_decorator.py for tasks to queue
[2024-12-23T19:44:54.041+0000] {logging_mixin.py:190} INFO - [2024-12-23T19:44:54.041+0000] {dagbag.py:588} INFO - Filling up the DagBag from /home/airflow/.local/lib/python3.12/site-packages/airflow/example_dags/example_task_group_decorator.py
[2024-12-23T19:44:54.054+0000] {processor.py:925} INFO - DAG(s) 'example_task_group_decorator' retrieved from /home/airflow/.local/lib/python3.12/site-packages/airflow/example_dags/example_task_group_decorator.py
[2024-12-23T19:44:54.075+0000] {logging_mixin.py:190} INFO - [2024-12-23T19:44:54.075+0000] {dag.py:3239} INFO - Sync 1 DAGs
[2024-12-23T19:44:54.087+0000] {logging_mixin.py:190} INFO - [2024-12-23T19:44:54.087+0000] {dag.py:4180} INFO - Setting next_dagrun for example_task_group_decorator to None, run_after=None
[2024-12-23T19:44:54.102+0000] {processor.py:208} INFO - Processing /home/airflow/.local/lib/python3.12/site-packages/airflow/example_dags/example_task_group_decorator.py took 0.068 seconds
[2024-12-23T19:45:25.601+0000] {processor.py:186} INFO - Started process (PID=37700) to work on /home/airflow/.local/lib/python3.12/site-packages/airflow/example_dags/example_task_group_decorator.py
[2024-12-23T19:45:25.601+0000] {processor.py:914} INFO - Processing file /home/airflow/.local/lib/python3.12/site-packages/airflow/example_dags/example_task_group_decorator.py for tasks to queue
[2024-12-23T19:45:25.603+0000] {logging_mixin.py:190} INFO - [2024-12-23T19:45:25.602+0000] {dagbag.py:588} INFO - Filling up the DagBag from /home/airflow/.local/lib/python3.12/site-packages/airflow/example_dags/example_task_group_decorator.py
[2024-12-23T19:45:25.616+0000] {processor.py:925} INFO - DAG(s) 'example_task_group_decorator' retrieved from /home/airflow/.local/lib/python3.12/site-packages/airflow/example_dags/example_task_group_decorator.py
[2024-12-23T19:45:25.637+0000] {logging_mixin.py:190} INFO - [2024-12-23T19:45:25.637+0000] {dag.py:3239} INFO - Sync 1 DAGs
[2024-12-23T19:45:25.650+0000] {logging_mixin.py:190} INFO - [2024-12-23T19:45:25.649+0000] {dag.py:4180} INFO - Setting next_dagrun for example_task_group_decorator to None, run_after=None
[2024-12-23T19:45:25.664+0000] {processor.py:208} INFO - Processing /home/airflow/.local/lib/python3.12/site-packages/airflow/example_dags/example_task_group_decorator.py took 0.068 seconds
[2024-12-23T19:45:56.083+0000] {processor.py:186} INFO - Started process (PID=37763) to work on /home/airflow/.local/lib/python3.12/site-packages/airflow/example_dags/example_task_group_decorator.py
[2024-12-23T19:45:56.084+0000] {processor.py:914} INFO - Processing file /home/airflow/.local/lib/python3.12/site-packages/airflow/example_dags/example_task_group_decorator.py for tasks to queue
[2024-12-23T19:45:56.085+0000] {logging_mixin.py:190} INFO - [2024-12-23T19:45:56.085+0000] {dagbag.py:588} INFO - Filling up the DagBag from /home/airflow/.local/lib/python3.12/site-packages/airflow/example_dags/example_task_group_decorator.py
[2024-12-23T19:45:56.100+0000] {processor.py:925} INFO - DAG(s) 'example_task_group_decorator' retrieved from /home/airflow/.local/lib/python3.12/site-packages/airflow/example_dags/example_task_group_decorator.py
[2024-12-23T19:45:56.123+0000] {logging_mixin.py:190} INFO - [2024-12-23T19:45:56.123+0000] {dag.py:3239} INFO - Sync 1 DAGs
[2024-12-23T19:45:56.136+0000] {logging_mixin.py:190} INFO - [2024-12-23T19:45:56.135+0000] {dag.py:4180} INFO - Setting next_dagrun for example_task_group_decorator to None, run_after=None
[2024-12-23T19:45:56.152+0000] {processor.py:208} INFO - Processing /home/airflow/.local/lib/python3.12/site-packages/airflow/example_dags/example_task_group_decorator.py took 0.074 seconds
[2024-12-23T19:46:26.527+0000] {processor.py:186} INFO - Started process (PID=37826) to work on /home/airflow/.local/lib/python3.12/site-packages/airflow/example_dags/example_task_group_decorator.py
[2024-12-23T19:46:26.528+0000] {processor.py:914} INFO - Processing file /home/airflow/.local/lib/python3.12/site-packages/airflow/example_dags/example_task_group_decorator.py for tasks to queue
[2024-12-23T19:46:26.529+0000] {logging_mixin.py:190} INFO - [2024-12-23T19:46:26.529+0000] {dagbag.py:588} INFO - Filling up the DagBag from /home/airflow/.local/lib/python3.12/site-packages/airflow/example_dags/example_task_group_decorator.py
[2024-12-23T19:46:26.543+0000] {processor.py:925} INFO - DAG(s) 'example_task_group_decorator' retrieved from /home/airflow/.local/lib/python3.12/site-packages/airflow/example_dags/example_task_group_decorator.py
[2024-12-23T19:46:26.567+0000] {logging_mixin.py:190} INFO - [2024-12-23T19:46:26.567+0000] {dag.py:3239} INFO - Sync 1 DAGs
[2024-12-23T19:46:26.581+0000] {logging_mixin.py:190} INFO - [2024-12-23T19:46:26.580+0000] {dag.py:4180} INFO - Setting next_dagrun for example_task_group_decorator to None, run_after=None
[2024-12-23T19:46:26.607+0000] {processor.py:208} INFO - Processing /home/airflow/.local/lib/python3.12/site-packages/airflow/example_dags/example_task_group_decorator.py took 0.085 seconds
[2024-12-23T19:48:17.201+0000] {processor.py:186} INFO - Started process (PID=79) to work on /home/airflow/.local/lib/python3.12/site-packages/airflow/example_dags/example_task_group_decorator.py
[2024-12-23T19:48:17.202+0000] {processor.py:914} INFO - Processing file /home/airflow/.local/lib/python3.12/site-packages/airflow/example_dags/example_task_group_decorator.py for tasks to queue
[2024-12-23T19:48:17.205+0000] {logging_mixin.py:190} INFO - [2024-12-23T19:48:17.204+0000] {dagbag.py:588} INFO - Filling up the DagBag from /home/airflow/.local/lib/python3.12/site-packages/airflow/example_dags/example_task_group_decorator.py
[2024-12-23T19:48:17.219+0000] {processor.py:925} INFO - DAG(s) 'example_task_group_decorator' retrieved from /home/airflow/.local/lib/python3.12/site-packages/airflow/example_dags/example_task_group_decorator.py
[2024-12-23T19:48:17.244+0000] {logging_mixin.py:190} INFO - [2024-12-23T19:48:17.244+0000] {dag.py:3239} INFO - Sync 1 DAGs
[2024-12-23T19:48:17.258+0000] {logging_mixin.py:190} INFO - [2024-12-23T19:48:17.258+0000] {dag.py:4180} INFO - Setting next_dagrun for example_task_group_decorator to None, run_after=None
[2024-12-23T19:48:17.277+0000] {processor.py:208} INFO - Processing /home/airflow/.local/lib/python3.12/site-packages/airflow/example_dags/example_task_group_decorator.py took 0.081 seconds
[2024-12-23T19:48:49.139+0000] {processor.py:186} INFO - Started process (PID=142) to work on /home/airflow/.local/lib/python3.12/site-packages/airflow/example_dags/example_task_group_decorator.py
[2024-12-23T19:48:49.142+0000] {processor.py:914} INFO - Processing file /home/airflow/.local/lib/python3.12/site-packages/airflow/example_dags/example_task_group_decorator.py for tasks to queue
[2024-12-23T19:48:49.145+0000] {logging_mixin.py:190} INFO - [2024-12-23T19:48:49.144+0000] {dagbag.py:588} INFO - Filling up the DagBag from /home/airflow/.local/lib/python3.12/site-packages/airflow/example_dags/example_task_group_decorator.py
[2024-12-23T19:48:49.161+0000] {processor.py:925} INFO - DAG(s) 'example_task_group_decorator' retrieved from /home/airflow/.local/lib/python3.12/site-packages/airflow/example_dags/example_task_group_decorator.py
[2024-12-23T19:48:49.185+0000] {logging_mixin.py:190} INFO - [2024-12-23T19:48:49.185+0000] {dag.py:3239} INFO - Sync 1 DAGs
[2024-12-23T19:48:49.199+0000] {logging_mixin.py:190} INFO - [2024-12-23T19:48:49.199+0000] {dag.py:4180} INFO - Setting next_dagrun for example_task_group_decorator to None, run_after=None
[2024-12-23T19:48:49.236+0000] {processor.py:208} INFO - Processing /home/airflow/.local/lib/python3.12/site-packages/airflow/example_dags/example_task_group_decorator.py took 0.105 seconds
[2024-12-23T19:49:21.394+0000] {processor.py:186} INFO - Started process (PID=211) to work on /home/airflow/.local/lib/python3.12/site-packages/airflow/example_dags/example_task_group_decorator.py
[2024-12-23T19:49:21.400+0000] {processor.py:914} INFO - Processing file /home/airflow/.local/lib/python3.12/site-packages/airflow/example_dags/example_task_group_decorator.py for tasks to queue
[2024-12-23T19:49:21.426+0000] {logging_mixin.py:190} INFO - [2024-12-23T19:49:21.425+0000] {dagbag.py:588} INFO - Filling up the DagBag from /home/airflow/.local/lib/python3.12/site-packages/airflow/example_dags/example_task_group_decorator.py
[2024-12-23T19:49:21.565+0000] {processor.py:925} INFO - DAG(s) 'example_task_group_decorator' retrieved from /home/airflow/.local/lib/python3.12/site-packages/airflow/example_dags/example_task_group_decorator.py
[2024-12-23T19:49:21.585+0000] {logging_mixin.py:190} INFO - [2024-12-23T19:49:21.584+0000] {dag.py:3239} INFO - Sync 1 DAGs
[2024-12-23T19:49:21.597+0000] {logging_mixin.py:190} INFO - [2024-12-23T19:49:21.597+0000] {dag.py:4180} INFO - Setting next_dagrun for example_task_group_decorator to None, run_after=None
[2024-12-23T19:49:21.615+0000] {processor.py:208} INFO - Processing /home/airflow/.local/lib/python3.12/site-packages/airflow/example_dags/example_task_group_decorator.py took 0.227 seconds
[2024-12-23T19:49:51.803+0000] {processor.py:186} INFO - Started process (PID=274) to work on /home/airflow/.local/lib/python3.12/site-packages/airflow/example_dags/example_task_group_decorator.py
[2024-12-23T19:49:51.804+0000] {processor.py:914} INFO - Processing file /home/airflow/.local/lib/python3.12/site-packages/airflow/example_dags/example_task_group_decorator.py for tasks to queue
[2024-12-23T19:49:51.807+0000] {logging_mixin.py:190} INFO - [2024-12-23T19:49:51.807+0000] {dagbag.py:588} INFO - Filling up the DagBag from /home/airflow/.local/lib/python3.12/site-packages/airflow/example_dags/example_task_group_decorator.py
[2024-12-23T19:49:51.825+0000] {processor.py:925} INFO - DAG(s) 'example_task_group_decorator' retrieved from /home/airflow/.local/lib/python3.12/site-packages/airflow/example_dags/example_task_group_decorator.py
[2024-12-23T19:49:51.846+0000] {logging_mixin.py:190} INFO - [2024-12-23T19:49:51.846+0000] {dag.py:3239} INFO - Sync 1 DAGs
[2024-12-23T19:49:51.864+0000] {logging_mixin.py:190} INFO - [2024-12-23T19:49:51.864+0000] {dag.py:4180} INFO - Setting next_dagrun for example_task_group_decorator to None, run_after=None
[2024-12-23T19:49:51.885+0000] {processor.py:208} INFO - Processing /home/airflow/.local/lib/python3.12/site-packages/airflow/example_dags/example_task_group_decorator.py took 0.090 seconds
[2024-12-23T19:50:24.396+0000] {processor.py:186} INFO - Started process (PID=337) to work on /home/airflow/.local/lib/python3.12/site-packages/airflow/example_dags/example_task_group_decorator.py
[2024-12-23T19:50:24.397+0000] {processor.py:914} INFO - Processing file /home/airflow/.local/lib/python3.12/site-packages/airflow/example_dags/example_task_group_decorator.py for tasks to queue
[2024-12-23T19:50:24.399+0000] {logging_mixin.py:190} INFO - [2024-12-23T19:50:24.399+0000] {dagbag.py:588} INFO - Filling up the DagBag from /home/airflow/.local/lib/python3.12/site-packages/airflow/example_dags/example_task_group_decorator.py
[2024-12-23T19:50:24.414+0000] {processor.py:925} INFO - DAG(s) 'example_task_group_decorator' retrieved from /home/airflow/.local/lib/python3.12/site-packages/airflow/example_dags/example_task_group_decorator.py
[2024-12-23T19:50:24.441+0000] {logging_mixin.py:190} INFO - [2024-12-23T19:50:24.441+0000] {dag.py:3239} INFO - Sync 1 DAGs
[2024-12-23T19:50:24.455+0000] {logging_mixin.py:190} INFO - [2024-12-23T19:50:24.454+0000] {dag.py:4180} INFO - Setting next_dagrun for example_task_group_decorator to None, run_after=None
[2024-12-23T19:50:24.471+0000] {processor.py:208} INFO - Processing /home/airflow/.local/lib/python3.12/site-packages/airflow/example_dags/example_task_group_decorator.py took 0.081 seconds
[2024-12-23T19:50:58.269+0000] {processor.py:186} INFO - Started process (PID=407) to work on /home/airflow/.local/lib/python3.12/site-packages/airflow/example_dags/example_task_group_decorator.py
[2024-12-23T19:50:58.270+0000] {processor.py:914} INFO - Processing file /home/airflow/.local/lib/python3.12/site-packages/airflow/example_dags/example_task_group_decorator.py for tasks to queue
[2024-12-23T19:50:58.272+0000] {logging_mixin.py:190} INFO - [2024-12-23T19:50:58.272+0000] {dagbag.py:588} INFO - Filling up the DagBag from /home/airflow/.local/lib/python3.12/site-packages/airflow/example_dags/example_task_group_decorator.py
[2024-12-23T19:50:58.288+0000] {processor.py:925} INFO - DAG(s) 'example_task_group_decorator' retrieved from /home/airflow/.local/lib/python3.12/site-packages/airflow/example_dags/example_task_group_decorator.py
[2024-12-23T19:50:58.313+0000] {logging_mixin.py:190} INFO - [2024-12-23T19:50:58.312+0000] {dag.py:3239} INFO - Sync 1 DAGs
[2024-12-23T19:50:58.326+0000] {logging_mixin.py:190} INFO - [2024-12-23T19:50:58.326+0000] {dag.py:4180} INFO - Setting next_dagrun for example_task_group_decorator to None, run_after=None
[2024-12-23T19:50:58.346+0000] {processor.py:208} INFO - Processing /home/airflow/.local/lib/python3.12/site-packages/airflow/example_dags/example_task_group_decorator.py took 0.084 seconds
[2024-12-23T19:51:51.430+0000] {processor.py:186} INFO - Started process (PID=470) to work on /home/airflow/.local/lib/python3.12/site-packages/airflow/example_dags/example_task_group_decorator.py
[2024-12-23T19:51:51.431+0000] {processor.py:914} INFO - Processing file /home/airflow/.local/lib/python3.12/site-packages/airflow/example_dags/example_task_group_decorator.py for tasks to queue
[2024-12-23T19:51:51.434+0000] {logging_mixin.py:190} INFO - [2024-12-23T19:51:51.433+0000] {dagbag.py:588} INFO - Filling up the DagBag from /home/airflow/.local/lib/python3.12/site-packages/airflow/example_dags/example_task_group_decorator.py
[2024-12-23T19:51:51.451+0000] {processor.py:925} INFO - DAG(s) 'example_task_group_decorator' retrieved from /home/airflow/.local/lib/python3.12/site-packages/airflow/example_dags/example_task_group_decorator.py
[2024-12-23T19:51:51.479+0000] {logging_mixin.py:190} INFO - [2024-12-23T19:51:51.479+0000] {dag.py:3239} INFO - Sync 1 DAGs
[2024-12-23T19:51:51.497+0000] {logging_mixin.py:190} INFO - [2024-12-23T19:51:51.497+0000] {dag.py:4180} INFO - Setting next_dagrun for example_task_group_decorator to None, run_after=None
[2024-12-23T19:51:51.518+0000] {processor.py:208} INFO - Processing /home/airflow/.local/lib/python3.12/site-packages/airflow/example_dags/example_task_group_decorator.py took 0.096 seconds
[2024-12-23T19:52:30.767+0000] {processor.py:186} INFO - Started process (PID=540) to work on /home/airflow/.local/lib/python3.12/site-packages/airflow/example_dags/example_task_group_decorator.py
[2024-12-23T19:52:30.776+0000] {processor.py:914} INFO - Processing file /home/airflow/.local/lib/python3.12/site-packages/airflow/example_dags/example_task_group_decorator.py for tasks to queue
[2024-12-23T19:52:30.808+0000] {logging_mixin.py:190} INFO - [2024-12-23T19:52:30.807+0000] {dagbag.py:588} INFO - Filling up the DagBag from /home/airflow/.local/lib/python3.12/site-packages/airflow/example_dags/example_task_group_decorator.py
[2024-12-23T19:52:30.911+0000] {processor.py:925} INFO - DAG(s) 'example_task_group_decorator' retrieved from /home/airflow/.local/lib/python3.12/site-packages/airflow/example_dags/example_task_group_decorator.py
[2024-12-23T19:52:31.092+0000] {logging_mixin.py:190} INFO - [2024-12-23T19:52:31.091+0000] {dag.py:3239} INFO - Sync 1 DAGs
[2024-12-23T19:52:31.242+0000] {logging_mixin.py:190} INFO - [2024-12-23T19:52:31.242+0000] {dag.py:4180} INFO - Setting next_dagrun for example_task_group_decorator to None, run_after=None
[2024-12-23T19:52:31.362+0000] {processor.py:208} INFO - Processing /home/airflow/.local/lib/python3.12/site-packages/airflow/example_dags/example_task_group_decorator.py took 0.713 seconds
[2024-12-23T19:53:02.216+0000] {processor.py:186} INFO - Started process (PID=603) to work on /home/airflow/.local/lib/python3.12/site-packages/airflow/example_dags/example_task_group_decorator.py
[2024-12-23T19:53:02.217+0000] {processor.py:914} INFO - Processing file /home/airflow/.local/lib/python3.12/site-packages/airflow/example_dags/example_task_group_decorator.py for tasks to queue
[2024-12-23T19:53:02.220+0000] {logging_mixin.py:190} INFO - [2024-12-23T19:53:02.220+0000] {dagbag.py:588} INFO - Filling up the DagBag from /home/airflow/.local/lib/python3.12/site-packages/airflow/example_dags/example_task_group_decorator.py
[2024-12-23T19:53:02.233+0000] {processor.py:925} INFO - DAG(s) 'example_task_group_decorator' retrieved from /home/airflow/.local/lib/python3.12/site-packages/airflow/example_dags/example_task_group_decorator.py
[2024-12-23T19:53:02.256+0000] {logging_mixin.py:190} INFO - [2024-12-23T19:53:02.256+0000] {dag.py:3239} INFO - Sync 1 DAGs
[2024-12-23T19:53:02.272+0000] {logging_mixin.py:190} INFO - [2024-12-23T19:53:02.272+0000] {dag.py:4180} INFO - Setting next_dagrun for example_task_group_decorator to None, run_after=None
[2024-12-23T19:53:02.294+0000] {processor.py:208} INFO - Processing /home/airflow/.local/lib/python3.12/site-packages/airflow/example_dags/example_task_group_decorator.py took 0.083 seconds
[2024-12-23T19:53:33.206+0000] {processor.py:186} INFO - Started process (PID=666) to work on /home/airflow/.local/lib/python3.12/site-packages/airflow/example_dags/example_task_group_decorator.py
[2024-12-23T19:53:33.207+0000] {processor.py:914} INFO - Processing file /home/airflow/.local/lib/python3.12/site-packages/airflow/example_dags/example_task_group_decorator.py for tasks to queue
[2024-12-23T19:53:33.210+0000] {logging_mixin.py:190} INFO - [2024-12-23T19:53:33.209+0000] {dagbag.py:588} INFO - Filling up the DagBag from /home/airflow/.local/lib/python3.12/site-packages/airflow/example_dags/example_task_group_decorator.py
[2024-12-23T19:53:33.224+0000] {processor.py:925} INFO - DAG(s) 'example_task_group_decorator' retrieved from /home/airflow/.local/lib/python3.12/site-packages/airflow/example_dags/example_task_group_decorator.py
[2024-12-23T19:53:33.248+0000] {logging_mixin.py:190} INFO - [2024-12-23T19:53:33.248+0000] {dag.py:3239} INFO - Sync 1 DAGs
[2024-12-23T19:53:33.267+0000] {logging_mixin.py:190} INFO - [2024-12-23T19:53:33.266+0000] {dag.py:4180} INFO - Setting next_dagrun for example_task_group_decorator to None, run_after=None
[2024-12-23T19:53:33.285+0000] {processor.py:208} INFO - Processing /home/airflow/.local/lib/python3.12/site-packages/airflow/example_dags/example_task_group_decorator.py took 0.085 seconds
[2024-12-23T19:54:03.617+0000] {processor.py:186} INFO - Started process (PID=729) to work on /home/airflow/.local/lib/python3.12/site-packages/airflow/example_dags/example_task_group_decorator.py
[2024-12-23T19:54:03.618+0000] {processor.py:914} INFO - Processing file /home/airflow/.local/lib/python3.12/site-packages/airflow/example_dags/example_task_group_decorator.py for tasks to queue
[2024-12-23T19:54:03.621+0000] {logging_mixin.py:190} INFO - [2024-12-23T19:54:03.620+0000] {dagbag.py:588} INFO - Filling up the DagBag from /home/airflow/.local/lib/python3.12/site-packages/airflow/example_dags/example_task_group_decorator.py
[2024-12-23T19:54:03.635+0000] {processor.py:925} INFO - DAG(s) 'example_task_group_decorator' retrieved from /home/airflow/.local/lib/python3.12/site-packages/airflow/example_dags/example_task_group_decorator.py
[2024-12-23T19:54:03.657+0000] {logging_mixin.py:190} INFO - [2024-12-23T19:54:03.657+0000] {dag.py:3239} INFO - Sync 1 DAGs
[2024-12-23T19:54:03.671+0000] {logging_mixin.py:190} INFO - [2024-12-23T19:54:03.671+0000] {dag.py:4180} INFO - Setting next_dagrun for example_task_group_decorator to None, run_after=None
[2024-12-23T19:54:03.687+0000] {processor.py:208} INFO - Processing /home/airflow/.local/lib/python3.12/site-packages/airflow/example_dags/example_task_group_decorator.py took 0.076 seconds
[2024-12-23T19:54:33.982+0000] {processor.py:186} INFO - Started process (PID=792) to work on /home/airflow/.local/lib/python3.12/site-packages/airflow/example_dags/example_task_group_decorator.py
[2024-12-23T19:54:33.983+0000] {processor.py:914} INFO - Processing file /home/airflow/.local/lib/python3.12/site-packages/airflow/example_dags/example_task_group_decorator.py for tasks to queue
[2024-12-23T19:54:33.986+0000] {logging_mixin.py:190} INFO - [2024-12-23T19:54:33.985+0000] {dagbag.py:588} INFO - Filling up the DagBag from /home/airflow/.local/lib/python3.12/site-packages/airflow/example_dags/example_task_group_decorator.py
[2024-12-23T19:54:33.998+0000] {processor.py:925} INFO - DAG(s) 'example_task_group_decorator' retrieved from /home/airflow/.local/lib/python3.12/site-packages/airflow/example_dags/example_task_group_decorator.py
[2024-12-23T19:54:34.019+0000] {logging_mixin.py:190} INFO - [2024-12-23T19:54:34.019+0000] {dag.py:3239} INFO - Sync 1 DAGs
[2024-12-23T19:54:34.031+0000] {logging_mixin.py:190} INFO - [2024-12-23T19:54:34.031+0000] {dag.py:4180} INFO - Setting next_dagrun for example_task_group_decorator to None, run_after=None
[2024-12-23T19:54:34.046+0000] {processor.py:208} INFO - Processing /home/airflow/.local/lib/python3.12/site-packages/airflow/example_dags/example_task_group_decorator.py took 0.070 seconds
[2024-12-23T19:55:05.054+0000] {processor.py:186} INFO - Started process (PID=855) to work on /home/airflow/.local/lib/python3.12/site-packages/airflow/example_dags/example_task_group_decorator.py
[2024-12-23T19:55:05.055+0000] {processor.py:914} INFO - Processing file /home/airflow/.local/lib/python3.12/site-packages/airflow/example_dags/example_task_group_decorator.py for tasks to queue
[2024-12-23T19:55:05.058+0000] {logging_mixin.py:190} INFO - [2024-12-23T19:55:05.057+0000] {dagbag.py:588} INFO - Filling up the DagBag from /home/airflow/.local/lib/python3.12/site-packages/airflow/example_dags/example_task_group_decorator.py
[2024-12-23T19:55:05.071+0000] {processor.py:925} INFO - DAG(s) 'example_task_group_decorator' retrieved from /home/airflow/.local/lib/python3.12/site-packages/airflow/example_dags/example_task_group_decorator.py
[2024-12-23T19:55:05.093+0000] {logging_mixin.py:190} INFO - [2024-12-23T19:55:05.093+0000] {dag.py:3239} INFO - Sync 1 DAGs
[2024-12-23T19:55:05.107+0000] {logging_mixin.py:190} INFO - [2024-12-23T19:55:05.106+0000] {dag.py:4180} INFO - Setting next_dagrun for example_task_group_decorator to None, run_after=None
[2024-12-23T19:55:05.126+0000] {processor.py:208} INFO - Processing /home/airflow/.local/lib/python3.12/site-packages/airflow/example_dags/example_task_group_decorator.py took 0.076 seconds
[2024-12-23T19:55:36.796+0000] {processor.py:186} INFO - Started process (PID=918) to work on /home/airflow/.local/lib/python3.12/site-packages/airflow/example_dags/example_task_group_decorator.py
[2024-12-23T19:55:36.798+0000] {processor.py:914} INFO - Processing file /home/airflow/.local/lib/python3.12/site-packages/airflow/example_dags/example_task_group_decorator.py for tasks to queue
[2024-12-23T19:55:36.801+0000] {logging_mixin.py:190} INFO - [2024-12-23T19:55:36.800+0000] {dagbag.py:588} INFO - Filling up the DagBag from /home/airflow/.local/lib/python3.12/site-packages/airflow/example_dags/example_task_group_decorator.py
[2024-12-23T19:55:36.817+0000] {processor.py:925} INFO - DAG(s) 'example_task_group_decorator' retrieved from /home/airflow/.local/lib/python3.12/site-packages/airflow/example_dags/example_task_group_decorator.py
[2024-12-23T19:55:36.841+0000] {logging_mixin.py:190} INFO - [2024-12-23T19:55:36.841+0000] {dag.py:3239} INFO - Sync 1 DAGs
[2024-12-23T19:55:36.857+0000] {logging_mixin.py:190} INFO - [2024-12-23T19:55:36.856+0000] {dag.py:4180} INFO - Setting next_dagrun for example_task_group_decorator to None, run_after=None
[2024-12-23T19:55:36.883+0000] {processor.py:208} INFO - Processing /home/airflow/.local/lib/python3.12/site-packages/airflow/example_dags/example_task_group_decorator.py took 0.094 seconds
[2024-12-23T19:56:08.933+0000] {processor.py:186} INFO - Started process (PID=981) to work on /home/airflow/.local/lib/python3.12/site-packages/airflow/example_dags/example_task_group_decorator.py
[2024-12-23T19:56:08.934+0000] {processor.py:914} INFO - Processing file /home/airflow/.local/lib/python3.12/site-packages/airflow/example_dags/example_task_group_decorator.py for tasks to queue
[2024-12-23T19:56:08.936+0000] {logging_mixin.py:190} INFO - [2024-12-23T19:56:08.936+0000] {dagbag.py:588} INFO - Filling up the DagBag from /home/airflow/.local/lib/python3.12/site-packages/airflow/example_dags/example_task_group_decorator.py
[2024-12-23T19:56:08.950+0000] {processor.py:925} INFO - DAG(s) 'example_task_group_decorator' retrieved from /home/airflow/.local/lib/python3.12/site-packages/airflow/example_dags/example_task_group_decorator.py
[2024-12-23T19:56:08.971+0000] {logging_mixin.py:190} INFO - [2024-12-23T19:56:08.970+0000] {dag.py:3239} INFO - Sync 1 DAGs
[2024-12-23T19:56:08.984+0000] {logging_mixin.py:190} INFO - [2024-12-23T19:56:08.984+0000] {dag.py:4180} INFO - Setting next_dagrun for example_task_group_decorator to None, run_after=None
[2024-12-23T19:56:09.003+0000] {processor.py:208} INFO - Processing /home/airflow/.local/lib/python3.12/site-packages/airflow/example_dags/example_task_group_decorator.py took 0.075 seconds
[2024-12-23T19:56:39.657+0000] {processor.py:186} INFO - Started process (PID=1044) to work on /home/airflow/.local/lib/python3.12/site-packages/airflow/example_dags/example_task_group_decorator.py
[2024-12-23T19:56:39.658+0000] {processor.py:914} INFO - Processing file /home/airflow/.local/lib/python3.12/site-packages/airflow/example_dags/example_task_group_decorator.py for tasks to queue
[2024-12-23T19:56:39.661+0000] {logging_mixin.py:190} INFO - [2024-12-23T19:56:39.661+0000] {dagbag.py:588} INFO - Filling up the DagBag from /home/airflow/.local/lib/python3.12/site-packages/airflow/example_dags/example_task_group_decorator.py
[2024-12-23T19:56:39.678+0000] {processor.py:925} INFO - DAG(s) 'example_task_group_decorator' retrieved from /home/airflow/.local/lib/python3.12/site-packages/airflow/example_dags/example_task_group_decorator.py
[2024-12-23T19:56:39.705+0000] {logging_mixin.py:190} INFO - [2024-12-23T19:56:39.704+0000] {dag.py:3239} INFO - Sync 1 DAGs
[2024-12-23T19:56:39.722+0000] {logging_mixin.py:190} INFO - [2024-12-23T19:56:39.721+0000] {dag.py:4180} INFO - Setting next_dagrun for example_task_group_decorator to None, run_after=None
[2024-12-23T19:56:39.738+0000] {processor.py:208} INFO - Processing /home/airflow/.local/lib/python3.12/site-packages/airflow/example_dags/example_task_group_decorator.py took 0.086 seconds
[2024-12-23T19:57:11.408+0000] {processor.py:186} INFO - Started process (PID=1107) to work on /home/airflow/.local/lib/python3.12/site-packages/airflow/example_dags/example_task_group_decorator.py
[2024-12-23T19:57:11.409+0000] {processor.py:914} INFO - Processing file /home/airflow/.local/lib/python3.12/site-packages/airflow/example_dags/example_task_group_decorator.py for tasks to queue
[2024-12-23T19:57:11.411+0000] {logging_mixin.py:190} INFO - [2024-12-23T19:57:11.410+0000] {dagbag.py:588} INFO - Filling up the DagBag from /home/airflow/.local/lib/python3.12/site-packages/airflow/example_dags/example_task_group_decorator.py
[2024-12-23T19:57:11.429+0000] {processor.py:925} INFO - DAG(s) 'example_task_group_decorator' retrieved from /home/airflow/.local/lib/python3.12/site-packages/airflow/example_dags/example_task_group_decorator.py
[2024-12-23T19:57:11.453+0000] {logging_mixin.py:190} INFO - [2024-12-23T19:57:11.452+0000] {dag.py:3239} INFO - Sync 1 DAGs
[2024-12-23T19:57:11.466+0000] {logging_mixin.py:190} INFO - [2024-12-23T19:57:11.466+0000] {dag.py:4180} INFO - Setting next_dagrun for example_task_group_decorator to None, run_after=None
[2024-12-23T19:57:11.485+0000] {processor.py:208} INFO - Processing /home/airflow/.local/lib/python3.12/site-packages/airflow/example_dags/example_task_group_decorator.py took 0.083 seconds
[2024-12-23T19:57:42.199+0000] {processor.py:186} INFO - Started process (PID=1170) to work on /home/airflow/.local/lib/python3.12/site-packages/airflow/example_dags/example_task_group_decorator.py
[2024-12-23T19:57:42.201+0000] {processor.py:914} INFO - Processing file /home/airflow/.local/lib/python3.12/site-packages/airflow/example_dags/example_task_group_decorator.py for tasks to queue
[2024-12-23T19:57:42.203+0000] {logging_mixin.py:190} INFO - [2024-12-23T19:57:42.202+0000] {dagbag.py:588} INFO - Filling up the DagBag from /home/airflow/.local/lib/python3.12/site-packages/airflow/example_dags/example_task_group_decorator.py
[2024-12-23T19:57:42.215+0000] {processor.py:925} INFO - DAG(s) 'example_task_group_decorator' retrieved from /home/airflow/.local/lib/python3.12/site-packages/airflow/example_dags/example_task_group_decorator.py
[2024-12-23T19:57:42.236+0000] {logging_mixin.py:190} INFO - [2024-12-23T19:57:42.236+0000] {dag.py:3239} INFO - Sync 1 DAGs
[2024-12-23T19:57:42.248+0000] {logging_mixin.py:190} INFO - [2024-12-23T19:57:42.248+0000] {dag.py:4180} INFO - Setting next_dagrun for example_task_group_decorator to None, run_after=None
[2024-12-23T19:57:42.264+0000] {processor.py:208} INFO - Processing /home/airflow/.local/lib/python3.12/site-packages/airflow/example_dags/example_task_group_decorator.py took 0.070 seconds
[2024-12-23T19:58:13.048+0000] {processor.py:186} INFO - Started process (PID=1233) to work on /home/airflow/.local/lib/python3.12/site-packages/airflow/example_dags/example_task_group_decorator.py
[2024-12-23T19:58:13.049+0000] {processor.py:914} INFO - Processing file /home/airflow/.local/lib/python3.12/site-packages/airflow/example_dags/example_task_group_decorator.py for tasks to queue
[2024-12-23T19:58:13.051+0000] {logging_mixin.py:190} INFO - [2024-12-23T19:58:13.051+0000] {dagbag.py:588} INFO - Filling up the DagBag from /home/airflow/.local/lib/python3.12/site-packages/airflow/example_dags/example_task_group_decorator.py
[2024-12-23T19:58:13.066+0000] {processor.py:925} INFO - DAG(s) 'example_task_group_decorator' retrieved from /home/airflow/.local/lib/python3.12/site-packages/airflow/example_dags/example_task_group_decorator.py
[2024-12-23T19:58:13.088+0000] {logging_mixin.py:190} INFO - [2024-12-23T19:58:13.088+0000] {dag.py:3239} INFO - Sync 1 DAGs
[2024-12-23T19:58:13.100+0000] {logging_mixin.py:190} INFO - [2024-12-23T19:58:13.100+0000] {dag.py:4180} INFO - Setting next_dagrun for example_task_group_decorator to None, run_after=None
[2024-12-23T19:58:13.117+0000] {processor.py:208} INFO - Processing /home/airflow/.local/lib/python3.12/site-packages/airflow/example_dags/example_task_group_decorator.py took 0.074 seconds
[2024-12-23T19:58:44.098+0000] {processor.py:186} INFO - Started process (PID=1296) to work on /home/airflow/.local/lib/python3.12/site-packages/airflow/example_dags/example_task_group_decorator.py
[2024-12-23T19:58:44.099+0000] {processor.py:914} INFO - Processing file /home/airflow/.local/lib/python3.12/site-packages/airflow/example_dags/example_task_group_decorator.py for tasks to queue
[2024-12-23T19:58:44.102+0000] {logging_mixin.py:190} INFO - [2024-12-23T19:58:44.102+0000] {dagbag.py:588} INFO - Filling up the DagBag from /home/airflow/.local/lib/python3.12/site-packages/airflow/example_dags/example_task_group_decorator.py
[2024-12-23T19:58:44.118+0000] {processor.py:925} INFO - DAG(s) 'example_task_group_decorator' retrieved from /home/airflow/.local/lib/python3.12/site-packages/airflow/example_dags/example_task_group_decorator.py
[2024-12-23T19:58:44.145+0000] {logging_mixin.py:190} INFO - [2024-12-23T19:58:44.145+0000] {dag.py:3239} INFO - Sync 1 DAGs
[2024-12-23T19:58:44.161+0000] {logging_mixin.py:190} INFO - [2024-12-23T19:58:44.161+0000] {dag.py:4180} INFO - Setting next_dagrun for example_task_group_decorator to None, run_after=None
[2024-12-23T19:58:44.180+0000] {processor.py:208} INFO - Processing /home/airflow/.local/lib/python3.12/site-packages/airflow/example_dags/example_task_group_decorator.py took 0.087 seconds
[2024-12-23T19:59:15.627+0000] {processor.py:186} INFO - Started process (PID=1360) to work on /home/airflow/.local/lib/python3.12/site-packages/airflow/example_dags/example_task_group_decorator.py
[2024-12-23T19:59:15.628+0000] {processor.py:914} INFO - Processing file /home/airflow/.local/lib/python3.12/site-packages/airflow/example_dags/example_task_group_decorator.py for tasks to queue
[2024-12-23T19:59:15.631+0000] {logging_mixin.py:190} INFO - [2024-12-23T19:59:15.630+0000] {dagbag.py:588} INFO - Filling up the DagBag from /home/airflow/.local/lib/python3.12/site-packages/airflow/example_dags/example_task_group_decorator.py
[2024-12-23T19:59:15.649+0000] {processor.py:925} INFO - DAG(s) 'example_task_group_decorator' retrieved from /home/airflow/.local/lib/python3.12/site-packages/airflow/example_dags/example_task_group_decorator.py
[2024-12-23T19:59:15.672+0000] {logging_mixin.py:190} INFO - [2024-12-23T19:59:15.671+0000] {dag.py:3239} INFO - Sync 1 DAGs
[2024-12-23T19:59:15.687+0000] {logging_mixin.py:190} INFO - [2024-12-23T19:59:15.687+0000] {dag.py:4180} INFO - Setting next_dagrun for example_task_group_decorator to None, run_after=None
[2024-12-23T19:59:15.708+0000] {processor.py:208} INFO - Processing /home/airflow/.local/lib/python3.12/site-packages/airflow/example_dags/example_task_group_decorator.py took 0.086 seconds
[2024-12-23T19:59:46.769+0000] {processor.py:186} INFO - Started process (PID=1423) to work on /home/airflow/.local/lib/python3.12/site-packages/airflow/example_dags/example_task_group_decorator.py
[2024-12-23T19:59:46.770+0000] {processor.py:914} INFO - Processing file /home/airflow/.local/lib/python3.12/site-packages/airflow/example_dags/example_task_group_decorator.py for tasks to queue
[2024-12-23T19:59:46.772+0000] {logging_mixin.py:190} INFO - [2024-12-23T19:59:46.772+0000] {dagbag.py:588} INFO - Filling up the DagBag from /home/airflow/.local/lib/python3.12/site-packages/airflow/example_dags/example_task_group_decorator.py
[2024-12-23T19:59:46.786+0000] {processor.py:925} INFO - DAG(s) 'example_task_group_decorator' retrieved from /home/airflow/.local/lib/python3.12/site-packages/airflow/example_dags/example_task_group_decorator.py
[2024-12-23T19:59:46.810+0000] {logging_mixin.py:190} INFO - [2024-12-23T19:59:46.810+0000] {dag.py:3239} INFO - Sync 1 DAGs
[2024-12-23T19:59:46.825+0000] {logging_mixin.py:190} INFO - [2024-12-23T19:59:46.824+0000] {dag.py:4180} INFO - Setting next_dagrun for example_task_group_decorator to None, run_after=None
[2024-12-23T19:59:46.843+0000] {processor.py:208} INFO - Processing /home/airflow/.local/lib/python3.12/site-packages/airflow/example_dags/example_task_group_decorator.py took 0.080 seconds
[2024-12-23T20:00:17.629+0000] {processor.py:186} INFO - Started process (PID=1486) to work on /home/airflow/.local/lib/python3.12/site-packages/airflow/example_dags/example_task_group_decorator.py
[2024-12-23T20:00:17.630+0000] {processor.py:914} INFO - Processing file /home/airflow/.local/lib/python3.12/site-packages/airflow/example_dags/example_task_group_decorator.py for tasks to queue
[2024-12-23T20:00:17.633+0000] {logging_mixin.py:190} INFO - [2024-12-23T20:00:17.632+0000] {dagbag.py:588} INFO - Filling up the DagBag from /home/airflow/.local/lib/python3.12/site-packages/airflow/example_dags/example_task_group_decorator.py
[2024-12-23T20:00:17.647+0000] {processor.py:925} INFO - DAG(s) 'example_task_group_decorator' retrieved from /home/airflow/.local/lib/python3.12/site-packages/airflow/example_dags/example_task_group_decorator.py
[2024-12-23T20:00:17.670+0000] {logging_mixin.py:190} INFO - [2024-12-23T20:00:17.670+0000] {dag.py:3239} INFO - Sync 1 DAGs
[2024-12-23T20:00:17.683+0000] {logging_mixin.py:190} INFO - [2024-12-23T20:00:17.682+0000] {dag.py:4180} INFO - Setting next_dagrun for example_task_group_decorator to None, run_after=None
[2024-12-23T20:00:17.702+0000] {processor.py:208} INFO - Processing /home/airflow/.local/lib/python3.12/site-packages/airflow/example_dags/example_task_group_decorator.py took 0.078 seconds
[2024-12-23T20:00:49.932+0000] {processor.py:186} INFO - Started process (PID=1549) to work on /home/airflow/.local/lib/python3.12/site-packages/airflow/example_dags/example_task_group_decorator.py
[2024-12-23T20:00:49.934+0000] {processor.py:914} INFO - Processing file /home/airflow/.local/lib/python3.12/site-packages/airflow/example_dags/example_task_group_decorator.py for tasks to queue
[2024-12-23T20:00:49.937+0000] {logging_mixin.py:190} INFO - [2024-12-23T20:00:49.937+0000] {dagbag.py:588} INFO - Filling up the DagBag from /home/airflow/.local/lib/python3.12/site-packages/airflow/example_dags/example_task_group_decorator.py
[2024-12-23T20:00:49.954+0000] {processor.py:925} INFO - DAG(s) 'example_task_group_decorator' retrieved from /home/airflow/.local/lib/python3.12/site-packages/airflow/example_dags/example_task_group_decorator.py
[2024-12-23T20:00:49.983+0000] {logging_mixin.py:190} INFO - [2024-12-23T20:00:49.983+0000] {dag.py:3239} INFO - Sync 1 DAGs
[2024-12-23T20:00:50.000+0000] {logging_mixin.py:190} INFO - [2024-12-23T20:00:50.000+0000] {dag.py:4180} INFO - Setting next_dagrun for example_task_group_decorator to None, run_after=None
[2024-12-23T20:00:50.027+0000] {processor.py:208} INFO - Processing /home/airflow/.local/lib/python3.12/site-packages/airflow/example_dags/example_task_group_decorator.py took 0.102 seconds
[2024-12-23T20:01:21.064+0000] {processor.py:186} INFO - Started process (PID=1612) to work on /home/airflow/.local/lib/python3.12/site-packages/airflow/example_dags/example_task_group_decorator.py
[2024-12-23T20:01:21.065+0000] {processor.py:914} INFO - Processing file /home/airflow/.local/lib/python3.12/site-packages/airflow/example_dags/example_task_group_decorator.py for tasks to queue
[2024-12-23T20:01:21.067+0000] {logging_mixin.py:190} INFO - [2024-12-23T20:01:21.066+0000] {dagbag.py:588} INFO - Filling up the DagBag from /home/airflow/.local/lib/python3.12/site-packages/airflow/example_dags/example_task_group_decorator.py
[2024-12-23T20:01:21.081+0000] {processor.py:925} INFO - DAG(s) 'example_task_group_decorator' retrieved from /home/airflow/.local/lib/python3.12/site-packages/airflow/example_dags/example_task_group_decorator.py
[2024-12-23T20:01:21.105+0000] {logging_mixin.py:190} INFO - [2024-12-23T20:01:21.105+0000] {dag.py:3239} INFO - Sync 1 DAGs
[2024-12-23T20:01:21.118+0000] {logging_mixin.py:190} INFO - [2024-12-23T20:01:21.117+0000] {dag.py:4180} INFO - Setting next_dagrun for example_task_group_decorator to None, run_after=None
[2024-12-23T20:01:21.134+0000] {processor.py:208} INFO - Processing /home/airflow/.local/lib/python3.12/site-packages/airflow/example_dags/example_task_group_decorator.py took 0.076 seconds
[2024-12-23T20:01:51.334+0000] {processor.py:186} INFO - Started process (PID=1675) to work on /home/airflow/.local/lib/python3.12/site-packages/airflow/example_dags/example_task_group_decorator.py
[2024-12-23T20:01:51.335+0000] {processor.py:914} INFO - Processing file /home/airflow/.local/lib/python3.12/site-packages/airflow/example_dags/example_task_group_decorator.py for tasks to queue
[2024-12-23T20:01:51.337+0000] {logging_mixin.py:190} INFO - [2024-12-23T20:01:51.337+0000] {dagbag.py:588} INFO - Filling up the DagBag from /home/airflow/.local/lib/python3.12/site-packages/airflow/example_dags/example_task_group_decorator.py
[2024-12-23T20:01:51.350+0000] {processor.py:925} INFO - DAG(s) 'example_task_group_decorator' retrieved from /home/airflow/.local/lib/python3.12/site-packages/airflow/example_dags/example_task_group_decorator.py
[2024-12-23T20:01:51.371+0000] {logging_mixin.py:190} INFO - [2024-12-23T20:01:51.371+0000] {dag.py:3239} INFO - Sync 1 DAGs
[2024-12-23T20:01:51.383+0000] {logging_mixin.py:190} INFO - [2024-12-23T20:01:51.383+0000] {dag.py:4180} INFO - Setting next_dagrun for example_task_group_decorator to None, run_after=None
[2024-12-23T20:01:51.399+0000] {processor.py:208} INFO - Processing /home/airflow/.local/lib/python3.12/site-packages/airflow/example_dags/example_task_group_decorator.py took 0.071 seconds
[2024-12-23T20:02:22.230+0000] {processor.py:186} INFO - Started process (PID=1744) to work on /home/airflow/.local/lib/python3.12/site-packages/airflow/example_dags/example_task_group_decorator.py
[2024-12-23T20:02:22.231+0000] {processor.py:914} INFO - Processing file /home/airflow/.local/lib/python3.12/site-packages/airflow/example_dags/example_task_group_decorator.py for tasks to queue
[2024-12-23T20:02:22.234+0000] {logging_mixin.py:190} INFO - [2024-12-23T20:02:22.234+0000] {dagbag.py:588} INFO - Filling up the DagBag from /home/airflow/.local/lib/python3.12/site-packages/airflow/example_dags/example_task_group_decorator.py
[2024-12-23T20:02:22.249+0000] {processor.py:925} INFO - DAG(s) 'example_task_group_decorator' retrieved from /home/airflow/.local/lib/python3.12/site-packages/airflow/example_dags/example_task_group_decorator.py
[2024-12-23T20:02:22.276+0000] {logging_mixin.py:190} INFO - [2024-12-23T20:02:22.276+0000] {dag.py:3239} INFO - Sync 1 DAGs
[2024-12-23T20:02:22.292+0000] {logging_mixin.py:190} INFO - [2024-12-23T20:02:22.291+0000] {dag.py:4180} INFO - Setting next_dagrun for example_task_group_decorator to None, run_after=None
[2024-12-23T20:02:22.309+0000] {processor.py:208} INFO - Processing /home/airflow/.local/lib/python3.12/site-packages/airflow/example_dags/example_task_group_decorator.py took 0.083 seconds
[2024-12-23T20:02:53.307+0000] {processor.py:186} INFO - Started process (PID=1806) to work on /home/airflow/.local/lib/python3.12/site-packages/airflow/example_dags/example_task_group_decorator.py
[2024-12-23T20:02:53.308+0000] {processor.py:914} INFO - Processing file /home/airflow/.local/lib/python3.12/site-packages/airflow/example_dags/example_task_group_decorator.py for tasks to queue
[2024-12-23T20:02:53.310+0000] {logging_mixin.py:190} INFO - [2024-12-23T20:02:53.310+0000] {dagbag.py:588} INFO - Filling up the DagBag from /home/airflow/.local/lib/python3.12/site-packages/airflow/example_dags/example_task_group_decorator.py
[2024-12-23T20:02:53.325+0000] {processor.py:925} INFO - DAG(s) 'example_task_group_decorator' retrieved from /home/airflow/.local/lib/python3.12/site-packages/airflow/example_dags/example_task_group_decorator.py
[2024-12-23T20:02:53.349+0000] {logging_mixin.py:190} INFO - [2024-12-23T20:02:53.349+0000] {dag.py:3239} INFO - Sync 1 DAGs
[2024-12-23T20:02:53.366+0000] {logging_mixin.py:190} INFO - [2024-12-23T20:02:53.366+0000] {dag.py:4180} INFO - Setting next_dagrun for example_task_group_decorator to None, run_after=None
[2024-12-23T20:02:53.382+0000] {processor.py:208} INFO - Processing /home/airflow/.local/lib/python3.12/site-packages/airflow/example_dags/example_task_group_decorator.py took 0.082 seconds
[2024-12-23T20:03:25.330+0000] {processor.py:186} INFO - Started process (PID=1869) to work on /home/airflow/.local/lib/python3.12/site-packages/airflow/example_dags/example_task_group_decorator.py
[2024-12-23T20:03:25.332+0000] {processor.py:914} INFO - Processing file /home/airflow/.local/lib/python3.12/site-packages/airflow/example_dags/example_task_group_decorator.py for tasks to queue
[2024-12-23T20:03:25.335+0000] {logging_mixin.py:190} INFO - [2024-12-23T20:03:25.335+0000] {dagbag.py:588} INFO - Filling up the DagBag from /home/airflow/.local/lib/python3.12/site-packages/airflow/example_dags/example_task_group_decorator.py
[2024-12-23T20:03:25.356+0000] {processor.py:925} INFO - DAG(s) 'example_task_group_decorator' retrieved from /home/airflow/.local/lib/python3.12/site-packages/airflow/example_dags/example_task_group_decorator.py
[2024-12-23T20:03:25.381+0000] {logging_mixin.py:190} INFO - [2024-12-23T20:03:25.381+0000] {dag.py:3239} INFO - Sync 1 DAGs
[2024-12-23T20:03:25.396+0000] {logging_mixin.py:190} INFO - [2024-12-23T20:03:25.396+0000] {dag.py:4180} INFO - Setting next_dagrun for example_task_group_decorator to None, run_after=None
[2024-12-23T20:03:25.416+0000] {processor.py:208} INFO - Processing /home/airflow/.local/lib/python3.12/site-packages/airflow/example_dags/example_task_group_decorator.py took 0.095 seconds
[2024-12-23T20:03:56.284+0000] {processor.py:186} INFO - Started process (PID=1932) to work on /home/airflow/.local/lib/python3.12/site-packages/airflow/example_dags/example_task_group_decorator.py
[2024-12-23T20:03:56.285+0000] {processor.py:914} INFO - Processing file /home/airflow/.local/lib/python3.12/site-packages/airflow/example_dags/example_task_group_decorator.py for tasks to queue
[2024-12-23T20:03:56.287+0000] {logging_mixin.py:190} INFO - [2024-12-23T20:03:56.287+0000] {dagbag.py:588} INFO - Filling up the DagBag from /home/airflow/.local/lib/python3.12/site-packages/airflow/example_dags/example_task_group_decorator.py
[2024-12-23T20:03:56.302+0000] {processor.py:925} INFO - DAG(s) 'example_task_group_decorator' retrieved from /home/airflow/.local/lib/python3.12/site-packages/airflow/example_dags/example_task_group_decorator.py
[2024-12-23T20:03:56.328+0000] {logging_mixin.py:190} INFO - [2024-12-23T20:03:56.327+0000] {dag.py:3239} INFO - Sync 1 DAGs
[2024-12-23T20:03:56.342+0000] {logging_mixin.py:190} INFO - [2024-12-23T20:03:56.342+0000] {dag.py:4180} INFO - Setting next_dagrun for example_task_group_decorator to None, run_after=None
[2024-12-23T20:03:56.358+0000] {processor.py:208} INFO - Processing /home/airflow/.local/lib/python3.12/site-packages/airflow/example_dags/example_task_group_decorator.py took 0.079 seconds
[2024-12-23T20:04:28.301+0000] {processor.py:186} INFO - Started process (PID=1996) to work on /home/airflow/.local/lib/python3.12/site-packages/airflow/example_dags/example_task_group_decorator.py
[2024-12-23T20:04:28.302+0000] {processor.py:914} INFO - Processing file /home/airflow/.local/lib/python3.12/site-packages/airflow/example_dags/example_task_group_decorator.py for tasks to queue
[2024-12-23T20:04:28.304+0000] {logging_mixin.py:190} INFO - [2024-12-23T20:04:28.304+0000] {dagbag.py:588} INFO - Filling up the DagBag from /home/airflow/.local/lib/python3.12/site-packages/airflow/example_dags/example_task_group_decorator.py
[2024-12-23T20:04:28.318+0000] {processor.py:925} INFO - DAG(s) 'example_task_group_decorator' retrieved from /home/airflow/.local/lib/python3.12/site-packages/airflow/example_dags/example_task_group_decorator.py
[2024-12-23T20:04:28.340+0000] {logging_mixin.py:190} INFO - [2024-12-23T20:04:28.340+0000] {dag.py:3239} INFO - Sync 1 DAGs
[2024-12-23T20:04:28.353+0000] {logging_mixin.py:190} INFO - [2024-12-23T20:04:28.353+0000] {dag.py:4180} INFO - Setting next_dagrun for example_task_group_decorator to None, run_after=None
[2024-12-23T20:04:28.369+0000] {processor.py:208} INFO - Processing /home/airflow/.local/lib/python3.12/site-packages/airflow/example_dags/example_task_group_decorator.py took 0.076 seconds
[2024-12-23T20:05:00.609+0000] {processor.py:186} INFO - Started process (PID=2059) to work on /home/airflow/.local/lib/python3.12/site-packages/airflow/example_dags/example_task_group_decorator.py
[2024-12-23T20:05:00.611+0000] {processor.py:914} INFO - Processing file /home/airflow/.local/lib/python3.12/site-packages/airflow/example_dags/example_task_group_decorator.py for tasks to queue
[2024-12-23T20:05:00.615+0000] {logging_mixin.py:190} INFO - [2024-12-23T20:05:00.615+0000] {dagbag.py:588} INFO - Filling up the DagBag from /home/airflow/.local/lib/python3.12/site-packages/airflow/example_dags/example_task_group_decorator.py
[2024-12-23T20:05:00.631+0000] {processor.py:925} INFO - DAG(s) 'example_task_group_decorator' retrieved from /home/airflow/.local/lib/python3.12/site-packages/airflow/example_dags/example_task_group_decorator.py
[2024-12-23T20:05:00.658+0000] {logging_mixin.py:190} INFO - [2024-12-23T20:05:00.658+0000] {dag.py:3239} INFO - Sync 1 DAGs
[2024-12-23T20:05:00.675+0000] {logging_mixin.py:190} INFO - [2024-12-23T20:05:00.675+0000] {dag.py:4180} INFO - Setting next_dagrun for example_task_group_decorator to None, run_after=None
[2024-12-23T20:05:00.708+0000] {processor.py:208} INFO - Processing /home/airflow/.local/lib/python3.12/site-packages/airflow/example_dags/example_task_group_decorator.py took 0.105 seconds
[2024-12-23T20:05:31.324+0000] {processor.py:186} INFO - Started process (PID=2122) to work on /home/airflow/.local/lib/python3.12/site-packages/airflow/example_dags/example_task_group_decorator.py
[2024-12-23T20:05:31.325+0000] {processor.py:914} INFO - Processing file /home/airflow/.local/lib/python3.12/site-packages/airflow/example_dags/example_task_group_decorator.py for tasks to queue
[2024-12-23T20:05:31.327+0000] {logging_mixin.py:190} INFO - [2024-12-23T20:05:31.327+0000] {dagbag.py:588} INFO - Filling up the DagBag from /home/airflow/.local/lib/python3.12/site-packages/airflow/example_dags/example_task_group_decorator.py
[2024-12-23T20:05:31.340+0000] {processor.py:925} INFO - DAG(s) 'example_task_group_decorator' retrieved from /home/airflow/.local/lib/python3.12/site-packages/airflow/example_dags/example_task_group_decorator.py
[2024-12-23T20:05:31.360+0000] {logging_mixin.py:190} INFO - [2024-12-23T20:05:31.360+0000] {dag.py:3239} INFO - Sync 1 DAGs
[2024-12-23T20:05:31.373+0000] {logging_mixin.py:190} INFO - [2024-12-23T20:05:31.372+0000] {dag.py:4180} INFO - Setting next_dagrun for example_task_group_decorator to None, run_after=None
[2024-12-23T20:05:31.390+0000] {processor.py:208} INFO - Processing /home/airflow/.local/lib/python3.12/site-packages/airflow/example_dags/example_task_group_decorator.py took 0.071 seconds
[2024-12-23T20:06:01.593+0000] {processor.py:186} INFO - Started process (PID=2185) to work on /home/airflow/.local/lib/python3.12/site-packages/airflow/example_dags/example_task_group_decorator.py
[2024-12-23T20:06:01.594+0000] {processor.py:914} INFO - Processing file /home/airflow/.local/lib/python3.12/site-packages/airflow/example_dags/example_task_group_decorator.py for tasks to queue
[2024-12-23T20:06:01.596+0000] {logging_mixin.py:190} INFO - [2024-12-23T20:06:01.596+0000] {dagbag.py:588} INFO - Filling up the DagBag from /home/airflow/.local/lib/python3.12/site-packages/airflow/example_dags/example_task_group_decorator.py
[2024-12-23T20:06:01.609+0000] {processor.py:925} INFO - DAG(s) 'example_task_group_decorator' retrieved from /home/airflow/.local/lib/python3.12/site-packages/airflow/example_dags/example_task_group_decorator.py
[2024-12-23T20:06:01.634+0000] {logging_mixin.py:190} INFO - [2024-12-23T20:06:01.634+0000] {dag.py:3239} INFO - Sync 1 DAGs
[2024-12-23T20:06:01.648+0000] {logging_mixin.py:190} INFO - [2024-12-23T20:06:01.648+0000] {dag.py:4180} INFO - Setting next_dagrun for example_task_group_decorator to None, run_after=None
[2024-12-23T20:06:01.665+0000] {processor.py:208} INFO - Processing /home/airflow/.local/lib/python3.12/site-packages/airflow/example_dags/example_task_group_decorator.py took 0.077 seconds
[2024-12-23T20:06:33.412+0000] {processor.py:186} INFO - Started process (PID=2248) to work on /home/airflow/.local/lib/python3.12/site-packages/airflow/example_dags/example_task_group_decorator.py
[2024-12-23T20:06:33.413+0000] {processor.py:914} INFO - Processing file /home/airflow/.local/lib/python3.12/site-packages/airflow/example_dags/example_task_group_decorator.py for tasks to queue
[2024-12-23T20:06:33.415+0000] {logging_mixin.py:190} INFO - [2024-12-23T20:06:33.415+0000] {dagbag.py:588} INFO - Filling up the DagBag from /home/airflow/.local/lib/python3.12/site-packages/airflow/example_dags/example_task_group_decorator.py
[2024-12-23T20:06:33.430+0000] {processor.py:925} INFO - DAG(s) 'example_task_group_decorator' retrieved from /home/airflow/.local/lib/python3.12/site-packages/airflow/example_dags/example_task_group_decorator.py
[2024-12-23T20:06:33.454+0000] {logging_mixin.py:190} INFO - [2024-12-23T20:06:33.454+0000] {dag.py:3239} INFO - Sync 1 DAGs
[2024-12-23T20:06:33.470+0000] {logging_mixin.py:190} INFO - [2024-12-23T20:06:33.469+0000] {dag.py:4180} INFO - Setting next_dagrun for example_task_group_decorator to None, run_after=None
[2024-12-23T20:06:33.488+0000] {processor.py:208} INFO - Processing /home/airflow/.local/lib/python3.12/site-packages/airflow/example_dags/example_task_group_decorator.py took 0.082 seconds
[2024-12-23T20:07:03.578+0000] {processor.py:186} INFO - Started process (PID=2310) to work on /home/airflow/.local/lib/python3.12/site-packages/airflow/example_dags/example_task_group_decorator.py
[2024-12-23T20:07:03.579+0000] {processor.py:914} INFO - Processing file /home/airflow/.local/lib/python3.12/site-packages/airflow/example_dags/example_task_group_decorator.py for tasks to queue
[2024-12-23T20:07:03.581+0000] {logging_mixin.py:190} INFO - [2024-12-23T20:07:03.580+0000] {dagbag.py:588} INFO - Filling up the DagBag from /home/airflow/.local/lib/python3.12/site-packages/airflow/example_dags/example_task_group_decorator.py
[2024-12-23T20:07:03.595+0000] {processor.py:925} INFO - DAG(s) 'example_task_group_decorator' retrieved from /home/airflow/.local/lib/python3.12/site-packages/airflow/example_dags/example_task_group_decorator.py
[2024-12-23T20:07:03.617+0000] {logging_mixin.py:190} INFO - [2024-12-23T20:07:03.616+0000] {dag.py:3239} INFO - Sync 1 DAGs
[2024-12-23T20:07:03.629+0000] {logging_mixin.py:190} INFO - [2024-12-23T20:07:03.629+0000] {dag.py:4180} INFO - Setting next_dagrun for example_task_group_decorator to None, run_after=None
[2024-12-23T20:07:03.644+0000] {processor.py:208} INFO - Processing /home/airflow/.local/lib/python3.12/site-packages/airflow/example_dags/example_task_group_decorator.py took 0.072 seconds
[2024-12-23T20:07:40.741+0000] {processor.py:186} INFO - Started process (PID=2374) to work on /home/airflow/.local/lib/python3.12/site-packages/airflow/example_dags/example_task_group_decorator.py
[2024-12-23T20:07:40.743+0000] {processor.py:914} INFO - Processing file /home/airflow/.local/lib/python3.12/site-packages/airflow/example_dags/example_task_group_decorator.py for tasks to queue
[2024-12-23T20:07:40.752+0000] {logging_mixin.py:190} INFO - [2024-12-23T20:07:40.751+0000] {dagbag.py:588} INFO - Filling up the DagBag from /home/airflow/.local/lib/python3.12/site-packages/airflow/example_dags/example_task_group_decorator.py
[2024-12-23T20:07:40.785+0000] {processor.py:925} INFO - DAG(s) 'example_task_group_decorator' retrieved from /home/airflow/.local/lib/python3.12/site-packages/airflow/example_dags/example_task_group_decorator.py
[2024-12-23T20:07:40.839+0000] {logging_mixin.py:190} INFO - [2024-12-23T20:07:40.839+0000] {dag.py:3239} INFO - Sync 1 DAGs
[2024-12-23T20:07:40.867+0000] {logging_mixin.py:190} INFO - [2024-12-23T20:07:40.867+0000] {dag.py:4180} INFO - Setting next_dagrun for example_task_group_decorator to None, run_after=None
[2024-12-23T20:07:40.911+0000] {processor.py:208} INFO - Processing /home/airflow/.local/lib/python3.12/site-packages/airflow/example_dags/example_task_group_decorator.py took 0.178 seconds
[2024-12-23T20:17:55.282+0000] {processor.py:186} INFO - Started process (PID=90) to work on /home/airflow/.local/lib/python3.12/site-packages/airflow/example_dags/example_task_group_decorator.py
[2024-12-23T20:17:55.284+0000] {processor.py:914} INFO - Processing file /home/airflow/.local/lib/python3.12/site-packages/airflow/example_dags/example_task_group_decorator.py for tasks to queue
[2024-12-23T20:17:55.287+0000] {logging_mixin.py:190} INFO - [2024-12-23T20:17:55.287+0000] {dagbag.py:588} INFO - Filling up the DagBag from /home/airflow/.local/lib/python3.12/site-packages/airflow/example_dags/example_task_group_decorator.py
[2024-12-23T20:17:55.310+0000] {processor.py:925} INFO - DAG(s) 'example_task_group_decorator' retrieved from /home/airflow/.local/lib/python3.12/site-packages/airflow/example_dags/example_task_group_decorator.py
[2024-12-23T20:17:55.343+0000] {logging_mixin.py:190} INFO - [2024-12-23T20:17:55.343+0000] {dag.py:3239} INFO - Sync 1 DAGs
[2024-12-23T20:17:55.357+0000] {logging_mixin.py:190} INFO - [2024-12-23T20:17:55.356+0000] {dag.py:4180} INFO - Setting next_dagrun for example_task_group_decorator to None, run_after=None
[2024-12-23T20:17:55.378+0000] {processor.py:208} INFO - Processing /home/airflow/.local/lib/python3.12/site-packages/airflow/example_dags/example_task_group_decorator.py took 0.103 seconds
[2024-12-23T20:18:26.355+0000] {processor.py:186} INFO - Started process (PID=153) to work on /home/airflow/.local/lib/python3.12/site-packages/airflow/example_dags/example_task_group_decorator.py
[2024-12-23T20:18:26.357+0000] {processor.py:914} INFO - Processing file /home/airflow/.local/lib/python3.12/site-packages/airflow/example_dags/example_task_group_decorator.py for tasks to queue
[2024-12-23T20:18:26.361+0000] {logging_mixin.py:190} INFO - [2024-12-23T20:18:26.360+0000] {dagbag.py:588} INFO - Filling up the DagBag from /home/airflow/.local/lib/python3.12/site-packages/airflow/example_dags/example_task_group_decorator.py
[2024-12-23T20:18:26.382+0000] {processor.py:925} INFO - DAG(s) 'example_task_group_decorator' retrieved from /home/airflow/.local/lib/python3.12/site-packages/airflow/example_dags/example_task_group_decorator.py
[2024-12-23T20:18:26.425+0000] {logging_mixin.py:190} INFO - [2024-12-23T20:18:26.425+0000] {dag.py:3239} INFO - Sync 1 DAGs
[2024-12-23T20:18:26.446+0000] {logging_mixin.py:190} INFO - [2024-12-23T20:18:26.445+0000] {dag.py:4180} INFO - Setting next_dagrun for example_task_group_decorator to None, run_after=None
[2024-12-23T20:18:26.469+0000] {processor.py:208} INFO - Processing /home/airflow/.local/lib/python3.12/site-packages/airflow/example_dags/example_task_group_decorator.py took 0.122 seconds
[2024-12-23T20:18:58.024+0000] {processor.py:186} INFO - Started process (PID=216) to work on /home/airflow/.local/lib/python3.12/site-packages/airflow/example_dags/example_task_group_decorator.py
[2024-12-23T20:18:58.025+0000] {processor.py:914} INFO - Processing file /home/airflow/.local/lib/python3.12/site-packages/airflow/example_dags/example_task_group_decorator.py for tasks to queue
[2024-12-23T20:18:58.028+0000] {logging_mixin.py:190} INFO - [2024-12-23T20:18:58.027+0000] {dagbag.py:588} INFO - Filling up the DagBag from /home/airflow/.local/lib/python3.12/site-packages/airflow/example_dags/example_task_group_decorator.py
[2024-12-23T20:18:58.046+0000] {processor.py:925} INFO - DAG(s) 'example_task_group_decorator' retrieved from /home/airflow/.local/lib/python3.12/site-packages/airflow/example_dags/example_task_group_decorator.py
[2024-12-23T20:18:58.075+0000] {logging_mixin.py:190} INFO - [2024-12-23T20:18:58.075+0000] {dag.py:3239} INFO - Sync 1 DAGs
[2024-12-23T20:18:58.092+0000] {logging_mixin.py:190} INFO - [2024-12-23T20:18:58.091+0000] {dag.py:4180} INFO - Setting next_dagrun for example_task_group_decorator to None, run_after=None
[2024-12-23T20:18:58.113+0000] {processor.py:208} INFO - Processing /home/airflow/.local/lib/python3.12/site-packages/airflow/example_dags/example_task_group_decorator.py took 0.095 seconds
[2024-12-23T20:19:29.609+0000] {processor.py:186} INFO - Started process (PID=279) to work on /home/airflow/.local/lib/python3.12/site-packages/airflow/example_dags/example_task_group_decorator.py
[2024-12-23T20:19:29.610+0000] {processor.py:914} INFO - Processing file /home/airflow/.local/lib/python3.12/site-packages/airflow/example_dags/example_task_group_decorator.py for tasks to queue
[2024-12-23T20:19:29.613+0000] {logging_mixin.py:190} INFO - [2024-12-23T20:19:29.613+0000] {dagbag.py:588} INFO - Filling up the DagBag from /home/airflow/.local/lib/python3.12/site-packages/airflow/example_dags/example_task_group_decorator.py
[2024-12-23T20:19:29.630+0000] {processor.py:925} INFO - DAG(s) 'example_task_group_decorator' retrieved from /home/airflow/.local/lib/python3.12/site-packages/airflow/example_dags/example_task_group_decorator.py
[2024-12-23T20:19:29.659+0000] {logging_mixin.py:190} INFO - [2024-12-23T20:19:29.659+0000] {dag.py:3239} INFO - Sync 1 DAGs
[2024-12-23T20:19:29.689+0000] {logging_mixin.py:190} INFO - [2024-12-23T20:19:29.689+0000] {dag.py:4180} INFO - Setting next_dagrun for example_task_group_decorator to None, run_after=None
[2024-12-23T20:19:29.719+0000] {processor.py:208} INFO - Processing /home/airflow/.local/lib/python3.12/site-packages/airflow/example_dags/example_task_group_decorator.py took 0.116 seconds
[2024-12-23T20:20:03.024+0000] {processor.py:186} INFO - Started process (PID=342) to work on /home/airflow/.local/lib/python3.12/site-packages/airflow/example_dags/example_task_group_decorator.py
[2024-12-23T20:20:03.025+0000] {processor.py:914} INFO - Processing file /home/airflow/.local/lib/python3.12/site-packages/airflow/example_dags/example_task_group_decorator.py for tasks to queue
[2024-12-23T20:20:03.036+0000] {logging_mixin.py:190} INFO - [2024-12-23T20:20:03.035+0000] {dagbag.py:588} INFO - Filling up the DagBag from /home/airflow/.local/lib/python3.12/site-packages/airflow/example_dags/example_task_group_decorator.py
[2024-12-23T20:20:03.072+0000] {processor.py:925} INFO - DAG(s) 'example_task_group_decorator' retrieved from /home/airflow/.local/lib/python3.12/site-packages/airflow/example_dags/example_task_group_decorator.py
[2024-12-23T20:20:03.113+0000] {logging_mixin.py:190} INFO - [2024-12-23T20:20:03.112+0000] {dag.py:3239} INFO - Sync 1 DAGs
[2024-12-23T20:20:03.137+0000] {logging_mixin.py:190} INFO - [2024-12-23T20:20:03.136+0000] {dag.py:4180} INFO - Setting next_dagrun for example_task_group_decorator to None, run_after=None
[2024-12-23T20:20:03.172+0000] {processor.py:208} INFO - Processing /home/airflow/.local/lib/python3.12/site-packages/airflow/example_dags/example_task_group_decorator.py took 0.165 seconds
[2024-12-23T20:20:58.105+0000] {processor.py:186} INFO - Started process (PID=411) to work on /home/airflow/.local/lib/python3.12/site-packages/airflow/example_dags/example_task_group_decorator.py
[2024-12-23T20:20:58.109+0000] {processor.py:914} INFO - Processing file /home/airflow/.local/lib/python3.12/site-packages/airflow/example_dags/example_task_group_decorator.py for tasks to queue
[2024-12-23T20:20:58.118+0000] {logging_mixin.py:190} INFO - [2024-12-23T20:20:58.116+0000] {dagbag.py:588} INFO - Filling up the DagBag from /home/airflow/.local/lib/python3.12/site-packages/airflow/example_dags/example_task_group_decorator.py
[2024-12-23T20:20:58.171+0000] {processor.py:925} INFO - DAG(s) 'example_task_group_decorator' retrieved from /home/airflow/.local/lib/python3.12/site-packages/airflow/example_dags/example_task_group_decorator.py
[2024-12-23T20:20:58.243+0000] {logging_mixin.py:190} INFO - [2024-12-23T20:20:58.240+0000] {dag.py:3239} INFO - Sync 1 DAGs
[2024-12-23T20:20:58.311+0000] {logging_mixin.py:190} INFO - [2024-12-23T20:20:58.311+0000] {dag.py:4180} INFO - Setting next_dagrun for example_task_group_decorator to None, run_after=None
[2024-12-23T20:20:58.399+0000] {processor.py:208} INFO - Processing /home/airflow/.local/lib/python3.12/site-packages/airflow/example_dags/example_task_group_decorator.py took 0.322 seconds
