[2024-12-23T19:33:03.932+0000] {processor.py:186} INFO - Started process (PID=36174) to work on /home/airflow/.local/lib/python3.12/site-packages/airflow/example_dags/example_display_name.py
[2024-12-23T19:33:03.944+0000] {processor.py:914} INFO - Processing file /home/airflow/.local/lib/python3.12/site-packages/airflow/example_dags/example_display_name.py for tasks to queue
[2024-12-23T19:33:03.947+0000] {logging_mixin.py:190} INFO - [2024-12-23T19:33:03.946+0000] {dagbag.py:588} INFO - Filling up the DagBag from /home/airflow/.local/lib/python3.12/site-packages/airflow/example_dags/example_display_name.py
[2024-12-23T19:33:03.967+0000] {processor.py:925} INFO - DAG(s) 'example_display_name' retrieved from /home/airflow/.local/lib/python3.12/site-packages/airflow/example_dags/example_display_name.py
[2024-12-23T19:33:04.019+0000] {logging_mixin.py:190} INFO - [2024-12-23T19:33:04.017+0000] {dag.py:3239} INFO - Sync 1 DAGs
[2024-12-23T19:33:04.052+0000] {logging_mixin.py:190} INFO - [2024-12-23T19:33:04.052+0000] {dag.py:4180} INFO - Setting next_dagrun for example_display_name to None, run_after=None
[2024-12-23T19:33:04.103+0000] {processor.py:208} INFO - Processing /home/airflow/.local/lib/python3.12/site-packages/airflow/example_dags/example_display_name.py took 0.182 seconds
[2024-12-23T19:33:34.330+0000] {processor.py:186} INFO - Started process (PID=36238) to work on /home/airflow/.local/lib/python3.12/site-packages/airflow/example_dags/example_display_name.py
[2024-12-23T19:33:34.331+0000] {processor.py:914} INFO - Processing file /home/airflow/.local/lib/python3.12/site-packages/airflow/example_dags/example_display_name.py for tasks to queue
[2024-12-23T19:33:34.332+0000] {logging_mixin.py:190} INFO - [2024-12-23T19:33:34.332+0000] {dagbag.py:588} INFO - Filling up the DagBag from /home/airflow/.local/lib/python3.12/site-packages/airflow/example_dags/example_display_name.py
[2024-12-23T19:33:34.339+0000] {processor.py:925} INFO - DAG(s) 'example_display_name' retrieved from /home/airflow/.local/lib/python3.12/site-packages/airflow/example_dags/example_display_name.py
[2024-12-23T19:33:34.359+0000] {logging_mixin.py:190} INFO - [2024-12-23T19:33:34.359+0000] {dag.py:3239} INFO - Sync 1 DAGs
[2024-12-23T19:33:34.373+0000] {logging_mixin.py:190} INFO - [2024-12-23T19:33:34.373+0000] {dag.py:4180} INFO - Setting next_dagrun for example_display_name to None, run_after=None
[2024-12-23T19:33:34.391+0000] {processor.py:208} INFO - Processing /home/airflow/.local/lib/python3.12/site-packages/airflow/example_dags/example_display_name.py took 0.067 seconds
[2024-12-23T19:34:04.792+0000] {processor.py:186} INFO - Started process (PID=36301) to work on /home/airflow/.local/lib/python3.12/site-packages/airflow/example_dags/example_display_name.py
[2024-12-23T19:34:04.793+0000] {processor.py:914} INFO - Processing file /home/airflow/.local/lib/python3.12/site-packages/airflow/example_dags/example_display_name.py for tasks to queue
[2024-12-23T19:34:04.794+0000] {logging_mixin.py:190} INFO - [2024-12-23T19:34:04.794+0000] {dagbag.py:588} INFO - Filling up the DagBag from /home/airflow/.local/lib/python3.12/site-packages/airflow/example_dags/example_display_name.py
[2024-12-23T19:34:04.803+0000] {processor.py:925} INFO - DAG(s) 'example_display_name' retrieved from /home/airflow/.local/lib/python3.12/site-packages/airflow/example_dags/example_display_name.py
[2024-12-23T19:34:04.820+0000] {logging_mixin.py:190} INFO - [2024-12-23T19:34:04.819+0000] {dag.py:3239} INFO - Sync 1 DAGs
[2024-12-23T19:34:04.834+0000] {logging_mixin.py:190} INFO - [2024-12-23T19:34:04.833+0000] {dag.py:4180} INFO - Setting next_dagrun for example_display_name to None, run_after=None
[2024-12-23T19:34:04.850+0000] {processor.py:208} INFO - Processing /home/airflow/.local/lib/python3.12/site-packages/airflow/example_dags/example_display_name.py took 0.063 seconds
[2024-12-23T19:34:35.616+0000] {processor.py:186} INFO - Started process (PID=36363) to work on /home/airflow/.local/lib/python3.12/site-packages/airflow/example_dags/example_display_name.py
[2024-12-23T19:34:35.617+0000] {processor.py:914} INFO - Processing file /home/airflow/.local/lib/python3.12/site-packages/airflow/example_dags/example_display_name.py for tasks to queue
[2024-12-23T19:34:35.618+0000] {logging_mixin.py:190} INFO - [2024-12-23T19:34:35.618+0000] {dagbag.py:588} INFO - Filling up the DagBag from /home/airflow/.local/lib/python3.12/site-packages/airflow/example_dags/example_display_name.py
[2024-12-23T19:34:35.625+0000] {processor.py:925} INFO - DAG(s) 'example_display_name' retrieved from /home/airflow/.local/lib/python3.12/site-packages/airflow/example_dags/example_display_name.py
[2024-12-23T19:34:35.641+0000] {logging_mixin.py:190} INFO - [2024-12-23T19:34:35.640+0000] {dag.py:3239} INFO - Sync 1 DAGs
[2024-12-23T19:34:35.652+0000] {logging_mixin.py:190} INFO - [2024-12-23T19:34:35.652+0000] {dag.py:4180} INFO - Setting next_dagrun for example_display_name to None, run_after=None
[2024-12-23T19:34:35.669+0000] {processor.py:208} INFO - Processing /home/airflow/.local/lib/python3.12/site-packages/airflow/example_dags/example_display_name.py took 0.058 seconds
[2024-12-23T19:35:06.692+0000] {processor.py:186} INFO - Started process (PID=36426) to work on /home/airflow/.local/lib/python3.12/site-packages/airflow/example_dags/example_display_name.py
[2024-12-23T19:35:06.693+0000] {processor.py:914} INFO - Processing file /home/airflow/.local/lib/python3.12/site-packages/airflow/example_dags/example_display_name.py for tasks to queue
[2024-12-23T19:35:06.695+0000] {logging_mixin.py:190} INFO - [2024-12-23T19:35:06.694+0000] {dagbag.py:588} INFO - Filling up the DagBag from /home/airflow/.local/lib/python3.12/site-packages/airflow/example_dags/example_display_name.py
[2024-12-23T19:35:06.703+0000] {processor.py:925} INFO - DAG(s) 'example_display_name' retrieved from /home/airflow/.local/lib/python3.12/site-packages/airflow/example_dags/example_display_name.py
[2024-12-23T19:35:06.724+0000] {logging_mixin.py:190} INFO - [2024-12-23T19:35:06.724+0000] {dag.py:3239} INFO - Sync 1 DAGs
[2024-12-23T19:35:06.738+0000] {logging_mixin.py:190} INFO - [2024-12-23T19:35:06.738+0000] {dag.py:4180} INFO - Setting next_dagrun for example_display_name to None, run_after=None
[2024-12-23T19:35:06.757+0000] {processor.py:208} INFO - Processing /home/airflow/.local/lib/python3.12/site-packages/airflow/example_dags/example_display_name.py took 0.070 seconds
[2024-12-23T19:35:37.180+0000] {processor.py:186} INFO - Started process (PID=36489) to work on /home/airflow/.local/lib/python3.12/site-packages/airflow/example_dags/example_display_name.py
[2024-12-23T19:35:37.181+0000] {processor.py:914} INFO - Processing file /home/airflow/.local/lib/python3.12/site-packages/airflow/example_dags/example_display_name.py for tasks to queue
[2024-12-23T19:35:37.182+0000] {logging_mixin.py:190} INFO - [2024-12-23T19:35:37.182+0000] {dagbag.py:588} INFO - Filling up the DagBag from /home/airflow/.local/lib/python3.12/site-packages/airflow/example_dags/example_display_name.py
[2024-12-23T19:35:37.192+0000] {processor.py:925} INFO - DAG(s) 'example_display_name' retrieved from /home/airflow/.local/lib/python3.12/site-packages/airflow/example_dags/example_display_name.py
[2024-12-23T19:35:37.213+0000] {logging_mixin.py:190} INFO - [2024-12-23T19:35:37.213+0000] {dag.py:3239} INFO - Sync 1 DAGs
[2024-12-23T19:35:37.229+0000] {logging_mixin.py:190} INFO - [2024-12-23T19:35:37.229+0000] {dag.py:4180} INFO - Setting next_dagrun for example_display_name to None, run_after=None
[2024-12-23T19:35:37.249+0000] {processor.py:208} INFO - Processing /home/airflow/.local/lib/python3.12/site-packages/airflow/example_dags/example_display_name.py took 0.077 seconds
[2024-12-23T19:36:07.716+0000] {processor.py:186} INFO - Started process (PID=36552) to work on /home/airflow/.local/lib/python3.12/site-packages/airflow/example_dags/example_display_name.py
[2024-12-23T19:36:07.717+0000] {processor.py:914} INFO - Processing file /home/airflow/.local/lib/python3.12/site-packages/airflow/example_dags/example_display_name.py for tasks to queue
[2024-12-23T19:36:07.719+0000] {logging_mixin.py:190} INFO - [2024-12-23T19:36:07.718+0000] {dagbag.py:588} INFO - Filling up the DagBag from /home/airflow/.local/lib/python3.12/site-packages/airflow/example_dags/example_display_name.py
[2024-12-23T19:36:07.726+0000] {processor.py:925} INFO - DAG(s) 'example_display_name' retrieved from /home/airflow/.local/lib/python3.12/site-packages/airflow/example_dags/example_display_name.py
[2024-12-23T19:36:07.742+0000] {logging_mixin.py:190} INFO - [2024-12-23T19:36:07.742+0000] {dag.py:3239} INFO - Sync 1 DAGs
[2024-12-23T19:36:07.755+0000] {logging_mixin.py:190} INFO - [2024-12-23T19:36:07.755+0000] {dag.py:4180} INFO - Setting next_dagrun for example_display_name to None, run_after=None
[2024-12-23T19:36:07.772+0000] {processor.py:208} INFO - Processing /home/airflow/.local/lib/python3.12/site-packages/airflow/example_dags/example_display_name.py took 0.061 seconds
[2024-12-23T19:36:37.845+0000] {processor.py:186} INFO - Started process (PID=36621) to work on /home/airflow/.local/lib/python3.12/site-packages/airflow/example_dags/example_display_name.py
[2024-12-23T19:36:37.846+0000] {processor.py:914} INFO - Processing file /home/airflow/.local/lib/python3.12/site-packages/airflow/example_dags/example_display_name.py for tasks to queue
[2024-12-23T19:36:37.847+0000] {logging_mixin.py:190} INFO - [2024-12-23T19:36:37.847+0000] {dagbag.py:588} INFO - Filling up the DagBag from /home/airflow/.local/lib/python3.12/site-packages/airflow/example_dags/example_display_name.py
[2024-12-23T19:36:37.855+0000] {processor.py:925} INFO - DAG(s) 'example_display_name' retrieved from /home/airflow/.local/lib/python3.12/site-packages/airflow/example_dags/example_display_name.py
[2024-12-23T19:36:37.872+0000] {logging_mixin.py:190} INFO - [2024-12-23T19:36:37.872+0000] {dag.py:3239} INFO - Sync 1 DAGs
[2024-12-23T19:36:37.886+0000] {logging_mixin.py:190} INFO - [2024-12-23T19:36:37.886+0000] {dag.py:4180} INFO - Setting next_dagrun for example_display_name to None, run_after=None
[2024-12-23T19:36:37.903+0000] {processor.py:208} INFO - Processing /home/airflow/.local/lib/python3.12/site-packages/airflow/example_dags/example_display_name.py took 0.064 seconds
[2024-12-23T19:37:08.777+0000] {processor.py:186} INFO - Started process (PID=36684) to work on /home/airflow/.local/lib/python3.12/site-packages/airflow/example_dags/example_display_name.py
[2024-12-23T19:37:08.778+0000] {processor.py:914} INFO - Processing file /home/airflow/.local/lib/python3.12/site-packages/airflow/example_dags/example_display_name.py for tasks to queue
[2024-12-23T19:37:08.779+0000] {logging_mixin.py:190} INFO - [2024-12-23T19:37:08.779+0000] {dagbag.py:588} INFO - Filling up the DagBag from /home/airflow/.local/lib/python3.12/site-packages/airflow/example_dags/example_display_name.py
[2024-12-23T19:37:08.790+0000] {processor.py:925} INFO - DAG(s) 'example_display_name' retrieved from /home/airflow/.local/lib/python3.12/site-packages/airflow/example_dags/example_display_name.py
[2024-12-23T19:37:08.812+0000] {logging_mixin.py:190} INFO - [2024-12-23T19:37:08.812+0000] {dag.py:3239} INFO - Sync 1 DAGs
[2024-12-23T19:37:08.826+0000] {logging_mixin.py:190} INFO - [2024-12-23T19:37:08.826+0000] {dag.py:4180} INFO - Setting next_dagrun for example_display_name to None, run_after=None
[2024-12-23T19:37:08.844+0000] {processor.py:208} INFO - Processing /home/airflow/.local/lib/python3.12/site-packages/airflow/example_dags/example_display_name.py took 0.074 seconds
[2024-12-23T19:37:40.032+0000] {processor.py:186} INFO - Started process (PID=36747) to work on /home/airflow/.local/lib/python3.12/site-packages/airflow/example_dags/example_display_name.py
[2024-12-23T19:37:40.033+0000] {processor.py:914} INFO - Processing file /home/airflow/.local/lib/python3.12/site-packages/airflow/example_dags/example_display_name.py for tasks to queue
[2024-12-23T19:37:40.034+0000] {logging_mixin.py:190} INFO - [2024-12-23T19:37:40.033+0000] {dagbag.py:588} INFO - Filling up the DagBag from /home/airflow/.local/lib/python3.12/site-packages/airflow/example_dags/example_display_name.py
[2024-12-23T19:37:40.041+0000] {processor.py:925} INFO - DAG(s) 'example_display_name' retrieved from /home/airflow/.local/lib/python3.12/site-packages/airflow/example_dags/example_display_name.py
[2024-12-23T19:37:40.058+0000] {logging_mixin.py:190} INFO - [2024-12-23T19:37:40.058+0000] {dag.py:3239} INFO - Sync 1 DAGs
[2024-12-23T19:37:40.072+0000] {logging_mixin.py:190} INFO - [2024-12-23T19:37:40.071+0000] {dag.py:4180} INFO - Setting next_dagrun for example_display_name to None, run_after=None
[2024-12-23T19:37:40.249+0000] {processor.py:208} INFO - Processing /home/airflow/.local/lib/python3.12/site-packages/airflow/example_dags/example_display_name.py took 0.222 seconds
[2024-12-23T19:38:11.240+0000] {processor.py:186} INFO - Started process (PID=36810) to work on /home/airflow/.local/lib/python3.12/site-packages/airflow/example_dags/example_display_name.py
[2024-12-23T19:38:11.241+0000] {processor.py:914} INFO - Processing file /home/airflow/.local/lib/python3.12/site-packages/airflow/example_dags/example_display_name.py for tasks to queue
[2024-12-23T19:38:11.242+0000] {logging_mixin.py:190} INFO - [2024-12-23T19:38:11.242+0000] {dagbag.py:588} INFO - Filling up the DagBag from /home/airflow/.local/lib/python3.12/site-packages/airflow/example_dags/example_display_name.py
[2024-12-23T19:38:11.249+0000] {processor.py:925} INFO - DAG(s) 'example_display_name' retrieved from /home/airflow/.local/lib/python3.12/site-packages/airflow/example_dags/example_display_name.py
[2024-12-23T19:38:11.266+0000] {logging_mixin.py:190} INFO - [2024-12-23T19:38:11.266+0000] {dag.py:3239} INFO - Sync 1 DAGs
[2024-12-23T19:38:11.279+0000] {logging_mixin.py:190} INFO - [2024-12-23T19:38:11.278+0000] {dag.py:4180} INFO - Setting next_dagrun for example_display_name to None, run_after=None
[2024-12-23T19:38:11.294+0000] {processor.py:208} INFO - Processing /home/airflow/.local/lib/python3.12/site-packages/airflow/example_dags/example_display_name.py took 0.059 seconds
[2024-12-23T19:38:41.441+0000] {processor.py:186} INFO - Started process (PID=36873) to work on /home/airflow/.local/lib/python3.12/site-packages/airflow/example_dags/example_display_name.py
[2024-12-23T19:38:41.442+0000] {processor.py:914} INFO - Processing file /home/airflow/.local/lib/python3.12/site-packages/airflow/example_dags/example_display_name.py for tasks to queue
[2024-12-23T19:38:41.444+0000] {logging_mixin.py:190} INFO - [2024-12-23T19:38:41.443+0000] {dagbag.py:588} INFO - Filling up the DagBag from /home/airflow/.local/lib/python3.12/site-packages/airflow/example_dags/example_display_name.py
[2024-12-23T19:38:41.451+0000] {processor.py:925} INFO - DAG(s) 'example_display_name' retrieved from /home/airflow/.local/lib/python3.12/site-packages/airflow/example_dags/example_display_name.py
[2024-12-23T19:38:41.467+0000] {logging_mixin.py:190} INFO - [2024-12-23T19:38:41.467+0000] {dag.py:3239} INFO - Sync 1 DAGs
[2024-12-23T19:38:41.480+0000] {logging_mixin.py:190} INFO - [2024-12-23T19:38:41.480+0000] {dag.py:4180} INFO - Setting next_dagrun for example_display_name to None, run_after=None
[2024-12-23T19:38:41.498+0000] {processor.py:208} INFO - Processing /home/airflow/.local/lib/python3.12/site-packages/airflow/example_dags/example_display_name.py took 0.063 seconds
[2024-12-23T19:39:12.656+0000] {processor.py:186} INFO - Started process (PID=36935) to work on /home/airflow/.local/lib/python3.12/site-packages/airflow/example_dags/example_display_name.py
[2024-12-23T19:39:12.657+0000] {processor.py:914} INFO - Processing file /home/airflow/.local/lib/python3.12/site-packages/airflow/example_dags/example_display_name.py for tasks to queue
[2024-12-23T19:39:12.658+0000] {logging_mixin.py:190} INFO - [2024-12-23T19:39:12.657+0000] {dagbag.py:588} INFO - Filling up the DagBag from /home/airflow/.local/lib/python3.12/site-packages/airflow/example_dags/example_display_name.py
[2024-12-23T19:39:12.665+0000] {processor.py:925} INFO - DAG(s) 'example_display_name' retrieved from /home/airflow/.local/lib/python3.12/site-packages/airflow/example_dags/example_display_name.py
[2024-12-23T19:39:12.682+0000] {logging_mixin.py:190} INFO - [2024-12-23T19:39:12.681+0000] {dag.py:3239} INFO - Sync 1 DAGs
[2024-12-23T19:39:12.694+0000] {logging_mixin.py:190} INFO - [2024-12-23T19:39:12.694+0000] {dag.py:4180} INFO - Setting next_dagrun for example_display_name to None, run_after=None
[2024-12-23T19:39:12.709+0000] {processor.py:208} INFO - Processing /home/airflow/.local/lib/python3.12/site-packages/airflow/example_dags/example_display_name.py took 0.059 seconds
[2024-12-23T19:39:45.284+0000] {processor.py:186} INFO - Started process (PID=36998) to work on /home/airflow/.local/lib/python3.12/site-packages/airflow/example_dags/example_display_name.py
[2024-12-23T19:39:45.285+0000] {processor.py:914} INFO - Processing file /home/airflow/.local/lib/python3.12/site-packages/airflow/example_dags/example_display_name.py for tasks to queue
[2024-12-23T19:39:45.287+0000] {logging_mixin.py:190} INFO - [2024-12-23T19:39:45.286+0000] {dagbag.py:588} INFO - Filling up the DagBag from /home/airflow/.local/lib/python3.12/site-packages/airflow/example_dags/example_display_name.py
[2024-12-23T19:39:45.455+0000] {processor.py:925} INFO - DAG(s) 'example_display_name' retrieved from /home/airflow/.local/lib/python3.12/site-packages/airflow/example_dags/example_display_name.py
[2024-12-23T19:39:45.468+0000] {logging_mixin.py:190} INFO - [2024-12-23T19:39:45.468+0000] {dag.py:3239} INFO - Sync 1 DAGs
[2024-12-23T19:39:45.478+0000] {logging_mixin.py:190} INFO - [2024-12-23T19:39:45.478+0000] {dag.py:4180} INFO - Setting next_dagrun for example_display_name to None, run_after=None
[2024-12-23T19:39:45.492+0000] {processor.py:208} INFO - Processing /home/airflow/.local/lib/python3.12/site-packages/airflow/example_dags/example_display_name.py took 0.213 seconds
[2024-12-23T19:40:15.691+0000] {processor.py:186} INFO - Started process (PID=37061) to work on /home/airflow/.local/lib/python3.12/site-packages/airflow/example_dags/example_display_name.py
[2024-12-23T19:40:15.692+0000] {processor.py:914} INFO - Processing file /home/airflow/.local/lib/python3.12/site-packages/airflow/example_dags/example_display_name.py for tasks to queue
[2024-12-23T19:40:15.694+0000] {logging_mixin.py:190} INFO - [2024-12-23T19:40:15.693+0000] {dagbag.py:588} INFO - Filling up the DagBag from /home/airflow/.local/lib/python3.12/site-packages/airflow/example_dags/example_display_name.py
[2024-12-23T19:40:15.700+0000] {processor.py:925} INFO - DAG(s) 'example_display_name' retrieved from /home/airflow/.local/lib/python3.12/site-packages/airflow/example_dags/example_display_name.py
[2024-12-23T19:40:15.717+0000] {logging_mixin.py:190} INFO - [2024-12-23T19:40:15.717+0000] {dag.py:3239} INFO - Sync 1 DAGs
[2024-12-23T19:40:15.730+0000] {logging_mixin.py:190} INFO - [2024-12-23T19:40:15.730+0000] {dag.py:4180} INFO - Setting next_dagrun for example_display_name to None, run_after=None
[2024-12-23T19:40:15.747+0000] {processor.py:208} INFO - Processing /home/airflow/.local/lib/python3.12/site-packages/airflow/example_dags/example_display_name.py took 0.061 seconds
[2024-12-23T19:40:46.579+0000] {processor.py:186} INFO - Started process (PID=37124) to work on /home/airflow/.local/lib/python3.12/site-packages/airflow/example_dags/example_display_name.py
[2024-12-23T19:40:46.579+0000] {processor.py:914} INFO - Processing file /home/airflow/.local/lib/python3.12/site-packages/airflow/example_dags/example_display_name.py for tasks to queue
[2024-12-23T19:40:46.581+0000] {logging_mixin.py:190} INFO - [2024-12-23T19:40:46.581+0000] {dagbag.py:588} INFO - Filling up the DagBag from /home/airflow/.local/lib/python3.12/site-packages/airflow/example_dags/example_display_name.py
[2024-12-23T19:40:46.588+0000] {processor.py:925} INFO - DAG(s) 'example_display_name' retrieved from /home/airflow/.local/lib/python3.12/site-packages/airflow/example_dags/example_display_name.py
[2024-12-23T19:40:46.604+0000] {logging_mixin.py:190} INFO - [2024-12-23T19:40:46.604+0000] {dag.py:3239} INFO - Sync 1 DAGs
[2024-12-23T19:40:46.617+0000] {logging_mixin.py:190} INFO - [2024-12-23T19:40:46.617+0000] {dag.py:4180} INFO - Setting next_dagrun for example_display_name to None, run_after=None
[2024-12-23T19:40:46.633+0000] {processor.py:208} INFO - Processing /home/airflow/.local/lib/python3.12/site-packages/airflow/example_dags/example_display_name.py took 0.060 seconds
[2024-12-23T19:41:17.067+0000] {processor.py:186} INFO - Started process (PID=37187) to work on /home/airflow/.local/lib/python3.12/site-packages/airflow/example_dags/example_display_name.py
[2024-12-23T19:41:17.068+0000] {processor.py:914} INFO - Processing file /home/airflow/.local/lib/python3.12/site-packages/airflow/example_dags/example_display_name.py for tasks to queue
[2024-12-23T19:41:17.070+0000] {logging_mixin.py:190} INFO - [2024-12-23T19:41:17.069+0000] {dagbag.py:588} INFO - Filling up the DagBag from /home/airflow/.local/lib/python3.12/site-packages/airflow/example_dags/example_display_name.py
[2024-12-23T19:41:17.079+0000] {processor.py:925} INFO - DAG(s) 'example_display_name' retrieved from /home/airflow/.local/lib/python3.12/site-packages/airflow/example_dags/example_display_name.py
[2024-12-23T19:41:17.104+0000] {logging_mixin.py:190} INFO - [2024-12-23T19:41:17.103+0000] {dag.py:3239} INFO - Sync 1 DAGs
[2024-12-23T19:41:17.120+0000] {logging_mixin.py:190} INFO - [2024-12-23T19:41:17.120+0000] {dag.py:4180} INFO - Setting next_dagrun for example_display_name to None, run_after=None
[2024-12-23T19:41:17.139+0000] {processor.py:208} INFO - Processing /home/airflow/.local/lib/python3.12/site-packages/airflow/example_dags/example_display_name.py took 0.077 seconds
[2024-12-23T19:41:48.036+0000] {processor.py:186} INFO - Started process (PID=37251) to work on /home/airflow/.local/lib/python3.12/site-packages/airflow/example_dags/example_display_name.py
[2024-12-23T19:41:48.037+0000] {processor.py:914} INFO - Processing file /home/airflow/.local/lib/python3.12/site-packages/airflow/example_dags/example_display_name.py for tasks to queue
[2024-12-23T19:41:48.038+0000] {logging_mixin.py:190} INFO - [2024-12-23T19:41:48.038+0000] {dagbag.py:588} INFO - Filling up the DagBag from /home/airflow/.local/lib/python3.12/site-packages/airflow/example_dags/example_display_name.py
[2024-12-23T19:41:48.045+0000] {processor.py:925} INFO - DAG(s) 'example_display_name' retrieved from /home/airflow/.local/lib/python3.12/site-packages/airflow/example_dags/example_display_name.py
[2024-12-23T19:41:48.062+0000] {logging_mixin.py:190} INFO - [2024-12-23T19:41:48.062+0000] {dag.py:3239} INFO - Sync 1 DAGs
[2024-12-23T19:41:48.077+0000] {logging_mixin.py:190} INFO - [2024-12-23T19:41:48.077+0000] {dag.py:4180} INFO - Setting next_dagrun for example_display_name to None, run_after=None
[2024-12-23T19:41:48.093+0000] {processor.py:208} INFO - Processing /home/airflow/.local/lib/python3.12/site-packages/airflow/example_dags/example_display_name.py took 0.063 seconds
[2024-12-23T19:42:18.946+0000] {processor.py:186} INFO - Started process (PID=37314) to work on /home/airflow/.local/lib/python3.12/site-packages/airflow/example_dags/example_display_name.py
[2024-12-23T19:42:18.948+0000] {processor.py:914} INFO - Processing file /home/airflow/.local/lib/python3.12/site-packages/airflow/example_dags/example_display_name.py for tasks to queue
[2024-12-23T19:42:18.950+0000] {logging_mixin.py:190} INFO - [2024-12-23T19:42:18.949+0000] {dagbag.py:588} INFO - Filling up the DagBag from /home/airflow/.local/lib/python3.12/site-packages/airflow/example_dags/example_display_name.py
[2024-12-23T19:42:18.958+0000] {processor.py:925} INFO - DAG(s) 'example_display_name' retrieved from /home/airflow/.local/lib/python3.12/site-packages/airflow/example_dags/example_display_name.py
[2024-12-23T19:42:18.976+0000] {logging_mixin.py:190} INFO - [2024-12-23T19:42:18.976+0000] {dag.py:3239} INFO - Sync 1 DAGs
[2024-12-23T19:42:18.991+0000] {logging_mixin.py:190} INFO - [2024-12-23T19:42:18.991+0000] {dag.py:4180} INFO - Setting next_dagrun for example_display_name to None, run_after=None
[2024-12-23T19:42:19.012+0000] {processor.py:208} INFO - Processing /home/airflow/.local/lib/python3.12/site-packages/airflow/example_dags/example_display_name.py took 0.071 seconds
[2024-12-23T19:42:49.932+0000] {processor.py:186} INFO - Started process (PID=37377) to work on /home/airflow/.local/lib/python3.12/site-packages/airflow/example_dags/example_display_name.py
[2024-12-23T19:42:49.933+0000] {processor.py:914} INFO - Processing file /home/airflow/.local/lib/python3.12/site-packages/airflow/example_dags/example_display_name.py for tasks to queue
[2024-12-23T19:42:49.934+0000] {logging_mixin.py:190} INFO - [2024-12-23T19:42:49.934+0000] {dagbag.py:588} INFO - Filling up the DagBag from /home/airflow/.local/lib/python3.12/site-packages/airflow/example_dags/example_display_name.py
[2024-12-23T19:42:49.944+0000] {processor.py:925} INFO - DAG(s) 'example_display_name' retrieved from /home/airflow/.local/lib/python3.12/site-packages/airflow/example_dags/example_display_name.py
[2024-12-23T19:42:49.964+0000] {logging_mixin.py:190} INFO - [2024-12-23T19:42:49.964+0000] {dag.py:3239} INFO - Sync 1 DAGs
[2024-12-23T19:42:49.982+0000] {logging_mixin.py:190} INFO - [2024-12-23T19:42:49.981+0000] {dag.py:4180} INFO - Setting next_dagrun for example_display_name to None, run_after=None
[2024-12-23T19:42:50.005+0000] {processor.py:208} INFO - Processing /home/airflow/.local/lib/python3.12/site-packages/airflow/example_dags/example_display_name.py took 0.079 seconds
[2024-12-23T19:43:21.149+0000] {processor.py:186} INFO - Started process (PID=37440) to work on /home/airflow/.local/lib/python3.12/site-packages/airflow/example_dags/example_display_name.py
[2024-12-23T19:43:21.150+0000] {processor.py:914} INFO - Processing file /home/airflow/.local/lib/python3.12/site-packages/airflow/example_dags/example_display_name.py for tasks to queue
[2024-12-23T19:43:21.151+0000] {logging_mixin.py:190} INFO - [2024-12-23T19:43:21.151+0000] {dagbag.py:588} INFO - Filling up the DagBag from /home/airflow/.local/lib/python3.12/site-packages/airflow/example_dags/example_display_name.py
[2024-12-23T19:43:21.158+0000] {processor.py:925} INFO - DAG(s) 'example_display_name' retrieved from /home/airflow/.local/lib/python3.12/site-packages/airflow/example_dags/example_display_name.py
[2024-12-23T19:43:21.174+0000] {logging_mixin.py:190} INFO - [2024-12-23T19:43:21.174+0000] {dag.py:3239} INFO - Sync 1 DAGs
[2024-12-23T19:43:21.187+0000] {logging_mixin.py:190} INFO - [2024-12-23T19:43:21.186+0000] {dag.py:4180} INFO - Setting next_dagrun for example_display_name to None, run_after=None
[2024-12-23T19:43:21.203+0000] {processor.py:208} INFO - Processing /home/airflow/.local/lib/python3.12/site-packages/airflow/example_dags/example_display_name.py took 0.060 seconds
[2024-12-23T19:43:52.097+0000] {processor.py:186} INFO - Started process (PID=37503) to work on /home/airflow/.local/lib/python3.12/site-packages/airflow/example_dags/example_display_name.py
[2024-12-23T19:43:52.098+0000] {processor.py:914} INFO - Processing file /home/airflow/.local/lib/python3.12/site-packages/airflow/example_dags/example_display_name.py for tasks to queue
[2024-12-23T19:43:52.099+0000] {logging_mixin.py:190} INFO - [2024-12-23T19:43:52.099+0000] {dagbag.py:588} INFO - Filling up the DagBag from /home/airflow/.local/lib/python3.12/site-packages/airflow/example_dags/example_display_name.py
[2024-12-23T19:43:52.107+0000] {processor.py:925} INFO - DAG(s) 'example_display_name' retrieved from /home/airflow/.local/lib/python3.12/site-packages/airflow/example_dags/example_display_name.py
[2024-12-23T19:43:52.123+0000] {logging_mixin.py:190} INFO - [2024-12-23T19:43:52.122+0000] {dag.py:3239} INFO - Sync 1 DAGs
[2024-12-23T19:43:52.135+0000] {logging_mixin.py:190} INFO - [2024-12-23T19:43:52.135+0000] {dag.py:4180} INFO - Setting next_dagrun for example_display_name to None, run_after=None
[2024-12-23T19:43:52.150+0000] {processor.py:208} INFO - Processing /home/airflow/.local/lib/python3.12/site-packages/airflow/example_dags/example_display_name.py took 0.058 seconds
[2024-12-23T19:44:22.859+0000] {processor.py:186} INFO - Started process (PID=37566) to work on /home/airflow/.local/lib/python3.12/site-packages/airflow/example_dags/example_display_name.py
[2024-12-23T19:44:22.860+0000] {processor.py:914} INFO - Processing file /home/airflow/.local/lib/python3.12/site-packages/airflow/example_dags/example_display_name.py for tasks to queue
[2024-12-23T19:44:22.861+0000] {logging_mixin.py:190} INFO - [2024-12-23T19:44:22.861+0000] {dagbag.py:588} INFO - Filling up the DagBag from /home/airflow/.local/lib/python3.12/site-packages/airflow/example_dags/example_display_name.py
[2024-12-23T19:44:22.869+0000] {processor.py:925} INFO - DAG(s) 'example_display_name' retrieved from /home/airflow/.local/lib/python3.12/site-packages/airflow/example_dags/example_display_name.py
[2024-12-23T19:44:22.885+0000] {logging_mixin.py:190} INFO - [2024-12-23T19:44:22.884+0000] {dag.py:3239} INFO - Sync 1 DAGs
[2024-12-23T19:44:22.897+0000] {logging_mixin.py:190} INFO - [2024-12-23T19:44:22.897+0000] {dag.py:4180} INFO - Setting next_dagrun for example_display_name to None, run_after=None
[2024-12-23T19:44:22.913+0000] {processor.py:208} INFO - Processing /home/airflow/.local/lib/python3.12/site-packages/airflow/example_dags/example_display_name.py took 0.061 seconds
[2024-12-23T19:44:53.627+0000] {processor.py:186} INFO - Started process (PID=37629) to work on /home/airflow/.local/lib/python3.12/site-packages/airflow/example_dags/example_display_name.py
[2024-12-23T19:44:53.628+0000] {processor.py:914} INFO - Processing file /home/airflow/.local/lib/python3.12/site-packages/airflow/example_dags/example_display_name.py for tasks to queue
[2024-12-23T19:44:53.629+0000] {logging_mixin.py:190} INFO - [2024-12-23T19:44:53.629+0000] {dagbag.py:588} INFO - Filling up the DagBag from /home/airflow/.local/lib/python3.12/site-packages/airflow/example_dags/example_display_name.py
[2024-12-23T19:44:53.638+0000] {processor.py:925} INFO - DAG(s) 'example_display_name' retrieved from /home/airflow/.local/lib/python3.12/site-packages/airflow/example_dags/example_display_name.py
[2024-12-23T19:44:53.655+0000] {logging_mixin.py:190} INFO - [2024-12-23T19:44:53.655+0000] {dag.py:3239} INFO - Sync 1 DAGs
[2024-12-23T19:44:53.669+0000] {logging_mixin.py:190} INFO - [2024-12-23T19:44:53.669+0000] {dag.py:4180} INFO - Setting next_dagrun for example_display_name to None, run_after=None
[2024-12-23T19:44:53.685+0000] {processor.py:208} INFO - Processing /home/airflow/.local/lib/python3.12/site-packages/airflow/example_dags/example_display_name.py took 0.064 seconds
[2024-12-23T19:45:24.993+0000] {processor.py:186} INFO - Started process (PID=37692) to work on /home/airflow/.local/lib/python3.12/site-packages/airflow/example_dags/example_display_name.py
[2024-12-23T19:45:24.994+0000] {processor.py:914} INFO - Processing file /home/airflow/.local/lib/python3.12/site-packages/airflow/example_dags/example_display_name.py for tasks to queue
[2024-12-23T19:45:24.995+0000] {logging_mixin.py:190} INFO - [2024-12-23T19:45:24.995+0000] {dagbag.py:588} INFO - Filling up the DagBag from /home/airflow/.local/lib/python3.12/site-packages/airflow/example_dags/example_display_name.py
[2024-12-23T19:45:25.002+0000] {processor.py:925} INFO - DAG(s) 'example_display_name' retrieved from /home/airflow/.local/lib/python3.12/site-packages/airflow/example_dags/example_display_name.py
[2024-12-23T19:45:25.019+0000] {logging_mixin.py:190} INFO - [2024-12-23T19:45:25.019+0000] {dag.py:3239} INFO - Sync 1 DAGs
[2024-12-23T19:45:25.031+0000] {logging_mixin.py:190} INFO - [2024-12-23T19:45:25.031+0000] {dag.py:4180} INFO - Setting next_dagrun for example_display_name to None, run_after=None
[2024-12-23T19:45:25.046+0000] {processor.py:208} INFO - Processing /home/airflow/.local/lib/python3.12/site-packages/airflow/example_dags/example_display_name.py took 0.058 seconds
[2024-12-23T19:45:55.477+0000] {processor.py:186} INFO - Started process (PID=37755) to work on /home/airflow/.local/lib/python3.12/site-packages/airflow/example_dags/example_display_name.py
[2024-12-23T19:45:55.478+0000] {processor.py:914} INFO - Processing file /home/airflow/.local/lib/python3.12/site-packages/airflow/example_dags/example_display_name.py for tasks to queue
[2024-12-23T19:45:55.479+0000] {logging_mixin.py:190} INFO - [2024-12-23T19:45:55.479+0000] {dagbag.py:588} INFO - Filling up the DagBag from /home/airflow/.local/lib/python3.12/site-packages/airflow/example_dags/example_display_name.py
[2024-12-23T19:45:55.486+0000] {processor.py:925} INFO - DAG(s) 'example_display_name' retrieved from /home/airflow/.local/lib/python3.12/site-packages/airflow/example_dags/example_display_name.py
[2024-12-23T19:45:55.505+0000] {logging_mixin.py:190} INFO - [2024-12-23T19:45:55.504+0000] {dag.py:3239} INFO - Sync 1 DAGs
[2024-12-23T19:45:55.518+0000] {logging_mixin.py:190} INFO - [2024-12-23T19:45:55.518+0000] {dag.py:4180} INFO - Setting next_dagrun for example_display_name to None, run_after=None
[2024-12-23T19:45:55.537+0000] {processor.py:208} INFO - Processing /home/airflow/.local/lib/python3.12/site-packages/airflow/example_dags/example_display_name.py took 0.067 seconds
[2024-12-23T19:46:25.907+0000] {processor.py:186} INFO - Started process (PID=37818) to work on /home/airflow/.local/lib/python3.12/site-packages/airflow/example_dags/example_display_name.py
[2024-12-23T19:46:25.908+0000] {processor.py:914} INFO - Processing file /home/airflow/.local/lib/python3.12/site-packages/airflow/example_dags/example_display_name.py for tasks to queue
[2024-12-23T19:46:25.909+0000] {logging_mixin.py:190} INFO - [2024-12-23T19:46:25.909+0000] {dagbag.py:588} INFO - Filling up the DagBag from /home/airflow/.local/lib/python3.12/site-packages/airflow/example_dags/example_display_name.py
[2024-12-23T19:46:25.916+0000] {processor.py:925} INFO - DAG(s) 'example_display_name' retrieved from /home/airflow/.local/lib/python3.12/site-packages/airflow/example_dags/example_display_name.py
[2024-12-23T19:46:25.933+0000] {logging_mixin.py:190} INFO - [2024-12-23T19:46:25.932+0000] {dag.py:3239} INFO - Sync 1 DAGs
[2024-12-23T19:46:25.945+0000] {logging_mixin.py:190} INFO - [2024-12-23T19:46:25.945+0000] {dag.py:4180} INFO - Setting next_dagrun for example_display_name to None, run_after=None
[2024-12-23T19:46:25.960+0000] {processor.py:208} INFO - Processing /home/airflow/.local/lib/python3.12/site-packages/airflow/example_dags/example_display_name.py took 0.058 seconds
[2024-12-23T19:48:16.691+0000] {processor.py:186} INFO - Started process (PID=71) to work on /home/airflow/.local/lib/python3.12/site-packages/airflow/example_dags/example_display_name.py
[2024-12-23T19:48:16.692+0000] {processor.py:914} INFO - Processing file /home/airflow/.local/lib/python3.12/site-packages/airflow/example_dags/example_display_name.py for tasks to queue
[2024-12-23T19:48:16.694+0000] {logging_mixin.py:190} INFO - [2024-12-23T19:48:16.694+0000] {dagbag.py:588} INFO - Filling up the DagBag from /home/airflow/.local/lib/python3.12/site-packages/airflow/example_dags/example_display_name.py
[2024-12-23T19:48:16.702+0000] {processor.py:925} INFO - DAG(s) 'example_display_name' retrieved from /home/airflow/.local/lib/python3.12/site-packages/airflow/example_dags/example_display_name.py
[2024-12-23T19:48:16.720+0000] {logging_mixin.py:190} INFO - [2024-12-23T19:48:16.720+0000] {dag.py:3239} INFO - Sync 1 DAGs
[2024-12-23T19:48:16.732+0000] {logging_mixin.py:190} INFO - [2024-12-23T19:48:16.732+0000] {dag.py:4180} INFO - Setting next_dagrun for example_display_name to None, run_after=None
[2024-12-23T19:48:16.750+0000] {processor.py:208} INFO - Processing /home/airflow/.local/lib/python3.12/site-packages/airflow/example_dags/example_display_name.py took 0.065 seconds
[2024-12-23T19:48:48.431+0000] {processor.py:186} INFO - Started process (PID=134) to work on /home/airflow/.local/lib/python3.12/site-packages/airflow/example_dags/example_display_name.py
[2024-12-23T19:48:48.432+0000] {processor.py:914} INFO - Processing file /home/airflow/.local/lib/python3.12/site-packages/airflow/example_dags/example_display_name.py for tasks to queue
[2024-12-23T19:48:48.436+0000] {logging_mixin.py:190} INFO - [2024-12-23T19:48:48.435+0000] {dagbag.py:588} INFO - Filling up the DagBag from /home/airflow/.local/lib/python3.12/site-packages/airflow/example_dags/example_display_name.py
[2024-12-23T19:48:48.446+0000] {processor.py:925} INFO - DAG(s) 'example_display_name' retrieved from /home/airflow/.local/lib/python3.12/site-packages/airflow/example_dags/example_display_name.py
[2024-12-23T19:48:48.467+0000] {logging_mixin.py:190} INFO - [2024-12-23T19:48:48.466+0000] {dag.py:3239} INFO - Sync 1 DAGs
[2024-12-23T19:48:48.482+0000] {logging_mixin.py:190} INFO - [2024-12-23T19:48:48.482+0000] {dag.py:4180} INFO - Setting next_dagrun for example_display_name to None, run_after=None
[2024-12-23T19:48:48.502+0000] {processor.py:208} INFO - Processing /home/airflow/.local/lib/python3.12/site-packages/airflow/example_dags/example_display_name.py took 0.077 seconds
[2024-12-23T19:49:20.610+0000] {processor.py:186} INFO - Started process (PID=197) to work on /home/airflow/.local/lib/python3.12/site-packages/airflow/example_dags/example_display_name.py
[2024-12-23T19:49:20.615+0000] {processor.py:914} INFO - Processing file /home/airflow/.local/lib/python3.12/site-packages/airflow/example_dags/example_display_name.py for tasks to queue
[2024-12-23T19:49:20.621+0000] {logging_mixin.py:190} INFO - [2024-12-23T19:49:20.621+0000] {dagbag.py:588} INFO - Filling up the DagBag from /home/airflow/.local/lib/python3.12/site-packages/airflow/example_dags/example_display_name.py
[2024-12-23T19:49:20.630+0000] {processor.py:925} INFO - DAG(s) 'example_display_name' retrieved from /home/airflow/.local/lib/python3.12/site-packages/airflow/example_dags/example_display_name.py
[2024-12-23T19:49:20.653+0000] {logging_mixin.py:190} INFO - [2024-12-23T19:49:20.653+0000] {dag.py:3239} INFO - Sync 1 DAGs
[2024-12-23T19:49:20.674+0000] {logging_mixin.py:190} INFO - [2024-12-23T19:49:20.673+0000] {dag.py:4180} INFO - Setting next_dagrun for example_display_name to None, run_after=None
[2024-12-23T19:49:20.698+0000] {processor.py:208} INFO - Processing /home/airflow/.local/lib/python3.12/site-packages/airflow/example_dags/example_display_name.py took 0.126 seconds
[2024-12-23T19:49:51.181+0000] {processor.py:186} INFO - Started process (PID=260) to work on /home/airflow/.local/lib/python3.12/site-packages/airflow/example_dags/example_display_name.py
[2024-12-23T19:49:51.186+0000] {processor.py:914} INFO - Processing file /home/airflow/.local/lib/python3.12/site-packages/airflow/example_dags/example_display_name.py for tasks to queue
[2024-12-23T19:49:51.188+0000] {logging_mixin.py:190} INFO - [2024-12-23T19:49:51.188+0000] {dagbag.py:588} INFO - Filling up the DagBag from /home/airflow/.local/lib/python3.12/site-packages/airflow/example_dags/example_display_name.py
[2024-12-23T19:49:51.195+0000] {processor.py:925} INFO - DAG(s) 'example_display_name' retrieved from /home/airflow/.local/lib/python3.12/site-packages/airflow/example_dags/example_display_name.py
[2024-12-23T19:49:51.212+0000] {logging_mixin.py:190} INFO - [2024-12-23T19:49:51.212+0000] {dag.py:3239} INFO - Sync 1 DAGs
[2024-12-23T19:49:51.225+0000] {logging_mixin.py:190} INFO - [2024-12-23T19:49:51.225+0000] {dag.py:4180} INFO - Setting next_dagrun for example_display_name to None, run_after=None
[2024-12-23T19:49:51.253+0000] {processor.py:208} INFO - Processing /home/airflow/.local/lib/python3.12/site-packages/airflow/example_dags/example_display_name.py took 0.078 seconds
[2024-12-23T19:50:23.947+0000] {processor.py:186} INFO - Started process (PID=329) to work on /home/airflow/.local/lib/python3.12/site-packages/airflow/example_dags/example_display_name.py
[2024-12-23T19:50:23.948+0000] {processor.py:914} INFO - Processing file /home/airflow/.local/lib/python3.12/site-packages/airflow/example_dags/example_display_name.py for tasks to queue
[2024-12-23T19:50:23.950+0000] {logging_mixin.py:190} INFO - [2024-12-23T19:50:23.950+0000] {dagbag.py:588} INFO - Filling up the DagBag from /home/airflow/.local/lib/python3.12/site-packages/airflow/example_dags/example_display_name.py
[2024-12-23T19:50:23.958+0000] {processor.py:925} INFO - DAG(s) 'example_display_name' retrieved from /home/airflow/.local/lib/python3.12/site-packages/airflow/example_dags/example_display_name.py
[2024-12-23T19:50:23.981+0000] {logging_mixin.py:190} INFO - [2024-12-23T19:50:23.981+0000] {dag.py:3239} INFO - Sync 1 DAGs
[2024-12-23T19:50:23.998+0000] {logging_mixin.py:190} INFO - [2024-12-23T19:50:23.998+0000] {dag.py:4180} INFO - Setting next_dagrun for example_display_name to None, run_after=None
[2024-12-23T19:50:24.022+0000] {processor.py:208} INFO - Processing /home/airflow/.local/lib/python3.12/site-packages/airflow/example_dags/example_display_name.py took 0.080 seconds
[2024-12-23T19:50:57.503+0000] {processor.py:186} INFO - Started process (PID=399) to work on /home/airflow/.local/lib/python3.12/site-packages/airflow/example_dags/example_display_name.py
[2024-12-23T19:50:57.504+0000] {processor.py:914} INFO - Processing file /home/airflow/.local/lib/python3.12/site-packages/airflow/example_dags/example_display_name.py for tasks to queue
[2024-12-23T19:50:57.507+0000] {logging_mixin.py:190} INFO - [2024-12-23T19:50:57.506+0000] {dagbag.py:588} INFO - Filling up the DagBag from /home/airflow/.local/lib/python3.12/site-packages/airflow/example_dags/example_display_name.py
[2024-12-23T19:50:57.515+0000] {processor.py:925} INFO - DAG(s) 'example_display_name' retrieved from /home/airflow/.local/lib/python3.12/site-packages/airflow/example_dags/example_display_name.py
[2024-12-23T19:50:57.535+0000] {logging_mixin.py:190} INFO - [2024-12-23T19:50:57.535+0000] {dag.py:3239} INFO - Sync 1 DAGs
[2024-12-23T19:50:57.549+0000] {logging_mixin.py:190} INFO - [2024-12-23T19:50:57.549+0000] {dag.py:4180} INFO - Setting next_dagrun for example_display_name to None, run_after=None
[2024-12-23T19:50:57.568+0000] {processor.py:208} INFO - Processing /home/airflow/.local/lib/python3.12/site-packages/airflow/example_dags/example_display_name.py took 0.071 seconds
[2024-12-23T19:51:50.912+0000] {processor.py:186} INFO - Started process (PID=462) to work on /home/airflow/.local/lib/python3.12/site-packages/airflow/example_dags/example_display_name.py
[2024-12-23T19:51:50.914+0000] {processor.py:914} INFO - Processing file /home/airflow/.local/lib/python3.12/site-packages/airflow/example_dags/example_display_name.py for tasks to queue
[2024-12-23T19:51:50.917+0000] {logging_mixin.py:190} INFO - [2024-12-23T19:51:50.917+0000] {dagbag.py:588} INFO - Filling up the DagBag from /home/airflow/.local/lib/python3.12/site-packages/airflow/example_dags/example_display_name.py
[2024-12-23T19:51:50.928+0000] {processor.py:925} INFO - DAG(s) 'example_display_name' retrieved from /home/airflow/.local/lib/python3.12/site-packages/airflow/example_dags/example_display_name.py
[2024-12-23T19:51:50.949+0000] {logging_mixin.py:190} INFO - [2024-12-23T19:51:50.949+0000] {dag.py:3239} INFO - Sync 1 DAGs
[2024-12-23T19:51:50.966+0000] {logging_mixin.py:190} INFO - [2024-12-23T19:51:50.966+0000] {dag.py:4180} INFO - Setting next_dagrun for example_display_name to None, run_after=None
[2024-12-23T19:51:50.986+0000] {processor.py:208} INFO - Processing /home/airflow/.local/lib/python3.12/site-packages/airflow/example_dags/example_display_name.py took 0.081 seconds
[2024-12-23T19:52:29.827+0000] {processor.py:186} INFO - Started process (PID=532) to work on /home/airflow/.local/lib/python3.12/site-packages/airflow/example_dags/example_display_name.py
[2024-12-23T19:52:29.829+0000] {processor.py:914} INFO - Processing file /home/airflow/.local/lib/python3.12/site-packages/airflow/example_dags/example_display_name.py for tasks to queue
[2024-12-23T19:52:29.832+0000] {logging_mixin.py:190} INFO - [2024-12-23T19:52:29.832+0000] {dagbag.py:588} INFO - Filling up the DagBag from /home/airflow/.local/lib/python3.12/site-packages/airflow/example_dags/example_display_name.py
[2024-12-23T19:52:29.842+0000] {processor.py:925} INFO - DAG(s) 'example_display_name' retrieved from /home/airflow/.local/lib/python3.12/site-packages/airflow/example_dags/example_display_name.py
[2024-12-23T19:52:29.907+0000] {logging_mixin.py:190} INFO - [2024-12-23T19:52:29.906+0000] {dag.py:3239} INFO - Sync 1 DAGs
[2024-12-23T19:52:29.937+0000] {logging_mixin.py:190} INFO - [2024-12-23T19:52:29.936+0000] {dag.py:4180} INFO - Setting next_dagrun for example_display_name to None, run_after=None
[2024-12-23T19:52:29.972+0000] {processor.py:208} INFO - Processing /home/airflow/.local/lib/python3.12/site-packages/airflow/example_dags/example_display_name.py took 0.154 seconds
[2024-12-23T19:53:00.573+0000] {processor.py:186} INFO - Started process (PID=595) to work on /home/airflow/.local/lib/python3.12/site-packages/airflow/example_dags/example_display_name.py
[2024-12-23T19:53:00.575+0000] {processor.py:914} INFO - Processing file /home/airflow/.local/lib/python3.12/site-packages/airflow/example_dags/example_display_name.py for tasks to queue
[2024-12-23T19:53:00.577+0000] {logging_mixin.py:190} INFO - [2024-12-23T19:53:00.576+0000] {dagbag.py:588} INFO - Filling up the DagBag from /home/airflow/.local/lib/python3.12/site-packages/airflow/example_dags/example_display_name.py
[2024-12-23T19:53:00.585+0000] {processor.py:925} INFO - DAG(s) 'example_display_name' retrieved from /home/airflow/.local/lib/python3.12/site-packages/airflow/example_dags/example_display_name.py
[2024-12-23T19:53:00.603+0000] {logging_mixin.py:190} INFO - [2024-12-23T19:53:00.603+0000] {dag.py:3239} INFO - Sync 1 DAGs
[2024-12-23T19:53:00.616+0000] {logging_mixin.py:190} INFO - [2024-12-23T19:53:00.616+0000] {dag.py:4180} INFO - Setting next_dagrun for example_display_name to None, run_after=None
[2024-12-23T19:53:00.634+0000] {processor.py:208} INFO - Processing /home/airflow/.local/lib/python3.12/site-packages/airflow/example_dags/example_display_name.py took 0.067 seconds
[2024-12-23T19:53:31.556+0000] {processor.py:186} INFO - Started process (PID=658) to work on /home/airflow/.local/lib/python3.12/site-packages/airflow/example_dags/example_display_name.py
[2024-12-23T19:53:31.557+0000] {processor.py:914} INFO - Processing file /home/airflow/.local/lib/python3.12/site-packages/airflow/example_dags/example_display_name.py for tasks to queue
[2024-12-23T19:53:31.560+0000] {logging_mixin.py:190} INFO - [2024-12-23T19:53:31.559+0000] {dagbag.py:588} INFO - Filling up the DagBag from /home/airflow/.local/lib/python3.12/site-packages/airflow/example_dags/example_display_name.py
[2024-12-23T19:53:31.567+0000] {processor.py:925} INFO - DAG(s) 'example_display_name' retrieved from /home/airflow/.local/lib/python3.12/site-packages/airflow/example_dags/example_display_name.py
[2024-12-23T19:53:31.584+0000] {logging_mixin.py:190} INFO - [2024-12-23T19:53:31.584+0000] {dag.py:3239} INFO - Sync 1 DAGs
[2024-12-23T19:53:31.596+0000] {logging_mixin.py:190} INFO - [2024-12-23T19:53:31.596+0000] {dag.py:4180} INFO - Setting next_dagrun for example_display_name to None, run_after=None
[2024-12-23T19:53:31.614+0000] {processor.py:208} INFO - Processing /home/airflow/.local/lib/python3.12/site-packages/airflow/example_dags/example_display_name.py took 0.063 seconds
[2024-12-23T19:54:01.962+0000] {processor.py:186} INFO - Started process (PID=720) to work on /home/airflow/.local/lib/python3.12/site-packages/airflow/example_dags/example_display_name.py
[2024-12-23T19:54:01.962+0000] {processor.py:914} INFO - Processing file /home/airflow/.local/lib/python3.12/site-packages/airflow/example_dags/example_display_name.py for tasks to queue
[2024-12-23T19:54:01.965+0000] {logging_mixin.py:190} INFO - [2024-12-23T19:54:01.965+0000] {dagbag.py:588} INFO - Filling up the DagBag from /home/airflow/.local/lib/python3.12/site-packages/airflow/example_dags/example_display_name.py
[2024-12-23T19:54:01.972+0000] {processor.py:925} INFO - DAG(s) 'example_display_name' retrieved from /home/airflow/.local/lib/python3.12/site-packages/airflow/example_dags/example_display_name.py
[2024-12-23T19:54:01.990+0000] {logging_mixin.py:190} INFO - [2024-12-23T19:54:01.990+0000] {dag.py:3239} INFO - Sync 1 DAGs
[2024-12-23T19:54:02.003+0000] {logging_mixin.py:190} INFO - [2024-12-23T19:54:02.002+0000] {dag.py:4180} INFO - Setting next_dagrun for example_display_name to None, run_after=None
[2024-12-23T19:54:02.019+0000] {processor.py:208} INFO - Processing /home/airflow/.local/lib/python3.12/site-packages/airflow/example_dags/example_display_name.py took 0.063 seconds
[2024-12-23T19:54:33.301+0000] {processor.py:186} INFO - Started process (PID=783) to work on /home/airflow/.local/lib/python3.12/site-packages/airflow/example_dags/example_display_name.py
[2024-12-23T19:54:33.302+0000] {processor.py:914} INFO - Processing file /home/airflow/.local/lib/python3.12/site-packages/airflow/example_dags/example_display_name.py for tasks to queue
[2024-12-23T19:54:33.304+0000] {logging_mixin.py:190} INFO - [2024-12-23T19:54:33.304+0000] {dagbag.py:588} INFO - Filling up the DagBag from /home/airflow/.local/lib/python3.12/site-packages/airflow/example_dags/example_display_name.py
[2024-12-23T19:54:33.312+0000] {processor.py:925} INFO - DAG(s) 'example_display_name' retrieved from /home/airflow/.local/lib/python3.12/site-packages/airflow/example_dags/example_display_name.py
[2024-12-23T19:54:33.329+0000] {logging_mixin.py:190} INFO - [2024-12-23T19:54:33.328+0000] {dag.py:3239} INFO - Sync 1 DAGs
[2024-12-23T19:54:33.344+0000] {logging_mixin.py:190} INFO - [2024-12-23T19:54:33.343+0000] {dag.py:4180} INFO - Setting next_dagrun for example_display_name to None, run_after=None
[2024-12-23T19:54:33.360+0000] {processor.py:208} INFO - Processing /home/airflow/.local/lib/python3.12/site-packages/airflow/example_dags/example_display_name.py took 0.064 seconds
[2024-12-23T19:55:04.353+0000] {processor.py:186} INFO - Started process (PID=846) to work on /home/airflow/.local/lib/python3.12/site-packages/airflow/example_dags/example_display_name.py
[2024-12-23T19:55:04.354+0000] {processor.py:914} INFO - Processing file /home/airflow/.local/lib/python3.12/site-packages/airflow/example_dags/example_display_name.py for tasks to queue
[2024-12-23T19:55:04.357+0000] {logging_mixin.py:190} INFO - [2024-12-23T19:55:04.357+0000] {dagbag.py:588} INFO - Filling up the DagBag from /home/airflow/.local/lib/python3.12/site-packages/airflow/example_dags/example_display_name.py
[2024-12-23T19:55:04.367+0000] {processor.py:925} INFO - DAG(s) 'example_display_name' retrieved from /home/airflow/.local/lib/python3.12/site-packages/airflow/example_dags/example_display_name.py
[2024-12-23T19:55:04.388+0000] {logging_mixin.py:190} INFO - [2024-12-23T19:55:04.388+0000] {dag.py:3239} INFO - Sync 1 DAGs
[2024-12-23T19:55:04.403+0000] {logging_mixin.py:190} INFO - [2024-12-23T19:55:04.403+0000] {dag.py:4180} INFO - Setting next_dagrun for example_display_name to None, run_after=None
[2024-12-23T19:55:04.420+0000] {processor.py:208} INFO - Processing /home/airflow/.local/lib/python3.12/site-packages/airflow/example_dags/example_display_name.py took 0.072 seconds
[2024-12-23T19:55:36.363+0000] {processor.py:186} INFO - Started process (PID=910) to work on /home/airflow/.local/lib/python3.12/site-packages/airflow/example_dags/example_display_name.py
[2024-12-23T19:55:36.364+0000] {processor.py:914} INFO - Processing file /home/airflow/.local/lib/python3.12/site-packages/airflow/example_dags/example_display_name.py for tasks to queue
[2024-12-23T19:55:36.367+0000] {logging_mixin.py:190} INFO - [2024-12-23T19:55:36.366+0000] {dagbag.py:588} INFO - Filling up the DagBag from /home/airflow/.local/lib/python3.12/site-packages/airflow/example_dags/example_display_name.py
[2024-12-23T19:55:36.375+0000] {processor.py:925} INFO - DAG(s) 'example_display_name' retrieved from /home/airflow/.local/lib/python3.12/site-packages/airflow/example_dags/example_display_name.py
[2024-12-23T19:55:36.392+0000] {logging_mixin.py:190} INFO - [2024-12-23T19:55:36.391+0000] {dag.py:3239} INFO - Sync 1 DAGs
[2024-12-23T19:55:36.405+0000] {logging_mixin.py:190} INFO - [2024-12-23T19:55:36.405+0000] {dag.py:4180} INFO - Setting next_dagrun for example_display_name to None, run_after=None
[2024-12-23T19:55:36.420+0000] {processor.py:208} INFO - Processing /home/airflow/.local/lib/python3.12/site-packages/airflow/example_dags/example_display_name.py took 0.062 seconds
[2024-12-23T19:56:08.397+0000] {processor.py:186} INFO - Started process (PID=973) to work on /home/airflow/.local/lib/python3.12/site-packages/airflow/example_dags/example_display_name.py
[2024-12-23T19:56:08.399+0000] {processor.py:914} INFO - Processing file /home/airflow/.local/lib/python3.12/site-packages/airflow/example_dags/example_display_name.py for tasks to queue
[2024-12-23T19:56:08.401+0000] {logging_mixin.py:190} INFO - [2024-12-23T19:56:08.400+0000] {dagbag.py:588} INFO - Filling up the DagBag from /home/airflow/.local/lib/python3.12/site-packages/airflow/example_dags/example_display_name.py
[2024-12-23T19:56:08.408+0000] {processor.py:925} INFO - DAG(s) 'example_display_name' retrieved from /home/airflow/.local/lib/python3.12/site-packages/airflow/example_dags/example_display_name.py
[2024-12-23T19:56:08.427+0000] {logging_mixin.py:190} INFO - [2024-12-23T19:56:08.426+0000] {dag.py:3239} INFO - Sync 1 DAGs
[2024-12-23T19:56:08.441+0000] {logging_mixin.py:190} INFO - [2024-12-23T19:56:08.441+0000] {dag.py:4180} INFO - Setting next_dagrun for example_display_name to None, run_after=None
[2024-12-23T19:56:08.459+0000] {processor.py:208} INFO - Processing /home/airflow/.local/lib/python3.12/site-packages/airflow/example_dags/example_display_name.py took 0.067 seconds
[2024-12-23T19:56:39.231+0000] {processor.py:186} INFO - Started process (PID=1036) to work on /home/airflow/.local/lib/python3.12/site-packages/airflow/example_dags/example_display_name.py
[2024-12-23T19:56:39.233+0000] {processor.py:914} INFO - Processing file /home/airflow/.local/lib/python3.12/site-packages/airflow/example_dags/example_display_name.py for tasks to queue
[2024-12-23T19:56:39.236+0000] {logging_mixin.py:190} INFO - [2024-12-23T19:56:39.235+0000] {dagbag.py:588} INFO - Filling up the DagBag from /home/airflow/.local/lib/python3.12/site-packages/airflow/example_dags/example_display_name.py
[2024-12-23T19:56:39.244+0000] {processor.py:925} INFO - DAG(s) 'example_display_name' retrieved from /home/airflow/.local/lib/python3.12/site-packages/airflow/example_dags/example_display_name.py
[2024-12-23T19:56:39.264+0000] {logging_mixin.py:190} INFO - [2024-12-23T19:56:39.263+0000] {dag.py:3239} INFO - Sync 1 DAGs
[2024-12-23T19:56:39.276+0000] {logging_mixin.py:190} INFO - [2024-12-23T19:56:39.276+0000] {dag.py:4180} INFO - Setting next_dagrun for example_display_name to None, run_after=None
[2024-12-23T19:56:39.296+0000] {processor.py:208} INFO - Processing /home/airflow/.local/lib/python3.12/site-packages/airflow/example_dags/example_display_name.py took 0.071 seconds
[2024-12-23T19:57:10.832+0000] {processor.py:186} INFO - Started process (PID=1099) to work on /home/airflow/.local/lib/python3.12/site-packages/airflow/example_dags/example_display_name.py
[2024-12-23T19:57:10.833+0000] {processor.py:914} INFO - Processing file /home/airflow/.local/lib/python3.12/site-packages/airflow/example_dags/example_display_name.py for tasks to queue
[2024-12-23T19:57:10.835+0000] {logging_mixin.py:190} INFO - [2024-12-23T19:57:10.835+0000] {dagbag.py:588} INFO - Filling up the DagBag from /home/airflow/.local/lib/python3.12/site-packages/airflow/example_dags/example_display_name.py
[2024-12-23T19:57:10.844+0000] {processor.py:925} INFO - DAG(s) 'example_display_name' retrieved from /home/airflow/.local/lib/python3.12/site-packages/airflow/example_dags/example_display_name.py
[2024-12-23T19:57:10.867+0000] {logging_mixin.py:190} INFO - [2024-12-23T19:57:10.867+0000] {dag.py:3239} INFO - Sync 1 DAGs
[2024-12-23T19:57:10.888+0000] {logging_mixin.py:190} INFO - [2024-12-23T19:57:10.888+0000] {dag.py:4180} INFO - Setting next_dagrun for example_display_name to None, run_after=None
[2024-12-23T19:57:10.910+0000] {processor.py:208} INFO - Processing /home/airflow/.local/lib/python3.12/site-packages/airflow/example_dags/example_display_name.py took 0.086 seconds
[2024-12-23T19:57:40.984+0000] {processor.py:186} INFO - Started process (PID=1161) to work on /home/airflow/.local/lib/python3.12/site-packages/airflow/example_dags/example_display_name.py
[2024-12-23T19:57:40.985+0000] {processor.py:914} INFO - Processing file /home/airflow/.local/lib/python3.12/site-packages/airflow/example_dags/example_display_name.py for tasks to queue
[2024-12-23T19:57:40.988+0000] {logging_mixin.py:190} INFO - [2024-12-23T19:57:40.988+0000] {dagbag.py:588} INFO - Filling up the DagBag from /home/airflow/.local/lib/python3.12/site-packages/airflow/example_dags/example_display_name.py
[2024-12-23T19:57:40.995+0000] {processor.py:925} INFO - DAG(s) 'example_display_name' retrieved from /home/airflow/.local/lib/python3.12/site-packages/airflow/example_dags/example_display_name.py
[2024-12-23T19:57:41.012+0000] {logging_mixin.py:190} INFO - [2024-12-23T19:57:41.012+0000] {dag.py:3239} INFO - Sync 1 DAGs
[2024-12-23T19:57:41.025+0000] {logging_mixin.py:190} INFO - [2024-12-23T19:57:41.025+0000] {dag.py:4180} INFO - Setting next_dagrun for example_display_name to None, run_after=None
[2024-12-23T19:57:41.039+0000] {processor.py:208} INFO - Processing /home/airflow/.local/lib/python3.12/site-packages/airflow/example_dags/example_display_name.py took 0.060 seconds
[2024-12-23T19:58:12.330+0000] {processor.py:186} INFO - Started process (PID=1224) to work on /home/airflow/.local/lib/python3.12/site-packages/airflow/example_dags/example_display_name.py
[2024-12-23T19:58:12.331+0000] {processor.py:914} INFO - Processing file /home/airflow/.local/lib/python3.12/site-packages/airflow/example_dags/example_display_name.py for tasks to queue
[2024-12-23T19:58:12.333+0000] {logging_mixin.py:190} INFO - [2024-12-23T19:58:12.333+0000] {dagbag.py:588} INFO - Filling up the DagBag from /home/airflow/.local/lib/python3.12/site-packages/airflow/example_dags/example_display_name.py
[2024-12-23T19:58:12.341+0000] {processor.py:925} INFO - DAG(s) 'example_display_name' retrieved from /home/airflow/.local/lib/python3.12/site-packages/airflow/example_dags/example_display_name.py
[2024-12-23T19:58:12.357+0000] {logging_mixin.py:190} INFO - [2024-12-23T19:58:12.357+0000] {dag.py:3239} INFO - Sync 1 DAGs
[2024-12-23T19:58:12.369+0000] {logging_mixin.py:190} INFO - [2024-12-23T19:58:12.369+0000] {dag.py:4180} INFO - Setting next_dagrun for example_display_name to None, run_after=None
[2024-12-23T19:58:12.386+0000] {processor.py:208} INFO - Processing /home/airflow/.local/lib/python3.12/site-packages/airflow/example_dags/example_display_name.py took 0.061 seconds
[2024-12-23T19:58:43.548+0000] {processor.py:186} INFO - Started process (PID=1288) to work on /home/airflow/.local/lib/python3.12/site-packages/airflow/example_dags/example_display_name.py
[2024-12-23T19:58:43.549+0000] {processor.py:914} INFO - Processing file /home/airflow/.local/lib/python3.12/site-packages/airflow/example_dags/example_display_name.py for tasks to queue
[2024-12-23T19:58:43.551+0000] {logging_mixin.py:190} INFO - [2024-12-23T19:58:43.551+0000] {dagbag.py:588} INFO - Filling up the DagBag from /home/airflow/.local/lib/python3.12/site-packages/airflow/example_dags/example_display_name.py
[2024-12-23T19:58:43.559+0000] {processor.py:925} INFO - DAG(s) 'example_display_name' retrieved from /home/airflow/.local/lib/python3.12/site-packages/airflow/example_dags/example_display_name.py
[2024-12-23T19:58:43.578+0000] {logging_mixin.py:190} INFO - [2024-12-23T19:58:43.578+0000] {dag.py:3239} INFO - Sync 1 DAGs
[2024-12-23T19:58:43.590+0000] {logging_mixin.py:190} INFO - [2024-12-23T19:58:43.590+0000] {dag.py:4180} INFO - Setting next_dagrun for example_display_name to None, run_after=None
[2024-12-23T19:58:43.605+0000] {processor.py:208} INFO - Processing /home/airflow/.local/lib/python3.12/site-packages/airflow/example_dags/example_display_name.py took 0.062 seconds
[2024-12-23T19:59:14.823+0000] {processor.py:186} INFO - Started process (PID=1351) to work on /home/airflow/.local/lib/python3.12/site-packages/airflow/example_dags/example_display_name.py
[2024-12-23T19:59:14.824+0000] {processor.py:914} INFO - Processing file /home/airflow/.local/lib/python3.12/site-packages/airflow/example_dags/example_display_name.py for tasks to queue
[2024-12-23T19:59:14.827+0000] {logging_mixin.py:190} INFO - [2024-12-23T19:59:14.826+0000] {dagbag.py:588} INFO - Filling up the DagBag from /home/airflow/.local/lib/python3.12/site-packages/airflow/example_dags/example_display_name.py
[2024-12-23T19:59:14.836+0000] {processor.py:925} INFO - DAG(s) 'example_display_name' retrieved from /home/airflow/.local/lib/python3.12/site-packages/airflow/example_dags/example_display_name.py
[2024-12-23T19:59:14.854+0000] {logging_mixin.py:190} INFO - [2024-12-23T19:59:14.854+0000] {dag.py:3239} INFO - Sync 1 DAGs
[2024-12-23T19:59:14.868+0000] {logging_mixin.py:190} INFO - [2024-12-23T19:59:14.868+0000] {dag.py:4180} INFO - Setting next_dagrun for example_display_name to None, run_after=None
[2024-12-23T19:59:14.888+0000] {processor.py:208} INFO - Processing /home/airflow/.local/lib/python3.12/site-packages/airflow/example_dags/example_display_name.py took 0.070 seconds
[2024-12-23T19:59:46.081+0000] {processor.py:186} INFO - Started process (PID=1415) to work on /home/airflow/.local/lib/python3.12/site-packages/airflow/example_dags/example_display_name.py
[2024-12-23T19:59:46.082+0000] {processor.py:914} INFO - Processing file /home/airflow/.local/lib/python3.12/site-packages/airflow/example_dags/example_display_name.py for tasks to queue
[2024-12-23T19:59:46.085+0000] {logging_mixin.py:190} INFO - [2024-12-23T19:59:46.085+0000] {dagbag.py:588} INFO - Filling up the DagBag from /home/airflow/.local/lib/python3.12/site-packages/airflow/example_dags/example_display_name.py
[2024-12-23T19:59:46.094+0000] {processor.py:925} INFO - DAG(s) 'example_display_name' retrieved from /home/airflow/.local/lib/python3.12/site-packages/airflow/example_dags/example_display_name.py
[2024-12-23T19:59:46.112+0000] {logging_mixin.py:190} INFO - [2024-12-23T19:59:46.111+0000] {dag.py:3239} INFO - Sync 1 DAGs
[2024-12-23T19:59:46.125+0000] {logging_mixin.py:190} INFO - [2024-12-23T19:59:46.125+0000] {dag.py:4180} INFO - Setting next_dagrun for example_display_name to None, run_after=None
[2024-12-23T19:59:46.143+0000] {processor.py:208} INFO - Processing /home/airflow/.local/lib/python3.12/site-packages/airflow/example_dags/example_display_name.py took 0.068 seconds
[2024-12-23T20:00:16.977+0000] {processor.py:186} INFO - Started process (PID=1478) to work on /home/airflow/.local/lib/python3.12/site-packages/airflow/example_dags/example_display_name.py
[2024-12-23T20:00:16.978+0000] {processor.py:914} INFO - Processing file /home/airflow/.local/lib/python3.12/site-packages/airflow/example_dags/example_display_name.py for tasks to queue
[2024-12-23T20:00:16.981+0000] {logging_mixin.py:190} INFO - [2024-12-23T20:00:16.980+0000] {dagbag.py:588} INFO - Filling up the DagBag from /home/airflow/.local/lib/python3.12/site-packages/airflow/example_dags/example_display_name.py
[2024-12-23T20:00:16.991+0000] {processor.py:925} INFO - DAG(s) 'example_display_name' retrieved from /home/airflow/.local/lib/python3.12/site-packages/airflow/example_dags/example_display_name.py
[2024-12-23T20:00:17.010+0000] {logging_mixin.py:190} INFO - [2024-12-23T20:00:17.010+0000] {dag.py:3239} INFO - Sync 1 DAGs
[2024-12-23T20:00:17.024+0000] {logging_mixin.py:190} INFO - [2024-12-23T20:00:17.023+0000] {dag.py:4180} INFO - Setting next_dagrun for example_display_name to None, run_after=None
[2024-12-23T20:00:17.041+0000] {processor.py:208} INFO - Processing /home/airflow/.local/lib/python3.12/site-packages/airflow/example_dags/example_display_name.py took 0.070 seconds
[2024-12-23T20:00:49.352+0000] {processor.py:186} INFO - Started process (PID=1541) to work on /home/airflow/.local/lib/python3.12/site-packages/airflow/example_dags/example_display_name.py
[2024-12-23T20:00:49.353+0000] {processor.py:914} INFO - Processing file /home/airflow/.local/lib/python3.12/site-packages/airflow/example_dags/example_display_name.py for tasks to queue
[2024-12-23T20:00:49.361+0000] {logging_mixin.py:190} INFO - [2024-12-23T20:00:49.361+0000] {dagbag.py:588} INFO - Filling up the DagBag from /home/airflow/.local/lib/python3.12/site-packages/airflow/example_dags/example_display_name.py
[2024-12-23T20:00:49.382+0000] {processor.py:925} INFO - DAG(s) 'example_display_name' retrieved from /home/airflow/.local/lib/python3.12/site-packages/airflow/example_dags/example_display_name.py
[2024-12-23T20:00:49.416+0000] {logging_mixin.py:190} INFO - [2024-12-23T20:00:49.415+0000] {dag.py:3239} INFO - Sync 1 DAGs
[2024-12-23T20:00:49.439+0000] {logging_mixin.py:190} INFO - [2024-12-23T20:00:49.438+0000] {dag.py:4180} INFO - Setting next_dagrun for example_display_name to None, run_after=None
[2024-12-23T20:00:49.473+0000] {processor.py:208} INFO - Processing /home/airflow/.local/lib/python3.12/site-packages/airflow/example_dags/example_display_name.py took 0.133 seconds
[2024-12-23T20:01:20.399+0000] {processor.py:186} INFO - Started process (PID=1604) to work on /home/airflow/.local/lib/python3.12/site-packages/airflow/example_dags/example_display_name.py
[2024-12-23T20:01:20.400+0000] {processor.py:914} INFO - Processing file /home/airflow/.local/lib/python3.12/site-packages/airflow/example_dags/example_display_name.py for tasks to queue
[2024-12-23T20:01:20.402+0000] {logging_mixin.py:190} INFO - [2024-12-23T20:01:20.402+0000] {dagbag.py:588} INFO - Filling up the DagBag from /home/airflow/.local/lib/python3.12/site-packages/airflow/example_dags/example_display_name.py
[2024-12-23T20:01:20.410+0000] {processor.py:925} INFO - DAG(s) 'example_display_name' retrieved from /home/airflow/.local/lib/python3.12/site-packages/airflow/example_dags/example_display_name.py
[2024-12-23T20:01:20.428+0000] {logging_mixin.py:190} INFO - [2024-12-23T20:01:20.428+0000] {dag.py:3239} INFO - Sync 1 DAGs
[2024-12-23T20:01:20.444+0000] {logging_mixin.py:190} INFO - [2024-12-23T20:01:20.444+0000] {dag.py:4180} INFO - Setting next_dagrun for example_display_name to None, run_after=None
[2024-12-23T20:01:20.461+0000] {processor.py:208} INFO - Processing /home/airflow/.local/lib/python3.12/site-packages/airflow/example_dags/example_display_name.py took 0.068 seconds
[2024-12-23T20:01:50.522+0000] {processor.py:186} INFO - Started process (PID=1666) to work on /home/airflow/.local/lib/python3.12/site-packages/airflow/example_dags/example_display_name.py
[2024-12-23T20:01:50.523+0000] {processor.py:914} INFO - Processing file /home/airflow/.local/lib/python3.12/site-packages/airflow/example_dags/example_display_name.py for tasks to queue
[2024-12-23T20:01:50.527+0000] {logging_mixin.py:190} INFO - [2024-12-23T20:01:50.526+0000] {dagbag.py:588} INFO - Filling up the DagBag from /home/airflow/.local/lib/python3.12/site-packages/airflow/example_dags/example_display_name.py
[2024-12-23T20:01:50.535+0000] {processor.py:925} INFO - DAG(s) 'example_display_name' retrieved from /home/airflow/.local/lib/python3.12/site-packages/airflow/example_dags/example_display_name.py
[2024-12-23T20:01:50.556+0000] {logging_mixin.py:190} INFO - [2024-12-23T20:01:50.555+0000] {dag.py:3239} INFO - Sync 1 DAGs
[2024-12-23T20:01:50.570+0000] {logging_mixin.py:190} INFO - [2024-12-23T20:01:50.569+0000] {dag.py:4180} INFO - Setting next_dagrun for example_display_name to None, run_after=None
[2024-12-23T20:01:50.590+0000] {processor.py:208} INFO - Processing /home/airflow/.local/lib/python3.12/site-packages/airflow/example_dags/example_display_name.py took 0.076 seconds
[2024-12-23T20:02:21.665+0000] {processor.py:186} INFO - Started process (PID=1729) to work on /home/airflow/.local/lib/python3.12/site-packages/airflow/example_dags/example_display_name.py
[2024-12-23T20:02:21.666+0000] {processor.py:914} INFO - Processing file /home/airflow/.local/lib/python3.12/site-packages/airflow/example_dags/example_display_name.py for tasks to queue
[2024-12-23T20:02:21.670+0000] {logging_mixin.py:190} INFO - [2024-12-23T20:02:21.669+0000] {dagbag.py:588} INFO - Filling up the DagBag from /home/airflow/.local/lib/python3.12/site-packages/airflow/example_dags/example_display_name.py
[2024-12-23T20:02:21.677+0000] {processor.py:925} INFO - DAG(s) 'example_display_name' retrieved from /home/airflow/.local/lib/python3.12/site-packages/airflow/example_dags/example_display_name.py
[2024-12-23T20:02:21.696+0000] {logging_mixin.py:190} INFO - [2024-12-23T20:02:21.696+0000] {dag.py:3239} INFO - Sync 1 DAGs
[2024-12-23T20:02:21.709+0000] {logging_mixin.py:190} INFO - [2024-12-23T20:02:21.709+0000] {dag.py:4180} INFO - Setting next_dagrun for example_display_name to None, run_after=None
[2024-12-23T20:02:21.727+0000] {processor.py:208} INFO - Processing /home/airflow/.local/lib/python3.12/site-packages/airflow/example_dags/example_display_name.py took 0.069 seconds
[2024-12-23T20:02:52.885+0000] {processor.py:186} INFO - Started process (PID=1798) to work on /home/airflow/.local/lib/python3.12/site-packages/airflow/example_dags/example_display_name.py
[2024-12-23T20:02:52.886+0000] {processor.py:914} INFO - Processing file /home/airflow/.local/lib/python3.12/site-packages/airflow/example_dags/example_display_name.py for tasks to queue
[2024-12-23T20:02:52.888+0000] {logging_mixin.py:190} INFO - [2024-12-23T20:02:52.888+0000] {dagbag.py:588} INFO - Filling up the DagBag from /home/airflow/.local/lib/python3.12/site-packages/airflow/example_dags/example_display_name.py
[2024-12-23T20:02:52.895+0000] {processor.py:925} INFO - DAG(s) 'example_display_name' retrieved from /home/airflow/.local/lib/python3.12/site-packages/airflow/example_dags/example_display_name.py
[2024-12-23T20:02:52.911+0000] {logging_mixin.py:190} INFO - [2024-12-23T20:02:52.911+0000] {dag.py:3239} INFO - Sync 1 DAGs
[2024-12-23T20:02:52.926+0000] {logging_mixin.py:190} INFO - [2024-12-23T20:02:52.926+0000] {dag.py:4180} INFO - Setting next_dagrun for example_display_name to None, run_after=None
[2024-12-23T20:02:52.944+0000] {processor.py:208} INFO - Processing /home/airflow/.local/lib/python3.12/site-packages/airflow/example_dags/example_display_name.py took 0.064 seconds
[2024-12-23T20:03:24.854+0000] {processor.py:186} INFO - Started process (PID=1861) to work on /home/airflow/.local/lib/python3.12/site-packages/airflow/example_dags/example_display_name.py
[2024-12-23T20:03:24.855+0000] {processor.py:914} INFO - Processing file /home/airflow/.local/lib/python3.12/site-packages/airflow/example_dags/example_display_name.py for tasks to queue
[2024-12-23T20:03:24.858+0000] {logging_mixin.py:190} INFO - [2024-12-23T20:03:24.858+0000] {dagbag.py:588} INFO - Filling up the DagBag from /home/airflow/.local/lib/python3.12/site-packages/airflow/example_dags/example_display_name.py
[2024-12-23T20:03:24.867+0000] {processor.py:925} INFO - DAG(s) 'example_display_name' retrieved from /home/airflow/.local/lib/python3.12/site-packages/airflow/example_dags/example_display_name.py
[2024-12-23T20:03:24.886+0000] {logging_mixin.py:190} INFO - [2024-12-23T20:03:24.885+0000] {dag.py:3239} INFO - Sync 1 DAGs
[2024-12-23T20:03:24.899+0000] {logging_mixin.py:190} INFO - [2024-12-23T20:03:24.899+0000] {dag.py:4180} INFO - Setting next_dagrun for example_display_name to None, run_after=None
[2024-12-23T20:03:24.918+0000] {processor.py:208} INFO - Processing /home/airflow/.local/lib/python3.12/site-packages/airflow/example_dags/example_display_name.py took 0.069 seconds
[2024-12-23T20:03:55.852+0000] {processor.py:186} INFO - Started process (PID=1924) to work on /home/airflow/.local/lib/python3.12/site-packages/airflow/example_dags/example_display_name.py
[2024-12-23T20:03:55.853+0000] {processor.py:914} INFO - Processing file /home/airflow/.local/lib/python3.12/site-packages/airflow/example_dags/example_display_name.py for tasks to queue
[2024-12-23T20:03:55.856+0000] {logging_mixin.py:190} INFO - [2024-12-23T20:03:55.855+0000] {dagbag.py:588} INFO - Filling up the DagBag from /home/airflow/.local/lib/python3.12/site-packages/airflow/example_dags/example_display_name.py
[2024-12-23T20:03:55.866+0000] {processor.py:925} INFO - DAG(s) 'example_display_name' retrieved from /home/airflow/.local/lib/python3.12/site-packages/airflow/example_dags/example_display_name.py
[2024-12-23T20:03:55.884+0000] {logging_mixin.py:190} INFO - [2024-12-23T20:03:55.884+0000] {dag.py:3239} INFO - Sync 1 DAGs
[2024-12-23T20:03:55.898+0000] {logging_mixin.py:190} INFO - [2024-12-23T20:03:55.898+0000] {dag.py:4180} INFO - Setting next_dagrun for example_display_name to None, run_after=None
[2024-12-23T20:03:55.915+0000] {processor.py:208} INFO - Processing /home/airflow/.local/lib/python3.12/site-packages/airflow/example_dags/example_display_name.py took 0.070 seconds
[2024-12-23T20:04:27.208+0000] {processor.py:186} INFO - Started process (PID=1987) to work on /home/airflow/.local/lib/python3.12/site-packages/airflow/example_dags/example_display_name.py
[2024-12-23T20:04:27.209+0000] {processor.py:914} INFO - Processing file /home/airflow/.local/lib/python3.12/site-packages/airflow/example_dags/example_display_name.py for tasks to queue
[2024-12-23T20:04:27.211+0000] {logging_mixin.py:190} INFO - [2024-12-23T20:04:27.211+0000] {dagbag.py:588} INFO - Filling up the DagBag from /home/airflow/.local/lib/python3.12/site-packages/airflow/example_dags/example_display_name.py
[2024-12-23T20:04:27.219+0000] {processor.py:925} INFO - DAG(s) 'example_display_name' retrieved from /home/airflow/.local/lib/python3.12/site-packages/airflow/example_dags/example_display_name.py
[2024-12-23T20:04:27.236+0000] {logging_mixin.py:190} INFO - [2024-12-23T20:04:27.236+0000] {dag.py:3239} INFO - Sync 1 DAGs
[2024-12-23T20:04:27.249+0000] {logging_mixin.py:190} INFO - [2024-12-23T20:04:27.249+0000] {dag.py:4180} INFO - Setting next_dagrun for example_display_name to None, run_after=None
[2024-12-23T20:04:27.268+0000] {processor.py:208} INFO - Processing /home/airflow/.local/lib/python3.12/site-packages/airflow/example_dags/example_display_name.py took 0.065 seconds
[2024-12-23T20:04:59.189+0000] {processor.py:186} INFO - Started process (PID=2050) to work on /home/airflow/.local/lib/python3.12/site-packages/airflow/example_dags/example_display_name.py
[2024-12-23T20:04:59.190+0000] {processor.py:914} INFO - Processing file /home/airflow/.local/lib/python3.12/site-packages/airflow/example_dags/example_display_name.py for tasks to queue
[2024-12-23T20:04:59.194+0000] {logging_mixin.py:190} INFO - [2024-12-23T20:04:59.193+0000] {dagbag.py:588} INFO - Filling up the DagBag from /home/airflow/.local/lib/python3.12/site-packages/airflow/example_dags/example_display_name.py
[2024-12-23T20:04:59.203+0000] {processor.py:925} INFO - DAG(s) 'example_display_name' retrieved from /home/airflow/.local/lib/python3.12/site-packages/airflow/example_dags/example_display_name.py
[2024-12-23T20:04:59.226+0000] {logging_mixin.py:190} INFO - [2024-12-23T20:04:59.226+0000] {dag.py:3239} INFO - Sync 1 DAGs
[2024-12-23T20:04:59.246+0000] {logging_mixin.py:190} INFO - [2024-12-23T20:04:59.246+0000] {dag.py:4180} INFO - Setting next_dagrun for example_display_name to None, run_after=None
[2024-12-23T20:04:59.268+0000] {processor.py:208} INFO - Processing /home/airflow/.local/lib/python3.12/site-packages/airflow/example_dags/example_display_name.py took 0.086 seconds
[2024-12-23T20:05:30.259+0000] {processor.py:186} INFO - Started process (PID=2113) to work on /home/airflow/.local/lib/python3.12/site-packages/airflow/example_dags/example_display_name.py
[2024-12-23T20:05:30.260+0000] {processor.py:914} INFO - Processing file /home/airflow/.local/lib/python3.12/site-packages/airflow/example_dags/example_display_name.py for tasks to queue
[2024-12-23T20:05:30.262+0000] {logging_mixin.py:190} INFO - [2024-12-23T20:05:30.262+0000] {dagbag.py:588} INFO - Filling up the DagBag from /home/airflow/.local/lib/python3.12/site-packages/airflow/example_dags/example_display_name.py
[2024-12-23T20:05:30.269+0000] {processor.py:925} INFO - DAG(s) 'example_display_name' retrieved from /home/airflow/.local/lib/python3.12/site-packages/airflow/example_dags/example_display_name.py
[2024-12-23T20:05:30.285+0000] {logging_mixin.py:190} INFO - [2024-12-23T20:05:30.285+0000] {dag.py:3239} INFO - Sync 1 DAGs
[2024-12-23T20:05:30.298+0000] {logging_mixin.py:190} INFO - [2024-12-23T20:05:30.298+0000] {dag.py:4180} INFO - Setting next_dagrun for example_display_name to None, run_after=None
[2024-12-23T20:05:30.315+0000] {processor.py:208} INFO - Processing /home/airflow/.local/lib/python3.12/site-packages/airflow/example_dags/example_display_name.py took 0.061 seconds
[2024-12-23T20:06:00.959+0000] {processor.py:186} INFO - Started process (PID=2176) to work on /home/airflow/.local/lib/python3.12/site-packages/airflow/example_dags/example_display_name.py
[2024-12-23T20:06:00.959+0000] {processor.py:914} INFO - Processing file /home/airflow/.local/lib/python3.12/site-packages/airflow/example_dags/example_display_name.py for tasks to queue
[2024-12-23T20:06:00.962+0000] {logging_mixin.py:190} INFO - [2024-12-23T20:06:00.962+0000] {dagbag.py:588} INFO - Filling up the DagBag from /home/airflow/.local/lib/python3.12/site-packages/airflow/example_dags/example_display_name.py
[2024-12-23T20:06:00.969+0000] {processor.py:925} INFO - DAG(s) 'example_display_name' retrieved from /home/airflow/.local/lib/python3.12/site-packages/airflow/example_dags/example_display_name.py
[2024-12-23T20:06:00.986+0000] {logging_mixin.py:190} INFO - [2024-12-23T20:06:00.985+0000] {dag.py:3239} INFO - Sync 1 DAGs
[2024-12-23T20:06:00.999+0000] {logging_mixin.py:190} INFO - [2024-12-23T20:06:00.998+0000] {dag.py:4180} INFO - Setting next_dagrun for example_display_name to None, run_after=None
[2024-12-23T20:06:01.016+0000] {processor.py:208} INFO - Processing /home/airflow/.local/lib/python3.12/site-packages/airflow/example_dags/example_display_name.py took 0.063 seconds
[2024-12-23T20:06:32.717+0000] {processor.py:186} INFO - Started process (PID=2239) to work on /home/airflow/.local/lib/python3.12/site-packages/airflow/example_dags/example_display_name.py
[2024-12-23T20:06:32.718+0000] {processor.py:914} INFO - Processing file /home/airflow/.local/lib/python3.12/site-packages/airflow/example_dags/example_display_name.py for tasks to queue
[2024-12-23T20:06:32.721+0000] {logging_mixin.py:190} INFO - [2024-12-23T20:06:32.720+0000] {dagbag.py:588} INFO - Filling up the DagBag from /home/airflow/.local/lib/python3.12/site-packages/airflow/example_dags/example_display_name.py
[2024-12-23T20:06:32.728+0000] {processor.py:925} INFO - DAG(s) 'example_display_name' retrieved from /home/airflow/.local/lib/python3.12/site-packages/airflow/example_dags/example_display_name.py
[2024-12-23T20:06:32.745+0000] {logging_mixin.py:190} INFO - [2024-12-23T20:06:32.745+0000] {dag.py:3239} INFO - Sync 1 DAGs
[2024-12-23T20:06:32.757+0000] {logging_mixin.py:190} INFO - [2024-12-23T20:06:32.757+0000] {dag.py:4180} INFO - Setting next_dagrun for example_display_name to None, run_after=None
[2024-12-23T20:06:32.776+0000] {processor.py:208} INFO - Processing /home/airflow/.local/lib/python3.12/site-packages/airflow/example_dags/example_display_name.py took 0.064 seconds
[2024-12-23T20:07:03.095+0000] {processor.py:186} INFO - Started process (PID=2302) to work on /home/airflow/.local/lib/python3.12/site-packages/airflow/example_dags/example_display_name.py
[2024-12-23T20:07:03.096+0000] {processor.py:914} INFO - Processing file /home/airflow/.local/lib/python3.12/site-packages/airflow/example_dags/example_display_name.py for tasks to queue
[2024-12-23T20:07:03.099+0000] {logging_mixin.py:190} INFO - [2024-12-23T20:07:03.098+0000] {dagbag.py:588} INFO - Filling up the DagBag from /home/airflow/.local/lib/python3.12/site-packages/airflow/example_dags/example_display_name.py
[2024-12-23T20:07:03.106+0000] {processor.py:925} INFO - DAG(s) 'example_display_name' retrieved from /home/airflow/.local/lib/python3.12/site-packages/airflow/example_dags/example_display_name.py
[2024-12-23T20:07:03.124+0000] {logging_mixin.py:190} INFO - [2024-12-23T20:07:03.124+0000] {dag.py:3239} INFO - Sync 1 DAGs
[2024-12-23T20:07:03.137+0000] {logging_mixin.py:190} INFO - [2024-12-23T20:07:03.137+0000] {dag.py:4180} INFO - Setting next_dagrun for example_display_name to None, run_after=None
[2024-12-23T20:07:03.154+0000] {processor.py:208} INFO - Processing /home/airflow/.local/lib/python3.12/site-packages/airflow/example_dags/example_display_name.py took 0.064 seconds
[2024-12-23T20:07:39.649+0000] {processor.py:186} INFO - Started process (PID=2366) to work on /home/airflow/.local/lib/python3.12/site-packages/airflow/example_dags/example_display_name.py
[2024-12-23T20:07:39.654+0000] {processor.py:914} INFO - Processing file /home/airflow/.local/lib/python3.12/site-packages/airflow/example_dags/example_display_name.py for tasks to queue
[2024-12-23T20:07:39.658+0000] {logging_mixin.py:190} INFO - [2024-12-23T20:07:39.657+0000] {dagbag.py:588} INFO - Filling up the DagBag from /home/airflow/.local/lib/python3.12/site-packages/airflow/example_dags/example_display_name.py
[2024-12-23T20:07:39.677+0000] {processor.py:925} INFO - DAG(s) 'example_display_name' retrieved from /home/airflow/.local/lib/python3.12/site-packages/airflow/example_dags/example_display_name.py
[2024-12-23T20:07:39.710+0000] {logging_mixin.py:190} INFO - [2024-12-23T20:07:39.710+0000] {dag.py:3239} INFO - Sync 1 DAGs
[2024-12-23T20:07:39.764+0000] {logging_mixin.py:190} INFO - [2024-12-23T20:07:39.764+0000] {dag.py:4180} INFO - Setting next_dagrun for example_display_name to None, run_after=None
[2024-12-23T20:07:39.804+0000] {processor.py:208} INFO - Processing /home/airflow/.local/lib/python3.12/site-packages/airflow/example_dags/example_display_name.py took 0.173 seconds
[2024-12-23T20:17:54.546+0000] {processor.py:186} INFO - Started process (PID=82) to work on /home/airflow/.local/lib/python3.12/site-packages/airflow/example_dags/example_display_name.py
[2024-12-23T20:17:54.548+0000] {processor.py:914} INFO - Processing file /home/airflow/.local/lib/python3.12/site-packages/airflow/example_dags/example_display_name.py for tasks to queue
[2024-12-23T20:17:54.551+0000] {logging_mixin.py:190} INFO - [2024-12-23T20:17:54.551+0000] {dagbag.py:588} INFO - Filling up the DagBag from /home/airflow/.local/lib/python3.12/site-packages/airflow/example_dags/example_display_name.py
[2024-12-23T20:17:54.561+0000] {processor.py:925} INFO - DAG(s) 'example_display_name' retrieved from /home/airflow/.local/lib/python3.12/site-packages/airflow/example_dags/example_display_name.py
[2024-12-23T20:17:54.583+0000] {logging_mixin.py:190} INFO - [2024-12-23T20:17:54.583+0000] {dag.py:3239} INFO - Sync 1 DAGs
[2024-12-23T20:17:54.596+0000] {logging_mixin.py:190} INFO - [2024-12-23T20:17:54.596+0000] {dag.py:4180} INFO - Setting next_dagrun for example_display_name to None, run_after=None
[2024-12-23T20:17:54.616+0000] {processor.py:208} INFO - Processing /home/airflow/.local/lib/python3.12/site-packages/airflow/example_dags/example_display_name.py took 0.076 seconds
[2024-12-23T20:18:25.202+0000] {processor.py:186} INFO - Started process (PID=145) to work on /home/airflow/.local/lib/python3.12/site-packages/airflow/example_dags/example_display_name.py
[2024-12-23T20:18:25.204+0000] {processor.py:914} INFO - Processing file /home/airflow/.local/lib/python3.12/site-packages/airflow/example_dags/example_display_name.py for tasks to queue
[2024-12-23T20:18:25.207+0000] {logging_mixin.py:190} INFO - [2024-12-23T20:18:25.207+0000] {dagbag.py:588} INFO - Filling up the DagBag from /home/airflow/.local/lib/python3.12/site-packages/airflow/example_dags/example_display_name.py
[2024-12-23T20:18:25.220+0000] {processor.py:925} INFO - DAG(s) 'example_display_name' retrieved from /home/airflow/.local/lib/python3.12/site-packages/airflow/example_dags/example_display_name.py
[2024-12-23T20:18:25.244+0000] {logging_mixin.py:190} INFO - [2024-12-23T20:18:25.244+0000] {dag.py:3239} INFO - Sync 1 DAGs
[2024-12-23T20:18:25.262+0000] {logging_mixin.py:190} INFO - [2024-12-23T20:18:25.262+0000] {dag.py:4180} INFO - Setting next_dagrun for example_display_name to None, run_after=None
[2024-12-23T20:18:25.285+0000] {processor.py:208} INFO - Processing /home/airflow/.local/lib/python3.12/site-packages/airflow/example_dags/example_display_name.py took 0.093 seconds
[2024-12-23T20:18:55.921+0000] {processor.py:186} INFO - Started process (PID=208) to work on /home/airflow/.local/lib/python3.12/site-packages/airflow/example_dags/example_display_name.py
[2024-12-23T20:18:55.931+0000] {processor.py:914} INFO - Processing file /home/airflow/.local/lib/python3.12/site-packages/airflow/example_dags/example_display_name.py for tasks to queue
[2024-12-23T20:18:55.933+0000] {logging_mixin.py:190} INFO - [2024-12-23T20:18:55.933+0000] {dagbag.py:588} INFO - Filling up the DagBag from /home/airflow/.local/lib/python3.12/site-packages/airflow/example_dags/example_display_name.py
[2024-12-23T20:18:55.940+0000] {processor.py:925} INFO - DAG(s) 'example_display_name' retrieved from /home/airflow/.local/lib/python3.12/site-packages/airflow/example_dags/example_display_name.py
[2024-12-23T20:18:55.957+0000] {logging_mixin.py:190} INFO - [2024-12-23T20:18:55.956+0000] {dag.py:3239} INFO - Sync 1 DAGs
[2024-12-23T20:18:56.018+0000] {logging_mixin.py:190} INFO - [2024-12-23T20:18:56.017+0000] {dag.py:4180} INFO - Setting next_dagrun for example_display_name to None, run_after=None
[2024-12-23T20:18:56.099+0000] {processor.py:208} INFO - Processing /home/airflow/.local/lib/python3.12/site-packages/airflow/example_dags/example_display_name.py took 0.184 seconds
[2024-12-23T20:19:28.154+0000] {processor.py:186} INFO - Started process (PID=270) to work on /home/airflow/.local/lib/python3.12/site-packages/airflow/example_dags/example_display_name.py
[2024-12-23T20:19:28.160+0000] {processor.py:914} INFO - Processing file /home/airflow/.local/lib/python3.12/site-packages/airflow/example_dags/example_display_name.py for tasks to queue
[2024-12-23T20:19:28.163+0000] {logging_mixin.py:190} INFO - [2024-12-23T20:19:28.163+0000] {dagbag.py:588} INFO - Filling up the DagBag from /home/airflow/.local/lib/python3.12/site-packages/airflow/example_dags/example_display_name.py
[2024-12-23T20:19:28.171+0000] {processor.py:925} INFO - DAG(s) 'example_display_name' retrieved from /home/airflow/.local/lib/python3.12/site-packages/airflow/example_dags/example_display_name.py
[2024-12-23T20:19:28.187+0000] {logging_mixin.py:190} INFO - [2024-12-23T20:19:28.187+0000] {dag.py:3239} INFO - Sync 1 DAGs
[2024-12-23T20:19:28.200+0000] {logging_mixin.py:190} INFO - [2024-12-23T20:19:28.199+0000] {dag.py:4180} INFO - Setting next_dagrun for example_display_name to None, run_after=None
[2024-12-23T20:19:28.234+0000] {processor.py:208} INFO - Processing /home/airflow/.local/lib/python3.12/site-packages/airflow/example_dags/example_display_name.py took 0.085 seconds
[2024-12-23T20:20:01.031+0000] {processor.py:186} INFO - Started process (PID=333) to work on /home/airflow/.local/lib/python3.12/site-packages/airflow/example_dags/example_display_name.py
[2024-12-23T20:20:01.035+0000] {processor.py:914} INFO - Processing file /home/airflow/.local/lib/python3.12/site-packages/airflow/example_dags/example_display_name.py for tasks to queue
[2024-12-23T20:20:01.039+0000] {logging_mixin.py:190} INFO - [2024-12-23T20:20:01.038+0000] {dagbag.py:588} INFO - Filling up the DagBag from /home/airflow/.local/lib/python3.12/site-packages/airflow/example_dags/example_display_name.py
[2024-12-23T20:20:01.046+0000] {processor.py:925} INFO - DAG(s) 'example_display_name' retrieved from /home/airflow/.local/lib/python3.12/site-packages/airflow/example_dags/example_display_name.py
[2024-12-23T20:20:01.135+0000] {logging_mixin.py:190} INFO - [2024-12-23T20:20:01.135+0000] {dag.py:3239} INFO - Sync 1 DAGs
[2024-12-23T20:20:01.265+0000] {logging_mixin.py:190} INFO - [2024-12-23T20:20:01.265+0000] {dag.py:4180} INFO - Setting next_dagrun for example_display_name to None, run_after=None
[2024-12-23T20:20:01.814+0000] {processor.py:208} INFO - Processing /home/airflow/.local/lib/python3.12/site-packages/airflow/example_dags/example_display_name.py took 0.837 seconds
[2024-12-23T20:20:56.483+0000] {processor.py:186} INFO - Started process (PID=403) to work on /home/airflow/.local/lib/python3.12/site-packages/airflow/example_dags/example_display_name.py
[2024-12-23T20:20:56.486+0000] {processor.py:914} INFO - Processing file /home/airflow/.local/lib/python3.12/site-packages/airflow/example_dags/example_display_name.py for tasks to queue
[2024-12-23T20:20:56.499+0000] {logging_mixin.py:190} INFO - [2024-12-23T20:20:56.498+0000] {dagbag.py:588} INFO - Filling up the DagBag from /home/airflow/.local/lib/python3.12/site-packages/airflow/example_dags/example_display_name.py
[2024-12-23T20:20:56.536+0000] {processor.py:925} INFO - DAG(s) 'example_display_name' retrieved from /home/airflow/.local/lib/python3.12/site-packages/airflow/example_dags/example_display_name.py
[2024-12-23T20:20:56.585+0000] {logging_mixin.py:190} INFO - [2024-12-23T20:20:56.584+0000] {dag.py:3239} INFO - Sync 1 DAGs
[2024-12-23T20:20:56.624+0000] {logging_mixin.py:190} INFO - [2024-12-23T20:20:56.623+0000] {dag.py:4180} INFO - Setting next_dagrun for example_display_name to None, run_after=None
[2024-12-23T20:20:56.665+0000] {processor.py:208} INFO - Processing /home/airflow/.local/lib/python3.12/site-packages/airflow/example_dags/example_display_name.py took 0.197 seconds
