[2024-12-23T19:33:04.482+0000] {processor.py:186} INFO - Started process (PID=36177) to work on /home/airflow/.local/lib/python3.12/site-packages/airflow/example_dags/tutorial_dag.py
[2024-12-23T19:33:04.483+0000] {processor.py:914} INFO - Processing file /home/airflow/.local/lib/python3.12/site-packages/airflow/example_dags/tutorial_dag.py for tasks to queue
[2024-12-23T19:33:04.494+0000] {logging_mixin.py:190} INFO - [2024-12-23T19:33:04.485+0000] {dagbag.py:588} INFO - Filling up the DagBag from /home/airflow/.local/lib/python3.12/site-packages/airflow/example_dags/tutorial_dag.py
[2024-12-23T19:33:04.514+0000] {processor.py:925} INFO - DAG(s) 'tutorial_dag' retrieved from /home/airflow/.local/lib/python3.12/site-packages/airflow/example_dags/tutorial_dag.py
[2024-12-23T19:33:04.564+0000] {logging_mixin.py:190} INFO - [2024-12-23T19:33:04.563+0000] {dag.py:3239} INFO - Sync 1 DAGs
[2024-12-23T19:33:04.597+0000] {logging_mixin.py:190} INFO - [2024-12-23T19:33:04.597+0000] {dag.py:4180} INFO - Setting next_dagrun for tutorial_dag to None, run_after=None
[2024-12-23T19:33:04.657+0000] {processor.py:208} INFO - Processing /home/airflow/.local/lib/python3.12/site-packages/airflow/example_dags/tutorial_dag.py took 0.190 seconds
[2024-12-23T19:33:34.709+0000] {processor.py:186} INFO - Started process (PID=36240) to work on /home/airflow/.local/lib/python3.12/site-packages/airflow/example_dags/tutorial_dag.py
[2024-12-23T19:33:34.710+0000] {processor.py:914} INFO - Processing file /home/airflow/.local/lib/python3.12/site-packages/airflow/example_dags/tutorial_dag.py for tasks to queue
[2024-12-23T19:33:34.711+0000] {logging_mixin.py:190} INFO - [2024-12-23T19:33:34.711+0000] {dagbag.py:588} INFO - Filling up the DagBag from /home/airflow/.local/lib/python3.12/site-packages/airflow/example_dags/tutorial_dag.py
[2024-12-23T19:33:34.718+0000] {processor.py:925} INFO - DAG(s) 'tutorial_dag' retrieved from /home/airflow/.local/lib/python3.12/site-packages/airflow/example_dags/tutorial_dag.py
[2024-12-23T19:33:34.738+0000] {logging_mixin.py:190} INFO - [2024-12-23T19:33:34.737+0000] {dag.py:3239} INFO - Sync 1 DAGs
[2024-12-23T19:33:34.751+0000] {logging_mixin.py:190} INFO - [2024-12-23T19:33:34.751+0000] {dag.py:4180} INFO - Setting next_dagrun for tutorial_dag to None, run_after=None
[2024-12-23T19:33:34.769+0000] {processor.py:208} INFO - Processing /home/airflow/.local/lib/python3.12/site-packages/airflow/example_dags/tutorial_dag.py took 0.066 seconds
[2024-12-23T19:34:05.086+0000] {processor.py:186} INFO - Started process (PID=36304) to work on /home/airflow/.local/lib/python3.12/site-packages/airflow/example_dags/tutorial_dag.py
[2024-12-23T19:34:05.087+0000] {processor.py:914} INFO - Processing file /home/airflow/.local/lib/python3.12/site-packages/airflow/example_dags/tutorial_dag.py for tasks to queue
[2024-12-23T19:34:05.088+0000] {logging_mixin.py:190} INFO - [2024-12-23T19:34:05.088+0000] {dagbag.py:588} INFO - Filling up the DagBag from /home/airflow/.local/lib/python3.12/site-packages/airflow/example_dags/tutorial_dag.py
[2024-12-23T19:34:05.097+0000] {processor.py:925} INFO - DAG(s) 'tutorial_dag' retrieved from /home/airflow/.local/lib/python3.12/site-packages/airflow/example_dags/tutorial_dag.py
[2024-12-23T19:34:05.120+0000] {logging_mixin.py:190} INFO - [2024-12-23T19:34:05.119+0000] {dag.py:3239} INFO - Sync 1 DAGs
[2024-12-23T19:34:05.137+0000] {logging_mixin.py:190} INFO - [2024-12-23T19:34:05.137+0000] {dag.py:4180} INFO - Setting next_dagrun for tutorial_dag to None, run_after=None
[2024-12-23T19:34:05.156+0000] {processor.py:208} INFO - Processing /home/airflow/.local/lib/python3.12/site-packages/airflow/example_dags/tutorial_dag.py took 0.076 seconds
[2024-12-23T19:34:35.809+0000] {processor.py:186} INFO - Started process (PID=36366) to work on /home/airflow/.local/lib/python3.12/site-packages/airflow/example_dags/tutorial_dag.py
[2024-12-23T19:34:35.810+0000] {processor.py:914} INFO - Processing file /home/airflow/.local/lib/python3.12/site-packages/airflow/example_dags/tutorial_dag.py for tasks to queue
[2024-12-23T19:34:35.811+0000] {logging_mixin.py:190} INFO - [2024-12-23T19:34:35.811+0000] {dagbag.py:588} INFO - Filling up the DagBag from /home/airflow/.local/lib/python3.12/site-packages/airflow/example_dags/tutorial_dag.py
[2024-12-23T19:34:35.818+0000] {processor.py:925} INFO - DAG(s) 'tutorial_dag' retrieved from /home/airflow/.local/lib/python3.12/site-packages/airflow/example_dags/tutorial_dag.py
[2024-12-23T19:34:35.834+0000] {logging_mixin.py:190} INFO - [2024-12-23T19:34:35.834+0000] {dag.py:3239} INFO - Sync 1 DAGs
[2024-12-23T19:34:35.848+0000] {logging_mixin.py:190} INFO - [2024-12-23T19:34:35.847+0000] {dag.py:4180} INFO - Setting next_dagrun for tutorial_dag to None, run_after=None
[2024-12-23T19:34:35.864+0000] {processor.py:208} INFO - Processing /home/airflow/.local/lib/python3.12/site-packages/airflow/example_dags/tutorial_dag.py took 0.061 seconds
[2024-12-23T19:35:06.931+0000] {processor.py:186} INFO - Started process (PID=36429) to work on /home/airflow/.local/lib/python3.12/site-packages/airflow/example_dags/tutorial_dag.py
[2024-12-23T19:35:06.932+0000] {processor.py:914} INFO - Processing file /home/airflow/.local/lib/python3.12/site-packages/airflow/example_dags/tutorial_dag.py for tasks to queue
[2024-12-23T19:35:06.934+0000] {logging_mixin.py:190} INFO - [2024-12-23T19:35:06.933+0000] {dagbag.py:588} INFO - Filling up the DagBag from /home/airflow/.local/lib/python3.12/site-packages/airflow/example_dags/tutorial_dag.py
[2024-12-23T19:35:06.943+0000] {processor.py:925} INFO - DAG(s) 'tutorial_dag' retrieved from /home/airflow/.local/lib/python3.12/site-packages/airflow/example_dags/tutorial_dag.py
[2024-12-23T19:35:06.965+0000] {logging_mixin.py:190} INFO - [2024-12-23T19:35:06.965+0000] {dag.py:3239} INFO - Sync 1 DAGs
[2024-12-23T19:35:06.983+0000] {logging_mixin.py:190} INFO - [2024-12-23T19:35:06.982+0000] {dag.py:4180} INFO - Setting next_dagrun for tutorial_dag to None, run_after=None
[2024-12-23T19:35:07.004+0000] {processor.py:208} INFO - Processing /home/airflow/.local/lib/python3.12/site-packages/airflow/example_dags/tutorial_dag.py took 0.080 seconds
[2024-12-23T19:35:37.426+0000] {processor.py:186} INFO - Started process (PID=36492) to work on /home/airflow/.local/lib/python3.12/site-packages/airflow/example_dags/tutorial_dag.py
[2024-12-23T19:35:37.427+0000] {processor.py:914} INFO - Processing file /home/airflow/.local/lib/python3.12/site-packages/airflow/example_dags/tutorial_dag.py for tasks to queue
[2024-12-23T19:35:37.429+0000] {logging_mixin.py:190} INFO - [2024-12-23T19:35:37.428+0000] {dagbag.py:588} INFO - Filling up the DagBag from /home/airflow/.local/lib/python3.12/site-packages/airflow/example_dags/tutorial_dag.py
[2024-12-23T19:35:37.439+0000] {processor.py:925} INFO - DAG(s) 'tutorial_dag' retrieved from /home/airflow/.local/lib/python3.12/site-packages/airflow/example_dags/tutorial_dag.py
[2024-12-23T19:35:37.460+0000] {logging_mixin.py:190} INFO - [2024-12-23T19:35:37.460+0000] {dag.py:3239} INFO - Sync 1 DAGs
[2024-12-23T19:35:37.476+0000] {logging_mixin.py:190} INFO - [2024-12-23T19:35:37.476+0000] {dag.py:4180} INFO - Setting next_dagrun for tutorial_dag to None, run_after=None
[2024-12-23T19:35:37.497+0000] {processor.py:208} INFO - Processing /home/airflow/.local/lib/python3.12/site-packages/airflow/example_dags/tutorial_dag.py took 0.077 seconds
[2024-12-23T19:36:07.923+0000] {processor.py:186} INFO - Started process (PID=36561) to work on /home/airflow/.local/lib/python3.12/site-packages/airflow/example_dags/tutorial_dag.py
[2024-12-23T19:36:07.924+0000] {processor.py:914} INFO - Processing file /home/airflow/.local/lib/python3.12/site-packages/airflow/example_dags/tutorial_dag.py for tasks to queue
[2024-12-23T19:36:07.925+0000] {logging_mixin.py:190} INFO - [2024-12-23T19:36:07.925+0000] {dagbag.py:588} INFO - Filling up the DagBag from /home/airflow/.local/lib/python3.12/site-packages/airflow/example_dags/tutorial_dag.py
[2024-12-23T19:36:07.934+0000] {processor.py:925} INFO - DAG(s) 'tutorial_dag' retrieved from /home/airflow/.local/lib/python3.12/site-packages/airflow/example_dags/tutorial_dag.py
[2024-12-23T19:36:07.953+0000] {logging_mixin.py:190} INFO - [2024-12-23T19:36:07.953+0000] {dag.py:3239} INFO - Sync 1 DAGs
[2024-12-23T19:36:07.966+0000] {logging_mixin.py:190} INFO - [2024-12-23T19:36:07.966+0000] {dag.py:4180} INFO - Setting next_dagrun for tutorial_dag to None, run_after=None
[2024-12-23T19:36:07.984+0000] {processor.py:208} INFO - Processing /home/airflow/.local/lib/python3.12/site-packages/airflow/example_dags/tutorial_dag.py took 0.067 seconds
[2024-12-23T19:36:38.045+0000] {processor.py:186} INFO - Started process (PID=36624) to work on /home/airflow/.local/lib/python3.12/site-packages/airflow/example_dags/tutorial_dag.py
[2024-12-23T19:36:38.046+0000] {processor.py:914} INFO - Processing file /home/airflow/.local/lib/python3.12/site-packages/airflow/example_dags/tutorial_dag.py for tasks to queue
[2024-12-23T19:36:38.047+0000] {logging_mixin.py:190} INFO - [2024-12-23T19:36:38.047+0000] {dagbag.py:588} INFO - Filling up the DagBag from /home/airflow/.local/lib/python3.12/site-packages/airflow/example_dags/tutorial_dag.py
[2024-12-23T19:36:38.054+0000] {processor.py:925} INFO - DAG(s) 'tutorial_dag' retrieved from /home/airflow/.local/lib/python3.12/site-packages/airflow/example_dags/tutorial_dag.py
[2024-12-23T19:36:38.071+0000] {logging_mixin.py:190} INFO - [2024-12-23T19:36:38.071+0000] {dag.py:3239} INFO - Sync 1 DAGs
[2024-12-23T19:36:38.083+0000] {logging_mixin.py:190} INFO - [2024-12-23T19:36:38.083+0000] {dag.py:4180} INFO - Setting next_dagrun for tutorial_dag to None, run_after=None
[2024-12-23T19:36:38.097+0000] {processor.py:208} INFO - Processing /home/airflow/.local/lib/python3.12/site-packages/airflow/example_dags/tutorial_dag.py took 0.058 seconds
[2024-12-23T19:37:08.917+0000] {processor.py:186} INFO - Started process (PID=36687) to work on /home/airflow/.local/lib/python3.12/site-packages/airflow/example_dags/tutorial_dag.py
[2024-12-23T19:37:08.919+0000] {processor.py:914} INFO - Processing file /home/airflow/.local/lib/python3.12/site-packages/airflow/example_dags/tutorial_dag.py for tasks to queue
[2024-12-23T19:37:08.923+0000] {logging_mixin.py:190} INFO - [2024-12-23T19:37:08.921+0000] {dagbag.py:588} INFO - Filling up the DagBag from /home/airflow/.local/lib/python3.12/site-packages/airflow/example_dags/tutorial_dag.py
[2024-12-23T19:37:08.934+0000] {processor.py:925} INFO - DAG(s) 'tutorial_dag' retrieved from /home/airflow/.local/lib/python3.12/site-packages/airflow/example_dags/tutorial_dag.py
[2024-12-23T19:37:08.958+0000] {logging_mixin.py:190} INFO - [2024-12-23T19:37:08.958+0000] {dag.py:3239} INFO - Sync 1 DAGs
[2024-12-23T19:37:08.974+0000] {logging_mixin.py:190} INFO - [2024-12-23T19:37:08.974+0000] {dag.py:4180} INFO - Setting next_dagrun for tutorial_dag to None, run_after=None
[2024-12-23T19:37:08.995+0000] {processor.py:208} INFO - Processing /home/airflow/.local/lib/python3.12/site-packages/airflow/example_dags/tutorial_dag.py took 0.084 seconds
[2024-12-23T19:37:40.349+0000] {processor.py:186} INFO - Started process (PID=36750) to work on /home/airflow/.local/lib/python3.12/site-packages/airflow/example_dags/tutorial_dag.py
[2024-12-23T19:37:40.350+0000] {processor.py:914} INFO - Processing file /home/airflow/.local/lib/python3.12/site-packages/airflow/example_dags/tutorial_dag.py for tasks to queue
[2024-12-23T19:37:40.352+0000] {logging_mixin.py:190} INFO - [2024-12-23T19:37:40.351+0000] {dagbag.py:588} INFO - Filling up the DagBag from /home/airflow/.local/lib/python3.12/site-packages/airflow/example_dags/tutorial_dag.py
[2024-12-23T19:37:40.358+0000] {processor.py:925} INFO - DAG(s) 'tutorial_dag' retrieved from /home/airflow/.local/lib/python3.12/site-packages/airflow/example_dags/tutorial_dag.py
[2024-12-23T19:37:40.376+0000] {logging_mixin.py:190} INFO - [2024-12-23T19:37:40.376+0000] {dag.py:3239} INFO - Sync 1 DAGs
[2024-12-23T19:37:40.545+0000] {logging_mixin.py:190} INFO - [2024-12-23T19:37:40.545+0000] {dag.py:4180} INFO - Setting next_dagrun for tutorial_dag to None, run_after=None
[2024-12-23T19:37:40.560+0000] {processor.py:208} INFO - Processing /home/airflow/.local/lib/python3.12/site-packages/airflow/example_dags/tutorial_dag.py took 0.216 seconds
[2024-12-23T19:38:11.423+0000] {processor.py:186} INFO - Started process (PID=36813) to work on /home/airflow/.local/lib/python3.12/site-packages/airflow/example_dags/tutorial_dag.py
[2024-12-23T19:38:11.424+0000] {processor.py:914} INFO - Processing file /home/airflow/.local/lib/python3.12/site-packages/airflow/example_dags/tutorial_dag.py for tasks to queue
[2024-12-23T19:38:11.426+0000] {logging_mixin.py:190} INFO - [2024-12-23T19:38:11.425+0000] {dagbag.py:588} INFO - Filling up the DagBag from /home/airflow/.local/lib/python3.12/site-packages/airflow/example_dags/tutorial_dag.py
[2024-12-23T19:38:11.432+0000] {processor.py:925} INFO - DAG(s) 'tutorial_dag' retrieved from /home/airflow/.local/lib/python3.12/site-packages/airflow/example_dags/tutorial_dag.py
[2024-12-23T19:38:11.448+0000] {logging_mixin.py:190} INFO - [2024-12-23T19:38:11.448+0000] {dag.py:3239} INFO - Sync 1 DAGs
[2024-12-23T19:38:11.461+0000] {logging_mixin.py:190} INFO - [2024-12-23T19:38:11.461+0000] {dag.py:4180} INFO - Setting next_dagrun for tutorial_dag to None, run_after=None
[2024-12-23T19:38:11.478+0000] {processor.py:208} INFO - Processing /home/airflow/.local/lib/python3.12/site-packages/airflow/example_dags/tutorial_dag.py took 0.061 seconds
[2024-12-23T19:38:41.597+0000] {processor.py:186} INFO - Started process (PID=36876) to work on /home/airflow/.local/lib/python3.12/site-packages/airflow/example_dags/tutorial_dag.py
[2024-12-23T19:38:41.599+0000] {processor.py:914} INFO - Processing file /home/airflow/.local/lib/python3.12/site-packages/airflow/example_dags/tutorial_dag.py for tasks to queue
[2024-12-23T19:38:41.600+0000] {logging_mixin.py:190} INFO - [2024-12-23T19:38:41.599+0000] {dagbag.py:588} INFO - Filling up the DagBag from /home/airflow/.local/lib/python3.12/site-packages/airflow/example_dags/tutorial_dag.py
[2024-12-23T19:38:41.607+0000] {processor.py:925} INFO - DAG(s) 'tutorial_dag' retrieved from /home/airflow/.local/lib/python3.12/site-packages/airflow/example_dags/tutorial_dag.py
[2024-12-23T19:38:41.624+0000] {logging_mixin.py:190} INFO - [2024-12-23T19:38:41.624+0000] {dag.py:3239} INFO - Sync 1 DAGs
[2024-12-23T19:38:41.638+0000] {logging_mixin.py:190} INFO - [2024-12-23T19:38:41.638+0000] {dag.py:4180} INFO - Setting next_dagrun for tutorial_dag to None, run_after=None
[2024-12-23T19:38:41.656+0000] {processor.py:208} INFO - Processing /home/airflow/.local/lib/python3.12/site-packages/airflow/example_dags/tutorial_dag.py took 0.064 seconds
[2024-12-23T19:39:12.844+0000] {processor.py:186} INFO - Started process (PID=36938) to work on /home/airflow/.local/lib/python3.12/site-packages/airflow/example_dags/tutorial_dag.py
[2024-12-23T19:39:12.845+0000] {processor.py:914} INFO - Processing file /home/airflow/.local/lib/python3.12/site-packages/airflow/example_dags/tutorial_dag.py for tasks to queue
[2024-12-23T19:39:12.846+0000] {logging_mixin.py:190} INFO - [2024-12-23T19:39:12.846+0000] {dagbag.py:588} INFO - Filling up the DagBag from /home/airflow/.local/lib/python3.12/site-packages/airflow/example_dags/tutorial_dag.py
[2024-12-23T19:39:12.853+0000] {processor.py:925} INFO - DAG(s) 'tutorial_dag' retrieved from /home/airflow/.local/lib/python3.12/site-packages/airflow/example_dags/tutorial_dag.py
[2024-12-23T19:39:12.870+0000] {logging_mixin.py:190} INFO - [2024-12-23T19:39:12.869+0000] {dag.py:3239} INFO - Sync 1 DAGs
[2024-12-23T19:39:12.882+0000] {logging_mixin.py:190} INFO - [2024-12-23T19:39:12.882+0000] {dag.py:4180} INFO - Setting next_dagrun for tutorial_dag to None, run_after=None
[2024-12-23T19:39:12.897+0000] {processor.py:208} INFO - Processing /home/airflow/.local/lib/python3.12/site-packages/airflow/example_dags/tutorial_dag.py took 0.059 seconds
[2024-12-23T19:39:45.569+0000] {processor.py:186} INFO - Started process (PID=37001) to work on /home/airflow/.local/lib/python3.12/site-packages/airflow/example_dags/tutorial_dag.py
[2024-12-23T19:39:45.569+0000] {processor.py:914} INFO - Processing file /home/airflow/.local/lib/python3.12/site-packages/airflow/example_dags/tutorial_dag.py for tasks to queue
[2024-12-23T19:39:45.571+0000] {logging_mixin.py:190} INFO - [2024-12-23T19:39:45.571+0000] {dagbag.py:588} INFO - Filling up the DagBag from /home/airflow/.local/lib/python3.12/site-packages/airflow/example_dags/tutorial_dag.py
[2024-12-23T19:39:45.732+0000] {processor.py:925} INFO - DAG(s) 'tutorial_dag' retrieved from /home/airflow/.local/lib/python3.12/site-packages/airflow/example_dags/tutorial_dag.py
[2024-12-23T19:39:45.747+0000] {logging_mixin.py:190} INFO - [2024-12-23T19:39:45.746+0000] {dag.py:3239} INFO - Sync 1 DAGs
[2024-12-23T19:39:45.757+0000] {logging_mixin.py:190} INFO - [2024-12-23T19:39:45.757+0000] {dag.py:4180} INFO - Setting next_dagrun for tutorial_dag to None, run_after=None
[2024-12-23T19:39:45.773+0000] {processor.py:208} INFO - Processing /home/airflow/.local/lib/python3.12/site-packages/airflow/example_dags/tutorial_dag.py took 0.210 seconds
[2024-12-23T19:40:15.880+0000] {processor.py:186} INFO - Started process (PID=37064) to work on /home/airflow/.local/lib/python3.12/site-packages/airflow/example_dags/tutorial_dag.py
[2024-12-23T19:40:15.881+0000] {processor.py:914} INFO - Processing file /home/airflow/.local/lib/python3.12/site-packages/airflow/example_dags/tutorial_dag.py for tasks to queue
[2024-12-23T19:40:15.882+0000] {logging_mixin.py:190} INFO - [2024-12-23T19:40:15.882+0000] {dagbag.py:588} INFO - Filling up the DagBag from /home/airflow/.local/lib/python3.12/site-packages/airflow/example_dags/tutorial_dag.py
[2024-12-23T19:40:15.889+0000] {processor.py:925} INFO - DAG(s) 'tutorial_dag' retrieved from /home/airflow/.local/lib/python3.12/site-packages/airflow/example_dags/tutorial_dag.py
[2024-12-23T19:40:15.906+0000] {logging_mixin.py:190} INFO - [2024-12-23T19:40:15.906+0000] {dag.py:3239} INFO - Sync 1 DAGs
[2024-12-23T19:40:15.919+0000] {logging_mixin.py:190} INFO - [2024-12-23T19:40:15.919+0000] {dag.py:4180} INFO - Setting next_dagrun for tutorial_dag to None, run_after=None
[2024-12-23T19:40:15.934+0000] {processor.py:208} INFO - Processing /home/airflow/.local/lib/python3.12/site-packages/airflow/example_dags/tutorial_dag.py took 0.059 seconds
[2024-12-23T19:40:46.695+0000] {processor.py:186} INFO - Started process (PID=37127) to work on /home/airflow/.local/lib/python3.12/site-packages/airflow/example_dags/tutorial_dag.py
[2024-12-23T19:40:46.696+0000] {processor.py:914} INFO - Processing file /home/airflow/.local/lib/python3.12/site-packages/airflow/example_dags/tutorial_dag.py for tasks to queue
[2024-12-23T19:40:46.697+0000] {logging_mixin.py:190} INFO - [2024-12-23T19:40:46.697+0000] {dagbag.py:588} INFO - Filling up the DagBag from /home/airflow/.local/lib/python3.12/site-packages/airflow/example_dags/tutorial_dag.py
[2024-12-23T19:40:46.704+0000] {processor.py:925} INFO - DAG(s) 'tutorial_dag' retrieved from /home/airflow/.local/lib/python3.12/site-packages/airflow/example_dags/tutorial_dag.py
[2024-12-23T19:40:46.722+0000] {logging_mixin.py:190} INFO - [2024-12-23T19:40:46.722+0000] {dag.py:3239} INFO - Sync 1 DAGs
[2024-12-23T19:40:46.736+0000] {logging_mixin.py:190} INFO - [2024-12-23T19:40:46.735+0000] {dag.py:4180} INFO - Setting next_dagrun for tutorial_dag to None, run_after=None
[2024-12-23T19:40:46.751+0000] {processor.py:208} INFO - Processing /home/airflow/.local/lib/python3.12/site-packages/airflow/example_dags/tutorial_dag.py took 0.061 seconds
[2024-12-23T19:41:17.292+0000] {processor.py:186} INFO - Started process (PID=37190) to work on /home/airflow/.local/lib/python3.12/site-packages/airflow/example_dags/tutorial_dag.py
[2024-12-23T19:41:17.294+0000] {processor.py:914} INFO - Processing file /home/airflow/.local/lib/python3.12/site-packages/airflow/example_dags/tutorial_dag.py for tasks to queue
[2024-12-23T19:41:17.295+0000] {logging_mixin.py:190} INFO - [2024-12-23T19:41:17.295+0000] {dagbag.py:588} INFO - Filling up the DagBag from /home/airflow/.local/lib/python3.12/site-packages/airflow/example_dags/tutorial_dag.py
[2024-12-23T19:41:17.304+0000] {processor.py:925} INFO - DAG(s) 'tutorial_dag' retrieved from /home/airflow/.local/lib/python3.12/site-packages/airflow/example_dags/tutorial_dag.py
[2024-12-23T19:41:17.326+0000] {logging_mixin.py:190} INFO - [2024-12-23T19:41:17.325+0000] {dag.py:3239} INFO - Sync 1 DAGs
[2024-12-23T19:41:17.341+0000] {logging_mixin.py:190} INFO - [2024-12-23T19:41:17.340+0000] {dag.py:4180} INFO - Setting next_dagrun for tutorial_dag to None, run_after=None
[2024-12-23T19:41:17.357+0000] {processor.py:208} INFO - Processing /home/airflow/.local/lib/python3.12/site-packages/airflow/example_dags/tutorial_dag.py took 0.070 seconds
[2024-12-23T19:41:48.239+0000] {processor.py:186} INFO - Started process (PID=37254) to work on /home/airflow/.local/lib/python3.12/site-packages/airflow/example_dags/tutorial_dag.py
[2024-12-23T19:41:48.240+0000] {processor.py:914} INFO - Processing file /home/airflow/.local/lib/python3.12/site-packages/airflow/example_dags/tutorial_dag.py for tasks to queue
[2024-12-23T19:41:48.241+0000] {logging_mixin.py:190} INFO - [2024-12-23T19:41:48.241+0000] {dagbag.py:588} INFO - Filling up the DagBag from /home/airflow/.local/lib/python3.12/site-packages/airflow/example_dags/tutorial_dag.py
[2024-12-23T19:41:48.250+0000] {processor.py:925} INFO - DAG(s) 'tutorial_dag' retrieved from /home/airflow/.local/lib/python3.12/site-packages/airflow/example_dags/tutorial_dag.py
[2024-12-23T19:41:48.269+0000] {logging_mixin.py:190} INFO - [2024-12-23T19:41:48.269+0000] {dag.py:3239} INFO - Sync 1 DAGs
[2024-12-23T19:41:48.284+0000] {logging_mixin.py:190} INFO - [2024-12-23T19:41:48.283+0000] {dag.py:4180} INFO - Setting next_dagrun for tutorial_dag to None, run_after=None
[2024-12-23T19:41:48.301+0000] {processor.py:208} INFO - Processing /home/airflow/.local/lib/python3.12/site-packages/airflow/example_dags/tutorial_dag.py took 0.068 seconds
[2024-12-23T19:42:19.088+0000] {processor.py:186} INFO - Started process (PID=37317) to work on /home/airflow/.local/lib/python3.12/site-packages/airflow/example_dags/tutorial_dag.py
[2024-12-23T19:42:19.089+0000] {processor.py:914} INFO - Processing file /home/airflow/.local/lib/python3.12/site-packages/airflow/example_dags/tutorial_dag.py for tasks to queue
[2024-12-23T19:42:19.092+0000] {logging_mixin.py:190} INFO - [2024-12-23T19:42:19.091+0000] {dagbag.py:588} INFO - Filling up the DagBag from /home/airflow/.local/lib/python3.12/site-packages/airflow/example_dags/tutorial_dag.py
[2024-12-23T19:42:19.099+0000] {processor.py:925} INFO - DAG(s) 'tutorial_dag' retrieved from /home/airflow/.local/lib/python3.12/site-packages/airflow/example_dags/tutorial_dag.py
[2024-12-23T19:42:19.122+0000] {logging_mixin.py:190} INFO - [2024-12-23T19:42:19.121+0000] {dag.py:3239} INFO - Sync 1 DAGs
[2024-12-23T19:42:19.135+0000] {logging_mixin.py:190} INFO - [2024-12-23T19:42:19.135+0000] {dag.py:4180} INFO - Setting next_dagrun for tutorial_dag to None, run_after=None
[2024-12-23T19:42:19.156+0000] {processor.py:208} INFO - Processing /home/airflow/.local/lib/python3.12/site-packages/airflow/example_dags/tutorial_dag.py took 0.077 seconds
[2024-12-23T19:42:50.135+0000] {processor.py:186} INFO - Started process (PID=37380) to work on /home/airflow/.local/lib/python3.12/site-packages/airflow/example_dags/tutorial_dag.py
[2024-12-23T19:42:50.137+0000] {processor.py:914} INFO - Processing file /home/airflow/.local/lib/python3.12/site-packages/airflow/example_dags/tutorial_dag.py for tasks to queue
[2024-12-23T19:42:50.139+0000] {logging_mixin.py:190} INFO - [2024-12-23T19:42:50.138+0000] {dagbag.py:588} INFO - Filling up the DagBag from /home/airflow/.local/lib/python3.12/site-packages/airflow/example_dags/tutorial_dag.py
[2024-12-23T19:42:50.147+0000] {processor.py:925} INFO - DAG(s) 'tutorial_dag' retrieved from /home/airflow/.local/lib/python3.12/site-packages/airflow/example_dags/tutorial_dag.py
[2024-12-23T19:42:50.166+0000] {logging_mixin.py:190} INFO - [2024-12-23T19:42:50.166+0000] {dag.py:3239} INFO - Sync 1 DAGs
[2024-12-23T19:42:50.184+0000] {logging_mixin.py:190} INFO - [2024-12-23T19:42:50.184+0000] {dag.py:4180} INFO - Setting next_dagrun for tutorial_dag to None, run_after=None
[2024-12-23T19:42:50.202+0000] {processor.py:208} INFO - Processing /home/airflow/.local/lib/python3.12/site-packages/airflow/example_dags/tutorial_dag.py took 0.073 seconds
[2024-12-23T19:43:21.336+0000] {processor.py:186} INFO - Started process (PID=37443) to work on /home/airflow/.local/lib/python3.12/site-packages/airflow/example_dags/tutorial_dag.py
[2024-12-23T19:43:21.337+0000] {processor.py:914} INFO - Processing file /home/airflow/.local/lib/python3.12/site-packages/airflow/example_dags/tutorial_dag.py for tasks to queue
[2024-12-23T19:43:21.338+0000] {logging_mixin.py:190} INFO - [2024-12-23T19:43:21.338+0000] {dagbag.py:588} INFO - Filling up the DagBag from /home/airflow/.local/lib/python3.12/site-packages/airflow/example_dags/tutorial_dag.py
[2024-12-23T19:43:21.346+0000] {processor.py:925} INFO - DAG(s) 'tutorial_dag' retrieved from /home/airflow/.local/lib/python3.12/site-packages/airflow/example_dags/tutorial_dag.py
[2024-12-23T19:43:21.362+0000] {logging_mixin.py:190} INFO - [2024-12-23T19:43:21.361+0000] {dag.py:3239} INFO - Sync 1 DAGs
[2024-12-23T19:43:21.374+0000] {logging_mixin.py:190} INFO - [2024-12-23T19:43:21.373+0000] {dag.py:4180} INFO - Setting next_dagrun for tutorial_dag to None, run_after=None
[2024-12-23T19:43:21.389+0000] {processor.py:208} INFO - Processing /home/airflow/.local/lib/python3.12/site-packages/airflow/example_dags/tutorial_dag.py took 0.058 seconds
[2024-12-23T19:43:52.257+0000] {processor.py:186} INFO - Started process (PID=37506) to work on /home/airflow/.local/lib/python3.12/site-packages/airflow/example_dags/tutorial_dag.py
[2024-12-23T19:43:52.258+0000] {processor.py:914} INFO - Processing file /home/airflow/.local/lib/python3.12/site-packages/airflow/example_dags/tutorial_dag.py for tasks to queue
[2024-12-23T19:43:52.260+0000] {logging_mixin.py:190} INFO - [2024-12-23T19:43:52.259+0000] {dagbag.py:588} INFO - Filling up the DagBag from /home/airflow/.local/lib/python3.12/site-packages/airflow/example_dags/tutorial_dag.py
[2024-12-23T19:43:52.267+0000] {processor.py:925} INFO - DAG(s) 'tutorial_dag' retrieved from /home/airflow/.local/lib/python3.12/site-packages/airflow/example_dags/tutorial_dag.py
[2024-12-23T19:43:52.283+0000] {logging_mixin.py:190} INFO - [2024-12-23T19:43:52.282+0000] {dag.py:3239} INFO - Sync 1 DAGs
[2024-12-23T19:43:52.295+0000] {logging_mixin.py:190} INFO - [2024-12-23T19:43:52.295+0000] {dag.py:4180} INFO - Setting next_dagrun for tutorial_dag to None, run_after=None
[2024-12-23T19:43:52.311+0000] {processor.py:208} INFO - Processing /home/airflow/.local/lib/python3.12/site-packages/airflow/example_dags/tutorial_dag.py took 0.059 seconds
[2024-12-23T19:44:23.022+0000] {processor.py:186} INFO - Started process (PID=37569) to work on /home/airflow/.local/lib/python3.12/site-packages/airflow/example_dags/tutorial_dag.py
[2024-12-23T19:44:23.023+0000] {processor.py:914} INFO - Processing file /home/airflow/.local/lib/python3.12/site-packages/airflow/example_dags/tutorial_dag.py for tasks to queue
[2024-12-23T19:44:23.025+0000] {logging_mixin.py:190} INFO - [2024-12-23T19:44:23.025+0000] {dagbag.py:588} INFO - Filling up the DagBag from /home/airflow/.local/lib/python3.12/site-packages/airflow/example_dags/tutorial_dag.py
[2024-12-23T19:44:23.032+0000] {processor.py:925} INFO - DAG(s) 'tutorial_dag' retrieved from /home/airflow/.local/lib/python3.12/site-packages/airflow/example_dags/tutorial_dag.py
[2024-12-23T19:44:23.049+0000] {logging_mixin.py:190} INFO - [2024-12-23T19:44:23.048+0000] {dag.py:3239} INFO - Sync 1 DAGs
[2024-12-23T19:44:23.062+0000] {logging_mixin.py:190} INFO - [2024-12-23T19:44:23.062+0000] {dag.py:4180} INFO - Setting next_dagrun for tutorial_dag to None, run_after=None
[2024-12-23T19:44:23.078+0000] {processor.py:208} INFO - Processing /home/airflow/.local/lib/python3.12/site-packages/airflow/example_dags/tutorial_dag.py took 0.061 seconds
[2024-12-23T19:44:53.757+0000] {processor.py:186} INFO - Started process (PID=37632) to work on /home/airflow/.local/lib/python3.12/site-packages/airflow/example_dags/tutorial_dag.py
[2024-12-23T19:44:53.758+0000] {processor.py:914} INFO - Processing file /home/airflow/.local/lib/python3.12/site-packages/airflow/example_dags/tutorial_dag.py for tasks to queue
[2024-12-23T19:44:53.760+0000] {logging_mixin.py:190} INFO - [2024-12-23T19:44:53.760+0000] {dagbag.py:588} INFO - Filling up the DagBag from /home/airflow/.local/lib/python3.12/site-packages/airflow/example_dags/tutorial_dag.py
[2024-12-23T19:44:53.767+0000] {processor.py:925} INFO - DAG(s) 'tutorial_dag' retrieved from /home/airflow/.local/lib/python3.12/site-packages/airflow/example_dags/tutorial_dag.py
[2024-12-23T19:44:53.783+0000] {logging_mixin.py:190} INFO - [2024-12-23T19:44:53.783+0000] {dag.py:3239} INFO - Sync 1 DAGs
[2024-12-23T19:44:53.798+0000] {logging_mixin.py:190} INFO - [2024-12-23T19:44:53.798+0000] {dag.py:4180} INFO - Setting next_dagrun for tutorial_dag to None, run_after=None
[2024-12-23T19:44:53.815+0000] {processor.py:208} INFO - Processing /home/airflow/.local/lib/python3.12/site-packages/airflow/example_dags/tutorial_dag.py took 0.063 seconds
[2024-12-23T19:45:25.182+0000] {processor.py:186} INFO - Started process (PID=37695) to work on /home/airflow/.local/lib/python3.12/site-packages/airflow/example_dags/tutorial_dag.py
[2024-12-23T19:45:25.183+0000] {processor.py:914} INFO - Processing file /home/airflow/.local/lib/python3.12/site-packages/airflow/example_dags/tutorial_dag.py for tasks to queue
[2024-12-23T19:45:25.184+0000] {logging_mixin.py:190} INFO - [2024-12-23T19:45:25.184+0000] {dagbag.py:588} INFO - Filling up the DagBag from /home/airflow/.local/lib/python3.12/site-packages/airflow/example_dags/tutorial_dag.py
[2024-12-23T19:45:25.192+0000] {processor.py:925} INFO - DAG(s) 'tutorial_dag' retrieved from /home/airflow/.local/lib/python3.12/site-packages/airflow/example_dags/tutorial_dag.py
[2024-12-23T19:45:25.208+0000] {logging_mixin.py:190} INFO - [2024-12-23T19:45:25.208+0000] {dag.py:3239} INFO - Sync 1 DAGs
[2024-12-23T19:45:25.220+0000] {logging_mixin.py:190} INFO - [2024-12-23T19:45:25.220+0000] {dag.py:4180} INFO - Setting next_dagrun for tutorial_dag to None, run_after=None
[2024-12-23T19:45:25.235+0000] {processor.py:208} INFO - Processing /home/airflow/.local/lib/python3.12/site-packages/airflow/example_dags/tutorial_dag.py took 0.058 seconds
[2024-12-23T19:45:55.664+0000] {processor.py:186} INFO - Started process (PID=37758) to work on /home/airflow/.local/lib/python3.12/site-packages/airflow/example_dags/tutorial_dag.py
[2024-12-23T19:45:55.665+0000] {processor.py:914} INFO - Processing file /home/airflow/.local/lib/python3.12/site-packages/airflow/example_dags/tutorial_dag.py for tasks to queue
[2024-12-23T19:45:55.666+0000] {logging_mixin.py:190} INFO - [2024-12-23T19:45:55.666+0000] {dagbag.py:588} INFO - Filling up the DagBag from /home/airflow/.local/lib/python3.12/site-packages/airflow/example_dags/tutorial_dag.py
[2024-12-23T19:45:55.673+0000] {processor.py:925} INFO - DAG(s) 'tutorial_dag' retrieved from /home/airflow/.local/lib/python3.12/site-packages/airflow/example_dags/tutorial_dag.py
[2024-12-23T19:45:55.691+0000] {logging_mixin.py:190} INFO - [2024-12-23T19:45:55.690+0000] {dag.py:3239} INFO - Sync 1 DAGs
[2024-12-23T19:45:55.703+0000] {logging_mixin.py:190} INFO - [2024-12-23T19:45:55.703+0000] {dag.py:4180} INFO - Setting next_dagrun for tutorial_dag to None, run_after=None
[2024-12-23T19:45:55.719+0000] {processor.py:208} INFO - Processing /home/airflow/.local/lib/python3.12/site-packages/airflow/example_dags/tutorial_dag.py took 0.060 seconds
[2024-12-23T19:46:26.095+0000] {processor.py:186} INFO - Started process (PID=37821) to work on /home/airflow/.local/lib/python3.12/site-packages/airflow/example_dags/tutorial_dag.py
[2024-12-23T19:46:26.095+0000] {processor.py:914} INFO - Processing file /home/airflow/.local/lib/python3.12/site-packages/airflow/example_dags/tutorial_dag.py for tasks to queue
[2024-12-23T19:46:26.097+0000] {logging_mixin.py:190} INFO - [2024-12-23T19:46:26.097+0000] {dagbag.py:588} INFO - Filling up the DagBag from /home/airflow/.local/lib/python3.12/site-packages/airflow/example_dags/tutorial_dag.py
[2024-12-23T19:46:26.104+0000] {processor.py:925} INFO - DAG(s) 'tutorial_dag' retrieved from /home/airflow/.local/lib/python3.12/site-packages/airflow/example_dags/tutorial_dag.py
[2024-12-23T19:46:26.122+0000] {logging_mixin.py:190} INFO - [2024-12-23T19:46:26.122+0000] {dag.py:3239} INFO - Sync 1 DAGs
[2024-12-23T19:46:26.136+0000] {logging_mixin.py:190} INFO - [2024-12-23T19:46:26.135+0000] {dag.py:4180} INFO - Setting next_dagrun for tutorial_dag to None, run_after=None
[2024-12-23T19:46:26.153+0000] {processor.py:208} INFO - Processing /home/airflow/.local/lib/python3.12/site-packages/airflow/example_dags/tutorial_dag.py took 0.063 seconds
[2024-12-23T19:48:16.890+0000] {processor.py:186} INFO - Started process (PID=74) to work on /home/airflow/.local/lib/python3.12/site-packages/airflow/example_dags/tutorial_dag.py
[2024-12-23T19:48:16.891+0000] {processor.py:914} INFO - Processing file /home/airflow/.local/lib/python3.12/site-packages/airflow/example_dags/tutorial_dag.py for tasks to queue
[2024-12-23T19:48:16.894+0000] {logging_mixin.py:190} INFO - [2024-12-23T19:48:16.894+0000] {dagbag.py:588} INFO - Filling up the DagBag from /home/airflow/.local/lib/python3.12/site-packages/airflow/example_dags/tutorial_dag.py
[2024-12-23T19:48:16.903+0000] {processor.py:925} INFO - DAG(s) 'tutorial_dag' retrieved from /home/airflow/.local/lib/python3.12/site-packages/airflow/example_dags/tutorial_dag.py
[2024-12-23T19:48:16.924+0000] {logging_mixin.py:190} INFO - [2024-12-23T19:48:16.924+0000] {dag.py:3239} INFO - Sync 1 DAGs
[2024-12-23T19:48:16.938+0000] {logging_mixin.py:190} INFO - [2024-12-23T19:48:16.938+0000] {dag.py:4180} INFO - Setting next_dagrun for tutorial_dag to None, run_after=None
[2024-12-23T19:48:16.957+0000] {processor.py:208} INFO - Processing /home/airflow/.local/lib/python3.12/site-packages/airflow/example_dags/tutorial_dag.py took 0.074 seconds
[2024-12-23T19:48:48.676+0000] {processor.py:186} INFO - Started process (PID=137) to work on /home/airflow/.local/lib/python3.12/site-packages/airflow/example_dags/tutorial_dag.py
[2024-12-23T19:48:48.677+0000] {processor.py:914} INFO - Processing file /home/airflow/.local/lib/python3.12/site-packages/airflow/example_dags/tutorial_dag.py for tasks to queue
[2024-12-23T19:48:48.680+0000] {logging_mixin.py:190} INFO - [2024-12-23T19:48:48.679+0000] {dagbag.py:588} INFO - Filling up the DagBag from /home/airflow/.local/lib/python3.12/site-packages/airflow/example_dags/tutorial_dag.py
[2024-12-23T19:48:48.688+0000] {processor.py:925} INFO - DAG(s) 'tutorial_dag' retrieved from /home/airflow/.local/lib/python3.12/site-packages/airflow/example_dags/tutorial_dag.py
[2024-12-23T19:48:48.708+0000] {logging_mixin.py:190} INFO - [2024-12-23T19:48:48.708+0000] {dag.py:3239} INFO - Sync 1 DAGs
[2024-12-23T19:48:48.722+0000] {logging_mixin.py:190} INFO - [2024-12-23T19:48:48.722+0000] {dag.py:4180} INFO - Setting next_dagrun for tutorial_dag to None, run_after=None
[2024-12-23T19:48:48.740+0000] {processor.py:208} INFO - Processing /home/airflow/.local/lib/python3.12/site-packages/airflow/example_dags/tutorial_dag.py took 0.071 seconds
[2024-12-23T19:49:20.803+0000] {processor.py:186} INFO - Started process (PID=200) to work on /home/airflow/.local/lib/python3.12/site-packages/airflow/example_dags/tutorial_dag.py
[2024-12-23T19:49:20.805+0000] {processor.py:914} INFO - Processing file /home/airflow/.local/lib/python3.12/site-packages/airflow/example_dags/tutorial_dag.py for tasks to queue
[2024-12-23T19:49:20.807+0000] {logging_mixin.py:190} INFO - [2024-12-23T19:49:20.807+0000] {dagbag.py:588} INFO - Filling up the DagBag from /home/airflow/.local/lib/python3.12/site-packages/airflow/example_dags/tutorial_dag.py
[2024-12-23T19:49:20.816+0000] {processor.py:925} INFO - DAG(s) 'tutorial_dag' retrieved from /home/airflow/.local/lib/python3.12/site-packages/airflow/example_dags/tutorial_dag.py
[2024-12-23T19:49:20.837+0000] {logging_mixin.py:190} INFO - [2024-12-23T19:49:20.836+0000] {dag.py:3239} INFO - Sync 1 DAGs
[2024-12-23T19:49:20.853+0000] {logging_mixin.py:190} INFO - [2024-12-23T19:49:20.852+0000] {dag.py:4180} INFO - Setting next_dagrun for tutorial_dag to None, run_after=None
[2024-12-23T19:49:20.871+0000] {processor.py:208} INFO - Processing /home/airflow/.local/lib/python3.12/site-packages/airflow/example_dags/tutorial_dag.py took 0.075 seconds
[2024-12-23T19:49:51.469+0000] {processor.py:186} INFO - Started process (PID=269) to work on /home/airflow/.local/lib/python3.12/site-packages/airflow/example_dags/tutorial_dag.py
[2024-12-23T19:49:51.476+0000] {processor.py:914} INFO - Processing file /home/airflow/.local/lib/python3.12/site-packages/airflow/example_dags/tutorial_dag.py for tasks to queue
[2024-12-23T19:49:51.479+0000] {logging_mixin.py:190} INFO - [2024-12-23T19:49:51.478+0000] {dagbag.py:588} INFO - Filling up the DagBag from /home/airflow/.local/lib/python3.12/site-packages/airflow/example_dags/tutorial_dag.py
[2024-12-23T19:49:51.486+0000] {processor.py:925} INFO - DAG(s) 'tutorial_dag' retrieved from /home/airflow/.local/lib/python3.12/site-packages/airflow/example_dags/tutorial_dag.py
[2024-12-23T19:49:51.505+0000] {logging_mixin.py:190} INFO - [2024-12-23T19:49:51.505+0000] {dag.py:3239} INFO - Sync 1 DAGs
[2024-12-23T19:49:51.519+0000] {logging_mixin.py:190} INFO - [2024-12-23T19:49:51.519+0000] {dag.py:4180} INFO - Setting next_dagrun for tutorial_dag to None, run_after=None
[2024-12-23T19:49:51.536+0000] {processor.py:208} INFO - Processing /home/airflow/.local/lib/python3.12/site-packages/airflow/example_dags/tutorial_dag.py took 0.072 seconds
[2024-12-23T19:50:24.082+0000] {processor.py:186} INFO - Started process (PID=332) to work on /home/airflow/.local/lib/python3.12/site-packages/airflow/example_dags/tutorial_dag.py
[2024-12-23T19:50:24.084+0000] {processor.py:914} INFO - Processing file /home/airflow/.local/lib/python3.12/site-packages/airflow/example_dags/tutorial_dag.py for tasks to queue
[2024-12-23T19:50:24.087+0000] {logging_mixin.py:190} INFO - [2024-12-23T19:50:24.086+0000] {dagbag.py:588} INFO - Filling up the DagBag from /home/airflow/.local/lib/python3.12/site-packages/airflow/example_dags/tutorial_dag.py
[2024-12-23T19:50:24.094+0000] {processor.py:925} INFO - DAG(s) 'tutorial_dag' retrieved from /home/airflow/.local/lib/python3.12/site-packages/airflow/example_dags/tutorial_dag.py
[2024-12-23T19:50:24.115+0000] {logging_mixin.py:190} INFO - [2024-12-23T19:50:24.114+0000] {dag.py:3239} INFO - Sync 1 DAGs
[2024-12-23T19:50:24.132+0000] {logging_mixin.py:190} INFO - [2024-12-23T19:50:24.131+0000] {dag.py:4180} INFO - Setting next_dagrun for tutorial_dag to None, run_after=None
[2024-12-23T19:50:24.155+0000] {processor.py:208} INFO - Processing /home/airflow/.local/lib/python3.12/site-packages/airflow/example_dags/tutorial_dag.py took 0.080 seconds
[2024-12-23T19:50:57.725+0000] {processor.py:186} INFO - Started process (PID=402) to work on /home/airflow/.local/lib/python3.12/site-packages/airflow/example_dags/tutorial_dag.py
[2024-12-23T19:50:57.726+0000] {processor.py:914} INFO - Processing file /home/airflow/.local/lib/python3.12/site-packages/airflow/example_dags/tutorial_dag.py for tasks to queue
[2024-12-23T19:50:57.729+0000] {logging_mixin.py:190} INFO - [2024-12-23T19:50:57.729+0000] {dagbag.py:588} INFO - Filling up the DagBag from /home/airflow/.local/lib/python3.12/site-packages/airflow/example_dags/tutorial_dag.py
[2024-12-23T19:50:57.737+0000] {processor.py:925} INFO - DAG(s) 'tutorial_dag' retrieved from /home/airflow/.local/lib/python3.12/site-packages/airflow/example_dags/tutorial_dag.py
[2024-12-23T19:50:57.758+0000] {logging_mixin.py:190} INFO - [2024-12-23T19:50:57.757+0000] {dag.py:3239} INFO - Sync 1 DAGs
[2024-12-23T19:50:57.774+0000] {logging_mixin.py:190} INFO - [2024-12-23T19:50:57.774+0000] {dag.py:4180} INFO - Setting next_dagrun for tutorial_dag to None, run_after=None
[2024-12-23T19:50:57.795+0000] {processor.py:208} INFO - Processing /home/airflow/.local/lib/python3.12/site-packages/airflow/example_dags/tutorial_dag.py took 0.075 seconds
[2024-12-23T19:51:51.088+0000] {processor.py:186} INFO - Started process (PID=465) to work on /home/airflow/.local/lib/python3.12/site-packages/airflow/example_dags/tutorial_dag.py
[2024-12-23T19:51:51.091+0000] {processor.py:914} INFO - Processing file /home/airflow/.local/lib/python3.12/site-packages/airflow/example_dags/tutorial_dag.py for tasks to queue
[2024-12-23T19:51:51.094+0000] {logging_mixin.py:190} INFO - [2024-12-23T19:51:51.094+0000] {dagbag.py:588} INFO - Filling up the DagBag from /home/airflow/.local/lib/python3.12/site-packages/airflow/example_dags/tutorial_dag.py
[2024-12-23T19:51:51.103+0000] {processor.py:925} INFO - DAG(s) 'tutorial_dag' retrieved from /home/airflow/.local/lib/python3.12/site-packages/airflow/example_dags/tutorial_dag.py
[2024-12-23T19:51:51.128+0000] {logging_mixin.py:190} INFO - [2024-12-23T19:51:51.127+0000] {dag.py:3239} INFO - Sync 1 DAGs
[2024-12-23T19:51:51.147+0000] {logging_mixin.py:190} INFO - [2024-12-23T19:51:51.147+0000] {dag.py:4180} INFO - Setting next_dagrun for tutorial_dag to None, run_after=None
[2024-12-23T19:51:51.169+0000] {processor.py:208} INFO - Processing /home/airflow/.local/lib/python3.12/site-packages/airflow/example_dags/tutorial_dag.py took 0.087 seconds
[2024-12-23T19:52:30.171+0000] {processor.py:186} INFO - Started process (PID=535) to work on /home/airflow/.local/lib/python3.12/site-packages/airflow/example_dags/tutorial_dag.py
[2024-12-23T19:52:30.173+0000] {processor.py:914} INFO - Processing file /home/airflow/.local/lib/python3.12/site-packages/airflow/example_dags/tutorial_dag.py for tasks to queue
[2024-12-23T19:52:30.185+0000] {logging_mixin.py:190} INFO - [2024-12-23T19:52:30.183+0000] {dagbag.py:588} INFO - Filling up the DagBag from /home/airflow/.local/lib/python3.12/site-packages/airflow/example_dags/tutorial_dag.py
[2024-12-23T19:52:30.197+0000] {processor.py:925} INFO - DAG(s) 'tutorial_dag' retrieved from /home/airflow/.local/lib/python3.12/site-packages/airflow/example_dags/tutorial_dag.py
[2024-12-23T19:52:30.231+0000] {logging_mixin.py:190} INFO - [2024-12-23T19:52:30.230+0000] {dag.py:3239} INFO - Sync 1 DAGs
[2024-12-23T19:52:30.251+0000] {logging_mixin.py:190} INFO - [2024-12-23T19:52:30.250+0000] {dag.py:4180} INFO - Setting next_dagrun for tutorial_dag to None, run_after=None
[2024-12-23T19:52:30.291+0000] {processor.py:208} INFO - Processing /home/airflow/.local/lib/python3.12/site-packages/airflow/example_dags/tutorial_dag.py took 0.134 seconds
[2024-12-23T19:53:00.872+0000] {processor.py:186} INFO - Started process (PID=598) to work on /home/airflow/.local/lib/python3.12/site-packages/airflow/example_dags/tutorial_dag.py
[2024-12-23T19:53:00.873+0000] {processor.py:914} INFO - Processing file /home/airflow/.local/lib/python3.12/site-packages/airflow/example_dags/tutorial_dag.py for tasks to queue
[2024-12-23T19:53:00.876+0000] {logging_mixin.py:190} INFO - [2024-12-23T19:53:00.875+0000] {dagbag.py:588} INFO - Filling up the DagBag from /home/airflow/.local/lib/python3.12/site-packages/airflow/example_dags/tutorial_dag.py
[2024-12-23T19:53:00.884+0000] {processor.py:925} INFO - DAG(s) 'tutorial_dag' retrieved from /home/airflow/.local/lib/python3.12/site-packages/airflow/example_dags/tutorial_dag.py
[2024-12-23T19:53:00.904+0000] {logging_mixin.py:190} INFO - [2024-12-23T19:53:00.903+0000] {dag.py:3239} INFO - Sync 1 DAGs
[2024-12-23T19:53:00.919+0000] {logging_mixin.py:190} INFO - [2024-12-23T19:53:00.918+0000] {dag.py:4180} INFO - Setting next_dagrun for tutorial_dag to None, run_after=None
[2024-12-23T19:53:00.937+0000] {processor.py:208} INFO - Processing /home/airflow/.local/lib/python3.12/site-packages/airflow/example_dags/tutorial_dag.py took 0.072 seconds
[2024-12-23T19:53:31.827+0000] {processor.py:186} INFO - Started process (PID=661) to work on /home/airflow/.local/lib/python3.12/site-packages/airflow/example_dags/tutorial_dag.py
[2024-12-23T19:53:31.828+0000] {processor.py:914} INFO - Processing file /home/airflow/.local/lib/python3.12/site-packages/airflow/example_dags/tutorial_dag.py for tasks to queue
[2024-12-23T19:53:31.831+0000] {logging_mixin.py:190} INFO - [2024-12-23T19:53:31.830+0000] {dagbag.py:588} INFO - Filling up the DagBag from /home/airflow/.local/lib/python3.12/site-packages/airflow/example_dags/tutorial_dag.py
[2024-12-23T19:53:31.837+0000] {processor.py:925} INFO - DAG(s) 'tutorial_dag' retrieved from /home/airflow/.local/lib/python3.12/site-packages/airflow/example_dags/tutorial_dag.py
[2024-12-23T19:53:31.855+0000] {logging_mixin.py:190} INFO - [2024-12-23T19:53:31.854+0000] {dag.py:3239} INFO - Sync 1 DAGs
[2024-12-23T19:53:31.866+0000] {logging_mixin.py:190} INFO - [2024-12-23T19:53:31.866+0000] {dag.py:4180} INFO - Setting next_dagrun for tutorial_dag to None, run_after=None
[2024-12-23T19:53:31.884+0000] {processor.py:208} INFO - Processing /home/airflow/.local/lib/python3.12/site-packages/airflow/example_dags/tutorial_dag.py took 0.061 seconds
[2024-12-23T19:54:02.102+0000] {processor.py:186} INFO - Started process (PID=723) to work on /home/airflow/.local/lib/python3.12/site-packages/airflow/example_dags/tutorial_dag.py
[2024-12-23T19:54:02.103+0000] {processor.py:914} INFO - Processing file /home/airflow/.local/lib/python3.12/site-packages/airflow/example_dags/tutorial_dag.py for tasks to queue
[2024-12-23T19:54:02.108+0000] {logging_mixin.py:190} INFO - [2024-12-23T19:54:02.107+0000] {dagbag.py:588} INFO - Filling up the DagBag from /home/airflow/.local/lib/python3.12/site-packages/airflow/example_dags/tutorial_dag.py
[2024-12-23T19:54:02.116+0000] {processor.py:925} INFO - DAG(s) 'tutorial_dag' retrieved from /home/airflow/.local/lib/python3.12/site-packages/airflow/example_dags/tutorial_dag.py
[2024-12-23T19:54:02.135+0000] {logging_mixin.py:190} INFO - [2024-12-23T19:54:02.134+0000] {dag.py:3239} INFO - Sync 1 DAGs
[2024-12-23T19:54:02.149+0000] {logging_mixin.py:190} INFO - [2024-12-23T19:54:02.149+0000] {dag.py:4180} INFO - Setting next_dagrun for tutorial_dag to None, run_after=None
[2024-12-23T19:54:02.165+0000] {processor.py:208} INFO - Processing /home/airflow/.local/lib/python3.12/site-packages/airflow/example_dags/tutorial_dag.py took 0.070 seconds
[2024-12-23T19:54:33.480+0000] {processor.py:186} INFO - Started process (PID=787) to work on /home/airflow/.local/lib/python3.12/site-packages/airflow/example_dags/tutorial_dag.py
[2024-12-23T19:54:33.481+0000] {processor.py:914} INFO - Processing file /home/airflow/.local/lib/python3.12/site-packages/airflow/example_dags/tutorial_dag.py for tasks to queue
[2024-12-23T19:54:33.483+0000] {logging_mixin.py:190} INFO - [2024-12-23T19:54:33.483+0000] {dagbag.py:588} INFO - Filling up the DagBag from /home/airflow/.local/lib/python3.12/site-packages/airflow/example_dags/tutorial_dag.py
[2024-12-23T19:54:33.490+0000] {processor.py:925} INFO - DAG(s) 'tutorial_dag' retrieved from /home/airflow/.local/lib/python3.12/site-packages/airflow/example_dags/tutorial_dag.py
[2024-12-23T19:54:33.507+0000] {logging_mixin.py:190} INFO - [2024-12-23T19:54:33.507+0000] {dag.py:3239} INFO - Sync 1 DAGs
[2024-12-23T19:54:33.519+0000] {logging_mixin.py:190} INFO - [2024-12-23T19:54:33.519+0000] {dag.py:4180} INFO - Setting next_dagrun for tutorial_dag to None, run_after=None
[2024-12-23T19:54:33.538+0000] {processor.py:208} INFO - Processing /home/airflow/.local/lib/python3.12/site-packages/airflow/example_dags/tutorial_dag.py took 0.064 seconds
[2024-12-23T19:55:04.633+0000] {processor.py:186} INFO - Started process (PID=850) to work on /home/airflow/.local/lib/python3.12/site-packages/airflow/example_dags/tutorial_dag.py
[2024-12-23T19:55:04.634+0000] {processor.py:914} INFO - Processing file /home/airflow/.local/lib/python3.12/site-packages/airflow/example_dags/tutorial_dag.py for tasks to queue
[2024-12-23T19:55:04.636+0000] {logging_mixin.py:190} INFO - [2024-12-23T19:55:04.636+0000] {dagbag.py:588} INFO - Filling up the DagBag from /home/airflow/.local/lib/python3.12/site-packages/airflow/example_dags/tutorial_dag.py
[2024-12-23T19:55:04.643+0000] {processor.py:925} INFO - DAG(s) 'tutorial_dag' retrieved from /home/airflow/.local/lib/python3.12/site-packages/airflow/example_dags/tutorial_dag.py
[2024-12-23T19:55:04.662+0000] {logging_mixin.py:190} INFO - [2024-12-23T19:55:04.662+0000] {dag.py:3239} INFO - Sync 1 DAGs
[2024-12-23T19:55:04.675+0000] {logging_mixin.py:190} INFO - [2024-12-23T19:55:04.675+0000] {dag.py:4180} INFO - Setting next_dagrun for tutorial_dag to None, run_after=None
[2024-12-23T19:55:04.692+0000] {processor.py:208} INFO - Processing /home/airflow/.local/lib/python3.12/site-packages/airflow/example_dags/tutorial_dag.py took 0.065 seconds
[2024-12-23T19:55:36.477+0000] {processor.py:186} INFO - Started process (PID=913) to work on /home/airflow/.local/lib/python3.12/site-packages/airflow/example_dags/tutorial_dag.py
[2024-12-23T19:55:36.478+0000] {processor.py:914} INFO - Processing file /home/airflow/.local/lib/python3.12/site-packages/airflow/example_dags/tutorial_dag.py for tasks to queue
[2024-12-23T19:55:36.480+0000] {logging_mixin.py:190} INFO - [2024-12-23T19:55:36.480+0000] {dagbag.py:588} INFO - Filling up the DagBag from /home/airflow/.local/lib/python3.12/site-packages/airflow/example_dags/tutorial_dag.py
[2024-12-23T19:55:36.487+0000] {processor.py:925} INFO - DAG(s) 'tutorial_dag' retrieved from /home/airflow/.local/lib/python3.12/site-packages/airflow/example_dags/tutorial_dag.py
[2024-12-23T19:55:36.506+0000] {logging_mixin.py:190} INFO - [2024-12-23T19:55:36.505+0000] {dag.py:3239} INFO - Sync 1 DAGs
[2024-12-23T19:55:36.519+0000] {logging_mixin.py:190} INFO - [2024-12-23T19:55:36.519+0000] {dag.py:4180} INFO - Setting next_dagrun for tutorial_dag to None, run_after=None
[2024-12-23T19:55:36.540+0000] {processor.py:208} INFO - Processing /home/airflow/.local/lib/python3.12/site-packages/airflow/example_dags/tutorial_dag.py took 0.068 seconds
[2024-12-23T19:56:08.600+0000] {processor.py:186} INFO - Started process (PID=976) to work on /home/airflow/.local/lib/python3.12/site-packages/airflow/example_dags/tutorial_dag.py
[2024-12-23T19:56:08.601+0000] {processor.py:914} INFO - Processing file /home/airflow/.local/lib/python3.12/site-packages/airflow/example_dags/tutorial_dag.py for tasks to queue
[2024-12-23T19:56:08.603+0000] {logging_mixin.py:190} INFO - [2024-12-23T19:56:08.602+0000] {dagbag.py:588} INFO - Filling up the DagBag from /home/airflow/.local/lib/python3.12/site-packages/airflow/example_dags/tutorial_dag.py
[2024-12-23T19:56:08.610+0000] {processor.py:925} INFO - DAG(s) 'tutorial_dag' retrieved from /home/airflow/.local/lib/python3.12/site-packages/airflow/example_dags/tutorial_dag.py
[2024-12-23T19:56:08.630+0000] {logging_mixin.py:190} INFO - [2024-12-23T19:56:08.629+0000] {dag.py:3239} INFO - Sync 1 DAGs
[2024-12-23T19:56:08.643+0000] {logging_mixin.py:190} INFO - [2024-12-23T19:56:08.643+0000] {dag.py:4180} INFO - Setting next_dagrun for tutorial_dag to None, run_after=None
[2024-12-23T19:56:08.660+0000] {processor.py:208} INFO - Processing /home/airflow/.local/lib/python3.12/site-packages/airflow/example_dags/tutorial_dag.py took 0.065 seconds
[2024-12-23T19:56:39.358+0000] {processor.py:186} INFO - Started process (PID=1039) to work on /home/airflow/.local/lib/python3.12/site-packages/airflow/example_dags/tutorial_dag.py
[2024-12-23T19:56:39.359+0000] {processor.py:914} INFO - Processing file /home/airflow/.local/lib/python3.12/site-packages/airflow/example_dags/tutorial_dag.py for tasks to queue
[2024-12-23T19:56:39.362+0000] {logging_mixin.py:190} INFO - [2024-12-23T19:56:39.361+0000] {dagbag.py:588} INFO - Filling up the DagBag from /home/airflow/.local/lib/python3.12/site-packages/airflow/example_dags/tutorial_dag.py
[2024-12-23T19:56:39.369+0000] {processor.py:925} INFO - DAG(s) 'tutorial_dag' retrieved from /home/airflow/.local/lib/python3.12/site-packages/airflow/example_dags/tutorial_dag.py
[2024-12-23T19:56:39.390+0000] {logging_mixin.py:190} INFO - [2024-12-23T19:56:39.390+0000] {dag.py:3239} INFO - Sync 1 DAGs
[2024-12-23T19:56:39.405+0000] {logging_mixin.py:190} INFO - [2024-12-23T19:56:39.405+0000] {dag.py:4180} INFO - Setting next_dagrun for tutorial_dag to None, run_after=None
[2024-12-23T19:56:39.426+0000] {processor.py:208} INFO - Processing /home/airflow/.local/lib/python3.12/site-packages/airflow/example_dags/tutorial_dag.py took 0.073 seconds
[2024-12-23T19:57:11.090+0000] {processor.py:186} INFO - Started process (PID=1102) to work on /home/airflow/.local/lib/python3.12/site-packages/airflow/example_dags/tutorial_dag.py
[2024-12-23T19:57:11.091+0000] {processor.py:914} INFO - Processing file /home/airflow/.local/lib/python3.12/site-packages/airflow/example_dags/tutorial_dag.py for tasks to queue
[2024-12-23T19:57:11.094+0000] {logging_mixin.py:190} INFO - [2024-12-23T19:57:11.093+0000] {dagbag.py:588} INFO - Filling up the DagBag from /home/airflow/.local/lib/python3.12/site-packages/airflow/example_dags/tutorial_dag.py
[2024-12-23T19:57:11.103+0000] {processor.py:925} INFO - DAG(s) 'tutorial_dag' retrieved from /home/airflow/.local/lib/python3.12/site-packages/airflow/example_dags/tutorial_dag.py
[2024-12-23T19:57:11.125+0000] {logging_mixin.py:190} INFO - [2024-12-23T19:57:11.124+0000] {dag.py:3239} INFO - Sync 1 DAGs
[2024-12-23T19:57:11.138+0000] {logging_mixin.py:190} INFO - [2024-12-23T19:57:11.137+0000] {dag.py:4180} INFO - Setting next_dagrun for tutorial_dag to None, run_after=None
[2024-12-23T19:57:11.155+0000] {processor.py:208} INFO - Processing /home/airflow/.local/lib/python3.12/site-packages/airflow/example_dags/tutorial_dag.py took 0.071 seconds
[2024-12-23T19:57:41.777+0000] {processor.py:186} INFO - Started process (PID=1165) to work on /home/airflow/.local/lib/python3.12/site-packages/airflow/example_dags/tutorial_dag.py
[2024-12-23T19:57:41.778+0000] {processor.py:914} INFO - Processing file /home/airflow/.local/lib/python3.12/site-packages/airflow/example_dags/tutorial_dag.py for tasks to queue
[2024-12-23T19:57:41.780+0000] {logging_mixin.py:190} INFO - [2024-12-23T19:57:41.780+0000] {dagbag.py:588} INFO - Filling up the DagBag from /home/airflow/.local/lib/python3.12/site-packages/airflow/example_dags/tutorial_dag.py
[2024-12-23T19:57:41.787+0000] {processor.py:925} INFO - DAG(s) 'tutorial_dag' retrieved from /home/airflow/.local/lib/python3.12/site-packages/airflow/example_dags/tutorial_dag.py
[2024-12-23T19:57:41.803+0000] {logging_mixin.py:190} INFO - [2024-12-23T19:57:41.803+0000] {dag.py:3239} INFO - Sync 1 DAGs
[2024-12-23T19:57:41.815+0000] {logging_mixin.py:190} INFO - [2024-12-23T19:57:41.815+0000] {dag.py:4180} INFO - Setting next_dagrun for tutorial_dag to None, run_after=None
[2024-12-23T19:57:41.830+0000] {processor.py:208} INFO - Processing /home/airflow/.local/lib/python3.12/site-packages/airflow/example_dags/tutorial_dag.py took 0.058 seconds
[2024-12-23T19:58:12.587+0000] {processor.py:186} INFO - Started process (PID=1228) to work on /home/airflow/.local/lib/python3.12/site-packages/airflow/example_dags/tutorial_dag.py
[2024-12-23T19:58:12.588+0000] {processor.py:914} INFO - Processing file /home/airflow/.local/lib/python3.12/site-packages/airflow/example_dags/tutorial_dag.py for tasks to queue
[2024-12-23T19:58:12.590+0000] {logging_mixin.py:190} INFO - [2024-12-23T19:58:12.590+0000] {dagbag.py:588} INFO - Filling up the DagBag from /home/airflow/.local/lib/python3.12/site-packages/airflow/example_dags/tutorial_dag.py
[2024-12-23T19:58:12.596+0000] {processor.py:925} INFO - DAG(s) 'tutorial_dag' retrieved from /home/airflow/.local/lib/python3.12/site-packages/airflow/example_dags/tutorial_dag.py
[2024-12-23T19:58:12.613+0000] {logging_mixin.py:190} INFO - [2024-12-23T19:58:12.613+0000] {dag.py:3239} INFO - Sync 1 DAGs
[2024-12-23T19:58:12.627+0000] {logging_mixin.py:190} INFO - [2024-12-23T19:58:12.627+0000] {dag.py:4180} INFO - Setting next_dagrun for tutorial_dag to None, run_after=None
[2024-12-23T19:58:12.644+0000] {processor.py:208} INFO - Processing /home/airflow/.local/lib/python3.12/site-packages/airflow/example_dags/tutorial_dag.py took 0.063 seconds
[2024-12-23T19:58:43.822+0000] {processor.py:186} INFO - Started process (PID=1291) to work on /home/airflow/.local/lib/python3.12/site-packages/airflow/example_dags/tutorial_dag.py
[2024-12-23T19:58:43.823+0000] {processor.py:914} INFO - Processing file /home/airflow/.local/lib/python3.12/site-packages/airflow/example_dags/tutorial_dag.py for tasks to queue
[2024-12-23T19:58:43.826+0000] {logging_mixin.py:190} INFO - [2024-12-23T19:58:43.826+0000] {dagbag.py:588} INFO - Filling up the DagBag from /home/airflow/.local/lib/python3.12/site-packages/airflow/example_dags/tutorial_dag.py
[2024-12-23T19:58:43.834+0000] {processor.py:925} INFO - DAG(s) 'tutorial_dag' retrieved from /home/airflow/.local/lib/python3.12/site-packages/airflow/example_dags/tutorial_dag.py
[2024-12-23T19:58:43.854+0000] {logging_mixin.py:190} INFO - [2024-12-23T19:58:43.854+0000] {dag.py:3239} INFO - Sync 1 DAGs
[2024-12-23T19:58:43.868+0000] {logging_mixin.py:190} INFO - [2024-12-23T19:58:43.868+0000] {dag.py:4180} INFO - Setting next_dagrun for tutorial_dag to None, run_after=None
[2024-12-23T19:58:43.885+0000] {processor.py:208} INFO - Processing /home/airflow/.local/lib/python3.12/site-packages/airflow/example_dags/tutorial_dag.py took 0.069 seconds
[2024-12-23T19:59:15.115+0000] {processor.py:186} INFO - Started process (PID=1355) to work on /home/airflow/.local/lib/python3.12/site-packages/airflow/example_dags/tutorial_dag.py
[2024-12-23T19:59:15.116+0000] {processor.py:914} INFO - Processing file /home/airflow/.local/lib/python3.12/site-packages/airflow/example_dags/tutorial_dag.py for tasks to queue
[2024-12-23T19:59:15.118+0000] {logging_mixin.py:190} INFO - [2024-12-23T19:59:15.118+0000] {dagbag.py:588} INFO - Filling up the DagBag from /home/airflow/.local/lib/python3.12/site-packages/airflow/example_dags/tutorial_dag.py
[2024-12-23T19:59:15.126+0000] {processor.py:925} INFO - DAG(s) 'tutorial_dag' retrieved from /home/airflow/.local/lib/python3.12/site-packages/airflow/example_dags/tutorial_dag.py
[2024-12-23T19:59:15.144+0000] {logging_mixin.py:190} INFO - [2024-12-23T19:59:15.144+0000] {dag.py:3239} INFO - Sync 1 DAGs
[2024-12-23T19:59:15.157+0000] {logging_mixin.py:190} INFO - [2024-12-23T19:59:15.157+0000] {dag.py:4180} INFO - Setting next_dagrun for tutorial_dag to None, run_after=None
[2024-12-23T19:59:15.178+0000] {processor.py:208} INFO - Processing /home/airflow/.local/lib/python3.12/site-packages/airflow/example_dags/tutorial_dag.py took 0.068 seconds
[2024-12-23T19:59:46.374+0000] {processor.py:186} INFO - Started process (PID=1418) to work on /home/airflow/.local/lib/python3.12/site-packages/airflow/example_dags/tutorial_dag.py
[2024-12-23T19:59:46.377+0000] {processor.py:914} INFO - Processing file /home/airflow/.local/lib/python3.12/site-packages/airflow/example_dags/tutorial_dag.py for tasks to queue
[2024-12-23T19:59:46.379+0000] {logging_mixin.py:190} INFO - [2024-12-23T19:59:46.379+0000] {dagbag.py:588} INFO - Filling up the DagBag from /home/airflow/.local/lib/python3.12/site-packages/airflow/example_dags/tutorial_dag.py
[2024-12-23T19:59:46.387+0000] {processor.py:925} INFO - DAG(s) 'tutorial_dag' retrieved from /home/airflow/.local/lib/python3.12/site-packages/airflow/example_dags/tutorial_dag.py
[2024-12-23T19:59:46.409+0000] {logging_mixin.py:190} INFO - [2024-12-23T19:59:46.408+0000] {dag.py:3239} INFO - Sync 1 DAGs
[2024-12-23T19:59:46.421+0000] {logging_mixin.py:190} INFO - [2024-12-23T19:59:46.421+0000] {dag.py:4180} INFO - Setting next_dagrun for tutorial_dag to None, run_after=None
[2024-12-23T19:59:46.440+0000] {processor.py:208} INFO - Processing /home/airflow/.local/lib/python3.12/site-packages/airflow/example_dags/tutorial_dag.py took 0.073 seconds
[2024-12-23T20:00:17.267+0000] {processor.py:186} INFO - Started process (PID=1481) to work on /home/airflow/.local/lib/python3.12/site-packages/airflow/example_dags/tutorial_dag.py
[2024-12-23T20:00:17.268+0000] {processor.py:914} INFO - Processing file /home/airflow/.local/lib/python3.12/site-packages/airflow/example_dags/tutorial_dag.py for tasks to queue
[2024-12-23T20:00:17.270+0000] {logging_mixin.py:190} INFO - [2024-12-23T20:00:17.270+0000] {dagbag.py:588} INFO - Filling up the DagBag from /home/airflow/.local/lib/python3.12/site-packages/airflow/example_dags/tutorial_dag.py
[2024-12-23T20:00:17.278+0000] {processor.py:925} INFO - DAG(s) 'tutorial_dag' retrieved from /home/airflow/.local/lib/python3.12/site-packages/airflow/example_dags/tutorial_dag.py
[2024-12-23T20:00:17.296+0000] {logging_mixin.py:190} INFO - [2024-12-23T20:00:17.295+0000] {dag.py:3239} INFO - Sync 1 DAGs
[2024-12-23T20:00:17.309+0000] {logging_mixin.py:190} INFO - [2024-12-23T20:00:17.309+0000] {dag.py:4180} INFO - Setting next_dagrun for tutorial_dag to None, run_after=None
[2024-12-23T20:00:17.325+0000] {processor.py:208} INFO - Processing /home/airflow/.local/lib/python3.12/site-packages/airflow/example_dags/tutorial_dag.py took 0.065 seconds
[2024-12-23T20:00:49.637+0000] {processor.py:186} INFO - Started process (PID=1544) to work on /home/airflow/.local/lib/python3.12/site-packages/airflow/example_dags/tutorial_dag.py
[2024-12-23T20:00:49.638+0000] {processor.py:914} INFO - Processing file /home/airflow/.local/lib/python3.12/site-packages/airflow/example_dags/tutorial_dag.py for tasks to queue
[2024-12-23T20:00:49.641+0000] {logging_mixin.py:190} INFO - [2024-12-23T20:00:49.641+0000] {dagbag.py:588} INFO - Filling up the DagBag from /home/airflow/.local/lib/python3.12/site-packages/airflow/example_dags/tutorial_dag.py
[2024-12-23T20:00:49.651+0000] {processor.py:925} INFO - DAG(s) 'tutorial_dag' retrieved from /home/airflow/.local/lib/python3.12/site-packages/airflow/example_dags/tutorial_dag.py
[2024-12-23T20:00:49.673+0000] {logging_mixin.py:190} INFO - [2024-12-23T20:00:49.673+0000] {dag.py:3239} INFO - Sync 1 DAGs
[2024-12-23T20:00:49.689+0000] {logging_mixin.py:190} INFO - [2024-12-23T20:00:49.688+0000] {dag.py:4180} INFO - Setting next_dagrun for tutorial_dag to None, run_after=None
[2024-12-23T20:00:49.714+0000] {processor.py:208} INFO - Processing /home/airflow/.local/lib/python3.12/site-packages/airflow/example_dags/tutorial_dag.py took 0.084 seconds
[2024-12-23T20:01:20.697+0000] {processor.py:186} INFO - Started process (PID=1607) to work on /home/airflow/.local/lib/python3.12/site-packages/airflow/example_dags/tutorial_dag.py
[2024-12-23T20:01:20.698+0000] {processor.py:914} INFO - Processing file /home/airflow/.local/lib/python3.12/site-packages/airflow/example_dags/tutorial_dag.py for tasks to queue
[2024-12-23T20:01:20.700+0000] {logging_mixin.py:190} INFO - [2024-12-23T20:01:20.700+0000] {dagbag.py:588} INFO - Filling up the DagBag from /home/airflow/.local/lib/python3.12/site-packages/airflow/example_dags/tutorial_dag.py
[2024-12-23T20:01:20.707+0000] {processor.py:925} INFO - DAG(s) 'tutorial_dag' retrieved from /home/airflow/.local/lib/python3.12/site-packages/airflow/example_dags/tutorial_dag.py
[2024-12-23T20:01:20.725+0000] {logging_mixin.py:190} INFO - [2024-12-23T20:01:20.725+0000] {dag.py:3239} INFO - Sync 1 DAGs
[2024-12-23T20:01:20.738+0000] {logging_mixin.py:190} INFO - [2024-12-23T20:01:20.737+0000] {dag.py:4180} INFO - Setting next_dagrun for tutorial_dag to None, run_after=None
[2024-12-23T20:01:20.753+0000] {processor.py:208} INFO - Processing /home/airflow/.local/lib/python3.12/site-packages/airflow/example_dags/tutorial_dag.py took 0.061 seconds
[2024-12-23T20:01:50.837+0000] {processor.py:186} INFO - Started process (PID=1669) to work on /home/airflow/.local/lib/python3.12/site-packages/airflow/example_dags/tutorial_dag.py
[2024-12-23T20:01:50.838+0000] {processor.py:914} INFO - Processing file /home/airflow/.local/lib/python3.12/site-packages/airflow/example_dags/tutorial_dag.py for tasks to queue
[2024-12-23T20:01:50.840+0000] {logging_mixin.py:190} INFO - [2024-12-23T20:01:50.840+0000] {dagbag.py:588} INFO - Filling up the DagBag from /home/airflow/.local/lib/python3.12/site-packages/airflow/example_dags/tutorial_dag.py
[2024-12-23T20:01:50.848+0000] {processor.py:925} INFO - DAG(s) 'tutorial_dag' retrieved from /home/airflow/.local/lib/python3.12/site-packages/airflow/example_dags/tutorial_dag.py
[2024-12-23T20:01:50.864+0000] {logging_mixin.py:190} INFO - [2024-12-23T20:01:50.864+0000] {dag.py:3239} INFO - Sync 1 DAGs
[2024-12-23T20:01:50.876+0000] {logging_mixin.py:190} INFO - [2024-12-23T20:01:50.876+0000] {dag.py:4180} INFO - Setting next_dagrun for tutorial_dag to None, run_after=None
[2024-12-23T20:01:50.891+0000] {processor.py:208} INFO - Processing /home/airflow/.local/lib/python3.12/site-packages/airflow/example_dags/tutorial_dag.py took 0.059 seconds
[2024-12-23T20:02:21.787+0000] {processor.py:186} INFO - Started process (PID=1732) to work on /home/airflow/.local/lib/python3.12/site-packages/airflow/example_dags/tutorial_dag.py
[2024-12-23T20:02:21.788+0000] {processor.py:914} INFO - Processing file /home/airflow/.local/lib/python3.12/site-packages/airflow/example_dags/tutorial_dag.py for tasks to queue
[2024-12-23T20:02:21.792+0000] {logging_mixin.py:190} INFO - [2024-12-23T20:02:21.791+0000] {dagbag.py:588} INFO - Filling up the DagBag from /home/airflow/.local/lib/python3.12/site-packages/airflow/example_dags/tutorial_dag.py
[2024-12-23T20:02:21.800+0000] {processor.py:925} INFO - DAG(s) 'tutorial_dag' retrieved from /home/airflow/.local/lib/python3.12/site-packages/airflow/example_dags/tutorial_dag.py
[2024-12-23T20:02:21.821+0000] {logging_mixin.py:190} INFO - [2024-12-23T20:02:21.821+0000] {dag.py:3239} INFO - Sync 1 DAGs
[2024-12-23T20:02:21.835+0000] {logging_mixin.py:190} INFO - [2024-12-23T20:02:21.835+0000] {dag.py:4180} INFO - Setting next_dagrun for tutorial_dag to None, run_after=None
[2024-12-23T20:02:21.854+0000] {processor.py:208} INFO - Processing /home/airflow/.local/lib/python3.12/site-packages/airflow/example_dags/tutorial_dag.py took 0.072 seconds
[2024-12-23T20:02:53.001+0000] {processor.py:186} INFO - Started process (PID=1801) to work on /home/airflow/.local/lib/python3.12/site-packages/airflow/example_dags/tutorial_dag.py
[2024-12-23T20:02:53.002+0000] {processor.py:914} INFO - Processing file /home/airflow/.local/lib/python3.12/site-packages/airflow/example_dags/tutorial_dag.py for tasks to queue
[2024-12-23T20:02:53.004+0000] {logging_mixin.py:190} INFO - [2024-12-23T20:02:53.004+0000] {dagbag.py:588} INFO - Filling up the DagBag from /home/airflow/.local/lib/python3.12/site-packages/airflow/example_dags/tutorial_dag.py
[2024-12-23T20:02:53.011+0000] {processor.py:925} INFO - DAG(s) 'tutorial_dag' retrieved from /home/airflow/.local/lib/python3.12/site-packages/airflow/example_dags/tutorial_dag.py
[2024-12-23T20:02:53.028+0000] {logging_mixin.py:190} INFO - [2024-12-23T20:02:53.027+0000] {dag.py:3239} INFO - Sync 1 DAGs
[2024-12-23T20:02:53.040+0000] {logging_mixin.py:190} INFO - [2024-12-23T20:02:53.040+0000] {dag.py:4180} INFO - Setting next_dagrun for tutorial_dag to None, run_after=None
[2024-12-23T20:02:53.056+0000] {processor.py:208} INFO - Processing /home/airflow/.local/lib/python3.12/site-packages/airflow/example_dags/tutorial_dag.py took 0.060 seconds
[2024-12-23T20:03:25.010+0000] {processor.py:186} INFO - Started process (PID=1864) to work on /home/airflow/.local/lib/python3.12/site-packages/airflow/example_dags/tutorial_dag.py
[2024-12-23T20:03:25.011+0000] {processor.py:914} INFO - Processing file /home/airflow/.local/lib/python3.12/site-packages/airflow/example_dags/tutorial_dag.py for tasks to queue
[2024-12-23T20:03:25.014+0000] {logging_mixin.py:190} INFO - [2024-12-23T20:03:25.014+0000] {dagbag.py:588} INFO - Filling up the DagBag from /home/airflow/.local/lib/python3.12/site-packages/airflow/example_dags/tutorial_dag.py
[2024-12-23T20:03:25.021+0000] {processor.py:925} INFO - DAG(s) 'tutorial_dag' retrieved from /home/airflow/.local/lib/python3.12/site-packages/airflow/example_dags/tutorial_dag.py
[2024-12-23T20:03:25.039+0000] {logging_mixin.py:190} INFO - [2024-12-23T20:03:25.038+0000] {dag.py:3239} INFO - Sync 1 DAGs
[2024-12-23T20:03:25.052+0000] {logging_mixin.py:190} INFO - [2024-12-23T20:03:25.052+0000] {dag.py:4180} INFO - Setting next_dagrun for tutorial_dag to None, run_after=None
[2024-12-23T20:03:25.069+0000] {processor.py:208} INFO - Processing /home/airflow/.local/lib/python3.12/site-packages/airflow/example_dags/tutorial_dag.py took 0.066 seconds
[2024-12-23T20:03:55.983+0000] {processor.py:186} INFO - Started process (PID=1927) to work on /home/airflow/.local/lib/python3.12/site-packages/airflow/example_dags/tutorial_dag.py
[2024-12-23T20:03:55.984+0000] {processor.py:914} INFO - Processing file /home/airflow/.local/lib/python3.12/site-packages/airflow/example_dags/tutorial_dag.py for tasks to queue
[2024-12-23T20:03:55.986+0000] {logging_mixin.py:190} INFO - [2024-12-23T20:03:55.986+0000] {dagbag.py:588} INFO - Filling up the DagBag from /home/airflow/.local/lib/python3.12/site-packages/airflow/example_dags/tutorial_dag.py
[2024-12-23T20:03:55.994+0000] {processor.py:925} INFO - DAG(s) 'tutorial_dag' retrieved from /home/airflow/.local/lib/python3.12/site-packages/airflow/example_dags/tutorial_dag.py
[2024-12-23T20:03:56.013+0000] {logging_mixin.py:190} INFO - [2024-12-23T20:03:56.013+0000] {dag.py:3239} INFO - Sync 1 DAGs
[2024-12-23T20:03:56.030+0000] {logging_mixin.py:190} INFO - [2024-12-23T20:03:56.029+0000] {dag.py:4180} INFO - Setting next_dagrun for tutorial_dag to None, run_after=None
[2024-12-23T20:03:56.049+0000] {processor.py:208} INFO - Processing /home/airflow/.local/lib/python3.12/site-packages/airflow/example_dags/tutorial_dag.py took 0.072 seconds
[2024-12-23T20:04:27.337+0000] {processor.py:186} INFO - Started process (PID=1990) to work on /home/airflow/.local/lib/python3.12/site-packages/airflow/example_dags/tutorial_dag.py
[2024-12-23T20:04:27.338+0000] {processor.py:914} INFO - Processing file /home/airflow/.local/lib/python3.12/site-packages/airflow/example_dags/tutorial_dag.py for tasks to queue
[2024-12-23T20:04:27.341+0000] {logging_mixin.py:190} INFO - [2024-12-23T20:04:27.341+0000] {dagbag.py:588} INFO - Filling up the DagBag from /home/airflow/.local/lib/python3.12/site-packages/airflow/example_dags/tutorial_dag.py
[2024-12-23T20:04:27.348+0000] {processor.py:925} INFO - DAG(s) 'tutorial_dag' retrieved from /home/airflow/.local/lib/python3.12/site-packages/airflow/example_dags/tutorial_dag.py
[2024-12-23T20:04:27.365+0000] {logging_mixin.py:190} INFO - [2024-12-23T20:04:27.365+0000] {dag.py:3239} INFO - Sync 1 DAGs
[2024-12-23T20:04:27.378+0000] {logging_mixin.py:190} INFO - [2024-12-23T20:04:27.378+0000] {dag.py:4180} INFO - Setting next_dagrun for tutorial_dag to None, run_after=None
[2024-12-23T20:04:27.395+0000] {processor.py:208} INFO - Processing /home/airflow/.local/lib/python3.12/site-packages/airflow/example_dags/tutorial_dag.py took 0.064 seconds
[2024-12-23T20:04:59.375+0000] {processor.py:186} INFO - Started process (PID=2053) to work on /home/airflow/.local/lib/python3.12/site-packages/airflow/example_dags/tutorial_dag.py
[2024-12-23T20:04:59.377+0000] {processor.py:914} INFO - Processing file /home/airflow/.local/lib/python3.12/site-packages/airflow/example_dags/tutorial_dag.py for tasks to queue
[2024-12-23T20:04:59.380+0000] {logging_mixin.py:190} INFO - [2024-12-23T20:04:59.380+0000] {dagbag.py:588} INFO - Filling up the DagBag from /home/airflow/.local/lib/python3.12/site-packages/airflow/example_dags/tutorial_dag.py
[2024-12-23T20:04:59.391+0000] {processor.py:925} INFO - DAG(s) 'tutorial_dag' retrieved from /home/airflow/.local/lib/python3.12/site-packages/airflow/example_dags/tutorial_dag.py
[2024-12-23T20:04:59.430+0000] {logging_mixin.py:190} INFO - [2024-12-23T20:04:59.421+0000] {dag.py:3239} INFO - Sync 1 DAGs
[2024-12-23T20:04:59.455+0000] {logging_mixin.py:190} INFO - [2024-12-23T20:04:59.455+0000] {dag.py:4180} INFO - Setting next_dagrun for tutorial_dag to None, run_after=None
[2024-12-23T20:04:59.499+0000] {processor.py:208} INFO - Processing /home/airflow/.local/lib/python3.12/site-packages/airflow/example_dags/tutorial_dag.py took 0.132 seconds
[2024-12-23T20:05:30.373+0000] {processor.py:186} INFO - Started process (PID=2116) to work on /home/airflow/.local/lib/python3.12/site-packages/airflow/example_dags/tutorial_dag.py
[2024-12-23T20:05:30.374+0000] {processor.py:914} INFO - Processing file /home/airflow/.local/lib/python3.12/site-packages/airflow/example_dags/tutorial_dag.py for tasks to queue
[2024-12-23T20:05:30.376+0000] {logging_mixin.py:190} INFO - [2024-12-23T20:05:30.376+0000] {dagbag.py:588} INFO - Filling up the DagBag from /home/airflow/.local/lib/python3.12/site-packages/airflow/example_dags/tutorial_dag.py
[2024-12-23T20:05:30.383+0000] {processor.py:925} INFO - DAG(s) 'tutorial_dag' retrieved from /home/airflow/.local/lib/python3.12/site-packages/airflow/example_dags/tutorial_dag.py
[2024-12-23T20:05:30.400+0000] {logging_mixin.py:190} INFO - [2024-12-23T20:05:30.400+0000] {dag.py:3239} INFO - Sync 1 DAGs
[2024-12-23T20:05:30.414+0000] {logging_mixin.py:190} INFO - [2024-12-23T20:05:30.414+0000] {dag.py:4180} INFO - Setting next_dagrun for tutorial_dag to None, run_after=None
[2024-12-23T20:05:30.432+0000] {processor.py:208} INFO - Processing /home/airflow/.local/lib/python3.12/site-packages/airflow/example_dags/tutorial_dag.py took 0.064 seconds
[2024-12-23T20:06:01.161+0000] {processor.py:186} INFO - Started process (PID=2179) to work on /home/airflow/.local/lib/python3.12/site-packages/airflow/example_dags/tutorial_dag.py
[2024-12-23T20:06:01.163+0000] {processor.py:914} INFO - Processing file /home/airflow/.local/lib/python3.12/site-packages/airflow/example_dags/tutorial_dag.py for tasks to queue
[2024-12-23T20:06:01.166+0000] {logging_mixin.py:190} INFO - [2024-12-23T20:06:01.165+0000] {dagbag.py:588} INFO - Filling up the DagBag from /home/airflow/.local/lib/python3.12/site-packages/airflow/example_dags/tutorial_dag.py
[2024-12-23T20:06:01.174+0000] {processor.py:925} INFO - DAG(s) 'tutorial_dag' retrieved from /home/airflow/.local/lib/python3.12/site-packages/airflow/example_dags/tutorial_dag.py
[2024-12-23T20:06:01.194+0000] {logging_mixin.py:190} INFO - [2024-12-23T20:06:01.193+0000] {dag.py:3239} INFO - Sync 1 DAGs
[2024-12-23T20:06:01.208+0000] {logging_mixin.py:190} INFO - [2024-12-23T20:06:01.207+0000] {dag.py:4180} INFO - Setting next_dagrun for tutorial_dag to None, run_after=None
[2024-12-23T20:06:01.224+0000] {processor.py:208} INFO - Processing /home/airflow/.local/lib/python3.12/site-packages/airflow/example_dags/tutorial_dag.py took 0.069 seconds
[2024-12-23T20:06:32.866+0000] {processor.py:186} INFO - Started process (PID=2242) to work on /home/airflow/.local/lib/python3.12/site-packages/airflow/example_dags/tutorial_dag.py
[2024-12-23T20:06:32.868+0000] {processor.py:914} INFO - Processing file /home/airflow/.local/lib/python3.12/site-packages/airflow/example_dags/tutorial_dag.py for tasks to queue
[2024-12-23T20:06:32.872+0000] {logging_mixin.py:190} INFO - [2024-12-23T20:06:32.871+0000] {dagbag.py:588} INFO - Filling up the DagBag from /home/airflow/.local/lib/python3.12/site-packages/airflow/example_dags/tutorial_dag.py
[2024-12-23T20:06:32.883+0000] {processor.py:925} INFO - DAG(s) 'tutorial_dag' retrieved from /home/airflow/.local/lib/python3.12/site-packages/airflow/example_dags/tutorial_dag.py
[2024-12-23T20:06:32.908+0000] {logging_mixin.py:190} INFO - [2024-12-23T20:06:32.907+0000] {dag.py:3239} INFO - Sync 1 DAGs
[2024-12-23T20:06:32.931+0000] {logging_mixin.py:190} INFO - [2024-12-23T20:06:32.931+0000] {dag.py:4180} INFO - Setting next_dagrun for tutorial_dag to None, run_after=None
[2024-12-23T20:06:32.956+0000] {processor.py:208} INFO - Processing /home/airflow/.local/lib/python3.12/site-packages/airflow/example_dags/tutorial_dag.py took 0.097 seconds
[2024-12-23T20:07:03.288+0000] {processor.py:186} INFO - Started process (PID=2305) to work on /home/airflow/.local/lib/python3.12/site-packages/airflow/example_dags/tutorial_dag.py
[2024-12-23T20:07:03.289+0000] {processor.py:914} INFO - Processing file /home/airflow/.local/lib/python3.12/site-packages/airflow/example_dags/tutorial_dag.py for tasks to queue
[2024-12-23T20:07:03.292+0000] {logging_mixin.py:190} INFO - [2024-12-23T20:07:03.291+0000] {dagbag.py:588} INFO - Filling up the DagBag from /home/airflow/.local/lib/python3.12/site-packages/airflow/example_dags/tutorial_dag.py
[2024-12-23T20:07:03.298+0000] {processor.py:925} INFO - DAG(s) 'tutorial_dag' retrieved from /home/airflow/.local/lib/python3.12/site-packages/airflow/example_dags/tutorial_dag.py
[2024-12-23T20:07:03.316+0000] {logging_mixin.py:190} INFO - [2024-12-23T20:07:03.315+0000] {dag.py:3239} INFO - Sync 1 DAGs
[2024-12-23T20:07:03.328+0000] {logging_mixin.py:190} INFO - [2024-12-23T20:07:03.328+0000] {dag.py:4180} INFO - Setting next_dagrun for tutorial_dag to None, run_after=None
[2024-12-23T20:07:03.344+0000] {processor.py:208} INFO - Processing /home/airflow/.local/lib/python3.12/site-packages/airflow/example_dags/tutorial_dag.py took 0.062 seconds
[2024-12-23T20:07:40.097+0000] {processor.py:186} INFO - Started process (PID=2369) to work on /home/airflow/.local/lib/python3.12/site-packages/airflow/example_dags/tutorial_dag.py
[2024-12-23T20:07:40.099+0000] {processor.py:914} INFO - Processing file /home/airflow/.local/lib/python3.12/site-packages/airflow/example_dags/tutorial_dag.py for tasks to queue
[2024-12-23T20:07:40.105+0000] {logging_mixin.py:190} INFO - [2024-12-23T20:07:40.104+0000] {dagbag.py:588} INFO - Filling up the DagBag from /home/airflow/.local/lib/python3.12/site-packages/airflow/example_dags/tutorial_dag.py
[2024-12-23T20:07:40.119+0000] {processor.py:925} INFO - DAG(s) 'tutorial_dag' retrieved from /home/airflow/.local/lib/python3.12/site-packages/airflow/example_dags/tutorial_dag.py
[2024-12-23T20:07:40.161+0000] {logging_mixin.py:190} INFO - [2024-12-23T20:07:40.160+0000] {dag.py:3239} INFO - Sync 1 DAGs
[2024-12-23T20:07:40.194+0000] {logging_mixin.py:190} INFO - [2024-12-23T20:07:40.194+0000] {dag.py:4180} INFO - Setting next_dagrun for tutorial_dag to None, run_after=None
[2024-12-23T20:07:40.235+0000] {processor.py:208} INFO - Processing /home/airflow/.local/lib/python3.12/site-packages/airflow/example_dags/tutorial_dag.py took 0.150 seconds
[2024-12-23T20:17:54.809+0000] {processor.py:186} INFO - Started process (PID=85) to work on /home/airflow/.local/lib/python3.12/site-packages/airflow/example_dags/tutorial_dag.py
[2024-12-23T20:17:54.811+0000] {processor.py:914} INFO - Processing file /home/airflow/.local/lib/python3.12/site-packages/airflow/example_dags/tutorial_dag.py for tasks to queue
[2024-12-23T20:17:54.813+0000] {logging_mixin.py:190} INFO - [2024-12-23T20:17:54.813+0000] {dagbag.py:588} INFO - Filling up the DagBag from /home/airflow/.local/lib/python3.12/site-packages/airflow/example_dags/tutorial_dag.py
[2024-12-23T20:17:54.824+0000] {processor.py:925} INFO - DAG(s) 'tutorial_dag' retrieved from /home/airflow/.local/lib/python3.12/site-packages/airflow/example_dags/tutorial_dag.py
[2024-12-23T20:17:54.844+0000] {logging_mixin.py:190} INFO - [2024-12-23T20:17:54.844+0000] {dag.py:3239} INFO - Sync 1 DAGs
[2024-12-23T20:17:54.861+0000] {logging_mixin.py:190} INFO - [2024-12-23T20:17:54.860+0000] {dag.py:4180} INFO - Setting next_dagrun for tutorial_dag to None, run_after=None
[2024-12-23T20:17:54.883+0000] {processor.py:208} INFO - Processing /home/airflow/.local/lib/python3.12/site-packages/airflow/example_dags/tutorial_dag.py took 0.081 seconds
[2024-12-23T20:18:25.670+0000] {processor.py:186} INFO - Started process (PID=148) to work on /home/airflow/.local/lib/python3.12/site-packages/airflow/example_dags/tutorial_dag.py
[2024-12-23T20:18:25.672+0000] {processor.py:914} INFO - Processing file /home/airflow/.local/lib/python3.12/site-packages/airflow/example_dags/tutorial_dag.py for tasks to queue
[2024-12-23T20:18:25.675+0000] {logging_mixin.py:190} INFO - [2024-12-23T20:18:25.675+0000] {dagbag.py:588} INFO - Filling up the DagBag from /home/airflow/.local/lib/python3.12/site-packages/airflow/example_dags/tutorial_dag.py
[2024-12-23T20:18:25.684+0000] {processor.py:925} INFO - DAG(s) 'tutorial_dag' retrieved from /home/airflow/.local/lib/python3.12/site-packages/airflow/example_dags/tutorial_dag.py
[2024-12-23T20:18:25.712+0000] {logging_mixin.py:190} INFO - [2024-12-23T20:18:25.711+0000] {dag.py:3239} INFO - Sync 1 DAGs
[2024-12-23T20:18:25.730+0000] {logging_mixin.py:190} INFO - [2024-12-23T20:18:25.729+0000] {dag.py:4180} INFO - Setting next_dagrun for tutorial_dag to None, run_after=None
[2024-12-23T20:18:25.754+0000] {processor.py:208} INFO - Processing /home/airflow/.local/lib/python3.12/site-packages/airflow/example_dags/tutorial_dag.py took 0.093 seconds
[2024-12-23T20:18:57.219+0000] {processor.py:186} INFO - Started process (PID=211) to work on /home/airflow/.local/lib/python3.12/site-packages/airflow/example_dags/tutorial_dag.py
[2024-12-23T20:18:57.221+0000] {processor.py:914} INFO - Processing file /home/airflow/.local/lib/python3.12/site-packages/airflow/example_dags/tutorial_dag.py for tasks to queue
[2024-12-23T20:18:57.224+0000] {logging_mixin.py:190} INFO - [2024-12-23T20:18:57.224+0000] {dagbag.py:588} INFO - Filling up the DagBag from /home/airflow/.local/lib/python3.12/site-packages/airflow/example_dags/tutorial_dag.py
[2024-12-23T20:18:57.236+0000] {processor.py:925} INFO - DAG(s) 'tutorial_dag' retrieved from /home/airflow/.local/lib/python3.12/site-packages/airflow/example_dags/tutorial_dag.py
[2024-12-23T20:18:57.271+0000] {logging_mixin.py:190} INFO - [2024-12-23T20:18:57.270+0000] {dag.py:3239} INFO - Sync 1 DAGs
[2024-12-23T20:18:57.319+0000] {logging_mixin.py:190} INFO - [2024-12-23T20:18:57.318+0000] {dag.py:4180} INFO - Setting next_dagrun for tutorial_dag to None, run_after=None
[2024-12-23T20:18:57.482+0000] {processor.py:208} INFO - Processing /home/airflow/.local/lib/python3.12/site-packages/airflow/example_dags/tutorial_dag.py took 0.271 seconds
[2024-12-23T20:19:28.477+0000] {processor.py:186} INFO - Started process (PID=274) to work on /home/airflow/.local/lib/python3.12/site-packages/airflow/example_dags/tutorial_dag.py
[2024-12-23T20:19:28.489+0000] {processor.py:914} INFO - Processing file /home/airflow/.local/lib/python3.12/site-packages/airflow/example_dags/tutorial_dag.py for tasks to queue
[2024-12-23T20:19:28.492+0000] {logging_mixin.py:190} INFO - [2024-12-23T20:19:28.492+0000] {dagbag.py:588} INFO - Filling up the DagBag from /home/airflow/.local/lib/python3.12/site-packages/airflow/example_dags/tutorial_dag.py
[2024-12-23T20:19:28.500+0000] {processor.py:925} INFO - DAG(s) 'tutorial_dag' retrieved from /home/airflow/.local/lib/python3.12/site-packages/airflow/example_dags/tutorial_dag.py
[2024-12-23T20:19:28.524+0000] {logging_mixin.py:190} INFO - [2024-12-23T20:19:28.524+0000] {dag.py:3239} INFO - Sync 1 DAGs
[2024-12-23T20:19:28.538+0000] {logging_mixin.py:190} INFO - [2024-12-23T20:19:28.537+0000] {dag.py:4180} INFO - Setting next_dagrun for tutorial_dag to None, run_after=None
[2024-12-23T20:19:28.571+0000] {processor.py:208} INFO - Processing /home/airflow/.local/lib/python3.12/site-packages/airflow/example_dags/tutorial_dag.py took 0.099 seconds
[2024-12-23T20:20:01.977+0000] {processor.py:186} INFO - Started process (PID=336) to work on /home/airflow/.local/lib/python3.12/site-packages/airflow/example_dags/tutorial_dag.py
[2024-12-23T20:20:01.998+0000] {processor.py:914} INFO - Processing file /home/airflow/.local/lib/python3.12/site-packages/airflow/example_dags/tutorial_dag.py for tasks to queue
[2024-12-23T20:20:02.001+0000] {logging_mixin.py:190} INFO - [2024-12-23T20:20:02.000+0000] {dagbag.py:588} INFO - Filling up the DagBag from /home/airflow/.local/lib/python3.12/site-packages/airflow/example_dags/tutorial_dag.py
[2024-12-23T20:20:02.009+0000] {processor.py:925} INFO - DAG(s) 'tutorial_dag' retrieved from /home/airflow/.local/lib/python3.12/site-packages/airflow/example_dags/tutorial_dag.py
[2024-12-23T20:20:02.116+0000] {logging_mixin.py:190} INFO - [2024-12-23T20:20:02.116+0000] {dag.py:3239} INFO - Sync 1 DAGs
[2024-12-23T20:20:02.129+0000] {logging_mixin.py:190} INFO - [2024-12-23T20:20:02.128+0000] {dag.py:4180} INFO - Setting next_dagrun for tutorial_dag to None, run_after=None
[2024-12-23T20:20:02.165+0000] {processor.py:208} INFO - Processing /home/airflow/.local/lib/python3.12/site-packages/airflow/example_dags/tutorial_dag.py took 0.194 seconds
[2024-12-23T20:20:56.898+0000] {processor.py:186} INFO - Started process (PID=406) to work on /home/airflow/.local/lib/python3.12/site-packages/airflow/example_dags/tutorial_dag.py
[2024-12-23T20:20:56.902+0000] {processor.py:914} INFO - Processing file /home/airflow/.local/lib/python3.12/site-packages/airflow/example_dags/tutorial_dag.py for tasks to queue
[2024-12-23T20:20:56.907+0000] {logging_mixin.py:190} INFO - [2024-12-23T20:20:56.906+0000] {dagbag.py:588} INFO - Filling up the DagBag from /home/airflow/.local/lib/python3.12/site-packages/airflow/example_dags/tutorial_dag.py
[2024-12-23T20:20:56.927+0000] {processor.py:925} INFO - DAG(s) 'tutorial_dag' retrieved from /home/airflow/.local/lib/python3.12/site-packages/airflow/example_dags/tutorial_dag.py
[2024-12-23T20:20:56.995+0000] {logging_mixin.py:190} INFO - [2024-12-23T20:20:56.995+0000] {dag.py:3239} INFO - Sync 1 DAGs
[2024-12-23T20:20:57.041+0000] {logging_mixin.py:190} INFO - [2024-12-23T20:20:57.040+0000] {dag.py:4180} INFO - Setting next_dagrun for tutorial_dag to None, run_after=None
[2024-12-23T20:20:57.096+0000] {processor.py:208} INFO - Processing /home/airflow/.local/lib/python3.12/site-packages/airflow/example_dags/tutorial_dag.py took 0.211 seconds
