[2024-12-29T13:49:14.449+0000] {local_task_job_runner.py:123} INFO - ::group::Pre task execution logs
[2024-12-29T13:49:14.466+0000] {taskinstance.py:2613} INFO - Dependencies all met for dep_context=non-requeueable deps ti=<TaskInstance: stock_price_monitor_v1.prepare_email_content manual__2024-12-29T13:49:09.037756+00:00 [queued]>
[2024-12-29T13:49:14.477+0000] {taskinstance.py:2613} INFO - Dependencies all met for dep_context=requeueable deps ti=<TaskInstance: stock_price_monitor_v1.prepare_email_content manual__2024-12-29T13:49:09.037756+00:00 [queued]>
[2024-12-29T13:49:14.478+0000] {taskinstance.py:2866} INFO - Starting attempt 1 of 2
[2024-12-29T13:49:14.489+0000] {taskinstance.py:2889} INFO - Executing <Task(PythonOperator): prepare_email_content> on 2024-12-29 13:49:09.037756+00:00
[2024-12-29T13:49:14.496+0000] {standard_task_runner.py:72} INFO - Started process 12269 to run task
[2024-12-29T13:49:14.499+0000] {standard_task_runner.py:104} INFO - Running: ['***', 'tasks', 'run', 'stock_price_monitor_v1', 'prepare_email_content', 'manual__2024-12-29T13:49:09.037756+00:00', '--job-id', '1118', '--raw', '--subdir', 'DAGS_FOLDER/email_generation.py', '--cfg-path', '/tmp/tmp4eq31qet']
[2024-12-29T13:49:14.500+0000] {standard_task_runner.py:105} INFO - Job 1118: Subtask prepare_email_content
[2024-12-29T13:49:14.539+0000] {task_command.py:467} INFO - Running <TaskInstance: stock_price_monitor_v1.prepare_email_content manual__2024-12-29T13:49:09.037756+00:00 [running]> on host 95d98a98d27d
[2024-12-29T13:49:14.603+0000] {taskinstance.py:3132} INFO - Exporting env vars: AIRFLOW_CTX_DAG_OWNER='haziq' AIRFLOW_CTX_DAG_ID='stock_price_monitor_v1' AIRFLOW_CTX_TASK_ID='prepare_email_content' AIRFLOW_CTX_EXECUTION_DATE='2024-12-29T13:49:09.037756+00:00' AIRFLOW_CTX_TRY_NUMBER='1' AIRFLOW_CTX_DAG_RUN_ID='manual__2024-12-29T13:49:09.037756+00:00'
[2024-12-29T13:49:14.605+0000] {logging_mixin.py:190} INFO - Task instance is in running state
[2024-12-29T13:49:14.606+0000] {logging_mixin.py:190} INFO -  Previous state of the Task instance: queued
[2024-12-29T13:49:14.607+0000] {logging_mixin.py:190} INFO - Current task name:prepare_email_content state:running start_date:2024-12-29 13:49:14.467721+00:00
[2024-12-29T13:49:14.608+0000] {logging_mixin.py:190} INFO - Dag name:stock_price_monitor_v1 and current dag run status:running
[2024-12-29T13:49:14.609+0000] {taskinstance.py:731} INFO - ::endgroup::
[2024-12-29T13:49:14.624+0000] {python.py:240} INFO - Done. Returned value was: 
    <h2>Stock Price Alert</h2>
    <p>This is an automated alert for your stock price monitoring.</p>
    
    <ul>
        <li>Ticker: AAPL</li>
        <li>Current Price: $255.59</li>
        <li>Threshold Price: $150.0</li>
    </ul>
    
    <p>The stock price has fallen below your set threshold.</p>
    <p>Please review and take necessary action.</p>
    
    <small>This is an automated message from your Airflow DAG.</small>
    
[2024-12-29T13:49:14.651+0000] {taskinstance.py:340} INFO - ::group::Post task execution logs
[2024-12-29T13:49:14.653+0000] {taskinstance.py:352} INFO - Marking task as SUCCESS. dag_id=stock_price_monitor_v1, task_id=prepare_email_content, run_id=manual__2024-12-29T13:49:09.037756+00:00, execution_date=20241229T134909, start_date=20241229T134914, end_date=20241229T134914
[2024-12-29T13:49:14.665+0000] {logging_mixin.py:190} INFO - Task instance in success state
[2024-12-29T13:49:14.667+0000] {logging_mixin.py:190} INFO -  Previous state of the Task instance: running
[2024-12-29T13:49:14.669+0000] {logging_mixin.py:190} INFO - Dag name:stock_price_monitor_v1 queued_at:2024-12-29 13:49:09.051712+00:00
[2024-12-29T13:49:14.670+0000] {logging_mixin.py:190} INFO - Task hostname:95d98a98d27d operator:PythonOperator
[2024-12-29T13:49:14.712+0000] {local_task_job_runner.py:266} INFO - Task exited with return code 0
[2024-12-29T13:49:14.735+0000] {taskinstance.py:3895} INFO - 1 downstream tasks scheduled from follow-on schedule check
[2024-12-29T13:49:14.739+0000] {local_task_job_runner.py:245} INFO - ::endgroup::
