[2025-01-03T18:53:44.703+0000] {local_task_job_runner.py:123} INFO - ::group::Pre task execution logs
[2025-01-03T18:53:44.718+0000] {taskinstance.py:2613} INFO - Dependencies all met for dep_context=non-requeueable deps ti=<TaskInstance: L30d_pipeline.L30d_pipeline scheduled__2025-01-02T04:00:00+00:00 [queued]>
[2025-01-03T18:53:44.728+0000] {taskinstance.py:2613} INFO - Dependencies all met for dep_context=requeueable deps ti=<TaskInstance: L30d_pipeline.L30d_pipeline scheduled__2025-01-02T04:00:00+00:00 [queued]>
[2025-01-03T18:53:44.729+0000] {taskinstance.py:2866} INFO - Starting attempt 2 of 2
[2025-01-03T18:53:44.741+0000] {taskinstance.py:2889} INFO - Executing <Task(PythonOperator): L30d_pipeline> on 2025-01-02 04:00:00+00:00
[2025-01-03T18:53:44.748+0000] {standard_task_runner.py:72} INFO - Started process 1883 to run task
[2025-01-03T18:53:44.752+0000] {standard_task_runner.py:104} INFO - Running: ['***', 'tasks', 'run', 'L30d_pipeline', 'L30d_pipeline', 'scheduled__2025-01-02T04:00:00+00:00', '--job-id', '1920', '--raw', '--subdir', 'DAGS_FOLDER/L30_ingestion.py', '--cfg-path', '/tmp/tmp7zp_3o4h']
[2025-01-03T18:53:44.754+0000] {standard_task_runner.py:105} INFO - Job 1920: Subtask L30d_pipeline
[2025-01-03T18:53:44.804+0000] {task_command.py:467} INFO - Running <TaskInstance: L30d_pipeline.L30d_pipeline scheduled__2025-01-02T04:00:00+00:00 [running]> on host 95d98a98d27d
[2025-01-03T18:53:44.874+0000] {taskinstance.py:3132} INFO - Exporting env vars: AIRFLOW_CTX_DAG_OWNER='haziq' AIRFLOW_CTX_DAG_ID='L30d_pipeline' AIRFLOW_CTX_TASK_ID='L30d_pipeline' AIRFLOW_CTX_EXECUTION_DATE='2025-01-02T04:00:00+00:00' AIRFLOW_CTX_TRY_NUMBER='2' AIRFLOW_CTX_DAG_RUN_ID='scheduled__2025-01-02T04:00:00+00:00'
[2025-01-03T18:53:44.878+0000] {logging_mixin.py:190} INFO - Task instance is in running state
[2025-01-03T18:53:44.879+0000] {logging_mixin.py:190} INFO -  Previous state of the Task instance: queued
[2025-01-03T18:53:44.880+0000] {logging_mixin.py:190} INFO - Current task name:L30d_pipeline state:running start_date:2025-01-03 18:53:44.720016+00:00
[2025-01-03T18:53:44.881+0000] {logging_mixin.py:190} INFO - Dag name:L30d_pipeline and current dag run status:running
[2025-01-03T18:53:44.882+0000] {taskinstance.py:731} INFO - ::endgroup::
[2025-01-03T18:53:48.607+0000] {conn.py:1527} WARNING - DNS lookup failed for kafka:29092, exception was [Errno -2] Name or service not known. Is your advertised.listeners (called advertised.host.name before Kafka 9) correct and resolvable?
[2025-01-03T18:53:48.609+0000] {conn.py:315} ERROR - DNS lookup failed for kafka:29092 (0)
[2025-01-03T18:53:48.610+0000] {conn.py:1205} INFO - Probing node bootstrap-0 broker version
[2025-01-03T18:53:52.311+0000] {conn.py:1527} WARNING - DNS lookup failed for kafka:29092, exception was [Errno -2] Name or service not known. Is your advertised.listeners (called advertised.host.name before Kafka 9) correct and resolvable?
[2025-01-03T18:53:52.313+0000] {conn.py:315} ERROR - DNS lookup failed for kafka:29092 (0)
[2025-01-03T18:53:52.315+0000] {data_ingestion.py:78} ERROR - Couldn't create producer: NoBrokersAvailable
[2025-01-03T18:53:56.020+0000] {conn.py:1527} WARNING - DNS lookup failed for kafka:29092, exception was [Errno -2] Name or service not known. Is your advertised.listeners (called advertised.host.name before Kafka 9) correct and resolvable?
[2025-01-03T18:53:56.022+0000] {conn.py:315} ERROR - DNS lookup failed for kafka:29092 (0)
[2025-01-03T18:53:56.024+0000] {conn.py:1205} INFO - Probing node bootstrap-0 broker version
[2025-01-03T18:53:59.748+0000] {conn.py:1527} WARNING - DNS lookup failed for kafka:29092, exception was [Errno -2] Name or service not known. Is your advertised.listeners (called advertised.host.name before Kafka 9) correct and resolvable?
[2025-01-03T18:53:59.750+0000] {conn.py:315} ERROR - DNS lookup failed for kafka:29092 (0)
[2025-01-03T18:53:59.752+0000] {taskinstance.py:3311} ERROR - Task failed with exception
Traceback (most recent call last):
  File "/home/airflow/.local/lib/python3.10/site-packages/airflow/models/taskinstance.py", line 767, in _execute_task
    result = _execute_callable(context=context, **execute_callable_kwargs)
  File "/home/airflow/.local/lib/python3.10/site-packages/airflow/models/taskinstance.py", line 733, in _execute_callable
    return ExecutionCallableRunner(
  File "/home/airflow/.local/lib/python3.10/site-packages/airflow/utils/operator_helpers.py", line 252, in run
    return self.func(*args, **kwargs)
  File "/home/airflow/.local/lib/python3.10/site-packages/airflow/models/baseoperator.py", line 417, in wrapper
    return func(self, *args, **kwargs)
  File "/home/airflow/.local/lib/python3.10/site-packages/airflow/operators/python.py", line 238, in execute
    return_value = self.execute_callable()
  File "/home/airflow/.local/lib/python3.10/site-packages/airflow/operators/python.py", line 256, in execute_callable
    return runner.run(*self.op_args, **self.op_kwargs)
  File "/home/airflow/.local/lib/python3.10/site-packages/airflow/utils/operator_helpers.py", line 252, in run
    return self.func(*args, **kwargs)
  File "/opt/airflow/pipeline/pipeline.py", line 9, in l30d_pipeline
    data_ingestion_l30d(topic_name, ticker)
  File "/opt/airflow/etl/data_ingestion.py", line 142, in data_ingestion_l30d
    topic = topic_creation(topic_name)
  File "/opt/airflow/etl/data_ingestion.py", line 84, in topic_creation
    admin_client = KafkaAdminClient(
  File "/home/airflow/.local/lib/python3.10/site-packages/kafka/admin/client.py", line 208, in __init__
    self._client = KafkaClient(metrics=self._metrics,
  File "/home/airflow/.local/lib/python3.10/site-packages/kafka/client_async.py", line 244, in __init__
    self.config['api_version'] = self.check_version(timeout=check_timeout)
  File "/home/airflow/.local/lib/python3.10/site-packages/kafka/client_async.py", line 927, in check_version
    raise Errors.NoBrokersAvailable()
kafka.errors.NoBrokersAvailable: NoBrokersAvailable
[2025-01-03T18:53:59.767+0000] {logging_mixin.py:190} INFO - Task instance in failure state
[2025-01-03T18:53:59.768+0000] {logging_mixin.py:190} INFO - Task start:2025-01-03 18:53:44.720016+00:00 end:2025-01-03 18:53:59.766585+00:00 duration:15.046569
[2025-01-03T18:53:59.769+0000] {logging_mixin.py:190} INFO - Task:<Task(PythonOperator): L30d_pipeline> dag:<DAG: L30d_pipeline> dagrun:<DagRun L30d_pipeline @ 2025-01-02 04:00:00+00:00: scheduled__2025-01-02T04:00:00+00:00, state:running, queued_at: 2025-01-03 18:47:55.459731+00:00. externally triggered: False>
[2025-01-03T18:53:59.770+0000] {logging_mixin.py:190} INFO - Failure caused by NoBrokersAvailable
[2025-01-03T18:53:59.771+0000] {taskinstance.py:1225} INFO - Marking task as FAILED. dag_id=L30d_pipeline, task_id=L30d_pipeline, run_id=scheduled__2025-01-02T04:00:00+00:00, execution_date=20250102T040000, start_date=20250103T185344, end_date=20250103T185359
[2025-01-03T18:53:59.786+0000] {taskinstance.py:340} INFO - ::group::Post task execution logs
[2025-01-03T18:53:59.788+0000] {standard_task_runner.py:124} ERROR - Failed to execute job 1920 for task L30d_pipeline (NoBrokersAvailable; 1883)
Traceback (most recent call last):
  File "/home/airflow/.local/lib/python3.10/site-packages/airflow/task/task_runner/standard_task_runner.py", line 117, in _start_by_fork
    ret = args.func(args, dag=self.dag)
  File "/home/airflow/.local/lib/python3.10/site-packages/airflow/cli/cli_config.py", line 49, in command
    return func(*args, **kwargs)
  File "/home/airflow/.local/lib/python3.10/site-packages/airflow/utils/cli.py", line 116, in wrapper
    return f(*args, **kwargs)
  File "/home/airflow/.local/lib/python3.10/site-packages/airflow/cli/commands/task_command.py", line 483, in task_run
    task_return_code = _run_task_by_selected_method(args, _dag, ti)
  File "/home/airflow/.local/lib/python3.10/site-packages/airflow/cli/commands/task_command.py", line 256, in _run_task_by_selected_method
    return _run_raw_task(args, ti)
  File "/home/airflow/.local/lib/python3.10/site-packages/airflow/cli/commands/task_command.py", line 341, in _run_raw_task
    return ti._run_raw_task(
  File "/home/airflow/.local/lib/python3.10/site-packages/airflow/utils/session.py", line 97, in wrapper
    return func(*args, session=session, **kwargs)
  File "/home/airflow/.local/lib/python3.10/site-packages/airflow/models/taskinstance.py", line 3005, in _run_raw_task
    return _run_raw_task(
  File "/home/airflow/.local/lib/python3.10/site-packages/airflow/models/taskinstance.py", line 273, in _run_raw_task
    TaskInstance._execute_task_with_callbacks(
  File "/home/airflow/.local/lib/python3.10/site-packages/airflow/models/taskinstance.py", line 3159, in _execute_task_with_callbacks
    result = self._execute_task(context, task_orig)
  File "/home/airflow/.local/lib/python3.10/site-packages/airflow/models/taskinstance.py", line 3183, in _execute_task
    return _execute_task(self, context, task_orig)
  File "/home/airflow/.local/lib/python3.10/site-packages/airflow/models/taskinstance.py", line 767, in _execute_task
    result = _execute_callable(context=context, **execute_callable_kwargs)
  File "/home/airflow/.local/lib/python3.10/site-packages/airflow/models/taskinstance.py", line 733, in _execute_callable
    return ExecutionCallableRunner(
  File "/home/airflow/.local/lib/python3.10/site-packages/airflow/utils/operator_helpers.py", line 252, in run
    return self.func(*args, **kwargs)
  File "/home/airflow/.local/lib/python3.10/site-packages/airflow/models/baseoperator.py", line 417, in wrapper
    return func(self, *args, **kwargs)
  File "/home/airflow/.local/lib/python3.10/site-packages/airflow/operators/python.py", line 238, in execute
    return_value = self.execute_callable()
  File "/home/airflow/.local/lib/python3.10/site-packages/airflow/operators/python.py", line 256, in execute_callable
    return runner.run(*self.op_args, **self.op_kwargs)
  File "/home/airflow/.local/lib/python3.10/site-packages/airflow/utils/operator_helpers.py", line 252, in run
    return self.func(*args, **kwargs)
  File "/opt/airflow/pipeline/pipeline.py", line 9, in l30d_pipeline
    data_ingestion_l30d(topic_name, ticker)
  File "/opt/airflow/etl/data_ingestion.py", line 142, in data_ingestion_l30d
    topic = topic_creation(topic_name)
  File "/opt/airflow/etl/data_ingestion.py", line 84, in topic_creation
    admin_client = KafkaAdminClient(
  File "/home/airflow/.local/lib/python3.10/site-packages/kafka/admin/client.py", line 208, in __init__
    self._client = KafkaClient(metrics=self._metrics,
  File "/home/airflow/.local/lib/python3.10/site-packages/kafka/client_async.py", line 244, in __init__
    self.config['api_version'] = self.check_version(timeout=check_timeout)
  File "/home/airflow/.local/lib/python3.10/site-packages/kafka/client_async.py", line 927, in check_version
    raise Errors.NoBrokersAvailable()
kafka.errors.NoBrokersAvailable: NoBrokersAvailable
[2025-01-03T18:53:59.819+0000] {local_task_job_runner.py:266} INFO - Task exited with return code 1
[2025-01-03T18:53:59.840+0000] {taskinstance.py:3895} INFO - 0 downstream tasks scheduled from follow-on schedule check
[2025-01-03T18:53:59.846+0000] {local_task_job_runner.py:245} INFO - ::endgroup::
