[2025-01-01T18:19:04.488+0000] {local_task_job_runner.py:123} INFO - ::group::Pre task execution logs
[2025-01-01T18:19:04.534+0000] {taskinstance.py:2613} INFO - Dependencies all met for dep_context=non-requeueable deps ti=<TaskInstance: realtime_dump_pipeline.realtime_pipeline scheduled__2024-12-31T09:05:00+00:00 [queued]>
[2025-01-01T18:19:04.553+0000] {taskinstance.py:2613} INFO - Dependencies all met for dep_context=requeueable deps ti=<TaskInstance: realtime_dump_pipeline.realtime_pipeline scheduled__2024-12-31T09:05:00+00:00 [queued]>
[2025-01-01T18:19:04.555+0000] {taskinstance.py:2866} INFO - Starting attempt 1 of 2
[2025-01-01T18:19:04.585+0000] {taskinstance.py:2889} INFO - Executing <Task(PythonOperator): realtime_pipeline> on 2024-12-31 09:05:00+00:00
[2025-01-01T18:19:04.638+0000] {standard_task_runner.py:72} INFO - Started process 90561 to run task
[2025-01-01T18:19:04.644+0000] {standard_task_runner.py:104} INFO - Running: ['***', 'tasks', 'run', 'realtime_dump_pipeline', 'realtime_pipeline', 'scheduled__2024-12-31T09:05:00+00:00', '--job-id', '1472', '--raw', '--subdir', 'DAGS_FOLDER/realtime_data_dump.py', '--cfg-path', '/tmp/tmpc0h8a3t0']
[2025-01-01T18:19:04.647+0000] {standard_task_runner.py:105} INFO - Job 1472: Subtask realtime_pipeline
[2025-01-01T18:19:04.786+0000] {task_command.py:467} INFO - Running <TaskInstance: realtime_dump_pipeline.realtime_pipeline scheduled__2024-12-31T09:05:00+00:00 [running]> on host 95d98a98d27d
[2025-01-01T18:19:04.963+0000] {taskinstance.py:3132} INFO - Exporting env vars: AIRFLOW_CTX_DAG_OWNER='haziq' AIRFLOW_CTX_DAG_ID='realtime_dump_pipeline' AIRFLOW_CTX_TASK_ID='realtime_pipeline' AIRFLOW_CTX_EXECUTION_DATE='2024-12-31T09:05:00+00:00' AIRFLOW_CTX_TRY_NUMBER='1' AIRFLOW_CTX_DAG_RUN_ID='scheduled__2024-12-31T09:05:00+00:00'
[2025-01-01T18:19:04.968+0000] {logging_mixin.py:190} INFO - Task instance is in running state
[2025-01-01T18:19:04.971+0000] {logging_mixin.py:190} INFO -  Previous state of the Task instance: queued
[2025-01-01T18:19:04.973+0000] {logging_mixin.py:190} INFO - Current task name:realtime_pipeline state:running start_date:2025-01-01 18:19:04.538646+00:00
[2025-01-01T18:19:04.975+0000] {logging_mixin.py:190} INFO - Dag name:realtime_dump_pipeline and current dag run status:running
[2025-01-01T18:19:04.977+0000] {taskinstance.py:731} INFO - ::endgroup::
[2025-01-01T18:19:19.531+0000] {logging_mixin.py:190} INFO - <pyspark.sql.session.SparkSession object at 0x7fef305e0580>
[2025-01-01T18:19:19.535+0000] {logging_mixin.py:190} INFO - Spark session created successfully
[2025-01-01T18:19:21.963+0000] {logging_mixin.py:190} INFO - Reading from topic stock
[2025-01-01T18:19:22.655+0000] {java_gateway.py:2273} INFO - Callback Server Starting
[2025-01-01T18:19:22.661+0000] {java_gateway.py:2275} INFO - Socket listening on ('127.0.0.1', 46799)
[2025-01-01T18:19:26.666+0000] {clientserver.py:561} INFO - Python Server ready to receive messages
[2025-01-01T18:19:26.668+0000] {clientserver.py:575} INFO - Received command c on object id p0
[2025-01-01T18:19:26.675+0000] {logging_mixin.py:190} INFO - hello
[2025-01-01T18:19:41.804+0000] {job.py:229} INFO - Heartbeat recovered after 11.18 seconds
[2025-01-01T18:19:42.178+0000] {logging_mixin.py:190} INFO - Table stock_prices already exists
[2025-01-01T18:19:43.040+0000] {logging_mixin.py:190} INFO - Successfully appended 9073 rows to stock_prices
[2025-01-01T18:20:49.250+0000] {taskinstance.py:3311} ERROR - Task failed with exception
Traceback (most recent call last):
  File "/home/airflow/.local/lib/python3.10/site-packages/airflow/models/taskinstance.py", line 767, in _execute_task
    result = _execute_callable(context=context, **execute_callable_kwargs)
  File "/home/airflow/.local/lib/python3.10/site-packages/airflow/models/taskinstance.py", line 733, in _execute_callable
    return ExecutionCallableRunner(
  File "/home/airflow/.local/lib/python3.10/site-packages/airflow/utils/operator_helpers.py", line 252, in run
    return self.func(*args, **kwargs)
  File "/home/airflow/.local/lib/python3.10/site-packages/airflow/models/baseoperator.py", line 417, in wrapper
    return func(self, *args, **kwargs)
  File "/home/airflow/.local/lib/python3.10/site-packages/airflow/operators/python.py", line 238, in execute
    return_value = self.execute_callable()
  File "/home/airflow/.local/lib/python3.10/site-packages/airflow/operators/python.py", line 256, in execute_callable
    return runner.run(*self.op_args, **self.op_kwargs)
  File "/home/airflow/.local/lib/python3.10/site-packages/airflow/utils/operator_helpers.py", line 252, in run
    return self.func(*args, **kwargs)
  File "/opt/airflow/pipeline/pipeline.py", line 12, in data_dump_pipeline
    spark_streaming(topic, BROKER)
  File "/opt/airflow/etl/data_dump_v2.py", line 172, in spark_streaming
    query.awaitTermination()
  File "/opt/spark/python/pyspark/sql/streaming/query.py", line 221, in awaitTermination
    return self._jsq.awaitTermination()
  File "/home/airflow/.local/lib/python3.10/site-packages/py4j/java_gateway.py", line 1322, in __call__
    return_value = get_return_value(
  File "/opt/spark/python/pyspark/errors/exceptions/captured.py", line 185, in deco
    raise converted from None
pyspark.errors.exceptions.captured.StreamingQueryException: [STREAM_FAILED] Query [id = 53f6f4a8-c4b4-4da8-a462-91833a95e63a, runId = 8ea54e58-ecd4-45df-a015-d6077ae7d069] terminated with exception: Failed to create new KafkaAdminClient
[2025-01-01T18:20:49.329+0000] {logging_mixin.py:190} INFO - Task instance in failure state
[2025-01-01T18:20:49.331+0000] {logging_mixin.py:190} INFO - Task start:2025-01-01 18:19:04.538646+00:00 end:2025-01-01 18:20:49.328163+00:00 duration:104.789517
[2025-01-01T18:20:49.333+0000] {logging_mixin.py:190} INFO - Task:<Task(PythonOperator): realtime_pipeline> dag:<DAG: realtime_dump_pipeline> dagrun:<DagRun realtime_dump_pipeline @ 2024-12-31 09:05:00+00:00: scheduled__2024-12-31T09:05:00+00:00, state:running, queued_at: 2025-01-01 18:18:33.844659+00:00. externally triggered: False>
[2025-01-01T18:20:49.340+0000] {logging_mixin.py:190} INFO - Failure caused by [STREAM_FAILED] Query [id = 53f6f4a8-c4b4-4da8-a462-91833a95e63a, runId = 8ea54e58-ecd4-45df-a015-d6077ae7d069] terminated with exception: Failed to create new KafkaAdminClient
[2025-01-01T18:20:49.342+0000] {taskinstance.py:1225} INFO - Marking task as UP_FOR_RETRY. dag_id=realtime_dump_pipeline, task_id=realtime_pipeline, run_id=scheduled__2024-12-31T09:05:00+00:00, execution_date=20241231T090500, start_date=20250101T181904, end_date=20250101T182049
[2025-01-01T18:20:49.381+0000] {taskinstance.py:340} INFO - ::group::Post task execution logs
[2025-01-01T18:20:49.383+0000] {standard_task_runner.py:124} ERROR - Failed to execute job 1472 for task realtime_pipeline ([STREAM_FAILED] Query [id = 53f6f4a8-c4b4-4da8-a462-91833a95e63a, runId = 8ea54e58-ecd4-45df-a015-d6077ae7d069] terminated with exception: Failed to create new KafkaAdminClient; 90561)
Traceback (most recent call last):
  File "/home/airflow/.local/lib/python3.10/site-packages/airflow/task/task_runner/standard_task_runner.py", line 117, in _start_by_fork
    ret = args.func(args, dag=self.dag)
  File "/home/airflow/.local/lib/python3.10/site-packages/airflow/cli/cli_config.py", line 49, in command
    return func(*args, **kwargs)
  File "/home/airflow/.local/lib/python3.10/site-packages/airflow/utils/cli.py", line 116, in wrapper
    return f(*args, **kwargs)
  File "/home/airflow/.local/lib/python3.10/site-packages/airflow/cli/commands/task_command.py", line 483, in task_run
    task_return_code = _run_task_by_selected_method(args, _dag, ti)
  File "/home/airflow/.local/lib/python3.10/site-packages/airflow/cli/commands/task_command.py", line 256, in _run_task_by_selected_method
    return _run_raw_task(args, ti)
  File "/home/airflow/.local/lib/python3.10/site-packages/airflow/cli/commands/task_command.py", line 341, in _run_raw_task
    return ti._run_raw_task(
  File "/home/airflow/.local/lib/python3.10/site-packages/airflow/utils/session.py", line 97, in wrapper
    return func(*args, session=session, **kwargs)
  File "/home/airflow/.local/lib/python3.10/site-packages/airflow/models/taskinstance.py", line 3005, in _run_raw_task
    return _run_raw_task(
  File "/home/airflow/.local/lib/python3.10/site-packages/airflow/models/taskinstance.py", line 273, in _run_raw_task
    TaskInstance._execute_task_with_callbacks(
  File "/home/airflow/.local/lib/python3.10/site-packages/airflow/models/taskinstance.py", line 3159, in _execute_task_with_callbacks
    result = self._execute_task(context, task_orig)
  File "/home/airflow/.local/lib/python3.10/site-packages/airflow/models/taskinstance.py", line 3183, in _execute_task
    return _execute_task(self, context, task_orig)
  File "/home/airflow/.local/lib/python3.10/site-packages/airflow/models/taskinstance.py", line 767, in _execute_task
    result = _execute_callable(context=context, **execute_callable_kwargs)
  File "/home/airflow/.local/lib/python3.10/site-packages/airflow/models/taskinstance.py", line 733, in _execute_callable
    return ExecutionCallableRunner(
  File "/home/airflow/.local/lib/python3.10/site-packages/airflow/utils/operator_helpers.py", line 252, in run
    return self.func(*args, **kwargs)
  File "/home/airflow/.local/lib/python3.10/site-packages/airflow/models/baseoperator.py", line 417, in wrapper
    return func(self, *args, **kwargs)
  File "/home/airflow/.local/lib/python3.10/site-packages/airflow/operators/python.py", line 238, in execute
    return_value = self.execute_callable()
  File "/home/airflow/.local/lib/python3.10/site-packages/airflow/operators/python.py", line 256, in execute_callable
    return runner.run(*self.op_args, **self.op_kwargs)
  File "/home/airflow/.local/lib/python3.10/site-packages/airflow/utils/operator_helpers.py", line 252, in run
    return self.func(*args, **kwargs)
  File "/opt/airflow/pipeline/pipeline.py", line 12, in data_dump_pipeline
    spark_streaming(topic, BROKER)
  File "/opt/airflow/etl/data_dump_v2.py", line 172, in spark_streaming
    query.awaitTermination()
  File "/opt/spark/python/pyspark/sql/streaming/query.py", line 221, in awaitTermination
    return self._jsq.awaitTermination()
  File "/home/airflow/.local/lib/python3.10/site-packages/py4j/java_gateway.py", line 1322, in __call__
    return_value = get_return_value(
  File "/opt/spark/python/pyspark/errors/exceptions/captured.py", line 185, in deco
    raise converted from None
pyspark.errors.exceptions.captured.StreamingQueryException: [STREAM_FAILED] Query [id = 53f6f4a8-c4b4-4da8-a462-91833a95e63a, runId = 8ea54e58-ecd4-45df-a015-d6077ae7d069] terminated with exception: Failed to create new KafkaAdminClient
[2025-01-01T18:20:49.466+0000] {local_task_job_runner.py:266} INFO - Task exited with return code 1
[2025-01-01T18:20:49.668+0000] {taskinstance.py:3895} INFO - 0 downstream tasks scheduled from follow-on schedule check
[2025-01-01T18:20:49.674+0000] {local_task_job_runner.py:245} INFO - ::endgroup::
