[2024-12-29T11:37:05.907+0000] {local_task_job_runner.py:123} INFO - ::group::Pre task execution logs
[2024-12-29T11:37:05.923+0000] {taskinstance.py:2613} INFO - Dependencies all met for dep_context=non-requeueable deps ti=<TaskInstance: stock_price_monitor_v1.check_if_email_needed manual__2024-12-29T11:37:01.472864+00:00 [queued]>
[2024-12-29T11:37:05.933+0000] {taskinstance.py:2613} INFO - Dependencies all met for dep_context=requeueable deps ti=<TaskInstance: stock_price_monitor_v1.check_if_email_needed manual__2024-12-29T11:37:01.472864+00:00 [queued]>
[2024-12-29T11:37:05.934+0000] {taskinstance.py:2866} INFO - Starting attempt 1 of 2
[2024-12-29T11:37:05.947+0000] {taskinstance.py:2889} INFO - Executing <Task(ShortCircuitOperator): check_if_email_needed> on 2024-12-29 11:37:01.472864+00:00
[2024-12-29T11:37:05.953+0000] {standard_task_runner.py:72} INFO - Started process 10260 to run task
[2024-12-29T11:37:05.956+0000] {standard_task_runner.py:104} INFO - Running: ['***', 'tasks', 'run', 'stock_price_monitor_v1', 'check_if_email_needed', 'manual__2024-12-29T11:37:01.472864+00:00', '--job-id', '1062', '--raw', '--subdir', 'DAGS_FOLDER/email_generation.py', '--cfg-path', '/tmp/tmp9l00j1kj']
[2024-12-29T11:37:05.958+0000] {standard_task_runner.py:105} INFO - Job 1062: Subtask check_if_email_needed
[2024-12-29T11:37:05.999+0000] {task_command.py:467} INFO - Running <TaskInstance: stock_price_monitor_v1.check_if_email_needed manual__2024-12-29T11:37:01.472864+00:00 [running]> on host 95d98a98d27d
[2024-12-29T11:37:06.058+0000] {taskinstance.py:3132} INFO - Exporting env vars: AIRFLOW_CTX_DAG_OWNER='haziq' AIRFLOW_CTX_DAG_ID='stock_price_monitor_v1' AIRFLOW_CTX_TASK_ID='check_if_email_needed' AIRFLOW_CTX_EXECUTION_DATE='2024-12-29T11:37:01.472864+00:00' AIRFLOW_CTX_TRY_NUMBER='1' AIRFLOW_CTX_DAG_RUN_ID='manual__2024-12-29T11:37:01.472864+00:00'
[2024-12-29T11:37:06.060+0000] {logging_mixin.py:190} INFO - Task instance is in running state
[2024-12-29T11:37:06.061+0000] {logging_mixin.py:190} INFO -  Previous state of the Task instance: queued
[2024-12-29T11:37:06.062+0000] {logging_mixin.py:190} INFO - Current task name:check_if_email_needed state:running start_date:2024-12-29 11:37:05.925701+00:00
[2024-12-29T11:37:06.063+0000] {logging_mixin.py:190} INFO - Dag name:stock_price_monitor_v1 and current dag run status:running
[2024-12-29T11:37:06.064+0000] {taskinstance.py:731} INFO - ::endgroup::
[2024-12-29T11:37:06.065+0000] {baseoperator.py:416} WARNING - ShortCircuitOperator.execute cannot be called outside TaskInstance!
[2024-12-29T11:37:06.074+0000] {python.py:240} INFO - Done. Returned value was: True
[2024-12-29T11:37:06.076+0000] {python.py:309} INFO - Condition result is True
[2024-12-29T11:37:06.077+0000] {python.py:312} INFO - Proceeding with downstream tasks...
[2024-12-29T11:37:06.095+0000] {taskinstance.py:340} INFO - ::group::Post task execution logs
[2024-12-29T11:37:06.097+0000] {taskinstance.py:352} INFO - Marking task as SUCCESS. dag_id=stock_price_monitor_v1, task_id=check_if_email_needed, run_id=manual__2024-12-29T11:37:01.472864+00:00, execution_date=20241229T113701, start_date=20241229T113705, end_date=20241229T113706
[2024-12-29T11:37:06.105+0000] {logging_mixin.py:190} INFO - Task instance in success state
[2024-12-29T11:37:06.106+0000] {logging_mixin.py:190} INFO -  Previous state of the Task instance: running
[2024-12-29T11:37:06.107+0000] {logging_mixin.py:190} INFO - Dag name:stock_price_monitor_v1 queued_at:2024-12-29 11:37:01.492551+00:00
[2024-12-29T11:37:06.108+0000] {logging_mixin.py:190} INFO - Task hostname:95d98a98d27d operator:ShortCircuitOperator
[2024-12-29T11:37:06.130+0000] {local_task_job_runner.py:266} INFO - Task exited with return code 0
[2024-12-29T11:37:06.156+0000] {taskinstance.py:3895} INFO - 1 downstream tasks scheduled from follow-on schedule check
[2024-12-29T11:37:06.158+0000] {local_task_job_runner.py:245} INFO - ::endgroup::
