[2025-01-01T18:18:51.793+0000] {processor.py:186} INFO - Started process (PID=56092) to work on /home/airflow/.local/lib/python3.10/site-packages/airflow/example_dags/example_dynamic_task_mapping.py
[2025-01-01T18:18:51.795+0000] {processor.py:914} INFO - Processing file /home/airflow/.local/lib/python3.10/site-packages/airflow/example_dags/example_dynamic_task_mapping.py for tasks to queue
[2025-01-01T18:18:51.801+0000] {logging_mixin.py:190} INFO - [2025-01-01T18:18:51.799+0000] {dagbag.py:588} INFO - Filling up the DagBag from /home/airflow/.local/lib/python3.10/site-packages/airflow/example_dags/example_dynamic_task_mapping.py
[2025-01-01T18:18:51.855+0000] {processor.py:925} INFO - DAG(s) 'example_dynamic_task_mapping' retrieved from /home/airflow/.local/lib/python3.10/site-packages/airflow/example_dags/example_dynamic_task_mapping.py
[2025-01-01T18:18:51.958+0000] {logging_mixin.py:190} INFO - [2025-01-01T18:18:51.957+0000] {dag.py:3239} INFO - Sync 1 DAGs
[2025-01-01T18:18:52.045+0000] {logging_mixin.py:190} INFO - [2025-01-01T18:18:52.044+0000] {dag.py:4180} INFO - Setting next_dagrun for example_dynamic_task_mapping to None, run_after=None
[2025-01-01T18:18:52.153+0000] {processor.py:208} INFO - Processing /home/airflow/.local/lib/python3.10/site-packages/airflow/example_dags/example_dynamic_task_mapping.py took 0.375 seconds
[2025-01-01T18:19:22.663+0000] {processor.py:186} INFO - Started process (PID=56167) to work on /home/airflow/.local/lib/python3.10/site-packages/airflow/example_dags/example_dynamic_task_mapping.py
[2025-01-01T18:19:22.665+0000] {processor.py:914} INFO - Processing file /home/airflow/.local/lib/python3.10/site-packages/airflow/example_dags/example_dynamic_task_mapping.py for tasks to queue
[2025-01-01T18:19:22.670+0000] {logging_mixin.py:190} INFO - [2025-01-01T18:19:22.669+0000] {dagbag.py:588} INFO - Filling up the DagBag from /home/airflow/.local/lib/python3.10/site-packages/airflow/example_dags/example_dynamic_task_mapping.py
[2025-01-01T18:19:22.716+0000] {processor.py:925} INFO - DAG(s) 'example_dynamic_task_mapping' retrieved from /home/airflow/.local/lib/python3.10/site-packages/airflow/example_dags/example_dynamic_task_mapping.py
[2025-01-01T18:19:22.782+0000] {logging_mixin.py:190} INFO - [2025-01-01T18:19:22.780+0000] {dag.py:3239} INFO - Sync 1 DAGs
[2025-01-01T18:19:22.826+0000] {logging_mixin.py:190} INFO - [2025-01-01T18:19:22.826+0000] {dag.py:4180} INFO - Setting next_dagrun for example_dynamic_task_mapping to None, run_after=None
[2025-01-01T18:19:22.869+0000] {processor.py:208} INFO - Processing /home/airflow/.local/lib/python3.10/site-packages/airflow/example_dags/example_dynamic_task_mapping.py took 0.225 seconds
[2025-01-01T18:19:53.372+0000] {processor.py:186} INFO - Started process (PID=56234) to work on /home/airflow/.local/lib/python3.10/site-packages/airflow/example_dags/example_dynamic_task_mapping.py
[2025-01-01T18:19:53.374+0000] {processor.py:914} INFO - Processing file /home/airflow/.local/lib/python3.10/site-packages/airflow/example_dags/example_dynamic_task_mapping.py for tasks to queue
[2025-01-01T18:19:53.376+0000] {logging_mixin.py:190} INFO - [2025-01-01T18:19:53.375+0000] {dagbag.py:588} INFO - Filling up the DagBag from /home/airflow/.local/lib/python3.10/site-packages/airflow/example_dags/example_dynamic_task_mapping.py
[2025-01-01T18:19:53.386+0000] {processor.py:925} INFO - DAG(s) 'example_dynamic_task_mapping' retrieved from /home/airflow/.local/lib/python3.10/site-packages/airflow/example_dags/example_dynamic_task_mapping.py
[2025-01-01T18:19:53.405+0000] {logging_mixin.py:190} INFO - [2025-01-01T18:19:53.405+0000] {dag.py:3239} INFO - Sync 1 DAGs
[2025-01-01T18:19:53.418+0000] {logging_mixin.py:190} INFO - [2025-01-01T18:19:53.418+0000] {dag.py:4180} INFO - Setting next_dagrun for example_dynamic_task_mapping to None, run_after=None
[2025-01-01T18:19:53.435+0000] {processor.py:208} INFO - Processing /home/airflow/.local/lib/python3.10/site-packages/airflow/example_dags/example_dynamic_task_mapping.py took 0.069 seconds
[2025-01-01T18:20:23.582+0000] {processor.py:186} INFO - Started process (PID=56303) to work on /home/airflow/.local/lib/python3.10/site-packages/airflow/example_dags/example_dynamic_task_mapping.py
[2025-01-01T18:20:23.584+0000] {processor.py:914} INFO - Processing file /home/airflow/.local/lib/python3.10/site-packages/airflow/example_dags/example_dynamic_task_mapping.py for tasks to queue
[2025-01-01T18:20:23.587+0000] {logging_mixin.py:190} INFO - [2025-01-01T18:20:23.586+0000] {dagbag.py:588} INFO - Filling up the DagBag from /home/airflow/.local/lib/python3.10/site-packages/airflow/example_dags/example_dynamic_task_mapping.py
[2025-01-01T18:20:23.605+0000] {processor.py:925} INFO - DAG(s) 'example_dynamic_task_mapping' retrieved from /home/airflow/.local/lib/python3.10/site-packages/airflow/example_dags/example_dynamic_task_mapping.py
[2025-01-01T18:20:23.644+0000] {logging_mixin.py:190} INFO - [2025-01-01T18:20:23.643+0000] {dag.py:3239} INFO - Sync 1 DAGs
[2025-01-01T18:20:23.667+0000] {logging_mixin.py:190} INFO - [2025-01-01T18:20:23.667+0000] {dag.py:4180} INFO - Setting next_dagrun for example_dynamic_task_mapping to None, run_after=None
[2025-01-01T18:20:23.699+0000] {processor.py:208} INFO - Processing /home/airflow/.local/lib/python3.10/site-packages/airflow/example_dags/example_dynamic_task_mapping.py took 0.129 seconds
[2025-01-01T18:20:54.078+0000] {processor.py:186} INFO - Started process (PID=56371) to work on /home/airflow/.local/lib/python3.10/site-packages/airflow/example_dags/example_dynamic_task_mapping.py
[2025-01-01T18:20:54.080+0000] {processor.py:914} INFO - Processing file /home/airflow/.local/lib/python3.10/site-packages/airflow/example_dags/example_dynamic_task_mapping.py for tasks to queue
[2025-01-01T18:20:54.082+0000] {logging_mixin.py:190} INFO - [2025-01-01T18:20:54.081+0000] {dagbag.py:588} INFO - Filling up the DagBag from /home/airflow/.local/lib/python3.10/site-packages/airflow/example_dags/example_dynamic_task_mapping.py
[2025-01-01T18:20:54.137+0000] {processor.py:925} INFO - DAG(s) 'example_dynamic_task_mapping' retrieved from /home/airflow/.local/lib/python3.10/site-packages/airflow/example_dags/example_dynamic_task_mapping.py
[2025-01-01T18:20:54.175+0000] {logging_mixin.py:190} INFO - [2025-01-01T18:20:54.175+0000] {dag.py:3239} INFO - Sync 1 DAGs
[2025-01-01T18:20:54.207+0000] {logging_mixin.py:190} INFO - [2025-01-01T18:20:54.207+0000] {dag.py:4180} INFO - Setting next_dagrun for example_dynamic_task_mapping to None, run_after=None
[2025-01-01T18:20:54.232+0000] {processor.py:208} INFO - Processing /home/airflow/.local/lib/python3.10/site-packages/airflow/example_dags/example_dynamic_task_mapping.py took 0.162 seconds
[2025-01-01T18:21:24.594+0000] {processor.py:186} INFO - Started process (PID=56439) to work on /home/airflow/.local/lib/python3.10/site-packages/airflow/example_dags/example_dynamic_task_mapping.py
[2025-01-01T18:21:24.595+0000] {processor.py:914} INFO - Processing file /home/airflow/.local/lib/python3.10/site-packages/airflow/example_dags/example_dynamic_task_mapping.py for tasks to queue
[2025-01-01T18:21:24.596+0000] {logging_mixin.py:190} INFO - [2025-01-01T18:21:24.596+0000] {dagbag.py:588} INFO - Filling up the DagBag from /home/airflow/.local/lib/python3.10/site-packages/airflow/example_dags/example_dynamic_task_mapping.py
[2025-01-01T18:21:24.605+0000] {processor.py:925} INFO - DAG(s) 'example_dynamic_task_mapping' retrieved from /home/airflow/.local/lib/python3.10/site-packages/airflow/example_dags/example_dynamic_task_mapping.py
[2025-01-01T18:21:24.624+0000] {logging_mixin.py:190} INFO - [2025-01-01T18:21:24.624+0000] {dag.py:3239} INFO - Sync 1 DAGs
[2025-01-01T18:21:24.638+0000] {logging_mixin.py:190} INFO - [2025-01-01T18:21:24.637+0000] {dag.py:4180} INFO - Setting next_dagrun for example_dynamic_task_mapping to None, run_after=None
[2025-01-01T18:21:24.655+0000] {processor.py:208} INFO - Processing /home/airflow/.local/lib/python3.10/site-packages/airflow/example_dags/example_dynamic_task_mapping.py took 0.067 seconds
[2025-01-01T18:21:54.909+0000] {processor.py:186} INFO - Started process (PID=56507) to work on /home/airflow/.local/lib/python3.10/site-packages/airflow/example_dags/example_dynamic_task_mapping.py
[2025-01-01T18:21:54.911+0000] {processor.py:914} INFO - Processing file /home/airflow/.local/lib/python3.10/site-packages/airflow/example_dags/example_dynamic_task_mapping.py for tasks to queue
[2025-01-01T18:21:54.912+0000] {logging_mixin.py:190} INFO - [2025-01-01T18:21:54.912+0000] {dagbag.py:588} INFO - Filling up the DagBag from /home/airflow/.local/lib/python3.10/site-packages/airflow/example_dags/example_dynamic_task_mapping.py
[2025-01-01T18:21:54.921+0000] {processor.py:925} INFO - DAG(s) 'example_dynamic_task_mapping' retrieved from /home/airflow/.local/lib/python3.10/site-packages/airflow/example_dags/example_dynamic_task_mapping.py
[2025-01-01T18:21:54.942+0000] {logging_mixin.py:190} INFO - [2025-01-01T18:21:54.941+0000] {dag.py:3239} INFO - Sync 1 DAGs
[2025-01-01T18:21:54.957+0000] {logging_mixin.py:190} INFO - [2025-01-01T18:21:54.956+0000] {dag.py:4180} INFO - Setting next_dagrun for example_dynamic_task_mapping to None, run_after=None
[2025-01-01T18:21:54.981+0000] {processor.py:208} INFO - Processing /home/airflow/.local/lib/python3.10/site-packages/airflow/example_dags/example_dynamic_task_mapping.py took 0.078 seconds
[2025-01-01T18:22:25.715+0000] {processor.py:186} INFO - Started process (PID=56575) to work on /home/airflow/.local/lib/python3.10/site-packages/airflow/example_dags/example_dynamic_task_mapping.py
[2025-01-01T18:22:25.716+0000] {processor.py:914} INFO - Processing file /home/airflow/.local/lib/python3.10/site-packages/airflow/example_dags/example_dynamic_task_mapping.py for tasks to queue
[2025-01-01T18:22:25.718+0000] {logging_mixin.py:190} INFO - [2025-01-01T18:22:25.718+0000] {dagbag.py:588} INFO - Filling up the DagBag from /home/airflow/.local/lib/python3.10/site-packages/airflow/example_dags/example_dynamic_task_mapping.py
[2025-01-01T18:22:25.729+0000] {processor.py:925} INFO - DAG(s) 'example_dynamic_task_mapping' retrieved from /home/airflow/.local/lib/python3.10/site-packages/airflow/example_dags/example_dynamic_task_mapping.py
[2025-01-01T18:22:25.750+0000] {logging_mixin.py:190} INFO - [2025-01-01T18:22:25.750+0000] {dag.py:3239} INFO - Sync 1 DAGs
[2025-01-01T18:22:25.766+0000] {logging_mixin.py:190} INFO - [2025-01-01T18:22:25.766+0000] {dag.py:4180} INFO - Setting next_dagrun for example_dynamic_task_mapping to None, run_after=None
[2025-01-01T18:22:25.792+0000] {processor.py:208} INFO - Processing /home/airflow/.local/lib/python3.10/site-packages/airflow/example_dags/example_dynamic_task_mapping.py took 0.085 seconds
[2025-01-01T18:22:56.165+0000] {processor.py:186} INFO - Started process (PID=56642) to work on /home/airflow/.local/lib/python3.10/site-packages/airflow/example_dags/example_dynamic_task_mapping.py
[2025-01-01T18:22:56.166+0000] {processor.py:914} INFO - Processing file /home/airflow/.local/lib/python3.10/site-packages/airflow/example_dags/example_dynamic_task_mapping.py for tasks to queue
[2025-01-01T18:22:56.167+0000] {logging_mixin.py:190} INFO - [2025-01-01T18:22:56.167+0000] {dagbag.py:588} INFO - Filling up the DagBag from /home/airflow/.local/lib/python3.10/site-packages/airflow/example_dags/example_dynamic_task_mapping.py
[2025-01-01T18:22:56.176+0000] {processor.py:925} INFO - DAG(s) 'example_dynamic_task_mapping' retrieved from /home/airflow/.local/lib/python3.10/site-packages/airflow/example_dags/example_dynamic_task_mapping.py
[2025-01-01T18:22:56.195+0000] {logging_mixin.py:190} INFO - [2025-01-01T18:22:56.194+0000] {dag.py:3239} INFO - Sync 1 DAGs
[2025-01-01T18:22:56.208+0000] {logging_mixin.py:190} INFO - [2025-01-01T18:22:56.208+0000] {dag.py:4180} INFO - Setting next_dagrun for example_dynamic_task_mapping to None, run_after=None
[2025-01-01T18:22:56.226+0000] {processor.py:208} INFO - Processing /home/airflow/.local/lib/python3.10/site-packages/airflow/example_dags/example_dynamic_task_mapping.py took 0.067 seconds
[2025-01-01T18:23:26.671+0000] {processor.py:186} INFO - Started process (PID=56710) to work on /home/airflow/.local/lib/python3.10/site-packages/airflow/example_dags/example_dynamic_task_mapping.py
[2025-01-01T18:23:26.672+0000] {processor.py:914} INFO - Processing file /home/airflow/.local/lib/python3.10/site-packages/airflow/example_dags/example_dynamic_task_mapping.py for tasks to queue
[2025-01-01T18:23:26.673+0000] {logging_mixin.py:190} INFO - [2025-01-01T18:23:26.673+0000] {dagbag.py:588} INFO - Filling up the DagBag from /home/airflow/.local/lib/python3.10/site-packages/airflow/example_dags/example_dynamic_task_mapping.py
[2025-01-01T18:23:26.682+0000] {processor.py:925} INFO - DAG(s) 'example_dynamic_task_mapping' retrieved from /home/airflow/.local/lib/python3.10/site-packages/airflow/example_dags/example_dynamic_task_mapping.py
[2025-01-01T18:23:26.699+0000] {logging_mixin.py:190} INFO - [2025-01-01T18:23:26.699+0000] {dag.py:3239} INFO - Sync 1 DAGs
[2025-01-01T18:23:26.711+0000] {logging_mixin.py:190} INFO - [2025-01-01T18:23:26.711+0000] {dag.py:4180} INFO - Setting next_dagrun for example_dynamic_task_mapping to None, run_after=None
[2025-01-01T18:23:26.725+0000] {processor.py:208} INFO - Processing /home/airflow/.local/lib/python3.10/site-packages/airflow/example_dags/example_dynamic_task_mapping.py took 0.060 seconds
[2025-01-01T18:23:56.768+0000] {processor.py:186} INFO - Started process (PID=56778) to work on /home/airflow/.local/lib/python3.10/site-packages/airflow/example_dags/example_dynamic_task_mapping.py
[2025-01-01T18:23:56.769+0000] {processor.py:914} INFO - Processing file /home/airflow/.local/lib/python3.10/site-packages/airflow/example_dags/example_dynamic_task_mapping.py for tasks to queue
[2025-01-01T18:23:56.770+0000] {logging_mixin.py:190} INFO - [2025-01-01T18:23:56.770+0000] {dagbag.py:588} INFO - Filling up the DagBag from /home/airflow/.local/lib/python3.10/site-packages/airflow/example_dags/example_dynamic_task_mapping.py
[2025-01-01T18:23:56.779+0000] {processor.py:925} INFO - DAG(s) 'example_dynamic_task_mapping' retrieved from /home/airflow/.local/lib/python3.10/site-packages/airflow/example_dags/example_dynamic_task_mapping.py
[2025-01-01T18:23:56.797+0000] {logging_mixin.py:190} INFO - [2025-01-01T18:23:56.797+0000] {dag.py:3239} INFO - Sync 1 DAGs
[2025-01-01T18:23:56.811+0000] {logging_mixin.py:190} INFO - [2025-01-01T18:23:56.811+0000] {dag.py:4180} INFO - Setting next_dagrun for example_dynamic_task_mapping to None, run_after=None
[2025-01-01T18:23:56.825+0000] {processor.py:208} INFO - Processing /home/airflow/.local/lib/python3.10/site-packages/airflow/example_dags/example_dynamic_task_mapping.py took 0.063 seconds
[2025-01-01T18:24:27.533+0000] {processor.py:186} INFO - Started process (PID=56846) to work on /home/airflow/.local/lib/python3.10/site-packages/airflow/example_dags/example_dynamic_task_mapping.py
[2025-01-01T18:24:27.534+0000] {processor.py:914} INFO - Processing file /home/airflow/.local/lib/python3.10/site-packages/airflow/example_dags/example_dynamic_task_mapping.py for tasks to queue
[2025-01-01T18:24:27.535+0000] {logging_mixin.py:190} INFO - [2025-01-01T18:24:27.535+0000] {dagbag.py:588} INFO - Filling up the DagBag from /home/airflow/.local/lib/python3.10/site-packages/airflow/example_dags/example_dynamic_task_mapping.py
[2025-01-01T18:24:27.546+0000] {processor.py:925} INFO - DAG(s) 'example_dynamic_task_mapping' retrieved from /home/airflow/.local/lib/python3.10/site-packages/airflow/example_dags/example_dynamic_task_mapping.py
[2025-01-01T18:24:27.567+0000] {logging_mixin.py:190} INFO - [2025-01-01T18:24:27.567+0000] {dag.py:3239} INFO - Sync 1 DAGs
[2025-01-01T18:24:27.581+0000] {logging_mixin.py:190} INFO - [2025-01-01T18:24:27.580+0000] {dag.py:4180} INFO - Setting next_dagrun for example_dynamic_task_mapping to None, run_after=None
[2025-01-01T18:24:27.597+0000] {processor.py:208} INFO - Processing /home/airflow/.local/lib/python3.10/site-packages/airflow/example_dags/example_dynamic_task_mapping.py took 0.071 seconds
[2025-01-01T18:24:58.073+0000] {processor.py:186} INFO - Started process (PID=56914) to work on /home/airflow/.local/lib/python3.10/site-packages/airflow/example_dags/example_dynamic_task_mapping.py
[2025-01-01T18:24:58.074+0000] {processor.py:914} INFO - Processing file /home/airflow/.local/lib/python3.10/site-packages/airflow/example_dags/example_dynamic_task_mapping.py for tasks to queue
[2025-01-01T18:24:58.076+0000] {logging_mixin.py:190} INFO - [2025-01-01T18:24:58.075+0000] {dagbag.py:588} INFO - Filling up the DagBag from /home/airflow/.local/lib/python3.10/site-packages/airflow/example_dags/example_dynamic_task_mapping.py
[2025-01-01T18:24:58.086+0000] {processor.py:925} INFO - DAG(s) 'example_dynamic_task_mapping' retrieved from /home/airflow/.local/lib/python3.10/site-packages/airflow/example_dags/example_dynamic_task_mapping.py
[2025-01-01T18:24:58.110+0000] {logging_mixin.py:190} INFO - [2025-01-01T18:24:58.110+0000] {dag.py:3239} INFO - Sync 1 DAGs
[2025-01-01T18:24:58.125+0000] {logging_mixin.py:190} INFO - [2025-01-01T18:24:58.125+0000] {dag.py:4180} INFO - Setting next_dagrun for example_dynamic_task_mapping to None, run_after=None
[2025-01-01T18:24:58.144+0000] {processor.py:208} INFO - Processing /home/airflow/.local/lib/python3.10/site-packages/airflow/example_dags/example_dynamic_task_mapping.py took 0.085 seconds
[2025-01-01T18:25:28.890+0000] {processor.py:186} INFO - Started process (PID=56982) to work on /home/airflow/.local/lib/python3.10/site-packages/airflow/example_dags/example_dynamic_task_mapping.py
[2025-01-01T18:25:28.891+0000] {processor.py:914} INFO - Processing file /home/airflow/.local/lib/python3.10/site-packages/airflow/example_dags/example_dynamic_task_mapping.py for tasks to queue
[2025-01-01T18:25:28.893+0000] {logging_mixin.py:190} INFO - [2025-01-01T18:25:28.892+0000] {dagbag.py:588} INFO - Filling up the DagBag from /home/airflow/.local/lib/python3.10/site-packages/airflow/example_dags/example_dynamic_task_mapping.py
[2025-01-01T18:25:28.901+0000] {processor.py:925} INFO - DAG(s) 'example_dynamic_task_mapping' retrieved from /home/airflow/.local/lib/python3.10/site-packages/airflow/example_dags/example_dynamic_task_mapping.py
[2025-01-01T18:25:28.920+0000] {logging_mixin.py:190} INFO - [2025-01-01T18:25:28.920+0000] {dag.py:3239} INFO - Sync 1 DAGs
[2025-01-01T18:25:28.932+0000] {logging_mixin.py:190} INFO - [2025-01-01T18:25:28.932+0000] {dag.py:4180} INFO - Setting next_dagrun for example_dynamic_task_mapping to None, run_after=None
[2025-01-01T18:25:28.949+0000] {processor.py:208} INFO - Processing /home/airflow/.local/lib/python3.10/site-packages/airflow/example_dags/example_dynamic_task_mapping.py took 0.065 seconds
[2025-01-01T18:26:00.322+0000] {processor.py:186} INFO - Started process (PID=57054) to work on /home/airflow/.local/lib/python3.10/site-packages/airflow/example_dags/example_dynamic_task_mapping.py
[2025-01-01T18:26:00.324+0000] {processor.py:914} INFO - Processing file /home/airflow/.local/lib/python3.10/site-packages/airflow/example_dags/example_dynamic_task_mapping.py for tasks to queue
[2025-01-01T18:26:00.327+0000] {logging_mixin.py:190} INFO - [2025-01-01T18:26:00.326+0000] {dagbag.py:588} INFO - Filling up the DagBag from /home/airflow/.local/lib/python3.10/site-packages/airflow/example_dags/example_dynamic_task_mapping.py
[2025-01-01T18:26:00.406+0000] {processor.py:925} INFO - DAG(s) 'example_dynamic_task_mapping' retrieved from /home/airflow/.local/lib/python3.10/site-packages/airflow/example_dags/example_dynamic_task_mapping.py
[2025-01-01T18:26:00.515+0000] {logging_mixin.py:190} INFO - [2025-01-01T18:26:00.514+0000] {dag.py:3239} INFO - Sync 1 DAGs
[2025-01-01T18:26:00.601+0000] {logging_mixin.py:190} INFO - [2025-01-01T18:26:00.601+0000] {dag.py:4180} INFO - Setting next_dagrun for example_dynamic_task_mapping to None, run_after=None
[2025-01-01T18:26:00.660+0000] {processor.py:208} INFO - Processing /home/airflow/.local/lib/python3.10/site-packages/airflow/example_dags/example_dynamic_task_mapping.py took 0.347 seconds
[2025-01-01T18:26:31.420+0000] {processor.py:186} INFO - Started process (PID=57122) to work on /home/airflow/.local/lib/python3.10/site-packages/airflow/example_dags/example_dynamic_task_mapping.py
[2025-01-01T18:26:31.422+0000] {processor.py:914} INFO - Processing file /home/airflow/.local/lib/python3.10/site-packages/airflow/example_dags/example_dynamic_task_mapping.py for tasks to queue
[2025-01-01T18:26:31.423+0000] {logging_mixin.py:190} INFO - [2025-01-01T18:26:31.423+0000] {dagbag.py:588} INFO - Filling up the DagBag from /home/airflow/.local/lib/python3.10/site-packages/airflow/example_dags/example_dynamic_task_mapping.py
[2025-01-01T18:26:31.433+0000] {processor.py:925} INFO - DAG(s) 'example_dynamic_task_mapping' retrieved from /home/airflow/.local/lib/python3.10/site-packages/airflow/example_dags/example_dynamic_task_mapping.py
[2025-01-01T18:26:31.454+0000] {logging_mixin.py:190} INFO - [2025-01-01T18:26:31.453+0000] {dag.py:3239} INFO - Sync 1 DAGs
[2025-01-01T18:26:31.468+0000] {logging_mixin.py:190} INFO - [2025-01-01T18:26:31.468+0000] {dag.py:4180} INFO - Setting next_dagrun for example_dynamic_task_mapping to None, run_after=None
[2025-01-01T18:26:31.487+0000] {processor.py:208} INFO - Processing /home/airflow/.local/lib/python3.10/site-packages/airflow/example_dags/example_dynamic_task_mapping.py took 0.074 seconds
[2025-01-01T18:27:01.534+0000] {processor.py:186} INFO - Started process (PID=57190) to work on /home/airflow/.local/lib/python3.10/site-packages/airflow/example_dags/example_dynamic_task_mapping.py
[2025-01-01T18:27:01.535+0000] {processor.py:914} INFO - Processing file /home/airflow/.local/lib/python3.10/site-packages/airflow/example_dags/example_dynamic_task_mapping.py for tasks to queue
[2025-01-01T18:27:01.536+0000] {logging_mixin.py:190} INFO - [2025-01-01T18:27:01.536+0000] {dagbag.py:588} INFO - Filling up the DagBag from /home/airflow/.local/lib/python3.10/site-packages/airflow/example_dags/example_dynamic_task_mapping.py
[2025-01-01T18:27:01.546+0000] {processor.py:925} INFO - DAG(s) 'example_dynamic_task_mapping' retrieved from /home/airflow/.local/lib/python3.10/site-packages/airflow/example_dags/example_dynamic_task_mapping.py
[2025-01-01T18:27:01.566+0000] {logging_mixin.py:190} INFO - [2025-01-01T18:27:01.566+0000] {dag.py:3239} INFO - Sync 1 DAGs
[2025-01-01T18:27:01.581+0000] {logging_mixin.py:190} INFO - [2025-01-01T18:27:01.581+0000] {dag.py:4180} INFO - Setting next_dagrun for example_dynamic_task_mapping to None, run_after=None
[2025-01-01T18:27:01.599+0000] {processor.py:208} INFO - Processing /home/airflow/.local/lib/python3.10/site-packages/airflow/example_dags/example_dynamic_task_mapping.py took 0.073 seconds
[2025-01-01T18:27:31.754+0000] {processor.py:186} INFO - Started process (PID=57258) to work on /home/airflow/.local/lib/python3.10/site-packages/airflow/example_dags/example_dynamic_task_mapping.py
[2025-01-01T18:27:31.755+0000] {processor.py:914} INFO - Processing file /home/airflow/.local/lib/python3.10/site-packages/airflow/example_dags/example_dynamic_task_mapping.py for tasks to queue
[2025-01-01T18:27:31.756+0000] {logging_mixin.py:190} INFO - [2025-01-01T18:27:31.756+0000] {dagbag.py:588} INFO - Filling up the DagBag from /home/airflow/.local/lib/python3.10/site-packages/airflow/example_dags/example_dynamic_task_mapping.py
[2025-01-01T18:27:31.765+0000] {processor.py:925} INFO - DAG(s) 'example_dynamic_task_mapping' retrieved from /home/airflow/.local/lib/python3.10/site-packages/airflow/example_dags/example_dynamic_task_mapping.py
[2025-01-01T18:27:31.783+0000] {logging_mixin.py:190} INFO - [2025-01-01T18:27:31.783+0000] {dag.py:3239} INFO - Sync 1 DAGs
[2025-01-01T18:27:31.797+0000] {logging_mixin.py:190} INFO - [2025-01-01T18:27:31.797+0000] {dag.py:4180} INFO - Setting next_dagrun for example_dynamic_task_mapping to None, run_after=None
[2025-01-01T18:27:31.813+0000] {processor.py:208} INFO - Processing /home/airflow/.local/lib/python3.10/site-packages/airflow/example_dags/example_dynamic_task_mapping.py took 0.065 seconds
[2025-01-01T18:28:02.372+0000] {processor.py:186} INFO - Started process (PID=57317) to work on /home/airflow/.local/lib/python3.10/site-packages/airflow/example_dags/example_dynamic_task_mapping.py
[2025-01-01T18:28:02.373+0000] {processor.py:914} INFO - Processing file /home/airflow/.local/lib/python3.10/site-packages/airflow/example_dags/example_dynamic_task_mapping.py for tasks to queue
[2025-01-01T18:28:02.375+0000] {logging_mixin.py:190} INFO - [2025-01-01T18:28:02.374+0000] {dagbag.py:588} INFO - Filling up the DagBag from /home/airflow/.local/lib/python3.10/site-packages/airflow/example_dags/example_dynamic_task_mapping.py
[2025-01-01T18:28:02.384+0000] {processor.py:925} INFO - DAG(s) 'example_dynamic_task_mapping' retrieved from /home/airflow/.local/lib/python3.10/site-packages/airflow/example_dags/example_dynamic_task_mapping.py
[2025-01-01T18:28:02.404+0000] {logging_mixin.py:190} INFO - [2025-01-01T18:28:02.404+0000] {dag.py:3239} INFO - Sync 1 DAGs
[2025-01-01T18:28:02.418+0000] {logging_mixin.py:190} INFO - [2025-01-01T18:28:02.418+0000] {dag.py:4180} INFO - Setting next_dagrun for example_dynamic_task_mapping to None, run_after=None
[2025-01-01T18:28:02.435+0000] {processor.py:208} INFO - Processing /home/airflow/.local/lib/python3.10/site-packages/airflow/example_dags/example_dynamic_task_mapping.py took 0.070 seconds
[2025-01-01T18:28:33.155+0000] {processor.py:186} INFO - Started process (PID=57381) to work on /home/airflow/.local/lib/python3.10/site-packages/airflow/example_dags/example_dynamic_task_mapping.py
[2025-01-01T18:28:33.156+0000] {processor.py:914} INFO - Processing file /home/airflow/.local/lib/python3.10/site-packages/airflow/example_dags/example_dynamic_task_mapping.py for tasks to queue
[2025-01-01T18:28:33.158+0000] {logging_mixin.py:190} INFO - [2025-01-01T18:28:33.157+0000] {dagbag.py:588} INFO - Filling up the DagBag from /home/airflow/.local/lib/python3.10/site-packages/airflow/example_dags/example_dynamic_task_mapping.py
[2025-01-01T18:28:33.167+0000] {processor.py:925} INFO - DAG(s) 'example_dynamic_task_mapping' retrieved from /home/airflow/.local/lib/python3.10/site-packages/airflow/example_dags/example_dynamic_task_mapping.py
[2025-01-01T18:28:33.187+0000] {logging_mixin.py:190} INFO - [2025-01-01T18:28:33.187+0000] {dag.py:3239} INFO - Sync 1 DAGs
[2025-01-01T18:28:33.200+0000] {logging_mixin.py:190} INFO - [2025-01-01T18:28:33.200+0000] {dag.py:4180} INFO - Setting next_dagrun for example_dynamic_task_mapping to None, run_after=None
[2025-01-01T18:28:33.216+0000] {processor.py:208} INFO - Processing /home/airflow/.local/lib/python3.10/site-packages/airflow/example_dags/example_dynamic_task_mapping.py took 0.068 seconds
[2025-01-01T18:29:03.377+0000] {processor.py:186} INFO - Started process (PID=57441) to work on /home/airflow/.local/lib/python3.10/site-packages/airflow/example_dags/example_dynamic_task_mapping.py
[2025-01-01T18:29:03.378+0000] {processor.py:914} INFO - Processing file /home/airflow/.local/lib/python3.10/site-packages/airflow/example_dags/example_dynamic_task_mapping.py for tasks to queue
[2025-01-01T18:29:03.379+0000] {logging_mixin.py:190} INFO - [2025-01-01T18:29:03.379+0000] {dagbag.py:588} INFO - Filling up the DagBag from /home/airflow/.local/lib/python3.10/site-packages/airflow/example_dags/example_dynamic_task_mapping.py
[2025-01-01T18:29:03.391+0000] {processor.py:925} INFO - DAG(s) 'example_dynamic_task_mapping' retrieved from /home/airflow/.local/lib/python3.10/site-packages/airflow/example_dags/example_dynamic_task_mapping.py
[2025-01-01T18:29:03.414+0000] {logging_mixin.py:190} INFO - [2025-01-01T18:29:03.414+0000] {dag.py:3239} INFO - Sync 1 DAGs
[2025-01-01T18:29:03.432+0000] {logging_mixin.py:190} INFO - [2025-01-01T18:29:03.432+0000] {dag.py:4180} INFO - Setting next_dagrun for example_dynamic_task_mapping to None, run_after=None
[2025-01-01T18:29:03.452+0000] {processor.py:208} INFO - Processing /home/airflow/.local/lib/python3.10/site-packages/airflow/example_dags/example_dynamic_task_mapping.py took 0.083 seconds
[2025-01-01T18:29:33.940+0000] {processor.py:186} INFO - Started process (PID=57497) to work on /home/airflow/.local/lib/python3.10/site-packages/airflow/example_dags/example_dynamic_task_mapping.py
[2025-01-01T18:29:33.941+0000] {processor.py:914} INFO - Processing file /home/airflow/.local/lib/python3.10/site-packages/airflow/example_dags/example_dynamic_task_mapping.py for tasks to queue
[2025-01-01T18:29:33.942+0000] {logging_mixin.py:190} INFO - [2025-01-01T18:29:33.942+0000] {dagbag.py:588} INFO - Filling up the DagBag from /home/airflow/.local/lib/python3.10/site-packages/airflow/example_dags/example_dynamic_task_mapping.py
[2025-01-01T18:29:33.952+0000] {processor.py:925} INFO - DAG(s) 'example_dynamic_task_mapping' retrieved from /home/airflow/.local/lib/python3.10/site-packages/airflow/example_dags/example_dynamic_task_mapping.py
[2025-01-01T18:29:33.971+0000] {logging_mixin.py:190} INFO - [2025-01-01T18:29:33.971+0000] {dag.py:3239} INFO - Sync 1 DAGs
[2025-01-01T18:29:33.984+0000] {logging_mixin.py:190} INFO - [2025-01-01T18:29:33.983+0000] {dag.py:4180} INFO - Setting next_dagrun for example_dynamic_task_mapping to None, run_after=None
[2025-01-01T18:29:33.999+0000] {processor.py:208} INFO - Processing /home/airflow/.local/lib/python3.10/site-packages/airflow/example_dags/example_dynamic_task_mapping.py took 0.064 seconds
[2025-01-01T18:30:04.185+0000] {processor.py:186} INFO - Started process (PID=57559) to work on /home/airflow/.local/lib/python3.10/site-packages/airflow/example_dags/example_dynamic_task_mapping.py
[2025-01-01T18:30:04.186+0000] {processor.py:914} INFO - Processing file /home/airflow/.local/lib/python3.10/site-packages/airflow/example_dags/example_dynamic_task_mapping.py for tasks to queue
[2025-01-01T18:30:04.188+0000] {logging_mixin.py:190} INFO - [2025-01-01T18:30:04.187+0000] {dagbag.py:588} INFO - Filling up the DagBag from /home/airflow/.local/lib/python3.10/site-packages/airflow/example_dags/example_dynamic_task_mapping.py
[2025-01-01T18:30:04.197+0000] {processor.py:925} INFO - DAG(s) 'example_dynamic_task_mapping' retrieved from /home/airflow/.local/lib/python3.10/site-packages/airflow/example_dags/example_dynamic_task_mapping.py
[2025-01-01T18:30:04.215+0000] {logging_mixin.py:190} INFO - [2025-01-01T18:30:04.215+0000] {dag.py:3239} INFO - Sync 1 DAGs
[2025-01-01T18:30:04.229+0000] {logging_mixin.py:190} INFO - [2025-01-01T18:30:04.228+0000] {dag.py:4180} INFO - Setting next_dagrun for example_dynamic_task_mapping to None, run_after=None
[2025-01-01T18:30:04.250+0000] {processor.py:208} INFO - Processing /home/airflow/.local/lib/python3.10/site-packages/airflow/example_dags/example_dynamic_task_mapping.py took 0.071 seconds
[2025-01-01T18:30:34.435+0000] {processor.py:186} INFO - Started process (PID=57625) to work on /home/airflow/.local/lib/python3.10/site-packages/airflow/example_dags/example_dynamic_task_mapping.py
[2025-01-01T18:30:34.436+0000] {processor.py:914} INFO - Processing file /home/airflow/.local/lib/python3.10/site-packages/airflow/example_dags/example_dynamic_task_mapping.py for tasks to queue
[2025-01-01T18:30:34.437+0000] {logging_mixin.py:190} INFO - [2025-01-01T18:30:34.437+0000] {dagbag.py:588} INFO - Filling up the DagBag from /home/airflow/.local/lib/python3.10/site-packages/airflow/example_dags/example_dynamic_task_mapping.py
[2025-01-01T18:30:34.446+0000] {processor.py:925} INFO - DAG(s) 'example_dynamic_task_mapping' retrieved from /home/airflow/.local/lib/python3.10/site-packages/airflow/example_dags/example_dynamic_task_mapping.py
[2025-01-01T18:30:34.465+0000] {logging_mixin.py:190} INFO - [2025-01-01T18:30:34.465+0000] {dag.py:3239} INFO - Sync 1 DAGs
[2025-01-01T18:30:34.479+0000] {logging_mixin.py:190} INFO - [2025-01-01T18:30:34.478+0000] {dag.py:4180} INFO - Setting next_dagrun for example_dynamic_task_mapping to None, run_after=None
[2025-01-01T18:30:34.496+0000] {processor.py:208} INFO - Processing /home/airflow/.local/lib/python3.10/site-packages/airflow/example_dags/example_dynamic_task_mapping.py took 0.068 seconds
[2025-01-01T18:31:05.229+0000] {processor.py:186} INFO - Started process (PID=57693) to work on /home/airflow/.local/lib/python3.10/site-packages/airflow/example_dags/example_dynamic_task_mapping.py
[2025-01-01T18:31:05.230+0000] {processor.py:914} INFO - Processing file /home/airflow/.local/lib/python3.10/site-packages/airflow/example_dags/example_dynamic_task_mapping.py for tasks to queue
[2025-01-01T18:31:05.232+0000] {logging_mixin.py:190} INFO - [2025-01-01T18:31:05.231+0000] {dagbag.py:588} INFO - Filling up the DagBag from /home/airflow/.local/lib/python3.10/site-packages/airflow/example_dags/example_dynamic_task_mapping.py
[2025-01-01T18:31:05.241+0000] {processor.py:925} INFO - DAG(s) 'example_dynamic_task_mapping' retrieved from /home/airflow/.local/lib/python3.10/site-packages/airflow/example_dags/example_dynamic_task_mapping.py
[2025-01-01T18:31:05.262+0000] {logging_mixin.py:190} INFO - [2025-01-01T18:31:05.261+0000] {dag.py:3239} INFO - Sync 1 DAGs
[2025-01-01T18:31:05.275+0000] {logging_mixin.py:190} INFO - [2025-01-01T18:31:05.275+0000] {dag.py:4180} INFO - Setting next_dagrun for example_dynamic_task_mapping to None, run_after=None
[2025-01-01T18:31:05.293+0000] {processor.py:208} INFO - Processing /home/airflow/.local/lib/python3.10/site-packages/airflow/example_dags/example_dynamic_task_mapping.py took 0.072 seconds
[2025-01-01T18:31:36.277+0000] {processor.py:186} INFO - Started process (PID=57761) to work on /home/airflow/.local/lib/python3.10/site-packages/airflow/example_dags/example_dynamic_task_mapping.py
[2025-01-01T18:31:36.278+0000] {processor.py:914} INFO - Processing file /home/airflow/.local/lib/python3.10/site-packages/airflow/example_dags/example_dynamic_task_mapping.py for tasks to queue
[2025-01-01T18:31:36.280+0000] {logging_mixin.py:190} INFO - [2025-01-01T18:31:36.279+0000] {dagbag.py:588} INFO - Filling up the DagBag from /home/airflow/.local/lib/python3.10/site-packages/airflow/example_dags/example_dynamic_task_mapping.py
[2025-01-01T18:31:36.289+0000] {processor.py:925} INFO - DAG(s) 'example_dynamic_task_mapping' retrieved from /home/airflow/.local/lib/python3.10/site-packages/airflow/example_dags/example_dynamic_task_mapping.py
[2025-01-01T18:31:36.308+0000] {logging_mixin.py:190} INFO - [2025-01-01T18:31:36.307+0000] {dag.py:3239} INFO - Sync 1 DAGs
[2025-01-01T18:31:36.320+0000] {logging_mixin.py:190} INFO - [2025-01-01T18:31:36.320+0000] {dag.py:4180} INFO - Setting next_dagrun for example_dynamic_task_mapping to None, run_after=None
[2025-01-01T18:31:36.336+0000] {processor.py:208} INFO - Processing /home/airflow/.local/lib/python3.10/site-packages/airflow/example_dags/example_dynamic_task_mapping.py took 0.065 seconds
[2025-01-01T18:32:07.004+0000] {processor.py:186} INFO - Started process (PID=57829) to work on /home/airflow/.local/lib/python3.10/site-packages/airflow/example_dags/example_dynamic_task_mapping.py
[2025-01-01T18:32:07.006+0000] {processor.py:914} INFO - Processing file /home/airflow/.local/lib/python3.10/site-packages/airflow/example_dags/example_dynamic_task_mapping.py for tasks to queue
[2025-01-01T18:32:07.007+0000] {logging_mixin.py:190} INFO - [2025-01-01T18:32:07.007+0000] {dagbag.py:588} INFO - Filling up the DagBag from /home/airflow/.local/lib/python3.10/site-packages/airflow/example_dags/example_dynamic_task_mapping.py
[2025-01-01T18:32:07.016+0000] {processor.py:925} INFO - DAG(s) 'example_dynamic_task_mapping' retrieved from /home/airflow/.local/lib/python3.10/site-packages/airflow/example_dags/example_dynamic_task_mapping.py
[2025-01-01T18:32:07.039+0000] {logging_mixin.py:190} INFO - [2025-01-01T18:32:07.039+0000] {dag.py:3239} INFO - Sync 1 DAGs
[2025-01-01T18:32:07.056+0000] {logging_mixin.py:190} INFO - [2025-01-01T18:32:07.056+0000] {dag.py:4180} INFO - Setting next_dagrun for example_dynamic_task_mapping to None, run_after=None
[2025-01-01T18:32:07.076+0000] {processor.py:208} INFO - Processing /home/airflow/.local/lib/python3.10/site-packages/airflow/example_dags/example_dynamic_task_mapping.py took 0.078 seconds
[2025-01-01T18:32:37.877+0000] {processor.py:186} INFO - Started process (PID=57897) to work on /home/airflow/.local/lib/python3.10/site-packages/airflow/example_dags/example_dynamic_task_mapping.py
[2025-01-01T18:32:37.878+0000] {processor.py:914} INFO - Processing file /home/airflow/.local/lib/python3.10/site-packages/airflow/example_dags/example_dynamic_task_mapping.py for tasks to queue
[2025-01-01T18:32:37.880+0000] {logging_mixin.py:190} INFO - [2025-01-01T18:32:37.880+0000] {dagbag.py:588} INFO - Filling up the DagBag from /home/airflow/.local/lib/python3.10/site-packages/airflow/example_dags/example_dynamic_task_mapping.py
[2025-01-01T18:32:37.890+0000] {processor.py:925} INFO - DAG(s) 'example_dynamic_task_mapping' retrieved from /home/airflow/.local/lib/python3.10/site-packages/airflow/example_dags/example_dynamic_task_mapping.py
[2025-01-01T18:32:37.912+0000] {logging_mixin.py:190} INFO - [2025-01-01T18:32:37.912+0000] {dag.py:3239} INFO - Sync 1 DAGs
[2025-01-01T18:32:37.924+0000] {logging_mixin.py:190} INFO - [2025-01-01T18:32:37.924+0000] {dag.py:4180} INFO - Setting next_dagrun for example_dynamic_task_mapping to None, run_after=None
[2025-01-01T18:32:37.940+0000] {processor.py:208} INFO - Processing /home/airflow/.local/lib/python3.10/site-packages/airflow/example_dags/example_dynamic_task_mapping.py took 0.069 seconds
[2025-01-01T18:33:08.556+0000] {processor.py:186} INFO - Started process (PID=57965) to work on /home/airflow/.local/lib/python3.10/site-packages/airflow/example_dags/example_dynamic_task_mapping.py
[2025-01-01T18:33:08.557+0000] {processor.py:914} INFO - Processing file /home/airflow/.local/lib/python3.10/site-packages/airflow/example_dags/example_dynamic_task_mapping.py for tasks to queue
[2025-01-01T18:33:08.558+0000] {logging_mixin.py:190} INFO - [2025-01-01T18:33:08.558+0000] {dagbag.py:588} INFO - Filling up the DagBag from /home/airflow/.local/lib/python3.10/site-packages/airflow/example_dags/example_dynamic_task_mapping.py
[2025-01-01T18:33:08.567+0000] {processor.py:925} INFO - DAG(s) 'example_dynamic_task_mapping' retrieved from /home/airflow/.local/lib/python3.10/site-packages/airflow/example_dags/example_dynamic_task_mapping.py
[2025-01-01T18:33:08.586+0000] {logging_mixin.py:190} INFO - [2025-01-01T18:33:08.586+0000] {dag.py:3239} INFO - Sync 1 DAGs
[2025-01-01T18:33:08.599+0000] {logging_mixin.py:190} INFO - [2025-01-01T18:33:08.598+0000] {dag.py:4180} INFO - Setting next_dagrun for example_dynamic_task_mapping to None, run_after=None
[2025-01-01T18:33:08.615+0000] {processor.py:208} INFO - Processing /home/airflow/.local/lib/python3.10/site-packages/airflow/example_dags/example_dynamic_task_mapping.py took 0.068 seconds
[2025-01-01T18:33:38.984+0000] {processor.py:186} INFO - Started process (PID=58033) to work on /home/airflow/.local/lib/python3.10/site-packages/airflow/example_dags/example_dynamic_task_mapping.py
[2025-01-01T18:33:38.985+0000] {processor.py:914} INFO - Processing file /home/airflow/.local/lib/python3.10/site-packages/airflow/example_dags/example_dynamic_task_mapping.py for tasks to queue
[2025-01-01T18:33:38.987+0000] {logging_mixin.py:190} INFO - [2025-01-01T18:33:38.987+0000] {dagbag.py:588} INFO - Filling up the DagBag from /home/airflow/.local/lib/python3.10/site-packages/airflow/example_dags/example_dynamic_task_mapping.py
[2025-01-01T18:33:38.995+0000] {processor.py:925} INFO - DAG(s) 'example_dynamic_task_mapping' retrieved from /home/airflow/.local/lib/python3.10/site-packages/airflow/example_dags/example_dynamic_task_mapping.py
[2025-01-01T18:33:39.014+0000] {logging_mixin.py:190} INFO - [2025-01-01T18:33:39.013+0000] {dag.py:3239} INFO - Sync 1 DAGs
[2025-01-01T18:33:39.026+0000] {logging_mixin.py:190} INFO - [2025-01-01T18:33:39.026+0000] {dag.py:4180} INFO - Setting next_dagrun for example_dynamic_task_mapping to None, run_after=None
[2025-01-01T18:33:39.043+0000] {processor.py:208} INFO - Processing /home/airflow/.local/lib/python3.10/site-packages/airflow/example_dags/example_dynamic_task_mapping.py took 0.065 seconds
[2025-01-01T18:34:09.832+0000] {processor.py:186} INFO - Started process (PID=58101) to work on /home/airflow/.local/lib/python3.10/site-packages/airflow/example_dags/example_dynamic_task_mapping.py
[2025-01-01T18:34:09.833+0000] {processor.py:914} INFO - Processing file /home/airflow/.local/lib/python3.10/site-packages/airflow/example_dags/example_dynamic_task_mapping.py for tasks to queue
[2025-01-01T18:34:09.834+0000] {logging_mixin.py:190} INFO - [2025-01-01T18:34:09.834+0000] {dagbag.py:588} INFO - Filling up the DagBag from /home/airflow/.local/lib/python3.10/site-packages/airflow/example_dags/example_dynamic_task_mapping.py
[2025-01-01T18:34:09.843+0000] {processor.py:925} INFO - DAG(s) 'example_dynamic_task_mapping' retrieved from /home/airflow/.local/lib/python3.10/site-packages/airflow/example_dags/example_dynamic_task_mapping.py
[2025-01-01T18:34:09.862+0000] {logging_mixin.py:190} INFO - [2025-01-01T18:34:09.861+0000] {dag.py:3239} INFO - Sync 1 DAGs
[2025-01-01T18:34:09.875+0000] {logging_mixin.py:190} INFO - [2025-01-01T18:34:09.875+0000] {dag.py:4180} INFO - Setting next_dagrun for example_dynamic_task_mapping to None, run_after=None
[2025-01-01T18:34:09.890+0000] {processor.py:208} INFO - Processing /home/airflow/.local/lib/python3.10/site-packages/airflow/example_dags/example_dynamic_task_mapping.py took 0.064 seconds
[2025-01-01T18:34:40.727+0000] {processor.py:186} INFO - Started process (PID=58169) to work on /home/airflow/.local/lib/python3.10/site-packages/airflow/example_dags/example_dynamic_task_mapping.py
[2025-01-01T18:34:40.728+0000] {processor.py:914} INFO - Processing file /home/airflow/.local/lib/python3.10/site-packages/airflow/example_dags/example_dynamic_task_mapping.py for tasks to queue
[2025-01-01T18:34:40.729+0000] {logging_mixin.py:190} INFO - [2025-01-01T18:34:40.729+0000] {dagbag.py:588} INFO - Filling up the DagBag from /home/airflow/.local/lib/python3.10/site-packages/airflow/example_dags/example_dynamic_task_mapping.py
[2025-01-01T18:34:40.738+0000] {processor.py:925} INFO - DAG(s) 'example_dynamic_task_mapping' retrieved from /home/airflow/.local/lib/python3.10/site-packages/airflow/example_dags/example_dynamic_task_mapping.py
[2025-01-01T18:34:40.758+0000] {logging_mixin.py:190} INFO - [2025-01-01T18:34:40.757+0000] {dag.py:3239} INFO - Sync 1 DAGs
[2025-01-01T18:34:40.771+0000] {logging_mixin.py:190} INFO - [2025-01-01T18:34:40.770+0000] {dag.py:4180} INFO - Setting next_dagrun for example_dynamic_task_mapping to None, run_after=None
[2025-01-01T18:34:40.787+0000] {processor.py:208} INFO - Processing /home/airflow/.local/lib/python3.10/site-packages/airflow/example_dags/example_dynamic_task_mapping.py took 0.068 seconds
[2025-01-01T18:35:11.354+0000] {processor.py:186} INFO - Started process (PID=58237) to work on /home/airflow/.local/lib/python3.10/site-packages/airflow/example_dags/example_dynamic_task_mapping.py
[2025-01-01T18:35:11.355+0000] {processor.py:914} INFO - Processing file /home/airflow/.local/lib/python3.10/site-packages/airflow/example_dags/example_dynamic_task_mapping.py for tasks to queue
[2025-01-01T18:35:11.356+0000] {logging_mixin.py:190} INFO - [2025-01-01T18:35:11.356+0000] {dagbag.py:588} INFO - Filling up the DagBag from /home/airflow/.local/lib/python3.10/site-packages/airflow/example_dags/example_dynamic_task_mapping.py
[2025-01-01T18:35:11.365+0000] {processor.py:925} INFO - DAG(s) 'example_dynamic_task_mapping' retrieved from /home/airflow/.local/lib/python3.10/site-packages/airflow/example_dags/example_dynamic_task_mapping.py
[2025-01-01T18:35:11.383+0000] {logging_mixin.py:190} INFO - [2025-01-01T18:35:11.383+0000] {dag.py:3239} INFO - Sync 1 DAGs
[2025-01-01T18:35:11.396+0000] {logging_mixin.py:190} INFO - [2025-01-01T18:35:11.396+0000] {dag.py:4180} INFO - Setting next_dagrun for example_dynamic_task_mapping to None, run_after=None
[2025-01-01T18:35:11.410+0000] {processor.py:208} INFO - Processing /home/airflow/.local/lib/python3.10/site-packages/airflow/example_dags/example_dynamic_task_mapping.py took 0.062 seconds
[2025-01-01T18:35:42.135+0000] {processor.py:186} INFO - Started process (PID=58305) to work on /home/airflow/.local/lib/python3.10/site-packages/airflow/example_dags/example_dynamic_task_mapping.py
[2025-01-01T18:35:42.136+0000] {processor.py:914} INFO - Processing file /home/airflow/.local/lib/python3.10/site-packages/airflow/example_dags/example_dynamic_task_mapping.py for tasks to queue
[2025-01-01T18:35:42.137+0000] {logging_mixin.py:190} INFO - [2025-01-01T18:35:42.137+0000] {dagbag.py:588} INFO - Filling up the DagBag from /home/airflow/.local/lib/python3.10/site-packages/airflow/example_dags/example_dynamic_task_mapping.py
[2025-01-01T18:35:42.146+0000] {processor.py:925} INFO - DAG(s) 'example_dynamic_task_mapping' retrieved from /home/airflow/.local/lib/python3.10/site-packages/airflow/example_dags/example_dynamic_task_mapping.py
[2025-01-01T18:35:42.163+0000] {logging_mixin.py:190} INFO - [2025-01-01T18:35:42.163+0000] {dag.py:3239} INFO - Sync 1 DAGs
[2025-01-01T18:35:42.176+0000] {logging_mixin.py:190} INFO - [2025-01-01T18:35:42.175+0000] {dag.py:4180} INFO - Setting next_dagrun for example_dynamic_task_mapping to None, run_after=None
[2025-01-01T18:35:42.192+0000] {processor.py:208} INFO - Processing /home/airflow/.local/lib/python3.10/site-packages/airflow/example_dags/example_dynamic_task_mapping.py took 0.063 seconds
[2025-01-01T18:36:12.752+0000] {processor.py:186} INFO - Started process (PID=58373) to work on /home/airflow/.local/lib/python3.10/site-packages/airflow/example_dags/example_dynamic_task_mapping.py
[2025-01-01T18:36:12.753+0000] {processor.py:914} INFO - Processing file /home/airflow/.local/lib/python3.10/site-packages/airflow/example_dags/example_dynamic_task_mapping.py for tasks to queue
[2025-01-01T18:36:12.754+0000] {logging_mixin.py:190} INFO - [2025-01-01T18:36:12.754+0000] {dagbag.py:588} INFO - Filling up the DagBag from /home/airflow/.local/lib/python3.10/site-packages/airflow/example_dags/example_dynamic_task_mapping.py
[2025-01-01T18:36:12.763+0000] {processor.py:925} INFO - DAG(s) 'example_dynamic_task_mapping' retrieved from /home/airflow/.local/lib/python3.10/site-packages/airflow/example_dags/example_dynamic_task_mapping.py
[2025-01-01T18:36:12.783+0000] {logging_mixin.py:190} INFO - [2025-01-01T18:36:12.783+0000] {dag.py:3239} INFO - Sync 1 DAGs
[2025-01-01T18:36:12.798+0000] {logging_mixin.py:190} INFO - [2025-01-01T18:36:12.798+0000] {dag.py:4180} INFO - Setting next_dagrun for example_dynamic_task_mapping to None, run_after=None
[2025-01-01T18:36:12.815+0000] {processor.py:208} INFO - Processing /home/airflow/.local/lib/python3.10/site-packages/airflow/example_dags/example_dynamic_task_mapping.py took 0.070 seconds
[2025-01-01T18:36:43.496+0000] {processor.py:186} INFO - Started process (PID=58441) to work on /home/airflow/.local/lib/python3.10/site-packages/airflow/example_dags/example_dynamic_task_mapping.py
[2025-01-01T18:36:43.497+0000] {processor.py:914} INFO - Processing file /home/airflow/.local/lib/python3.10/site-packages/airflow/example_dags/example_dynamic_task_mapping.py for tasks to queue
[2025-01-01T18:36:43.499+0000] {logging_mixin.py:190} INFO - [2025-01-01T18:36:43.498+0000] {dagbag.py:588} INFO - Filling up the DagBag from /home/airflow/.local/lib/python3.10/site-packages/airflow/example_dags/example_dynamic_task_mapping.py
[2025-01-01T18:36:43.507+0000] {processor.py:925} INFO - DAG(s) 'example_dynamic_task_mapping' retrieved from /home/airflow/.local/lib/python3.10/site-packages/airflow/example_dags/example_dynamic_task_mapping.py
[2025-01-01T18:36:43.526+0000] {logging_mixin.py:190} INFO - [2025-01-01T18:36:43.526+0000] {dag.py:3239} INFO - Sync 1 DAGs
[2025-01-01T18:36:43.538+0000] {logging_mixin.py:190} INFO - [2025-01-01T18:36:43.538+0000] {dag.py:4180} INFO - Setting next_dagrun for example_dynamic_task_mapping to None, run_after=None
[2025-01-01T18:36:43.555+0000] {processor.py:208} INFO - Processing /home/airflow/.local/lib/python3.10/site-packages/airflow/example_dags/example_dynamic_task_mapping.py took 0.068 seconds
[2025-01-01T18:37:14.501+0000] {processor.py:186} INFO - Started process (PID=58509) to work on /home/airflow/.local/lib/python3.10/site-packages/airflow/example_dags/example_dynamic_task_mapping.py
[2025-01-01T18:37:14.502+0000] {processor.py:914} INFO - Processing file /home/airflow/.local/lib/python3.10/site-packages/airflow/example_dags/example_dynamic_task_mapping.py for tasks to queue
[2025-01-01T18:37:14.504+0000] {logging_mixin.py:190} INFO - [2025-01-01T18:37:14.503+0000] {dagbag.py:588} INFO - Filling up the DagBag from /home/airflow/.local/lib/python3.10/site-packages/airflow/example_dags/example_dynamic_task_mapping.py
[2025-01-01T18:37:14.513+0000] {processor.py:925} INFO - DAG(s) 'example_dynamic_task_mapping' retrieved from /home/airflow/.local/lib/python3.10/site-packages/airflow/example_dags/example_dynamic_task_mapping.py
[2025-01-01T18:37:14.530+0000] {logging_mixin.py:190} INFO - [2025-01-01T18:37:14.530+0000] {dag.py:3239} INFO - Sync 1 DAGs
[2025-01-01T18:37:14.543+0000] {logging_mixin.py:190} INFO - [2025-01-01T18:37:14.543+0000] {dag.py:4180} INFO - Setting next_dagrun for example_dynamic_task_mapping to None, run_after=None
[2025-01-01T18:37:14.556+0000] {processor.py:208} INFO - Processing /home/airflow/.local/lib/python3.10/site-packages/airflow/example_dags/example_dynamic_task_mapping.py took 0.062 seconds
[2025-01-01T18:37:45.298+0000] {processor.py:186} INFO - Started process (PID=58578) to work on /home/airflow/.local/lib/python3.10/site-packages/airflow/example_dags/example_dynamic_task_mapping.py
[2025-01-01T18:37:45.299+0000] {processor.py:914} INFO - Processing file /home/airflow/.local/lib/python3.10/site-packages/airflow/example_dags/example_dynamic_task_mapping.py for tasks to queue
[2025-01-01T18:37:45.300+0000] {logging_mixin.py:190} INFO - [2025-01-01T18:37:45.300+0000] {dagbag.py:588} INFO - Filling up the DagBag from /home/airflow/.local/lib/python3.10/site-packages/airflow/example_dags/example_dynamic_task_mapping.py
[2025-01-01T18:37:45.309+0000] {processor.py:925} INFO - DAG(s) 'example_dynamic_task_mapping' retrieved from /home/airflow/.local/lib/python3.10/site-packages/airflow/example_dags/example_dynamic_task_mapping.py
[2025-01-01T18:37:45.327+0000] {logging_mixin.py:190} INFO - [2025-01-01T18:37:45.327+0000] {dag.py:3239} INFO - Sync 1 DAGs
[2025-01-01T18:37:45.340+0000] {logging_mixin.py:190} INFO - [2025-01-01T18:37:45.340+0000] {dag.py:4180} INFO - Setting next_dagrun for example_dynamic_task_mapping to None, run_after=None
[2025-01-01T18:37:45.357+0000] {processor.py:208} INFO - Processing /home/airflow/.local/lib/python3.10/site-packages/airflow/example_dags/example_dynamic_task_mapping.py took 0.066 seconds
[2025-01-01T18:38:15.977+0000] {processor.py:186} INFO - Started process (PID=58646) to work on /home/airflow/.local/lib/python3.10/site-packages/airflow/example_dags/example_dynamic_task_mapping.py
[2025-01-01T18:38:15.978+0000] {processor.py:914} INFO - Processing file /home/airflow/.local/lib/python3.10/site-packages/airflow/example_dags/example_dynamic_task_mapping.py for tasks to queue
[2025-01-01T18:38:15.979+0000] {logging_mixin.py:190} INFO - [2025-01-01T18:38:15.979+0000] {dagbag.py:588} INFO - Filling up the DagBag from /home/airflow/.local/lib/python3.10/site-packages/airflow/example_dags/example_dynamic_task_mapping.py
[2025-01-01T18:38:15.989+0000] {processor.py:925} INFO - DAG(s) 'example_dynamic_task_mapping' retrieved from /home/airflow/.local/lib/python3.10/site-packages/airflow/example_dags/example_dynamic_task_mapping.py
[2025-01-01T18:38:16.013+0000] {logging_mixin.py:190} INFO - [2025-01-01T18:38:16.012+0000] {dag.py:3239} INFO - Sync 1 DAGs
[2025-01-01T18:38:16.029+0000] {logging_mixin.py:190} INFO - [2025-01-01T18:38:16.029+0000] {dag.py:4180} INFO - Setting next_dagrun for example_dynamic_task_mapping to None, run_after=None
[2025-01-01T18:38:16.048+0000] {processor.py:208} INFO - Processing /home/airflow/.local/lib/python3.10/site-packages/airflow/example_dags/example_dynamic_task_mapping.py took 0.077 seconds
[2025-01-01T18:38:46.455+0000] {processor.py:186} INFO - Started process (PID=58720) to work on /home/airflow/.local/lib/python3.10/site-packages/airflow/example_dags/example_dynamic_task_mapping.py
[2025-01-01T18:38:46.457+0000] {processor.py:914} INFO - Processing file /home/airflow/.local/lib/python3.10/site-packages/airflow/example_dags/example_dynamic_task_mapping.py for tasks to queue
[2025-01-01T18:38:46.458+0000] {logging_mixin.py:190} INFO - [2025-01-01T18:38:46.458+0000] {dagbag.py:588} INFO - Filling up the DagBag from /home/airflow/.local/lib/python3.10/site-packages/airflow/example_dags/example_dynamic_task_mapping.py
[2025-01-01T18:38:46.466+0000] {processor.py:925} INFO - DAG(s) 'example_dynamic_task_mapping' retrieved from /home/airflow/.local/lib/python3.10/site-packages/airflow/example_dags/example_dynamic_task_mapping.py
[2025-01-01T18:38:46.487+0000] {logging_mixin.py:190} INFO - [2025-01-01T18:38:46.486+0000] {dag.py:3239} INFO - Sync 1 DAGs
[2025-01-01T18:38:46.499+0000] {logging_mixin.py:190} INFO - [2025-01-01T18:38:46.499+0000] {dag.py:4180} INFO - Setting next_dagrun for example_dynamic_task_mapping to None, run_after=None
[2025-01-01T18:38:46.513+0000] {processor.py:208} INFO - Processing /home/airflow/.local/lib/python3.10/site-packages/airflow/example_dags/example_dynamic_task_mapping.py took 0.065 seconds
[2025-01-01T18:39:17.130+0000] {processor.py:186} INFO - Started process (PID=58788) to work on /home/airflow/.local/lib/python3.10/site-packages/airflow/example_dags/example_dynamic_task_mapping.py
[2025-01-01T18:39:17.131+0000] {processor.py:914} INFO - Processing file /home/airflow/.local/lib/python3.10/site-packages/airflow/example_dags/example_dynamic_task_mapping.py for tasks to queue
[2025-01-01T18:39:17.132+0000] {logging_mixin.py:190} INFO - [2025-01-01T18:39:17.132+0000] {dagbag.py:588} INFO - Filling up the DagBag from /home/airflow/.local/lib/python3.10/site-packages/airflow/example_dags/example_dynamic_task_mapping.py
[2025-01-01T18:39:17.141+0000] {processor.py:925} INFO - DAG(s) 'example_dynamic_task_mapping' retrieved from /home/airflow/.local/lib/python3.10/site-packages/airflow/example_dags/example_dynamic_task_mapping.py
[2025-01-01T18:39:17.161+0000] {logging_mixin.py:190} INFO - [2025-01-01T18:39:17.161+0000] {dag.py:3239} INFO - Sync 1 DAGs
[2025-01-01T18:39:17.174+0000] {logging_mixin.py:190} INFO - [2025-01-01T18:39:17.174+0000] {dag.py:4180} INFO - Setting next_dagrun for example_dynamic_task_mapping to None, run_after=None
[2025-01-01T18:39:17.189+0000] {processor.py:208} INFO - Processing /home/airflow/.local/lib/python3.10/site-packages/airflow/example_dags/example_dynamic_task_mapping.py took 0.065 seconds
[2025-01-01T18:39:47.893+0000] {processor.py:186} INFO - Started process (PID=58856) to work on /home/airflow/.local/lib/python3.10/site-packages/airflow/example_dags/example_dynamic_task_mapping.py
[2025-01-01T18:39:47.894+0000] {processor.py:914} INFO - Processing file /home/airflow/.local/lib/python3.10/site-packages/airflow/example_dags/example_dynamic_task_mapping.py for tasks to queue
[2025-01-01T18:39:47.895+0000] {logging_mixin.py:190} INFO - [2025-01-01T18:39:47.895+0000] {dagbag.py:588} INFO - Filling up the DagBag from /home/airflow/.local/lib/python3.10/site-packages/airflow/example_dags/example_dynamic_task_mapping.py
[2025-01-01T18:39:47.904+0000] {processor.py:925} INFO - DAG(s) 'example_dynamic_task_mapping' retrieved from /home/airflow/.local/lib/python3.10/site-packages/airflow/example_dags/example_dynamic_task_mapping.py
[2025-01-01T18:39:47.922+0000] {logging_mixin.py:190} INFO - [2025-01-01T18:39:47.922+0000] {dag.py:3239} INFO - Sync 1 DAGs
[2025-01-01T18:39:47.934+0000] {logging_mixin.py:190} INFO - [2025-01-01T18:39:47.934+0000] {dag.py:4180} INFO - Setting next_dagrun for example_dynamic_task_mapping to None, run_after=None
[2025-01-01T18:39:47.950+0000] {processor.py:208} INFO - Processing /home/airflow/.local/lib/python3.10/site-packages/airflow/example_dags/example_dynamic_task_mapping.py took 0.065 seconds
[2025-01-01T18:40:18.497+0000] {processor.py:186} INFO - Started process (PID=58924) to work on /home/airflow/.local/lib/python3.10/site-packages/airflow/example_dags/example_dynamic_task_mapping.py
[2025-01-01T18:40:18.498+0000] {processor.py:914} INFO - Processing file /home/airflow/.local/lib/python3.10/site-packages/airflow/example_dags/example_dynamic_task_mapping.py for tasks to queue
[2025-01-01T18:40:18.499+0000] {logging_mixin.py:190} INFO - [2025-01-01T18:40:18.499+0000] {dagbag.py:588} INFO - Filling up the DagBag from /home/airflow/.local/lib/python3.10/site-packages/airflow/example_dags/example_dynamic_task_mapping.py
[2025-01-01T18:40:18.507+0000] {processor.py:925} INFO - DAG(s) 'example_dynamic_task_mapping' retrieved from /home/airflow/.local/lib/python3.10/site-packages/airflow/example_dags/example_dynamic_task_mapping.py
[2025-01-01T18:40:18.528+0000] {logging_mixin.py:190} INFO - [2025-01-01T18:40:18.527+0000] {dag.py:3239} INFO - Sync 1 DAGs
[2025-01-01T18:40:18.541+0000] {logging_mixin.py:190} INFO - [2025-01-01T18:40:18.540+0000] {dag.py:4180} INFO - Setting next_dagrun for example_dynamic_task_mapping to None, run_after=None
[2025-01-01T18:40:18.556+0000] {processor.py:208} INFO - Processing /home/airflow/.local/lib/python3.10/site-packages/airflow/example_dags/example_dynamic_task_mapping.py took 0.067 seconds
[2025-01-01T18:40:49.530+0000] {processor.py:186} INFO - Started process (PID=58992) to work on /home/airflow/.local/lib/python3.10/site-packages/airflow/example_dags/example_dynamic_task_mapping.py
[2025-01-01T18:40:49.532+0000] {processor.py:914} INFO - Processing file /home/airflow/.local/lib/python3.10/site-packages/airflow/example_dags/example_dynamic_task_mapping.py for tasks to queue
[2025-01-01T18:40:49.533+0000] {logging_mixin.py:190} INFO - [2025-01-01T18:40:49.533+0000] {dagbag.py:588} INFO - Filling up the DagBag from /home/airflow/.local/lib/python3.10/site-packages/airflow/example_dags/example_dynamic_task_mapping.py
[2025-01-01T18:40:49.548+0000] {processor.py:925} INFO - DAG(s) 'example_dynamic_task_mapping' retrieved from /home/airflow/.local/lib/python3.10/site-packages/airflow/example_dags/example_dynamic_task_mapping.py
[2025-01-01T18:40:49.569+0000] {logging_mixin.py:190} INFO - [2025-01-01T18:40:49.569+0000] {dag.py:3239} INFO - Sync 1 DAGs
[2025-01-01T18:40:49.588+0000] {logging_mixin.py:190} INFO - [2025-01-01T18:40:49.587+0000] {dag.py:4180} INFO - Setting next_dagrun for example_dynamic_task_mapping to None, run_after=None
[2025-01-01T18:40:49.603+0000] {processor.py:208} INFO - Processing /home/airflow/.local/lib/python3.10/site-packages/airflow/example_dags/example_dynamic_task_mapping.py took 0.081 seconds
[2025-01-01T18:41:20.196+0000] {processor.py:186} INFO - Started process (PID=59060) to work on /home/airflow/.local/lib/python3.10/site-packages/airflow/example_dags/example_dynamic_task_mapping.py
[2025-01-01T18:41:20.197+0000] {processor.py:914} INFO - Processing file /home/airflow/.local/lib/python3.10/site-packages/airflow/example_dags/example_dynamic_task_mapping.py for tasks to queue
[2025-01-01T18:41:20.198+0000] {logging_mixin.py:190} INFO - [2025-01-01T18:41:20.198+0000] {dagbag.py:588} INFO - Filling up the DagBag from /home/airflow/.local/lib/python3.10/site-packages/airflow/example_dags/example_dynamic_task_mapping.py
[2025-01-01T18:41:20.207+0000] {processor.py:925} INFO - DAG(s) 'example_dynamic_task_mapping' retrieved from /home/airflow/.local/lib/python3.10/site-packages/airflow/example_dags/example_dynamic_task_mapping.py
[2025-01-01T18:41:20.226+0000] {logging_mixin.py:190} INFO - [2025-01-01T18:41:20.225+0000] {dag.py:3239} INFO - Sync 1 DAGs
[2025-01-01T18:41:20.237+0000] {logging_mixin.py:190} INFO - [2025-01-01T18:41:20.237+0000] {dag.py:4180} INFO - Setting next_dagrun for example_dynamic_task_mapping to None, run_after=None
[2025-01-01T18:41:20.252+0000] {processor.py:208} INFO - Processing /home/airflow/.local/lib/python3.10/site-packages/airflow/example_dags/example_dynamic_task_mapping.py took 0.063 seconds
[2025-01-01T18:41:51.044+0000] {processor.py:186} INFO - Started process (PID=59128) to work on /home/airflow/.local/lib/python3.10/site-packages/airflow/example_dags/example_dynamic_task_mapping.py
[2025-01-01T18:41:51.045+0000] {processor.py:914} INFO - Processing file /home/airflow/.local/lib/python3.10/site-packages/airflow/example_dags/example_dynamic_task_mapping.py for tasks to queue
[2025-01-01T18:41:51.047+0000] {logging_mixin.py:190} INFO - [2025-01-01T18:41:51.046+0000] {dagbag.py:588} INFO - Filling up the DagBag from /home/airflow/.local/lib/python3.10/site-packages/airflow/example_dags/example_dynamic_task_mapping.py
[2025-01-01T18:41:51.056+0000] {processor.py:925} INFO - DAG(s) 'example_dynamic_task_mapping' retrieved from /home/airflow/.local/lib/python3.10/site-packages/airflow/example_dags/example_dynamic_task_mapping.py
[2025-01-01T18:41:51.076+0000] {logging_mixin.py:190} INFO - [2025-01-01T18:41:51.076+0000] {dag.py:3239} INFO - Sync 1 DAGs
[2025-01-01T18:41:51.089+0000] {logging_mixin.py:190} INFO - [2025-01-01T18:41:51.089+0000] {dag.py:4180} INFO - Setting next_dagrun for example_dynamic_task_mapping to None, run_after=None
[2025-01-01T18:41:51.105+0000] {processor.py:208} INFO - Processing /home/airflow/.local/lib/python3.10/site-packages/airflow/example_dags/example_dynamic_task_mapping.py took 0.068 seconds
[2025-01-01T18:42:22.057+0000] {processor.py:186} INFO - Started process (PID=59196) to work on /home/airflow/.local/lib/python3.10/site-packages/airflow/example_dags/example_dynamic_task_mapping.py
[2025-01-01T18:42:22.059+0000] {processor.py:914} INFO - Processing file /home/airflow/.local/lib/python3.10/site-packages/airflow/example_dags/example_dynamic_task_mapping.py for tasks to queue
[2025-01-01T18:42:22.060+0000] {logging_mixin.py:190} INFO - [2025-01-01T18:42:22.060+0000] {dagbag.py:588} INFO - Filling up the DagBag from /home/airflow/.local/lib/python3.10/site-packages/airflow/example_dags/example_dynamic_task_mapping.py
[2025-01-01T18:42:22.070+0000] {processor.py:925} INFO - DAG(s) 'example_dynamic_task_mapping' retrieved from /home/airflow/.local/lib/python3.10/site-packages/airflow/example_dags/example_dynamic_task_mapping.py
[2025-01-01T18:42:22.090+0000] {logging_mixin.py:190} INFO - [2025-01-01T18:42:22.090+0000] {dag.py:3239} INFO - Sync 1 DAGs
[2025-01-01T18:42:22.104+0000] {logging_mixin.py:190} INFO - [2025-01-01T18:42:22.104+0000] {dag.py:4180} INFO - Setting next_dagrun for example_dynamic_task_mapping to None, run_after=None
[2025-01-01T18:42:22.123+0000] {processor.py:208} INFO - Processing /home/airflow/.local/lib/python3.10/site-packages/airflow/example_dags/example_dynamic_task_mapping.py took 0.072 seconds
[2025-01-01T18:42:52.726+0000] {processor.py:186} INFO - Started process (PID=59264) to work on /home/airflow/.local/lib/python3.10/site-packages/airflow/example_dags/example_dynamic_task_mapping.py
[2025-01-01T18:42:52.727+0000] {processor.py:914} INFO - Processing file /home/airflow/.local/lib/python3.10/site-packages/airflow/example_dags/example_dynamic_task_mapping.py for tasks to queue
[2025-01-01T18:42:52.729+0000] {logging_mixin.py:190} INFO - [2025-01-01T18:42:52.728+0000] {dagbag.py:588} INFO - Filling up the DagBag from /home/airflow/.local/lib/python3.10/site-packages/airflow/example_dags/example_dynamic_task_mapping.py
[2025-01-01T18:42:52.737+0000] {processor.py:925} INFO - DAG(s) 'example_dynamic_task_mapping' retrieved from /home/airflow/.local/lib/python3.10/site-packages/airflow/example_dags/example_dynamic_task_mapping.py
[2025-01-01T18:42:52.755+0000] {logging_mixin.py:190} INFO - [2025-01-01T18:42:52.755+0000] {dag.py:3239} INFO - Sync 1 DAGs
[2025-01-01T18:42:52.770+0000] {logging_mixin.py:190} INFO - [2025-01-01T18:42:52.769+0000] {dag.py:4180} INFO - Setting next_dagrun for example_dynamic_task_mapping to None, run_after=None
[2025-01-01T18:42:52.785+0000] {processor.py:208} INFO - Processing /home/airflow/.local/lib/python3.10/site-packages/airflow/example_dags/example_dynamic_task_mapping.py took 0.065 seconds
[2025-01-01T18:43:23.673+0000] {processor.py:186} INFO - Started process (PID=59332) to work on /home/airflow/.local/lib/python3.10/site-packages/airflow/example_dags/example_dynamic_task_mapping.py
[2025-01-01T18:43:23.674+0000] {processor.py:914} INFO - Processing file /home/airflow/.local/lib/python3.10/site-packages/airflow/example_dags/example_dynamic_task_mapping.py for tasks to queue
[2025-01-01T18:43:23.676+0000] {logging_mixin.py:190} INFO - [2025-01-01T18:43:23.676+0000] {dagbag.py:588} INFO - Filling up the DagBag from /home/airflow/.local/lib/python3.10/site-packages/airflow/example_dags/example_dynamic_task_mapping.py
[2025-01-01T18:43:23.684+0000] {processor.py:925} INFO - DAG(s) 'example_dynamic_task_mapping' retrieved from /home/airflow/.local/lib/python3.10/site-packages/airflow/example_dags/example_dynamic_task_mapping.py
[2025-01-01T18:43:23.703+0000] {logging_mixin.py:190} INFO - [2025-01-01T18:43:23.703+0000] {dag.py:3239} INFO - Sync 1 DAGs
[2025-01-01T18:43:23.716+0000] {logging_mixin.py:190} INFO - [2025-01-01T18:43:23.716+0000] {dag.py:4180} INFO - Setting next_dagrun for example_dynamic_task_mapping to None, run_after=None
[2025-01-01T18:43:23.731+0000] {processor.py:208} INFO - Processing /home/airflow/.local/lib/python3.10/site-packages/airflow/example_dags/example_dynamic_task_mapping.py took 0.064 seconds
[2025-01-01T18:43:54.293+0000] {processor.py:186} INFO - Started process (PID=59400) to work on /home/airflow/.local/lib/python3.10/site-packages/airflow/example_dags/example_dynamic_task_mapping.py
[2025-01-01T18:43:54.294+0000] {processor.py:914} INFO - Processing file /home/airflow/.local/lib/python3.10/site-packages/airflow/example_dags/example_dynamic_task_mapping.py for tasks to queue
[2025-01-01T18:43:54.296+0000] {logging_mixin.py:190} INFO - [2025-01-01T18:43:54.295+0000] {dagbag.py:588} INFO - Filling up the DagBag from /home/airflow/.local/lib/python3.10/site-packages/airflow/example_dags/example_dynamic_task_mapping.py
[2025-01-01T18:43:54.306+0000] {processor.py:925} INFO - DAG(s) 'example_dynamic_task_mapping' retrieved from /home/airflow/.local/lib/python3.10/site-packages/airflow/example_dags/example_dynamic_task_mapping.py
[2025-01-01T18:43:54.324+0000] {logging_mixin.py:190} INFO - [2025-01-01T18:43:54.324+0000] {dag.py:3239} INFO - Sync 1 DAGs
[2025-01-01T18:43:54.336+0000] {logging_mixin.py:190} INFO - [2025-01-01T18:43:54.336+0000] {dag.py:4180} INFO - Setting next_dagrun for example_dynamic_task_mapping to None, run_after=None
[2025-01-01T18:43:54.352+0000] {processor.py:208} INFO - Processing /home/airflow/.local/lib/python3.10/site-packages/airflow/example_dags/example_dynamic_task_mapping.py took 0.065 seconds
[2025-01-01T18:44:24.906+0000] {processor.py:186} INFO - Started process (PID=59468) to work on /home/airflow/.local/lib/python3.10/site-packages/airflow/example_dags/example_dynamic_task_mapping.py
[2025-01-01T18:44:24.907+0000] {processor.py:914} INFO - Processing file /home/airflow/.local/lib/python3.10/site-packages/airflow/example_dags/example_dynamic_task_mapping.py for tasks to queue
[2025-01-01T18:44:24.909+0000] {logging_mixin.py:190} INFO - [2025-01-01T18:44:24.908+0000] {dagbag.py:588} INFO - Filling up the DagBag from /home/airflow/.local/lib/python3.10/site-packages/airflow/example_dags/example_dynamic_task_mapping.py
[2025-01-01T18:44:24.918+0000] {processor.py:925} INFO - DAG(s) 'example_dynamic_task_mapping' retrieved from /home/airflow/.local/lib/python3.10/site-packages/airflow/example_dags/example_dynamic_task_mapping.py
[2025-01-01T18:44:24.937+0000] {logging_mixin.py:190} INFO - [2025-01-01T18:44:24.937+0000] {dag.py:3239} INFO - Sync 1 DAGs
[2025-01-01T18:44:24.950+0000] {logging_mixin.py:190} INFO - [2025-01-01T18:44:24.949+0000] {dag.py:4180} INFO - Setting next_dagrun for example_dynamic_task_mapping to None, run_after=None
[2025-01-01T18:44:24.968+0000] {processor.py:208} INFO - Processing /home/airflow/.local/lib/python3.10/site-packages/airflow/example_dags/example_dynamic_task_mapping.py took 0.069 seconds
[2025-01-01T18:44:55.623+0000] {processor.py:186} INFO - Started process (PID=59536) to work on /home/airflow/.local/lib/python3.10/site-packages/airflow/example_dags/example_dynamic_task_mapping.py
[2025-01-01T18:44:55.624+0000] {processor.py:914} INFO - Processing file /home/airflow/.local/lib/python3.10/site-packages/airflow/example_dags/example_dynamic_task_mapping.py for tasks to queue
[2025-01-01T18:44:55.625+0000] {logging_mixin.py:190} INFO - [2025-01-01T18:44:55.625+0000] {dagbag.py:588} INFO - Filling up the DagBag from /home/airflow/.local/lib/python3.10/site-packages/airflow/example_dags/example_dynamic_task_mapping.py
[2025-01-01T18:44:55.634+0000] {processor.py:925} INFO - DAG(s) 'example_dynamic_task_mapping' retrieved from /home/airflow/.local/lib/python3.10/site-packages/airflow/example_dags/example_dynamic_task_mapping.py
[2025-01-01T18:44:55.654+0000] {logging_mixin.py:190} INFO - [2025-01-01T18:44:55.653+0000] {dag.py:3239} INFO - Sync 1 DAGs
[2025-01-01T18:44:55.666+0000] {logging_mixin.py:190} INFO - [2025-01-01T18:44:55.666+0000] {dag.py:4180} INFO - Setting next_dagrun for example_dynamic_task_mapping to None, run_after=None
[2025-01-01T18:44:55.682+0000] {processor.py:208} INFO - Processing /home/airflow/.local/lib/python3.10/site-packages/airflow/example_dags/example_dynamic_task_mapping.py took 0.066 seconds
[2025-01-01T18:45:26.644+0000] {processor.py:186} INFO - Started process (PID=59604) to work on /home/airflow/.local/lib/python3.10/site-packages/airflow/example_dags/example_dynamic_task_mapping.py
[2025-01-01T18:45:26.645+0000] {processor.py:914} INFO - Processing file /home/airflow/.local/lib/python3.10/site-packages/airflow/example_dags/example_dynamic_task_mapping.py for tasks to queue
[2025-01-01T18:45:26.647+0000] {logging_mixin.py:190} INFO - [2025-01-01T18:45:26.646+0000] {dagbag.py:588} INFO - Filling up the DagBag from /home/airflow/.local/lib/python3.10/site-packages/airflow/example_dags/example_dynamic_task_mapping.py
[2025-01-01T18:45:26.655+0000] {processor.py:925} INFO - DAG(s) 'example_dynamic_task_mapping' retrieved from /home/airflow/.local/lib/python3.10/site-packages/airflow/example_dags/example_dynamic_task_mapping.py
[2025-01-01T18:45:26.676+0000] {logging_mixin.py:190} INFO - [2025-01-01T18:45:26.675+0000] {dag.py:3239} INFO - Sync 1 DAGs
[2025-01-01T18:45:26.688+0000] {logging_mixin.py:190} INFO - [2025-01-01T18:45:26.688+0000] {dag.py:4180} INFO - Setting next_dagrun for example_dynamic_task_mapping to None, run_after=None
[2025-01-01T18:45:26.705+0000] {processor.py:208} INFO - Processing /home/airflow/.local/lib/python3.10/site-packages/airflow/example_dags/example_dynamic_task_mapping.py took 0.067 seconds
[2025-01-01T18:45:57.387+0000] {processor.py:186} INFO - Started process (PID=59672) to work on /home/airflow/.local/lib/python3.10/site-packages/airflow/example_dags/example_dynamic_task_mapping.py
[2025-01-01T18:45:57.389+0000] {processor.py:914} INFO - Processing file /home/airflow/.local/lib/python3.10/site-packages/airflow/example_dags/example_dynamic_task_mapping.py for tasks to queue
[2025-01-01T18:45:57.390+0000] {logging_mixin.py:190} INFO - [2025-01-01T18:45:57.390+0000] {dagbag.py:588} INFO - Filling up the DagBag from /home/airflow/.local/lib/python3.10/site-packages/airflow/example_dags/example_dynamic_task_mapping.py
[2025-01-01T18:45:57.399+0000] {processor.py:925} INFO - DAG(s) 'example_dynamic_task_mapping' retrieved from /home/airflow/.local/lib/python3.10/site-packages/airflow/example_dags/example_dynamic_task_mapping.py
[2025-01-01T18:45:57.417+0000] {logging_mixin.py:190} INFO - [2025-01-01T18:45:57.417+0000] {dag.py:3239} INFO - Sync 1 DAGs
[2025-01-01T18:45:57.431+0000] {logging_mixin.py:190} INFO - [2025-01-01T18:45:57.431+0000] {dag.py:4180} INFO - Setting next_dagrun for example_dynamic_task_mapping to None, run_after=None
[2025-01-01T18:45:57.447+0000] {processor.py:208} INFO - Processing /home/airflow/.local/lib/python3.10/site-packages/airflow/example_dags/example_dynamic_task_mapping.py took 0.067 seconds
[2025-01-01T18:46:28.111+0000] {processor.py:186} INFO - Started process (PID=59740) to work on /home/airflow/.local/lib/python3.10/site-packages/airflow/example_dags/example_dynamic_task_mapping.py
[2025-01-01T18:46:28.112+0000] {processor.py:914} INFO - Processing file /home/airflow/.local/lib/python3.10/site-packages/airflow/example_dags/example_dynamic_task_mapping.py for tasks to queue
[2025-01-01T18:46:28.113+0000] {logging_mixin.py:190} INFO - [2025-01-01T18:46:28.113+0000] {dagbag.py:588} INFO - Filling up the DagBag from /home/airflow/.local/lib/python3.10/site-packages/airflow/example_dags/example_dynamic_task_mapping.py
[2025-01-01T18:46:28.126+0000] {processor.py:925} INFO - DAG(s) 'example_dynamic_task_mapping' retrieved from /home/airflow/.local/lib/python3.10/site-packages/airflow/example_dags/example_dynamic_task_mapping.py
[2025-01-01T18:46:28.149+0000] {logging_mixin.py:190} INFO - [2025-01-01T18:46:28.148+0000] {dag.py:3239} INFO - Sync 1 DAGs
[2025-01-01T18:46:28.162+0000] {logging_mixin.py:190} INFO - [2025-01-01T18:46:28.162+0000] {dag.py:4180} INFO - Setting next_dagrun for example_dynamic_task_mapping to None, run_after=None
[2025-01-01T18:46:28.179+0000] {processor.py:208} INFO - Processing /home/airflow/.local/lib/python3.10/site-packages/airflow/example_dags/example_dynamic_task_mapping.py took 0.077 seconds
[2025-01-01T18:46:58.783+0000] {processor.py:186} INFO - Started process (PID=59808) to work on /home/airflow/.local/lib/python3.10/site-packages/airflow/example_dags/example_dynamic_task_mapping.py
[2025-01-01T18:46:58.785+0000] {processor.py:914} INFO - Processing file /home/airflow/.local/lib/python3.10/site-packages/airflow/example_dags/example_dynamic_task_mapping.py for tasks to queue
[2025-01-01T18:46:58.787+0000] {logging_mixin.py:190} INFO - [2025-01-01T18:46:58.786+0000] {dagbag.py:588} INFO - Filling up the DagBag from /home/airflow/.local/lib/python3.10/site-packages/airflow/example_dags/example_dynamic_task_mapping.py
[2025-01-01T18:46:58.795+0000] {processor.py:925} INFO - DAG(s) 'example_dynamic_task_mapping' retrieved from /home/airflow/.local/lib/python3.10/site-packages/airflow/example_dags/example_dynamic_task_mapping.py
[2025-01-01T18:46:58.814+0000] {logging_mixin.py:190} INFO - [2025-01-01T18:46:58.813+0000] {dag.py:3239} INFO - Sync 1 DAGs
[2025-01-01T18:46:58.827+0000] {logging_mixin.py:190} INFO - [2025-01-01T18:46:58.827+0000] {dag.py:4180} INFO - Setting next_dagrun for example_dynamic_task_mapping to None, run_after=None
[2025-01-01T18:46:58.845+0000] {processor.py:208} INFO - Processing /home/airflow/.local/lib/python3.10/site-packages/airflow/example_dags/example_dynamic_task_mapping.py took 0.068 seconds
[2025-01-01T18:47:29.744+0000] {processor.py:186} INFO - Started process (PID=59876) to work on /home/airflow/.local/lib/python3.10/site-packages/airflow/example_dags/example_dynamic_task_mapping.py
[2025-01-01T18:47:29.745+0000] {processor.py:914} INFO - Processing file /home/airflow/.local/lib/python3.10/site-packages/airflow/example_dags/example_dynamic_task_mapping.py for tasks to queue
[2025-01-01T18:47:29.746+0000] {logging_mixin.py:190} INFO - [2025-01-01T18:47:29.746+0000] {dagbag.py:588} INFO - Filling up the DagBag from /home/airflow/.local/lib/python3.10/site-packages/airflow/example_dags/example_dynamic_task_mapping.py
[2025-01-01T18:47:29.755+0000] {processor.py:925} INFO - DAG(s) 'example_dynamic_task_mapping' retrieved from /home/airflow/.local/lib/python3.10/site-packages/airflow/example_dags/example_dynamic_task_mapping.py
[2025-01-01T18:47:29.774+0000] {logging_mixin.py:190} INFO - [2025-01-01T18:47:29.774+0000] {dag.py:3239} INFO - Sync 1 DAGs
[2025-01-01T18:47:29.789+0000] {logging_mixin.py:190} INFO - [2025-01-01T18:47:29.788+0000] {dag.py:4180} INFO - Setting next_dagrun for example_dynamic_task_mapping to None, run_after=None
[2025-01-01T18:47:29.804+0000] {processor.py:208} INFO - Processing /home/airflow/.local/lib/python3.10/site-packages/airflow/example_dags/example_dynamic_task_mapping.py took 0.068 seconds
