[2025-01-01T18:19:07.215+0000] {processor.py:186} INFO - Started process (PID=56143) to work on /home/airflow/.local/lib/python3.10/site-packages/airflow/example_dags/example_trigger_controller_dag.py
[2025-01-01T18:19:07.217+0000] {processor.py:914} INFO - Processing file /home/airflow/.local/lib/python3.10/site-packages/airflow/example_dags/example_trigger_controller_dag.py for tasks to queue
[2025-01-01T18:19:07.220+0000] {logging_mixin.py:190} INFO - [2025-01-01T18:19:07.219+0000] {dagbag.py:588} INFO - Filling up the DagBag from /home/airflow/.local/lib/python3.10/site-packages/airflow/example_dags/example_trigger_controller_dag.py
[2025-01-01T18:19:07.241+0000] {processor.py:925} INFO - DAG(s) 'example_trigger_controller_dag' retrieved from /home/airflow/.local/lib/python3.10/site-packages/airflow/example_dags/example_trigger_controller_dag.py
[2025-01-01T18:19:07.283+0000] {logging_mixin.py:190} INFO - [2025-01-01T18:19:07.283+0000] {dag.py:3239} INFO - Sync 1 DAGs
[2025-01-01T18:19:07.334+0000] {logging_mixin.py:190} INFO - [2025-01-01T18:19:07.334+0000] {dag.py:4180} INFO - Setting next_dagrun for example_trigger_controller_dag to 2021-01-01 00:00:00+00:00, run_after=2021-01-01 00:00:00+00:00
[2025-01-01T18:19:07.405+0000] {processor.py:208} INFO - Processing /home/airflow/.local/lib/python3.10/site-packages/airflow/example_dags/example_trigger_controller_dag.py took 0.206 seconds
[2025-01-01T18:19:48.390+0000] {processor.py:186} INFO - Started process (PID=56222) to work on /home/airflow/.local/lib/python3.10/site-packages/airflow/example_dags/example_trigger_controller_dag.py
[2025-01-01T18:19:48.391+0000] {processor.py:914} INFO - Processing file /home/airflow/.local/lib/python3.10/site-packages/airflow/example_dags/example_trigger_controller_dag.py for tasks to queue
[2025-01-01T18:19:48.393+0000] {logging_mixin.py:190} INFO - [2025-01-01T18:19:48.393+0000] {dagbag.py:588} INFO - Filling up the DagBag from /home/airflow/.local/lib/python3.10/site-packages/airflow/example_dags/example_trigger_controller_dag.py
[2025-01-01T18:19:48.400+0000] {processor.py:925} INFO - DAG(s) 'example_trigger_controller_dag' retrieved from /home/airflow/.local/lib/python3.10/site-packages/airflow/example_dags/example_trigger_controller_dag.py
[2025-01-01T18:19:48.425+0000] {logging_mixin.py:190} INFO - [2025-01-01T18:19:48.425+0000] {dag.py:3239} INFO - Sync 1 DAGs
[2025-01-01T18:19:48.450+0000] {logging_mixin.py:190} INFO - [2025-01-01T18:19:48.450+0000] {dag.py:4180} INFO - Setting next_dagrun for example_trigger_controller_dag to 2021-01-01 00:00:00+00:00, run_after=2021-01-01 00:00:00+00:00
[2025-01-01T18:19:48.470+0000] {processor.py:208} INFO - Processing /home/airflow/.local/lib/python3.10/site-packages/airflow/example_dags/example_trigger_controller_dag.py took 0.087 seconds
[2025-01-01T18:20:18.604+0000] {processor.py:186} INFO - Started process (PID=56291) to work on /home/airflow/.local/lib/python3.10/site-packages/airflow/example_dags/example_trigger_controller_dag.py
[2025-01-01T18:20:18.605+0000] {processor.py:914} INFO - Processing file /home/airflow/.local/lib/python3.10/site-packages/airflow/example_dags/example_trigger_controller_dag.py for tasks to queue
[2025-01-01T18:20:18.606+0000] {logging_mixin.py:190} INFO - [2025-01-01T18:20:18.606+0000] {dagbag.py:588} INFO - Filling up the DagBag from /home/airflow/.local/lib/python3.10/site-packages/airflow/example_dags/example_trigger_controller_dag.py
[2025-01-01T18:20:18.613+0000] {processor.py:925} INFO - DAG(s) 'example_trigger_controller_dag' retrieved from /home/airflow/.local/lib/python3.10/site-packages/airflow/example_dags/example_trigger_controller_dag.py
[2025-01-01T18:20:18.638+0000] {logging_mixin.py:190} INFO - [2025-01-01T18:20:18.637+0000] {dag.py:3239} INFO - Sync 1 DAGs
[2025-01-01T18:20:18.662+0000] {logging_mixin.py:190} INFO - [2025-01-01T18:20:18.661+0000] {dag.py:4180} INFO - Setting next_dagrun for example_trigger_controller_dag to 2021-01-01 00:00:00+00:00, run_after=2021-01-01 00:00:00+00:00
[2025-01-01T18:20:18.678+0000] {processor.py:208} INFO - Processing /home/airflow/.local/lib/python3.10/site-packages/airflow/example_dags/example_trigger_controller_dag.py took 0.081 seconds
[2025-01-01T18:20:49.466+0000] {processor.py:186} INFO - Started process (PID=56359) to work on /home/airflow/.local/lib/python3.10/site-packages/airflow/example_dags/example_trigger_controller_dag.py
[2025-01-01T18:20:49.468+0000] {processor.py:914} INFO - Processing file /home/airflow/.local/lib/python3.10/site-packages/airflow/example_dags/example_trigger_controller_dag.py for tasks to queue
[2025-01-01T18:20:49.470+0000] {logging_mixin.py:190} INFO - [2025-01-01T18:20:49.469+0000] {dagbag.py:588} INFO - Filling up the DagBag from /home/airflow/.local/lib/python3.10/site-packages/airflow/example_dags/example_trigger_controller_dag.py
[2025-01-01T18:20:49.481+0000] {processor.py:925} INFO - DAG(s) 'example_trigger_controller_dag' retrieved from /home/airflow/.local/lib/python3.10/site-packages/airflow/example_dags/example_trigger_controller_dag.py
[2025-01-01T18:20:49.514+0000] {logging_mixin.py:190} INFO - [2025-01-01T18:20:49.514+0000] {dag.py:3239} INFO - Sync 1 DAGs
[2025-01-01T18:20:49.573+0000] {logging_mixin.py:190} INFO - [2025-01-01T18:20:49.572+0000] {dag.py:4180} INFO - Setting next_dagrun for example_trigger_controller_dag to 2021-01-01 00:00:00+00:00, run_after=2021-01-01 00:00:00+00:00
[2025-01-01T18:20:49.612+0000] {processor.py:208} INFO - Processing /home/airflow/.local/lib/python3.10/site-packages/airflow/example_dags/example_trigger_controller_dag.py took 0.157 seconds
[2025-01-01T18:21:20.585+0000] {processor.py:186} INFO - Started process (PID=56428) to work on /home/airflow/.local/lib/python3.10/site-packages/airflow/example_dags/example_trigger_controller_dag.py
[2025-01-01T18:21:20.586+0000] {processor.py:914} INFO - Processing file /home/airflow/.local/lib/python3.10/site-packages/airflow/example_dags/example_trigger_controller_dag.py for tasks to queue
[2025-01-01T18:21:20.588+0000] {logging_mixin.py:190} INFO - [2025-01-01T18:21:20.587+0000] {dagbag.py:588} INFO - Filling up the DagBag from /home/airflow/.local/lib/python3.10/site-packages/airflow/example_dags/example_trigger_controller_dag.py
[2025-01-01T18:21:20.594+0000] {processor.py:925} INFO - DAG(s) 'example_trigger_controller_dag' retrieved from /home/airflow/.local/lib/python3.10/site-packages/airflow/example_dags/example_trigger_controller_dag.py
[2025-01-01T18:21:20.612+0000] {logging_mixin.py:190} INFO - [2025-01-01T18:21:20.612+0000] {dag.py:3239} INFO - Sync 1 DAGs
[2025-01-01T18:21:20.633+0000] {logging_mixin.py:190} INFO - [2025-01-01T18:21:20.633+0000] {dag.py:4180} INFO - Setting next_dagrun for example_trigger_controller_dag to 2021-01-01 00:00:00+00:00, run_after=2021-01-01 00:00:00+00:00
[2025-01-01T18:21:20.650+0000] {processor.py:208} INFO - Processing /home/airflow/.local/lib/python3.10/site-packages/airflow/example_dags/example_trigger_controller_dag.py took 0.071 seconds
[2025-01-01T18:21:50.914+0000] {processor.py:186} INFO - Started process (PID=56496) to work on /home/airflow/.local/lib/python3.10/site-packages/airflow/example_dags/example_trigger_controller_dag.py
[2025-01-01T18:21:50.915+0000] {processor.py:914} INFO - Processing file /home/airflow/.local/lib/python3.10/site-packages/airflow/example_dags/example_trigger_controller_dag.py for tasks to queue
[2025-01-01T18:21:50.917+0000] {logging_mixin.py:190} INFO - [2025-01-01T18:21:50.916+0000] {dagbag.py:588} INFO - Filling up the DagBag from /home/airflow/.local/lib/python3.10/site-packages/airflow/example_dags/example_trigger_controller_dag.py
[2025-01-01T18:21:50.922+0000] {processor.py:925} INFO - DAG(s) 'example_trigger_controller_dag' retrieved from /home/airflow/.local/lib/python3.10/site-packages/airflow/example_dags/example_trigger_controller_dag.py
[2025-01-01T18:21:50.941+0000] {logging_mixin.py:190} INFO - [2025-01-01T18:21:50.940+0000] {dag.py:3239} INFO - Sync 1 DAGs
[2025-01-01T18:21:50.962+0000] {logging_mixin.py:190} INFO - [2025-01-01T18:21:50.961+0000] {dag.py:4180} INFO - Setting next_dagrun for example_trigger_controller_dag to 2021-01-01 00:00:00+00:00, run_after=2021-01-01 00:00:00+00:00
[2025-01-01T18:21:50.977+0000] {processor.py:208} INFO - Processing /home/airflow/.local/lib/python3.10/site-packages/airflow/example_dags/example_trigger_controller_dag.py took 0.068 seconds
[2025-01-01T18:22:21.134+0000] {processor.py:186} INFO - Started process (PID=56564) to work on /home/airflow/.local/lib/python3.10/site-packages/airflow/example_dags/example_trigger_controller_dag.py
[2025-01-01T18:22:21.135+0000] {processor.py:914} INFO - Processing file /home/airflow/.local/lib/python3.10/site-packages/airflow/example_dags/example_trigger_controller_dag.py for tasks to queue
[2025-01-01T18:22:21.136+0000] {logging_mixin.py:190} INFO - [2025-01-01T18:22:21.136+0000] {dagbag.py:588} INFO - Filling up the DagBag from /home/airflow/.local/lib/python3.10/site-packages/airflow/example_dags/example_trigger_controller_dag.py
[2025-01-01T18:22:21.143+0000] {processor.py:925} INFO - DAG(s) 'example_trigger_controller_dag' retrieved from /home/airflow/.local/lib/python3.10/site-packages/airflow/example_dags/example_trigger_controller_dag.py
[2025-01-01T18:22:21.162+0000] {logging_mixin.py:190} INFO - [2025-01-01T18:22:21.161+0000] {dag.py:3239} INFO - Sync 1 DAGs
[2025-01-01T18:22:21.183+0000] {logging_mixin.py:190} INFO - [2025-01-01T18:22:21.183+0000] {dag.py:4180} INFO - Setting next_dagrun for example_trigger_controller_dag to 2021-01-01 00:00:00+00:00, run_after=2021-01-01 00:00:00+00:00
[2025-01-01T18:22:21.199+0000] {processor.py:208} INFO - Processing /home/airflow/.local/lib/python3.10/site-packages/airflow/example_dags/example_trigger_controller_dag.py took 0.071 seconds
[2025-01-01T18:22:51.524+0000] {processor.py:186} INFO - Started process (PID=56632) to work on /home/airflow/.local/lib/python3.10/site-packages/airflow/example_dags/example_trigger_controller_dag.py
[2025-01-01T18:22:51.526+0000] {processor.py:914} INFO - Processing file /home/airflow/.local/lib/python3.10/site-packages/airflow/example_dags/example_trigger_controller_dag.py for tasks to queue
[2025-01-01T18:22:51.530+0000] {logging_mixin.py:190} INFO - [2025-01-01T18:22:51.528+0000] {dagbag.py:588} INFO - Filling up the DagBag from /home/airflow/.local/lib/python3.10/site-packages/airflow/example_dags/example_trigger_controller_dag.py
[2025-01-01T18:22:51.540+0000] {processor.py:925} INFO - DAG(s) 'example_trigger_controller_dag' retrieved from /home/airflow/.local/lib/python3.10/site-packages/airflow/example_dags/example_trigger_controller_dag.py
[2025-01-01T18:22:51.567+0000] {logging_mixin.py:190} INFO - [2025-01-01T18:22:51.567+0000] {dag.py:3239} INFO - Sync 1 DAGs
[2025-01-01T18:22:51.593+0000] {logging_mixin.py:190} INFO - [2025-01-01T18:22:51.593+0000] {dag.py:4180} INFO - Setting next_dagrun for example_trigger_controller_dag to 2021-01-01 00:00:00+00:00, run_after=2021-01-01 00:00:00+00:00
[2025-01-01T18:22:51.612+0000] {processor.py:208} INFO - Processing /home/airflow/.local/lib/python3.10/site-packages/airflow/example_dags/example_trigger_controller_dag.py took 0.096 seconds
[2025-01-01T18:23:22.017+0000] {processor.py:186} INFO - Started process (PID=56700) to work on /home/airflow/.local/lib/python3.10/site-packages/airflow/example_dags/example_trigger_controller_dag.py
[2025-01-01T18:23:22.019+0000] {processor.py:914} INFO - Processing file /home/airflow/.local/lib/python3.10/site-packages/airflow/example_dags/example_trigger_controller_dag.py for tasks to queue
[2025-01-01T18:23:22.020+0000] {logging_mixin.py:190} INFO - [2025-01-01T18:23:22.020+0000] {dagbag.py:588} INFO - Filling up the DagBag from /home/airflow/.local/lib/python3.10/site-packages/airflow/example_dags/example_trigger_controller_dag.py
[2025-01-01T18:23:22.027+0000] {processor.py:925} INFO - DAG(s) 'example_trigger_controller_dag' retrieved from /home/airflow/.local/lib/python3.10/site-packages/airflow/example_dags/example_trigger_controller_dag.py
[2025-01-01T18:23:22.048+0000] {logging_mixin.py:190} INFO - [2025-01-01T18:23:22.048+0000] {dag.py:3239} INFO - Sync 1 DAGs
[2025-01-01T18:23:22.074+0000] {logging_mixin.py:190} INFO - [2025-01-01T18:23:22.073+0000] {dag.py:4180} INFO - Setting next_dagrun for example_trigger_controller_dag to 2021-01-01 00:00:00+00:00, run_after=2021-01-01 00:00:00+00:00
[2025-01-01T18:23:22.094+0000] {processor.py:208} INFO - Processing /home/airflow/.local/lib/python3.10/site-packages/airflow/example_dags/example_trigger_controller_dag.py took 0.083 seconds
[2025-01-01T18:23:53.194+0000] {processor.py:186} INFO - Started process (PID=56768) to work on /home/airflow/.local/lib/python3.10/site-packages/airflow/example_dags/example_trigger_controller_dag.py
[2025-01-01T18:23:53.195+0000] {processor.py:914} INFO - Processing file /home/airflow/.local/lib/python3.10/site-packages/airflow/example_dags/example_trigger_controller_dag.py for tasks to queue
[2025-01-01T18:23:53.196+0000] {logging_mixin.py:190} INFO - [2025-01-01T18:23:53.196+0000] {dagbag.py:588} INFO - Filling up the DagBag from /home/airflow/.local/lib/python3.10/site-packages/airflow/example_dags/example_trigger_controller_dag.py
[2025-01-01T18:23:53.203+0000] {processor.py:925} INFO - DAG(s) 'example_trigger_controller_dag' retrieved from /home/airflow/.local/lib/python3.10/site-packages/airflow/example_dags/example_trigger_controller_dag.py
[2025-01-01T18:23:53.223+0000] {logging_mixin.py:190} INFO - [2025-01-01T18:23:53.222+0000] {dag.py:3239} INFO - Sync 1 DAGs
[2025-01-01T18:23:53.245+0000] {logging_mixin.py:190} INFO - [2025-01-01T18:23:53.244+0000] {dag.py:4180} INFO - Setting next_dagrun for example_trigger_controller_dag to 2021-01-01 00:00:00+00:00, run_after=2021-01-01 00:00:00+00:00
[2025-01-01T18:23:53.261+0000] {processor.py:208} INFO - Processing /home/airflow/.local/lib/python3.10/site-packages/airflow/example_dags/example_trigger_controller_dag.py took 0.074 seconds
[2025-01-01T18:24:23.944+0000] {processor.py:186} INFO - Started process (PID=56836) to work on /home/airflow/.local/lib/python3.10/site-packages/airflow/example_dags/example_trigger_controller_dag.py
[2025-01-01T18:24:23.945+0000] {processor.py:914} INFO - Processing file /home/airflow/.local/lib/python3.10/site-packages/airflow/example_dags/example_trigger_controller_dag.py for tasks to queue
[2025-01-01T18:24:23.947+0000] {logging_mixin.py:190} INFO - [2025-01-01T18:24:23.947+0000] {dagbag.py:588} INFO - Filling up the DagBag from /home/airflow/.local/lib/python3.10/site-packages/airflow/example_dags/example_trigger_controller_dag.py
[2025-01-01T18:24:23.954+0000] {processor.py:925} INFO - DAG(s) 'example_trigger_controller_dag' retrieved from /home/airflow/.local/lib/python3.10/site-packages/airflow/example_dags/example_trigger_controller_dag.py
[2025-01-01T18:24:23.972+0000] {logging_mixin.py:190} INFO - [2025-01-01T18:24:23.972+0000] {dag.py:3239} INFO - Sync 1 DAGs
[2025-01-01T18:24:23.992+0000] {logging_mixin.py:190} INFO - [2025-01-01T18:24:23.992+0000] {dag.py:4180} INFO - Setting next_dagrun for example_trigger_controller_dag to 2021-01-01 00:00:00+00:00, run_after=2021-01-01 00:00:00+00:00
[2025-01-01T18:24:24.007+0000] {processor.py:208} INFO - Processing /home/airflow/.local/lib/python3.10/site-packages/airflow/example_dags/example_trigger_controller_dag.py took 0.069 seconds
[2025-01-01T18:24:54.233+0000] {processor.py:186} INFO - Started process (PID=56903) to work on /home/airflow/.local/lib/python3.10/site-packages/airflow/example_dags/example_trigger_controller_dag.py
[2025-01-01T18:24:54.234+0000] {processor.py:914} INFO - Processing file /home/airflow/.local/lib/python3.10/site-packages/airflow/example_dags/example_trigger_controller_dag.py for tasks to queue
[2025-01-01T18:24:54.235+0000] {logging_mixin.py:190} INFO - [2025-01-01T18:24:54.235+0000] {dagbag.py:588} INFO - Filling up the DagBag from /home/airflow/.local/lib/python3.10/site-packages/airflow/example_dags/example_trigger_controller_dag.py
[2025-01-01T18:24:54.242+0000] {processor.py:925} INFO - DAG(s) 'example_trigger_controller_dag' retrieved from /home/airflow/.local/lib/python3.10/site-packages/airflow/example_dags/example_trigger_controller_dag.py
[2025-01-01T18:24:54.261+0000] {logging_mixin.py:190} INFO - [2025-01-01T18:24:54.261+0000] {dag.py:3239} INFO - Sync 1 DAGs
[2025-01-01T18:24:54.284+0000] {logging_mixin.py:190} INFO - [2025-01-01T18:24:54.283+0000] {dag.py:4180} INFO - Setting next_dagrun for example_trigger_controller_dag to 2021-01-01 00:00:00+00:00, run_after=2021-01-01 00:00:00+00:00
[2025-01-01T18:24:54.302+0000] {processor.py:208} INFO - Processing /home/airflow/.local/lib/python3.10/site-packages/airflow/example_dags/example_trigger_controller_dag.py took 0.075 seconds
[2025-01-01T18:25:24.976+0000] {processor.py:186} INFO - Started process (PID=56971) to work on /home/airflow/.local/lib/python3.10/site-packages/airflow/example_dags/example_trigger_controller_dag.py
[2025-01-01T18:25:24.977+0000] {processor.py:914} INFO - Processing file /home/airflow/.local/lib/python3.10/site-packages/airflow/example_dags/example_trigger_controller_dag.py for tasks to queue
[2025-01-01T18:25:24.979+0000] {logging_mixin.py:190} INFO - [2025-01-01T18:25:24.978+0000] {dagbag.py:588} INFO - Filling up the DagBag from /home/airflow/.local/lib/python3.10/site-packages/airflow/example_dags/example_trigger_controller_dag.py
[2025-01-01T18:25:24.986+0000] {processor.py:925} INFO - DAG(s) 'example_trigger_controller_dag' retrieved from /home/airflow/.local/lib/python3.10/site-packages/airflow/example_dags/example_trigger_controller_dag.py
[2025-01-01T18:25:25.003+0000] {logging_mixin.py:190} INFO - [2025-01-01T18:25:25.003+0000] {dag.py:3239} INFO - Sync 1 DAGs
[2025-01-01T18:25:25.024+0000] {logging_mixin.py:190} INFO - [2025-01-01T18:25:25.023+0000] {dag.py:4180} INFO - Setting next_dagrun for example_trigger_controller_dag to 2021-01-01 00:00:00+00:00, run_after=2021-01-01 00:00:00+00:00
[2025-01-01T18:25:25.040+0000] {processor.py:208} INFO - Processing /home/airflow/.local/lib/python3.10/site-packages/airflow/example_dags/example_trigger_controller_dag.py took 0.070 seconds
[2025-01-01T18:25:59.203+0000] {processor.py:186} INFO - Started process (PID=57044) to work on /home/airflow/.local/lib/python3.10/site-packages/airflow/example_dags/example_trigger_controller_dag.py
[2025-01-01T18:25:59.206+0000] {processor.py:914} INFO - Processing file /home/airflow/.local/lib/python3.10/site-packages/airflow/example_dags/example_trigger_controller_dag.py for tasks to queue
[2025-01-01T18:25:59.208+0000] {logging_mixin.py:190} INFO - [2025-01-01T18:25:59.207+0000] {dagbag.py:588} INFO - Filling up the DagBag from /home/airflow/.local/lib/python3.10/site-packages/airflow/example_dags/example_trigger_controller_dag.py
[2025-01-01T18:25:59.220+0000] {processor.py:925} INFO - DAG(s) 'example_trigger_controller_dag' retrieved from /home/airflow/.local/lib/python3.10/site-packages/airflow/example_dags/example_trigger_controller_dag.py
[2025-01-01T18:25:59.257+0000] {logging_mixin.py:190} INFO - [2025-01-01T18:25:59.257+0000] {dag.py:3239} INFO - Sync 1 DAGs
[2025-01-01T18:25:59.285+0000] {logging_mixin.py:190} INFO - [2025-01-01T18:25:59.285+0000] {dag.py:4180} INFO - Setting next_dagrun for example_trigger_controller_dag to 2021-01-01 00:00:00+00:00, run_after=2021-01-01 00:00:00+00:00
[2025-01-01T18:25:59.310+0000] {processor.py:208} INFO - Processing /home/airflow/.local/lib/python3.10/site-packages/airflow/example_dags/example_trigger_controller_dag.py took 0.114 seconds
[2025-01-01T18:26:29.799+0000] {processor.py:186} INFO - Started process (PID=57112) to work on /home/airflow/.local/lib/python3.10/site-packages/airflow/example_dags/example_trigger_controller_dag.py
[2025-01-01T18:26:29.800+0000] {processor.py:914} INFO - Processing file /home/airflow/.local/lib/python3.10/site-packages/airflow/example_dags/example_trigger_controller_dag.py for tasks to queue
[2025-01-01T18:26:29.801+0000] {logging_mixin.py:190} INFO - [2025-01-01T18:26:29.801+0000] {dagbag.py:588} INFO - Filling up the DagBag from /home/airflow/.local/lib/python3.10/site-packages/airflow/example_dags/example_trigger_controller_dag.py
[2025-01-01T18:26:29.808+0000] {processor.py:925} INFO - DAG(s) 'example_trigger_controller_dag' retrieved from /home/airflow/.local/lib/python3.10/site-packages/airflow/example_dags/example_trigger_controller_dag.py
[2025-01-01T18:26:29.827+0000] {logging_mixin.py:190} INFO - [2025-01-01T18:26:29.827+0000] {dag.py:3239} INFO - Sync 1 DAGs
[2025-01-01T18:26:29.850+0000] {logging_mixin.py:190} INFO - [2025-01-01T18:26:29.850+0000] {dag.py:4180} INFO - Setting next_dagrun for example_trigger_controller_dag to 2021-01-01 00:00:00+00:00, run_after=2021-01-01 00:00:00+00:00
[2025-01-01T18:26:29.868+0000] {processor.py:208} INFO - Processing /home/airflow/.local/lib/python3.10/site-packages/airflow/example_dags/example_trigger_controller_dag.py took 0.075 seconds
[2025-01-01T18:27:00.036+0000] {processor.py:186} INFO - Started process (PID=57180) to work on /home/airflow/.local/lib/python3.10/site-packages/airflow/example_dags/example_trigger_controller_dag.py
[2025-01-01T18:27:00.037+0000] {processor.py:914} INFO - Processing file /home/airflow/.local/lib/python3.10/site-packages/airflow/example_dags/example_trigger_controller_dag.py for tasks to queue
[2025-01-01T18:27:00.039+0000] {logging_mixin.py:190} INFO - [2025-01-01T18:27:00.038+0000] {dagbag.py:588} INFO - Filling up the DagBag from /home/airflow/.local/lib/python3.10/site-packages/airflow/example_dags/example_trigger_controller_dag.py
[2025-01-01T18:27:00.045+0000] {processor.py:925} INFO - DAG(s) 'example_trigger_controller_dag' retrieved from /home/airflow/.local/lib/python3.10/site-packages/airflow/example_dags/example_trigger_controller_dag.py
[2025-01-01T18:27:00.064+0000] {logging_mixin.py:190} INFO - [2025-01-01T18:27:00.064+0000] {dag.py:3239} INFO - Sync 1 DAGs
[2025-01-01T18:27:00.084+0000] {logging_mixin.py:190} INFO - [2025-01-01T18:27:00.084+0000] {dag.py:4180} INFO - Setting next_dagrun for example_trigger_controller_dag to 2021-01-01 00:00:00+00:00, run_after=2021-01-01 00:00:00+00:00
[2025-01-01T18:27:00.101+0000] {processor.py:208} INFO - Processing /home/airflow/.local/lib/python3.10/site-packages/airflow/example_dags/example_trigger_controller_dag.py took 0.071 seconds
[2025-01-01T18:27:31.182+0000] {processor.py:186} INFO - Started process (PID=57248) to work on /home/airflow/.local/lib/python3.10/site-packages/airflow/example_dags/example_trigger_controller_dag.py
[2025-01-01T18:27:31.183+0000] {processor.py:914} INFO - Processing file /home/airflow/.local/lib/python3.10/site-packages/airflow/example_dags/example_trigger_controller_dag.py for tasks to queue
[2025-01-01T18:27:31.184+0000] {logging_mixin.py:190} INFO - [2025-01-01T18:27:31.184+0000] {dagbag.py:588} INFO - Filling up the DagBag from /home/airflow/.local/lib/python3.10/site-packages/airflow/example_dags/example_trigger_controller_dag.py
[2025-01-01T18:27:31.190+0000] {processor.py:925} INFO - DAG(s) 'example_trigger_controller_dag' retrieved from /home/airflow/.local/lib/python3.10/site-packages/airflow/example_dags/example_trigger_controller_dag.py
[2025-01-01T18:27:31.210+0000] {logging_mixin.py:190} INFO - [2025-01-01T18:27:31.209+0000] {dag.py:3239} INFO - Sync 1 DAGs
[2025-01-01T18:27:31.230+0000] {logging_mixin.py:190} INFO - [2025-01-01T18:27:31.229+0000] {dag.py:4180} INFO - Setting next_dagrun for example_trigger_controller_dag to 2021-01-01 00:00:00+00:00, run_after=2021-01-01 00:00:00+00:00
[2025-01-01T18:27:31.245+0000] {processor.py:208} INFO - Processing /home/airflow/.local/lib/python3.10/site-packages/airflow/example_dags/example_trigger_controller_dag.py took 0.070 seconds
[2025-01-01T18:28:02.261+0000] {processor.py:186} INFO - Started process (PID=57316) to work on /home/airflow/.local/lib/python3.10/site-packages/airflow/example_dags/example_trigger_controller_dag.py
[2025-01-01T18:28:02.262+0000] {processor.py:914} INFO - Processing file /home/airflow/.local/lib/python3.10/site-packages/airflow/example_dags/example_trigger_controller_dag.py for tasks to queue
[2025-01-01T18:28:02.264+0000] {logging_mixin.py:190} INFO - [2025-01-01T18:28:02.263+0000] {dagbag.py:588} INFO - Filling up the DagBag from /home/airflow/.local/lib/python3.10/site-packages/airflow/example_dags/example_trigger_controller_dag.py
[2025-01-01T18:28:02.270+0000] {processor.py:925} INFO - DAG(s) 'example_trigger_controller_dag' retrieved from /home/airflow/.local/lib/python3.10/site-packages/airflow/example_dags/example_trigger_controller_dag.py
[2025-01-01T18:28:02.288+0000] {logging_mixin.py:190} INFO - [2025-01-01T18:28:02.288+0000] {dag.py:3239} INFO - Sync 1 DAGs
[2025-01-01T18:28:02.313+0000] {logging_mixin.py:190} INFO - [2025-01-01T18:28:02.313+0000] {dag.py:4180} INFO - Setting next_dagrun for example_trigger_controller_dag to 2021-01-01 00:00:00+00:00, run_after=2021-01-01 00:00:00+00:00
[2025-01-01T18:28:02.329+0000] {processor.py:208} INFO - Processing /home/airflow/.local/lib/python3.10/site-packages/airflow/example_dags/example_trigger_controller_dag.py took 0.074 seconds
[2025-01-01T18:28:33.476+0000] {processor.py:186} INFO - Started process (PID=57386) to work on /home/airflow/.local/lib/python3.10/site-packages/airflow/example_dags/example_trigger_controller_dag.py
[2025-01-01T18:28:33.477+0000] {processor.py:914} INFO - Processing file /home/airflow/.local/lib/python3.10/site-packages/airflow/example_dags/example_trigger_controller_dag.py for tasks to queue
[2025-01-01T18:28:33.478+0000] {logging_mixin.py:190} INFO - [2025-01-01T18:28:33.478+0000] {dagbag.py:588} INFO - Filling up the DagBag from /home/airflow/.local/lib/python3.10/site-packages/airflow/example_dags/example_trigger_controller_dag.py
[2025-01-01T18:28:33.485+0000] {processor.py:925} INFO - DAG(s) 'example_trigger_controller_dag' retrieved from /home/airflow/.local/lib/python3.10/site-packages/airflow/example_dags/example_trigger_controller_dag.py
[2025-01-01T18:28:33.503+0000] {logging_mixin.py:190} INFO - [2025-01-01T18:28:33.503+0000] {dag.py:3239} INFO - Sync 1 DAGs
[2025-01-01T18:28:33.526+0000] {logging_mixin.py:190} INFO - [2025-01-01T18:28:33.525+0000] {dag.py:4180} INFO - Setting next_dagrun for example_trigger_controller_dag to 2021-01-01 00:00:00+00:00, run_after=2021-01-01 00:00:00+00:00
[2025-01-01T18:28:33.544+0000] {processor.py:208} INFO - Processing /home/airflow/.local/lib/python3.10/site-packages/airflow/example_dags/example_trigger_controller_dag.py took 0.075 seconds
[2025-01-01T18:29:04.501+0000] {processor.py:186} INFO - Started process (PID=57454) to work on /home/airflow/.local/lib/python3.10/site-packages/airflow/example_dags/example_trigger_controller_dag.py
[2025-01-01T18:29:04.502+0000] {processor.py:914} INFO - Processing file /home/airflow/.local/lib/python3.10/site-packages/airflow/example_dags/example_trigger_controller_dag.py for tasks to queue
[2025-01-01T18:29:04.503+0000] {logging_mixin.py:190} INFO - [2025-01-01T18:29:04.503+0000] {dagbag.py:588} INFO - Filling up the DagBag from /home/airflow/.local/lib/python3.10/site-packages/airflow/example_dags/example_trigger_controller_dag.py
[2025-01-01T18:29:04.511+0000] {processor.py:925} INFO - DAG(s) 'example_trigger_controller_dag' retrieved from /home/airflow/.local/lib/python3.10/site-packages/airflow/example_dags/example_trigger_controller_dag.py
[2025-01-01T18:29:04.531+0000] {logging_mixin.py:190} INFO - [2025-01-01T18:29:04.531+0000] {dag.py:3239} INFO - Sync 1 DAGs
[2025-01-01T18:29:04.560+0000] {logging_mixin.py:190} INFO - [2025-01-01T18:29:04.559+0000] {dag.py:4180} INFO - Setting next_dagrun for example_trigger_controller_dag to 2021-01-01 00:00:00+00:00, run_after=2021-01-01 00:00:00+00:00
[2025-01-01T18:29:04.579+0000] {processor.py:208} INFO - Processing /home/airflow/.local/lib/python3.10/site-packages/airflow/example_dags/example_trigger_controller_dag.py took 0.084 seconds
[2025-01-01T18:29:35.627+0000] {processor.py:186} INFO - Started process (PID=57522) to work on /home/airflow/.local/lib/python3.10/site-packages/airflow/example_dags/example_trigger_controller_dag.py
[2025-01-01T18:29:35.628+0000] {processor.py:914} INFO - Processing file /home/airflow/.local/lib/python3.10/site-packages/airflow/example_dags/example_trigger_controller_dag.py for tasks to queue
[2025-01-01T18:29:35.630+0000] {logging_mixin.py:190} INFO - [2025-01-01T18:29:35.629+0000] {dagbag.py:588} INFO - Filling up the DagBag from /home/airflow/.local/lib/python3.10/site-packages/airflow/example_dags/example_trigger_controller_dag.py
[2025-01-01T18:29:35.639+0000] {processor.py:925} INFO - DAG(s) 'example_trigger_controller_dag' retrieved from /home/airflow/.local/lib/python3.10/site-packages/airflow/example_dags/example_trigger_controller_dag.py
[2025-01-01T18:29:35.667+0000] {logging_mixin.py:190} INFO - [2025-01-01T18:29:35.667+0000] {dag.py:3239} INFO - Sync 1 DAGs
[2025-01-01T18:29:35.694+0000] {logging_mixin.py:190} INFO - [2025-01-01T18:29:35.694+0000] {dag.py:4180} INFO - Setting next_dagrun for example_trigger_controller_dag to 2021-01-01 00:00:00+00:00, run_after=2021-01-01 00:00:00+00:00
[2025-01-01T18:29:35.711+0000] {processor.py:208} INFO - Processing /home/airflow/.local/lib/python3.10/site-packages/airflow/example_dags/example_trigger_controller_dag.py took 0.090 seconds
[2025-01-01T18:30:06.507+0000] {processor.py:186} INFO - Started process (PID=57590) to work on /home/airflow/.local/lib/python3.10/site-packages/airflow/example_dags/example_trigger_controller_dag.py
[2025-01-01T18:30:06.509+0000] {processor.py:914} INFO - Processing file /home/airflow/.local/lib/python3.10/site-packages/airflow/example_dags/example_trigger_controller_dag.py for tasks to queue
[2025-01-01T18:30:06.511+0000] {logging_mixin.py:190} INFO - [2025-01-01T18:30:06.510+0000] {dagbag.py:588} INFO - Filling up the DagBag from /home/airflow/.local/lib/python3.10/site-packages/airflow/example_dags/example_trigger_controller_dag.py
[2025-01-01T18:30:06.519+0000] {processor.py:925} INFO - DAG(s) 'example_trigger_controller_dag' retrieved from /home/airflow/.local/lib/python3.10/site-packages/airflow/example_dags/example_trigger_controller_dag.py
[2025-01-01T18:30:06.543+0000] {logging_mixin.py:190} INFO - [2025-01-01T18:30:06.543+0000] {dag.py:3239} INFO - Sync 1 DAGs
[2025-01-01T18:30:06.565+0000] {logging_mixin.py:190} INFO - [2025-01-01T18:30:06.565+0000] {dag.py:4180} INFO - Setting next_dagrun for example_trigger_controller_dag to 2021-01-01 00:00:00+00:00, run_after=2021-01-01 00:00:00+00:00
[2025-01-01T18:30:06.580+0000] {processor.py:208} INFO - Processing /home/airflow/.local/lib/python3.10/site-packages/airflow/example_dags/example_trigger_controller_dag.py took 0.081 seconds
[2025-01-01T18:30:37.433+0000] {processor.py:186} INFO - Started process (PID=57658) to work on /home/airflow/.local/lib/python3.10/site-packages/airflow/example_dags/example_trigger_controller_dag.py
[2025-01-01T18:30:37.434+0000] {processor.py:914} INFO - Processing file /home/airflow/.local/lib/python3.10/site-packages/airflow/example_dags/example_trigger_controller_dag.py for tasks to queue
[2025-01-01T18:30:37.437+0000] {logging_mixin.py:190} INFO - [2025-01-01T18:30:37.436+0000] {dagbag.py:588} INFO - Filling up the DagBag from /home/airflow/.local/lib/python3.10/site-packages/airflow/example_dags/example_trigger_controller_dag.py
[2025-01-01T18:30:37.446+0000] {processor.py:925} INFO - DAG(s) 'example_trigger_controller_dag' retrieved from /home/airflow/.local/lib/python3.10/site-packages/airflow/example_dags/example_trigger_controller_dag.py
[2025-01-01T18:30:37.466+0000] {logging_mixin.py:190} INFO - [2025-01-01T18:30:37.466+0000] {dag.py:3239} INFO - Sync 1 DAGs
[2025-01-01T18:30:37.487+0000] {logging_mixin.py:190} INFO - [2025-01-01T18:30:37.487+0000] {dag.py:4180} INFO - Setting next_dagrun for example_trigger_controller_dag to 2021-01-01 00:00:00+00:00, run_after=2021-01-01 00:00:00+00:00
[2025-01-01T18:30:37.505+0000] {processor.py:208} INFO - Processing /home/airflow/.local/lib/python3.10/site-packages/airflow/example_dags/example_trigger_controller_dag.py took 0.079 seconds
[2025-01-01T18:31:07.978+0000] {processor.py:186} INFO - Started process (PID=57726) to work on /home/airflow/.local/lib/python3.10/site-packages/airflow/example_dags/example_trigger_controller_dag.py
[2025-01-01T18:31:07.979+0000] {processor.py:914} INFO - Processing file /home/airflow/.local/lib/python3.10/site-packages/airflow/example_dags/example_trigger_controller_dag.py for tasks to queue
[2025-01-01T18:31:07.981+0000] {logging_mixin.py:190} INFO - [2025-01-01T18:31:07.981+0000] {dagbag.py:588} INFO - Filling up the DagBag from /home/airflow/.local/lib/python3.10/site-packages/airflow/example_dags/example_trigger_controller_dag.py
[2025-01-01T18:31:07.987+0000] {processor.py:925} INFO - DAG(s) 'example_trigger_controller_dag' retrieved from /home/airflow/.local/lib/python3.10/site-packages/airflow/example_dags/example_trigger_controller_dag.py
[2025-01-01T18:31:08.005+0000] {logging_mixin.py:190} INFO - [2025-01-01T18:31:08.005+0000] {dag.py:3239} INFO - Sync 1 DAGs
[2025-01-01T18:31:08.025+0000] {logging_mixin.py:190} INFO - [2025-01-01T18:31:08.025+0000] {dag.py:4180} INFO - Setting next_dagrun for example_trigger_controller_dag to 2021-01-01 00:00:00+00:00, run_after=2021-01-01 00:00:00+00:00
[2025-01-01T18:31:08.041+0000] {processor.py:208} INFO - Processing /home/airflow/.local/lib/python3.10/site-packages/airflow/example_dags/example_trigger_controller_dag.py took 0.069 seconds
[2025-01-01T18:31:38.788+0000] {processor.py:186} INFO - Started process (PID=57794) to work on /home/airflow/.local/lib/python3.10/site-packages/airflow/example_dags/example_trigger_controller_dag.py
[2025-01-01T18:31:38.789+0000] {processor.py:914} INFO - Processing file /home/airflow/.local/lib/python3.10/site-packages/airflow/example_dags/example_trigger_controller_dag.py for tasks to queue
[2025-01-01T18:31:38.790+0000] {logging_mixin.py:190} INFO - [2025-01-01T18:31:38.790+0000] {dagbag.py:588} INFO - Filling up the DagBag from /home/airflow/.local/lib/python3.10/site-packages/airflow/example_dags/example_trigger_controller_dag.py
[2025-01-01T18:31:38.797+0000] {processor.py:925} INFO - DAG(s) 'example_trigger_controller_dag' retrieved from /home/airflow/.local/lib/python3.10/site-packages/airflow/example_dags/example_trigger_controller_dag.py
[2025-01-01T18:31:38.815+0000] {logging_mixin.py:190} INFO - [2025-01-01T18:31:38.815+0000] {dag.py:3239} INFO - Sync 1 DAGs
[2025-01-01T18:31:38.835+0000] {logging_mixin.py:190} INFO - [2025-01-01T18:31:38.835+0000] {dag.py:4180} INFO - Setting next_dagrun for example_trigger_controller_dag to 2021-01-01 00:00:00+00:00, run_after=2021-01-01 00:00:00+00:00
[2025-01-01T18:31:38.850+0000] {processor.py:208} INFO - Processing /home/airflow/.local/lib/python3.10/site-packages/airflow/example_dags/example_trigger_controller_dag.py took 0.068 seconds
[2025-01-01T18:32:09.614+0000] {processor.py:186} INFO - Started process (PID=57862) to work on /home/airflow/.local/lib/python3.10/site-packages/airflow/example_dags/example_trigger_controller_dag.py
[2025-01-01T18:32:09.615+0000] {processor.py:914} INFO - Processing file /home/airflow/.local/lib/python3.10/site-packages/airflow/example_dags/example_trigger_controller_dag.py for tasks to queue
[2025-01-01T18:32:09.617+0000] {logging_mixin.py:190} INFO - [2025-01-01T18:32:09.616+0000] {dagbag.py:588} INFO - Filling up the DagBag from /home/airflow/.local/lib/python3.10/site-packages/airflow/example_dags/example_trigger_controller_dag.py
[2025-01-01T18:32:09.624+0000] {processor.py:925} INFO - DAG(s) 'example_trigger_controller_dag' retrieved from /home/airflow/.local/lib/python3.10/site-packages/airflow/example_dags/example_trigger_controller_dag.py
[2025-01-01T18:32:09.643+0000] {logging_mixin.py:190} INFO - [2025-01-01T18:32:09.643+0000] {dag.py:3239} INFO - Sync 1 DAGs
[2025-01-01T18:32:09.664+0000] {logging_mixin.py:190} INFO - [2025-01-01T18:32:09.664+0000] {dag.py:4180} INFO - Setting next_dagrun for example_trigger_controller_dag to 2021-01-01 00:00:00+00:00, run_after=2021-01-01 00:00:00+00:00
[2025-01-01T18:32:09.680+0000] {processor.py:208} INFO - Processing /home/airflow/.local/lib/python3.10/site-packages/airflow/example_dags/example_trigger_controller_dag.py took 0.072 seconds
[2025-01-01T18:32:40.331+0000] {processor.py:186} INFO - Started process (PID=57930) to work on /home/airflow/.local/lib/python3.10/site-packages/airflow/example_dags/example_trigger_controller_dag.py
[2025-01-01T18:32:40.333+0000] {processor.py:914} INFO - Processing file /home/airflow/.local/lib/python3.10/site-packages/airflow/example_dags/example_trigger_controller_dag.py for tasks to queue
[2025-01-01T18:32:40.334+0000] {logging_mixin.py:190} INFO - [2025-01-01T18:32:40.334+0000] {dagbag.py:588} INFO - Filling up the DagBag from /home/airflow/.local/lib/python3.10/site-packages/airflow/example_dags/example_trigger_controller_dag.py
[2025-01-01T18:32:40.341+0000] {processor.py:925} INFO - DAG(s) 'example_trigger_controller_dag' retrieved from /home/airflow/.local/lib/python3.10/site-packages/airflow/example_dags/example_trigger_controller_dag.py
[2025-01-01T18:32:40.360+0000] {logging_mixin.py:190} INFO - [2025-01-01T18:32:40.360+0000] {dag.py:3239} INFO - Sync 1 DAGs
[2025-01-01T18:32:40.381+0000] {logging_mixin.py:190} INFO - [2025-01-01T18:32:40.381+0000] {dag.py:4180} INFO - Setting next_dagrun for example_trigger_controller_dag to 2021-01-01 00:00:00+00:00, run_after=2021-01-01 00:00:00+00:00
[2025-01-01T18:32:40.398+0000] {processor.py:208} INFO - Processing /home/airflow/.local/lib/python3.10/site-packages/airflow/example_dags/example_trigger_controller_dag.py took 0.073 seconds
[2025-01-01T18:33:10.996+0000] {processor.py:186} INFO - Started process (PID=57998) to work on /home/airflow/.local/lib/python3.10/site-packages/airflow/example_dags/example_trigger_controller_dag.py
[2025-01-01T18:33:10.997+0000] {processor.py:914} INFO - Processing file /home/airflow/.local/lib/python3.10/site-packages/airflow/example_dags/example_trigger_controller_dag.py for tasks to queue
[2025-01-01T18:33:10.999+0000] {logging_mixin.py:190} INFO - [2025-01-01T18:33:10.998+0000] {dagbag.py:588} INFO - Filling up the DagBag from /home/airflow/.local/lib/python3.10/site-packages/airflow/example_dags/example_trigger_controller_dag.py
[2025-01-01T18:33:11.005+0000] {processor.py:925} INFO - DAG(s) 'example_trigger_controller_dag' retrieved from /home/airflow/.local/lib/python3.10/site-packages/airflow/example_dags/example_trigger_controller_dag.py
[2025-01-01T18:33:11.023+0000] {logging_mixin.py:190} INFO - [2025-01-01T18:33:11.022+0000] {dag.py:3239} INFO - Sync 1 DAGs
[2025-01-01T18:33:11.043+0000] {logging_mixin.py:190} INFO - [2025-01-01T18:33:11.043+0000] {dag.py:4180} INFO - Setting next_dagrun for example_trigger_controller_dag to 2021-01-01 00:00:00+00:00, run_after=2021-01-01 00:00:00+00:00
[2025-01-01T18:33:11.060+0000] {processor.py:208} INFO - Processing /home/airflow/.local/lib/python3.10/site-packages/airflow/example_dags/example_trigger_controller_dag.py took 0.069 seconds
[2025-01-01T18:33:42.445+0000] {processor.py:186} INFO - Started process (PID=58066) to work on /home/airflow/.local/lib/python3.10/site-packages/airflow/example_dags/example_trigger_controller_dag.py
[2025-01-01T18:33:42.446+0000] {processor.py:914} INFO - Processing file /home/airflow/.local/lib/python3.10/site-packages/airflow/example_dags/example_trigger_controller_dag.py for tasks to queue
[2025-01-01T18:33:42.448+0000] {logging_mixin.py:190} INFO - [2025-01-01T18:33:42.447+0000] {dagbag.py:588} INFO - Filling up the DagBag from /home/airflow/.local/lib/python3.10/site-packages/airflow/example_dags/example_trigger_controller_dag.py
[2025-01-01T18:33:42.454+0000] {processor.py:925} INFO - DAG(s) 'example_trigger_controller_dag' retrieved from /home/airflow/.local/lib/python3.10/site-packages/airflow/example_dags/example_trigger_controller_dag.py
[2025-01-01T18:33:42.473+0000] {logging_mixin.py:190} INFO - [2025-01-01T18:33:42.472+0000] {dag.py:3239} INFO - Sync 1 DAGs
[2025-01-01T18:33:42.494+0000] {logging_mixin.py:190} INFO - [2025-01-01T18:33:42.494+0000] {dag.py:4180} INFO - Setting next_dagrun for example_trigger_controller_dag to 2021-01-01 00:00:00+00:00, run_after=2021-01-01 00:00:00+00:00
[2025-01-01T18:33:42.510+0000] {processor.py:208} INFO - Processing /home/airflow/.local/lib/python3.10/site-packages/airflow/example_dags/example_trigger_controller_dag.py took 0.072 seconds
[2025-01-01T18:34:13.449+0000] {processor.py:186} INFO - Started process (PID=58134) to work on /home/airflow/.local/lib/python3.10/site-packages/airflow/example_dags/example_trigger_controller_dag.py
[2025-01-01T18:34:13.450+0000] {processor.py:914} INFO - Processing file /home/airflow/.local/lib/python3.10/site-packages/airflow/example_dags/example_trigger_controller_dag.py for tasks to queue
[2025-01-01T18:34:13.452+0000] {logging_mixin.py:190} INFO - [2025-01-01T18:34:13.452+0000] {dagbag.py:588} INFO - Filling up the DagBag from /home/airflow/.local/lib/python3.10/site-packages/airflow/example_dags/example_trigger_controller_dag.py
[2025-01-01T18:34:13.459+0000] {processor.py:925} INFO - DAG(s) 'example_trigger_controller_dag' retrieved from /home/airflow/.local/lib/python3.10/site-packages/airflow/example_dags/example_trigger_controller_dag.py
[2025-01-01T18:34:13.476+0000] {logging_mixin.py:190} INFO - [2025-01-01T18:34:13.476+0000] {dag.py:3239} INFO - Sync 1 DAGs
[2025-01-01T18:34:13.498+0000] {logging_mixin.py:190} INFO - [2025-01-01T18:34:13.498+0000] {dag.py:4180} INFO - Setting next_dagrun for example_trigger_controller_dag to 2021-01-01 00:00:00+00:00, run_after=2021-01-01 00:00:00+00:00
[2025-01-01T18:34:13.514+0000] {processor.py:208} INFO - Processing /home/airflow/.local/lib/python3.10/site-packages/airflow/example_dags/example_trigger_controller_dag.py took 0.072 seconds
[2025-01-01T18:34:44.292+0000] {processor.py:186} INFO - Started process (PID=58202) to work on /home/airflow/.local/lib/python3.10/site-packages/airflow/example_dags/example_trigger_controller_dag.py
[2025-01-01T18:34:44.293+0000] {processor.py:914} INFO - Processing file /home/airflow/.local/lib/python3.10/site-packages/airflow/example_dags/example_trigger_controller_dag.py for tasks to queue
[2025-01-01T18:34:44.295+0000] {logging_mixin.py:190} INFO - [2025-01-01T18:34:44.295+0000] {dagbag.py:588} INFO - Filling up the DagBag from /home/airflow/.local/lib/python3.10/site-packages/airflow/example_dags/example_trigger_controller_dag.py
[2025-01-01T18:34:44.301+0000] {processor.py:925} INFO - DAG(s) 'example_trigger_controller_dag' retrieved from /home/airflow/.local/lib/python3.10/site-packages/airflow/example_dags/example_trigger_controller_dag.py
[2025-01-01T18:34:44.320+0000] {logging_mixin.py:190} INFO - [2025-01-01T18:34:44.319+0000] {dag.py:3239} INFO - Sync 1 DAGs
[2025-01-01T18:34:44.342+0000] {logging_mixin.py:190} INFO - [2025-01-01T18:34:44.341+0000] {dag.py:4180} INFO - Setting next_dagrun for example_trigger_controller_dag to 2021-01-01 00:00:00+00:00, run_after=2021-01-01 00:00:00+00:00
[2025-01-01T18:34:44.357+0000] {processor.py:208} INFO - Processing /home/airflow/.local/lib/python3.10/site-packages/airflow/example_dags/example_trigger_controller_dag.py took 0.071 seconds
[2025-01-01T18:35:14.827+0000] {processor.py:186} INFO - Started process (PID=58270) to work on /home/airflow/.local/lib/python3.10/site-packages/airflow/example_dags/example_trigger_controller_dag.py
[2025-01-01T18:35:14.828+0000] {processor.py:914} INFO - Processing file /home/airflow/.local/lib/python3.10/site-packages/airflow/example_dags/example_trigger_controller_dag.py for tasks to queue
[2025-01-01T18:35:14.830+0000] {logging_mixin.py:190} INFO - [2025-01-01T18:35:14.829+0000] {dagbag.py:588} INFO - Filling up the DagBag from /home/airflow/.local/lib/python3.10/site-packages/airflow/example_dags/example_trigger_controller_dag.py
[2025-01-01T18:35:14.837+0000] {processor.py:925} INFO - DAG(s) 'example_trigger_controller_dag' retrieved from /home/airflow/.local/lib/python3.10/site-packages/airflow/example_dags/example_trigger_controller_dag.py
[2025-01-01T18:35:14.854+0000] {logging_mixin.py:190} INFO - [2025-01-01T18:35:14.854+0000] {dag.py:3239} INFO - Sync 1 DAGs
[2025-01-01T18:35:14.874+0000] {logging_mixin.py:190} INFO - [2025-01-01T18:35:14.874+0000] {dag.py:4180} INFO - Setting next_dagrun for example_trigger_controller_dag to 2021-01-01 00:00:00+00:00, run_after=2021-01-01 00:00:00+00:00
[2025-01-01T18:35:14.888+0000] {processor.py:208} INFO - Processing /home/airflow/.local/lib/python3.10/site-packages/airflow/example_dags/example_trigger_controller_dag.py took 0.067 seconds
[2025-01-01T18:35:45.727+0000] {processor.py:186} INFO - Started process (PID=58338) to work on /home/airflow/.local/lib/python3.10/site-packages/airflow/example_dags/example_trigger_controller_dag.py
[2025-01-01T18:35:45.728+0000] {processor.py:914} INFO - Processing file /home/airflow/.local/lib/python3.10/site-packages/airflow/example_dags/example_trigger_controller_dag.py for tasks to queue
[2025-01-01T18:35:45.730+0000] {logging_mixin.py:190} INFO - [2025-01-01T18:35:45.729+0000] {dagbag.py:588} INFO - Filling up the DagBag from /home/airflow/.local/lib/python3.10/site-packages/airflow/example_dags/example_trigger_controller_dag.py
[2025-01-01T18:35:45.736+0000] {processor.py:925} INFO - DAG(s) 'example_trigger_controller_dag' retrieved from /home/airflow/.local/lib/python3.10/site-packages/airflow/example_dags/example_trigger_controller_dag.py
[2025-01-01T18:35:45.755+0000] {logging_mixin.py:190} INFO - [2025-01-01T18:35:45.754+0000] {dag.py:3239} INFO - Sync 1 DAGs
[2025-01-01T18:35:45.777+0000] {logging_mixin.py:190} INFO - [2025-01-01T18:35:45.777+0000] {dag.py:4180} INFO - Setting next_dagrun for example_trigger_controller_dag to 2021-01-01 00:00:00+00:00, run_after=2021-01-01 00:00:00+00:00
[2025-01-01T18:35:45.791+0000] {processor.py:208} INFO - Processing /home/airflow/.local/lib/python3.10/site-packages/airflow/example_dags/example_trigger_controller_dag.py took 0.070 seconds
[2025-01-01T18:36:16.428+0000] {processor.py:186} INFO - Started process (PID=58412) to work on /home/airflow/.local/lib/python3.10/site-packages/airflow/example_dags/example_trigger_controller_dag.py
[2025-01-01T18:36:16.429+0000] {processor.py:914} INFO - Processing file /home/airflow/.local/lib/python3.10/site-packages/airflow/example_dags/example_trigger_controller_dag.py for tasks to queue
[2025-01-01T18:36:16.430+0000] {logging_mixin.py:190} INFO - [2025-01-01T18:36:16.430+0000] {dagbag.py:588} INFO - Filling up the DagBag from /home/airflow/.local/lib/python3.10/site-packages/airflow/example_dags/example_trigger_controller_dag.py
[2025-01-01T18:36:16.437+0000] {processor.py:925} INFO - DAG(s) 'example_trigger_controller_dag' retrieved from /home/airflow/.local/lib/python3.10/site-packages/airflow/example_dags/example_trigger_controller_dag.py
[2025-01-01T18:36:16.456+0000] {logging_mixin.py:190} INFO - [2025-01-01T18:36:16.456+0000] {dag.py:3239} INFO - Sync 1 DAGs
[2025-01-01T18:36:16.476+0000] {logging_mixin.py:190} INFO - [2025-01-01T18:36:16.476+0000] {dag.py:4180} INFO - Setting next_dagrun for example_trigger_controller_dag to 2021-01-01 00:00:00+00:00, run_after=2021-01-01 00:00:00+00:00
[2025-01-01T18:36:16.494+0000] {processor.py:208} INFO - Processing /home/airflow/.local/lib/python3.10/site-packages/airflow/example_dags/example_trigger_controller_dag.py took 0.073 seconds
[2025-01-01T18:36:47.008+0000] {processor.py:186} INFO - Started process (PID=58480) to work on /home/airflow/.local/lib/python3.10/site-packages/airflow/example_dags/example_trigger_controller_dag.py
[2025-01-01T18:36:47.009+0000] {processor.py:914} INFO - Processing file /home/airflow/.local/lib/python3.10/site-packages/airflow/example_dags/example_trigger_controller_dag.py for tasks to queue
[2025-01-01T18:36:47.011+0000] {logging_mixin.py:190} INFO - [2025-01-01T18:36:47.010+0000] {dagbag.py:588} INFO - Filling up the DagBag from /home/airflow/.local/lib/python3.10/site-packages/airflow/example_dags/example_trigger_controller_dag.py
[2025-01-01T18:36:47.017+0000] {processor.py:925} INFO - DAG(s) 'example_trigger_controller_dag' retrieved from /home/airflow/.local/lib/python3.10/site-packages/airflow/example_dags/example_trigger_controller_dag.py
[2025-01-01T18:36:47.036+0000] {logging_mixin.py:190} INFO - [2025-01-01T18:36:47.036+0000] {dag.py:3239} INFO - Sync 1 DAGs
[2025-01-01T18:36:47.056+0000] {logging_mixin.py:190} INFO - [2025-01-01T18:36:47.056+0000] {dag.py:4180} INFO - Setting next_dagrun for example_trigger_controller_dag to 2021-01-01 00:00:00+00:00, run_after=2021-01-01 00:00:00+00:00
[2025-01-01T18:36:47.072+0000] {processor.py:208} INFO - Processing /home/airflow/.local/lib/python3.10/site-packages/airflow/example_dags/example_trigger_controller_dag.py took 0.070 seconds
[2025-01-01T18:37:18.183+0000] {processor.py:186} INFO - Started process (PID=58549) to work on /home/airflow/.local/lib/python3.10/site-packages/airflow/example_dags/example_trigger_controller_dag.py
[2025-01-01T18:37:18.185+0000] {processor.py:914} INFO - Processing file /home/airflow/.local/lib/python3.10/site-packages/airflow/example_dags/example_trigger_controller_dag.py for tasks to queue
[2025-01-01T18:37:18.186+0000] {logging_mixin.py:190} INFO - [2025-01-01T18:37:18.186+0000] {dagbag.py:588} INFO - Filling up the DagBag from /home/airflow/.local/lib/python3.10/site-packages/airflow/example_dags/example_trigger_controller_dag.py
[2025-01-01T18:37:18.194+0000] {processor.py:925} INFO - DAG(s) 'example_trigger_controller_dag' retrieved from /home/airflow/.local/lib/python3.10/site-packages/airflow/example_dags/example_trigger_controller_dag.py
[2025-01-01T18:37:18.214+0000] {logging_mixin.py:190} INFO - [2025-01-01T18:37:18.214+0000] {dag.py:3239} INFO - Sync 1 DAGs
[2025-01-01T18:37:18.237+0000] {logging_mixin.py:190} INFO - [2025-01-01T18:37:18.236+0000] {dag.py:4180} INFO - Setting next_dagrun for example_trigger_controller_dag to 2021-01-01 00:00:00+00:00, run_after=2021-01-01 00:00:00+00:00
[2025-01-01T18:37:18.253+0000] {processor.py:208} INFO - Processing /home/airflow/.local/lib/python3.10/site-packages/airflow/example_dags/example_trigger_controller_dag.py took 0.078 seconds
[2025-01-01T18:37:48.731+0000] {processor.py:186} INFO - Started process (PID=58616) to work on /home/airflow/.local/lib/python3.10/site-packages/airflow/example_dags/example_trigger_controller_dag.py
[2025-01-01T18:37:48.732+0000] {processor.py:914} INFO - Processing file /home/airflow/.local/lib/python3.10/site-packages/airflow/example_dags/example_trigger_controller_dag.py for tasks to queue
[2025-01-01T18:37:48.733+0000] {logging_mixin.py:190} INFO - [2025-01-01T18:37:48.733+0000] {dagbag.py:588} INFO - Filling up the DagBag from /home/airflow/.local/lib/python3.10/site-packages/airflow/example_dags/example_trigger_controller_dag.py
[2025-01-01T18:37:48.739+0000] {processor.py:925} INFO - DAG(s) 'example_trigger_controller_dag' retrieved from /home/airflow/.local/lib/python3.10/site-packages/airflow/example_dags/example_trigger_controller_dag.py
[2025-01-01T18:37:48.757+0000] {logging_mixin.py:190} INFO - [2025-01-01T18:37:48.757+0000] {dag.py:3239} INFO - Sync 1 DAGs
[2025-01-01T18:37:48.777+0000] {logging_mixin.py:190} INFO - [2025-01-01T18:37:48.777+0000] {dag.py:4180} INFO - Setting next_dagrun for example_trigger_controller_dag to 2021-01-01 00:00:00+00:00, run_after=2021-01-01 00:00:00+00:00
[2025-01-01T18:37:48.794+0000] {processor.py:208} INFO - Processing /home/airflow/.local/lib/python3.10/site-packages/airflow/example_dags/example_trigger_controller_dag.py took 0.069 seconds
[2025-01-01T18:38:19.351+0000] {processor.py:186} INFO - Started process (PID=58684) to work on /home/airflow/.local/lib/python3.10/site-packages/airflow/example_dags/example_trigger_controller_dag.py
[2025-01-01T18:38:19.352+0000] {processor.py:914} INFO - Processing file /home/airflow/.local/lib/python3.10/site-packages/airflow/example_dags/example_trigger_controller_dag.py for tasks to queue
[2025-01-01T18:38:19.353+0000] {logging_mixin.py:190} INFO - [2025-01-01T18:38:19.353+0000] {dagbag.py:588} INFO - Filling up the DagBag from /home/airflow/.local/lib/python3.10/site-packages/airflow/example_dags/example_trigger_controller_dag.py
[2025-01-01T18:38:19.359+0000] {processor.py:925} INFO - DAG(s) 'example_trigger_controller_dag' retrieved from /home/airflow/.local/lib/python3.10/site-packages/airflow/example_dags/example_trigger_controller_dag.py
[2025-01-01T18:38:19.377+0000] {logging_mixin.py:190} INFO - [2025-01-01T18:38:19.377+0000] {dag.py:3239} INFO - Sync 1 DAGs
[2025-01-01T18:38:19.396+0000] {logging_mixin.py:190} INFO - [2025-01-01T18:38:19.396+0000] {dag.py:4180} INFO - Setting next_dagrun for example_trigger_controller_dag to 2021-01-01 00:00:00+00:00, run_after=2021-01-01 00:00:00+00:00
[2025-01-01T18:38:19.411+0000] {processor.py:208} INFO - Processing /home/airflow/.local/lib/python3.10/site-packages/airflow/example_dags/example_trigger_controller_dag.py took 0.066 seconds
[2025-01-01T18:38:51.184+0000] {processor.py:186} INFO - Started process (PID=58753) to work on /home/airflow/.local/lib/python3.10/site-packages/airflow/example_dags/example_trigger_controller_dag.py
[2025-01-01T18:38:51.185+0000] {processor.py:914} INFO - Processing file /home/airflow/.local/lib/python3.10/site-packages/airflow/example_dags/example_trigger_controller_dag.py for tasks to queue
[2025-01-01T18:38:51.187+0000] {logging_mixin.py:190} INFO - [2025-01-01T18:38:51.186+0000] {dagbag.py:588} INFO - Filling up the DagBag from /home/airflow/.local/lib/python3.10/site-packages/airflow/example_dags/example_trigger_controller_dag.py
[2025-01-01T18:38:51.193+0000] {processor.py:925} INFO - DAG(s) 'example_trigger_controller_dag' retrieved from /home/airflow/.local/lib/python3.10/site-packages/airflow/example_dags/example_trigger_controller_dag.py
[2025-01-01T18:38:51.213+0000] {logging_mixin.py:190} INFO - [2025-01-01T18:38:51.212+0000] {dag.py:3239} INFO - Sync 1 DAGs
[2025-01-01T18:38:51.238+0000] {logging_mixin.py:190} INFO - [2025-01-01T18:38:51.237+0000] {dag.py:4180} INFO - Setting next_dagrun for example_trigger_controller_dag to 2021-01-01 00:00:00+00:00, run_after=2021-01-01 00:00:00+00:00
[2025-01-01T18:38:51.258+0000] {processor.py:208} INFO - Processing /home/airflow/.local/lib/python3.10/site-packages/airflow/example_dags/example_trigger_controller_dag.py took 0.082 seconds
[2025-01-01T18:39:22.653+0000] {processor.py:186} INFO - Started process (PID=58821) to work on /home/airflow/.local/lib/python3.10/site-packages/airflow/example_dags/example_trigger_controller_dag.py
[2025-01-01T18:39:22.655+0000] {processor.py:914} INFO - Processing file /home/airflow/.local/lib/python3.10/site-packages/airflow/example_dags/example_trigger_controller_dag.py for tasks to queue
[2025-01-01T18:39:22.656+0000] {logging_mixin.py:190} INFO - [2025-01-01T18:39:22.656+0000] {dagbag.py:588} INFO - Filling up the DagBag from /home/airflow/.local/lib/python3.10/site-packages/airflow/example_dags/example_trigger_controller_dag.py
[2025-01-01T18:39:22.663+0000] {processor.py:925} INFO - DAG(s) 'example_trigger_controller_dag' retrieved from /home/airflow/.local/lib/python3.10/site-packages/airflow/example_dags/example_trigger_controller_dag.py
[2025-01-01T18:39:22.683+0000] {logging_mixin.py:190} INFO - [2025-01-01T18:39:22.682+0000] {dag.py:3239} INFO - Sync 1 DAGs
[2025-01-01T18:39:22.704+0000] {logging_mixin.py:190} INFO - [2025-01-01T18:39:22.704+0000] {dag.py:4180} INFO - Setting next_dagrun for example_trigger_controller_dag to 2021-01-01 00:00:00+00:00, run_after=2021-01-01 00:00:00+00:00
[2025-01-01T18:39:22.723+0000] {processor.py:208} INFO - Processing /home/airflow/.local/lib/python3.10/site-packages/airflow/example_dags/example_trigger_controller_dag.py took 0.076 seconds
[2025-01-01T18:39:53.215+0000] {processor.py:186} INFO - Started process (PID=58889) to work on /home/airflow/.local/lib/python3.10/site-packages/airflow/example_dags/example_trigger_controller_dag.py
[2025-01-01T18:39:53.216+0000] {processor.py:914} INFO - Processing file /home/airflow/.local/lib/python3.10/site-packages/airflow/example_dags/example_trigger_controller_dag.py for tasks to queue
[2025-01-01T18:39:53.218+0000] {logging_mixin.py:190} INFO - [2025-01-01T18:39:53.217+0000] {dagbag.py:588} INFO - Filling up the DagBag from /home/airflow/.local/lib/python3.10/site-packages/airflow/example_dags/example_trigger_controller_dag.py
[2025-01-01T18:39:53.224+0000] {processor.py:925} INFO - DAG(s) 'example_trigger_controller_dag' retrieved from /home/airflow/.local/lib/python3.10/site-packages/airflow/example_dags/example_trigger_controller_dag.py
[2025-01-01T18:39:53.242+0000] {logging_mixin.py:190} INFO - [2025-01-01T18:39:53.242+0000] {dag.py:3239} INFO - Sync 1 DAGs
[2025-01-01T18:39:53.264+0000] {logging_mixin.py:190} INFO - [2025-01-01T18:39:53.264+0000] {dag.py:4180} INFO - Setting next_dagrun for example_trigger_controller_dag to 2021-01-01 00:00:00+00:00, run_after=2021-01-01 00:00:00+00:00
[2025-01-01T18:39:53.284+0000] {processor.py:208} INFO - Processing /home/airflow/.local/lib/python3.10/site-packages/airflow/example_dags/example_trigger_controller_dag.py took 0.075 seconds
[2025-01-01T18:40:23.485+0000] {processor.py:186} INFO - Started process (PID=58957) to work on /home/airflow/.local/lib/python3.10/site-packages/airflow/example_dags/example_trigger_controller_dag.py
[2025-01-01T18:40:23.486+0000] {processor.py:914} INFO - Processing file /home/airflow/.local/lib/python3.10/site-packages/airflow/example_dags/example_trigger_controller_dag.py for tasks to queue
[2025-01-01T18:40:23.488+0000] {logging_mixin.py:190} INFO - [2025-01-01T18:40:23.487+0000] {dagbag.py:588} INFO - Filling up the DagBag from /home/airflow/.local/lib/python3.10/site-packages/airflow/example_dags/example_trigger_controller_dag.py
[2025-01-01T18:40:23.495+0000] {processor.py:925} INFO - DAG(s) 'example_trigger_controller_dag' retrieved from /home/airflow/.local/lib/python3.10/site-packages/airflow/example_dags/example_trigger_controller_dag.py
[2025-01-01T18:40:23.517+0000] {logging_mixin.py:190} INFO - [2025-01-01T18:40:23.516+0000] {dag.py:3239} INFO - Sync 1 DAGs
[2025-01-01T18:40:23.540+0000] {logging_mixin.py:190} INFO - [2025-01-01T18:40:23.540+0000] {dag.py:4180} INFO - Setting next_dagrun for example_trigger_controller_dag to 2021-01-01 00:00:00+00:00, run_after=2021-01-01 00:00:00+00:00
[2025-01-01T18:40:23.561+0000] {processor.py:208} INFO - Processing /home/airflow/.local/lib/python3.10/site-packages/airflow/example_dags/example_trigger_controller_dag.py took 0.083 seconds
[2025-01-01T18:40:54.413+0000] {processor.py:186} INFO - Started process (PID=59025) to work on /home/airflow/.local/lib/python3.10/site-packages/airflow/example_dags/example_trigger_controller_dag.py
[2025-01-01T18:40:54.414+0000] {processor.py:914} INFO - Processing file /home/airflow/.local/lib/python3.10/site-packages/airflow/example_dags/example_trigger_controller_dag.py for tasks to queue
[2025-01-01T18:40:54.416+0000] {logging_mixin.py:190} INFO - [2025-01-01T18:40:54.415+0000] {dagbag.py:588} INFO - Filling up the DagBag from /home/airflow/.local/lib/python3.10/site-packages/airflow/example_dags/example_trigger_controller_dag.py
[2025-01-01T18:40:54.423+0000] {processor.py:925} INFO - DAG(s) 'example_trigger_controller_dag' retrieved from /home/airflow/.local/lib/python3.10/site-packages/airflow/example_dags/example_trigger_controller_dag.py
[2025-01-01T18:40:54.445+0000] {logging_mixin.py:190} INFO - [2025-01-01T18:40:54.445+0000] {dag.py:3239} INFO - Sync 1 DAGs
[2025-01-01T18:40:54.471+0000] {logging_mixin.py:190} INFO - [2025-01-01T18:40:54.471+0000] {dag.py:4180} INFO - Setting next_dagrun for example_trigger_controller_dag to 2021-01-01 00:00:00+00:00, run_after=2021-01-01 00:00:00+00:00
[2025-01-01T18:40:54.492+0000] {processor.py:208} INFO - Processing /home/airflow/.local/lib/python3.10/site-packages/airflow/example_dags/example_trigger_controller_dag.py took 0.087 seconds
[2025-01-01T18:41:25.643+0000] {processor.py:186} INFO - Started process (PID=59093) to work on /home/airflow/.local/lib/python3.10/site-packages/airflow/example_dags/example_trigger_controller_dag.py
[2025-01-01T18:41:25.644+0000] {processor.py:914} INFO - Processing file /home/airflow/.local/lib/python3.10/site-packages/airflow/example_dags/example_trigger_controller_dag.py for tasks to queue
[2025-01-01T18:41:25.645+0000] {logging_mixin.py:190} INFO - [2025-01-01T18:41:25.645+0000] {dagbag.py:588} INFO - Filling up the DagBag from /home/airflow/.local/lib/python3.10/site-packages/airflow/example_dags/example_trigger_controller_dag.py
[2025-01-01T18:41:25.654+0000] {processor.py:925} INFO - DAG(s) 'example_trigger_controller_dag' retrieved from /home/airflow/.local/lib/python3.10/site-packages/airflow/example_dags/example_trigger_controller_dag.py
[2025-01-01T18:41:25.673+0000] {logging_mixin.py:190} INFO - [2025-01-01T18:41:25.673+0000] {dag.py:3239} INFO - Sync 1 DAGs
[2025-01-01T18:41:25.694+0000] {logging_mixin.py:190} INFO - [2025-01-01T18:41:25.693+0000] {dag.py:4180} INFO - Setting next_dagrun for example_trigger_controller_dag to 2021-01-01 00:00:00+00:00, run_after=2021-01-01 00:00:00+00:00
[2025-01-01T18:41:25.711+0000] {processor.py:208} INFO - Processing /home/airflow/.local/lib/python3.10/site-packages/airflow/example_dags/example_trigger_controller_dag.py took 0.074 seconds
[2025-01-01T18:41:55.838+0000] {processor.py:186} INFO - Started process (PID=59161) to work on /home/airflow/.local/lib/python3.10/site-packages/airflow/example_dags/example_trigger_controller_dag.py
[2025-01-01T18:41:55.839+0000] {processor.py:914} INFO - Processing file /home/airflow/.local/lib/python3.10/site-packages/airflow/example_dags/example_trigger_controller_dag.py for tasks to queue
[2025-01-01T18:41:55.840+0000] {logging_mixin.py:190} INFO - [2025-01-01T18:41:55.840+0000] {dagbag.py:588} INFO - Filling up the DagBag from /home/airflow/.local/lib/python3.10/site-packages/airflow/example_dags/example_trigger_controller_dag.py
[2025-01-01T18:41:55.848+0000] {processor.py:925} INFO - DAG(s) 'example_trigger_controller_dag' retrieved from /home/airflow/.local/lib/python3.10/site-packages/airflow/example_dags/example_trigger_controller_dag.py
[2025-01-01T18:41:55.867+0000] {logging_mixin.py:190} INFO - [2025-01-01T18:41:55.867+0000] {dag.py:3239} INFO - Sync 1 DAGs
[2025-01-01T18:41:55.889+0000] {logging_mixin.py:190} INFO - [2025-01-01T18:41:55.888+0000] {dag.py:4180} INFO - Setting next_dagrun for example_trigger_controller_dag to 2021-01-01 00:00:00+00:00, run_after=2021-01-01 00:00:00+00:00
[2025-01-01T18:41:55.906+0000] {processor.py:208} INFO - Processing /home/airflow/.local/lib/python3.10/site-packages/airflow/example_dags/example_trigger_controller_dag.py took 0.076 seconds
[2025-01-01T18:42:26.693+0000] {processor.py:186} INFO - Started process (PID=59229) to work on /home/airflow/.local/lib/python3.10/site-packages/airflow/example_dags/example_trigger_controller_dag.py
[2025-01-01T18:42:26.694+0000] {processor.py:914} INFO - Processing file /home/airflow/.local/lib/python3.10/site-packages/airflow/example_dags/example_trigger_controller_dag.py for tasks to queue
[2025-01-01T18:42:26.696+0000] {logging_mixin.py:190} INFO - [2025-01-01T18:42:26.695+0000] {dagbag.py:588} INFO - Filling up the DagBag from /home/airflow/.local/lib/python3.10/site-packages/airflow/example_dags/example_trigger_controller_dag.py
[2025-01-01T18:42:26.702+0000] {processor.py:925} INFO - DAG(s) 'example_trigger_controller_dag' retrieved from /home/airflow/.local/lib/python3.10/site-packages/airflow/example_dags/example_trigger_controller_dag.py
[2025-01-01T18:42:26.721+0000] {logging_mixin.py:190} INFO - [2025-01-01T18:42:26.720+0000] {dag.py:3239} INFO - Sync 1 DAGs
[2025-01-01T18:42:26.741+0000] {logging_mixin.py:190} INFO - [2025-01-01T18:42:26.741+0000] {dag.py:4180} INFO - Setting next_dagrun for example_trigger_controller_dag to 2021-01-01 00:00:00+00:00, run_after=2021-01-01 00:00:00+00:00
[2025-01-01T18:42:26.758+0000] {processor.py:208} INFO - Processing /home/airflow/.local/lib/python3.10/site-packages/airflow/example_dags/example_trigger_controller_dag.py took 0.071 seconds
[2025-01-01T18:42:57.348+0000] {processor.py:186} INFO - Started process (PID=59297) to work on /home/airflow/.local/lib/python3.10/site-packages/airflow/example_dags/example_trigger_controller_dag.py
[2025-01-01T18:42:57.350+0000] {processor.py:914} INFO - Processing file /home/airflow/.local/lib/python3.10/site-packages/airflow/example_dags/example_trigger_controller_dag.py for tasks to queue
[2025-01-01T18:42:57.351+0000] {logging_mixin.py:190} INFO - [2025-01-01T18:42:57.351+0000] {dagbag.py:588} INFO - Filling up the DagBag from /home/airflow/.local/lib/python3.10/site-packages/airflow/example_dags/example_trigger_controller_dag.py
[2025-01-01T18:42:57.357+0000] {processor.py:925} INFO - DAG(s) 'example_trigger_controller_dag' retrieved from /home/airflow/.local/lib/python3.10/site-packages/airflow/example_dags/example_trigger_controller_dag.py
[2025-01-01T18:42:57.375+0000] {logging_mixin.py:190} INFO - [2025-01-01T18:42:57.375+0000] {dag.py:3239} INFO - Sync 1 DAGs
[2025-01-01T18:42:57.396+0000] {logging_mixin.py:190} INFO - [2025-01-01T18:42:57.395+0000] {dag.py:4180} INFO - Setting next_dagrun for example_trigger_controller_dag to 2021-01-01 00:00:00+00:00, run_after=2021-01-01 00:00:00+00:00
[2025-01-01T18:42:57.411+0000] {processor.py:208} INFO - Processing /home/airflow/.local/lib/python3.10/site-packages/airflow/example_dags/example_trigger_controller_dag.py took 0.068 seconds
[2025-01-01T18:43:28.374+0000] {processor.py:186} INFO - Started process (PID=59365) to work on /home/airflow/.local/lib/python3.10/site-packages/airflow/example_dags/example_trigger_controller_dag.py
[2025-01-01T18:43:28.376+0000] {processor.py:914} INFO - Processing file /home/airflow/.local/lib/python3.10/site-packages/airflow/example_dags/example_trigger_controller_dag.py for tasks to queue
[2025-01-01T18:43:28.377+0000] {logging_mixin.py:190} INFO - [2025-01-01T18:43:28.377+0000] {dagbag.py:588} INFO - Filling up the DagBag from /home/airflow/.local/lib/python3.10/site-packages/airflow/example_dags/example_trigger_controller_dag.py
[2025-01-01T18:43:28.384+0000] {processor.py:925} INFO - DAG(s) 'example_trigger_controller_dag' retrieved from /home/airflow/.local/lib/python3.10/site-packages/airflow/example_dags/example_trigger_controller_dag.py
[2025-01-01T18:43:28.403+0000] {logging_mixin.py:190} INFO - [2025-01-01T18:43:28.403+0000] {dag.py:3239} INFO - Sync 1 DAGs
[2025-01-01T18:43:28.427+0000] {logging_mixin.py:190} INFO - [2025-01-01T18:43:28.427+0000] {dag.py:4180} INFO - Setting next_dagrun for example_trigger_controller_dag to 2021-01-01 00:00:00+00:00, run_after=2021-01-01 00:00:00+00:00
[2025-01-01T18:43:28.443+0000] {processor.py:208} INFO - Processing /home/airflow/.local/lib/python3.10/site-packages/airflow/example_dags/example_trigger_controller_dag.py took 0.075 seconds
[2025-01-01T18:43:59.273+0000] {processor.py:186} INFO - Started process (PID=59433) to work on /home/airflow/.local/lib/python3.10/site-packages/airflow/example_dags/example_trigger_controller_dag.py
[2025-01-01T18:43:59.274+0000] {processor.py:914} INFO - Processing file /home/airflow/.local/lib/python3.10/site-packages/airflow/example_dags/example_trigger_controller_dag.py for tasks to queue
[2025-01-01T18:43:59.276+0000] {logging_mixin.py:190} INFO - [2025-01-01T18:43:59.275+0000] {dagbag.py:588} INFO - Filling up the DagBag from /home/airflow/.local/lib/python3.10/site-packages/airflow/example_dags/example_trigger_controller_dag.py
[2025-01-01T18:43:59.282+0000] {processor.py:925} INFO - DAG(s) 'example_trigger_controller_dag' retrieved from /home/airflow/.local/lib/python3.10/site-packages/airflow/example_dags/example_trigger_controller_dag.py
[2025-01-01T18:43:59.303+0000] {logging_mixin.py:190} INFO - [2025-01-01T18:43:59.303+0000] {dag.py:3239} INFO - Sync 1 DAGs
[2025-01-01T18:43:59.332+0000] {logging_mixin.py:190} INFO - [2025-01-01T18:43:59.332+0000] {dag.py:4180} INFO - Setting next_dagrun for example_trigger_controller_dag to 2021-01-01 00:00:00+00:00, run_after=2021-01-01 00:00:00+00:00
[2025-01-01T18:43:59.355+0000] {processor.py:208} INFO - Processing /home/airflow/.local/lib/python3.10/site-packages/airflow/example_dags/example_trigger_controller_dag.py took 0.089 seconds
[2025-01-01T18:44:29.676+0000] {processor.py:186} INFO - Started process (PID=59501) to work on /home/airflow/.local/lib/python3.10/site-packages/airflow/example_dags/example_trigger_controller_dag.py
[2025-01-01T18:44:29.678+0000] {processor.py:914} INFO - Processing file /home/airflow/.local/lib/python3.10/site-packages/airflow/example_dags/example_trigger_controller_dag.py for tasks to queue
[2025-01-01T18:44:29.679+0000] {logging_mixin.py:190} INFO - [2025-01-01T18:44:29.679+0000] {dagbag.py:588} INFO - Filling up the DagBag from /home/airflow/.local/lib/python3.10/site-packages/airflow/example_dags/example_trigger_controller_dag.py
[2025-01-01T18:44:29.686+0000] {processor.py:925} INFO - DAG(s) 'example_trigger_controller_dag' retrieved from /home/airflow/.local/lib/python3.10/site-packages/airflow/example_dags/example_trigger_controller_dag.py
[2025-01-01T18:44:29.704+0000] {logging_mixin.py:190} INFO - [2025-01-01T18:44:29.704+0000] {dag.py:3239} INFO - Sync 1 DAGs
[2025-01-01T18:44:29.724+0000] {logging_mixin.py:190} INFO - [2025-01-01T18:44:29.724+0000] {dag.py:4180} INFO - Setting next_dagrun for example_trigger_controller_dag to 2021-01-01 00:00:00+00:00, run_after=2021-01-01 00:00:00+00:00
[2025-01-01T18:44:29.739+0000] {processor.py:208} INFO - Processing /home/airflow/.local/lib/python3.10/site-packages/airflow/example_dags/example_trigger_controller_dag.py took 0.068 seconds
[2025-01-01T18:45:00.835+0000] {processor.py:186} INFO - Started process (PID=59569) to work on /home/airflow/.local/lib/python3.10/site-packages/airflow/example_dags/example_trigger_controller_dag.py
[2025-01-01T18:45:00.836+0000] {processor.py:914} INFO - Processing file /home/airflow/.local/lib/python3.10/site-packages/airflow/example_dags/example_trigger_controller_dag.py for tasks to queue
[2025-01-01T18:45:00.838+0000] {logging_mixin.py:190} INFO - [2025-01-01T18:45:00.837+0000] {dagbag.py:588} INFO - Filling up the DagBag from /home/airflow/.local/lib/python3.10/site-packages/airflow/example_dags/example_trigger_controller_dag.py
[2025-01-01T18:45:00.846+0000] {processor.py:925} INFO - DAG(s) 'example_trigger_controller_dag' retrieved from /home/airflow/.local/lib/python3.10/site-packages/airflow/example_dags/example_trigger_controller_dag.py
[2025-01-01T18:45:00.868+0000] {logging_mixin.py:190} INFO - [2025-01-01T18:45:00.867+0000] {dag.py:3239} INFO - Sync 1 DAGs
[2025-01-01T18:45:00.893+0000] {logging_mixin.py:190} INFO - [2025-01-01T18:45:00.892+0000] {dag.py:4180} INFO - Setting next_dagrun for example_trigger_controller_dag to 2021-01-01 00:00:00+00:00, run_after=2021-01-01 00:00:00+00:00
[2025-01-01T18:45:00.911+0000] {processor.py:208} INFO - Processing /home/airflow/.local/lib/python3.10/site-packages/airflow/example_dags/example_trigger_controller_dag.py took 0.083 seconds
[2025-01-01T18:45:31.575+0000] {processor.py:186} INFO - Started process (PID=59637) to work on /home/airflow/.local/lib/python3.10/site-packages/airflow/example_dags/example_trigger_controller_dag.py
[2025-01-01T18:45:31.576+0000] {processor.py:914} INFO - Processing file /home/airflow/.local/lib/python3.10/site-packages/airflow/example_dags/example_trigger_controller_dag.py for tasks to queue
[2025-01-01T18:45:31.577+0000] {logging_mixin.py:190} INFO - [2025-01-01T18:45:31.577+0000] {dagbag.py:588} INFO - Filling up the DagBag from /home/airflow/.local/lib/python3.10/site-packages/airflow/example_dags/example_trigger_controller_dag.py
[2025-01-01T18:45:31.584+0000] {processor.py:925} INFO - DAG(s) 'example_trigger_controller_dag' retrieved from /home/airflow/.local/lib/python3.10/site-packages/airflow/example_dags/example_trigger_controller_dag.py
[2025-01-01T18:45:31.604+0000] {logging_mixin.py:190} INFO - [2025-01-01T18:45:31.603+0000] {dag.py:3239} INFO - Sync 1 DAGs
[2025-01-01T18:45:31.626+0000] {logging_mixin.py:190} INFO - [2025-01-01T18:45:31.626+0000] {dag.py:4180} INFO - Setting next_dagrun for example_trigger_controller_dag to 2021-01-01 00:00:00+00:00, run_after=2021-01-01 00:00:00+00:00
[2025-01-01T18:45:31.643+0000] {processor.py:208} INFO - Processing /home/airflow/.local/lib/python3.10/site-packages/airflow/example_dags/example_trigger_controller_dag.py took 0.075 seconds
[2025-01-01T18:46:02.175+0000] {processor.py:186} INFO - Started process (PID=59705) to work on /home/airflow/.local/lib/python3.10/site-packages/airflow/example_dags/example_trigger_controller_dag.py
[2025-01-01T18:46:02.176+0000] {processor.py:914} INFO - Processing file /home/airflow/.local/lib/python3.10/site-packages/airflow/example_dags/example_trigger_controller_dag.py for tasks to queue
[2025-01-01T18:46:02.178+0000] {logging_mixin.py:190} INFO - [2025-01-01T18:46:02.177+0000] {dagbag.py:588} INFO - Filling up the DagBag from /home/airflow/.local/lib/python3.10/site-packages/airflow/example_dags/example_trigger_controller_dag.py
[2025-01-01T18:46:02.185+0000] {processor.py:925} INFO - DAG(s) 'example_trigger_controller_dag' retrieved from /home/airflow/.local/lib/python3.10/site-packages/airflow/example_dags/example_trigger_controller_dag.py
[2025-01-01T18:46:02.203+0000] {logging_mixin.py:190} INFO - [2025-01-01T18:46:02.203+0000] {dag.py:3239} INFO - Sync 1 DAGs
[2025-01-01T18:46:02.225+0000] {logging_mixin.py:190} INFO - [2025-01-01T18:46:02.225+0000] {dag.py:4180} INFO - Setting next_dagrun for example_trigger_controller_dag to 2021-01-01 00:00:00+00:00, run_after=2021-01-01 00:00:00+00:00
[2025-01-01T18:46:02.243+0000] {processor.py:208} INFO - Processing /home/airflow/.local/lib/python3.10/site-packages/airflow/example_dags/example_trigger_controller_dag.py took 0.074 seconds
[2025-01-01T18:46:32.541+0000] {processor.py:186} INFO - Started process (PID=59772) to work on /home/airflow/.local/lib/python3.10/site-packages/airflow/example_dags/example_trigger_controller_dag.py
[2025-01-01T18:46:32.542+0000] {processor.py:914} INFO - Processing file /home/airflow/.local/lib/python3.10/site-packages/airflow/example_dags/example_trigger_controller_dag.py for tasks to queue
[2025-01-01T18:46:32.543+0000] {logging_mixin.py:190} INFO - [2025-01-01T18:46:32.543+0000] {dagbag.py:588} INFO - Filling up the DagBag from /home/airflow/.local/lib/python3.10/site-packages/airflow/example_dags/example_trigger_controller_dag.py
[2025-01-01T18:46:32.550+0000] {processor.py:925} INFO - DAG(s) 'example_trigger_controller_dag' retrieved from /home/airflow/.local/lib/python3.10/site-packages/airflow/example_dags/example_trigger_controller_dag.py
[2025-01-01T18:46:32.569+0000] {logging_mixin.py:190} INFO - [2025-01-01T18:46:32.569+0000] {dag.py:3239} INFO - Sync 1 DAGs
[2025-01-01T18:46:32.589+0000] {logging_mixin.py:190} INFO - [2025-01-01T18:46:32.589+0000] {dag.py:4180} INFO - Setting next_dagrun for example_trigger_controller_dag to 2021-01-01 00:00:00+00:00, run_after=2021-01-01 00:00:00+00:00
[2025-01-01T18:46:32.606+0000] {processor.py:208} INFO - Processing /home/airflow/.local/lib/python3.10/site-packages/airflow/example_dags/example_trigger_controller_dag.py took 0.072 seconds
[2025-01-01T18:47:03.656+0000] {processor.py:186} INFO - Started process (PID=59841) to work on /home/airflow/.local/lib/python3.10/site-packages/airflow/example_dags/example_trigger_controller_dag.py
[2025-01-01T18:47:03.658+0000] {processor.py:914} INFO - Processing file /home/airflow/.local/lib/python3.10/site-packages/airflow/example_dags/example_trigger_controller_dag.py for tasks to queue
[2025-01-01T18:47:03.659+0000] {logging_mixin.py:190} INFO - [2025-01-01T18:47:03.659+0000] {dagbag.py:588} INFO - Filling up the DagBag from /home/airflow/.local/lib/python3.10/site-packages/airflow/example_dags/example_trigger_controller_dag.py
[2025-01-01T18:47:03.665+0000] {processor.py:925} INFO - DAG(s) 'example_trigger_controller_dag' retrieved from /home/airflow/.local/lib/python3.10/site-packages/airflow/example_dags/example_trigger_controller_dag.py
[2025-01-01T18:47:03.683+0000] {logging_mixin.py:190} INFO - [2025-01-01T18:47:03.682+0000] {dag.py:3239} INFO - Sync 1 DAGs
[2025-01-01T18:47:03.702+0000] {logging_mixin.py:190} INFO - [2025-01-01T18:47:03.702+0000] {dag.py:4180} INFO - Setting next_dagrun for example_trigger_controller_dag to 2021-01-01 00:00:00+00:00, run_after=2021-01-01 00:00:00+00:00
[2025-01-01T18:47:03.717+0000] {processor.py:208} INFO - Processing /home/airflow/.local/lib/python3.10/site-packages/airflow/example_dags/example_trigger_controller_dag.py took 0.067 seconds
