[2025-01-01T18:19:05.545+0000] {processor.py:186} INFO - Started process (PID=56130) to work on /home/airflow/.local/lib/python3.10/site-packages/airflow/example_dags/example_python_decorator.py
[2025-01-01T18:19:05.548+0000] {processor.py:914} INFO - Processing file /home/airflow/.local/lib/python3.10/site-packages/airflow/example_dags/example_python_decorator.py for tasks to queue
[2025-01-01T18:19:05.550+0000] {logging_mixin.py:190} INFO - [2025-01-01T18:19:05.550+0000] {dagbag.py:588} INFO - Filling up the DagBag from /home/airflow/.local/lib/python3.10/site-packages/airflow/example_dags/example_python_decorator.py
[2025-01-01T18:19:05.959+0000] {processor.py:925} INFO - DAG(s) 'example_python_decorator' retrieved from /home/airflow/.local/lib/python3.10/site-packages/airflow/example_dags/example_python_decorator.py
[2025-01-01T18:19:06.021+0000] {logging_mixin.py:190} INFO - [2025-01-01T18:19:06.020+0000] {dag.py:3239} INFO - Sync 1 DAGs
[2025-01-01T18:19:06.050+0000] {logging_mixin.py:190} INFO - [2025-01-01T18:19:06.049+0000] {dag.py:4180} INFO - Setting next_dagrun for example_python_decorator to None, run_after=None
[2025-01-01T18:19:06.090+0000] {processor.py:208} INFO - Processing /home/airflow/.local/lib/python3.10/site-packages/airflow/example_dags/example_python_decorator.py took 0.568 seconds
[2025-01-01T18:19:47.232+0000] {processor.py:186} INFO - Started process (PID=56213) to work on /home/airflow/.local/lib/python3.10/site-packages/airflow/example_dags/example_python_decorator.py
[2025-01-01T18:19:47.234+0000] {processor.py:914} INFO - Processing file /home/airflow/.local/lib/python3.10/site-packages/airflow/example_dags/example_python_decorator.py for tasks to queue
[2025-01-01T18:19:47.235+0000] {logging_mixin.py:190} INFO - [2025-01-01T18:19:47.235+0000] {dagbag.py:588} INFO - Filling up the DagBag from /home/airflow/.local/lib/python3.10/site-packages/airflow/example_dags/example_python_decorator.py
[2025-01-01T18:19:47.282+0000] {processor.py:925} INFO - DAG(s) 'example_python_decorator' retrieved from /home/airflow/.local/lib/python3.10/site-packages/airflow/example_dags/example_python_decorator.py
[2025-01-01T18:19:47.400+0000] {logging_mixin.py:190} INFO - [2025-01-01T18:19:47.399+0000] {dag.py:3239} INFO - Sync 1 DAGs
[2025-01-01T18:19:47.433+0000] {logging_mixin.py:190} INFO - [2025-01-01T18:19:47.433+0000] {dag.py:4180} INFO - Setting next_dagrun for example_python_decorator to None, run_after=None
[2025-01-01T18:19:47.465+0000] {processor.py:208} INFO - Processing /home/airflow/.local/lib/python3.10/site-packages/airflow/example_dags/example_python_decorator.py took 0.318 seconds
[2025-01-01T18:20:17.782+0000] {processor.py:186} INFO - Started process (PID=56282) to work on /home/airflow/.local/lib/python3.10/site-packages/airflow/example_dags/example_python_decorator.py
[2025-01-01T18:20:17.783+0000] {processor.py:914} INFO - Processing file /home/airflow/.local/lib/python3.10/site-packages/airflow/example_dags/example_python_decorator.py for tasks to queue
[2025-01-01T18:20:17.784+0000] {logging_mixin.py:190} INFO - [2025-01-01T18:20:17.784+0000] {dagbag.py:588} INFO - Filling up the DagBag from /home/airflow/.local/lib/python3.10/site-packages/airflow/example_dags/example_python_decorator.py
[2025-01-01T18:20:17.801+0000] {processor.py:925} INFO - DAG(s) 'example_python_decorator' retrieved from /home/airflow/.local/lib/python3.10/site-packages/airflow/example_dags/example_python_decorator.py
[2025-01-01T18:20:17.826+0000] {logging_mixin.py:190} INFO - [2025-01-01T18:20:17.826+0000] {dag.py:3239} INFO - Sync 1 DAGs
[2025-01-01T18:20:17.844+0000] {logging_mixin.py:190} INFO - [2025-01-01T18:20:17.844+0000] {dag.py:4180} INFO - Setting next_dagrun for example_python_decorator to None, run_after=None
[2025-01-01T18:20:17.865+0000] {processor.py:208} INFO - Processing /home/airflow/.local/lib/python3.10/site-packages/airflow/example_dags/example_python_decorator.py took 0.092 seconds
[2025-01-01T18:20:47.999+0000] {processor.py:186} INFO - Started process (PID=56349) to work on /home/airflow/.local/lib/python3.10/site-packages/airflow/example_dags/example_python_decorator.py
[2025-01-01T18:20:48.001+0000] {processor.py:914} INFO - Processing file /home/airflow/.local/lib/python3.10/site-packages/airflow/example_dags/example_python_decorator.py for tasks to queue
[2025-01-01T18:20:48.004+0000] {logging_mixin.py:190} INFO - [2025-01-01T18:20:48.003+0000] {dagbag.py:588} INFO - Filling up the DagBag from /home/airflow/.local/lib/python3.10/site-packages/airflow/example_dags/example_python_decorator.py
[2025-01-01T18:20:48.023+0000] {processor.py:925} INFO - DAG(s) 'example_python_decorator' retrieved from /home/airflow/.local/lib/python3.10/site-packages/airflow/example_dags/example_python_decorator.py
[2025-01-01T18:20:48.047+0000] {logging_mixin.py:190} INFO - [2025-01-01T18:20:48.047+0000] {dag.py:3239} INFO - Sync 1 DAGs
[2025-01-01T18:20:48.064+0000] {logging_mixin.py:190} INFO - [2025-01-01T18:20:48.063+0000] {dag.py:4180} INFO - Setting next_dagrun for example_python_decorator to None, run_after=None
[2025-01-01T18:20:48.084+0000] {processor.py:208} INFO - Processing /home/airflow/.local/lib/python3.10/site-packages/airflow/example_dags/example_python_decorator.py took 0.093 seconds
[2025-01-01T18:21:18.887+0000] {processor.py:186} INFO - Started process (PID=56418) to work on /home/airflow/.local/lib/python3.10/site-packages/airflow/example_dags/example_python_decorator.py
[2025-01-01T18:21:18.888+0000] {processor.py:914} INFO - Processing file /home/airflow/.local/lib/python3.10/site-packages/airflow/example_dags/example_python_decorator.py for tasks to queue
[2025-01-01T18:21:18.889+0000] {logging_mixin.py:190} INFO - [2025-01-01T18:21:18.889+0000] {dagbag.py:588} INFO - Filling up the DagBag from /home/airflow/.local/lib/python3.10/site-packages/airflow/example_dags/example_python_decorator.py
[2025-01-01T18:21:18.903+0000] {processor.py:925} INFO - DAG(s) 'example_python_decorator' retrieved from /home/airflow/.local/lib/python3.10/site-packages/airflow/example_dags/example_python_decorator.py
[2025-01-01T18:21:18.923+0000] {logging_mixin.py:190} INFO - [2025-01-01T18:21:18.923+0000] {dag.py:3239} INFO - Sync 1 DAGs
[2025-01-01T18:21:18.938+0000] {logging_mixin.py:190} INFO - [2025-01-01T18:21:18.937+0000] {dag.py:4180} INFO - Setting next_dagrun for example_python_decorator to None, run_after=None
[2025-01-01T18:21:18.955+0000] {processor.py:208} INFO - Processing /home/airflow/.local/lib/python3.10/site-packages/airflow/example_dags/example_python_decorator.py took 0.074 seconds
[2025-01-01T18:21:49.023+0000] {processor.py:186} INFO - Started process (PID=56486) to work on /home/airflow/.local/lib/python3.10/site-packages/airflow/example_dags/example_python_decorator.py
[2025-01-01T18:21:49.024+0000] {processor.py:914} INFO - Processing file /home/airflow/.local/lib/python3.10/site-packages/airflow/example_dags/example_python_decorator.py for tasks to queue
[2025-01-01T18:21:49.025+0000] {logging_mixin.py:190} INFO - [2025-01-01T18:21:49.025+0000] {dagbag.py:588} INFO - Filling up the DagBag from /home/airflow/.local/lib/python3.10/site-packages/airflow/example_dags/example_python_decorator.py
[2025-01-01T18:21:49.039+0000] {processor.py:925} INFO - DAG(s) 'example_python_decorator' retrieved from /home/airflow/.local/lib/python3.10/site-packages/airflow/example_dags/example_python_decorator.py
[2025-01-01T18:21:49.060+0000] {logging_mixin.py:190} INFO - [2025-01-01T18:21:49.060+0000] {dag.py:3239} INFO - Sync 1 DAGs
[2025-01-01T18:21:49.074+0000] {logging_mixin.py:190} INFO - [2025-01-01T18:21:49.074+0000] {dag.py:4180} INFO - Setting next_dagrun for example_python_decorator to None, run_after=None
[2025-01-01T18:21:49.090+0000] {processor.py:208} INFO - Processing /home/airflow/.local/lib/python3.10/site-packages/airflow/example_dags/example_python_decorator.py took 0.073 seconds
[2025-01-01T18:22:19.552+0000] {processor.py:186} INFO - Started process (PID=56554) to work on /home/airflow/.local/lib/python3.10/site-packages/airflow/example_dags/example_python_decorator.py
[2025-01-01T18:22:19.553+0000] {processor.py:914} INFO - Processing file /home/airflow/.local/lib/python3.10/site-packages/airflow/example_dags/example_python_decorator.py for tasks to queue
[2025-01-01T18:22:19.555+0000] {logging_mixin.py:190} INFO - [2025-01-01T18:22:19.554+0000] {dagbag.py:588} INFO - Filling up the DagBag from /home/airflow/.local/lib/python3.10/site-packages/airflow/example_dags/example_python_decorator.py
[2025-01-01T18:22:19.568+0000] {processor.py:925} INFO - DAG(s) 'example_python_decorator' retrieved from /home/airflow/.local/lib/python3.10/site-packages/airflow/example_dags/example_python_decorator.py
[2025-01-01T18:22:19.588+0000] {logging_mixin.py:190} INFO - [2025-01-01T18:22:19.588+0000] {dag.py:3239} INFO - Sync 1 DAGs
[2025-01-01T18:22:19.602+0000] {logging_mixin.py:190} INFO - [2025-01-01T18:22:19.602+0000] {dag.py:4180} INFO - Setting next_dagrun for example_python_decorator to None, run_after=None
[2025-01-01T18:22:19.619+0000] {processor.py:208} INFO - Processing /home/airflow/.local/lib/python3.10/site-packages/airflow/example_dags/example_python_decorator.py took 0.073 seconds
[2025-01-01T18:22:50.445+0000] {processor.py:186} INFO - Started process (PID=56622) to work on /home/airflow/.local/lib/python3.10/site-packages/airflow/example_dags/example_python_decorator.py
[2025-01-01T18:22:50.446+0000] {processor.py:914} INFO - Processing file /home/airflow/.local/lib/python3.10/site-packages/airflow/example_dags/example_python_decorator.py for tasks to queue
[2025-01-01T18:22:50.447+0000] {logging_mixin.py:190} INFO - [2025-01-01T18:22:50.447+0000] {dagbag.py:588} INFO - Filling up the DagBag from /home/airflow/.local/lib/python3.10/site-packages/airflow/example_dags/example_python_decorator.py
[2025-01-01T18:22:50.460+0000] {processor.py:925} INFO - DAG(s) 'example_python_decorator' retrieved from /home/airflow/.local/lib/python3.10/site-packages/airflow/example_dags/example_python_decorator.py
[2025-01-01T18:22:50.481+0000] {logging_mixin.py:190} INFO - [2025-01-01T18:22:50.481+0000] {dag.py:3239} INFO - Sync 1 DAGs
[2025-01-01T18:22:50.494+0000] {logging_mixin.py:190} INFO - [2025-01-01T18:22:50.494+0000] {dag.py:4180} INFO - Setting next_dagrun for example_python_decorator to None, run_after=None
[2025-01-01T18:22:50.512+0000] {processor.py:208} INFO - Processing /home/airflow/.local/lib/python3.10/site-packages/airflow/example_dags/example_python_decorator.py took 0.074 seconds
[2025-01-01T18:23:21.322+0000] {processor.py:186} INFO - Started process (PID=56690) to work on /home/airflow/.local/lib/python3.10/site-packages/airflow/example_dags/example_python_decorator.py
[2025-01-01T18:23:21.323+0000] {processor.py:914} INFO - Processing file /home/airflow/.local/lib/python3.10/site-packages/airflow/example_dags/example_python_decorator.py for tasks to queue
[2025-01-01T18:23:21.324+0000] {logging_mixin.py:190} INFO - [2025-01-01T18:23:21.324+0000] {dagbag.py:588} INFO - Filling up the DagBag from /home/airflow/.local/lib/python3.10/site-packages/airflow/example_dags/example_python_decorator.py
[2025-01-01T18:23:21.344+0000] {processor.py:925} INFO - DAG(s) 'example_python_decorator' retrieved from /home/airflow/.local/lib/python3.10/site-packages/airflow/example_dags/example_python_decorator.py
[2025-01-01T18:23:21.366+0000] {logging_mixin.py:190} INFO - [2025-01-01T18:23:21.366+0000] {dag.py:3239} INFO - Sync 1 DAGs
[2025-01-01T18:23:21.381+0000] {logging_mixin.py:190} INFO - [2025-01-01T18:23:21.380+0000] {dag.py:4180} INFO - Setting next_dagrun for example_python_decorator to None, run_after=None
[2025-01-01T18:23:21.396+0000] {processor.py:208} INFO - Processing /home/airflow/.local/lib/python3.10/site-packages/airflow/example_dags/example_python_decorator.py took 0.081 seconds
[2025-01-01T18:23:51.523+0000] {processor.py:186} INFO - Started process (PID=56758) to work on /home/airflow/.local/lib/python3.10/site-packages/airflow/example_dags/example_python_decorator.py
[2025-01-01T18:23:51.524+0000] {processor.py:914} INFO - Processing file /home/airflow/.local/lib/python3.10/site-packages/airflow/example_dags/example_python_decorator.py for tasks to queue
[2025-01-01T18:23:51.525+0000] {logging_mixin.py:190} INFO - [2025-01-01T18:23:51.525+0000] {dagbag.py:588} INFO - Filling up the DagBag from /home/airflow/.local/lib/python3.10/site-packages/airflow/example_dags/example_python_decorator.py
[2025-01-01T18:23:51.539+0000] {processor.py:925} INFO - DAG(s) 'example_python_decorator' retrieved from /home/airflow/.local/lib/python3.10/site-packages/airflow/example_dags/example_python_decorator.py
[2025-01-01T18:23:51.560+0000] {logging_mixin.py:190} INFO - [2025-01-01T18:23:51.560+0000] {dag.py:3239} INFO - Sync 1 DAGs
[2025-01-01T18:23:51.574+0000] {logging_mixin.py:190} INFO - [2025-01-01T18:23:51.574+0000] {dag.py:4180} INFO - Setting next_dagrun for example_python_decorator to None, run_after=None
[2025-01-01T18:23:51.591+0000] {processor.py:208} INFO - Processing /home/airflow/.local/lib/python3.10/site-packages/airflow/example_dags/example_python_decorator.py took 0.074 seconds
[2025-01-01T18:24:22.397+0000] {processor.py:186} INFO - Started process (PID=56826) to work on /home/airflow/.local/lib/python3.10/site-packages/airflow/example_dags/example_python_decorator.py
[2025-01-01T18:24:22.398+0000] {processor.py:914} INFO - Processing file /home/airflow/.local/lib/python3.10/site-packages/airflow/example_dags/example_python_decorator.py for tasks to queue
[2025-01-01T18:24:22.399+0000] {logging_mixin.py:190} INFO - [2025-01-01T18:24:22.399+0000] {dagbag.py:588} INFO - Filling up the DagBag from /home/airflow/.local/lib/python3.10/site-packages/airflow/example_dags/example_python_decorator.py
[2025-01-01T18:24:22.413+0000] {processor.py:925} INFO - DAG(s) 'example_python_decorator' retrieved from /home/airflow/.local/lib/python3.10/site-packages/airflow/example_dags/example_python_decorator.py
[2025-01-01T18:24:22.433+0000] {logging_mixin.py:190} INFO - [2025-01-01T18:24:22.433+0000] {dag.py:3239} INFO - Sync 1 DAGs
[2025-01-01T18:24:22.446+0000] {logging_mixin.py:190} INFO - [2025-01-01T18:24:22.446+0000] {dag.py:4180} INFO - Setting next_dagrun for example_python_decorator to None, run_after=None
[2025-01-01T18:24:22.462+0000] {processor.py:208} INFO - Processing /home/airflow/.local/lib/python3.10/site-packages/airflow/example_dags/example_python_decorator.py took 0.071 seconds
[2025-01-01T18:24:53.649+0000] {processor.py:186} INFO - Started process (PID=56894) to work on /home/airflow/.local/lib/python3.10/site-packages/airflow/example_dags/example_python_decorator.py
[2025-01-01T18:24:53.651+0000] {processor.py:914} INFO - Processing file /home/airflow/.local/lib/python3.10/site-packages/airflow/example_dags/example_python_decorator.py for tasks to queue
[2025-01-01T18:24:53.652+0000] {logging_mixin.py:190} INFO - [2025-01-01T18:24:53.652+0000] {dagbag.py:588} INFO - Filling up the DagBag from /home/airflow/.local/lib/python3.10/site-packages/airflow/example_dags/example_python_decorator.py
[2025-01-01T18:24:53.668+0000] {processor.py:925} INFO - DAG(s) 'example_python_decorator' retrieved from /home/airflow/.local/lib/python3.10/site-packages/airflow/example_dags/example_python_decorator.py
[2025-01-01T18:24:53.694+0000] {logging_mixin.py:190} INFO - [2025-01-01T18:24:53.693+0000] {dag.py:3239} INFO - Sync 1 DAGs
[2025-01-01T18:24:53.710+0000] {logging_mixin.py:190} INFO - [2025-01-01T18:24:53.710+0000] {dag.py:4180} INFO - Setting next_dagrun for example_python_decorator to None, run_after=None
[2025-01-01T18:24:53.729+0000] {processor.py:208} INFO - Processing /home/airflow/.local/lib/python3.10/site-packages/airflow/example_dags/example_python_decorator.py took 0.087 seconds
[2025-01-01T18:25:24.517+0000] {processor.py:186} INFO - Started process (PID=56962) to work on /home/airflow/.local/lib/python3.10/site-packages/airflow/example_dags/example_python_decorator.py
[2025-01-01T18:25:24.518+0000] {processor.py:914} INFO - Processing file /home/airflow/.local/lib/python3.10/site-packages/airflow/example_dags/example_python_decorator.py for tasks to queue
[2025-01-01T18:25:24.520+0000] {logging_mixin.py:190} INFO - [2025-01-01T18:25:24.519+0000] {dagbag.py:588} INFO - Filling up the DagBag from /home/airflow/.local/lib/python3.10/site-packages/airflow/example_dags/example_python_decorator.py
[2025-01-01T18:25:24.536+0000] {processor.py:925} INFO - DAG(s) 'example_python_decorator' retrieved from /home/airflow/.local/lib/python3.10/site-packages/airflow/example_dags/example_python_decorator.py
[2025-01-01T18:25:24.556+0000] {logging_mixin.py:190} INFO - [2025-01-01T18:25:24.556+0000] {dag.py:3239} INFO - Sync 1 DAGs
[2025-01-01T18:25:24.569+0000] {logging_mixin.py:190} INFO - [2025-01-01T18:25:24.569+0000] {dag.py:4180} INFO - Setting next_dagrun for example_python_decorator to None, run_after=None
[2025-01-01T18:25:24.585+0000] {processor.py:208} INFO - Processing /home/airflow/.local/lib/python3.10/site-packages/airflow/example_dags/example_python_decorator.py took 0.075 seconds
[2025-01-01T18:25:58.524+0000] {processor.py:186} INFO - Started process (PID=57035) to work on /home/airflow/.local/lib/python3.10/site-packages/airflow/example_dags/example_python_decorator.py
[2025-01-01T18:25:58.526+0000] {processor.py:914} INFO - Processing file /home/airflow/.local/lib/python3.10/site-packages/airflow/example_dags/example_python_decorator.py for tasks to queue
[2025-01-01T18:25:58.528+0000] {logging_mixin.py:190} INFO - [2025-01-01T18:25:58.527+0000] {dagbag.py:588} INFO - Filling up the DagBag from /home/airflow/.local/lib/python3.10/site-packages/airflow/example_dags/example_python_decorator.py
[2025-01-01T18:25:58.544+0000] {processor.py:925} INFO - DAG(s) 'example_python_decorator' retrieved from /home/airflow/.local/lib/python3.10/site-packages/airflow/example_dags/example_python_decorator.py
[2025-01-01T18:25:58.573+0000] {logging_mixin.py:190} INFO - [2025-01-01T18:25:58.572+0000] {dag.py:3239} INFO - Sync 1 DAGs
[2025-01-01T18:25:58.593+0000] {logging_mixin.py:190} INFO - [2025-01-01T18:25:58.593+0000] {dag.py:4180} INFO - Setting next_dagrun for example_python_decorator to None, run_after=None
[2025-01-01T18:25:58.621+0000] {processor.py:208} INFO - Processing /home/airflow/.local/lib/python3.10/site-packages/airflow/example_dags/example_python_decorator.py took 0.106 seconds
[2025-01-01T18:26:29.124+0000] {processor.py:186} INFO - Started process (PID=57103) to work on /home/airflow/.local/lib/python3.10/site-packages/airflow/example_dags/example_python_decorator.py
[2025-01-01T18:26:29.125+0000] {processor.py:914} INFO - Processing file /home/airflow/.local/lib/python3.10/site-packages/airflow/example_dags/example_python_decorator.py for tasks to queue
[2025-01-01T18:26:29.127+0000] {logging_mixin.py:190} INFO - [2025-01-01T18:26:29.126+0000] {dagbag.py:588} INFO - Filling up the DagBag from /home/airflow/.local/lib/python3.10/site-packages/airflow/example_dags/example_python_decorator.py
[2025-01-01T18:26:29.142+0000] {processor.py:925} INFO - DAG(s) 'example_python_decorator' retrieved from /home/airflow/.local/lib/python3.10/site-packages/airflow/example_dags/example_python_decorator.py
[2025-01-01T18:26:29.164+0000] {logging_mixin.py:190} INFO - [2025-01-01T18:26:29.164+0000] {dag.py:3239} INFO - Sync 1 DAGs
[2025-01-01T18:26:29.179+0000] {logging_mixin.py:190} INFO - [2025-01-01T18:26:29.178+0000] {dag.py:4180} INFO - Setting next_dagrun for example_python_decorator to None, run_after=None
[2025-01-01T18:26:29.194+0000] {processor.py:208} INFO - Processing /home/airflow/.local/lib/python3.10/site-packages/airflow/example_dags/example_python_decorator.py took 0.076 seconds
[2025-01-01T18:26:59.239+0000] {processor.py:186} INFO - Started process (PID=57170) to work on /home/airflow/.local/lib/python3.10/site-packages/airflow/example_dags/example_python_decorator.py
[2025-01-01T18:26:59.240+0000] {processor.py:914} INFO - Processing file /home/airflow/.local/lib/python3.10/site-packages/airflow/example_dags/example_python_decorator.py for tasks to queue
[2025-01-01T18:26:59.241+0000] {logging_mixin.py:190} INFO - [2025-01-01T18:26:59.241+0000] {dagbag.py:588} INFO - Filling up the DagBag from /home/airflow/.local/lib/python3.10/site-packages/airflow/example_dags/example_python_decorator.py
[2025-01-01T18:26:59.255+0000] {processor.py:925} INFO - DAG(s) 'example_python_decorator' retrieved from /home/airflow/.local/lib/python3.10/site-packages/airflow/example_dags/example_python_decorator.py
[2025-01-01T18:26:59.285+0000] {logging_mixin.py:190} INFO - [2025-01-01T18:26:59.285+0000] {dag.py:3239} INFO - Sync 1 DAGs
[2025-01-01T18:26:59.305+0000] {logging_mixin.py:190} INFO - [2025-01-01T18:26:59.305+0000] {dag.py:4180} INFO - Setting next_dagrun for example_python_decorator to None, run_after=None
[2025-01-01T18:26:59.325+0000] {processor.py:208} INFO - Processing /home/airflow/.local/lib/python3.10/site-packages/airflow/example_dags/example_python_decorator.py took 0.093 seconds
[2025-01-01T18:27:30.655+0000] {processor.py:186} INFO - Started process (PID=57239) to work on /home/airflow/.local/lib/python3.10/site-packages/airflow/example_dags/example_python_decorator.py
[2025-01-01T18:27:30.656+0000] {processor.py:914} INFO - Processing file /home/airflow/.local/lib/python3.10/site-packages/airflow/example_dags/example_python_decorator.py for tasks to queue
[2025-01-01T18:27:30.658+0000] {logging_mixin.py:190} INFO - [2025-01-01T18:27:30.657+0000] {dagbag.py:588} INFO - Filling up the DagBag from /home/airflow/.local/lib/python3.10/site-packages/airflow/example_dags/example_python_decorator.py
[2025-01-01T18:27:30.672+0000] {processor.py:925} INFO - DAG(s) 'example_python_decorator' retrieved from /home/airflow/.local/lib/python3.10/site-packages/airflow/example_dags/example_python_decorator.py
[2025-01-01T18:27:30.694+0000] {logging_mixin.py:190} INFO - [2025-01-01T18:27:30.693+0000] {dag.py:3239} INFO - Sync 1 DAGs
[2025-01-01T18:27:30.708+0000] {logging_mixin.py:190} INFO - [2025-01-01T18:27:30.708+0000] {dag.py:4180} INFO - Setting next_dagrun for example_python_decorator to None, run_after=None
[2025-01-01T18:27:30.724+0000] {processor.py:208} INFO - Processing /home/airflow/.local/lib/python3.10/site-packages/airflow/example_dags/example_python_decorator.py took 0.075 seconds
[2025-01-01T18:28:01.617+0000] {processor.py:186} INFO - Started process (PID=57307) to work on /home/airflow/.local/lib/python3.10/site-packages/airflow/example_dags/example_python_decorator.py
[2025-01-01T18:28:01.618+0000] {processor.py:914} INFO - Processing file /home/airflow/.local/lib/python3.10/site-packages/airflow/example_dags/example_python_decorator.py for tasks to queue
[2025-01-01T18:28:01.621+0000] {logging_mixin.py:190} INFO - [2025-01-01T18:28:01.620+0000] {dagbag.py:588} INFO - Filling up the DagBag from /home/airflow/.local/lib/python3.10/site-packages/airflow/example_dags/example_python_decorator.py
[2025-01-01T18:28:01.635+0000] {processor.py:925} INFO - DAG(s) 'example_python_decorator' retrieved from /home/airflow/.local/lib/python3.10/site-packages/airflow/example_dags/example_python_decorator.py
[2025-01-01T18:28:01.659+0000] {logging_mixin.py:190} INFO - [2025-01-01T18:28:01.658+0000] {dag.py:3239} INFO - Sync 1 DAGs
[2025-01-01T18:28:01.673+0000] {logging_mixin.py:190} INFO - [2025-01-01T18:28:01.673+0000] {dag.py:4180} INFO - Setting next_dagrun for example_python_decorator to None, run_after=None
[2025-01-01T18:28:01.690+0000] {processor.py:208} INFO - Processing /home/airflow/.local/lib/python3.10/site-packages/airflow/example_dags/example_python_decorator.py took 0.081 seconds
[2025-01-01T18:28:32.663+0000] {processor.py:186} INFO - Started process (PID=57375) to work on /home/airflow/.local/lib/python3.10/site-packages/airflow/example_dags/example_python_decorator.py
[2025-01-01T18:28:32.664+0000] {processor.py:914} INFO - Processing file /home/airflow/.local/lib/python3.10/site-packages/airflow/example_dags/example_python_decorator.py for tasks to queue
[2025-01-01T18:28:32.666+0000] {logging_mixin.py:190} INFO - [2025-01-01T18:28:32.665+0000] {dagbag.py:588} INFO - Filling up the DagBag from /home/airflow/.local/lib/python3.10/site-packages/airflow/example_dags/example_python_decorator.py
[2025-01-01T18:28:32.684+0000] {processor.py:925} INFO - DAG(s) 'example_python_decorator' retrieved from /home/airflow/.local/lib/python3.10/site-packages/airflow/example_dags/example_python_decorator.py
[2025-01-01T18:28:32.705+0000] {logging_mixin.py:190} INFO - [2025-01-01T18:28:32.705+0000] {dag.py:3239} INFO - Sync 1 DAGs
[2025-01-01T18:28:32.719+0000] {logging_mixin.py:190} INFO - [2025-01-01T18:28:32.719+0000] {dag.py:4180} INFO - Setting next_dagrun for example_python_decorator to None, run_after=None
[2025-01-01T18:28:32.736+0000] {processor.py:208} INFO - Processing /home/airflow/.local/lib/python3.10/site-packages/airflow/example_dags/example_python_decorator.py took 0.079 seconds
[2025-01-01T18:29:03.607+0000] {processor.py:186} INFO - Started process (PID=57444) to work on /home/airflow/.local/lib/python3.10/site-packages/airflow/example_dags/example_python_decorator.py
[2025-01-01T18:29:03.608+0000] {processor.py:914} INFO - Processing file /home/airflow/.local/lib/python3.10/site-packages/airflow/example_dags/example_python_decorator.py for tasks to queue
[2025-01-01T18:29:03.610+0000] {logging_mixin.py:190} INFO - [2025-01-01T18:29:03.610+0000] {dagbag.py:588} INFO - Filling up the DagBag from /home/airflow/.local/lib/python3.10/site-packages/airflow/example_dags/example_python_decorator.py
[2025-01-01T18:29:03.626+0000] {processor.py:925} INFO - DAG(s) 'example_python_decorator' retrieved from /home/airflow/.local/lib/python3.10/site-packages/airflow/example_dags/example_python_decorator.py
[2025-01-01T18:29:03.655+0000] {logging_mixin.py:190} INFO - [2025-01-01T18:29:03.655+0000] {dag.py:3239} INFO - Sync 1 DAGs
[2025-01-01T18:29:03.671+0000] {logging_mixin.py:190} INFO - [2025-01-01T18:29:03.670+0000] {dag.py:4180} INFO - Setting next_dagrun for example_python_decorator to None, run_after=None
[2025-01-01T18:29:03.689+0000] {processor.py:208} INFO - Processing /home/airflow/.local/lib/python3.10/site-packages/airflow/example_dags/example_python_decorator.py took 0.088 seconds
[2025-01-01T18:29:34.754+0000] {processor.py:186} INFO - Started process (PID=57511) to work on /home/airflow/.local/lib/python3.10/site-packages/airflow/example_dags/example_python_decorator.py
[2025-01-01T18:29:34.755+0000] {processor.py:914} INFO - Processing file /home/airflow/.local/lib/python3.10/site-packages/airflow/example_dags/example_python_decorator.py for tasks to queue
[2025-01-01T18:29:34.756+0000] {logging_mixin.py:190} INFO - [2025-01-01T18:29:34.756+0000] {dagbag.py:588} INFO - Filling up the DagBag from /home/airflow/.local/lib/python3.10/site-packages/airflow/example_dags/example_python_decorator.py
[2025-01-01T18:29:34.771+0000] {processor.py:925} INFO - DAG(s) 'example_python_decorator' retrieved from /home/airflow/.local/lib/python3.10/site-packages/airflow/example_dags/example_python_decorator.py
[2025-01-01T18:29:34.794+0000] {logging_mixin.py:190} INFO - [2025-01-01T18:29:34.793+0000] {dag.py:3239} INFO - Sync 1 DAGs
[2025-01-01T18:29:34.808+0000] {logging_mixin.py:190} INFO - [2025-01-01T18:29:34.808+0000] {dag.py:4180} INFO - Setting next_dagrun for example_python_decorator to None, run_after=None
[2025-01-01T18:29:34.825+0000] {processor.py:208} INFO - Processing /home/airflow/.local/lib/python3.10/site-packages/airflow/example_dags/example_python_decorator.py took 0.078 seconds
[2025-01-01T18:30:05.558+0000] {processor.py:186} INFO - Started process (PID=57579) to work on /home/airflow/.local/lib/python3.10/site-packages/airflow/example_dags/example_python_decorator.py
[2025-01-01T18:30:05.560+0000] {processor.py:914} INFO - Processing file /home/airflow/.local/lib/python3.10/site-packages/airflow/example_dags/example_python_decorator.py for tasks to queue
[2025-01-01T18:30:05.561+0000] {logging_mixin.py:190} INFO - [2025-01-01T18:30:05.561+0000] {dagbag.py:588} INFO - Filling up the DagBag from /home/airflow/.local/lib/python3.10/site-packages/airflow/example_dags/example_python_decorator.py
[2025-01-01T18:30:05.577+0000] {processor.py:925} INFO - DAG(s) 'example_python_decorator' retrieved from /home/airflow/.local/lib/python3.10/site-packages/airflow/example_dags/example_python_decorator.py
[2025-01-01T18:30:05.601+0000] {logging_mixin.py:190} INFO - [2025-01-01T18:30:05.600+0000] {dag.py:3239} INFO - Sync 1 DAGs
[2025-01-01T18:30:05.617+0000] {logging_mixin.py:190} INFO - [2025-01-01T18:30:05.616+0000] {dag.py:4180} INFO - Setting next_dagrun for example_python_decorator to None, run_after=None
[2025-01-01T18:30:05.637+0000] {processor.py:208} INFO - Processing /home/airflow/.local/lib/python3.10/site-packages/airflow/example_dags/example_python_decorator.py took 0.086 seconds
[2025-01-01T18:30:36.383+0000] {processor.py:186} INFO - Started process (PID=57647) to work on /home/airflow/.local/lib/python3.10/site-packages/airflow/example_dags/example_python_decorator.py
[2025-01-01T18:30:36.384+0000] {processor.py:914} INFO - Processing file /home/airflow/.local/lib/python3.10/site-packages/airflow/example_dags/example_python_decorator.py for tasks to queue
[2025-01-01T18:30:36.385+0000] {logging_mixin.py:190} INFO - [2025-01-01T18:30:36.385+0000] {dagbag.py:588} INFO - Filling up the DagBag from /home/airflow/.local/lib/python3.10/site-packages/airflow/example_dags/example_python_decorator.py
[2025-01-01T18:30:36.401+0000] {processor.py:925} INFO - DAG(s) 'example_python_decorator' retrieved from /home/airflow/.local/lib/python3.10/site-packages/airflow/example_dags/example_python_decorator.py
[2025-01-01T18:30:36.427+0000] {logging_mixin.py:190} INFO - [2025-01-01T18:30:36.427+0000] {dag.py:3239} INFO - Sync 1 DAGs
[2025-01-01T18:30:36.444+0000] {logging_mixin.py:190} INFO - [2025-01-01T18:30:36.444+0000] {dag.py:4180} INFO - Setting next_dagrun for example_python_decorator to None, run_after=None
[2025-01-01T18:30:36.464+0000] {processor.py:208} INFO - Processing /home/airflow/.local/lib/python3.10/site-packages/airflow/example_dags/example_python_decorator.py took 0.086 seconds
[2025-01-01T18:31:07.214+0000] {processor.py:186} INFO - Started process (PID=57716) to work on /home/airflow/.local/lib/python3.10/site-packages/airflow/example_dags/example_python_decorator.py
[2025-01-01T18:31:07.215+0000] {processor.py:914} INFO - Processing file /home/airflow/.local/lib/python3.10/site-packages/airflow/example_dags/example_python_decorator.py for tasks to queue
[2025-01-01T18:31:07.216+0000] {logging_mixin.py:190} INFO - [2025-01-01T18:31:07.216+0000] {dagbag.py:588} INFO - Filling up the DagBag from /home/airflow/.local/lib/python3.10/site-packages/airflow/example_dags/example_python_decorator.py
[2025-01-01T18:31:07.231+0000] {processor.py:925} INFO - DAG(s) 'example_python_decorator' retrieved from /home/airflow/.local/lib/python3.10/site-packages/airflow/example_dags/example_python_decorator.py
[2025-01-01T18:31:07.252+0000] {logging_mixin.py:190} INFO - [2025-01-01T18:31:07.251+0000] {dag.py:3239} INFO - Sync 1 DAGs
[2025-01-01T18:31:07.264+0000] {logging_mixin.py:190} INFO - [2025-01-01T18:31:07.264+0000] {dag.py:4180} INFO - Setting next_dagrun for example_python_decorator to None, run_after=None
[2025-01-01T18:31:07.280+0000] {processor.py:208} INFO - Processing /home/airflow/.local/lib/python3.10/site-packages/airflow/example_dags/example_python_decorator.py took 0.071 seconds
[2025-01-01T18:31:38.095+0000] {processor.py:186} INFO - Started process (PID=57785) to work on /home/airflow/.local/lib/python3.10/site-packages/airflow/example_dags/example_python_decorator.py
[2025-01-01T18:31:38.096+0000] {processor.py:914} INFO - Processing file /home/airflow/.local/lib/python3.10/site-packages/airflow/example_dags/example_python_decorator.py for tasks to queue
[2025-01-01T18:31:38.097+0000] {logging_mixin.py:190} INFO - [2025-01-01T18:31:38.097+0000] {dagbag.py:588} INFO - Filling up the DagBag from /home/airflow/.local/lib/python3.10/site-packages/airflow/example_dags/example_python_decorator.py
[2025-01-01T18:31:38.110+0000] {processor.py:925} INFO - DAG(s) 'example_python_decorator' retrieved from /home/airflow/.local/lib/python3.10/site-packages/airflow/example_dags/example_python_decorator.py
[2025-01-01T18:31:38.132+0000] {logging_mixin.py:190} INFO - [2025-01-01T18:31:38.131+0000] {dag.py:3239} INFO - Sync 1 DAGs
[2025-01-01T18:31:38.145+0000] {logging_mixin.py:190} INFO - [2025-01-01T18:31:38.144+0000] {dag.py:4180} INFO - Setting next_dagrun for example_python_decorator to None, run_after=None
[2025-01-01T18:31:38.161+0000] {processor.py:208} INFO - Processing /home/airflow/.local/lib/python3.10/site-packages/airflow/example_dags/example_python_decorator.py took 0.072 seconds
[2025-01-01T18:32:08.796+0000] {processor.py:186} INFO - Started process (PID=57852) to work on /home/airflow/.local/lib/python3.10/site-packages/airflow/example_dags/example_python_decorator.py
[2025-01-01T18:32:08.797+0000] {processor.py:914} INFO - Processing file /home/airflow/.local/lib/python3.10/site-packages/airflow/example_dags/example_python_decorator.py for tasks to queue
[2025-01-01T18:32:08.799+0000] {logging_mixin.py:190} INFO - [2025-01-01T18:32:08.798+0000] {dagbag.py:588} INFO - Filling up the DagBag from /home/airflow/.local/lib/python3.10/site-packages/airflow/example_dags/example_python_decorator.py
[2025-01-01T18:32:08.817+0000] {processor.py:925} INFO - DAG(s) 'example_python_decorator' retrieved from /home/airflow/.local/lib/python3.10/site-packages/airflow/example_dags/example_python_decorator.py
[2025-01-01T18:32:08.850+0000] {logging_mixin.py:190} INFO - [2025-01-01T18:32:08.850+0000] {dag.py:3239} INFO - Sync 1 DAGs
[2025-01-01T18:32:08.868+0000] {logging_mixin.py:190} INFO - [2025-01-01T18:32:08.868+0000] {dag.py:4180} INFO - Setting next_dagrun for example_python_decorator to None, run_after=None
[2025-01-01T18:32:08.885+0000] {processor.py:208} INFO - Processing /home/airflow/.local/lib/python3.10/site-packages/airflow/example_dags/example_python_decorator.py took 0.095 seconds
[2025-01-01T18:32:39.570+0000] {processor.py:186} INFO - Started process (PID=57920) to work on /home/airflow/.local/lib/python3.10/site-packages/airflow/example_dags/example_python_decorator.py
[2025-01-01T18:32:39.571+0000] {processor.py:914} INFO - Processing file /home/airflow/.local/lib/python3.10/site-packages/airflow/example_dags/example_python_decorator.py for tasks to queue
[2025-01-01T18:32:39.573+0000] {logging_mixin.py:190} INFO - [2025-01-01T18:32:39.572+0000] {dagbag.py:588} INFO - Filling up the DagBag from /home/airflow/.local/lib/python3.10/site-packages/airflow/example_dags/example_python_decorator.py
[2025-01-01T18:32:39.587+0000] {processor.py:925} INFO - DAG(s) 'example_python_decorator' retrieved from /home/airflow/.local/lib/python3.10/site-packages/airflow/example_dags/example_python_decorator.py
[2025-01-01T18:32:39.610+0000] {logging_mixin.py:190} INFO - [2025-01-01T18:32:39.609+0000] {dag.py:3239} INFO - Sync 1 DAGs
[2025-01-01T18:32:39.623+0000] {logging_mixin.py:190} INFO - [2025-01-01T18:32:39.622+0000] {dag.py:4180} INFO - Setting next_dagrun for example_python_decorator to None, run_after=None
[2025-01-01T18:32:39.639+0000] {processor.py:208} INFO - Processing /home/airflow/.local/lib/python3.10/site-packages/airflow/example_dags/example_python_decorator.py took 0.076 seconds
[2025-01-01T18:33:10.243+0000] {processor.py:186} INFO - Started process (PID=57988) to work on /home/airflow/.local/lib/python3.10/site-packages/airflow/example_dags/example_python_decorator.py
[2025-01-01T18:33:10.243+0000] {processor.py:914} INFO - Processing file /home/airflow/.local/lib/python3.10/site-packages/airflow/example_dags/example_python_decorator.py for tasks to queue
[2025-01-01T18:33:10.245+0000] {logging_mixin.py:190} INFO - [2025-01-01T18:33:10.244+0000] {dagbag.py:588} INFO - Filling up the DagBag from /home/airflow/.local/lib/python3.10/site-packages/airflow/example_dags/example_python_decorator.py
[2025-01-01T18:33:10.258+0000] {processor.py:925} INFO - DAG(s) 'example_python_decorator' retrieved from /home/airflow/.local/lib/python3.10/site-packages/airflow/example_dags/example_python_decorator.py
[2025-01-01T18:33:10.279+0000] {logging_mixin.py:190} INFO - [2025-01-01T18:33:10.279+0000] {dag.py:3239} INFO - Sync 1 DAGs
[2025-01-01T18:33:10.292+0000] {logging_mixin.py:190} INFO - [2025-01-01T18:33:10.291+0000] {dag.py:4180} INFO - Setting next_dagrun for example_python_decorator to None, run_after=None
[2025-01-01T18:33:10.307+0000] {processor.py:208} INFO - Processing /home/airflow/.local/lib/python3.10/site-packages/airflow/example_dags/example_python_decorator.py took 0.070 seconds
[2025-01-01T18:33:41.874+0000] {processor.py:186} INFO - Started process (PID=58057) to work on /home/airflow/.local/lib/python3.10/site-packages/airflow/example_dags/example_python_decorator.py
[2025-01-01T18:33:41.876+0000] {processor.py:914} INFO - Processing file /home/airflow/.local/lib/python3.10/site-packages/airflow/example_dags/example_python_decorator.py for tasks to queue
[2025-01-01T18:33:41.878+0000] {logging_mixin.py:190} INFO - [2025-01-01T18:33:41.877+0000] {dagbag.py:588} INFO - Filling up the DagBag from /home/airflow/.local/lib/python3.10/site-packages/airflow/example_dags/example_python_decorator.py
[2025-01-01T18:33:41.892+0000] {processor.py:925} INFO - DAG(s) 'example_python_decorator' retrieved from /home/airflow/.local/lib/python3.10/site-packages/airflow/example_dags/example_python_decorator.py
[2025-01-01T18:33:41.913+0000] {logging_mixin.py:190} INFO - [2025-01-01T18:33:41.913+0000] {dag.py:3239} INFO - Sync 1 DAGs
[2025-01-01T18:33:41.926+0000] {logging_mixin.py:190} INFO - [2025-01-01T18:33:41.926+0000] {dag.py:4180} INFO - Setting next_dagrun for example_python_decorator to None, run_after=None
[2025-01-01T18:33:41.943+0000] {processor.py:208} INFO - Processing /home/airflow/.local/lib/python3.10/site-packages/airflow/example_dags/example_python_decorator.py took 0.075 seconds
[2025-01-01T18:34:12.699+0000] {processor.py:186} INFO - Started process (PID=58125) to work on /home/airflow/.local/lib/python3.10/site-packages/airflow/example_dags/example_python_decorator.py
[2025-01-01T18:34:12.700+0000] {processor.py:914} INFO - Processing file /home/airflow/.local/lib/python3.10/site-packages/airflow/example_dags/example_python_decorator.py for tasks to queue
[2025-01-01T18:34:12.701+0000] {logging_mixin.py:190} INFO - [2025-01-01T18:34:12.701+0000] {dagbag.py:588} INFO - Filling up the DagBag from /home/airflow/.local/lib/python3.10/site-packages/airflow/example_dags/example_python_decorator.py
[2025-01-01T18:34:12.714+0000] {processor.py:925} INFO - DAG(s) 'example_python_decorator' retrieved from /home/airflow/.local/lib/python3.10/site-packages/airflow/example_dags/example_python_decorator.py
[2025-01-01T18:34:12.736+0000] {logging_mixin.py:190} INFO - [2025-01-01T18:34:12.736+0000] {dag.py:3239} INFO - Sync 1 DAGs
[2025-01-01T18:34:12.749+0000] {logging_mixin.py:190} INFO - [2025-01-01T18:34:12.749+0000] {dag.py:4180} INFO - Setting next_dagrun for example_python_decorator to None, run_after=None
[2025-01-01T18:34:12.766+0000] {processor.py:208} INFO - Processing /home/airflow/.local/lib/python3.10/site-packages/airflow/example_dags/example_python_decorator.py took 0.073 seconds
[2025-01-01T18:34:43.689+0000] {processor.py:186} INFO - Started process (PID=58193) to work on /home/airflow/.local/lib/python3.10/site-packages/airflow/example_dags/example_python_decorator.py
[2025-01-01T18:34:43.690+0000] {processor.py:914} INFO - Processing file /home/airflow/.local/lib/python3.10/site-packages/airflow/example_dags/example_python_decorator.py for tasks to queue
[2025-01-01T18:34:43.692+0000] {logging_mixin.py:190} INFO - [2025-01-01T18:34:43.692+0000] {dagbag.py:588} INFO - Filling up the DagBag from /home/airflow/.local/lib/python3.10/site-packages/airflow/example_dags/example_python_decorator.py
[2025-01-01T18:34:43.706+0000] {processor.py:925} INFO - DAG(s) 'example_python_decorator' retrieved from /home/airflow/.local/lib/python3.10/site-packages/airflow/example_dags/example_python_decorator.py
[2025-01-01T18:34:43.726+0000] {logging_mixin.py:190} INFO - [2025-01-01T18:34:43.726+0000] {dag.py:3239} INFO - Sync 1 DAGs
[2025-01-01T18:34:43.740+0000] {logging_mixin.py:190} INFO - [2025-01-01T18:34:43.740+0000] {dag.py:4180} INFO - Setting next_dagrun for example_python_decorator to None, run_after=None
[2025-01-01T18:34:43.758+0000] {processor.py:208} INFO - Processing /home/airflow/.local/lib/python3.10/site-packages/airflow/example_dags/example_python_decorator.py took 0.075 seconds
[2025-01-01T18:35:14.195+0000] {processor.py:186} INFO - Started process (PID=58261) to work on /home/airflow/.local/lib/python3.10/site-packages/airflow/example_dags/example_python_decorator.py
[2025-01-01T18:35:14.196+0000] {processor.py:914} INFO - Processing file /home/airflow/.local/lib/python3.10/site-packages/airflow/example_dags/example_python_decorator.py for tasks to queue
[2025-01-01T18:35:14.198+0000] {logging_mixin.py:190} INFO - [2025-01-01T18:35:14.197+0000] {dagbag.py:588} INFO - Filling up the DagBag from /home/airflow/.local/lib/python3.10/site-packages/airflow/example_dags/example_python_decorator.py
[2025-01-01T18:35:14.211+0000] {processor.py:925} INFO - DAG(s) 'example_python_decorator' retrieved from /home/airflow/.local/lib/python3.10/site-packages/airflow/example_dags/example_python_decorator.py
[2025-01-01T18:35:14.233+0000] {logging_mixin.py:190} INFO - [2025-01-01T18:35:14.233+0000] {dag.py:3239} INFO - Sync 1 DAGs
[2025-01-01T18:35:14.246+0000] {logging_mixin.py:190} INFO - [2025-01-01T18:35:14.246+0000] {dag.py:4180} INFO - Setting next_dagrun for example_python_decorator to None, run_after=None
[2025-01-01T18:35:14.263+0000] {processor.py:208} INFO - Processing /home/airflow/.local/lib/python3.10/site-packages/airflow/example_dags/example_python_decorator.py took 0.074 seconds
[2025-01-01T18:35:45.214+0000] {processor.py:186} INFO - Started process (PID=58329) to work on /home/airflow/.local/lib/python3.10/site-packages/airflow/example_dags/example_python_decorator.py
[2025-01-01T18:35:45.216+0000] {processor.py:914} INFO - Processing file /home/airflow/.local/lib/python3.10/site-packages/airflow/example_dags/example_python_decorator.py for tasks to queue
[2025-01-01T18:35:45.217+0000] {logging_mixin.py:190} INFO - [2025-01-01T18:35:45.217+0000] {dagbag.py:588} INFO - Filling up the DagBag from /home/airflow/.local/lib/python3.10/site-packages/airflow/example_dags/example_python_decorator.py
[2025-01-01T18:35:45.230+0000] {processor.py:925} INFO - DAG(s) 'example_python_decorator' retrieved from /home/airflow/.local/lib/python3.10/site-packages/airflow/example_dags/example_python_decorator.py
[2025-01-01T18:35:45.251+0000] {logging_mixin.py:190} INFO - [2025-01-01T18:35:45.251+0000] {dag.py:3239} INFO - Sync 1 DAGs
[2025-01-01T18:35:45.266+0000] {logging_mixin.py:190} INFO - [2025-01-01T18:35:45.265+0000] {dag.py:4180} INFO - Setting next_dagrun for example_python_decorator to None, run_after=None
[2025-01-01T18:35:45.283+0000] {processor.py:208} INFO - Processing /home/airflow/.local/lib/python3.10/site-packages/airflow/example_dags/example_python_decorator.py took 0.074 seconds
[2025-01-01T18:36:15.795+0000] {processor.py:186} INFO - Started process (PID=58397) to work on /home/airflow/.local/lib/python3.10/site-packages/airflow/example_dags/example_python_decorator.py
[2025-01-01T18:36:15.796+0000] {processor.py:914} INFO - Processing file /home/airflow/.local/lib/python3.10/site-packages/airflow/example_dags/example_python_decorator.py for tasks to queue
[2025-01-01T18:36:15.798+0000] {logging_mixin.py:190} INFO - [2025-01-01T18:36:15.798+0000] {dagbag.py:588} INFO - Filling up the DagBag from /home/airflow/.local/lib/python3.10/site-packages/airflow/example_dags/example_python_decorator.py
[2025-01-01T18:36:15.812+0000] {processor.py:925} INFO - DAG(s) 'example_python_decorator' retrieved from /home/airflow/.local/lib/python3.10/site-packages/airflow/example_dags/example_python_decorator.py
[2025-01-01T18:36:15.837+0000] {logging_mixin.py:190} INFO - [2025-01-01T18:36:15.837+0000] {dag.py:3239} INFO - Sync 1 DAGs
[2025-01-01T18:36:15.852+0000] {logging_mixin.py:190} INFO - [2025-01-01T18:36:15.851+0000] {dag.py:4180} INFO - Setting next_dagrun for example_python_decorator to None, run_after=None
[2025-01-01T18:36:15.874+0000] {processor.py:208} INFO - Processing /home/airflow/.local/lib/python3.10/site-packages/airflow/example_dags/example_python_decorator.py took 0.085 seconds
[2025-01-01T18:36:46.306+0000] {processor.py:186} INFO - Started process (PID=58471) to work on /home/airflow/.local/lib/python3.10/site-packages/airflow/example_dags/example_python_decorator.py
[2025-01-01T18:36:46.307+0000] {processor.py:914} INFO - Processing file /home/airflow/.local/lib/python3.10/site-packages/airflow/example_dags/example_python_decorator.py for tasks to queue
[2025-01-01T18:36:46.309+0000] {logging_mixin.py:190} INFO - [2025-01-01T18:36:46.308+0000] {dagbag.py:588} INFO - Filling up the DagBag from /home/airflow/.local/lib/python3.10/site-packages/airflow/example_dags/example_python_decorator.py
[2025-01-01T18:36:46.322+0000] {processor.py:925} INFO - DAG(s) 'example_python_decorator' retrieved from /home/airflow/.local/lib/python3.10/site-packages/airflow/example_dags/example_python_decorator.py
[2025-01-01T18:36:46.342+0000] {logging_mixin.py:190} INFO - [2025-01-01T18:36:46.342+0000] {dag.py:3239} INFO - Sync 1 DAGs
[2025-01-01T18:36:46.355+0000] {logging_mixin.py:190} INFO - [2025-01-01T18:36:46.355+0000] {dag.py:4180} INFO - Setting next_dagrun for example_python_decorator to None, run_after=None
[2025-01-01T18:36:46.370+0000] {processor.py:208} INFO - Processing /home/airflow/.local/lib/python3.10/site-packages/airflow/example_dags/example_python_decorator.py took 0.070 seconds
[2025-01-01T18:37:17.414+0000] {processor.py:186} INFO - Started process (PID=58539) to work on /home/airflow/.local/lib/python3.10/site-packages/airflow/example_dags/example_python_decorator.py
[2025-01-01T18:37:17.415+0000] {processor.py:914} INFO - Processing file /home/airflow/.local/lib/python3.10/site-packages/airflow/example_dags/example_python_decorator.py for tasks to queue
[2025-01-01T18:37:17.416+0000] {logging_mixin.py:190} INFO - [2025-01-01T18:37:17.416+0000] {dagbag.py:588} INFO - Filling up the DagBag from /home/airflow/.local/lib/python3.10/site-packages/airflow/example_dags/example_python_decorator.py
[2025-01-01T18:37:17.433+0000] {processor.py:925} INFO - DAG(s) 'example_python_decorator' retrieved from /home/airflow/.local/lib/python3.10/site-packages/airflow/example_dags/example_python_decorator.py
[2025-01-01T18:37:17.458+0000] {logging_mixin.py:190} INFO - [2025-01-01T18:37:17.458+0000] {dag.py:3239} INFO - Sync 1 DAGs
[2025-01-01T18:37:17.473+0000] {logging_mixin.py:190} INFO - [2025-01-01T18:37:17.473+0000] {dag.py:4180} INFO - Setting next_dagrun for example_python_decorator to None, run_after=None
[2025-01-01T18:37:17.492+0000] {processor.py:208} INFO - Processing /home/airflow/.local/lib/python3.10/site-packages/airflow/example_dags/example_python_decorator.py took 0.085 seconds
[2025-01-01T18:37:47.969+0000] {processor.py:186} INFO - Started process (PID=58607) to work on /home/airflow/.local/lib/python3.10/site-packages/airflow/example_dags/example_python_decorator.py
[2025-01-01T18:37:47.970+0000] {processor.py:914} INFO - Processing file /home/airflow/.local/lib/python3.10/site-packages/airflow/example_dags/example_python_decorator.py for tasks to queue
[2025-01-01T18:37:47.971+0000] {logging_mixin.py:190} INFO - [2025-01-01T18:37:47.971+0000] {dagbag.py:588} INFO - Filling up the DagBag from /home/airflow/.local/lib/python3.10/site-packages/airflow/example_dags/example_python_decorator.py
[2025-01-01T18:37:47.985+0000] {processor.py:925} INFO - DAG(s) 'example_python_decorator' retrieved from /home/airflow/.local/lib/python3.10/site-packages/airflow/example_dags/example_python_decorator.py
[2025-01-01T18:37:48.004+0000] {logging_mixin.py:190} INFO - [2025-01-01T18:37:48.004+0000] {dag.py:3239} INFO - Sync 1 DAGs
[2025-01-01T18:37:48.017+0000] {logging_mixin.py:190} INFO - [2025-01-01T18:37:48.017+0000] {dag.py:4180} INFO - Setting next_dagrun for example_python_decorator to None, run_after=None
[2025-01-01T18:37:48.032+0000] {processor.py:208} INFO - Processing /home/airflow/.local/lib/python3.10/site-packages/airflow/example_dags/example_python_decorator.py took 0.069 seconds
[2025-01-01T18:38:18.678+0000] {processor.py:186} INFO - Started process (PID=58675) to work on /home/airflow/.local/lib/python3.10/site-packages/airflow/example_dags/example_python_decorator.py
[2025-01-01T18:38:18.679+0000] {processor.py:914} INFO - Processing file /home/airflow/.local/lib/python3.10/site-packages/airflow/example_dags/example_python_decorator.py for tasks to queue
[2025-01-01T18:38:18.681+0000] {logging_mixin.py:190} INFO - [2025-01-01T18:38:18.680+0000] {dagbag.py:588} INFO - Filling up the DagBag from /home/airflow/.local/lib/python3.10/site-packages/airflow/example_dags/example_python_decorator.py
[2025-01-01T18:38:18.694+0000] {processor.py:925} INFO - DAG(s) 'example_python_decorator' retrieved from /home/airflow/.local/lib/python3.10/site-packages/airflow/example_dags/example_python_decorator.py
[2025-01-01T18:38:18.715+0000] {logging_mixin.py:190} INFO - [2025-01-01T18:38:18.715+0000] {dag.py:3239} INFO - Sync 1 DAGs
[2025-01-01T18:38:18.728+0000] {logging_mixin.py:190} INFO - [2025-01-01T18:38:18.728+0000] {dag.py:4180} INFO - Setting next_dagrun for example_python_decorator to None, run_after=None
[2025-01-01T18:38:18.746+0000] {processor.py:208} INFO - Processing /home/airflow/.local/lib/python3.10/site-packages/airflow/example_dags/example_python_decorator.py took 0.074 seconds
[2025-01-01T18:38:50.599+0000] {processor.py:186} INFO - Started process (PID=58744) to work on /home/airflow/.local/lib/python3.10/site-packages/airflow/example_dags/example_python_decorator.py
[2025-01-01T18:38:50.601+0000] {processor.py:914} INFO - Processing file /home/airflow/.local/lib/python3.10/site-packages/airflow/example_dags/example_python_decorator.py for tasks to queue
[2025-01-01T18:38:50.602+0000] {logging_mixin.py:190} INFO - [2025-01-01T18:38:50.602+0000] {dagbag.py:588} INFO - Filling up the DagBag from /home/airflow/.local/lib/python3.10/site-packages/airflow/example_dags/example_python_decorator.py
[2025-01-01T18:38:50.616+0000] {processor.py:925} INFO - DAG(s) 'example_python_decorator' retrieved from /home/airflow/.local/lib/python3.10/site-packages/airflow/example_dags/example_python_decorator.py
[2025-01-01T18:38:50.637+0000] {logging_mixin.py:190} INFO - [2025-01-01T18:38:50.636+0000] {dag.py:3239} INFO - Sync 1 DAGs
[2025-01-01T18:38:50.650+0000] {logging_mixin.py:190} INFO - [2025-01-01T18:38:50.649+0000] {dag.py:4180} INFO - Setting next_dagrun for example_python_decorator to None, run_after=None
[2025-01-01T18:38:50.669+0000] {processor.py:208} INFO - Processing /home/airflow/.local/lib/python3.10/site-packages/airflow/example_dags/example_python_decorator.py took 0.075 seconds
[2025-01-01T18:39:21.834+0000] {processor.py:186} INFO - Started process (PID=58812) to work on /home/airflow/.local/lib/python3.10/site-packages/airflow/example_dags/example_python_decorator.py
[2025-01-01T18:39:21.835+0000] {processor.py:914} INFO - Processing file /home/airflow/.local/lib/python3.10/site-packages/airflow/example_dags/example_python_decorator.py for tasks to queue
[2025-01-01T18:39:21.837+0000] {logging_mixin.py:190} INFO - [2025-01-01T18:39:21.836+0000] {dagbag.py:588} INFO - Filling up the DagBag from /home/airflow/.local/lib/python3.10/site-packages/airflow/example_dags/example_python_decorator.py
[2025-01-01T18:39:21.851+0000] {processor.py:925} INFO - DAG(s) 'example_python_decorator' retrieved from /home/airflow/.local/lib/python3.10/site-packages/airflow/example_dags/example_python_decorator.py
[2025-01-01T18:39:21.874+0000] {logging_mixin.py:190} INFO - [2025-01-01T18:39:21.874+0000] {dag.py:3239} INFO - Sync 1 DAGs
[2025-01-01T18:39:21.891+0000] {logging_mixin.py:190} INFO - [2025-01-01T18:39:21.890+0000] {dag.py:4180} INFO - Setting next_dagrun for example_python_decorator to None, run_after=None
[2025-01-01T18:39:21.909+0000] {processor.py:208} INFO - Processing /home/airflow/.local/lib/python3.10/site-packages/airflow/example_dags/example_python_decorator.py took 0.084 seconds
[2025-01-01T18:39:52.423+0000] {processor.py:186} INFO - Started process (PID=58880) to work on /home/airflow/.local/lib/python3.10/site-packages/airflow/example_dags/example_python_decorator.py
[2025-01-01T18:39:52.425+0000] {processor.py:914} INFO - Processing file /home/airflow/.local/lib/python3.10/site-packages/airflow/example_dags/example_python_decorator.py for tasks to queue
[2025-01-01T18:39:52.426+0000] {logging_mixin.py:190} INFO - [2025-01-01T18:39:52.426+0000] {dagbag.py:588} INFO - Filling up the DagBag from /home/airflow/.local/lib/python3.10/site-packages/airflow/example_dags/example_python_decorator.py
[2025-01-01T18:39:52.441+0000] {processor.py:925} INFO - DAG(s) 'example_python_decorator' retrieved from /home/airflow/.local/lib/python3.10/site-packages/airflow/example_dags/example_python_decorator.py
[2025-01-01T18:39:52.465+0000] {logging_mixin.py:190} INFO - [2025-01-01T18:39:52.464+0000] {dag.py:3239} INFO - Sync 1 DAGs
[2025-01-01T18:39:52.480+0000] {logging_mixin.py:190} INFO - [2025-01-01T18:39:52.480+0000] {dag.py:4180} INFO - Setting next_dagrun for example_python_decorator to None, run_after=None
[2025-01-01T18:39:52.501+0000] {processor.py:208} INFO - Processing /home/airflow/.local/lib/python3.10/site-packages/airflow/example_dags/example_python_decorator.py took 0.084 seconds
[2025-01-01T18:40:22.720+0000] {processor.py:186} INFO - Started process (PID=58948) to work on /home/airflow/.local/lib/python3.10/site-packages/airflow/example_dags/example_python_decorator.py
[2025-01-01T18:40:22.721+0000] {processor.py:914} INFO - Processing file /home/airflow/.local/lib/python3.10/site-packages/airflow/example_dags/example_python_decorator.py for tasks to queue
[2025-01-01T18:40:22.722+0000] {logging_mixin.py:190} INFO - [2025-01-01T18:40:22.722+0000] {dagbag.py:588} INFO - Filling up the DagBag from /home/airflow/.local/lib/python3.10/site-packages/airflow/example_dags/example_python_decorator.py
[2025-01-01T18:40:22.736+0000] {processor.py:925} INFO - DAG(s) 'example_python_decorator' retrieved from /home/airflow/.local/lib/python3.10/site-packages/airflow/example_dags/example_python_decorator.py
[2025-01-01T18:40:22.756+0000] {logging_mixin.py:190} INFO - [2025-01-01T18:40:22.756+0000] {dag.py:3239} INFO - Sync 1 DAGs
[2025-01-01T18:40:22.769+0000] {logging_mixin.py:190} INFO - [2025-01-01T18:40:22.769+0000] {dag.py:4180} INFO - Setting next_dagrun for example_python_decorator to None, run_after=None
[2025-01-01T18:40:22.785+0000] {processor.py:208} INFO - Processing /home/airflow/.local/lib/python3.10/site-packages/airflow/example_dags/example_python_decorator.py took 0.071 seconds
[2025-01-01T18:40:53.919+0000] {processor.py:186} INFO - Started process (PID=59016) to work on /home/airflow/.local/lib/python3.10/site-packages/airflow/example_dags/example_python_decorator.py
[2025-01-01T18:40:53.920+0000] {processor.py:914} INFO - Processing file /home/airflow/.local/lib/python3.10/site-packages/airflow/example_dags/example_python_decorator.py for tasks to queue
[2025-01-01T18:40:53.922+0000] {logging_mixin.py:190} INFO - [2025-01-01T18:40:53.922+0000] {dagbag.py:588} INFO - Filling up the DagBag from /home/airflow/.local/lib/python3.10/site-packages/airflow/example_dags/example_python_decorator.py
[2025-01-01T18:40:53.938+0000] {processor.py:925} INFO - DAG(s) 'example_python_decorator' retrieved from /home/airflow/.local/lib/python3.10/site-packages/airflow/example_dags/example_python_decorator.py
[2025-01-01T18:40:53.964+0000] {logging_mixin.py:190} INFO - [2025-01-01T18:40:53.964+0000] {dag.py:3239} INFO - Sync 1 DAGs
[2025-01-01T18:40:53.978+0000] {logging_mixin.py:190} INFO - [2025-01-01T18:40:53.978+0000] {dag.py:4180} INFO - Setting next_dagrun for example_python_decorator to None, run_after=None
[2025-01-01T18:40:53.994+0000] {processor.py:208} INFO - Processing /home/airflow/.local/lib/python3.10/site-packages/airflow/example_dags/example_python_decorator.py took 0.080 seconds
[2025-01-01T18:41:24.922+0000] {processor.py:186} INFO - Started process (PID=59084) to work on /home/airflow/.local/lib/python3.10/site-packages/airflow/example_dags/example_python_decorator.py
[2025-01-01T18:41:24.923+0000] {processor.py:914} INFO - Processing file /home/airflow/.local/lib/python3.10/site-packages/airflow/example_dags/example_python_decorator.py for tasks to queue
[2025-01-01T18:41:24.924+0000] {logging_mixin.py:190} INFO - [2025-01-01T18:41:24.924+0000] {dagbag.py:588} INFO - Filling up the DagBag from /home/airflow/.local/lib/python3.10/site-packages/airflow/example_dags/example_python_decorator.py
[2025-01-01T18:41:24.939+0000] {processor.py:925} INFO - DAG(s) 'example_python_decorator' retrieved from /home/airflow/.local/lib/python3.10/site-packages/airflow/example_dags/example_python_decorator.py
[2025-01-01T18:41:24.962+0000] {logging_mixin.py:190} INFO - [2025-01-01T18:41:24.961+0000] {dag.py:3239} INFO - Sync 1 DAGs
[2025-01-01T18:41:24.974+0000] {logging_mixin.py:190} INFO - [2025-01-01T18:41:24.974+0000] {dag.py:4180} INFO - Setting next_dagrun for example_python_decorator to None, run_after=None
[2025-01-01T18:41:24.989+0000] {processor.py:208} INFO - Processing /home/airflow/.local/lib/python3.10/site-packages/airflow/example_dags/example_python_decorator.py took 0.075 seconds
[2025-01-01T18:41:55.213+0000] {processor.py:186} INFO - Started process (PID=59152) to work on /home/airflow/.local/lib/python3.10/site-packages/airflow/example_dags/example_python_decorator.py
[2025-01-01T18:41:55.215+0000] {processor.py:914} INFO - Processing file /home/airflow/.local/lib/python3.10/site-packages/airflow/example_dags/example_python_decorator.py for tasks to queue
[2025-01-01T18:41:55.216+0000] {logging_mixin.py:190} INFO - [2025-01-01T18:41:55.216+0000] {dagbag.py:588} INFO - Filling up the DagBag from /home/airflow/.local/lib/python3.10/site-packages/airflow/example_dags/example_python_decorator.py
[2025-01-01T18:41:55.230+0000] {processor.py:925} INFO - DAG(s) 'example_python_decorator' retrieved from /home/airflow/.local/lib/python3.10/site-packages/airflow/example_dags/example_python_decorator.py
[2025-01-01T18:41:55.252+0000] {logging_mixin.py:190} INFO - [2025-01-01T18:41:55.252+0000] {dag.py:3239} INFO - Sync 1 DAGs
[2025-01-01T18:41:55.266+0000] {logging_mixin.py:190} INFO - [2025-01-01T18:41:55.266+0000] {dag.py:4180} INFO - Setting next_dagrun for example_python_decorator to None, run_after=None
[2025-01-01T18:41:55.282+0000] {processor.py:208} INFO - Processing /home/airflow/.local/lib/python3.10/site-packages/airflow/example_dags/example_python_decorator.py took 0.075 seconds
[2025-01-01T18:42:25.905+0000] {processor.py:186} INFO - Started process (PID=59220) to work on /home/airflow/.local/lib/python3.10/site-packages/airflow/example_dags/example_python_decorator.py
[2025-01-01T18:42:25.906+0000] {processor.py:914} INFO - Processing file /home/airflow/.local/lib/python3.10/site-packages/airflow/example_dags/example_python_decorator.py for tasks to queue
[2025-01-01T18:42:25.908+0000] {logging_mixin.py:190} INFO - [2025-01-01T18:42:25.908+0000] {dagbag.py:588} INFO - Filling up the DagBag from /home/airflow/.local/lib/python3.10/site-packages/airflow/example_dags/example_python_decorator.py
[2025-01-01T18:42:25.922+0000] {processor.py:925} INFO - DAG(s) 'example_python_decorator' retrieved from /home/airflow/.local/lib/python3.10/site-packages/airflow/example_dags/example_python_decorator.py
[2025-01-01T18:42:25.944+0000] {logging_mixin.py:190} INFO - [2025-01-01T18:42:25.944+0000] {dag.py:3239} INFO - Sync 1 DAGs
[2025-01-01T18:42:25.958+0000] {logging_mixin.py:190} INFO - [2025-01-01T18:42:25.957+0000] {dag.py:4180} INFO - Setting next_dagrun for example_python_decorator to None, run_after=None
[2025-01-01T18:42:25.977+0000] {processor.py:208} INFO - Processing /home/airflow/.local/lib/python3.10/site-packages/airflow/example_dags/example_python_decorator.py took 0.077 seconds
[2025-01-01T18:42:56.549+0000] {processor.py:186} INFO - Started process (PID=59288) to work on /home/airflow/.local/lib/python3.10/site-packages/airflow/example_dags/example_python_decorator.py
[2025-01-01T18:42:56.550+0000] {processor.py:914} INFO - Processing file /home/airflow/.local/lib/python3.10/site-packages/airflow/example_dags/example_python_decorator.py for tasks to queue
[2025-01-01T18:42:56.552+0000] {logging_mixin.py:190} INFO - [2025-01-01T18:42:56.551+0000] {dagbag.py:588} INFO - Filling up the DagBag from /home/airflow/.local/lib/python3.10/site-packages/airflow/example_dags/example_python_decorator.py
[2025-01-01T18:42:56.566+0000] {processor.py:925} INFO - DAG(s) 'example_python_decorator' retrieved from /home/airflow/.local/lib/python3.10/site-packages/airflow/example_dags/example_python_decorator.py
[2025-01-01T18:42:56.589+0000] {logging_mixin.py:190} INFO - [2025-01-01T18:42:56.589+0000] {dag.py:3239} INFO - Sync 1 DAGs
[2025-01-01T18:42:56.604+0000] {logging_mixin.py:190} INFO - [2025-01-01T18:42:56.604+0000] {dag.py:4180} INFO - Setting next_dagrun for example_python_decorator to None, run_after=None
[2025-01-01T18:42:56.623+0000] {processor.py:208} INFO - Processing /home/airflow/.local/lib/python3.10/site-packages/airflow/example_dags/example_python_decorator.py took 0.082 seconds
[2025-01-01T18:43:27.534+0000] {processor.py:186} INFO - Started process (PID=59355) to work on /home/airflow/.local/lib/python3.10/site-packages/airflow/example_dags/example_python_decorator.py
[2025-01-01T18:43:27.535+0000] {processor.py:914} INFO - Processing file /home/airflow/.local/lib/python3.10/site-packages/airflow/example_dags/example_python_decorator.py for tasks to queue
[2025-01-01T18:43:27.537+0000] {logging_mixin.py:190} INFO - [2025-01-01T18:43:27.536+0000] {dagbag.py:588} INFO - Filling up the DagBag from /home/airflow/.local/lib/python3.10/site-packages/airflow/example_dags/example_python_decorator.py
[2025-01-01T18:43:27.552+0000] {processor.py:925} INFO - DAG(s) 'example_python_decorator' retrieved from /home/airflow/.local/lib/python3.10/site-packages/airflow/example_dags/example_python_decorator.py
[2025-01-01T18:43:27.577+0000] {logging_mixin.py:190} INFO - [2025-01-01T18:43:27.577+0000] {dag.py:3239} INFO - Sync 1 DAGs
[2025-01-01T18:43:27.592+0000] {logging_mixin.py:190} INFO - [2025-01-01T18:43:27.592+0000] {dag.py:4180} INFO - Setting next_dagrun for example_python_decorator to None, run_after=None
[2025-01-01T18:43:27.609+0000] {processor.py:208} INFO - Processing /home/airflow/.local/lib/python3.10/site-packages/airflow/example_dags/example_python_decorator.py took 0.083 seconds
[2025-01-01T18:43:58.582+0000] {processor.py:186} INFO - Started process (PID=59424) to work on /home/airflow/.local/lib/python3.10/site-packages/airflow/example_dags/example_python_decorator.py
[2025-01-01T18:43:58.583+0000] {processor.py:914} INFO - Processing file /home/airflow/.local/lib/python3.10/site-packages/airflow/example_dags/example_python_decorator.py for tasks to queue
[2025-01-01T18:43:58.585+0000] {logging_mixin.py:190} INFO - [2025-01-01T18:43:58.584+0000] {dagbag.py:588} INFO - Filling up the DagBag from /home/airflow/.local/lib/python3.10/site-packages/airflow/example_dags/example_python_decorator.py
[2025-01-01T18:43:58.599+0000] {processor.py:925} INFO - DAG(s) 'example_python_decorator' retrieved from /home/airflow/.local/lib/python3.10/site-packages/airflow/example_dags/example_python_decorator.py
[2025-01-01T18:43:58.620+0000] {logging_mixin.py:190} INFO - [2025-01-01T18:43:58.620+0000] {dag.py:3239} INFO - Sync 1 DAGs
[2025-01-01T18:43:58.634+0000] {logging_mixin.py:190} INFO - [2025-01-01T18:43:58.634+0000] {dag.py:4180} INFO - Setting next_dagrun for example_python_decorator to None, run_after=None
[2025-01-01T18:43:58.651+0000] {processor.py:208} INFO - Processing /home/airflow/.local/lib/python3.10/site-packages/airflow/example_dags/example_python_decorator.py took 0.074 seconds
[2025-01-01T18:44:29.058+0000] {processor.py:186} INFO - Started process (PID=59492) to work on /home/airflow/.local/lib/python3.10/site-packages/airflow/example_dags/example_python_decorator.py
[2025-01-01T18:44:29.060+0000] {processor.py:914} INFO - Processing file /home/airflow/.local/lib/python3.10/site-packages/airflow/example_dags/example_python_decorator.py for tasks to queue
[2025-01-01T18:44:29.062+0000] {logging_mixin.py:190} INFO - [2025-01-01T18:44:29.061+0000] {dagbag.py:588} INFO - Filling up the DagBag from /home/airflow/.local/lib/python3.10/site-packages/airflow/example_dags/example_python_decorator.py
[2025-01-01T18:44:29.076+0000] {processor.py:925} INFO - DAG(s) 'example_python_decorator' retrieved from /home/airflow/.local/lib/python3.10/site-packages/airflow/example_dags/example_python_decorator.py
[2025-01-01T18:44:29.096+0000] {logging_mixin.py:190} INFO - [2025-01-01T18:44:29.096+0000] {dag.py:3239} INFO - Sync 1 DAGs
[2025-01-01T18:44:29.110+0000] {logging_mixin.py:190} INFO - [2025-01-01T18:44:29.110+0000] {dag.py:4180} INFO - Setting next_dagrun for example_python_decorator to None, run_after=None
[2025-01-01T18:44:29.127+0000] {processor.py:208} INFO - Processing /home/airflow/.local/lib/python3.10/site-packages/airflow/example_dags/example_python_decorator.py took 0.074 seconds
[2025-01-01T18:44:59.415+0000] {processor.py:186} INFO - Started process (PID=59559) to work on /home/airflow/.local/lib/python3.10/site-packages/airflow/example_dags/example_python_decorator.py
[2025-01-01T18:44:59.416+0000] {processor.py:914} INFO - Processing file /home/airflow/.local/lib/python3.10/site-packages/airflow/example_dags/example_python_decorator.py for tasks to queue
[2025-01-01T18:44:59.418+0000] {logging_mixin.py:190} INFO - [2025-01-01T18:44:59.418+0000] {dagbag.py:588} INFO - Filling up the DagBag from /home/airflow/.local/lib/python3.10/site-packages/airflow/example_dags/example_python_decorator.py
[2025-01-01T18:44:59.433+0000] {processor.py:925} INFO - DAG(s) 'example_python_decorator' retrieved from /home/airflow/.local/lib/python3.10/site-packages/airflow/example_dags/example_python_decorator.py
[2025-01-01T18:44:59.453+0000] {logging_mixin.py:190} INFO - [2025-01-01T18:44:59.453+0000] {dag.py:3239} INFO - Sync 1 DAGs
[2025-01-01T18:44:59.466+0000] {logging_mixin.py:190} INFO - [2025-01-01T18:44:59.466+0000] {dag.py:4180} INFO - Setting next_dagrun for example_python_decorator to None, run_after=None
[2025-01-01T18:44:59.481+0000] {processor.py:208} INFO - Processing /home/airflow/.local/lib/python3.10/site-packages/airflow/example_dags/example_python_decorator.py took 0.073 seconds
[2025-01-01T18:45:30.749+0000] {processor.py:186} INFO - Started process (PID=59627) to work on /home/airflow/.local/lib/python3.10/site-packages/airflow/example_dags/example_python_decorator.py
[2025-01-01T18:45:30.751+0000] {processor.py:914} INFO - Processing file /home/airflow/.local/lib/python3.10/site-packages/airflow/example_dags/example_python_decorator.py for tasks to queue
[2025-01-01T18:45:30.752+0000] {logging_mixin.py:190} INFO - [2025-01-01T18:45:30.752+0000] {dagbag.py:588} INFO - Filling up the DagBag from /home/airflow/.local/lib/python3.10/site-packages/airflow/example_dags/example_python_decorator.py
[2025-01-01T18:45:30.768+0000] {processor.py:925} INFO - DAG(s) 'example_python_decorator' retrieved from /home/airflow/.local/lib/python3.10/site-packages/airflow/example_dags/example_python_decorator.py
[2025-01-01T18:45:30.791+0000] {logging_mixin.py:190} INFO - [2025-01-01T18:45:30.791+0000] {dag.py:3239} INFO - Sync 1 DAGs
[2025-01-01T18:45:30.805+0000] {logging_mixin.py:190} INFO - [2025-01-01T18:45:30.805+0000] {dag.py:4180} INFO - Setting next_dagrun for example_python_decorator to None, run_after=None
[2025-01-01T18:45:30.825+0000] {processor.py:208} INFO - Processing /home/airflow/.local/lib/python3.10/site-packages/airflow/example_dags/example_python_decorator.py took 0.082 seconds
[2025-01-01T18:46:01.335+0000] {processor.py:186} INFO - Started process (PID=59695) to work on /home/airflow/.local/lib/python3.10/site-packages/airflow/example_dags/example_python_decorator.py
[2025-01-01T18:46:01.336+0000] {processor.py:914} INFO - Processing file /home/airflow/.local/lib/python3.10/site-packages/airflow/example_dags/example_python_decorator.py for tasks to queue
[2025-01-01T18:46:01.337+0000] {logging_mixin.py:190} INFO - [2025-01-01T18:46:01.337+0000] {dagbag.py:588} INFO - Filling up the DagBag from /home/airflow/.local/lib/python3.10/site-packages/airflow/example_dags/example_python_decorator.py
[2025-01-01T18:46:01.355+0000] {processor.py:925} INFO - DAG(s) 'example_python_decorator' retrieved from /home/airflow/.local/lib/python3.10/site-packages/airflow/example_dags/example_python_decorator.py
[2025-01-01T18:46:01.376+0000] {logging_mixin.py:190} INFO - [2025-01-01T18:46:01.375+0000] {dag.py:3239} INFO - Sync 1 DAGs
[2025-01-01T18:46:01.388+0000] {logging_mixin.py:190} INFO - [2025-01-01T18:46:01.388+0000] {dag.py:4180} INFO - Setting next_dagrun for example_python_decorator to None, run_after=None
[2025-01-01T18:46:01.405+0000] {processor.py:208} INFO - Processing /home/airflow/.local/lib/python3.10/site-packages/airflow/example_dags/example_python_decorator.py took 0.077 seconds
[2025-01-01T18:46:31.958+0000] {processor.py:186} INFO - Started process (PID=59763) to work on /home/airflow/.local/lib/python3.10/site-packages/airflow/example_dags/example_python_decorator.py
[2025-01-01T18:46:31.960+0000] {processor.py:914} INFO - Processing file /home/airflow/.local/lib/python3.10/site-packages/airflow/example_dags/example_python_decorator.py for tasks to queue
[2025-01-01T18:46:31.961+0000] {logging_mixin.py:190} INFO - [2025-01-01T18:46:31.961+0000] {dagbag.py:588} INFO - Filling up the DagBag from /home/airflow/.local/lib/python3.10/site-packages/airflow/example_dags/example_python_decorator.py
[2025-01-01T18:46:31.975+0000] {processor.py:925} INFO - DAG(s) 'example_python_decorator' retrieved from /home/airflow/.local/lib/python3.10/site-packages/airflow/example_dags/example_python_decorator.py
[2025-01-01T18:46:31.998+0000] {logging_mixin.py:190} INFO - [2025-01-01T18:46:31.997+0000] {dag.py:3239} INFO - Sync 1 DAGs
[2025-01-01T18:46:32.011+0000] {logging_mixin.py:190} INFO - [2025-01-01T18:46:32.010+0000] {dag.py:4180} INFO - Setting next_dagrun for example_python_decorator to None, run_after=None
[2025-01-01T18:46:32.027+0000] {processor.py:208} INFO - Processing /home/airflow/.local/lib/python3.10/site-packages/airflow/example_dags/example_python_decorator.py took 0.074 seconds
[2025-01-01T18:47:02.706+0000] {processor.py:186} INFO - Started process (PID=59831) to work on /home/airflow/.local/lib/python3.10/site-packages/airflow/example_dags/example_python_decorator.py
[2025-01-01T18:47:02.707+0000] {processor.py:914} INFO - Processing file /home/airflow/.local/lib/python3.10/site-packages/airflow/example_dags/example_python_decorator.py for tasks to queue
[2025-01-01T18:47:02.708+0000] {logging_mixin.py:190} INFO - [2025-01-01T18:47:02.708+0000] {dagbag.py:588} INFO - Filling up the DagBag from /home/airflow/.local/lib/python3.10/site-packages/airflow/example_dags/example_python_decorator.py
[2025-01-01T18:47:02.722+0000] {processor.py:925} INFO - DAG(s) 'example_python_decorator' retrieved from /home/airflow/.local/lib/python3.10/site-packages/airflow/example_dags/example_python_decorator.py
[2025-01-01T18:47:02.743+0000] {logging_mixin.py:190} INFO - [2025-01-01T18:47:02.743+0000] {dag.py:3239} INFO - Sync 1 DAGs
[2025-01-01T18:47:02.756+0000] {logging_mixin.py:190} INFO - [2025-01-01T18:47:02.755+0000] {dag.py:4180} INFO - Setting next_dagrun for example_python_decorator to None, run_after=None
[2025-01-01T18:47:02.773+0000] {processor.py:208} INFO - Processing /home/airflow/.local/lib/python3.10/site-packages/airflow/example_dags/example_python_decorator.py took 0.075 seconds
[2025-01-01T18:47:33.385+0000] {processor.py:186} INFO - Started process (PID=59899) to work on /home/airflow/.local/lib/python3.10/site-packages/airflow/example_dags/example_python_decorator.py
[2025-01-01T18:47:33.387+0000] {processor.py:914} INFO - Processing file /home/airflow/.local/lib/python3.10/site-packages/airflow/example_dags/example_python_decorator.py for tasks to queue
[2025-01-01T18:47:33.388+0000] {logging_mixin.py:190} INFO - [2025-01-01T18:47:33.388+0000] {dagbag.py:588} INFO - Filling up the DagBag from /home/airflow/.local/lib/python3.10/site-packages/airflow/example_dags/example_python_decorator.py
[2025-01-01T18:47:33.402+0000] {processor.py:925} INFO - DAG(s) 'example_python_decorator' retrieved from /home/airflow/.local/lib/python3.10/site-packages/airflow/example_dags/example_python_decorator.py
[2025-01-01T18:47:33.424+0000] {logging_mixin.py:190} INFO - [2025-01-01T18:47:33.423+0000] {dag.py:3239} INFO - Sync 1 DAGs
[2025-01-01T18:47:33.436+0000] {logging_mixin.py:190} INFO - [2025-01-01T18:47:33.436+0000] {dag.py:4180} INFO - Setting next_dagrun for example_python_decorator to None, run_after=None
[2025-01-01T18:47:33.454+0000] {processor.py:208} INFO - Processing /home/airflow/.local/lib/python3.10/site-packages/airflow/example_dags/example_python_decorator.py took 0.075 seconds
