[2025-01-01T18:19:04.817+0000] {processor.py:186} INFO - Started process (PID=56127) to work on /home/airflow/.local/lib/python3.10/site-packages/airflow/example_dags/example_branch_day_of_week_operator.py
[2025-01-01T18:19:04.819+0000] {processor.py:914} INFO - Processing file /home/airflow/.local/lib/python3.10/site-packages/airflow/example_dags/example_branch_day_of_week_operator.py for tasks to queue
[2025-01-01T18:19:04.826+0000] {logging_mixin.py:190} INFO - [2025-01-01T18:19:04.826+0000] {dagbag.py:588} INFO - Filling up the DagBag from /home/airflow/.local/lib/python3.10/site-packages/airflow/example_dags/example_branch_day_of_week_operator.py
[2025-01-01T18:19:04.858+0000] {processor.py:925} INFO - DAG(s) 'example_weekday_branch_operator' retrieved from /home/airflow/.local/lib/python3.10/site-packages/airflow/example_dags/example_branch_day_of_week_operator.py
[2025-01-01T18:19:04.911+0000] {logging_mixin.py:190} INFO - [2025-01-01T18:19:04.910+0000] {dag.py:3239} INFO - Sync 1 DAGs
[2025-01-01T18:19:04.963+0000] {logging_mixin.py:190} INFO - [2025-01-01T18:19:04.962+0000] {dag.py:4180} INFO - Setting next_dagrun for example_weekday_branch_operator to 2024-12-31 00:00:00+00:00, run_after=2025-01-01 00:00:00+00:00
[2025-01-01T18:19:05.003+0000] {processor.py:208} INFO - Processing /home/airflow/.local/lib/python3.10/site-packages/airflow/example_dags/example_branch_day_of_week_operator.py took 0.198 seconds
[2025-01-01T18:19:46.015+0000] {processor.py:186} INFO - Started process (PID=56210) to work on /home/airflow/.local/lib/python3.10/site-packages/airflow/example_dags/example_branch_day_of_week_operator.py
[2025-01-01T18:19:46.016+0000] {processor.py:914} INFO - Processing file /home/airflow/.local/lib/python3.10/site-packages/airflow/example_dags/example_branch_day_of_week_operator.py for tasks to queue
[2025-01-01T18:19:46.019+0000] {logging_mixin.py:190} INFO - [2025-01-01T18:19:46.018+0000] {dagbag.py:588} INFO - Filling up the DagBag from /home/airflow/.local/lib/python3.10/site-packages/airflow/example_dags/example_branch_day_of_week_operator.py
[2025-01-01T18:19:46.034+0000] {processor.py:925} INFO - DAG(s) 'example_weekday_branch_operator' retrieved from /home/airflow/.local/lib/python3.10/site-packages/airflow/example_dags/example_branch_day_of_week_operator.py
[2025-01-01T18:19:46.138+0000] {logging_mixin.py:190} INFO - [2025-01-01T18:19:46.138+0000] {dag.py:3239} INFO - Sync 1 DAGs
[2025-01-01T18:19:46.285+0000] {logging_mixin.py:190} INFO - [2025-01-01T18:19:46.285+0000] {dag.py:4180} INFO - Setting next_dagrun for example_weekday_branch_operator to 2024-12-31 00:00:00+00:00, run_after=2025-01-01 00:00:00+00:00
[2025-01-01T18:19:46.309+0000] {processor.py:208} INFO - Processing /home/airflow/.local/lib/python3.10/site-packages/airflow/example_dags/example_branch_day_of_week_operator.py took 0.305 seconds
[2025-01-01T18:20:16.447+0000] {processor.py:186} INFO - Started process (PID=56278) to work on /home/airflow/.local/lib/python3.10/site-packages/airflow/example_dags/example_branch_day_of_week_operator.py
[2025-01-01T18:20:16.449+0000] {processor.py:914} INFO - Processing file /home/airflow/.local/lib/python3.10/site-packages/airflow/example_dags/example_branch_day_of_week_operator.py for tasks to queue
[2025-01-01T18:20:16.450+0000] {logging_mixin.py:190} INFO - [2025-01-01T18:20:16.450+0000] {dagbag.py:588} INFO - Filling up the DagBag from /home/airflow/.local/lib/python3.10/site-packages/airflow/example_dags/example_branch_day_of_week_operator.py
[2025-01-01T18:20:16.461+0000] {processor.py:925} INFO - DAG(s) 'example_weekday_branch_operator' retrieved from /home/airflow/.local/lib/python3.10/site-packages/airflow/example_dags/example_branch_day_of_week_operator.py
[2025-01-01T18:20:16.485+0000] {logging_mixin.py:190} INFO - [2025-01-01T18:20:16.485+0000] {dag.py:3239} INFO - Sync 1 DAGs
[2025-01-01T18:20:16.512+0000] {logging_mixin.py:190} INFO - [2025-01-01T18:20:16.511+0000] {dag.py:4180} INFO - Setting next_dagrun for example_weekday_branch_operator to 2024-12-31 00:00:00+00:00, run_after=2025-01-01 00:00:00+00:00
[2025-01-01T18:20:16.534+0000] {processor.py:208} INFO - Processing /home/airflow/.local/lib/python3.10/site-packages/airflow/example_dags/example_branch_day_of_week_operator.py took 0.093 seconds
[2025-01-01T18:20:46.701+0000] {processor.py:186} INFO - Started process (PID=56346) to work on /home/airflow/.local/lib/python3.10/site-packages/airflow/example_dags/example_branch_day_of_week_operator.py
[2025-01-01T18:20:46.703+0000] {processor.py:914} INFO - Processing file /home/airflow/.local/lib/python3.10/site-packages/airflow/example_dags/example_branch_day_of_week_operator.py for tasks to queue
[2025-01-01T18:20:46.704+0000] {logging_mixin.py:190} INFO - [2025-01-01T18:20:46.704+0000] {dagbag.py:588} INFO - Filling up the DagBag from /home/airflow/.local/lib/python3.10/site-packages/airflow/example_dags/example_branch_day_of_week_operator.py
[2025-01-01T18:20:46.719+0000] {processor.py:925} INFO - DAG(s) 'example_weekday_branch_operator' retrieved from /home/airflow/.local/lib/python3.10/site-packages/airflow/example_dags/example_branch_day_of_week_operator.py
[2025-01-01T18:20:46.745+0000] {logging_mixin.py:190} INFO - [2025-01-01T18:20:46.745+0000] {dag.py:3239} INFO - Sync 1 DAGs
[2025-01-01T18:20:46.772+0000] {logging_mixin.py:190} INFO - [2025-01-01T18:20:46.772+0000] {dag.py:4180} INFO - Setting next_dagrun for example_weekday_branch_operator to 2024-12-31 00:00:00+00:00, run_after=2025-01-01 00:00:00+00:00
[2025-01-01T18:20:46.793+0000] {processor.py:208} INFO - Processing /home/airflow/.local/lib/python3.10/site-packages/airflow/example_dags/example_branch_day_of_week_operator.py took 0.099 seconds
[2025-01-01T18:21:17.764+0000] {processor.py:186} INFO - Started process (PID=56415) to work on /home/airflow/.local/lib/python3.10/site-packages/airflow/example_dags/example_branch_day_of_week_operator.py
[2025-01-01T18:21:17.766+0000] {processor.py:914} INFO - Processing file /home/airflow/.local/lib/python3.10/site-packages/airflow/example_dags/example_branch_day_of_week_operator.py for tasks to queue
[2025-01-01T18:21:17.768+0000] {logging_mixin.py:190} INFO - [2025-01-01T18:21:17.767+0000] {dagbag.py:588} INFO - Filling up the DagBag from /home/airflow/.local/lib/python3.10/site-packages/airflow/example_dags/example_branch_day_of_week_operator.py
[2025-01-01T18:21:17.778+0000] {processor.py:925} INFO - DAG(s) 'example_weekday_branch_operator' retrieved from /home/airflow/.local/lib/python3.10/site-packages/airflow/example_dags/example_branch_day_of_week_operator.py
[2025-01-01T18:21:17.803+0000] {logging_mixin.py:190} INFO - [2025-01-01T18:21:17.802+0000] {dag.py:3239} INFO - Sync 1 DAGs
[2025-01-01T18:21:17.828+0000] {logging_mixin.py:190} INFO - [2025-01-01T18:21:17.828+0000] {dag.py:4180} INFO - Setting next_dagrun for example_weekday_branch_operator to 2024-12-31 00:00:00+00:00, run_after=2025-01-01 00:00:00+00:00
[2025-01-01T18:21:17.846+0000] {processor.py:208} INFO - Processing /home/airflow/.local/lib/python3.10/site-packages/airflow/example_dags/example_branch_day_of_week_operator.py took 0.089 seconds
[2025-01-01T18:21:47.889+0000] {processor.py:186} INFO - Started process (PID=56483) to work on /home/airflow/.local/lib/python3.10/site-packages/airflow/example_dags/example_branch_day_of_week_operator.py
[2025-01-01T18:21:47.890+0000] {processor.py:914} INFO - Processing file /home/airflow/.local/lib/python3.10/site-packages/airflow/example_dags/example_branch_day_of_week_operator.py for tasks to queue
[2025-01-01T18:21:47.892+0000] {logging_mixin.py:190} INFO - [2025-01-01T18:21:47.892+0000] {dagbag.py:588} INFO - Filling up the DagBag from /home/airflow/.local/lib/python3.10/site-packages/airflow/example_dags/example_branch_day_of_week_operator.py
[2025-01-01T18:21:47.901+0000] {processor.py:925} INFO - DAG(s) 'example_weekday_branch_operator' retrieved from /home/airflow/.local/lib/python3.10/site-packages/airflow/example_dags/example_branch_day_of_week_operator.py
[2025-01-01T18:21:47.921+0000] {logging_mixin.py:190} INFO - [2025-01-01T18:21:47.921+0000] {dag.py:3239} INFO - Sync 1 DAGs
[2025-01-01T18:21:47.946+0000] {logging_mixin.py:190} INFO - [2025-01-01T18:21:47.946+0000] {dag.py:4180} INFO - Setting next_dagrun for example_weekday_branch_operator to 2024-12-31 00:00:00+00:00, run_after=2025-01-01 00:00:00+00:00
[2025-01-01T18:21:47.972+0000] {processor.py:208} INFO - Processing /home/airflow/.local/lib/python3.10/site-packages/airflow/example_dags/example_branch_day_of_week_operator.py took 0.089 seconds
[2025-01-01T18:22:18.357+0000] {processor.py:186} INFO - Started process (PID=56551) to work on /home/airflow/.local/lib/python3.10/site-packages/airflow/example_dags/example_branch_day_of_week_operator.py
[2025-01-01T18:22:18.358+0000] {processor.py:914} INFO - Processing file /home/airflow/.local/lib/python3.10/site-packages/airflow/example_dags/example_branch_day_of_week_operator.py for tasks to queue
[2025-01-01T18:22:18.359+0000] {logging_mixin.py:190} INFO - [2025-01-01T18:22:18.359+0000] {dagbag.py:588} INFO - Filling up the DagBag from /home/airflow/.local/lib/python3.10/site-packages/airflow/example_dags/example_branch_day_of_week_operator.py
[2025-01-01T18:22:18.368+0000] {processor.py:925} INFO - DAG(s) 'example_weekday_branch_operator' retrieved from /home/airflow/.local/lib/python3.10/site-packages/airflow/example_dags/example_branch_day_of_week_operator.py
[2025-01-01T18:22:18.388+0000] {logging_mixin.py:190} INFO - [2025-01-01T18:22:18.387+0000] {dag.py:3239} INFO - Sync 1 DAGs
[2025-01-01T18:22:18.411+0000] {logging_mixin.py:190} INFO - [2025-01-01T18:22:18.410+0000] {dag.py:4180} INFO - Setting next_dagrun for example_weekday_branch_operator to 2024-12-31 00:00:00+00:00, run_after=2025-01-01 00:00:00+00:00
[2025-01-01T18:22:18.427+0000] {processor.py:208} INFO - Processing /home/airflow/.local/lib/python3.10/site-packages/airflow/example_dags/example_branch_day_of_week_operator.py took 0.076 seconds
[2025-01-01T18:22:49.214+0000] {processor.py:186} INFO - Started process (PID=56619) to work on /home/airflow/.local/lib/python3.10/site-packages/airflow/example_dags/example_branch_day_of_week_operator.py
[2025-01-01T18:22:49.215+0000] {processor.py:914} INFO - Processing file /home/airflow/.local/lib/python3.10/site-packages/airflow/example_dags/example_branch_day_of_week_operator.py for tasks to queue
[2025-01-01T18:22:49.217+0000] {logging_mixin.py:190} INFO - [2025-01-01T18:22:49.217+0000] {dagbag.py:588} INFO - Filling up the DagBag from /home/airflow/.local/lib/python3.10/site-packages/airflow/example_dags/example_branch_day_of_week_operator.py
[2025-01-01T18:22:49.227+0000] {processor.py:925} INFO - DAG(s) 'example_weekday_branch_operator' retrieved from /home/airflow/.local/lib/python3.10/site-packages/airflow/example_dags/example_branch_day_of_week_operator.py
[2025-01-01T18:22:49.248+0000] {logging_mixin.py:190} INFO - [2025-01-01T18:22:49.247+0000] {dag.py:3239} INFO - Sync 1 DAGs
[2025-01-01T18:22:49.272+0000] {logging_mixin.py:190} INFO - [2025-01-01T18:22:49.272+0000] {dag.py:4180} INFO - Setting next_dagrun for example_weekday_branch_operator to 2024-12-31 00:00:00+00:00, run_after=2025-01-01 00:00:00+00:00
[2025-01-01T18:22:49.295+0000] {processor.py:208} INFO - Processing /home/airflow/.local/lib/python3.10/site-packages/airflow/example_dags/example_branch_day_of_week_operator.py took 0.087 seconds
[2025-01-01T18:23:20.097+0000] {processor.py:186} INFO - Started process (PID=56687) to work on /home/airflow/.local/lib/python3.10/site-packages/airflow/example_dags/example_branch_day_of_week_operator.py
[2025-01-01T18:23:20.098+0000] {processor.py:914} INFO - Processing file /home/airflow/.local/lib/python3.10/site-packages/airflow/example_dags/example_branch_day_of_week_operator.py for tasks to queue
[2025-01-01T18:23:20.100+0000] {logging_mixin.py:190} INFO - [2025-01-01T18:23:20.100+0000] {dagbag.py:588} INFO - Filling up the DagBag from /home/airflow/.local/lib/python3.10/site-packages/airflow/example_dags/example_branch_day_of_week_operator.py
[2025-01-01T18:23:20.112+0000] {processor.py:925} INFO - DAG(s) 'example_weekday_branch_operator' retrieved from /home/airflow/.local/lib/python3.10/site-packages/airflow/example_dags/example_branch_day_of_week_operator.py
[2025-01-01T18:23:20.133+0000] {logging_mixin.py:190} INFO - [2025-01-01T18:23:20.132+0000] {dag.py:3239} INFO - Sync 1 DAGs
[2025-01-01T18:23:20.157+0000] {logging_mixin.py:190} INFO - [2025-01-01T18:23:20.156+0000] {dag.py:4180} INFO - Setting next_dagrun for example_weekday_branch_operator to 2024-12-31 00:00:00+00:00, run_after=2025-01-01 00:00:00+00:00
[2025-01-01T18:23:20.171+0000] {processor.py:208} INFO - Processing /home/airflow/.local/lib/python3.10/site-packages/airflow/example_dags/example_branch_day_of_week_operator.py took 0.081 seconds
[2025-01-01T18:23:51.332+0000] {processor.py:186} INFO - Started process (PID=56755) to work on /home/airflow/.local/lib/python3.10/site-packages/airflow/example_dags/example_branch_day_of_week_operator.py
[2025-01-01T18:23:51.334+0000] {processor.py:914} INFO - Processing file /home/airflow/.local/lib/python3.10/site-packages/airflow/example_dags/example_branch_day_of_week_operator.py for tasks to queue
[2025-01-01T18:23:51.335+0000] {logging_mixin.py:190} INFO - [2025-01-01T18:23:51.335+0000] {dagbag.py:588} INFO - Filling up the DagBag from /home/airflow/.local/lib/python3.10/site-packages/airflow/example_dags/example_branch_day_of_week_operator.py
[2025-01-01T18:23:51.345+0000] {processor.py:925} INFO - DAG(s) 'example_weekday_branch_operator' retrieved from /home/airflow/.local/lib/python3.10/site-packages/airflow/example_dags/example_branch_day_of_week_operator.py
[2025-01-01T18:23:51.364+0000] {logging_mixin.py:190} INFO - [2025-01-01T18:23:51.364+0000] {dag.py:3239} INFO - Sync 1 DAGs
[2025-01-01T18:23:51.387+0000] {logging_mixin.py:190} INFO - [2025-01-01T18:23:51.386+0000] {dag.py:4180} INFO - Setting next_dagrun for example_weekday_branch_operator to 2024-12-31 00:00:00+00:00, run_after=2025-01-01 00:00:00+00:00
[2025-01-01T18:23:51.403+0000] {processor.py:208} INFO - Processing /home/airflow/.local/lib/python3.10/site-packages/airflow/example_dags/example_branch_day_of_week_operator.py took 0.077 seconds
[2025-01-01T18:24:22.189+0000] {processor.py:186} INFO - Started process (PID=56823) to work on /home/airflow/.local/lib/python3.10/site-packages/airflow/example_dags/example_branch_day_of_week_operator.py
[2025-01-01T18:24:22.190+0000] {processor.py:914} INFO - Processing file /home/airflow/.local/lib/python3.10/site-packages/airflow/example_dags/example_branch_day_of_week_operator.py for tasks to queue
[2025-01-01T18:24:22.192+0000] {logging_mixin.py:190} INFO - [2025-01-01T18:24:22.192+0000] {dagbag.py:588} INFO - Filling up the DagBag from /home/airflow/.local/lib/python3.10/site-packages/airflow/example_dags/example_branch_day_of_week_operator.py
[2025-01-01T18:24:22.203+0000] {processor.py:925} INFO - DAG(s) 'example_weekday_branch_operator' retrieved from /home/airflow/.local/lib/python3.10/site-packages/airflow/example_dags/example_branch_day_of_week_operator.py
[2025-01-01T18:24:22.226+0000] {logging_mixin.py:190} INFO - [2025-01-01T18:24:22.226+0000] {dag.py:3239} INFO - Sync 1 DAGs
[2025-01-01T18:24:22.252+0000] {logging_mixin.py:190} INFO - [2025-01-01T18:24:22.252+0000] {dag.py:4180} INFO - Setting next_dagrun for example_weekday_branch_operator to 2024-12-31 00:00:00+00:00, run_after=2025-01-01 00:00:00+00:00
[2025-01-01T18:24:22.274+0000] {processor.py:208} INFO - Processing /home/airflow/.local/lib/python3.10/site-packages/airflow/example_dags/example_branch_day_of_week_operator.py took 0.092 seconds
[2025-01-01T18:24:53.490+0000] {processor.py:186} INFO - Started process (PID=56891) to work on /home/airflow/.local/lib/python3.10/site-packages/airflow/example_dags/example_branch_day_of_week_operator.py
[2025-01-01T18:24:53.492+0000] {processor.py:914} INFO - Processing file /home/airflow/.local/lib/python3.10/site-packages/airflow/example_dags/example_branch_day_of_week_operator.py for tasks to queue
[2025-01-01T18:24:53.493+0000] {logging_mixin.py:190} INFO - [2025-01-01T18:24:53.493+0000] {dagbag.py:588} INFO - Filling up the DagBag from /home/airflow/.local/lib/python3.10/site-packages/airflow/example_dags/example_branch_day_of_week_operator.py
[2025-01-01T18:24:53.506+0000] {processor.py:925} INFO - DAG(s) 'example_weekday_branch_operator' retrieved from /home/airflow/.local/lib/python3.10/site-packages/airflow/example_dags/example_branch_day_of_week_operator.py
[2025-01-01T18:24:53.528+0000] {logging_mixin.py:190} INFO - [2025-01-01T18:24:53.528+0000] {dag.py:3239} INFO - Sync 1 DAGs
[2025-01-01T18:24:53.556+0000] {logging_mixin.py:190} INFO - [2025-01-01T18:24:53.556+0000] {dag.py:4180} INFO - Setting next_dagrun for example_weekday_branch_operator to 2024-12-31 00:00:00+00:00, run_after=2025-01-01 00:00:00+00:00
[2025-01-01T18:24:53.574+0000] {processor.py:208} INFO - Processing /home/airflow/.local/lib/python3.10/site-packages/airflow/example_dags/example_branch_day_of_week_operator.py took 0.093 seconds
[2025-01-01T18:25:24.315+0000] {processor.py:186} INFO - Started process (PID=56959) to work on /home/airflow/.local/lib/python3.10/site-packages/airflow/example_dags/example_branch_day_of_week_operator.py
[2025-01-01T18:25:24.316+0000] {processor.py:914} INFO - Processing file /home/airflow/.local/lib/python3.10/site-packages/airflow/example_dags/example_branch_day_of_week_operator.py for tasks to queue
[2025-01-01T18:25:24.318+0000] {logging_mixin.py:190} INFO - [2025-01-01T18:25:24.317+0000] {dagbag.py:588} INFO - Filling up the DagBag from /home/airflow/.local/lib/python3.10/site-packages/airflow/example_dags/example_branch_day_of_week_operator.py
[2025-01-01T18:25:24.330+0000] {processor.py:925} INFO - DAG(s) 'example_weekday_branch_operator' retrieved from /home/airflow/.local/lib/python3.10/site-packages/airflow/example_dags/example_branch_day_of_week_operator.py
[2025-01-01T18:25:24.352+0000] {logging_mixin.py:190} INFO - [2025-01-01T18:25:24.351+0000] {dag.py:3239} INFO - Sync 1 DAGs
[2025-01-01T18:25:24.379+0000] {logging_mixin.py:190} INFO - [2025-01-01T18:25:24.379+0000] {dag.py:4180} INFO - Setting next_dagrun for example_weekday_branch_operator to 2024-12-31 00:00:00+00:00, run_after=2025-01-01 00:00:00+00:00
[2025-01-01T18:25:24.398+0000] {processor.py:208} INFO - Processing /home/airflow/.local/lib/python3.10/site-packages/airflow/example_dags/example_branch_day_of_week_operator.py took 0.090 seconds
[2025-01-01T18:25:58.338+0000] {processor.py:186} INFO - Started process (PID=57032) to work on /home/airflow/.local/lib/python3.10/site-packages/airflow/example_dags/example_branch_day_of_week_operator.py
[2025-01-01T18:25:58.339+0000] {processor.py:914} INFO - Processing file /home/airflow/.local/lib/python3.10/site-packages/airflow/example_dags/example_branch_day_of_week_operator.py for tasks to queue
[2025-01-01T18:25:58.341+0000] {logging_mixin.py:190} INFO - [2025-01-01T18:25:58.341+0000] {dagbag.py:588} INFO - Filling up the DagBag from /home/airflow/.local/lib/python3.10/site-packages/airflow/example_dags/example_branch_day_of_week_operator.py
[2025-01-01T18:25:58.355+0000] {processor.py:925} INFO - DAG(s) 'example_weekday_branch_operator' retrieved from /home/airflow/.local/lib/python3.10/site-packages/airflow/example_dags/example_branch_day_of_week_operator.py
[2025-01-01T18:25:58.389+0000] {logging_mixin.py:190} INFO - [2025-01-01T18:25:58.388+0000] {dag.py:3239} INFO - Sync 1 DAGs
[2025-01-01T18:25:58.420+0000] {logging_mixin.py:190} INFO - [2025-01-01T18:25:58.420+0000] {dag.py:4180} INFO - Setting next_dagrun for example_weekday_branch_operator to 2024-12-31 00:00:00+00:00, run_after=2025-01-01 00:00:00+00:00
[2025-01-01T18:25:58.444+0000] {processor.py:208} INFO - Processing /home/airflow/.local/lib/python3.10/site-packages/airflow/example_dags/example_branch_day_of_week_operator.py took 0.113 seconds
[2025-01-01T18:26:28.774+0000] {processor.py:186} INFO - Started process (PID=57100) to work on /home/airflow/.local/lib/python3.10/site-packages/airflow/example_dags/example_branch_day_of_week_operator.py
[2025-01-01T18:26:28.775+0000] {processor.py:914} INFO - Processing file /home/airflow/.local/lib/python3.10/site-packages/airflow/example_dags/example_branch_day_of_week_operator.py for tasks to queue
[2025-01-01T18:26:28.777+0000] {logging_mixin.py:190} INFO - [2025-01-01T18:26:28.776+0000] {dagbag.py:588} INFO - Filling up the DagBag from /home/airflow/.local/lib/python3.10/site-packages/airflow/example_dags/example_branch_day_of_week_operator.py
[2025-01-01T18:26:28.786+0000] {processor.py:925} INFO - DAG(s) 'example_weekday_branch_operator' retrieved from /home/airflow/.local/lib/python3.10/site-packages/airflow/example_dags/example_branch_day_of_week_operator.py
[2025-01-01T18:26:28.806+0000] {logging_mixin.py:190} INFO - [2025-01-01T18:26:28.806+0000] {dag.py:3239} INFO - Sync 1 DAGs
[2025-01-01T18:26:28.830+0000] {logging_mixin.py:190} INFO - [2025-01-01T18:26:28.830+0000] {dag.py:4180} INFO - Setting next_dagrun for example_weekday_branch_operator to 2024-12-31 00:00:00+00:00, run_after=2025-01-01 00:00:00+00:00
[2025-01-01T18:26:28.847+0000] {processor.py:208} INFO - Processing /home/airflow/.local/lib/python3.10/site-packages/airflow/example_dags/example_branch_day_of_week_operator.py took 0.079 seconds
[2025-01-01T18:26:59.046+0000] {processor.py:186} INFO - Started process (PID=57167) to work on /home/airflow/.local/lib/python3.10/site-packages/airflow/example_dags/example_branch_day_of_week_operator.py
[2025-01-01T18:26:59.047+0000] {processor.py:914} INFO - Processing file /home/airflow/.local/lib/python3.10/site-packages/airflow/example_dags/example_branch_day_of_week_operator.py for tasks to queue
[2025-01-01T18:26:59.048+0000] {logging_mixin.py:190} INFO - [2025-01-01T18:26:59.048+0000] {dagbag.py:588} INFO - Filling up the DagBag from /home/airflow/.local/lib/python3.10/site-packages/airflow/example_dags/example_branch_day_of_week_operator.py
[2025-01-01T18:26:59.060+0000] {processor.py:925} INFO - DAG(s) 'example_weekday_branch_operator' retrieved from /home/airflow/.local/lib/python3.10/site-packages/airflow/example_dags/example_branch_day_of_week_operator.py
[2025-01-01T18:26:59.081+0000] {logging_mixin.py:190} INFO - [2025-01-01T18:26:59.080+0000] {dag.py:3239} INFO - Sync 1 DAGs
[2025-01-01T18:26:59.105+0000] {logging_mixin.py:190} INFO - [2025-01-01T18:26:59.105+0000] {dag.py:4180} INFO - Setting next_dagrun for example_weekday_branch_operator to 2024-12-31 00:00:00+00:00, run_after=2025-01-01 00:00:00+00:00
[2025-01-01T18:26:59.120+0000] {processor.py:208} INFO - Processing /home/airflow/.local/lib/python3.10/site-packages/airflow/example_dags/example_branch_day_of_week_operator.py took 0.081 seconds
[2025-01-01T18:27:30.329+0000] {processor.py:186} INFO - Started process (PID=57236) to work on /home/airflow/.local/lib/python3.10/site-packages/airflow/example_dags/example_branch_day_of_week_operator.py
[2025-01-01T18:27:30.330+0000] {processor.py:914} INFO - Processing file /home/airflow/.local/lib/python3.10/site-packages/airflow/example_dags/example_branch_day_of_week_operator.py for tasks to queue
[2025-01-01T18:27:30.331+0000] {logging_mixin.py:190} INFO - [2025-01-01T18:27:30.331+0000] {dagbag.py:588} INFO - Filling up the DagBag from /home/airflow/.local/lib/python3.10/site-packages/airflow/example_dags/example_branch_day_of_week_operator.py
[2025-01-01T18:27:30.340+0000] {processor.py:925} INFO - DAG(s) 'example_weekday_branch_operator' retrieved from /home/airflow/.local/lib/python3.10/site-packages/airflow/example_dags/example_branch_day_of_week_operator.py
[2025-01-01T18:27:30.360+0000] {logging_mixin.py:190} INFO - [2025-01-01T18:27:30.360+0000] {dag.py:3239} INFO - Sync 1 DAGs
[2025-01-01T18:27:30.381+0000] {logging_mixin.py:190} INFO - [2025-01-01T18:27:30.381+0000] {dag.py:4180} INFO - Setting next_dagrun for example_weekday_branch_operator to 2024-12-31 00:00:00+00:00, run_after=2025-01-01 00:00:00+00:00
[2025-01-01T18:27:30.397+0000] {processor.py:208} INFO - Processing /home/airflow/.local/lib/python3.10/site-packages/airflow/example_dags/example_branch_day_of_week_operator.py took 0.075 seconds
[2025-01-01T18:28:01.265+0000] {processor.py:186} INFO - Started process (PID=57303) to work on /home/airflow/.local/lib/python3.10/site-packages/airflow/example_dags/example_branch_day_of_week_operator.py
[2025-01-01T18:28:01.266+0000] {processor.py:914} INFO - Processing file /home/airflow/.local/lib/python3.10/site-packages/airflow/example_dags/example_branch_day_of_week_operator.py for tasks to queue
[2025-01-01T18:28:01.268+0000] {logging_mixin.py:190} INFO - [2025-01-01T18:28:01.267+0000] {dagbag.py:588} INFO - Filling up the DagBag from /home/airflow/.local/lib/python3.10/site-packages/airflow/example_dags/example_branch_day_of_week_operator.py
[2025-01-01T18:28:01.279+0000] {processor.py:925} INFO - DAG(s) 'example_weekday_branch_operator' retrieved from /home/airflow/.local/lib/python3.10/site-packages/airflow/example_dags/example_branch_day_of_week_operator.py
[2025-01-01T18:28:01.301+0000] {logging_mixin.py:190} INFO - [2025-01-01T18:28:01.301+0000] {dag.py:3239} INFO - Sync 1 DAGs
[2025-01-01T18:28:01.329+0000] {logging_mixin.py:190} INFO - [2025-01-01T18:28:01.329+0000] {dag.py:4180} INFO - Setting next_dagrun for example_weekday_branch_operator to 2024-12-31 00:00:00+00:00, run_after=2025-01-01 00:00:00+00:00
[2025-01-01T18:28:01.347+0000] {processor.py:208} INFO - Processing /home/airflow/.local/lib/python3.10/site-packages/airflow/example_dags/example_branch_day_of_week_operator.py took 0.090 seconds
[2025-01-01T18:28:32.310+0000] {processor.py:186} INFO - Started process (PID=57372) to work on /home/airflow/.local/lib/python3.10/site-packages/airflow/example_dags/example_branch_day_of_week_operator.py
[2025-01-01T18:28:32.311+0000] {processor.py:914} INFO - Processing file /home/airflow/.local/lib/python3.10/site-packages/airflow/example_dags/example_branch_day_of_week_operator.py for tasks to queue
[2025-01-01T18:28:32.313+0000] {logging_mixin.py:190} INFO - [2025-01-01T18:28:32.312+0000] {dagbag.py:588} INFO - Filling up the DagBag from /home/airflow/.local/lib/python3.10/site-packages/airflow/example_dags/example_branch_day_of_week_operator.py
[2025-01-01T18:28:32.322+0000] {processor.py:925} INFO - DAG(s) 'example_weekday_branch_operator' retrieved from /home/airflow/.local/lib/python3.10/site-packages/airflow/example_dags/example_branch_day_of_week_operator.py
[2025-01-01T18:28:32.343+0000] {logging_mixin.py:190} INFO - [2025-01-01T18:28:32.342+0000] {dag.py:3239} INFO - Sync 1 DAGs
[2025-01-01T18:28:32.365+0000] {logging_mixin.py:190} INFO - [2025-01-01T18:28:32.364+0000] {dag.py:4180} INFO - Setting next_dagrun for example_weekday_branch_operator to 2024-12-31 00:00:00+00:00, run_after=2025-01-01 00:00:00+00:00
[2025-01-01T18:28:32.380+0000] {processor.py:208} INFO - Processing /home/airflow/.local/lib/python3.10/site-packages/airflow/example_dags/example_branch_day_of_week_operator.py took 0.078 seconds
[2025-01-01T18:29:03.246+0000] {processor.py:186} INFO - Started process (PID=57439) to work on /home/airflow/.local/lib/python3.10/site-packages/airflow/example_dags/example_branch_day_of_week_operator.py
[2025-01-01T18:29:03.247+0000] {processor.py:914} INFO - Processing file /home/airflow/.local/lib/python3.10/site-packages/airflow/example_dags/example_branch_day_of_week_operator.py for tasks to queue
[2025-01-01T18:29:03.248+0000] {logging_mixin.py:190} INFO - [2025-01-01T18:29:03.248+0000] {dagbag.py:588} INFO - Filling up the DagBag from /home/airflow/.local/lib/python3.10/site-packages/airflow/example_dags/example_branch_day_of_week_operator.py
[2025-01-01T18:29:03.259+0000] {processor.py:925} INFO - DAG(s) 'example_weekday_branch_operator' retrieved from /home/airflow/.local/lib/python3.10/site-packages/airflow/example_dags/example_branch_day_of_week_operator.py
[2025-01-01T18:29:03.280+0000] {logging_mixin.py:190} INFO - [2025-01-01T18:29:03.280+0000] {dag.py:3239} INFO - Sync 1 DAGs
[2025-01-01T18:29:03.306+0000] {logging_mixin.py:190} INFO - [2025-01-01T18:29:03.306+0000] {dag.py:4180} INFO - Setting next_dagrun for example_weekday_branch_operator to 2024-12-31 00:00:00+00:00, run_after=2025-01-01 00:00:00+00:00
[2025-01-01T18:29:03.329+0000] {processor.py:208} INFO - Processing /home/airflow/.local/lib/python3.10/site-packages/airflow/example_dags/example_branch_day_of_week_operator.py took 0.090 seconds
[2025-01-01T18:29:34.586+0000] {processor.py:186} INFO - Started process (PID=57508) to work on /home/airflow/.local/lib/python3.10/site-packages/airflow/example_dags/example_branch_day_of_week_operator.py
[2025-01-01T18:29:34.587+0000] {processor.py:914} INFO - Processing file /home/airflow/.local/lib/python3.10/site-packages/airflow/example_dags/example_branch_day_of_week_operator.py for tasks to queue
[2025-01-01T18:29:34.589+0000] {logging_mixin.py:190} INFO - [2025-01-01T18:29:34.589+0000] {dagbag.py:588} INFO - Filling up the DagBag from /home/airflow/.local/lib/python3.10/site-packages/airflow/example_dags/example_branch_day_of_week_operator.py
[2025-01-01T18:29:34.600+0000] {processor.py:925} INFO - DAG(s) 'example_weekday_branch_operator' retrieved from /home/airflow/.local/lib/python3.10/site-packages/airflow/example_dags/example_branch_day_of_week_operator.py
[2025-01-01T18:29:34.622+0000] {logging_mixin.py:190} INFO - [2025-01-01T18:29:34.621+0000] {dag.py:3239} INFO - Sync 1 DAGs
[2025-01-01T18:29:34.649+0000] {logging_mixin.py:190} INFO - [2025-01-01T18:29:34.649+0000] {dag.py:4180} INFO - Setting next_dagrun for example_weekday_branch_operator to 2024-12-31 00:00:00+00:00, run_after=2025-01-01 00:00:00+00:00
[2025-01-01T18:29:34.665+0000] {processor.py:208} INFO - Processing /home/airflow/.local/lib/python3.10/site-packages/airflow/example_dags/example_branch_day_of_week_operator.py took 0.086 seconds
[2025-01-01T18:30:05.312+0000] {processor.py:186} INFO - Started process (PID=57576) to work on /home/airflow/.local/lib/python3.10/site-packages/airflow/example_dags/example_branch_day_of_week_operator.py
[2025-01-01T18:30:05.313+0000] {processor.py:914} INFO - Processing file /home/airflow/.local/lib/python3.10/site-packages/airflow/example_dags/example_branch_day_of_week_operator.py for tasks to queue
[2025-01-01T18:30:05.314+0000] {logging_mixin.py:190} INFO - [2025-01-01T18:30:05.314+0000] {dagbag.py:588} INFO - Filling up the DagBag from /home/airflow/.local/lib/python3.10/site-packages/airflow/example_dags/example_branch_day_of_week_operator.py
[2025-01-01T18:30:05.324+0000] {processor.py:925} INFO - DAG(s) 'example_weekday_branch_operator' retrieved from /home/airflow/.local/lib/python3.10/site-packages/airflow/example_dags/example_branch_day_of_week_operator.py
[2025-01-01T18:30:05.344+0000] {logging_mixin.py:190} INFO - [2025-01-01T18:30:05.344+0000] {dag.py:3239} INFO - Sync 1 DAGs
[2025-01-01T18:30:05.372+0000] {logging_mixin.py:190} INFO - [2025-01-01T18:30:05.371+0000] {dag.py:4180} INFO - Setting next_dagrun for example_weekday_branch_operator to 2024-12-31 00:00:00+00:00, run_after=2025-01-01 00:00:00+00:00
[2025-01-01T18:30:05.393+0000] {processor.py:208} INFO - Processing /home/airflow/.local/lib/python3.10/site-packages/airflow/example_dags/example_branch_day_of_week_operator.py took 0.087 seconds
[2025-01-01T18:30:36.135+0000] {processor.py:186} INFO - Started process (PID=57644) to work on /home/airflow/.local/lib/python3.10/site-packages/airflow/example_dags/example_branch_day_of_week_operator.py
[2025-01-01T18:30:36.136+0000] {processor.py:914} INFO - Processing file /home/airflow/.local/lib/python3.10/site-packages/airflow/example_dags/example_branch_day_of_week_operator.py for tasks to queue
[2025-01-01T18:30:36.138+0000] {logging_mixin.py:190} INFO - [2025-01-01T18:30:36.137+0000] {dagbag.py:588} INFO - Filling up the DagBag from /home/airflow/.local/lib/python3.10/site-packages/airflow/example_dags/example_branch_day_of_week_operator.py
[2025-01-01T18:30:36.147+0000] {processor.py:925} INFO - DAG(s) 'example_weekday_branch_operator' retrieved from /home/airflow/.local/lib/python3.10/site-packages/airflow/example_dags/example_branch_day_of_week_operator.py
[2025-01-01T18:30:36.170+0000] {logging_mixin.py:190} INFO - [2025-01-01T18:30:36.169+0000] {dag.py:3239} INFO - Sync 1 DAGs
[2025-01-01T18:30:36.196+0000] {logging_mixin.py:190} INFO - [2025-01-01T18:30:36.196+0000] {dag.py:4180} INFO - Setting next_dagrun for example_weekday_branch_operator to 2024-12-31 00:00:00+00:00, run_after=2025-01-01 00:00:00+00:00
[2025-01-01T18:30:36.218+0000] {processor.py:208} INFO - Processing /home/airflow/.local/lib/python3.10/site-packages/airflow/example_dags/example_branch_day_of_week_operator.py took 0.091 seconds
[2025-01-01T18:31:07.014+0000] {processor.py:186} INFO - Started process (PID=57713) to work on /home/airflow/.local/lib/python3.10/site-packages/airflow/example_dags/example_branch_day_of_week_operator.py
[2025-01-01T18:31:07.015+0000] {processor.py:914} INFO - Processing file /home/airflow/.local/lib/python3.10/site-packages/airflow/example_dags/example_branch_day_of_week_operator.py for tasks to queue
[2025-01-01T18:31:07.017+0000] {logging_mixin.py:190} INFO - [2025-01-01T18:31:07.016+0000] {dagbag.py:588} INFO - Filling up the DagBag from /home/airflow/.local/lib/python3.10/site-packages/airflow/example_dags/example_branch_day_of_week_operator.py
[2025-01-01T18:31:07.026+0000] {processor.py:925} INFO - DAG(s) 'example_weekday_branch_operator' retrieved from /home/airflow/.local/lib/python3.10/site-packages/airflow/example_dags/example_branch_day_of_week_operator.py
[2025-01-01T18:31:07.046+0000] {logging_mixin.py:190} INFO - [2025-01-01T18:31:07.045+0000] {dag.py:3239} INFO - Sync 1 DAGs
[2025-01-01T18:31:07.068+0000] {logging_mixin.py:190} INFO - [2025-01-01T18:31:07.067+0000] {dag.py:4180} INFO - Setting next_dagrun for example_weekday_branch_operator to 2024-12-31 00:00:00+00:00, run_after=2025-01-01 00:00:00+00:00
[2025-01-01T18:31:07.084+0000] {processor.py:208} INFO - Processing /home/airflow/.local/lib/python3.10/site-packages/airflow/example_dags/example_branch_day_of_week_operator.py took 0.076 seconds
[2025-01-01T18:31:37.890+0000] {processor.py:186} INFO - Started process (PID=57781) to work on /home/airflow/.local/lib/python3.10/site-packages/airflow/example_dags/example_branch_day_of_week_operator.py
[2025-01-01T18:31:37.892+0000] {processor.py:914} INFO - Processing file /home/airflow/.local/lib/python3.10/site-packages/airflow/example_dags/example_branch_day_of_week_operator.py for tasks to queue
[2025-01-01T18:31:37.893+0000] {logging_mixin.py:190} INFO - [2025-01-01T18:31:37.893+0000] {dagbag.py:588} INFO - Filling up the DagBag from /home/airflow/.local/lib/python3.10/site-packages/airflow/example_dags/example_branch_day_of_week_operator.py
[2025-01-01T18:31:37.902+0000] {processor.py:925} INFO - DAG(s) 'example_weekday_branch_operator' retrieved from /home/airflow/.local/lib/python3.10/site-packages/airflow/example_dags/example_branch_day_of_week_operator.py
[2025-01-01T18:31:37.922+0000] {logging_mixin.py:190} INFO - [2025-01-01T18:31:37.921+0000] {dag.py:3239} INFO - Sync 1 DAGs
[2025-01-01T18:31:37.944+0000] {logging_mixin.py:190} INFO - [2025-01-01T18:31:37.944+0000] {dag.py:4180} INFO - Setting next_dagrun for example_weekday_branch_operator to 2024-12-31 00:00:00+00:00, run_after=2025-01-01 00:00:00+00:00
[2025-01-01T18:31:37.959+0000] {processor.py:208} INFO - Processing /home/airflow/.local/lib/python3.10/site-packages/airflow/example_dags/example_branch_day_of_week_operator.py took 0.074 seconds
[2025-01-01T18:32:08.527+0000] {processor.py:186} INFO - Started process (PID=57849) to work on /home/airflow/.local/lib/python3.10/site-packages/airflow/example_dags/example_branch_day_of_week_operator.py
[2025-01-01T18:32:08.528+0000] {processor.py:914} INFO - Processing file /home/airflow/.local/lib/python3.10/site-packages/airflow/example_dags/example_branch_day_of_week_operator.py for tasks to queue
[2025-01-01T18:32:08.530+0000] {logging_mixin.py:190} INFO - [2025-01-01T18:32:08.530+0000] {dagbag.py:588} INFO - Filling up the DagBag from /home/airflow/.local/lib/python3.10/site-packages/airflow/example_dags/example_branch_day_of_week_operator.py
[2025-01-01T18:32:08.547+0000] {processor.py:925} INFO - DAG(s) 'example_weekday_branch_operator' retrieved from /home/airflow/.local/lib/python3.10/site-packages/airflow/example_dags/example_branch_day_of_week_operator.py
[2025-01-01T18:32:08.585+0000] {logging_mixin.py:190} INFO - [2025-01-01T18:32:08.584+0000] {dag.py:3239} INFO - Sync 1 DAGs
[2025-01-01T18:32:08.633+0000] {logging_mixin.py:190} INFO - [2025-01-01T18:32:08.632+0000] {dag.py:4180} INFO - Setting next_dagrun for example_weekday_branch_operator to 2024-12-31 00:00:00+00:00, run_after=2025-01-01 00:00:00+00:00
[2025-01-01T18:32:08.658+0000] {processor.py:208} INFO - Processing /home/airflow/.local/lib/python3.10/site-packages/airflow/example_dags/example_branch_day_of_week_operator.py took 0.141 seconds
[2025-01-01T18:32:39.376+0000] {processor.py:186} INFO - Started process (PID=57917) to work on /home/airflow/.local/lib/python3.10/site-packages/airflow/example_dags/example_branch_day_of_week_operator.py
[2025-01-01T18:32:39.377+0000] {processor.py:914} INFO - Processing file /home/airflow/.local/lib/python3.10/site-packages/airflow/example_dags/example_branch_day_of_week_operator.py for tasks to queue
[2025-01-01T18:32:39.378+0000] {logging_mixin.py:190} INFO - [2025-01-01T18:32:39.378+0000] {dagbag.py:588} INFO - Filling up the DagBag from /home/airflow/.local/lib/python3.10/site-packages/airflow/example_dags/example_branch_day_of_week_operator.py
[2025-01-01T18:32:39.387+0000] {processor.py:925} INFO - DAG(s) 'example_weekday_branch_operator' retrieved from /home/airflow/.local/lib/python3.10/site-packages/airflow/example_dags/example_branch_day_of_week_operator.py
[2025-01-01T18:32:39.407+0000] {logging_mixin.py:190} INFO - [2025-01-01T18:32:39.406+0000] {dag.py:3239} INFO - Sync 1 DAGs
[2025-01-01T18:32:39.429+0000] {logging_mixin.py:190} INFO - [2025-01-01T18:32:39.429+0000] {dag.py:4180} INFO - Setting next_dagrun for example_weekday_branch_operator to 2024-12-31 00:00:00+00:00, run_after=2025-01-01 00:00:00+00:00
[2025-01-01T18:32:39.446+0000] {processor.py:208} INFO - Processing /home/airflow/.local/lib/python3.10/site-packages/airflow/example_dags/example_branch_day_of_week_operator.py took 0.077 seconds
[2025-01-01T18:33:10.052+0000] {processor.py:186} INFO - Started process (PID=57985) to work on /home/airflow/.local/lib/python3.10/site-packages/airflow/example_dags/example_branch_day_of_week_operator.py
[2025-01-01T18:33:10.053+0000] {processor.py:914} INFO - Processing file /home/airflow/.local/lib/python3.10/site-packages/airflow/example_dags/example_branch_day_of_week_operator.py for tasks to queue
[2025-01-01T18:33:10.055+0000] {logging_mixin.py:190} INFO - [2025-01-01T18:33:10.054+0000] {dagbag.py:588} INFO - Filling up the DagBag from /home/airflow/.local/lib/python3.10/site-packages/airflow/example_dags/example_branch_day_of_week_operator.py
[2025-01-01T18:33:10.064+0000] {processor.py:925} INFO - DAG(s) 'example_weekday_branch_operator' retrieved from /home/airflow/.local/lib/python3.10/site-packages/airflow/example_dags/example_branch_day_of_week_operator.py
[2025-01-01T18:33:10.083+0000] {logging_mixin.py:190} INFO - [2025-01-01T18:33:10.083+0000] {dag.py:3239} INFO - Sync 1 DAGs
[2025-01-01T18:33:10.105+0000] {logging_mixin.py:190} INFO - [2025-01-01T18:33:10.104+0000] {dag.py:4180} INFO - Setting next_dagrun for example_weekday_branch_operator to 2024-12-31 00:00:00+00:00, run_after=2025-01-01 00:00:00+00:00
[2025-01-01T18:33:10.122+0000] {processor.py:208} INFO - Processing /home/airflow/.local/lib/python3.10/site-packages/airflow/example_dags/example_branch_day_of_week_operator.py took 0.076 seconds
[2025-01-01T18:33:41.541+0000] {processor.py:186} INFO - Started process (PID=58054) to work on /home/airflow/.local/lib/python3.10/site-packages/airflow/example_dags/example_branch_day_of_week_operator.py
[2025-01-01T18:33:41.542+0000] {processor.py:914} INFO - Processing file /home/airflow/.local/lib/python3.10/site-packages/airflow/example_dags/example_branch_day_of_week_operator.py for tasks to queue
[2025-01-01T18:33:41.543+0000] {logging_mixin.py:190} INFO - [2025-01-01T18:33:41.543+0000] {dagbag.py:588} INFO - Filling up the DagBag from /home/airflow/.local/lib/python3.10/site-packages/airflow/example_dags/example_branch_day_of_week_operator.py
[2025-01-01T18:33:41.552+0000] {processor.py:925} INFO - DAG(s) 'example_weekday_branch_operator' retrieved from /home/airflow/.local/lib/python3.10/site-packages/airflow/example_dags/example_branch_day_of_week_operator.py
[2025-01-01T18:33:41.573+0000] {logging_mixin.py:190} INFO - [2025-01-01T18:33:41.573+0000] {dag.py:3239} INFO - Sync 1 DAGs
[2025-01-01T18:33:41.594+0000] {logging_mixin.py:190} INFO - [2025-01-01T18:33:41.594+0000] {dag.py:4180} INFO - Setting next_dagrun for example_weekday_branch_operator to 2024-12-31 00:00:00+00:00, run_after=2025-01-01 00:00:00+00:00
[2025-01-01T18:33:41.609+0000] {processor.py:208} INFO - Processing /home/airflow/.local/lib/python3.10/site-packages/airflow/example_dags/example_branch_day_of_week_operator.py took 0.074 seconds
[2025-01-01T18:34:12.487+0000] {processor.py:186} INFO - Started process (PID=58121) to work on /home/airflow/.local/lib/python3.10/site-packages/airflow/example_dags/example_branch_day_of_week_operator.py
[2025-01-01T18:34:12.488+0000] {processor.py:914} INFO - Processing file /home/airflow/.local/lib/python3.10/site-packages/airflow/example_dags/example_branch_day_of_week_operator.py for tasks to queue
[2025-01-01T18:34:12.490+0000] {logging_mixin.py:190} INFO - [2025-01-01T18:34:12.490+0000] {dagbag.py:588} INFO - Filling up the DagBag from /home/airflow/.local/lib/python3.10/site-packages/airflow/example_dags/example_branch_day_of_week_operator.py
[2025-01-01T18:34:12.500+0000] {processor.py:925} INFO - DAG(s) 'example_weekday_branch_operator' retrieved from /home/airflow/.local/lib/python3.10/site-packages/airflow/example_dags/example_branch_day_of_week_operator.py
[2025-01-01T18:34:12.520+0000] {logging_mixin.py:190} INFO - [2025-01-01T18:34:12.520+0000] {dag.py:3239} INFO - Sync 1 DAGs
[2025-01-01T18:34:12.544+0000] {logging_mixin.py:190} INFO - [2025-01-01T18:34:12.544+0000] {dag.py:4180} INFO - Setting next_dagrun for example_weekday_branch_operator to 2024-12-31 00:00:00+00:00, run_after=2025-01-01 00:00:00+00:00
[2025-01-01T18:34:12.560+0000] {processor.py:208} INFO - Processing /home/airflow/.local/lib/python3.10/site-packages/airflow/example_dags/example_branch_day_of_week_operator.py took 0.079 seconds
[2025-01-01T18:34:43.349+0000] {processor.py:186} INFO - Started process (PID=58189) to work on /home/airflow/.local/lib/python3.10/site-packages/airflow/example_dags/example_branch_day_of_week_operator.py
[2025-01-01T18:34:43.351+0000] {processor.py:914} INFO - Processing file /home/airflow/.local/lib/python3.10/site-packages/airflow/example_dags/example_branch_day_of_week_operator.py for tasks to queue
[2025-01-01T18:34:43.352+0000] {logging_mixin.py:190} INFO - [2025-01-01T18:34:43.352+0000] {dagbag.py:588} INFO - Filling up the DagBag from /home/airflow/.local/lib/python3.10/site-packages/airflow/example_dags/example_branch_day_of_week_operator.py
[2025-01-01T18:34:43.363+0000] {processor.py:925} INFO - DAG(s) 'example_weekday_branch_operator' retrieved from /home/airflow/.local/lib/python3.10/site-packages/airflow/example_dags/example_branch_day_of_week_operator.py
[2025-01-01T18:34:43.382+0000] {logging_mixin.py:190} INFO - [2025-01-01T18:34:43.382+0000] {dag.py:3239} INFO - Sync 1 DAGs
[2025-01-01T18:34:43.409+0000] {logging_mixin.py:190} INFO - [2025-01-01T18:34:43.408+0000] {dag.py:4180} INFO - Setting next_dagrun for example_weekday_branch_operator to 2024-12-31 00:00:00+00:00, run_after=2025-01-01 00:00:00+00:00
[2025-01-01T18:34:43.427+0000] {processor.py:208} INFO - Processing /home/airflow/.local/lib/python3.10/site-packages/airflow/example_dags/example_branch_day_of_week_operator.py took 0.084 seconds
[2025-01-01T18:35:13.908+0000] {processor.py:186} INFO - Started process (PID=58257) to work on /home/airflow/.local/lib/python3.10/site-packages/airflow/example_dags/example_branch_day_of_week_operator.py
[2025-01-01T18:35:13.910+0000] {processor.py:914} INFO - Processing file /home/airflow/.local/lib/python3.10/site-packages/airflow/example_dags/example_branch_day_of_week_operator.py for tasks to queue
[2025-01-01T18:35:13.911+0000] {logging_mixin.py:190} INFO - [2025-01-01T18:35:13.911+0000] {dagbag.py:588} INFO - Filling up the DagBag from /home/airflow/.local/lib/python3.10/site-packages/airflow/example_dags/example_branch_day_of_week_operator.py
[2025-01-01T18:35:13.921+0000] {processor.py:925} INFO - DAG(s) 'example_weekday_branch_operator' retrieved from /home/airflow/.local/lib/python3.10/site-packages/airflow/example_dags/example_branch_day_of_week_operator.py
[2025-01-01T18:35:13.941+0000] {logging_mixin.py:190} INFO - [2025-01-01T18:35:13.941+0000] {dag.py:3239} INFO - Sync 1 DAGs
[2025-01-01T18:35:13.964+0000] {logging_mixin.py:190} INFO - [2025-01-01T18:35:13.963+0000] {dag.py:4180} INFO - Setting next_dagrun for example_weekday_branch_operator to 2024-12-31 00:00:00+00:00, run_after=2025-01-01 00:00:00+00:00
[2025-01-01T18:35:13.979+0000] {processor.py:208} INFO - Processing /home/airflow/.local/lib/python3.10/site-packages/airflow/example_dags/example_branch_day_of_week_operator.py took 0.077 seconds
[2025-01-01T18:35:44.888+0000] {processor.py:186} INFO - Started process (PID=58326) to work on /home/airflow/.local/lib/python3.10/site-packages/airflow/example_dags/example_branch_day_of_week_operator.py
[2025-01-01T18:35:44.890+0000] {processor.py:914} INFO - Processing file /home/airflow/.local/lib/python3.10/site-packages/airflow/example_dags/example_branch_day_of_week_operator.py for tasks to queue
[2025-01-01T18:35:44.891+0000] {logging_mixin.py:190} INFO - [2025-01-01T18:35:44.891+0000] {dagbag.py:588} INFO - Filling up the DagBag from /home/airflow/.local/lib/python3.10/site-packages/airflow/example_dags/example_branch_day_of_week_operator.py
[2025-01-01T18:35:44.901+0000] {processor.py:925} INFO - DAG(s) 'example_weekday_branch_operator' retrieved from /home/airflow/.local/lib/python3.10/site-packages/airflow/example_dags/example_branch_day_of_week_operator.py
[2025-01-01T18:35:44.922+0000] {logging_mixin.py:190} INFO - [2025-01-01T18:35:44.921+0000] {dag.py:3239} INFO - Sync 1 DAGs
[2025-01-01T18:35:44.945+0000] {logging_mixin.py:190} INFO - [2025-01-01T18:35:44.945+0000] {dag.py:4180} INFO - Setting next_dagrun for example_weekday_branch_operator to 2024-12-31 00:00:00+00:00, run_after=2025-01-01 00:00:00+00:00
[2025-01-01T18:35:44.963+0000] {processor.py:208} INFO - Processing /home/airflow/.local/lib/python3.10/site-packages/airflow/example_dags/example_branch_day_of_week_operator.py took 0.080 seconds
[2025-01-01T18:36:15.433+0000] {processor.py:186} INFO - Started process (PID=58394) to work on /home/airflow/.local/lib/python3.10/site-packages/airflow/example_dags/example_branch_day_of_week_operator.py
[2025-01-01T18:36:15.434+0000] {processor.py:914} INFO - Processing file /home/airflow/.local/lib/python3.10/site-packages/airflow/example_dags/example_branch_day_of_week_operator.py for tasks to queue
[2025-01-01T18:36:15.436+0000] {logging_mixin.py:190} INFO - [2025-01-01T18:36:15.436+0000] {dagbag.py:588} INFO - Filling up the DagBag from /home/airflow/.local/lib/python3.10/site-packages/airflow/example_dags/example_branch_day_of_week_operator.py
[2025-01-01T18:36:15.445+0000] {processor.py:925} INFO - DAG(s) 'example_weekday_branch_operator' retrieved from /home/airflow/.local/lib/python3.10/site-packages/airflow/example_dags/example_branch_day_of_week_operator.py
[2025-01-01T18:36:15.466+0000] {logging_mixin.py:190} INFO - [2025-01-01T18:36:15.466+0000] {dag.py:3239} INFO - Sync 1 DAGs
[2025-01-01T18:36:15.505+0000] {logging_mixin.py:190} INFO - [2025-01-01T18:36:15.505+0000] {dag.py:4180} INFO - Setting next_dagrun for example_weekday_branch_operator to 2024-12-31 00:00:00+00:00, run_after=2025-01-01 00:00:00+00:00
[2025-01-01T18:36:15.527+0000] {processor.py:208} INFO - Processing /home/airflow/.local/lib/python3.10/site-packages/airflow/example_dags/example_branch_day_of_week_operator.py took 0.100 seconds
[2025-01-01T18:36:46.100+0000] {processor.py:186} INFO - Started process (PID=58467) to work on /home/airflow/.local/lib/python3.10/site-packages/airflow/example_dags/example_branch_day_of_week_operator.py
[2025-01-01T18:36:46.101+0000] {processor.py:914} INFO - Processing file /home/airflow/.local/lib/python3.10/site-packages/airflow/example_dags/example_branch_day_of_week_operator.py for tasks to queue
[2025-01-01T18:36:46.103+0000] {logging_mixin.py:190} INFO - [2025-01-01T18:36:46.102+0000] {dagbag.py:588} INFO - Filling up the DagBag from /home/airflow/.local/lib/python3.10/site-packages/airflow/example_dags/example_branch_day_of_week_operator.py
[2025-01-01T18:36:46.112+0000] {processor.py:925} INFO - DAG(s) 'example_weekday_branch_operator' retrieved from /home/airflow/.local/lib/python3.10/site-packages/airflow/example_dags/example_branch_day_of_week_operator.py
[2025-01-01T18:36:46.131+0000] {logging_mixin.py:190} INFO - [2025-01-01T18:36:46.131+0000] {dag.py:3239} INFO - Sync 1 DAGs
[2025-01-01T18:36:46.152+0000] {logging_mixin.py:190} INFO - [2025-01-01T18:36:46.152+0000] {dag.py:4180} INFO - Setting next_dagrun for example_weekday_branch_operator to 2024-12-31 00:00:00+00:00, run_after=2025-01-01 00:00:00+00:00
[2025-01-01T18:36:46.169+0000] {processor.py:208} INFO - Processing /home/airflow/.local/lib/python3.10/site-packages/airflow/example_dags/example_branch_day_of_week_operator.py took 0.074 seconds
[2025-01-01T18:37:17.260+0000] {processor.py:186} INFO - Started process (PID=58536) to work on /home/airflow/.local/lib/python3.10/site-packages/airflow/example_dags/example_branch_day_of_week_operator.py
[2025-01-01T18:37:17.261+0000] {processor.py:914} INFO - Processing file /home/airflow/.local/lib/python3.10/site-packages/airflow/example_dags/example_branch_day_of_week_operator.py for tasks to queue
[2025-01-01T18:37:17.263+0000] {logging_mixin.py:190} INFO - [2025-01-01T18:37:17.263+0000] {dagbag.py:588} INFO - Filling up the DagBag from /home/airflow/.local/lib/python3.10/site-packages/airflow/example_dags/example_branch_day_of_week_operator.py
[2025-01-01T18:37:17.272+0000] {processor.py:925} INFO - DAG(s) 'example_weekday_branch_operator' retrieved from /home/airflow/.local/lib/python3.10/site-packages/airflow/example_dags/example_branch_day_of_week_operator.py
[2025-01-01T18:37:17.295+0000] {logging_mixin.py:190} INFO - [2025-01-01T18:37:17.295+0000] {dag.py:3239} INFO - Sync 1 DAGs
[2025-01-01T18:37:17.316+0000] {logging_mixin.py:190} INFO - [2025-01-01T18:37:17.315+0000] {dag.py:4180} INFO - Setting next_dagrun for example_weekday_branch_operator to 2024-12-31 00:00:00+00:00, run_after=2025-01-01 00:00:00+00:00
[2025-01-01T18:37:17.330+0000] {processor.py:208} INFO - Processing /home/airflow/.local/lib/python3.10/site-packages/airflow/example_dags/example_branch_day_of_week_operator.py took 0.076 seconds
[2025-01-01T18:37:47.742+0000] {processor.py:186} INFO - Started process (PID=58604) to work on /home/airflow/.local/lib/python3.10/site-packages/airflow/example_dags/example_branch_day_of_week_operator.py
[2025-01-01T18:37:47.743+0000] {processor.py:914} INFO - Processing file /home/airflow/.local/lib/python3.10/site-packages/airflow/example_dags/example_branch_day_of_week_operator.py for tasks to queue
[2025-01-01T18:37:47.744+0000] {logging_mixin.py:190} INFO - [2025-01-01T18:37:47.744+0000] {dagbag.py:588} INFO - Filling up the DagBag from /home/airflow/.local/lib/python3.10/site-packages/airflow/example_dags/example_branch_day_of_week_operator.py
[2025-01-01T18:37:47.753+0000] {processor.py:925} INFO - DAG(s) 'example_weekday_branch_operator' retrieved from /home/airflow/.local/lib/python3.10/site-packages/airflow/example_dags/example_branch_day_of_week_operator.py
[2025-01-01T18:37:47.771+0000] {logging_mixin.py:190} INFO - [2025-01-01T18:37:47.771+0000] {dag.py:3239} INFO - Sync 1 DAGs
[2025-01-01T18:37:47.792+0000] {logging_mixin.py:190} INFO - [2025-01-01T18:37:47.791+0000] {dag.py:4180} INFO - Setting next_dagrun for example_weekday_branch_operator to 2024-12-31 00:00:00+00:00, run_after=2025-01-01 00:00:00+00:00
[2025-01-01T18:37:47.810+0000] {processor.py:208} INFO - Processing /home/airflow/.local/lib/python3.10/site-packages/airflow/example_dags/example_branch_day_of_week_operator.py took 0.074 seconds
[2025-01-01T18:38:18.495+0000] {processor.py:186} INFO - Started process (PID=58672) to work on /home/airflow/.local/lib/python3.10/site-packages/airflow/example_dags/example_branch_day_of_week_operator.py
[2025-01-01T18:38:18.496+0000] {processor.py:914} INFO - Processing file /home/airflow/.local/lib/python3.10/site-packages/airflow/example_dags/example_branch_day_of_week_operator.py for tasks to queue
[2025-01-01T18:38:18.497+0000] {logging_mixin.py:190} INFO - [2025-01-01T18:38:18.497+0000] {dagbag.py:588} INFO - Filling up the DagBag from /home/airflow/.local/lib/python3.10/site-packages/airflow/example_dags/example_branch_day_of_week_operator.py
[2025-01-01T18:38:18.506+0000] {processor.py:925} INFO - DAG(s) 'example_weekday_branch_operator' retrieved from /home/airflow/.local/lib/python3.10/site-packages/airflow/example_dags/example_branch_day_of_week_operator.py
[2025-01-01T18:38:18.525+0000] {logging_mixin.py:190} INFO - [2025-01-01T18:38:18.525+0000] {dag.py:3239} INFO - Sync 1 DAGs
[2025-01-01T18:38:18.548+0000] {logging_mixin.py:190} INFO - [2025-01-01T18:38:18.548+0000] {dag.py:4180} INFO - Setting next_dagrun for example_weekday_branch_operator to 2024-12-31 00:00:00+00:00, run_after=2025-01-01 00:00:00+00:00
[2025-01-01T18:38:18.563+0000] {processor.py:208} INFO - Processing /home/airflow/.local/lib/python3.10/site-packages/airflow/example_dags/example_branch_day_of_week_operator.py took 0.074 seconds
[2025-01-01T18:38:50.229+0000] {processor.py:186} INFO - Started process (PID=58741) to work on /home/airflow/.local/lib/python3.10/site-packages/airflow/example_dags/example_branch_day_of_week_operator.py
[2025-01-01T18:38:50.230+0000] {processor.py:914} INFO - Processing file /home/airflow/.local/lib/python3.10/site-packages/airflow/example_dags/example_branch_day_of_week_operator.py for tasks to queue
[2025-01-01T18:38:50.232+0000] {logging_mixin.py:190} INFO - [2025-01-01T18:38:50.231+0000] {dagbag.py:588} INFO - Filling up the DagBag from /home/airflow/.local/lib/python3.10/site-packages/airflow/example_dags/example_branch_day_of_week_operator.py
[2025-01-01T18:38:50.241+0000] {processor.py:925} INFO - DAG(s) 'example_weekday_branch_operator' retrieved from /home/airflow/.local/lib/python3.10/site-packages/airflow/example_dags/example_branch_day_of_week_operator.py
[2025-01-01T18:38:50.265+0000] {logging_mixin.py:190} INFO - [2025-01-01T18:38:50.265+0000] {dag.py:3239} INFO - Sync 1 DAGs
[2025-01-01T18:38:50.288+0000] {logging_mixin.py:190} INFO - [2025-01-01T18:38:50.288+0000] {dag.py:4180} INFO - Setting next_dagrun for example_weekday_branch_operator to 2024-12-31 00:00:00+00:00, run_after=2025-01-01 00:00:00+00:00
[2025-01-01T18:38:50.306+0000] {processor.py:208} INFO - Processing /home/airflow/.local/lib/python3.10/site-packages/airflow/example_dags/example_branch_day_of_week_operator.py took 0.085 seconds
[2025-01-01T18:39:21.041+0000] {processor.py:186} INFO - Started process (PID=58808) to work on /home/airflow/.local/lib/python3.10/site-packages/airflow/example_dags/example_branch_day_of_week_operator.py
[2025-01-01T18:39:21.042+0000] {processor.py:914} INFO - Processing file /home/airflow/.local/lib/python3.10/site-packages/airflow/example_dags/example_branch_day_of_week_operator.py for tasks to queue
[2025-01-01T18:39:21.043+0000] {logging_mixin.py:190} INFO - [2025-01-01T18:39:21.043+0000] {dagbag.py:588} INFO - Filling up the DagBag from /home/airflow/.local/lib/python3.10/site-packages/airflow/example_dags/example_branch_day_of_week_operator.py
[2025-01-01T18:39:21.056+0000] {processor.py:925} INFO - DAG(s) 'example_weekday_branch_operator' retrieved from /home/airflow/.local/lib/python3.10/site-packages/airflow/example_dags/example_branch_day_of_week_operator.py
[2025-01-01T18:39:21.076+0000] {logging_mixin.py:190} INFO - [2025-01-01T18:39:21.076+0000] {dag.py:3239} INFO - Sync 1 DAGs
[2025-01-01T18:39:21.097+0000] {logging_mixin.py:190} INFO - [2025-01-01T18:39:21.097+0000] {dag.py:4180} INFO - Setting next_dagrun for example_weekday_branch_operator to 2024-12-31 00:00:00+00:00, run_after=2025-01-01 00:00:00+00:00
[2025-01-01T18:39:21.114+0000] {processor.py:208} INFO - Processing /home/airflow/.local/lib/python3.10/site-packages/airflow/example_dags/example_branch_day_of_week_operator.py took 0.079 seconds
[2025-01-01T18:39:51.710+0000] {processor.py:186} INFO - Started process (PID=58876) to work on /home/airflow/.local/lib/python3.10/site-packages/airflow/example_dags/example_branch_day_of_week_operator.py
[2025-01-01T18:39:51.711+0000] {processor.py:914} INFO - Processing file /home/airflow/.local/lib/python3.10/site-packages/airflow/example_dags/example_branch_day_of_week_operator.py for tasks to queue
[2025-01-01T18:39:51.712+0000] {logging_mixin.py:190} INFO - [2025-01-01T18:39:51.712+0000] {dagbag.py:588} INFO - Filling up the DagBag from /home/airflow/.local/lib/python3.10/site-packages/airflow/example_dags/example_branch_day_of_week_operator.py
[2025-01-01T18:39:51.722+0000] {processor.py:925} INFO - DAG(s) 'example_weekday_branch_operator' retrieved from /home/airflow/.local/lib/python3.10/site-packages/airflow/example_dags/example_branch_day_of_week_operator.py
[2025-01-01T18:39:51.742+0000] {logging_mixin.py:190} INFO - [2025-01-01T18:39:51.742+0000] {dag.py:3239} INFO - Sync 1 DAGs
[2025-01-01T18:39:51.764+0000] {logging_mixin.py:190} INFO - [2025-01-01T18:39:51.764+0000] {dag.py:4180} INFO - Setting next_dagrun for example_weekday_branch_operator to 2024-12-31 00:00:00+00:00, run_after=2025-01-01 00:00:00+00:00
[2025-01-01T18:39:51.779+0000] {processor.py:208} INFO - Processing /home/airflow/.local/lib/python3.10/site-packages/airflow/example_dags/example_branch_day_of_week_operator.py took 0.075 seconds
[2025-01-01T18:40:22.358+0000] {processor.py:186} INFO - Started process (PID=58944) to work on /home/airflow/.local/lib/python3.10/site-packages/airflow/example_dags/example_branch_day_of_week_operator.py
[2025-01-01T18:40:22.359+0000] {processor.py:914} INFO - Processing file /home/airflow/.local/lib/python3.10/site-packages/airflow/example_dags/example_branch_day_of_week_operator.py for tasks to queue
[2025-01-01T18:40:22.361+0000] {logging_mixin.py:190} INFO - [2025-01-01T18:40:22.360+0000] {dagbag.py:588} INFO - Filling up the DagBag from /home/airflow/.local/lib/python3.10/site-packages/airflow/example_dags/example_branch_day_of_week_operator.py
[2025-01-01T18:40:22.371+0000] {processor.py:925} INFO - DAG(s) 'example_weekday_branch_operator' retrieved from /home/airflow/.local/lib/python3.10/site-packages/airflow/example_dags/example_branch_day_of_week_operator.py
[2025-01-01T18:40:22.390+0000] {logging_mixin.py:190} INFO - [2025-01-01T18:40:22.390+0000] {dag.py:3239} INFO - Sync 1 DAGs
[2025-01-01T18:40:22.410+0000] {logging_mixin.py:190} INFO - [2025-01-01T18:40:22.410+0000] {dag.py:4180} INFO - Setting next_dagrun for example_weekday_branch_operator to 2024-12-31 00:00:00+00:00, run_after=2025-01-01 00:00:00+00:00
[2025-01-01T18:40:22.427+0000] {processor.py:208} INFO - Processing /home/airflow/.local/lib/python3.10/site-packages/airflow/example_dags/example_branch_day_of_week_operator.py took 0.075 seconds
[2025-01-01T18:40:53.550+0000] {processor.py:186} INFO - Started process (PID=59013) to work on /home/airflow/.local/lib/python3.10/site-packages/airflow/example_dags/example_branch_day_of_week_operator.py
[2025-01-01T18:40:53.551+0000] {processor.py:914} INFO - Processing file /home/airflow/.local/lib/python3.10/site-packages/airflow/example_dags/example_branch_day_of_week_operator.py for tasks to queue
[2025-01-01T18:40:53.553+0000] {logging_mixin.py:190} INFO - [2025-01-01T18:40:53.553+0000] {dagbag.py:588} INFO - Filling up the DagBag from /home/airflow/.local/lib/python3.10/site-packages/airflow/example_dags/example_branch_day_of_week_operator.py
[2025-01-01T18:40:53.564+0000] {processor.py:925} INFO - DAG(s) 'example_weekday_branch_operator' retrieved from /home/airflow/.local/lib/python3.10/site-packages/airflow/example_dags/example_branch_day_of_week_operator.py
[2025-01-01T18:40:53.585+0000] {logging_mixin.py:190} INFO - [2025-01-01T18:40:53.585+0000] {dag.py:3239} INFO - Sync 1 DAGs
[2025-01-01T18:40:53.608+0000] {logging_mixin.py:190} INFO - [2025-01-01T18:40:53.608+0000] {dag.py:4180} INFO - Setting next_dagrun for example_weekday_branch_operator to 2024-12-31 00:00:00+00:00, run_after=2025-01-01 00:00:00+00:00
[2025-01-01T18:40:53.627+0000] {processor.py:208} INFO - Processing /home/airflow/.local/lib/python3.10/site-packages/airflow/example_dags/example_branch_day_of_week_operator.py took 0.082 seconds
[2025-01-01T18:41:24.582+0000] {processor.py:186} INFO - Started process (PID=59081) to work on /home/airflow/.local/lib/python3.10/site-packages/airflow/example_dags/example_branch_day_of_week_operator.py
[2025-01-01T18:41:24.583+0000] {processor.py:914} INFO - Processing file /home/airflow/.local/lib/python3.10/site-packages/airflow/example_dags/example_branch_day_of_week_operator.py for tasks to queue
[2025-01-01T18:41:24.584+0000] {logging_mixin.py:190} INFO - [2025-01-01T18:41:24.584+0000] {dagbag.py:588} INFO - Filling up the DagBag from /home/airflow/.local/lib/python3.10/site-packages/airflow/example_dags/example_branch_day_of_week_operator.py
[2025-01-01T18:41:24.593+0000] {processor.py:925} INFO - DAG(s) 'example_weekday_branch_operator' retrieved from /home/airflow/.local/lib/python3.10/site-packages/airflow/example_dags/example_branch_day_of_week_operator.py
[2025-01-01T18:41:24.614+0000] {logging_mixin.py:190} INFO - [2025-01-01T18:41:24.613+0000] {dag.py:3239} INFO - Sync 1 DAGs
[2025-01-01T18:41:24.637+0000] {logging_mixin.py:190} INFO - [2025-01-01T18:41:24.637+0000] {dag.py:4180} INFO - Setting next_dagrun for example_weekday_branch_operator to 2024-12-31 00:00:00+00:00, run_after=2025-01-01 00:00:00+00:00
[2025-01-01T18:41:24.654+0000] {processor.py:208} INFO - Processing /home/airflow/.local/lib/python3.10/site-packages/airflow/example_dags/example_branch_day_of_week_operator.py took 0.079 seconds
[2025-01-01T18:41:54.867+0000] {processor.py:186} INFO - Started process (PID=59149) to work on /home/airflow/.local/lib/python3.10/site-packages/airflow/example_dags/example_branch_day_of_week_operator.py
[2025-01-01T18:41:54.869+0000] {processor.py:914} INFO - Processing file /home/airflow/.local/lib/python3.10/site-packages/airflow/example_dags/example_branch_day_of_week_operator.py for tasks to queue
[2025-01-01T18:41:54.870+0000] {logging_mixin.py:190} INFO - [2025-01-01T18:41:54.870+0000] {dagbag.py:588} INFO - Filling up the DagBag from /home/airflow/.local/lib/python3.10/site-packages/airflow/example_dags/example_branch_day_of_week_operator.py
[2025-01-01T18:41:54.880+0000] {processor.py:925} INFO - DAG(s) 'example_weekday_branch_operator' retrieved from /home/airflow/.local/lib/python3.10/site-packages/airflow/example_dags/example_branch_day_of_week_operator.py
[2025-01-01T18:41:54.900+0000] {logging_mixin.py:190} INFO - [2025-01-01T18:41:54.900+0000] {dag.py:3239} INFO - Sync 1 DAGs
[2025-01-01T18:41:54.923+0000] {logging_mixin.py:190} INFO - [2025-01-01T18:41:54.923+0000] {dag.py:4180} INFO - Setting next_dagrun for example_weekday_branch_operator to 2024-12-31 00:00:00+00:00, run_after=2025-01-01 00:00:00+00:00
[2025-01-01T18:41:54.941+0000] {processor.py:208} INFO - Processing /home/airflow/.local/lib/python3.10/site-packages/airflow/example_dags/example_branch_day_of_week_operator.py took 0.080 seconds
[2025-01-01T18:42:25.561+0000] {processor.py:186} INFO - Started process (PID=59216) to work on /home/airflow/.local/lib/python3.10/site-packages/airflow/example_dags/example_branch_day_of_week_operator.py
[2025-01-01T18:42:25.562+0000] {processor.py:914} INFO - Processing file /home/airflow/.local/lib/python3.10/site-packages/airflow/example_dags/example_branch_day_of_week_operator.py for tasks to queue
[2025-01-01T18:42:25.564+0000] {logging_mixin.py:190} INFO - [2025-01-01T18:42:25.563+0000] {dagbag.py:588} INFO - Filling up the DagBag from /home/airflow/.local/lib/python3.10/site-packages/airflow/example_dags/example_branch_day_of_week_operator.py
[2025-01-01T18:42:25.575+0000] {processor.py:925} INFO - DAG(s) 'example_weekday_branch_operator' retrieved from /home/airflow/.local/lib/python3.10/site-packages/airflow/example_dags/example_branch_day_of_week_operator.py
[2025-01-01T18:42:25.595+0000] {logging_mixin.py:190} INFO - [2025-01-01T18:42:25.595+0000] {dag.py:3239} INFO - Sync 1 DAGs
[2025-01-01T18:42:25.618+0000] {logging_mixin.py:190} INFO - [2025-01-01T18:42:25.617+0000] {dag.py:4180} INFO - Setting next_dagrun for example_weekday_branch_operator to 2024-12-31 00:00:00+00:00, run_after=2025-01-01 00:00:00+00:00
[2025-01-01T18:42:25.635+0000] {processor.py:208} INFO - Processing /home/airflow/.local/lib/python3.10/site-packages/airflow/example_dags/example_branch_day_of_week_operator.py took 0.080 seconds
[2025-01-01T18:42:56.096+0000] {processor.py:186} INFO - Started process (PID=59284) to work on /home/airflow/.local/lib/python3.10/site-packages/airflow/example_dags/example_branch_day_of_week_operator.py
[2025-01-01T18:42:56.097+0000] {processor.py:914} INFO - Processing file /home/airflow/.local/lib/python3.10/site-packages/airflow/example_dags/example_branch_day_of_week_operator.py for tasks to queue
[2025-01-01T18:42:56.098+0000] {logging_mixin.py:190} INFO - [2025-01-01T18:42:56.098+0000] {dagbag.py:588} INFO - Filling up the DagBag from /home/airflow/.local/lib/python3.10/site-packages/airflow/example_dags/example_branch_day_of_week_operator.py
[2025-01-01T18:42:56.108+0000] {processor.py:925} INFO - DAG(s) 'example_weekday_branch_operator' retrieved from /home/airflow/.local/lib/python3.10/site-packages/airflow/example_dags/example_branch_day_of_week_operator.py
[2025-01-01T18:42:56.128+0000] {logging_mixin.py:190} INFO - [2025-01-01T18:42:56.127+0000] {dag.py:3239} INFO - Sync 1 DAGs
[2025-01-01T18:42:56.149+0000] {logging_mixin.py:190} INFO - [2025-01-01T18:42:56.149+0000] {dag.py:4180} INFO - Setting next_dagrun for example_weekday_branch_operator to 2024-12-31 00:00:00+00:00, run_after=2025-01-01 00:00:00+00:00
[2025-01-01T18:42:56.167+0000] {processor.py:208} INFO - Processing /home/airflow/.local/lib/python3.10/site-packages/airflow/example_dags/example_branch_day_of_week_operator.py took 0.078 seconds
[2025-01-01T18:43:27.301+0000] {processor.py:186} INFO - Started process (PID=59352) to work on /home/airflow/.local/lib/python3.10/site-packages/airflow/example_dags/example_branch_day_of_week_operator.py
[2025-01-01T18:43:27.302+0000] {processor.py:914} INFO - Processing file /home/airflow/.local/lib/python3.10/site-packages/airflow/example_dags/example_branch_day_of_week_operator.py for tasks to queue
[2025-01-01T18:43:27.304+0000] {logging_mixin.py:190} INFO - [2025-01-01T18:43:27.303+0000] {dagbag.py:588} INFO - Filling up the DagBag from /home/airflow/.local/lib/python3.10/site-packages/airflow/example_dags/example_branch_day_of_week_operator.py
[2025-01-01T18:43:27.314+0000] {processor.py:925} INFO - DAG(s) 'example_weekday_branch_operator' retrieved from /home/airflow/.local/lib/python3.10/site-packages/airflow/example_dags/example_branch_day_of_week_operator.py
[2025-01-01T18:43:27.335+0000] {logging_mixin.py:190} INFO - [2025-01-01T18:43:27.335+0000] {dag.py:3239} INFO - Sync 1 DAGs
[2025-01-01T18:43:27.356+0000] {logging_mixin.py:190} INFO - [2025-01-01T18:43:27.356+0000] {dag.py:4180} INFO - Setting next_dagrun for example_weekday_branch_operator to 2024-12-31 00:00:00+00:00, run_after=2025-01-01 00:00:00+00:00
[2025-01-01T18:43:27.374+0000] {processor.py:208} INFO - Processing /home/airflow/.local/lib/python3.10/site-packages/airflow/example_dags/example_branch_day_of_week_operator.py took 0.079 seconds
[2025-01-01T18:43:58.244+0000] {processor.py:186} INFO - Started process (PID=59421) to work on /home/airflow/.local/lib/python3.10/site-packages/airflow/example_dags/example_branch_day_of_week_operator.py
[2025-01-01T18:43:58.245+0000] {processor.py:914} INFO - Processing file /home/airflow/.local/lib/python3.10/site-packages/airflow/example_dags/example_branch_day_of_week_operator.py for tasks to queue
[2025-01-01T18:43:58.246+0000] {logging_mixin.py:190} INFO - [2025-01-01T18:43:58.246+0000] {dagbag.py:588} INFO - Filling up the DagBag from /home/airflow/.local/lib/python3.10/site-packages/airflow/example_dags/example_branch_day_of_week_operator.py
[2025-01-01T18:43:58.255+0000] {processor.py:925} INFO - DAG(s) 'example_weekday_branch_operator' retrieved from /home/airflow/.local/lib/python3.10/site-packages/airflow/example_dags/example_branch_day_of_week_operator.py
[2025-01-01T18:43:58.275+0000] {logging_mixin.py:190} INFO - [2025-01-01T18:43:58.275+0000] {dag.py:3239} INFO - Sync 1 DAGs
[2025-01-01T18:43:58.299+0000] {logging_mixin.py:190} INFO - [2025-01-01T18:43:58.299+0000] {dag.py:4180} INFO - Setting next_dagrun for example_weekday_branch_operator to 2024-12-31 00:00:00+00:00, run_after=2025-01-01 00:00:00+00:00
[2025-01-01T18:43:58.316+0000] {processor.py:208} INFO - Processing /home/airflow/.local/lib/python3.10/site-packages/airflow/example_dags/example_branch_day_of_week_operator.py took 0.078 seconds
[2025-01-01T18:44:28.728+0000] {processor.py:186} INFO - Started process (PID=59488) to work on /home/airflow/.local/lib/python3.10/site-packages/airflow/example_dags/example_branch_day_of_week_operator.py
[2025-01-01T18:44:28.729+0000] {processor.py:914} INFO - Processing file /home/airflow/.local/lib/python3.10/site-packages/airflow/example_dags/example_branch_day_of_week_operator.py for tasks to queue
[2025-01-01T18:44:28.730+0000] {logging_mixin.py:190} INFO - [2025-01-01T18:44:28.730+0000] {dagbag.py:588} INFO - Filling up the DagBag from /home/airflow/.local/lib/python3.10/site-packages/airflow/example_dags/example_branch_day_of_week_operator.py
[2025-01-01T18:44:28.741+0000] {processor.py:925} INFO - DAG(s) 'example_weekday_branch_operator' retrieved from /home/airflow/.local/lib/python3.10/site-packages/airflow/example_dags/example_branch_day_of_week_operator.py
[2025-01-01T18:44:28.764+0000] {logging_mixin.py:190} INFO - [2025-01-01T18:44:28.763+0000] {dag.py:3239} INFO - Sync 1 DAGs
[2025-01-01T18:44:28.786+0000] {logging_mixin.py:190} INFO - [2025-01-01T18:44:28.786+0000] {dag.py:4180} INFO - Setting next_dagrun for example_weekday_branch_operator to 2024-12-31 00:00:00+00:00, run_after=2025-01-01 00:00:00+00:00
[2025-01-01T18:44:28.803+0000] {processor.py:208} INFO - Processing /home/airflow/.local/lib/python3.10/site-packages/airflow/example_dags/example_branch_day_of_week_operator.py took 0.082 seconds
[2025-01-01T18:44:59.153+0000] {processor.py:186} INFO - Started process (PID=59556) to work on /home/airflow/.local/lib/python3.10/site-packages/airflow/example_dags/example_branch_day_of_week_operator.py
[2025-01-01T18:44:59.154+0000] {processor.py:914} INFO - Processing file /home/airflow/.local/lib/python3.10/site-packages/airflow/example_dags/example_branch_day_of_week_operator.py for tasks to queue
[2025-01-01T18:44:59.155+0000] {logging_mixin.py:190} INFO - [2025-01-01T18:44:59.155+0000] {dagbag.py:588} INFO - Filling up the DagBag from /home/airflow/.local/lib/python3.10/site-packages/airflow/example_dags/example_branch_day_of_week_operator.py
[2025-01-01T18:44:59.166+0000] {processor.py:925} INFO - DAG(s) 'example_weekday_branch_operator' retrieved from /home/airflow/.local/lib/python3.10/site-packages/airflow/example_dags/example_branch_day_of_week_operator.py
[2025-01-01T18:44:59.186+0000] {logging_mixin.py:190} INFO - [2025-01-01T18:44:59.186+0000] {dag.py:3239} INFO - Sync 1 DAGs
[2025-01-01T18:44:59.207+0000] {logging_mixin.py:190} INFO - [2025-01-01T18:44:59.207+0000] {dag.py:4180} INFO - Setting next_dagrun for example_weekday_branch_operator to 2024-12-31 00:00:00+00:00, run_after=2025-01-01 00:00:00+00:00
[2025-01-01T18:44:59.225+0000] {processor.py:208} INFO - Processing /home/airflow/.local/lib/python3.10/site-packages/airflow/example_dags/example_branch_day_of_week_operator.py took 0.078 seconds
[2025-01-01T18:45:30.598+0000] {processor.py:186} INFO - Started process (PID=59624) to work on /home/airflow/.local/lib/python3.10/site-packages/airflow/example_dags/example_branch_day_of_week_operator.py
[2025-01-01T18:45:30.599+0000] {processor.py:914} INFO - Processing file /home/airflow/.local/lib/python3.10/site-packages/airflow/example_dags/example_branch_day_of_week_operator.py for tasks to queue
[2025-01-01T18:45:30.601+0000] {logging_mixin.py:190} INFO - [2025-01-01T18:45:30.600+0000] {dagbag.py:588} INFO - Filling up the DagBag from /home/airflow/.local/lib/python3.10/site-packages/airflow/example_dags/example_branch_day_of_week_operator.py
[2025-01-01T18:45:30.610+0000] {processor.py:925} INFO - DAG(s) 'example_weekday_branch_operator' retrieved from /home/airflow/.local/lib/python3.10/site-packages/airflow/example_dags/example_branch_day_of_week_operator.py
[2025-01-01T18:45:30.630+0000] {logging_mixin.py:190} INFO - [2025-01-01T18:45:30.630+0000] {dag.py:3239} INFO - Sync 1 DAGs
[2025-01-01T18:45:30.653+0000] {logging_mixin.py:190} INFO - [2025-01-01T18:45:30.652+0000] {dag.py:4180} INFO - Setting next_dagrun for example_weekday_branch_operator to 2024-12-31 00:00:00+00:00, run_after=2025-01-01 00:00:00+00:00
[2025-01-01T18:45:30.671+0000] {processor.py:208} INFO - Processing /home/airflow/.local/lib/python3.10/site-packages/airflow/example_dags/example_branch_day_of_week_operator.py took 0.078 seconds
[2025-01-01T18:46:01.053+0000] {processor.py:186} INFO - Started process (PID=59692) to work on /home/airflow/.local/lib/python3.10/site-packages/airflow/example_dags/example_branch_day_of_week_operator.py
[2025-01-01T18:46:01.055+0000] {processor.py:914} INFO - Processing file /home/airflow/.local/lib/python3.10/site-packages/airflow/example_dags/example_branch_day_of_week_operator.py for tasks to queue
[2025-01-01T18:46:01.057+0000] {logging_mixin.py:190} INFO - [2025-01-01T18:46:01.056+0000] {dagbag.py:588} INFO - Filling up the DagBag from /home/airflow/.local/lib/python3.10/site-packages/airflow/example_dags/example_branch_day_of_week_operator.py
[2025-01-01T18:46:01.069+0000] {processor.py:925} INFO - DAG(s) 'example_weekday_branch_operator' retrieved from /home/airflow/.local/lib/python3.10/site-packages/airflow/example_dags/example_branch_day_of_week_operator.py
[2025-01-01T18:46:01.101+0000] {logging_mixin.py:190} INFO - [2025-01-01T18:46:01.101+0000] {dag.py:3239} INFO - Sync 1 DAGs
[2025-01-01T18:46:01.132+0000] {logging_mixin.py:190} INFO - [2025-01-01T18:46:01.132+0000] {dag.py:4180} INFO - Setting next_dagrun for example_weekday_branch_operator to 2024-12-31 00:00:00+00:00, run_after=2025-01-01 00:00:00+00:00
[2025-01-01T18:46:01.151+0000] {processor.py:208} INFO - Processing /home/airflow/.local/lib/python3.10/site-packages/airflow/example_dags/example_branch_day_of_week_operator.py took 0.105 seconds
[2025-01-01T18:46:31.626+0000] {processor.py:186} INFO - Started process (PID=59760) to work on /home/airflow/.local/lib/python3.10/site-packages/airflow/example_dags/example_branch_day_of_week_operator.py
[2025-01-01T18:46:31.627+0000] {processor.py:914} INFO - Processing file /home/airflow/.local/lib/python3.10/site-packages/airflow/example_dags/example_branch_day_of_week_operator.py for tasks to queue
[2025-01-01T18:46:31.628+0000] {logging_mixin.py:190} INFO - [2025-01-01T18:46:31.628+0000] {dagbag.py:588} INFO - Filling up the DagBag from /home/airflow/.local/lib/python3.10/site-packages/airflow/example_dags/example_branch_day_of_week_operator.py
[2025-01-01T18:46:31.638+0000] {processor.py:925} INFO - DAG(s) 'example_weekday_branch_operator' retrieved from /home/airflow/.local/lib/python3.10/site-packages/airflow/example_dags/example_branch_day_of_week_operator.py
[2025-01-01T18:46:31.659+0000] {logging_mixin.py:190} INFO - [2025-01-01T18:46:31.659+0000] {dag.py:3239} INFO - Sync 1 DAGs
[2025-01-01T18:46:31.682+0000] {logging_mixin.py:190} INFO - [2025-01-01T18:46:31.681+0000] {dag.py:4180} INFO - Setting next_dagrun for example_weekday_branch_operator to 2024-12-31 00:00:00+00:00, run_after=2025-01-01 00:00:00+00:00
[2025-01-01T18:46:31.699+0000] {processor.py:208} INFO - Processing /home/airflow/.local/lib/python3.10/site-packages/airflow/example_dags/example_branch_day_of_week_operator.py took 0.079 seconds
[2025-01-01T18:47:02.354+0000] {processor.py:186} INFO - Started process (PID=59828) to work on /home/airflow/.local/lib/python3.10/site-packages/airflow/example_dags/example_branch_day_of_week_operator.py
[2025-01-01T18:47:02.356+0000] {processor.py:914} INFO - Processing file /home/airflow/.local/lib/python3.10/site-packages/airflow/example_dags/example_branch_day_of_week_operator.py for tasks to queue
[2025-01-01T18:47:02.357+0000] {logging_mixin.py:190} INFO - [2025-01-01T18:47:02.357+0000] {dagbag.py:588} INFO - Filling up the DagBag from /home/airflow/.local/lib/python3.10/site-packages/airflow/example_dags/example_branch_day_of_week_operator.py
[2025-01-01T18:47:02.366+0000] {processor.py:925} INFO - DAG(s) 'example_weekday_branch_operator' retrieved from /home/airflow/.local/lib/python3.10/site-packages/airflow/example_dags/example_branch_day_of_week_operator.py
[2025-01-01T18:47:02.387+0000] {logging_mixin.py:190} INFO - [2025-01-01T18:47:02.386+0000] {dag.py:3239} INFO - Sync 1 DAGs
[2025-01-01T18:47:02.411+0000] {logging_mixin.py:190} INFO - [2025-01-01T18:47:02.410+0000] {dag.py:4180} INFO - Setting next_dagrun for example_weekday_branch_operator to 2024-12-31 00:00:00+00:00, run_after=2025-01-01 00:00:00+00:00
[2025-01-01T18:47:02.426+0000] {processor.py:208} INFO - Processing /home/airflow/.local/lib/python3.10/site-packages/airflow/example_dags/example_branch_day_of_week_operator.py took 0.078 seconds
[2025-01-01T18:47:33.120+0000] {processor.py:186} INFO - Started process (PID=59895) to work on /home/airflow/.local/lib/python3.10/site-packages/airflow/example_dags/example_branch_day_of_week_operator.py
[2025-01-01T18:47:33.121+0000] {processor.py:914} INFO - Processing file /home/airflow/.local/lib/python3.10/site-packages/airflow/example_dags/example_branch_day_of_week_operator.py for tasks to queue
[2025-01-01T18:47:33.123+0000] {logging_mixin.py:190} INFO - [2025-01-01T18:47:33.122+0000] {dagbag.py:588} INFO - Filling up the DagBag from /home/airflow/.local/lib/python3.10/site-packages/airflow/example_dags/example_branch_day_of_week_operator.py
[2025-01-01T18:47:33.134+0000] {processor.py:925} INFO - DAG(s) 'example_weekday_branch_operator' retrieved from /home/airflow/.local/lib/python3.10/site-packages/airflow/example_dags/example_branch_day_of_week_operator.py
[2025-01-01T18:47:33.154+0000] {logging_mixin.py:190} INFO - [2025-01-01T18:47:33.154+0000] {dag.py:3239} INFO - Sync 1 DAGs
[2025-01-01T18:47:33.177+0000] {logging_mixin.py:190} INFO - [2025-01-01T18:47:33.176+0000] {dag.py:4180} INFO - Setting next_dagrun for example_weekday_branch_operator to 2024-12-31 00:00:00+00:00, run_after=2025-01-01 00:00:00+00:00
[2025-01-01T18:47:33.193+0000] {processor.py:208} INFO - Processing /home/airflow/.local/lib/python3.10/site-packages/airflow/example_dags/example_branch_day_of_week_operator.py took 0.080 seconds
