[2025-01-01T18:19:02.725+0000] {processor.py:186} INFO - Started process (PID=56116) to work on /home/airflow/.local/lib/python3.10/site-packages/airflow/example_dags/example_task_group.py
[2025-01-01T18:19:02.727+0000] {processor.py:914} INFO - Processing file /home/airflow/.local/lib/python3.10/site-packages/airflow/example_dags/example_task_group.py for tasks to queue
[2025-01-01T18:19:02.739+0000] {logging_mixin.py:190} INFO - [2025-01-01T18:19:02.738+0000] {dagbag.py:588} INFO - Filling up the DagBag from /home/airflow/.local/lib/python3.10/site-packages/airflow/example_dags/example_task_group.py
[2025-01-01T18:19:02.770+0000] {processor.py:925} INFO - DAG(s) 'example_task_group' retrieved from /home/airflow/.local/lib/python3.10/site-packages/airflow/example_dags/example_task_group.py
[2025-01-01T18:19:02.819+0000] {logging_mixin.py:190} INFO - [2025-01-01T18:19:02.819+0000] {dag.py:3239} INFO - Sync 1 DAGs
[2025-01-01T18:19:02.853+0000] {logging_mixin.py:190} INFO - [2025-01-01T18:19:02.852+0000] {dag.py:4180} INFO - Setting next_dagrun for example_task_group to None, run_after=None
[2025-01-01T18:19:02.903+0000] {processor.py:208} INFO - Processing /home/airflow/.local/lib/python3.10/site-packages/airflow/example_dags/example_task_group.py took 0.195 seconds
[2025-01-01T18:19:44.173+0000] {processor.py:186} INFO - Started process (PID=56193) to work on /home/airflow/.local/lib/python3.10/site-packages/airflow/example_dags/example_task_group.py
[2025-01-01T18:19:44.176+0000] {processor.py:914} INFO - Processing file /home/airflow/.local/lib/python3.10/site-packages/airflow/example_dags/example_task_group.py for tasks to queue
[2025-01-01T18:19:44.178+0000] {logging_mixin.py:190} INFO - [2025-01-01T18:19:44.178+0000] {dagbag.py:588} INFO - Filling up the DagBag from /home/airflow/.local/lib/python3.10/site-packages/airflow/example_dags/example_task_group.py
[2025-01-01T18:19:44.198+0000] {processor.py:925} INFO - DAG(s) 'example_task_group' retrieved from /home/airflow/.local/lib/python3.10/site-packages/airflow/example_dags/example_task_group.py
[2025-01-01T18:19:44.231+0000] {logging_mixin.py:190} INFO - [2025-01-01T18:19:44.230+0000] {dag.py:3239} INFO - Sync 1 DAGs
[2025-01-01T18:19:44.252+0000] {logging_mixin.py:190} INFO - [2025-01-01T18:19:44.252+0000] {dag.py:4180} INFO - Setting next_dagrun for example_task_group to None, run_after=None
[2025-01-01T18:19:44.301+0000] {processor.py:208} INFO - Processing /home/airflow/.local/lib/python3.10/site-packages/airflow/example_dags/example_task_group.py took 0.140 seconds
[2025-01-01T18:20:14.458+0000] {processor.py:186} INFO - Started process (PID=56261) to work on /home/airflow/.local/lib/python3.10/site-packages/airflow/example_dags/example_task_group.py
[2025-01-01T18:20:14.460+0000] {processor.py:914} INFO - Processing file /home/airflow/.local/lib/python3.10/site-packages/airflow/example_dags/example_task_group.py for tasks to queue
[2025-01-01T18:20:14.462+0000] {logging_mixin.py:190} INFO - [2025-01-01T18:20:14.462+0000] {dagbag.py:588} INFO - Filling up the DagBag from /home/airflow/.local/lib/python3.10/site-packages/airflow/example_dags/example_task_group.py
[2025-01-01T18:20:14.478+0000] {processor.py:925} INFO - DAG(s) 'example_task_group' retrieved from /home/airflow/.local/lib/python3.10/site-packages/airflow/example_dags/example_task_group.py
[2025-01-01T18:20:14.506+0000] {logging_mixin.py:190} INFO - [2025-01-01T18:20:14.506+0000] {dag.py:3239} INFO - Sync 1 DAGs
[2025-01-01T18:20:14.522+0000] {logging_mixin.py:190} INFO - [2025-01-01T18:20:14.522+0000] {dag.py:4180} INFO - Setting next_dagrun for example_task_group to None, run_after=None
[2025-01-01T18:20:14.577+0000] {processor.py:208} INFO - Processing /home/airflow/.local/lib/python3.10/site-packages/airflow/example_dags/example_task_group.py took 0.129 seconds
[2025-01-01T18:20:45.854+0000] {processor.py:186} INFO - Started process (PID=56336) to work on /home/airflow/.local/lib/python3.10/site-packages/airflow/example_dags/example_task_group.py
[2025-01-01T18:20:45.856+0000] {processor.py:914} INFO - Processing file /home/airflow/.local/lib/python3.10/site-packages/airflow/example_dags/example_task_group.py for tasks to queue
[2025-01-01T18:20:45.858+0000] {logging_mixin.py:190} INFO - [2025-01-01T18:20:45.858+0000] {dagbag.py:588} INFO - Filling up the DagBag from /home/airflow/.local/lib/python3.10/site-packages/airflow/example_dags/example_task_group.py
[2025-01-01T18:20:45.878+0000] {processor.py:925} INFO - DAG(s) 'example_task_group' retrieved from /home/airflow/.local/lib/python3.10/site-packages/airflow/example_dags/example_task_group.py
[2025-01-01T18:20:45.927+0000] {logging_mixin.py:190} INFO - [2025-01-01T18:20:45.926+0000] {dag.py:3239} INFO - Sync 1 DAGs
[2025-01-01T18:20:45.945+0000] {logging_mixin.py:190} INFO - [2025-01-01T18:20:45.944+0000] {dag.py:4180} INFO - Setting next_dagrun for example_task_group to None, run_after=None
[2025-01-01T18:20:45.967+0000] {processor.py:208} INFO - Processing /home/airflow/.local/lib/python3.10/site-packages/airflow/example_dags/example_task_group.py took 0.120 seconds
[2025-01-01T18:21:16.897+0000] {processor.py:186} INFO - Started process (PID=56405) to work on /home/airflow/.local/lib/python3.10/site-packages/airflow/example_dags/example_task_group.py
[2025-01-01T18:21:16.906+0000] {processor.py:914} INFO - Processing file /home/airflow/.local/lib/python3.10/site-packages/airflow/example_dags/example_task_group.py for tasks to queue
[2025-01-01T18:21:16.908+0000] {logging_mixin.py:190} INFO - [2025-01-01T18:21:16.907+0000] {dagbag.py:588} INFO - Filling up the DagBag from /home/airflow/.local/lib/python3.10/site-packages/airflow/example_dags/example_task_group.py
[2025-01-01T18:21:16.917+0000] {processor.py:925} INFO - DAG(s) 'example_task_group' retrieved from /home/airflow/.local/lib/python3.10/site-packages/airflow/example_dags/example_task_group.py
[2025-01-01T18:21:16.937+0000] {logging_mixin.py:190} INFO - [2025-01-01T18:21:16.937+0000] {dag.py:3239} INFO - Sync 1 DAGs
[2025-01-01T18:21:16.951+0000] {logging_mixin.py:190} INFO - [2025-01-01T18:21:16.951+0000] {dag.py:4180} INFO - Setting next_dagrun for example_task_group to None, run_after=None
[2025-01-01T18:21:16.981+0000] {processor.py:208} INFO - Processing /home/airflow/.local/lib/python3.10/site-packages/airflow/example_dags/example_task_group.py took 0.090 seconds
[2025-01-01T18:21:47.257+0000] {processor.py:186} INFO - Started process (PID=56473) to work on /home/airflow/.local/lib/python3.10/site-packages/airflow/example_dags/example_task_group.py
[2025-01-01T18:21:47.258+0000] {processor.py:914} INFO - Processing file /home/airflow/.local/lib/python3.10/site-packages/airflow/example_dags/example_task_group.py for tasks to queue
[2025-01-01T18:21:47.259+0000] {logging_mixin.py:190} INFO - [2025-01-01T18:21:47.259+0000] {dagbag.py:588} INFO - Filling up the DagBag from /home/airflow/.local/lib/python3.10/site-packages/airflow/example_dags/example_task_group.py
[2025-01-01T18:21:47.268+0000] {processor.py:925} INFO - DAG(s) 'example_task_group' retrieved from /home/airflow/.local/lib/python3.10/site-packages/airflow/example_dags/example_task_group.py
[2025-01-01T18:21:47.288+0000] {logging_mixin.py:190} INFO - [2025-01-01T18:21:47.288+0000] {dag.py:3239} INFO - Sync 1 DAGs
[2025-01-01T18:21:47.301+0000] {logging_mixin.py:190} INFO - [2025-01-01T18:21:47.301+0000] {dag.py:4180} INFO - Setting next_dagrun for example_task_group to None, run_after=None
[2025-01-01T18:21:47.320+0000] {processor.py:208} INFO - Processing /home/airflow/.local/lib/python3.10/site-packages/airflow/example_dags/example_task_group.py took 0.070 seconds
[2025-01-01T18:22:17.838+0000] {processor.py:186} INFO - Started process (PID=56541) to work on /home/airflow/.local/lib/python3.10/site-packages/airflow/example_dags/example_task_group.py
[2025-01-01T18:22:17.840+0000] {processor.py:914} INFO - Processing file /home/airflow/.local/lib/python3.10/site-packages/airflow/example_dags/example_task_group.py for tasks to queue
[2025-01-01T18:22:17.841+0000] {logging_mixin.py:190} INFO - [2025-01-01T18:22:17.841+0000] {dagbag.py:588} INFO - Filling up the DagBag from /home/airflow/.local/lib/python3.10/site-packages/airflow/example_dags/example_task_group.py
[2025-01-01T18:22:17.850+0000] {processor.py:925} INFO - DAG(s) 'example_task_group' retrieved from /home/airflow/.local/lib/python3.10/site-packages/airflow/example_dags/example_task_group.py
[2025-01-01T18:22:17.871+0000] {logging_mixin.py:190} INFO - [2025-01-01T18:22:17.870+0000] {dag.py:3239} INFO - Sync 1 DAGs
[2025-01-01T18:22:17.884+0000] {logging_mixin.py:190} INFO - [2025-01-01T18:22:17.884+0000] {dag.py:4180} INFO - Setting next_dagrun for example_task_group to None, run_after=None
[2025-01-01T18:22:17.900+0000] {processor.py:208} INFO - Processing /home/airflow/.local/lib/python3.10/site-packages/airflow/example_dags/example_task_group.py took 0.067 seconds
[2025-01-01T18:22:48.411+0000] {processor.py:186} INFO - Started process (PID=56609) to work on /home/airflow/.local/lib/python3.10/site-packages/airflow/example_dags/example_task_group.py
[2025-01-01T18:22:48.412+0000] {processor.py:914} INFO - Processing file /home/airflow/.local/lib/python3.10/site-packages/airflow/example_dags/example_task_group.py for tasks to queue
[2025-01-01T18:22:48.413+0000] {logging_mixin.py:190} INFO - [2025-01-01T18:22:48.413+0000] {dagbag.py:588} INFO - Filling up the DagBag from /home/airflow/.local/lib/python3.10/site-packages/airflow/example_dags/example_task_group.py
[2025-01-01T18:22:48.422+0000] {processor.py:925} INFO - DAG(s) 'example_task_group' retrieved from /home/airflow/.local/lib/python3.10/site-packages/airflow/example_dags/example_task_group.py
[2025-01-01T18:22:48.444+0000] {logging_mixin.py:190} INFO - [2025-01-01T18:22:48.443+0000] {dag.py:3239} INFO - Sync 1 DAGs
[2025-01-01T18:22:48.457+0000] {logging_mixin.py:190} INFO - [2025-01-01T18:22:48.457+0000] {dag.py:4180} INFO - Setting next_dagrun for example_task_group to None, run_after=None
[2025-01-01T18:22:48.475+0000] {processor.py:208} INFO - Processing /home/airflow/.local/lib/python3.10/site-packages/airflow/example_dags/example_task_group.py took 0.070 seconds
[2025-01-01T18:23:19.560+0000] {processor.py:186} INFO - Started process (PID=56677) to work on /home/airflow/.local/lib/python3.10/site-packages/airflow/example_dags/example_task_group.py
[2025-01-01T18:23:19.562+0000] {processor.py:914} INFO - Processing file /home/airflow/.local/lib/python3.10/site-packages/airflow/example_dags/example_task_group.py for tasks to queue
[2025-01-01T18:23:19.563+0000] {logging_mixin.py:190} INFO - [2025-01-01T18:23:19.563+0000] {dagbag.py:588} INFO - Filling up the DagBag from /home/airflow/.local/lib/python3.10/site-packages/airflow/example_dags/example_task_group.py
[2025-01-01T18:23:19.573+0000] {processor.py:925} INFO - DAG(s) 'example_task_group' retrieved from /home/airflow/.local/lib/python3.10/site-packages/airflow/example_dags/example_task_group.py
[2025-01-01T18:23:19.595+0000] {logging_mixin.py:190} INFO - [2025-01-01T18:23:19.595+0000] {dag.py:3239} INFO - Sync 1 DAGs
[2025-01-01T18:23:19.609+0000] {logging_mixin.py:190} INFO - [2025-01-01T18:23:19.608+0000] {dag.py:4180} INFO - Setting next_dagrun for example_task_group to None, run_after=None
[2025-01-01T18:23:19.627+0000] {processor.py:208} INFO - Processing /home/airflow/.local/lib/python3.10/site-packages/airflow/example_dags/example_task_group.py took 0.073 seconds
[2025-01-01T18:23:50.826+0000] {processor.py:186} INFO - Started process (PID=56745) to work on /home/airflow/.local/lib/python3.10/site-packages/airflow/example_dags/example_task_group.py
[2025-01-01T18:23:50.827+0000] {processor.py:914} INFO - Processing file /home/airflow/.local/lib/python3.10/site-packages/airflow/example_dags/example_task_group.py for tasks to queue
[2025-01-01T18:23:50.829+0000] {logging_mixin.py:190} INFO - [2025-01-01T18:23:50.828+0000] {dagbag.py:588} INFO - Filling up the DagBag from /home/airflow/.local/lib/python3.10/site-packages/airflow/example_dags/example_task_group.py
[2025-01-01T18:23:50.838+0000] {processor.py:925} INFO - DAG(s) 'example_task_group' retrieved from /home/airflow/.local/lib/python3.10/site-packages/airflow/example_dags/example_task_group.py
[2025-01-01T18:23:50.857+0000] {logging_mixin.py:190} INFO - [2025-01-01T18:23:50.857+0000] {dag.py:3239} INFO - Sync 1 DAGs
[2025-01-01T18:23:50.870+0000] {logging_mixin.py:190} INFO - [2025-01-01T18:23:50.870+0000] {dag.py:4180} INFO - Setting next_dagrun for example_task_group to None, run_after=None
[2025-01-01T18:23:50.886+0000] {processor.py:208} INFO - Processing /home/airflow/.local/lib/python3.10/site-packages/airflow/example_dags/example_task_group.py took 0.065 seconds
[2025-01-01T18:24:21.671+0000] {processor.py:186} INFO - Started process (PID=56813) to work on /home/airflow/.local/lib/python3.10/site-packages/airflow/example_dags/example_task_group.py
[2025-01-01T18:24:21.672+0000] {processor.py:914} INFO - Processing file /home/airflow/.local/lib/python3.10/site-packages/airflow/example_dags/example_task_group.py for tasks to queue
[2025-01-01T18:24:21.673+0000] {logging_mixin.py:190} INFO - [2025-01-01T18:24:21.673+0000] {dagbag.py:588} INFO - Filling up the DagBag from /home/airflow/.local/lib/python3.10/site-packages/airflow/example_dags/example_task_group.py
[2025-01-01T18:24:21.682+0000] {processor.py:925} INFO - DAG(s) 'example_task_group' retrieved from /home/airflow/.local/lib/python3.10/site-packages/airflow/example_dags/example_task_group.py
[2025-01-01T18:24:21.703+0000] {logging_mixin.py:190} INFO - [2025-01-01T18:24:21.703+0000] {dag.py:3239} INFO - Sync 1 DAGs
[2025-01-01T18:24:21.717+0000] {logging_mixin.py:190} INFO - [2025-01-01T18:24:21.717+0000] {dag.py:4180} INFO - Setting next_dagrun for example_task_group to None, run_after=None
[2025-01-01T18:24:21.734+0000] {processor.py:208} INFO - Processing /home/airflow/.local/lib/python3.10/site-packages/airflow/example_dags/example_task_group.py took 0.070 seconds
[2025-01-01T18:24:52.605+0000] {processor.py:186} INFO - Started process (PID=56881) to work on /home/airflow/.local/lib/python3.10/site-packages/airflow/example_dags/example_task_group.py
[2025-01-01T18:24:52.607+0000] {processor.py:914} INFO - Processing file /home/airflow/.local/lib/python3.10/site-packages/airflow/example_dags/example_task_group.py for tasks to queue
[2025-01-01T18:24:52.608+0000] {logging_mixin.py:190} INFO - [2025-01-01T18:24:52.608+0000] {dagbag.py:588} INFO - Filling up the DagBag from /home/airflow/.local/lib/python3.10/site-packages/airflow/example_dags/example_task_group.py
[2025-01-01T18:24:52.618+0000] {processor.py:925} INFO - DAG(s) 'example_task_group' retrieved from /home/airflow/.local/lib/python3.10/site-packages/airflow/example_dags/example_task_group.py
[2025-01-01T18:24:52.640+0000] {logging_mixin.py:190} INFO - [2025-01-01T18:24:52.640+0000] {dag.py:3239} INFO - Sync 1 DAGs
[2025-01-01T18:24:52.655+0000] {logging_mixin.py:190} INFO - [2025-01-01T18:24:52.654+0000] {dag.py:4180} INFO - Setting next_dagrun for example_task_group to None, run_after=None
[2025-01-01T18:24:52.672+0000] {processor.py:208} INFO - Processing /home/airflow/.local/lib/python3.10/site-packages/airflow/example_dags/example_task_group.py took 0.073 seconds
[2025-01-01T18:25:23.815+0000] {processor.py:186} INFO - Started process (PID=56949) to work on /home/airflow/.local/lib/python3.10/site-packages/airflow/example_dags/example_task_group.py
[2025-01-01T18:25:23.816+0000] {processor.py:914} INFO - Processing file /home/airflow/.local/lib/python3.10/site-packages/airflow/example_dags/example_task_group.py for tasks to queue
[2025-01-01T18:25:23.818+0000] {logging_mixin.py:190} INFO - [2025-01-01T18:25:23.818+0000] {dagbag.py:588} INFO - Filling up the DagBag from /home/airflow/.local/lib/python3.10/site-packages/airflow/example_dags/example_task_group.py
[2025-01-01T18:25:23.826+0000] {processor.py:925} INFO - DAG(s) 'example_task_group' retrieved from /home/airflow/.local/lib/python3.10/site-packages/airflow/example_dags/example_task_group.py
[2025-01-01T18:25:23.846+0000] {logging_mixin.py:190} INFO - [2025-01-01T18:25:23.846+0000] {dag.py:3239} INFO - Sync 1 DAGs
[2025-01-01T18:25:23.860+0000] {logging_mixin.py:190} INFO - [2025-01-01T18:25:23.860+0000] {dag.py:4180} INFO - Setting next_dagrun for example_task_group to None, run_after=None
[2025-01-01T18:25:23.876+0000] {processor.py:208} INFO - Processing /home/airflow/.local/lib/python3.10/site-packages/airflow/example_dags/example_task_group.py took 0.066 seconds
[2025-01-01T18:25:55.963+0000] {processor.py:186} INFO - Started process (PID=57021) to work on /home/airflow/.local/lib/python3.10/site-packages/airflow/example_dags/example_task_group.py
[2025-01-01T18:25:55.964+0000] {processor.py:914} INFO - Processing file /home/airflow/.local/lib/python3.10/site-packages/airflow/example_dags/example_task_group.py for tasks to queue
[2025-01-01T18:25:55.966+0000] {logging_mixin.py:190} INFO - [2025-01-01T18:25:55.965+0000] {dagbag.py:588} INFO - Filling up the DagBag from /home/airflow/.local/lib/python3.10/site-packages/airflow/example_dags/example_task_group.py
[2025-01-01T18:25:55.977+0000] {processor.py:925} INFO - DAG(s) 'example_task_group' retrieved from /home/airflow/.local/lib/python3.10/site-packages/airflow/example_dags/example_task_group.py
[2025-01-01T18:25:56.001+0000] {logging_mixin.py:190} INFO - [2025-01-01T18:25:56.001+0000] {dag.py:3239} INFO - Sync 1 DAGs
[2025-01-01T18:25:56.021+0000] {logging_mixin.py:190} INFO - [2025-01-01T18:25:56.020+0000] {dag.py:4180} INFO - Setting next_dagrun for example_task_group to None, run_after=None
[2025-01-01T18:25:56.041+0000] {processor.py:208} INFO - Processing /home/airflow/.local/lib/python3.10/site-packages/airflow/example_dags/example_task_group.py took 0.086 seconds
[2025-01-01T18:26:27.217+0000] {processor.py:186} INFO - Started process (PID=57089) to work on /home/airflow/.local/lib/python3.10/site-packages/airflow/example_dags/example_task_group.py
[2025-01-01T18:26:27.218+0000] {processor.py:914} INFO - Processing file /home/airflow/.local/lib/python3.10/site-packages/airflow/example_dags/example_task_group.py for tasks to queue
[2025-01-01T18:26:27.219+0000] {logging_mixin.py:190} INFO - [2025-01-01T18:26:27.219+0000] {dagbag.py:588} INFO - Filling up the DagBag from /home/airflow/.local/lib/python3.10/site-packages/airflow/example_dags/example_task_group.py
[2025-01-01T18:26:27.228+0000] {processor.py:925} INFO - DAG(s) 'example_task_group' retrieved from /home/airflow/.local/lib/python3.10/site-packages/airflow/example_dags/example_task_group.py
[2025-01-01T18:26:27.249+0000] {logging_mixin.py:190} INFO - [2025-01-01T18:26:27.248+0000] {dag.py:3239} INFO - Sync 1 DAGs
[2025-01-01T18:26:27.263+0000] {logging_mixin.py:190} INFO - [2025-01-01T18:26:27.263+0000] {dag.py:4180} INFO - Setting next_dagrun for example_task_group to None, run_after=None
[2025-01-01T18:26:27.281+0000] {processor.py:208} INFO - Processing /home/airflow/.local/lib/python3.10/site-packages/airflow/example_dags/example_task_group.py took 0.070 seconds
[2025-01-01T18:26:58.530+0000] {processor.py:186} INFO - Started process (PID=57157) to work on /home/airflow/.local/lib/python3.10/site-packages/airflow/example_dags/example_task_group.py
[2025-01-01T18:26:58.531+0000] {processor.py:914} INFO - Processing file /home/airflow/.local/lib/python3.10/site-packages/airflow/example_dags/example_task_group.py for tasks to queue
[2025-01-01T18:26:58.532+0000] {logging_mixin.py:190} INFO - [2025-01-01T18:26:58.532+0000] {dagbag.py:588} INFO - Filling up the DagBag from /home/airflow/.local/lib/python3.10/site-packages/airflow/example_dags/example_task_group.py
[2025-01-01T18:26:58.542+0000] {processor.py:925} INFO - DAG(s) 'example_task_group' retrieved from /home/airflow/.local/lib/python3.10/site-packages/airflow/example_dags/example_task_group.py
[2025-01-01T18:26:58.564+0000] {logging_mixin.py:190} INFO - [2025-01-01T18:26:58.564+0000] {dag.py:3239} INFO - Sync 1 DAGs
[2025-01-01T18:26:58.578+0000] {logging_mixin.py:190} INFO - [2025-01-01T18:26:58.578+0000] {dag.py:4180} INFO - Setting next_dagrun for example_task_group to None, run_after=None
[2025-01-01T18:26:58.597+0000] {processor.py:208} INFO - Processing /home/airflow/.local/lib/python3.10/site-packages/airflow/example_dags/example_task_group.py took 0.073 seconds
[2025-01-01T18:27:29.736+0000] {processor.py:186} INFO - Started process (PID=57225) to work on /home/airflow/.local/lib/python3.10/site-packages/airflow/example_dags/example_task_group.py
[2025-01-01T18:27:29.738+0000] {processor.py:914} INFO - Processing file /home/airflow/.local/lib/python3.10/site-packages/airflow/example_dags/example_task_group.py for tasks to queue
[2025-01-01T18:27:29.739+0000] {logging_mixin.py:190} INFO - [2025-01-01T18:27:29.739+0000] {dagbag.py:588} INFO - Filling up the DagBag from /home/airflow/.local/lib/python3.10/site-packages/airflow/example_dags/example_task_group.py
[2025-01-01T18:27:29.748+0000] {processor.py:925} INFO - DAG(s) 'example_task_group' retrieved from /home/airflow/.local/lib/python3.10/site-packages/airflow/example_dags/example_task_group.py
[2025-01-01T18:27:29.769+0000] {logging_mixin.py:190} INFO - [2025-01-01T18:27:29.768+0000] {dag.py:3239} INFO - Sync 1 DAGs
[2025-01-01T18:27:29.783+0000] {logging_mixin.py:190} INFO - [2025-01-01T18:27:29.783+0000] {dag.py:4180} INFO - Setting next_dagrun for example_task_group to None, run_after=None
[2025-01-01T18:27:29.799+0000] {processor.py:208} INFO - Processing /home/airflow/.local/lib/python3.10/site-packages/airflow/example_dags/example_task_group.py took 0.069 seconds
[2025-01-01T18:28:00.743+0000] {processor.py:186} INFO - Started process (PID=57293) to work on /home/airflow/.local/lib/python3.10/site-packages/airflow/example_dags/example_task_group.py
[2025-01-01T18:28:00.744+0000] {processor.py:914} INFO - Processing file /home/airflow/.local/lib/python3.10/site-packages/airflow/example_dags/example_task_group.py for tasks to queue
[2025-01-01T18:28:00.745+0000] {logging_mixin.py:190} INFO - [2025-01-01T18:28:00.745+0000] {dagbag.py:588} INFO - Filling up the DagBag from /home/airflow/.local/lib/python3.10/site-packages/airflow/example_dags/example_task_group.py
[2025-01-01T18:28:00.755+0000] {processor.py:925} INFO - DAG(s) 'example_task_group' retrieved from /home/airflow/.local/lib/python3.10/site-packages/airflow/example_dags/example_task_group.py
[2025-01-01T18:28:00.776+0000] {logging_mixin.py:190} INFO - [2025-01-01T18:28:00.775+0000] {dag.py:3239} INFO - Sync 1 DAGs
[2025-01-01T18:28:00.791+0000] {logging_mixin.py:190} INFO - [2025-01-01T18:28:00.790+0000] {dag.py:4180} INFO - Setting next_dagrun for example_task_group to None, run_after=None
[2025-01-01T18:28:00.812+0000] {processor.py:208} INFO - Processing /home/airflow/.local/lib/python3.10/site-packages/airflow/example_dags/example_task_group.py took 0.075 seconds
[2025-01-01T18:28:31.670+0000] {processor.py:186} INFO - Started process (PID=57361) to work on /home/airflow/.local/lib/python3.10/site-packages/airflow/example_dags/example_task_group.py
[2025-01-01T18:28:31.671+0000] {processor.py:914} INFO - Processing file /home/airflow/.local/lib/python3.10/site-packages/airflow/example_dags/example_task_group.py for tasks to queue
[2025-01-01T18:28:31.673+0000] {logging_mixin.py:190} INFO - [2025-01-01T18:28:31.673+0000] {dagbag.py:588} INFO - Filling up the DagBag from /home/airflow/.local/lib/python3.10/site-packages/airflow/example_dags/example_task_group.py
[2025-01-01T18:28:31.684+0000] {processor.py:925} INFO - DAG(s) 'example_task_group' retrieved from /home/airflow/.local/lib/python3.10/site-packages/airflow/example_dags/example_task_group.py
[2025-01-01T18:28:31.709+0000] {logging_mixin.py:190} INFO - [2025-01-01T18:28:31.709+0000] {dag.py:3239} INFO - Sync 1 DAGs
[2025-01-01T18:28:31.727+0000] {logging_mixin.py:190} INFO - [2025-01-01T18:28:31.727+0000] {dag.py:4180} INFO - Setting next_dagrun for example_task_group to None, run_after=None
[2025-01-01T18:28:31.752+0000] {processor.py:208} INFO - Processing /home/airflow/.local/lib/python3.10/site-packages/airflow/example_dags/example_task_group.py took 0.089 seconds
[2025-01-01T18:29:02.699+0000] {processor.py:186} INFO - Started process (PID=57429) to work on /home/airflow/.local/lib/python3.10/site-packages/airflow/example_dags/example_task_group.py
[2025-01-01T18:29:02.700+0000] {processor.py:914} INFO - Processing file /home/airflow/.local/lib/python3.10/site-packages/airflow/example_dags/example_task_group.py for tasks to queue
[2025-01-01T18:29:02.702+0000] {logging_mixin.py:190} INFO - [2025-01-01T18:29:02.701+0000] {dagbag.py:588} INFO - Filling up the DagBag from /home/airflow/.local/lib/python3.10/site-packages/airflow/example_dags/example_task_group.py
[2025-01-01T18:29:02.712+0000] {processor.py:925} INFO - DAG(s) 'example_task_group' retrieved from /home/airflow/.local/lib/python3.10/site-packages/airflow/example_dags/example_task_group.py
[2025-01-01T18:29:02.737+0000] {logging_mixin.py:190} INFO - [2025-01-01T18:29:02.737+0000] {dag.py:3239} INFO - Sync 1 DAGs
[2025-01-01T18:29:02.755+0000] {logging_mixin.py:190} INFO - [2025-01-01T18:29:02.755+0000] {dag.py:4180} INFO - Setting next_dagrun for example_task_group to None, run_after=None
[2025-01-01T18:29:02.771+0000] {processor.py:208} INFO - Processing /home/airflow/.local/lib/python3.10/site-packages/airflow/example_dags/example_task_group.py took 0.079 seconds
[2025-01-01T18:29:33.952+0000] {processor.py:186} INFO - Started process (PID=57498) to work on /home/airflow/.local/lib/python3.10/site-packages/airflow/example_dags/example_task_group.py
[2025-01-01T18:29:33.953+0000] {processor.py:914} INFO - Processing file /home/airflow/.local/lib/python3.10/site-packages/airflow/example_dags/example_task_group.py for tasks to queue
[2025-01-01T18:29:33.954+0000] {logging_mixin.py:190} INFO - [2025-01-01T18:29:33.954+0000] {dagbag.py:588} INFO - Filling up the DagBag from /home/airflow/.local/lib/python3.10/site-packages/airflow/example_dags/example_task_group.py
[2025-01-01T18:29:33.964+0000] {processor.py:925} INFO - DAG(s) 'example_task_group' retrieved from /home/airflow/.local/lib/python3.10/site-packages/airflow/example_dags/example_task_group.py
[2025-01-01T18:29:33.986+0000] {logging_mixin.py:190} INFO - [2025-01-01T18:29:33.986+0000] {dag.py:3239} INFO - Sync 1 DAGs
[2025-01-01T18:29:33.999+0000] {logging_mixin.py:190} INFO - [2025-01-01T18:29:33.999+0000] {dag.py:4180} INFO - Setting next_dagrun for example_task_group to None, run_after=None
[2025-01-01T18:29:34.021+0000] {processor.py:208} INFO - Processing /home/airflow/.local/lib/python3.10/site-packages/airflow/example_dags/example_task_group.py took 0.075 seconds
[2025-01-01T18:30:04.656+0000] {processor.py:186} INFO - Started process (PID=57566) to work on /home/airflow/.local/lib/python3.10/site-packages/airflow/example_dags/example_task_group.py
[2025-01-01T18:30:04.658+0000] {processor.py:914} INFO - Processing file /home/airflow/.local/lib/python3.10/site-packages/airflow/example_dags/example_task_group.py for tasks to queue
[2025-01-01T18:30:04.661+0000] {logging_mixin.py:190} INFO - [2025-01-01T18:30:04.661+0000] {dagbag.py:588} INFO - Filling up the DagBag from /home/airflow/.local/lib/python3.10/site-packages/airflow/example_dags/example_task_group.py
[2025-01-01T18:30:04.682+0000] {processor.py:925} INFO - DAG(s) 'example_task_group' retrieved from /home/airflow/.local/lib/python3.10/site-packages/airflow/example_dags/example_task_group.py
[2025-01-01T18:30:04.737+0000] {logging_mixin.py:190} INFO - [2025-01-01T18:30:04.737+0000] {dag.py:3239} INFO - Sync 1 DAGs
[2025-01-01T18:30:04.757+0000] {logging_mixin.py:190} INFO - [2025-01-01T18:30:04.757+0000] {dag.py:4180} INFO - Setting next_dagrun for example_task_group to None, run_after=None
[2025-01-01T18:30:04.789+0000] {processor.py:208} INFO - Processing /home/airflow/.local/lib/python3.10/site-packages/airflow/example_dags/example_task_group.py took 0.144 seconds
[2025-01-01T18:30:35.341+0000] {processor.py:186} INFO - Started process (PID=57634) to work on /home/airflow/.local/lib/python3.10/site-packages/airflow/example_dags/example_task_group.py
[2025-01-01T18:30:35.343+0000] {processor.py:914} INFO - Processing file /home/airflow/.local/lib/python3.10/site-packages/airflow/example_dags/example_task_group.py for tasks to queue
[2025-01-01T18:30:35.345+0000] {logging_mixin.py:190} INFO - [2025-01-01T18:30:35.345+0000] {dagbag.py:588} INFO - Filling up the DagBag from /home/airflow/.local/lib/python3.10/site-packages/airflow/example_dags/example_task_group.py
[2025-01-01T18:30:35.365+0000] {processor.py:925} INFO - DAG(s) 'example_task_group' retrieved from /home/airflow/.local/lib/python3.10/site-packages/airflow/example_dags/example_task_group.py
[2025-01-01T18:30:35.397+0000] {logging_mixin.py:190} INFO - [2025-01-01T18:30:35.396+0000] {dag.py:3239} INFO - Sync 1 DAGs
[2025-01-01T18:30:35.414+0000] {logging_mixin.py:190} INFO - [2025-01-01T18:30:35.413+0000] {dag.py:4180} INFO - Setting next_dagrun for example_task_group to None, run_after=None
[2025-01-01T18:30:35.434+0000] {processor.py:208} INFO - Processing /home/airflow/.local/lib/python3.10/site-packages/airflow/example_dags/example_task_group.py took 0.100 seconds
[2025-01-01T18:31:06.259+0000] {processor.py:186} INFO - Started process (PID=57702) to work on /home/airflow/.local/lib/python3.10/site-packages/airflow/example_dags/example_task_group.py
[2025-01-01T18:31:06.260+0000] {processor.py:914} INFO - Processing file /home/airflow/.local/lib/python3.10/site-packages/airflow/example_dags/example_task_group.py for tasks to queue
[2025-01-01T18:31:06.261+0000] {logging_mixin.py:190} INFO - [2025-01-01T18:31:06.261+0000] {dagbag.py:588} INFO - Filling up the DagBag from /home/airflow/.local/lib/python3.10/site-packages/airflow/example_dags/example_task_group.py
[2025-01-01T18:31:06.269+0000] {processor.py:925} INFO - DAG(s) 'example_task_group' retrieved from /home/airflow/.local/lib/python3.10/site-packages/airflow/example_dags/example_task_group.py
[2025-01-01T18:31:06.289+0000] {logging_mixin.py:190} INFO - [2025-01-01T18:31:06.289+0000] {dag.py:3239} INFO - Sync 1 DAGs
[2025-01-01T18:31:06.303+0000] {logging_mixin.py:190} INFO - [2025-01-01T18:31:06.303+0000] {dag.py:4180} INFO - Setting next_dagrun for example_task_group to None, run_after=None
[2025-01-01T18:31:06.320+0000] {processor.py:208} INFO - Processing /home/airflow/.local/lib/python3.10/site-packages/airflow/example_dags/example_task_group.py took 0.067 seconds
[2025-01-01T18:31:37.414+0000] {processor.py:186} INFO - Started process (PID=57771) to work on /home/airflow/.local/lib/python3.10/site-packages/airflow/example_dags/example_task_group.py
[2025-01-01T18:31:37.415+0000] {processor.py:914} INFO - Processing file /home/airflow/.local/lib/python3.10/site-packages/airflow/example_dags/example_task_group.py for tasks to queue
[2025-01-01T18:31:37.417+0000] {logging_mixin.py:190} INFO - [2025-01-01T18:31:37.416+0000] {dagbag.py:588} INFO - Filling up the DagBag from /home/airflow/.local/lib/python3.10/site-packages/airflow/example_dags/example_task_group.py
[2025-01-01T18:31:37.425+0000] {processor.py:925} INFO - DAG(s) 'example_task_group' retrieved from /home/airflow/.local/lib/python3.10/site-packages/airflow/example_dags/example_task_group.py
[2025-01-01T18:31:37.446+0000] {logging_mixin.py:190} INFO - [2025-01-01T18:31:37.446+0000] {dag.py:3239} INFO - Sync 1 DAGs
[2025-01-01T18:31:37.460+0000] {logging_mixin.py:190} INFO - [2025-01-01T18:31:37.459+0000] {dag.py:4180} INFO - Setting next_dagrun for example_task_group to None, run_after=None
[2025-01-01T18:31:37.477+0000] {processor.py:208} INFO - Processing /home/airflow/.local/lib/python3.10/site-packages/airflow/example_dags/example_task_group.py took 0.069 seconds
[2025-01-01T18:32:08.005+0000] {processor.py:186} INFO - Started process (PID=57839) to work on /home/airflow/.local/lib/python3.10/site-packages/airflow/example_dags/example_task_group.py
[2025-01-01T18:32:08.007+0000] {processor.py:914} INFO - Processing file /home/airflow/.local/lib/python3.10/site-packages/airflow/example_dags/example_task_group.py for tasks to queue
[2025-01-01T18:32:08.008+0000] {logging_mixin.py:190} INFO - [2025-01-01T18:32:08.008+0000] {dagbag.py:588} INFO - Filling up the DagBag from /home/airflow/.local/lib/python3.10/site-packages/airflow/example_dags/example_task_group.py
[2025-01-01T18:32:08.018+0000] {processor.py:925} INFO - DAG(s) 'example_task_group' retrieved from /home/airflow/.local/lib/python3.10/site-packages/airflow/example_dags/example_task_group.py
[2025-01-01T18:32:08.038+0000] {logging_mixin.py:190} INFO - [2025-01-01T18:32:08.038+0000] {dag.py:3239} INFO - Sync 1 DAGs
[2025-01-01T18:32:08.052+0000] {logging_mixin.py:190} INFO - [2025-01-01T18:32:08.052+0000] {dag.py:4180} INFO - Setting next_dagrun for example_task_group to None, run_after=None
[2025-01-01T18:32:08.069+0000] {processor.py:208} INFO - Processing /home/airflow/.local/lib/python3.10/site-packages/airflow/example_dags/example_task_group.py took 0.070 seconds
[2025-01-01T18:32:38.870+0000] {processor.py:186} INFO - Started process (PID=57907) to work on /home/airflow/.local/lib/python3.10/site-packages/airflow/example_dags/example_task_group.py
[2025-01-01T18:32:38.871+0000] {processor.py:914} INFO - Processing file /home/airflow/.local/lib/python3.10/site-packages/airflow/example_dags/example_task_group.py for tasks to queue
[2025-01-01T18:32:38.873+0000] {logging_mixin.py:190} INFO - [2025-01-01T18:32:38.873+0000] {dagbag.py:588} INFO - Filling up the DagBag from /home/airflow/.local/lib/python3.10/site-packages/airflow/example_dags/example_task_group.py
[2025-01-01T18:32:38.882+0000] {processor.py:925} INFO - DAG(s) 'example_task_group' retrieved from /home/airflow/.local/lib/python3.10/site-packages/airflow/example_dags/example_task_group.py
[2025-01-01T18:32:38.903+0000] {logging_mixin.py:190} INFO - [2025-01-01T18:32:38.903+0000] {dag.py:3239} INFO - Sync 1 DAGs
[2025-01-01T18:32:38.917+0000] {logging_mixin.py:190} INFO - [2025-01-01T18:32:38.917+0000] {dag.py:4180} INFO - Setting next_dagrun for example_task_group to None, run_after=None
[2025-01-01T18:32:38.935+0000] {processor.py:208} INFO - Processing /home/airflow/.local/lib/python3.10/site-packages/airflow/example_dags/example_task_group.py took 0.072 seconds
[2025-01-01T18:33:09.556+0000] {processor.py:186} INFO - Started process (PID=57975) to work on /home/airflow/.local/lib/python3.10/site-packages/airflow/example_dags/example_task_group.py
[2025-01-01T18:33:09.557+0000] {processor.py:914} INFO - Processing file /home/airflow/.local/lib/python3.10/site-packages/airflow/example_dags/example_task_group.py for tasks to queue
[2025-01-01T18:33:09.559+0000] {logging_mixin.py:190} INFO - [2025-01-01T18:33:09.558+0000] {dagbag.py:588} INFO - Filling up the DagBag from /home/airflow/.local/lib/python3.10/site-packages/airflow/example_dags/example_task_group.py
[2025-01-01T18:33:09.568+0000] {processor.py:925} INFO - DAG(s) 'example_task_group' retrieved from /home/airflow/.local/lib/python3.10/site-packages/airflow/example_dags/example_task_group.py
[2025-01-01T18:33:09.588+0000] {logging_mixin.py:190} INFO - [2025-01-01T18:33:09.588+0000] {dag.py:3239} INFO - Sync 1 DAGs
[2025-01-01T18:33:09.602+0000] {logging_mixin.py:190} INFO - [2025-01-01T18:33:09.601+0000] {dag.py:4180} INFO - Setting next_dagrun for example_task_group to None, run_after=None
[2025-01-01T18:33:09.617+0000] {processor.py:208} INFO - Processing /home/airflow/.local/lib/python3.10/site-packages/airflow/example_dags/example_task_group.py took 0.067 seconds
[2025-01-01T18:33:40.948+0000] {processor.py:186} INFO - Started process (PID=58043) to work on /home/airflow/.local/lib/python3.10/site-packages/airflow/example_dags/example_task_group.py
[2025-01-01T18:33:40.949+0000] {processor.py:914} INFO - Processing file /home/airflow/.local/lib/python3.10/site-packages/airflow/example_dags/example_task_group.py for tasks to queue
[2025-01-01T18:33:40.950+0000] {logging_mixin.py:190} INFO - [2025-01-01T18:33:40.950+0000] {dagbag.py:588} INFO - Filling up the DagBag from /home/airflow/.local/lib/python3.10/site-packages/airflow/example_dags/example_task_group.py
[2025-01-01T18:33:40.960+0000] {processor.py:925} INFO - DAG(s) 'example_task_group' retrieved from /home/airflow/.local/lib/python3.10/site-packages/airflow/example_dags/example_task_group.py
[2025-01-01T18:33:40.982+0000] {logging_mixin.py:190} INFO - [2025-01-01T18:33:40.982+0000] {dag.py:3239} INFO - Sync 1 DAGs
[2025-01-01T18:33:40.997+0000] {logging_mixin.py:190} INFO - [2025-01-01T18:33:40.997+0000] {dag.py:4180} INFO - Setting next_dagrun for example_task_group to None, run_after=None
[2025-01-01T18:33:41.012+0000] {processor.py:208} INFO - Processing /home/airflow/.local/lib/python3.10/site-packages/airflow/example_dags/example_task_group.py took 0.071 seconds
[2025-01-01T18:34:11.981+0000] {processor.py:186} INFO - Started process (PID=58111) to work on /home/airflow/.local/lib/python3.10/site-packages/airflow/example_dags/example_task_group.py
[2025-01-01T18:34:11.982+0000] {processor.py:914} INFO - Processing file /home/airflow/.local/lib/python3.10/site-packages/airflow/example_dags/example_task_group.py for tasks to queue
[2025-01-01T18:34:11.984+0000] {logging_mixin.py:190} INFO - [2025-01-01T18:34:11.984+0000] {dagbag.py:588} INFO - Filling up the DagBag from /home/airflow/.local/lib/python3.10/site-packages/airflow/example_dags/example_task_group.py
[2025-01-01T18:34:11.998+0000] {processor.py:925} INFO - DAG(s) 'example_task_group' retrieved from /home/airflow/.local/lib/python3.10/site-packages/airflow/example_dags/example_task_group.py
[2025-01-01T18:34:12.019+0000] {logging_mixin.py:190} INFO - [2025-01-01T18:34:12.019+0000] {dag.py:3239} INFO - Sync 1 DAGs
[2025-01-01T18:34:12.034+0000] {logging_mixin.py:190} INFO - [2025-01-01T18:34:12.034+0000] {dag.py:4180} INFO - Setting next_dagrun for example_task_group to None, run_after=None
[2025-01-01T18:34:12.055+0000] {processor.py:208} INFO - Processing /home/airflow/.local/lib/python3.10/site-packages/airflow/example_dags/example_task_group.py took 0.082 seconds
[2025-01-01T18:34:42.820+0000] {processor.py:186} INFO - Started process (PID=58179) to work on /home/airflow/.local/lib/python3.10/site-packages/airflow/example_dags/example_task_group.py
[2025-01-01T18:34:42.821+0000] {processor.py:914} INFO - Processing file /home/airflow/.local/lib/python3.10/site-packages/airflow/example_dags/example_task_group.py for tasks to queue
[2025-01-01T18:34:42.822+0000] {logging_mixin.py:190} INFO - [2025-01-01T18:34:42.822+0000] {dagbag.py:588} INFO - Filling up the DagBag from /home/airflow/.local/lib/python3.10/site-packages/airflow/example_dags/example_task_group.py
[2025-01-01T18:34:42.831+0000] {processor.py:925} INFO - DAG(s) 'example_task_group' retrieved from /home/airflow/.local/lib/python3.10/site-packages/airflow/example_dags/example_task_group.py
[2025-01-01T18:34:42.850+0000] {logging_mixin.py:190} INFO - [2025-01-01T18:34:42.850+0000] {dag.py:3239} INFO - Sync 1 DAGs
[2025-01-01T18:34:42.864+0000] {logging_mixin.py:190} INFO - [2025-01-01T18:34:42.864+0000] {dag.py:4180} INFO - Setting next_dagrun for example_task_group to None, run_after=None
[2025-01-01T18:34:42.880+0000] {processor.py:208} INFO - Processing /home/airflow/.local/lib/python3.10/site-packages/airflow/example_dags/example_task_group.py took 0.066 seconds
[2025-01-01T18:35:13.430+0000] {processor.py:186} INFO - Started process (PID=58247) to work on /home/airflow/.local/lib/python3.10/site-packages/airflow/example_dags/example_task_group.py
[2025-01-01T18:35:13.432+0000] {processor.py:914} INFO - Processing file /home/airflow/.local/lib/python3.10/site-packages/airflow/example_dags/example_task_group.py for tasks to queue
[2025-01-01T18:35:13.433+0000] {logging_mixin.py:190} INFO - [2025-01-01T18:35:13.433+0000] {dagbag.py:588} INFO - Filling up the DagBag from /home/airflow/.local/lib/python3.10/site-packages/airflow/example_dags/example_task_group.py
[2025-01-01T18:35:13.441+0000] {processor.py:925} INFO - DAG(s) 'example_task_group' retrieved from /home/airflow/.local/lib/python3.10/site-packages/airflow/example_dags/example_task_group.py
[2025-01-01T18:35:13.461+0000] {logging_mixin.py:190} INFO - [2025-01-01T18:35:13.461+0000] {dag.py:3239} INFO - Sync 1 DAGs
[2025-01-01T18:35:13.473+0000] {logging_mixin.py:190} INFO - [2025-01-01T18:35:13.473+0000] {dag.py:4180} INFO - Setting next_dagrun for example_task_group to None, run_after=None
[2025-01-01T18:35:13.490+0000] {processor.py:208} INFO - Processing /home/airflow/.local/lib/python3.10/site-packages/airflow/example_dags/example_task_group.py took 0.066 seconds
[2025-01-01T18:35:44.282+0000] {processor.py:186} INFO - Started process (PID=58315) to work on /home/airflow/.local/lib/python3.10/site-packages/airflow/example_dags/example_task_group.py
[2025-01-01T18:35:44.283+0000] {processor.py:914} INFO - Processing file /home/airflow/.local/lib/python3.10/site-packages/airflow/example_dags/example_task_group.py for tasks to queue
[2025-01-01T18:35:44.285+0000] {logging_mixin.py:190} INFO - [2025-01-01T18:35:44.284+0000] {dagbag.py:588} INFO - Filling up the DagBag from /home/airflow/.local/lib/python3.10/site-packages/airflow/example_dags/example_task_group.py
[2025-01-01T18:35:44.293+0000] {processor.py:925} INFO - DAG(s) 'example_task_group' retrieved from /home/airflow/.local/lib/python3.10/site-packages/airflow/example_dags/example_task_group.py
[2025-01-01T18:35:44.316+0000] {logging_mixin.py:190} INFO - [2025-01-01T18:35:44.315+0000] {dag.py:3239} INFO - Sync 1 DAGs
[2025-01-01T18:35:44.328+0000] {logging_mixin.py:190} INFO - [2025-01-01T18:35:44.328+0000] {dag.py:4180} INFO - Setting next_dagrun for example_task_group to None, run_after=None
[2025-01-01T18:35:44.346+0000] {processor.py:208} INFO - Processing /home/airflow/.local/lib/python3.10/site-packages/airflow/example_dags/example_task_group.py took 0.070 seconds
[2025-01-01T18:36:14.890+0000] {processor.py:186} INFO - Started process (PID=58383) to work on /home/airflow/.local/lib/python3.10/site-packages/airflow/example_dags/example_task_group.py
[2025-01-01T18:36:14.891+0000] {processor.py:914} INFO - Processing file /home/airflow/.local/lib/python3.10/site-packages/airflow/example_dags/example_task_group.py for tasks to queue
[2025-01-01T18:36:14.893+0000] {logging_mixin.py:190} INFO - [2025-01-01T18:36:14.892+0000] {dagbag.py:588} INFO - Filling up the DagBag from /home/airflow/.local/lib/python3.10/site-packages/airflow/example_dags/example_task_group.py
[2025-01-01T18:36:14.902+0000] {processor.py:925} INFO - DAG(s) 'example_task_group' retrieved from /home/airflow/.local/lib/python3.10/site-packages/airflow/example_dags/example_task_group.py
[2025-01-01T18:36:14.923+0000] {logging_mixin.py:190} INFO - [2025-01-01T18:36:14.922+0000] {dag.py:3239} INFO - Sync 1 DAGs
[2025-01-01T18:36:14.936+0000] {logging_mixin.py:190} INFO - [2025-01-01T18:36:14.936+0000] {dag.py:4180} INFO - Setting next_dagrun for example_task_group to None, run_after=None
[2025-01-01T18:36:14.956+0000] {processor.py:208} INFO - Processing /home/airflow/.local/lib/python3.10/site-packages/airflow/example_dags/example_task_group.py took 0.071 seconds
[2025-01-01T18:36:45.602+0000] {processor.py:186} INFO - Started process (PID=58451) to work on /home/airflow/.local/lib/python3.10/site-packages/airflow/example_dags/example_task_group.py
[2025-01-01T18:36:45.603+0000] {processor.py:914} INFO - Processing file /home/airflow/.local/lib/python3.10/site-packages/airflow/example_dags/example_task_group.py for tasks to queue
[2025-01-01T18:36:45.605+0000] {logging_mixin.py:190} INFO - [2025-01-01T18:36:45.604+0000] {dagbag.py:588} INFO - Filling up the DagBag from /home/airflow/.local/lib/python3.10/site-packages/airflow/example_dags/example_task_group.py
[2025-01-01T18:36:45.615+0000] {processor.py:925} INFO - DAG(s) 'example_task_group' retrieved from /home/airflow/.local/lib/python3.10/site-packages/airflow/example_dags/example_task_group.py
[2025-01-01T18:36:45.634+0000] {logging_mixin.py:190} INFO - [2025-01-01T18:36:45.634+0000] {dag.py:3239} INFO - Sync 1 DAGs
[2025-01-01T18:36:45.647+0000] {logging_mixin.py:190} INFO - [2025-01-01T18:36:45.647+0000] {dag.py:4180} INFO - Setting next_dagrun for example_task_group to None, run_after=None
[2025-01-01T18:36:45.664+0000] {processor.py:208} INFO - Processing /home/airflow/.local/lib/python3.10/site-packages/airflow/example_dags/example_task_group.py took 0.067 seconds
[2025-01-01T18:37:16.644+0000] {processor.py:186} INFO - Started process (PID=58526) to work on /home/airflow/.local/lib/python3.10/site-packages/airflow/example_dags/example_task_group.py
[2025-01-01T18:37:16.645+0000] {processor.py:914} INFO - Processing file /home/airflow/.local/lib/python3.10/site-packages/airflow/example_dags/example_task_group.py for tasks to queue
[2025-01-01T18:37:16.646+0000] {logging_mixin.py:190} INFO - [2025-01-01T18:37:16.646+0000] {dagbag.py:588} INFO - Filling up the DagBag from /home/airflow/.local/lib/python3.10/site-packages/airflow/example_dags/example_task_group.py
[2025-01-01T18:37:16.656+0000] {processor.py:925} INFO - DAG(s) 'example_task_group' retrieved from /home/airflow/.local/lib/python3.10/site-packages/airflow/example_dags/example_task_group.py
[2025-01-01T18:37:16.677+0000] {logging_mixin.py:190} INFO - [2025-01-01T18:37:16.677+0000] {dag.py:3239} INFO - Sync 1 DAGs
[2025-01-01T18:37:16.691+0000] {logging_mixin.py:190} INFO - [2025-01-01T18:37:16.690+0000] {dag.py:4180} INFO - Setting next_dagrun for example_task_group to None, run_after=None
[2025-01-01T18:37:16.706+0000] {processor.py:208} INFO - Processing /home/airflow/.local/lib/python3.10/site-packages/airflow/example_dags/example_task_group.py took 0.067 seconds
[2025-01-01T18:37:47.237+0000] {processor.py:186} INFO - Started process (PID=58594) to work on /home/airflow/.local/lib/python3.10/site-packages/airflow/example_dags/example_task_group.py
[2025-01-01T18:37:47.238+0000] {processor.py:914} INFO - Processing file /home/airflow/.local/lib/python3.10/site-packages/airflow/example_dags/example_task_group.py for tasks to queue
[2025-01-01T18:37:47.240+0000] {logging_mixin.py:190} INFO - [2025-01-01T18:37:47.239+0000] {dagbag.py:588} INFO - Filling up the DagBag from /home/airflow/.local/lib/python3.10/site-packages/airflow/example_dags/example_task_group.py
[2025-01-01T18:37:47.248+0000] {processor.py:925} INFO - DAG(s) 'example_task_group' retrieved from /home/airflow/.local/lib/python3.10/site-packages/airflow/example_dags/example_task_group.py
[2025-01-01T18:37:47.269+0000] {logging_mixin.py:190} INFO - [2025-01-01T18:37:47.269+0000] {dag.py:3239} INFO - Sync 1 DAGs
[2025-01-01T18:37:47.283+0000] {logging_mixin.py:190} INFO - [2025-01-01T18:37:47.282+0000] {dag.py:4180} INFO - Setting next_dagrun for example_task_group to None, run_after=None
[2025-01-01T18:37:47.300+0000] {processor.py:208} INFO - Processing /home/airflow/.local/lib/python3.10/site-packages/airflow/example_dags/example_task_group.py took 0.068 seconds
[2025-01-01T18:38:17.978+0000] {processor.py:186} INFO - Started process (PID=58662) to work on /home/airflow/.local/lib/python3.10/site-packages/airflow/example_dags/example_task_group.py
[2025-01-01T18:38:17.979+0000] {processor.py:914} INFO - Processing file /home/airflow/.local/lib/python3.10/site-packages/airflow/example_dags/example_task_group.py for tasks to queue
[2025-01-01T18:38:17.981+0000] {logging_mixin.py:190} INFO - [2025-01-01T18:38:17.980+0000] {dagbag.py:588} INFO - Filling up the DagBag from /home/airflow/.local/lib/python3.10/site-packages/airflow/example_dags/example_task_group.py
[2025-01-01T18:38:17.990+0000] {processor.py:925} INFO - DAG(s) 'example_task_group' retrieved from /home/airflow/.local/lib/python3.10/site-packages/airflow/example_dags/example_task_group.py
[2025-01-01T18:38:18.010+0000] {logging_mixin.py:190} INFO - [2025-01-01T18:38:18.010+0000] {dag.py:3239} INFO - Sync 1 DAGs
[2025-01-01T18:38:18.023+0000] {logging_mixin.py:190} INFO - [2025-01-01T18:38:18.023+0000] {dag.py:4180} INFO - Setting next_dagrun for example_task_group to None, run_after=None
[2025-01-01T18:38:18.040+0000] {processor.py:208} INFO - Processing /home/airflow/.local/lib/python3.10/site-packages/airflow/example_dags/example_task_group.py took 0.068 seconds
[2025-01-01T18:38:49.590+0000] {processor.py:186} INFO - Started process (PID=58730) to work on /home/airflow/.local/lib/python3.10/site-packages/airflow/example_dags/example_task_group.py
[2025-01-01T18:38:49.591+0000] {processor.py:914} INFO - Processing file /home/airflow/.local/lib/python3.10/site-packages/airflow/example_dags/example_task_group.py for tasks to queue
[2025-01-01T18:38:49.592+0000] {logging_mixin.py:190} INFO - [2025-01-01T18:38:49.592+0000] {dagbag.py:588} INFO - Filling up the DagBag from /home/airflow/.local/lib/python3.10/site-packages/airflow/example_dags/example_task_group.py
[2025-01-01T18:38:49.602+0000] {processor.py:925} INFO - DAG(s) 'example_task_group' retrieved from /home/airflow/.local/lib/python3.10/site-packages/airflow/example_dags/example_task_group.py
[2025-01-01T18:38:49.626+0000] {logging_mixin.py:190} INFO - [2025-01-01T18:38:49.626+0000] {dag.py:3239} INFO - Sync 1 DAGs
[2025-01-01T18:38:49.641+0000] {logging_mixin.py:190} INFO - [2025-01-01T18:38:49.641+0000] {dag.py:4180} INFO - Setting next_dagrun for example_task_group to None, run_after=None
[2025-01-01T18:38:49.658+0000] {processor.py:208} INFO - Processing /home/airflow/.local/lib/python3.10/site-packages/airflow/example_dags/example_task_group.py took 0.075 seconds
[2025-01-01T18:39:20.510+0000] {processor.py:186} INFO - Started process (PID=58798) to work on /home/airflow/.local/lib/python3.10/site-packages/airflow/example_dags/example_task_group.py
[2025-01-01T18:39:20.511+0000] {processor.py:914} INFO - Processing file /home/airflow/.local/lib/python3.10/site-packages/airflow/example_dags/example_task_group.py for tasks to queue
[2025-01-01T18:39:20.512+0000] {logging_mixin.py:190} INFO - [2025-01-01T18:39:20.512+0000] {dagbag.py:588} INFO - Filling up the DagBag from /home/airflow/.local/lib/python3.10/site-packages/airflow/example_dags/example_task_group.py
[2025-01-01T18:39:20.521+0000] {processor.py:925} INFO - DAG(s) 'example_task_group' retrieved from /home/airflow/.local/lib/python3.10/site-packages/airflow/example_dags/example_task_group.py
[2025-01-01T18:39:20.546+0000] {logging_mixin.py:190} INFO - [2025-01-01T18:39:20.545+0000] {dag.py:3239} INFO - Sync 1 DAGs
[2025-01-01T18:39:20.560+0000] {logging_mixin.py:190} INFO - [2025-01-01T18:39:20.560+0000] {dag.py:4180} INFO - Setting next_dagrun for example_task_group to None, run_after=None
[2025-01-01T18:39:20.577+0000] {processor.py:208} INFO - Processing /home/airflow/.local/lib/python3.10/site-packages/airflow/example_dags/example_task_group.py took 0.073 seconds
[2025-01-01T18:39:51.231+0000] {processor.py:186} INFO - Started process (PID=58866) to work on /home/airflow/.local/lib/python3.10/site-packages/airflow/example_dags/example_task_group.py
[2025-01-01T18:39:51.232+0000] {processor.py:914} INFO - Processing file /home/airflow/.local/lib/python3.10/site-packages/airflow/example_dags/example_task_group.py for tasks to queue
[2025-01-01T18:39:51.233+0000] {logging_mixin.py:190} INFO - [2025-01-01T18:39:51.233+0000] {dagbag.py:588} INFO - Filling up the DagBag from /home/airflow/.local/lib/python3.10/site-packages/airflow/example_dags/example_task_group.py
[2025-01-01T18:39:51.242+0000] {processor.py:925} INFO - DAG(s) 'example_task_group' retrieved from /home/airflow/.local/lib/python3.10/site-packages/airflow/example_dags/example_task_group.py
[2025-01-01T18:39:51.262+0000] {logging_mixin.py:190} INFO - [2025-01-01T18:39:51.261+0000] {dag.py:3239} INFO - Sync 1 DAGs
[2025-01-01T18:39:51.274+0000] {logging_mixin.py:190} INFO - [2025-01-01T18:39:51.274+0000] {dag.py:4180} INFO - Setting next_dagrun for example_task_group to None, run_after=None
[2025-01-01T18:39:51.289+0000] {processor.py:208} INFO - Processing /home/airflow/.local/lib/python3.10/site-packages/airflow/example_dags/example_task_group.py took 0.064 seconds
[2025-01-01T18:40:21.700+0000] {processor.py:186} INFO - Started process (PID=58934) to work on /home/airflow/.local/lib/python3.10/site-packages/airflow/example_dags/example_task_group.py
[2025-01-01T18:40:21.701+0000] {processor.py:914} INFO - Processing file /home/airflow/.local/lib/python3.10/site-packages/airflow/example_dags/example_task_group.py for tasks to queue
[2025-01-01T18:40:21.703+0000] {logging_mixin.py:190} INFO - [2025-01-01T18:40:21.702+0000] {dagbag.py:588} INFO - Filling up the DagBag from /home/airflow/.local/lib/python3.10/site-packages/airflow/example_dags/example_task_group.py
[2025-01-01T18:40:21.711+0000] {processor.py:925} INFO - DAG(s) 'example_task_group' retrieved from /home/airflow/.local/lib/python3.10/site-packages/airflow/example_dags/example_task_group.py
[2025-01-01T18:40:21.731+0000] {logging_mixin.py:190} INFO - [2025-01-01T18:40:21.731+0000] {dag.py:3239} INFO - Sync 1 DAGs
[2025-01-01T18:40:21.745+0000] {logging_mixin.py:190} INFO - [2025-01-01T18:40:21.744+0000] {dag.py:4180} INFO - Setting next_dagrun for example_task_group to None, run_after=None
[2025-01-01T18:40:21.761+0000] {processor.py:208} INFO - Processing /home/airflow/.local/lib/python3.10/site-packages/airflow/example_dags/example_task_group.py took 0.067 seconds
[2025-01-01T18:40:52.494+0000] {processor.py:186} INFO - Started process (PID=59002) to work on /home/airflow/.local/lib/python3.10/site-packages/airflow/example_dags/example_task_group.py
[2025-01-01T18:40:52.495+0000] {processor.py:914} INFO - Processing file /home/airflow/.local/lib/python3.10/site-packages/airflow/example_dags/example_task_group.py for tasks to queue
[2025-01-01T18:40:52.496+0000] {logging_mixin.py:190} INFO - [2025-01-01T18:40:52.496+0000] {dagbag.py:588} INFO - Filling up the DagBag from /home/airflow/.local/lib/python3.10/site-packages/airflow/example_dags/example_task_group.py
[2025-01-01T18:40:52.506+0000] {processor.py:925} INFO - DAG(s) 'example_task_group' retrieved from /home/airflow/.local/lib/python3.10/site-packages/airflow/example_dags/example_task_group.py
[2025-01-01T18:40:52.529+0000] {logging_mixin.py:190} INFO - [2025-01-01T18:40:52.529+0000] {dag.py:3239} INFO - Sync 1 DAGs
[2025-01-01T18:40:52.544+0000] {logging_mixin.py:190} INFO - [2025-01-01T18:40:52.543+0000] {dag.py:4180} INFO - Setting next_dagrun for example_task_group to None, run_after=None
[2025-01-01T18:40:52.562+0000] {processor.py:208} INFO - Processing /home/airflow/.local/lib/python3.10/site-packages/airflow/example_dags/example_task_group.py took 0.075 seconds
[2025-01-01T18:41:22.980+0000] {processor.py:186} INFO - Started process (PID=59069) to work on /home/airflow/.local/lib/python3.10/site-packages/airflow/example_dags/example_task_group.py
[2025-01-01T18:41:22.982+0000] {processor.py:914} INFO - Processing file /home/airflow/.local/lib/python3.10/site-packages/airflow/example_dags/example_task_group.py for tasks to queue
[2025-01-01T18:41:22.984+0000] {logging_mixin.py:190} INFO - [2025-01-01T18:41:22.984+0000] {dagbag.py:588} INFO - Filling up the DagBag from /home/airflow/.local/lib/python3.10/site-packages/airflow/example_dags/example_task_group.py
[2025-01-01T18:41:22.996+0000] {processor.py:925} INFO - DAG(s) 'example_task_group' retrieved from /home/airflow/.local/lib/python3.10/site-packages/airflow/example_dags/example_task_group.py
[2025-01-01T18:41:23.017+0000] {logging_mixin.py:190} INFO - [2025-01-01T18:41:23.016+0000] {dag.py:3239} INFO - Sync 1 DAGs
[2025-01-01T18:41:23.030+0000] {logging_mixin.py:190} INFO - [2025-01-01T18:41:23.030+0000] {dag.py:4180} INFO - Setting next_dagrun for example_task_group to None, run_after=None
[2025-01-01T18:41:23.049+0000] {processor.py:208} INFO - Processing /home/airflow/.local/lib/python3.10/site-packages/airflow/example_dags/example_task_group.py took 0.076 seconds
[2025-01-01T18:41:53.455+0000] {processor.py:186} INFO - Started process (PID=59136) to work on /home/airflow/.local/lib/python3.10/site-packages/airflow/example_dags/example_task_group.py
[2025-01-01T18:41:53.457+0000] {processor.py:914} INFO - Processing file /home/airflow/.local/lib/python3.10/site-packages/airflow/example_dags/example_task_group.py for tasks to queue
[2025-01-01T18:41:53.458+0000] {logging_mixin.py:190} INFO - [2025-01-01T18:41:53.458+0000] {dagbag.py:588} INFO - Filling up the DagBag from /home/airflow/.local/lib/python3.10/site-packages/airflow/example_dags/example_task_group.py
[2025-01-01T18:41:53.468+0000] {processor.py:925} INFO - DAG(s) 'example_task_group' retrieved from /home/airflow/.local/lib/python3.10/site-packages/airflow/example_dags/example_task_group.py
[2025-01-01T18:41:53.491+0000] {logging_mixin.py:190} INFO - [2025-01-01T18:41:53.490+0000] {dag.py:3239} INFO - Sync 1 DAGs
[2025-01-01T18:41:53.504+0000] {logging_mixin.py:190} INFO - [2025-01-01T18:41:53.504+0000] {dag.py:4180} INFO - Setting next_dagrun for example_task_group to None, run_after=None
[2025-01-01T18:41:53.521+0000] {processor.py:208} INFO - Processing /home/airflow/.local/lib/python3.10/site-packages/airflow/example_dags/example_task_group.py took 0.072 seconds
[2025-01-01T18:42:24.725+0000] {processor.py:186} INFO - Started process (PID=59205) to work on /home/airflow/.local/lib/python3.10/site-packages/airflow/example_dags/example_task_group.py
[2025-01-01T18:42:24.726+0000] {processor.py:914} INFO - Processing file /home/airflow/.local/lib/python3.10/site-packages/airflow/example_dags/example_task_group.py for tasks to queue
[2025-01-01T18:42:24.727+0000] {logging_mixin.py:190} INFO - [2025-01-01T18:42:24.727+0000] {dagbag.py:588} INFO - Filling up the DagBag from /home/airflow/.local/lib/python3.10/site-packages/airflow/example_dags/example_task_group.py
[2025-01-01T18:42:24.736+0000] {processor.py:925} INFO - DAG(s) 'example_task_group' retrieved from /home/airflow/.local/lib/python3.10/site-packages/airflow/example_dags/example_task_group.py
[2025-01-01T18:42:24.757+0000] {logging_mixin.py:190} INFO - [2025-01-01T18:42:24.756+0000] {dag.py:3239} INFO - Sync 1 DAGs
[2025-01-01T18:42:24.769+0000] {logging_mixin.py:190} INFO - [2025-01-01T18:42:24.769+0000] {dag.py:4180} INFO - Setting next_dagrun for example_task_group to None, run_after=None
[2025-01-01T18:42:24.787+0000] {processor.py:208} INFO - Processing /home/airflow/.local/lib/python3.10/site-packages/airflow/example_dags/example_task_group.py took 0.069 seconds
[2025-01-01T18:42:55.480+0000] {processor.py:186} INFO - Started process (PID=59273) to work on /home/airflow/.local/lib/python3.10/site-packages/airflow/example_dags/example_task_group.py
[2025-01-01T18:42:55.481+0000] {processor.py:914} INFO - Processing file /home/airflow/.local/lib/python3.10/site-packages/airflow/example_dags/example_task_group.py for tasks to queue
[2025-01-01T18:42:55.482+0000] {logging_mixin.py:190} INFO - [2025-01-01T18:42:55.482+0000] {dagbag.py:588} INFO - Filling up the DagBag from /home/airflow/.local/lib/python3.10/site-packages/airflow/example_dags/example_task_group.py
[2025-01-01T18:42:55.491+0000] {processor.py:925} INFO - DAG(s) 'example_task_group' retrieved from /home/airflow/.local/lib/python3.10/site-packages/airflow/example_dags/example_task_group.py
[2025-01-01T18:42:55.512+0000] {logging_mixin.py:190} INFO - [2025-01-01T18:42:55.512+0000] {dag.py:3239} INFO - Sync 1 DAGs
[2025-01-01T18:42:55.526+0000] {logging_mixin.py:190} INFO - [2025-01-01T18:42:55.525+0000] {dag.py:4180} INFO - Setting next_dagrun for example_task_group to None, run_after=None
[2025-01-01T18:42:55.542+0000] {processor.py:208} INFO - Processing /home/airflow/.local/lib/python3.10/site-packages/airflow/example_dags/example_task_group.py took 0.069 seconds
[2025-01-01T18:43:26.368+0000] {processor.py:186} INFO - Started process (PID=59341) to work on /home/airflow/.local/lib/python3.10/site-packages/airflow/example_dags/example_task_group.py
[2025-01-01T18:43:26.369+0000] {processor.py:914} INFO - Processing file /home/airflow/.local/lib/python3.10/site-packages/airflow/example_dags/example_task_group.py for tasks to queue
[2025-01-01T18:43:26.371+0000] {logging_mixin.py:190} INFO - [2025-01-01T18:43:26.371+0000] {dagbag.py:588} INFO - Filling up the DagBag from /home/airflow/.local/lib/python3.10/site-packages/airflow/example_dags/example_task_group.py
[2025-01-01T18:43:26.380+0000] {processor.py:925} INFO - DAG(s) 'example_task_group' retrieved from /home/airflow/.local/lib/python3.10/site-packages/airflow/example_dags/example_task_group.py
[2025-01-01T18:43:26.400+0000] {logging_mixin.py:190} INFO - [2025-01-01T18:43:26.400+0000] {dag.py:3239} INFO - Sync 1 DAGs
[2025-01-01T18:43:26.413+0000] {logging_mixin.py:190} INFO - [2025-01-01T18:43:26.413+0000] {dag.py:4180} INFO - Setting next_dagrun for example_task_group to None, run_after=None
[2025-01-01T18:43:26.430+0000] {processor.py:208} INFO - Processing /home/airflow/.local/lib/python3.10/site-packages/airflow/example_dags/example_task_group.py took 0.069 seconds
[2025-01-01T18:43:56.977+0000] {processor.py:186} INFO - Started process (PID=59409) to work on /home/airflow/.local/lib/python3.10/site-packages/airflow/example_dags/example_task_group.py
[2025-01-01T18:43:56.978+0000] {processor.py:914} INFO - Processing file /home/airflow/.local/lib/python3.10/site-packages/airflow/example_dags/example_task_group.py for tasks to queue
[2025-01-01T18:43:56.979+0000] {logging_mixin.py:190} INFO - [2025-01-01T18:43:56.979+0000] {dagbag.py:588} INFO - Filling up the DagBag from /home/airflow/.local/lib/python3.10/site-packages/airflow/example_dags/example_task_group.py
[2025-01-01T18:43:56.988+0000] {processor.py:925} INFO - DAG(s) 'example_task_group' retrieved from /home/airflow/.local/lib/python3.10/site-packages/airflow/example_dags/example_task_group.py
[2025-01-01T18:43:57.008+0000] {logging_mixin.py:190} INFO - [2025-01-01T18:43:57.008+0000] {dag.py:3239} INFO - Sync 1 DAGs
[2025-01-01T18:43:57.025+0000] {logging_mixin.py:190} INFO - [2025-01-01T18:43:57.024+0000] {dag.py:4180} INFO - Setting next_dagrun for example_task_group to None, run_after=None
[2025-01-01T18:43:57.043+0000] {processor.py:208} INFO - Processing /home/airflow/.local/lib/python3.10/site-packages/airflow/example_dags/example_task_group.py took 0.072 seconds
[2025-01-01T18:44:27.574+0000] {processor.py:186} INFO - Started process (PID=59477) to work on /home/airflow/.local/lib/python3.10/site-packages/airflow/example_dags/example_task_group.py
[2025-01-01T18:44:27.575+0000] {processor.py:914} INFO - Processing file /home/airflow/.local/lib/python3.10/site-packages/airflow/example_dags/example_task_group.py for tasks to queue
[2025-01-01T18:44:27.577+0000] {logging_mixin.py:190} INFO - [2025-01-01T18:44:27.577+0000] {dagbag.py:588} INFO - Filling up the DagBag from /home/airflow/.local/lib/python3.10/site-packages/airflow/example_dags/example_task_group.py
[2025-01-01T18:44:27.586+0000] {processor.py:925} INFO - DAG(s) 'example_task_group' retrieved from /home/airflow/.local/lib/python3.10/site-packages/airflow/example_dags/example_task_group.py
[2025-01-01T18:44:27.607+0000] {logging_mixin.py:190} INFO - [2025-01-01T18:44:27.606+0000] {dag.py:3239} INFO - Sync 1 DAGs
[2025-01-01T18:44:27.620+0000] {logging_mixin.py:190} INFO - [2025-01-01T18:44:27.620+0000] {dag.py:4180} INFO - Setting next_dagrun for example_task_group to None, run_after=None
[2025-01-01T18:44:27.638+0000] {processor.py:208} INFO - Processing /home/airflow/.local/lib/python3.10/site-packages/airflow/example_dags/example_task_group.py took 0.070 seconds
[2025-01-01T18:44:58.294+0000] {processor.py:186} INFO - Started process (PID=59545) to work on /home/airflow/.local/lib/python3.10/site-packages/airflow/example_dags/example_task_group.py
[2025-01-01T18:44:58.296+0000] {processor.py:914} INFO - Processing file /home/airflow/.local/lib/python3.10/site-packages/airflow/example_dags/example_task_group.py for tasks to queue
[2025-01-01T18:44:58.297+0000] {logging_mixin.py:190} INFO - [2025-01-01T18:44:58.297+0000] {dagbag.py:588} INFO - Filling up the DagBag from /home/airflow/.local/lib/python3.10/site-packages/airflow/example_dags/example_task_group.py
[2025-01-01T18:44:58.306+0000] {processor.py:925} INFO - DAG(s) 'example_task_group' retrieved from /home/airflow/.local/lib/python3.10/site-packages/airflow/example_dags/example_task_group.py
[2025-01-01T18:44:58.327+0000] {logging_mixin.py:190} INFO - [2025-01-01T18:44:58.326+0000] {dag.py:3239} INFO - Sync 1 DAGs
[2025-01-01T18:44:58.341+0000] {logging_mixin.py:190} INFO - [2025-01-01T18:44:58.341+0000] {dag.py:4180} INFO - Setting next_dagrun for example_task_group to None, run_after=None
[2025-01-01T18:44:58.360+0000] {processor.py:208} INFO - Processing /home/airflow/.local/lib/python3.10/site-packages/airflow/example_dags/example_task_group.py took 0.072 seconds
[2025-01-01T18:45:29.355+0000] {processor.py:186} INFO - Started process (PID=59613) to work on /home/airflow/.local/lib/python3.10/site-packages/airflow/example_dags/example_task_group.py
[2025-01-01T18:45:29.356+0000] {processor.py:914} INFO - Processing file /home/airflow/.local/lib/python3.10/site-packages/airflow/example_dags/example_task_group.py for tasks to queue
[2025-01-01T18:45:29.358+0000] {logging_mixin.py:190} INFO - [2025-01-01T18:45:29.358+0000] {dagbag.py:588} INFO - Filling up the DagBag from /home/airflow/.local/lib/python3.10/site-packages/airflow/example_dags/example_task_group.py
[2025-01-01T18:45:29.368+0000] {processor.py:925} INFO - DAG(s) 'example_task_group' retrieved from /home/airflow/.local/lib/python3.10/site-packages/airflow/example_dags/example_task_group.py
[2025-01-01T18:45:29.390+0000] {logging_mixin.py:190} INFO - [2025-01-01T18:45:29.389+0000] {dag.py:3239} INFO - Sync 1 DAGs
[2025-01-01T18:45:29.406+0000] {logging_mixin.py:190} INFO - [2025-01-01T18:45:29.405+0000] {dag.py:4180} INFO - Setting next_dagrun for example_task_group to None, run_after=None
[2025-01-01T18:45:29.435+0000] {processor.py:208} INFO - Processing /home/airflow/.local/lib/python3.10/site-packages/airflow/example_dags/example_task_group.py took 0.086 seconds
[2025-01-01T18:46:00.120+0000] {processor.py:186} INFO - Started process (PID=59681) to work on /home/airflow/.local/lib/python3.10/site-packages/airflow/example_dags/example_task_group.py
[2025-01-01T18:46:00.121+0000] {processor.py:914} INFO - Processing file /home/airflow/.local/lib/python3.10/site-packages/airflow/example_dags/example_task_group.py for tasks to queue
[2025-01-01T18:46:00.122+0000] {logging_mixin.py:190} INFO - [2025-01-01T18:46:00.122+0000] {dagbag.py:588} INFO - Filling up the DagBag from /home/airflow/.local/lib/python3.10/site-packages/airflow/example_dags/example_task_group.py
[2025-01-01T18:46:00.132+0000] {processor.py:925} INFO - DAG(s) 'example_task_group' retrieved from /home/airflow/.local/lib/python3.10/site-packages/airflow/example_dags/example_task_group.py
[2025-01-01T18:46:00.153+0000] {logging_mixin.py:190} INFO - [2025-01-01T18:46:00.153+0000] {dag.py:3239} INFO - Sync 1 DAGs
[2025-01-01T18:46:00.169+0000] {logging_mixin.py:190} INFO - [2025-01-01T18:46:00.168+0000] {dag.py:4180} INFO - Setting next_dagrun for example_task_group to None, run_after=None
[2025-01-01T18:46:00.194+0000] {processor.py:208} INFO - Processing /home/airflow/.local/lib/python3.10/site-packages/airflow/example_dags/example_task_group.py took 0.081 seconds
[2025-01-01T18:46:30.791+0000] {processor.py:186} INFO - Started process (PID=59749) to work on /home/airflow/.local/lib/python3.10/site-packages/airflow/example_dags/example_task_group.py
[2025-01-01T18:46:30.792+0000] {processor.py:914} INFO - Processing file /home/airflow/.local/lib/python3.10/site-packages/airflow/example_dags/example_task_group.py for tasks to queue
[2025-01-01T18:46:30.794+0000] {logging_mixin.py:190} INFO - [2025-01-01T18:46:30.793+0000] {dagbag.py:588} INFO - Filling up the DagBag from /home/airflow/.local/lib/python3.10/site-packages/airflow/example_dags/example_task_group.py
[2025-01-01T18:46:30.803+0000] {processor.py:925} INFO - DAG(s) 'example_task_group' retrieved from /home/airflow/.local/lib/python3.10/site-packages/airflow/example_dags/example_task_group.py
[2025-01-01T18:46:30.823+0000] {logging_mixin.py:190} INFO - [2025-01-01T18:46:30.823+0000] {dag.py:3239} INFO - Sync 1 DAGs
[2025-01-01T18:46:30.837+0000] {logging_mixin.py:190} INFO - [2025-01-01T18:46:30.836+0000] {dag.py:4180} INFO - Setting next_dagrun for example_task_group to None, run_after=None
[2025-01-01T18:46:30.853+0000] {processor.py:208} INFO - Processing /home/airflow/.local/lib/python3.10/site-packages/airflow/example_dags/example_task_group.py took 0.069 seconds
[2025-01-01T18:47:01.589+0000] {processor.py:186} INFO - Started process (PID=59817) to work on /home/airflow/.local/lib/python3.10/site-packages/airflow/example_dags/example_task_group.py
[2025-01-01T18:47:01.590+0000] {processor.py:914} INFO - Processing file /home/airflow/.local/lib/python3.10/site-packages/airflow/example_dags/example_task_group.py for tasks to queue
[2025-01-01T18:47:01.591+0000] {logging_mixin.py:190} INFO - [2025-01-01T18:47:01.591+0000] {dagbag.py:588} INFO - Filling up the DagBag from /home/airflow/.local/lib/python3.10/site-packages/airflow/example_dags/example_task_group.py
[2025-01-01T18:47:01.600+0000] {processor.py:925} INFO - DAG(s) 'example_task_group' retrieved from /home/airflow/.local/lib/python3.10/site-packages/airflow/example_dags/example_task_group.py
[2025-01-01T18:47:01.621+0000] {logging_mixin.py:190} INFO - [2025-01-01T18:47:01.620+0000] {dag.py:3239} INFO - Sync 1 DAGs
[2025-01-01T18:47:01.634+0000] {logging_mixin.py:190} INFO - [2025-01-01T18:47:01.634+0000] {dag.py:4180} INFO - Setting next_dagrun for example_task_group to None, run_after=None
[2025-01-01T18:47:01.649+0000] {processor.py:208} INFO - Processing /home/airflow/.local/lib/python3.10/site-packages/airflow/example_dags/example_task_group.py took 0.066 seconds
[2025-01-01T18:47:32.477+0000] {processor.py:186} INFO - Started process (PID=59885) to work on /home/airflow/.local/lib/python3.10/site-packages/airflow/example_dags/example_task_group.py
[2025-01-01T18:47:32.478+0000] {processor.py:914} INFO - Processing file /home/airflow/.local/lib/python3.10/site-packages/airflow/example_dags/example_task_group.py for tasks to queue
[2025-01-01T18:47:32.480+0000] {logging_mixin.py:190} INFO - [2025-01-01T18:47:32.480+0000] {dagbag.py:588} INFO - Filling up the DagBag from /home/airflow/.local/lib/python3.10/site-packages/airflow/example_dags/example_task_group.py
[2025-01-01T18:47:32.488+0000] {processor.py:925} INFO - DAG(s) 'example_task_group' retrieved from /home/airflow/.local/lib/python3.10/site-packages/airflow/example_dags/example_task_group.py
[2025-01-01T18:47:32.509+0000] {logging_mixin.py:190} INFO - [2025-01-01T18:47:32.509+0000] {dag.py:3239} INFO - Sync 1 DAGs
[2025-01-01T18:47:32.522+0000] {logging_mixin.py:190} INFO - [2025-01-01T18:47:32.522+0000] {dag.py:4180} INFO - Setting next_dagrun for example_task_group to None, run_after=None
[2025-01-01T18:47:32.539+0000] {processor.py:208} INFO - Processing /home/airflow/.local/lib/python3.10/site-packages/airflow/example_dags/example_task_group.py took 0.068 seconds
