[2025-01-01T18:19:06.468+0000] {processor.py:186} INFO - Started process (PID=56138) to work on /home/airflow/.local/lib/python3.10/site-packages/airflow/example_dags/example_params_trigger_ui.py
[2025-01-01T18:19:06.471+0000] {processor.py:914} INFO - Processing file /home/airflow/.local/lib/python3.10/site-packages/airflow/example_dags/example_params_trigger_ui.py for tasks to queue
[2025-01-01T18:19:06.473+0000] {logging_mixin.py:190} INFO - [2025-01-01T18:19:06.472+0000] {dagbag.py:588} INFO - Filling up the DagBag from /home/airflow/.local/lib/python3.10/site-packages/airflow/example_dags/example_params_trigger_ui.py
[2025-01-01T18:19:06.490+0000] {processor.py:925} INFO - DAG(s) 'example_params_trigger_ui' retrieved from /home/airflow/.local/lib/python3.10/site-packages/airflow/example_dags/example_params_trigger_ui.py
[2025-01-01T18:19:06.545+0000] {logging_mixin.py:190} INFO - [2025-01-01T18:19:06.545+0000] {dag.py:3239} INFO - Sync 1 DAGs
[2025-01-01T18:19:06.565+0000] {logging_mixin.py:190} INFO - [2025-01-01T18:19:06.565+0000] {dag.py:4180} INFO - Setting next_dagrun for example_params_trigger_ui to None, run_after=None
[2025-01-01T18:19:06.603+0000] {processor.py:208} INFO - Processing /home/airflow/.local/lib/python3.10/site-packages/airflow/example_dags/example_params_trigger_ui.py took 0.143 seconds
[2025-01-01T18:19:47.662+0000] {processor.py:186} INFO - Started process (PID=56217) to work on /home/airflow/.local/lib/python3.10/site-packages/airflow/example_dags/example_params_trigger_ui.py
[2025-01-01T18:19:47.664+0000] {processor.py:914} INFO - Processing file /home/airflow/.local/lib/python3.10/site-packages/airflow/example_dags/example_params_trigger_ui.py for tasks to queue
[2025-01-01T18:19:47.665+0000] {logging_mixin.py:190} INFO - [2025-01-01T18:19:47.665+0000] {dagbag.py:588} INFO - Filling up the DagBag from /home/airflow/.local/lib/python3.10/site-packages/airflow/example_dags/example_params_trigger_ui.py
[2025-01-01T18:19:47.679+0000] {processor.py:925} INFO - DAG(s) 'example_params_trigger_ui' retrieved from /home/airflow/.local/lib/python3.10/site-packages/airflow/example_dags/example_params_trigger_ui.py
[2025-01-01T18:19:47.730+0000] {logging_mixin.py:190} INFO - [2025-01-01T18:19:47.729+0000] {dag.py:3239} INFO - Sync 1 DAGs
[2025-01-01T18:19:47.745+0000] {logging_mixin.py:190} INFO - [2025-01-01T18:19:47.745+0000] {dag.py:4180} INFO - Setting next_dagrun for example_params_trigger_ui to None, run_after=None
[2025-01-01T18:19:47.766+0000] {processor.py:208} INFO - Processing /home/airflow/.local/lib/python3.10/site-packages/airflow/example_dags/example_params_trigger_ui.py took 0.110 seconds
[2025-01-01T18:20:18.121+0000] {processor.py:186} INFO - Started process (PID=56286) to work on /home/airflow/.local/lib/python3.10/site-packages/airflow/example_dags/example_params_trigger_ui.py
[2025-01-01T18:20:18.122+0000] {processor.py:914} INFO - Processing file /home/airflow/.local/lib/python3.10/site-packages/airflow/example_dags/example_params_trigger_ui.py for tasks to queue
[2025-01-01T18:20:18.124+0000] {logging_mixin.py:190} INFO - [2025-01-01T18:20:18.123+0000] {dagbag.py:588} INFO - Filling up the DagBag from /home/airflow/.local/lib/python3.10/site-packages/airflow/example_dags/example_params_trigger_ui.py
[2025-01-01T18:20:18.138+0000] {processor.py:925} INFO - DAG(s) 'example_params_trigger_ui' retrieved from /home/airflow/.local/lib/python3.10/site-packages/airflow/example_dags/example_params_trigger_ui.py
[2025-01-01T18:20:18.185+0000] {logging_mixin.py:190} INFO - [2025-01-01T18:20:18.184+0000] {dag.py:3239} INFO - Sync 1 DAGs
[2025-01-01T18:20:18.199+0000] {logging_mixin.py:190} INFO - [2025-01-01T18:20:18.199+0000] {dag.py:4180} INFO - Setting next_dagrun for example_params_trigger_ui to None, run_after=None
[2025-01-01T18:20:18.219+0000] {processor.py:208} INFO - Processing /home/airflow/.local/lib/python3.10/site-packages/airflow/example_dags/example_params_trigger_ui.py took 0.105 seconds
[2025-01-01T18:20:48.892+0000] {processor.py:186} INFO - Started process (PID=56354) to work on /home/airflow/.local/lib/python3.10/site-packages/airflow/example_dags/example_params_trigger_ui.py
[2025-01-01T18:20:48.894+0000] {processor.py:914} INFO - Processing file /home/airflow/.local/lib/python3.10/site-packages/airflow/example_dags/example_params_trigger_ui.py for tasks to queue
[2025-01-01T18:20:48.897+0000] {logging_mixin.py:190} INFO - [2025-01-01T18:20:48.896+0000] {dagbag.py:588} INFO - Filling up the DagBag from /home/airflow/.local/lib/python3.10/site-packages/airflow/example_dags/example_params_trigger_ui.py
[2025-01-01T18:20:48.918+0000] {processor.py:925} INFO - DAG(s) 'example_params_trigger_ui' retrieved from /home/airflow/.local/lib/python3.10/site-packages/airflow/example_dags/example_params_trigger_ui.py
[2025-01-01T18:20:48.992+0000] {logging_mixin.py:190} INFO - [2025-01-01T18:20:48.992+0000] {dag.py:3239} INFO - Sync 1 DAGs
[2025-01-01T18:20:49.019+0000] {logging_mixin.py:190} INFO - [2025-01-01T18:20:49.019+0000] {dag.py:4180} INFO - Setting next_dagrun for example_params_trigger_ui to None, run_after=None
[2025-01-01T18:20:49.054+0000] {processor.py:208} INFO - Processing /home/airflow/.local/lib/python3.10/site-packages/airflow/example_dags/example_params_trigger_ui.py took 0.172 seconds
[2025-01-01T18:21:19.238+0000] {processor.py:186} INFO - Started process (PID=56423) to work on /home/airflow/.local/lib/python3.10/site-packages/airflow/example_dags/example_params_trigger_ui.py
[2025-01-01T18:21:19.240+0000] {processor.py:914} INFO - Processing file /home/airflow/.local/lib/python3.10/site-packages/airflow/example_dags/example_params_trigger_ui.py for tasks to queue
[2025-01-01T18:21:19.241+0000] {logging_mixin.py:190} INFO - [2025-01-01T18:21:19.241+0000] {dagbag.py:588} INFO - Filling up the DagBag from /home/airflow/.local/lib/python3.10/site-packages/airflow/example_dags/example_params_trigger_ui.py
[2025-01-01T18:21:19.255+0000] {processor.py:925} INFO - DAG(s) 'example_params_trigger_ui' retrieved from /home/airflow/.local/lib/python3.10/site-packages/airflow/example_dags/example_params_trigger_ui.py
[2025-01-01T18:21:19.298+0000] {logging_mixin.py:190} INFO - [2025-01-01T18:21:19.298+0000] {dag.py:3239} INFO - Sync 1 DAGs
[2025-01-01T18:21:19.311+0000] {logging_mixin.py:190} INFO - [2025-01-01T18:21:19.311+0000] {dag.py:4180} INFO - Setting next_dagrun for example_params_trigger_ui to None, run_after=None
[2025-01-01T18:21:19.328+0000] {processor.py:208} INFO - Processing /home/airflow/.local/lib/python3.10/site-packages/airflow/example_dags/example_params_trigger_ui.py took 0.097 seconds
[2025-01-01T18:21:49.487+0000] {processor.py:186} INFO - Started process (PID=56491) to work on /home/airflow/.local/lib/python3.10/site-packages/airflow/example_dags/example_params_trigger_ui.py
[2025-01-01T18:21:49.488+0000] {processor.py:914} INFO - Processing file /home/airflow/.local/lib/python3.10/site-packages/airflow/example_dags/example_params_trigger_ui.py for tasks to queue
[2025-01-01T18:21:49.489+0000] {logging_mixin.py:190} INFO - [2025-01-01T18:21:49.489+0000] {dagbag.py:588} INFO - Filling up the DagBag from /home/airflow/.local/lib/python3.10/site-packages/airflow/example_dags/example_params_trigger_ui.py
[2025-01-01T18:21:49.501+0000] {processor.py:925} INFO - DAG(s) 'example_params_trigger_ui' retrieved from /home/airflow/.local/lib/python3.10/site-packages/airflow/example_dags/example_params_trigger_ui.py
[2025-01-01T18:21:49.554+0000] {logging_mixin.py:190} INFO - [2025-01-01T18:21:49.554+0000] {dag.py:3239} INFO - Sync 1 DAGs
[2025-01-01T18:21:49.567+0000] {logging_mixin.py:190} INFO - [2025-01-01T18:21:49.567+0000] {dag.py:4180} INFO - Setting next_dagrun for example_params_trigger_ui to None, run_after=None
[2025-01-01T18:21:49.585+0000] {processor.py:208} INFO - Processing /home/airflow/.local/lib/python3.10/site-packages/airflow/example_dags/example_params_trigger_ui.py took 0.104 seconds
[2025-01-01T18:22:19.775+0000] {processor.py:186} INFO - Started process (PID=56558) to work on /home/airflow/.local/lib/python3.10/site-packages/airflow/example_dags/example_params_trigger_ui.py
[2025-01-01T18:22:19.776+0000] {processor.py:914} INFO - Processing file /home/airflow/.local/lib/python3.10/site-packages/airflow/example_dags/example_params_trigger_ui.py for tasks to queue
[2025-01-01T18:22:19.778+0000] {logging_mixin.py:190} INFO - [2025-01-01T18:22:19.777+0000] {dagbag.py:588} INFO - Filling up the DagBag from /home/airflow/.local/lib/python3.10/site-packages/airflow/example_dags/example_params_trigger_ui.py
[2025-01-01T18:22:19.790+0000] {processor.py:925} INFO - DAG(s) 'example_params_trigger_ui' retrieved from /home/airflow/.local/lib/python3.10/site-packages/airflow/example_dags/example_params_trigger_ui.py
[2025-01-01T18:22:19.837+0000] {logging_mixin.py:190} INFO - [2025-01-01T18:22:19.837+0000] {dag.py:3239} INFO - Sync 1 DAGs
[2025-01-01T18:22:19.851+0000] {logging_mixin.py:190} INFO - [2025-01-01T18:22:19.851+0000] {dag.py:4180} INFO - Setting next_dagrun for example_params_trigger_ui to None, run_after=None
[2025-01-01T18:22:19.867+0000] {processor.py:208} INFO - Processing /home/airflow/.local/lib/python3.10/site-packages/airflow/example_dags/example_params_trigger_ui.py took 0.098 seconds
[2025-01-01T18:22:50.655+0000] {processor.py:186} INFO - Started process (PID=56626) to work on /home/airflow/.local/lib/python3.10/site-packages/airflow/example_dags/example_params_trigger_ui.py
[2025-01-01T18:22:50.657+0000] {processor.py:914} INFO - Processing file /home/airflow/.local/lib/python3.10/site-packages/airflow/example_dags/example_params_trigger_ui.py for tasks to queue
[2025-01-01T18:22:50.660+0000] {logging_mixin.py:190} INFO - [2025-01-01T18:22:50.659+0000] {dagbag.py:588} INFO - Filling up the DagBag from /home/airflow/.local/lib/python3.10/site-packages/airflow/example_dags/example_params_trigger_ui.py
[2025-01-01T18:22:50.674+0000] {processor.py:925} INFO - DAG(s) 'example_params_trigger_ui' retrieved from /home/airflow/.local/lib/python3.10/site-packages/airflow/example_dags/example_params_trigger_ui.py
[2025-01-01T18:22:50.724+0000] {logging_mixin.py:190} INFO - [2025-01-01T18:22:50.724+0000] {dag.py:3239} INFO - Sync 1 DAGs
[2025-01-01T18:22:50.737+0000] {logging_mixin.py:190} INFO - [2025-01-01T18:22:50.736+0000] {dag.py:4180} INFO - Setting next_dagrun for example_params_trigger_ui to None, run_after=None
[2025-01-01T18:22:50.757+0000] {processor.py:208} INFO - Processing /home/airflow/.local/lib/python3.10/site-packages/airflow/example_dags/example_params_trigger_ui.py took 0.111 seconds
[2025-01-01T18:23:21.538+0000] {processor.py:186} INFO - Started process (PID=56694) to work on /home/airflow/.local/lib/python3.10/site-packages/airflow/example_dags/example_params_trigger_ui.py
[2025-01-01T18:23:21.539+0000] {processor.py:914} INFO - Processing file /home/airflow/.local/lib/python3.10/site-packages/airflow/example_dags/example_params_trigger_ui.py for tasks to queue
[2025-01-01T18:23:21.541+0000] {logging_mixin.py:190} INFO - [2025-01-01T18:23:21.540+0000] {dagbag.py:588} INFO - Filling up the DagBag from /home/airflow/.local/lib/python3.10/site-packages/airflow/example_dags/example_params_trigger_ui.py
[2025-01-01T18:23:21.554+0000] {processor.py:925} INFO - DAG(s) 'example_params_trigger_ui' retrieved from /home/airflow/.local/lib/python3.10/site-packages/airflow/example_dags/example_params_trigger_ui.py
[2025-01-01T18:23:21.597+0000] {logging_mixin.py:190} INFO - [2025-01-01T18:23:21.597+0000] {dag.py:3239} INFO - Sync 1 DAGs
[2025-01-01T18:23:21.611+0000] {logging_mixin.py:190} INFO - [2025-01-01T18:23:21.611+0000] {dag.py:4180} INFO - Setting next_dagrun for example_params_trigger_ui to None, run_after=None
[2025-01-01T18:23:21.635+0000] {processor.py:208} INFO - Processing /home/airflow/.local/lib/python3.10/site-packages/airflow/example_dags/example_params_trigger_ui.py took 0.104 seconds
[2025-01-01T18:23:51.734+0000] {processor.py:186} INFO - Started process (PID=56762) to work on /home/airflow/.local/lib/python3.10/site-packages/airflow/example_dags/example_params_trigger_ui.py
[2025-01-01T18:23:51.735+0000] {processor.py:914} INFO - Processing file /home/airflow/.local/lib/python3.10/site-packages/airflow/example_dags/example_params_trigger_ui.py for tasks to queue
[2025-01-01T18:23:51.736+0000] {logging_mixin.py:190} INFO - [2025-01-01T18:23:51.736+0000] {dagbag.py:588} INFO - Filling up the DagBag from /home/airflow/.local/lib/python3.10/site-packages/airflow/example_dags/example_params_trigger_ui.py
[2025-01-01T18:23:51.749+0000] {processor.py:925} INFO - DAG(s) 'example_params_trigger_ui' retrieved from /home/airflow/.local/lib/python3.10/site-packages/airflow/example_dags/example_params_trigger_ui.py
[2025-01-01T18:23:51.791+0000] {logging_mixin.py:190} INFO - [2025-01-01T18:23:51.790+0000] {dag.py:3239} INFO - Sync 1 DAGs
[2025-01-01T18:23:51.804+0000] {logging_mixin.py:190} INFO - [2025-01-01T18:23:51.803+0000] {dag.py:4180} INFO - Setting next_dagrun for example_params_trigger_ui to None, run_after=None
[2025-01-01T18:23:51.821+0000] {processor.py:208} INFO - Processing /home/airflow/.local/lib/python3.10/site-packages/airflow/example_dags/example_params_trigger_ui.py took 0.093 seconds
[2025-01-01T18:24:22.596+0000] {processor.py:186} INFO - Started process (PID=56830) to work on /home/airflow/.local/lib/python3.10/site-packages/airflow/example_dags/example_params_trigger_ui.py
[2025-01-01T18:24:22.597+0000] {processor.py:914} INFO - Processing file /home/airflow/.local/lib/python3.10/site-packages/airflow/example_dags/example_params_trigger_ui.py for tasks to queue
[2025-01-01T18:24:22.599+0000] {logging_mixin.py:190} INFO - [2025-01-01T18:24:22.598+0000] {dagbag.py:588} INFO - Filling up the DagBag from /home/airflow/.local/lib/python3.10/site-packages/airflow/example_dags/example_params_trigger_ui.py
[2025-01-01T18:24:22.612+0000] {processor.py:925} INFO - DAG(s) 'example_params_trigger_ui' retrieved from /home/airflow/.local/lib/python3.10/site-packages/airflow/example_dags/example_params_trigger_ui.py
[2025-01-01T18:24:22.657+0000] {logging_mixin.py:190} INFO - [2025-01-01T18:24:22.656+0000] {dag.py:3239} INFO - Sync 1 DAGs
[2025-01-01T18:24:22.669+0000] {logging_mixin.py:190} INFO - [2025-01-01T18:24:22.669+0000] {dag.py:4180} INFO - Setting next_dagrun for example_params_trigger_ui to None, run_after=None
[2025-01-01T18:24:22.684+0000] {processor.py:208} INFO - Processing /home/airflow/.local/lib/python3.10/site-packages/airflow/example_dags/example_params_trigger_ui.py took 0.094 seconds
[2025-01-01T18:24:53.896+0000] {processor.py:186} INFO - Started process (PID=56898) to work on /home/airflow/.local/lib/python3.10/site-packages/airflow/example_dags/example_params_trigger_ui.py
[2025-01-01T18:24:53.897+0000] {processor.py:914} INFO - Processing file /home/airflow/.local/lib/python3.10/site-packages/airflow/example_dags/example_params_trigger_ui.py for tasks to queue
[2025-01-01T18:24:53.899+0000] {logging_mixin.py:190} INFO - [2025-01-01T18:24:53.898+0000] {dagbag.py:588} INFO - Filling up the DagBag from /home/airflow/.local/lib/python3.10/site-packages/airflow/example_dags/example_params_trigger_ui.py
[2025-01-01T18:24:53.912+0000] {processor.py:925} INFO - DAG(s) 'example_params_trigger_ui' retrieved from /home/airflow/.local/lib/python3.10/site-packages/airflow/example_dags/example_params_trigger_ui.py
[2025-01-01T18:24:53.961+0000] {logging_mixin.py:190} INFO - [2025-01-01T18:24:53.961+0000] {dag.py:3239} INFO - Sync 1 DAGs
[2025-01-01T18:24:53.976+0000] {logging_mixin.py:190} INFO - [2025-01-01T18:24:53.975+0000] {dag.py:4180} INFO - Setting next_dagrun for example_params_trigger_ui to None, run_after=None
[2025-01-01T18:24:53.997+0000] {processor.py:208} INFO - Processing /home/airflow/.local/lib/python3.10/site-packages/airflow/example_dags/example_params_trigger_ui.py took 0.107 seconds
[2025-01-01T18:25:24.719+0000] {processor.py:186} INFO - Started process (PID=56966) to work on /home/airflow/.local/lib/python3.10/site-packages/airflow/example_dags/example_params_trigger_ui.py
[2025-01-01T18:25:24.720+0000] {processor.py:914} INFO - Processing file /home/airflow/.local/lib/python3.10/site-packages/airflow/example_dags/example_params_trigger_ui.py for tasks to queue
[2025-01-01T18:25:24.722+0000] {logging_mixin.py:190} INFO - [2025-01-01T18:25:24.722+0000] {dagbag.py:588} INFO - Filling up the DagBag from /home/airflow/.local/lib/python3.10/site-packages/airflow/example_dags/example_params_trigger_ui.py
[2025-01-01T18:25:24.734+0000] {processor.py:925} INFO - DAG(s) 'example_params_trigger_ui' retrieved from /home/airflow/.local/lib/python3.10/site-packages/airflow/example_dags/example_params_trigger_ui.py
[2025-01-01T18:25:24.777+0000] {logging_mixin.py:190} INFO - [2025-01-01T18:25:24.777+0000] {dag.py:3239} INFO - Sync 1 DAGs
[2025-01-01T18:25:24.790+0000] {logging_mixin.py:190} INFO - [2025-01-01T18:25:24.790+0000] {dag.py:4180} INFO - Setting next_dagrun for example_params_trigger_ui to None, run_after=None
[2025-01-01T18:25:24.805+0000] {processor.py:208} INFO - Processing /home/airflow/.local/lib/python3.10/site-packages/airflow/example_dags/example_params_trigger_ui.py took 0.092 seconds
[2025-01-01T18:25:58.797+0000] {processor.py:186} INFO - Started process (PID=57039) to work on /home/airflow/.local/lib/python3.10/site-packages/airflow/example_dags/example_params_trigger_ui.py
[2025-01-01T18:25:58.799+0000] {processor.py:914} INFO - Processing file /home/airflow/.local/lib/python3.10/site-packages/airflow/example_dags/example_params_trigger_ui.py for tasks to queue
[2025-01-01T18:25:58.802+0000] {logging_mixin.py:190} INFO - [2025-01-01T18:25:58.801+0000] {dagbag.py:588} INFO - Filling up the DagBag from /home/airflow/.local/lib/python3.10/site-packages/airflow/example_dags/example_params_trigger_ui.py
[2025-01-01T18:25:58.821+0000] {processor.py:925} INFO - DAG(s) 'example_params_trigger_ui' retrieved from /home/airflow/.local/lib/python3.10/site-packages/airflow/example_dags/example_params_trigger_ui.py
[2025-01-01T18:25:58.873+0000] {logging_mixin.py:190} INFO - [2025-01-01T18:25:58.873+0000] {dag.py:3239} INFO - Sync 1 DAGs
[2025-01-01T18:25:58.888+0000] {logging_mixin.py:190} INFO - [2025-01-01T18:25:58.888+0000] {dag.py:4180} INFO - Setting next_dagrun for example_params_trigger_ui to None, run_after=None
[2025-01-01T18:25:58.913+0000] {processor.py:208} INFO - Processing /home/airflow/.local/lib/python3.10/site-packages/airflow/example_dags/example_params_trigger_ui.py took 0.123 seconds
[2025-01-01T18:26:29.454+0000] {processor.py:186} INFO - Started process (PID=57107) to work on /home/airflow/.local/lib/python3.10/site-packages/airflow/example_dags/example_params_trigger_ui.py
[2025-01-01T18:26:29.455+0000] {processor.py:914} INFO - Processing file /home/airflow/.local/lib/python3.10/site-packages/airflow/example_dags/example_params_trigger_ui.py for tasks to queue
[2025-01-01T18:26:29.457+0000] {logging_mixin.py:190} INFO - [2025-01-01T18:26:29.456+0000] {dagbag.py:588} INFO - Filling up the DagBag from /home/airflow/.local/lib/python3.10/site-packages/airflow/example_dags/example_params_trigger_ui.py
[2025-01-01T18:26:29.468+0000] {processor.py:925} INFO - DAG(s) 'example_params_trigger_ui' retrieved from /home/airflow/.local/lib/python3.10/site-packages/airflow/example_dags/example_params_trigger_ui.py
[2025-01-01T18:26:29.511+0000] {logging_mixin.py:190} INFO - [2025-01-01T18:26:29.511+0000] {dag.py:3239} INFO - Sync 1 DAGs
[2025-01-01T18:26:29.524+0000] {logging_mixin.py:190} INFO - [2025-01-01T18:26:29.524+0000] {dag.py:4180} INFO - Setting next_dagrun for example_params_trigger_ui to None, run_after=None
[2025-01-01T18:26:29.540+0000] {processor.py:208} INFO - Processing /home/airflow/.local/lib/python3.10/site-packages/airflow/example_dags/example_params_trigger_ui.py took 0.092 seconds
[2025-01-01T18:26:59.707+0000] {processor.py:186} INFO - Started process (PID=57175) to work on /home/airflow/.local/lib/python3.10/site-packages/airflow/example_dags/example_params_trigger_ui.py
[2025-01-01T18:26:59.708+0000] {processor.py:914} INFO - Processing file /home/airflow/.local/lib/python3.10/site-packages/airflow/example_dags/example_params_trigger_ui.py for tasks to queue
[2025-01-01T18:26:59.710+0000] {logging_mixin.py:190} INFO - [2025-01-01T18:26:59.709+0000] {dagbag.py:588} INFO - Filling up the DagBag from /home/airflow/.local/lib/python3.10/site-packages/airflow/example_dags/example_params_trigger_ui.py
[2025-01-01T18:26:59.722+0000] {processor.py:925} INFO - DAG(s) 'example_params_trigger_ui' retrieved from /home/airflow/.local/lib/python3.10/site-packages/airflow/example_dags/example_params_trigger_ui.py
[2025-01-01T18:26:59.771+0000] {logging_mixin.py:190} INFO - [2025-01-01T18:26:59.771+0000] {dag.py:3239} INFO - Sync 1 DAGs
[2025-01-01T18:26:59.785+0000] {logging_mixin.py:190} INFO - [2025-01-01T18:26:59.784+0000] {dag.py:4180} INFO - Setting next_dagrun for example_params_trigger_ui to None, run_after=None
[2025-01-01T18:26:59.803+0000] {processor.py:208} INFO - Processing /home/airflow/.local/lib/python3.10/site-packages/airflow/example_dags/example_params_trigger_ui.py took 0.102 seconds
[2025-01-01T18:27:30.886+0000] {processor.py:186} INFO - Started process (PID=57243) to work on /home/airflow/.local/lib/python3.10/site-packages/airflow/example_dags/example_params_trigger_ui.py
[2025-01-01T18:27:30.887+0000] {processor.py:914} INFO - Processing file /home/airflow/.local/lib/python3.10/site-packages/airflow/example_dags/example_params_trigger_ui.py for tasks to queue
[2025-01-01T18:27:30.888+0000] {logging_mixin.py:190} INFO - [2025-01-01T18:27:30.888+0000] {dagbag.py:588} INFO - Filling up the DagBag from /home/airflow/.local/lib/python3.10/site-packages/airflow/example_dags/example_params_trigger_ui.py
[2025-01-01T18:27:30.900+0000] {processor.py:925} INFO - DAG(s) 'example_params_trigger_ui' retrieved from /home/airflow/.local/lib/python3.10/site-packages/airflow/example_dags/example_params_trigger_ui.py
[2025-01-01T18:27:30.942+0000] {logging_mixin.py:190} INFO - [2025-01-01T18:27:30.942+0000] {dag.py:3239} INFO - Sync 1 DAGs
[2025-01-01T18:27:30.956+0000] {logging_mixin.py:190} INFO - [2025-01-01T18:27:30.956+0000] {dag.py:4180} INFO - Setting next_dagrun for example_params_trigger_ui to None, run_after=None
[2025-01-01T18:27:30.974+0000] {processor.py:208} INFO - Processing /home/airflow/.local/lib/python3.10/site-packages/airflow/example_dags/example_params_trigger_ui.py took 0.094 seconds
[2025-01-01T18:28:01.959+0000] {processor.py:186} INFO - Started process (PID=57311) to work on /home/airflow/.local/lib/python3.10/site-packages/airflow/example_dags/example_params_trigger_ui.py
[2025-01-01T18:28:01.960+0000] {processor.py:914} INFO - Processing file /home/airflow/.local/lib/python3.10/site-packages/airflow/example_dags/example_params_trigger_ui.py for tasks to queue
[2025-01-01T18:28:01.962+0000] {logging_mixin.py:190} INFO - [2025-01-01T18:28:01.962+0000] {dagbag.py:588} INFO - Filling up the DagBag from /home/airflow/.local/lib/python3.10/site-packages/airflow/example_dags/example_params_trigger_ui.py
[2025-01-01T18:28:01.974+0000] {processor.py:925} INFO - DAG(s) 'example_params_trigger_ui' retrieved from /home/airflow/.local/lib/python3.10/site-packages/airflow/example_dags/example_params_trigger_ui.py
[2025-01-01T18:28:02.017+0000] {logging_mixin.py:190} INFO - [2025-01-01T18:28:02.016+0000] {dag.py:3239} INFO - Sync 1 DAGs
[2025-01-01T18:28:02.030+0000] {logging_mixin.py:190} INFO - [2025-01-01T18:28:02.030+0000] {dag.py:4180} INFO - Setting next_dagrun for example_params_trigger_ui to None, run_after=None
[2025-01-01T18:28:02.048+0000] {processor.py:208} INFO - Processing /home/airflow/.local/lib/python3.10/site-packages/airflow/example_dags/example_params_trigger_ui.py took 0.094 seconds
[2025-01-01T18:28:33.012+0000] {processor.py:186} INFO - Started process (PID=57379) to work on /home/airflow/.local/lib/python3.10/site-packages/airflow/example_dags/example_params_trigger_ui.py
[2025-01-01T18:28:33.013+0000] {processor.py:914} INFO - Processing file /home/airflow/.local/lib/python3.10/site-packages/airflow/example_dags/example_params_trigger_ui.py for tasks to queue
[2025-01-01T18:28:33.014+0000] {logging_mixin.py:190} INFO - [2025-01-01T18:28:33.014+0000] {dagbag.py:588} INFO - Filling up the DagBag from /home/airflow/.local/lib/python3.10/site-packages/airflow/example_dags/example_params_trigger_ui.py
[2025-01-01T18:28:33.028+0000] {processor.py:925} INFO - DAG(s) 'example_params_trigger_ui' retrieved from /home/airflow/.local/lib/python3.10/site-packages/airflow/example_dags/example_params_trigger_ui.py
[2025-01-01T18:28:33.073+0000] {logging_mixin.py:190} INFO - [2025-01-01T18:28:33.073+0000] {dag.py:3239} INFO - Sync 1 DAGs
[2025-01-01T18:28:33.087+0000] {logging_mixin.py:190} INFO - [2025-01-01T18:28:33.087+0000] {dag.py:4180} INFO - Setting next_dagrun for example_params_trigger_ui to None, run_after=None
[2025-01-01T18:28:33.106+0000] {processor.py:208} INFO - Processing /home/airflow/.local/lib/python3.10/site-packages/airflow/example_dags/example_params_trigger_ui.py took 0.101 seconds
[2025-01-01T18:29:04.098+0000] {processor.py:186} INFO - Started process (PID=57448) to work on /home/airflow/.local/lib/python3.10/site-packages/airflow/example_dags/example_params_trigger_ui.py
[2025-01-01T18:29:04.099+0000] {processor.py:914} INFO - Processing file /home/airflow/.local/lib/python3.10/site-packages/airflow/example_dags/example_params_trigger_ui.py for tasks to queue
[2025-01-01T18:29:04.101+0000] {logging_mixin.py:190} INFO - [2025-01-01T18:29:04.100+0000] {dagbag.py:588} INFO - Filling up the DagBag from /home/airflow/.local/lib/python3.10/site-packages/airflow/example_dags/example_params_trigger_ui.py
[2025-01-01T18:29:04.117+0000] {processor.py:925} INFO - DAG(s) 'example_params_trigger_ui' retrieved from /home/airflow/.local/lib/python3.10/site-packages/airflow/example_dags/example_params_trigger_ui.py
[2025-01-01T18:29:04.173+0000] {logging_mixin.py:190} INFO - [2025-01-01T18:29:04.172+0000] {dag.py:3239} INFO - Sync 1 DAGs
[2025-01-01T18:29:04.187+0000] {logging_mixin.py:190} INFO - [2025-01-01T18:29:04.186+0000] {dag.py:4180} INFO - Setting next_dagrun for example_params_trigger_ui to None, run_after=None
[2025-01-01T18:29:04.205+0000] {processor.py:208} INFO - Processing /home/airflow/.local/lib/python3.10/site-packages/airflow/example_dags/example_params_trigger_ui.py took 0.115 seconds
[2025-01-01T18:29:35.247+0000] {processor.py:186} INFO - Started process (PID=57517) to work on /home/airflow/.local/lib/python3.10/site-packages/airflow/example_dags/example_params_trigger_ui.py
[2025-01-01T18:29:35.248+0000] {processor.py:914} INFO - Processing file /home/airflow/.local/lib/python3.10/site-packages/airflow/example_dags/example_params_trigger_ui.py for tasks to queue
[2025-01-01T18:29:35.249+0000] {logging_mixin.py:190} INFO - [2025-01-01T18:29:35.249+0000] {dagbag.py:588} INFO - Filling up the DagBag from /home/airflow/.local/lib/python3.10/site-packages/airflow/example_dags/example_params_trigger_ui.py
[2025-01-01T18:29:35.261+0000] {processor.py:925} INFO - DAG(s) 'example_params_trigger_ui' retrieved from /home/airflow/.local/lib/python3.10/site-packages/airflow/example_dags/example_params_trigger_ui.py
[2025-01-01T18:29:35.304+0000] {logging_mixin.py:190} INFO - [2025-01-01T18:29:35.304+0000] {dag.py:3239} INFO - Sync 1 DAGs
[2025-01-01T18:29:35.317+0000] {logging_mixin.py:190} INFO - [2025-01-01T18:29:35.317+0000] {dag.py:4180} INFO - Setting next_dagrun for example_params_trigger_ui to None, run_after=None
[2025-01-01T18:29:35.338+0000] {processor.py:208} INFO - Processing /home/airflow/.local/lib/python3.10/site-packages/airflow/example_dags/example_params_trigger_ui.py took 0.098 seconds
[2025-01-01T18:30:06.205+0000] {processor.py:186} INFO - Started process (PID=57585) to work on /home/airflow/.local/lib/python3.10/site-packages/airflow/example_dags/example_params_trigger_ui.py
[2025-01-01T18:30:06.206+0000] {processor.py:914} INFO - Processing file /home/airflow/.local/lib/python3.10/site-packages/airflow/example_dags/example_params_trigger_ui.py for tasks to queue
[2025-01-01T18:30:06.208+0000] {logging_mixin.py:190} INFO - [2025-01-01T18:30:06.207+0000] {dagbag.py:588} INFO - Filling up the DagBag from /home/airflow/.local/lib/python3.10/site-packages/airflow/example_dags/example_params_trigger_ui.py
[2025-01-01T18:30:06.221+0000] {processor.py:925} INFO - DAG(s) 'example_params_trigger_ui' retrieved from /home/airflow/.local/lib/python3.10/site-packages/airflow/example_dags/example_params_trigger_ui.py
[2025-01-01T18:30:06.266+0000] {logging_mixin.py:190} INFO - [2025-01-01T18:30:06.266+0000] {dag.py:3239} INFO - Sync 1 DAGs
[2025-01-01T18:30:06.280+0000] {logging_mixin.py:190} INFO - [2025-01-01T18:30:06.280+0000] {dag.py:4180} INFO - Setting next_dagrun for example_params_trigger_ui to None, run_after=None
[2025-01-01T18:30:06.298+0000] {processor.py:208} INFO - Processing /home/airflow/.local/lib/python3.10/site-packages/airflow/example_dags/example_params_trigger_ui.py took 0.101 seconds
[2025-01-01T18:30:36.979+0000] {processor.py:186} INFO - Started process (PID=57653) to work on /home/airflow/.local/lib/python3.10/site-packages/airflow/example_dags/example_params_trigger_ui.py
[2025-01-01T18:30:36.980+0000] {processor.py:914} INFO - Processing file /home/airflow/.local/lib/python3.10/site-packages/airflow/example_dags/example_params_trigger_ui.py for tasks to queue
[2025-01-01T18:30:36.982+0000] {logging_mixin.py:190} INFO - [2025-01-01T18:30:36.981+0000] {dagbag.py:588} INFO - Filling up the DagBag from /home/airflow/.local/lib/python3.10/site-packages/airflow/example_dags/example_params_trigger_ui.py
[2025-01-01T18:30:36.995+0000] {processor.py:925} INFO - DAG(s) 'example_params_trigger_ui' retrieved from /home/airflow/.local/lib/python3.10/site-packages/airflow/example_dags/example_params_trigger_ui.py
[2025-01-01T18:30:37.043+0000] {logging_mixin.py:190} INFO - [2025-01-01T18:30:37.042+0000] {dag.py:3239} INFO - Sync 1 DAGs
[2025-01-01T18:30:37.057+0000] {logging_mixin.py:190} INFO - [2025-01-01T18:30:37.057+0000] {dag.py:4180} INFO - Setting next_dagrun for example_params_trigger_ui to None, run_after=None
[2025-01-01T18:30:37.075+0000] {processor.py:208} INFO - Processing /home/airflow/.local/lib/python3.10/site-packages/airflow/example_dags/example_params_trigger_ui.py took 0.102 seconds
[2025-01-01T18:31:07.558+0000] {processor.py:186} INFO - Started process (PID=57721) to work on /home/airflow/.local/lib/python3.10/site-packages/airflow/example_dags/example_params_trigger_ui.py
[2025-01-01T18:31:07.559+0000] {processor.py:914} INFO - Processing file /home/airflow/.local/lib/python3.10/site-packages/airflow/example_dags/example_params_trigger_ui.py for tasks to queue
[2025-01-01T18:31:07.560+0000] {logging_mixin.py:190} INFO - [2025-01-01T18:31:07.560+0000] {dagbag.py:588} INFO - Filling up the DagBag from /home/airflow/.local/lib/python3.10/site-packages/airflow/example_dags/example_params_trigger_ui.py
[2025-01-01T18:31:07.571+0000] {processor.py:925} INFO - DAG(s) 'example_params_trigger_ui' retrieved from /home/airflow/.local/lib/python3.10/site-packages/airflow/example_dags/example_params_trigger_ui.py
[2025-01-01T18:31:07.615+0000] {logging_mixin.py:190} INFO - [2025-01-01T18:31:07.614+0000] {dag.py:3239} INFO - Sync 1 DAGs
[2025-01-01T18:31:07.627+0000] {logging_mixin.py:190} INFO - [2025-01-01T18:31:07.626+0000] {dag.py:4180} INFO - Setting next_dagrun for example_params_trigger_ui to None, run_after=None
[2025-01-01T18:31:07.643+0000] {processor.py:208} INFO - Processing /home/airflow/.local/lib/python3.10/site-packages/airflow/example_dags/example_params_trigger_ui.py took 0.092 seconds
[2025-01-01T18:31:38.518+0000] {processor.py:186} INFO - Started process (PID=57789) to work on /home/airflow/.local/lib/python3.10/site-packages/airflow/example_dags/example_params_trigger_ui.py
[2025-01-01T18:31:38.519+0000] {processor.py:914} INFO - Processing file /home/airflow/.local/lib/python3.10/site-packages/airflow/example_dags/example_params_trigger_ui.py for tasks to queue
[2025-01-01T18:31:38.520+0000] {logging_mixin.py:190} INFO - [2025-01-01T18:31:38.520+0000] {dagbag.py:588} INFO - Filling up the DagBag from /home/airflow/.local/lib/python3.10/site-packages/airflow/example_dags/example_params_trigger_ui.py
[2025-01-01T18:31:38.531+0000] {processor.py:925} INFO - DAG(s) 'example_params_trigger_ui' retrieved from /home/airflow/.local/lib/python3.10/site-packages/airflow/example_dags/example_params_trigger_ui.py
[2025-01-01T18:31:38.576+0000] {logging_mixin.py:190} INFO - [2025-01-01T18:31:38.575+0000] {dag.py:3239} INFO - Sync 1 DAGs
[2025-01-01T18:31:38.588+0000] {logging_mixin.py:190} INFO - [2025-01-01T18:31:38.588+0000] {dag.py:4180} INFO - Setting next_dagrun for example_params_trigger_ui to None, run_after=None
[2025-01-01T18:31:38.605+0000] {processor.py:208} INFO - Processing /home/airflow/.local/lib/python3.10/site-packages/airflow/example_dags/example_params_trigger_ui.py took 0.093 seconds
[2025-01-01T18:32:09.269+0000] {processor.py:186} INFO - Started process (PID=57857) to work on /home/airflow/.local/lib/python3.10/site-packages/airflow/example_dags/example_params_trigger_ui.py
[2025-01-01T18:32:09.270+0000] {processor.py:914} INFO - Processing file /home/airflow/.local/lib/python3.10/site-packages/airflow/example_dags/example_params_trigger_ui.py for tasks to queue
[2025-01-01T18:32:09.271+0000] {logging_mixin.py:190} INFO - [2025-01-01T18:32:09.271+0000] {dagbag.py:588} INFO - Filling up the DagBag from /home/airflow/.local/lib/python3.10/site-packages/airflow/example_dags/example_params_trigger_ui.py
[2025-01-01T18:32:09.282+0000] {processor.py:925} INFO - DAG(s) 'example_params_trigger_ui' retrieved from /home/airflow/.local/lib/python3.10/site-packages/airflow/example_dags/example_params_trigger_ui.py
[2025-01-01T18:32:09.328+0000] {logging_mixin.py:190} INFO - [2025-01-01T18:32:09.328+0000] {dag.py:3239} INFO - Sync 1 DAGs
[2025-01-01T18:32:09.347+0000] {logging_mixin.py:190} INFO - [2025-01-01T18:32:09.347+0000] {dag.py:4180} INFO - Setting next_dagrun for example_params_trigger_ui to None, run_after=None
[2025-01-01T18:32:09.367+0000] {processor.py:208} INFO - Processing /home/airflow/.local/lib/python3.10/site-packages/airflow/example_dags/example_params_trigger_ui.py took 0.104 seconds
[2025-01-01T18:32:39.838+0000] {processor.py:186} INFO - Started process (PID=57925) to work on /home/airflow/.local/lib/python3.10/site-packages/airflow/example_dags/example_params_trigger_ui.py
[2025-01-01T18:32:39.839+0000] {processor.py:914} INFO - Processing file /home/airflow/.local/lib/python3.10/site-packages/airflow/example_dags/example_params_trigger_ui.py for tasks to queue
[2025-01-01T18:32:39.840+0000] {logging_mixin.py:190} INFO - [2025-01-01T18:32:39.840+0000] {dagbag.py:588} INFO - Filling up the DagBag from /home/airflow/.local/lib/python3.10/site-packages/airflow/example_dags/example_params_trigger_ui.py
[2025-01-01T18:32:39.852+0000] {processor.py:925} INFO - DAG(s) 'example_params_trigger_ui' retrieved from /home/airflow/.local/lib/python3.10/site-packages/airflow/example_dags/example_params_trigger_ui.py
[2025-01-01T18:32:39.895+0000] {logging_mixin.py:190} INFO - [2025-01-01T18:32:39.895+0000] {dag.py:3239} INFO - Sync 1 DAGs
[2025-01-01T18:32:39.908+0000] {logging_mixin.py:190} INFO - [2025-01-01T18:32:39.907+0000] {dag.py:4180} INFO - Setting next_dagrun for example_params_trigger_ui to None, run_after=None
[2025-01-01T18:32:39.923+0000] {processor.py:208} INFO - Processing /home/airflow/.local/lib/python3.10/site-packages/airflow/example_dags/example_params_trigger_ui.py took 0.091 seconds
[2025-01-01T18:33:10.495+0000] {processor.py:186} INFO - Started process (PID=57993) to work on /home/airflow/.local/lib/python3.10/site-packages/airflow/example_dags/example_params_trigger_ui.py
[2025-01-01T18:33:10.496+0000] {processor.py:914} INFO - Processing file /home/airflow/.local/lib/python3.10/site-packages/airflow/example_dags/example_params_trigger_ui.py for tasks to queue
[2025-01-01T18:33:10.497+0000] {logging_mixin.py:190} INFO - [2025-01-01T18:33:10.497+0000] {dagbag.py:588} INFO - Filling up the DagBag from /home/airflow/.local/lib/python3.10/site-packages/airflow/example_dags/example_params_trigger_ui.py
[2025-01-01T18:33:10.509+0000] {processor.py:925} INFO - DAG(s) 'example_params_trigger_ui' retrieved from /home/airflow/.local/lib/python3.10/site-packages/airflow/example_dags/example_params_trigger_ui.py
[2025-01-01T18:33:10.549+0000] {logging_mixin.py:190} INFO - [2025-01-01T18:33:10.549+0000] {dag.py:3239} INFO - Sync 1 DAGs
[2025-01-01T18:33:10.562+0000] {logging_mixin.py:190} INFO - [2025-01-01T18:33:10.562+0000] {dag.py:4180} INFO - Setting next_dagrun for example_params_trigger_ui to None, run_after=None
[2025-01-01T18:33:10.579+0000] {processor.py:208} INFO - Processing /home/airflow/.local/lib/python3.10/site-packages/airflow/example_dags/example_params_trigger_ui.py took 0.090 seconds
[2025-01-01T18:33:42.226+0000] {processor.py:186} INFO - Started process (PID=58061) to work on /home/airflow/.local/lib/python3.10/site-packages/airflow/example_dags/example_params_trigger_ui.py
[2025-01-01T18:33:42.227+0000] {processor.py:914} INFO - Processing file /home/airflow/.local/lib/python3.10/site-packages/airflow/example_dags/example_params_trigger_ui.py for tasks to queue
[2025-01-01T18:33:42.228+0000] {logging_mixin.py:190} INFO - [2025-01-01T18:33:42.228+0000] {dagbag.py:588} INFO - Filling up the DagBag from /home/airflow/.local/lib/python3.10/site-packages/airflow/example_dags/example_params_trigger_ui.py
[2025-01-01T18:33:42.240+0000] {processor.py:925} INFO - DAG(s) 'example_params_trigger_ui' retrieved from /home/airflow/.local/lib/python3.10/site-packages/airflow/example_dags/example_params_trigger_ui.py
[2025-01-01T18:33:42.281+0000] {logging_mixin.py:190} INFO - [2025-01-01T18:33:42.281+0000] {dag.py:3239} INFO - Sync 1 DAGs
[2025-01-01T18:33:42.293+0000] {logging_mixin.py:190} INFO - [2025-01-01T18:33:42.293+0000] {dag.py:4180} INFO - Setting next_dagrun for example_params_trigger_ui to None, run_after=None
[2025-01-01T18:33:42.310+0000] {processor.py:208} INFO - Processing /home/airflow/.local/lib/python3.10/site-packages/airflow/example_dags/example_params_trigger_ui.py took 0.091 seconds
[2025-01-01T18:34:13.149+0000] {processor.py:186} INFO - Started process (PID=58129) to work on /home/airflow/.local/lib/python3.10/site-packages/airflow/example_dags/example_params_trigger_ui.py
[2025-01-01T18:34:13.150+0000] {processor.py:914} INFO - Processing file /home/airflow/.local/lib/python3.10/site-packages/airflow/example_dags/example_params_trigger_ui.py for tasks to queue
[2025-01-01T18:34:13.152+0000] {logging_mixin.py:190} INFO - [2025-01-01T18:34:13.152+0000] {dagbag.py:588} INFO - Filling up the DagBag from /home/airflow/.local/lib/python3.10/site-packages/airflow/example_dags/example_params_trigger_ui.py
[2025-01-01T18:34:13.165+0000] {processor.py:925} INFO - DAG(s) 'example_params_trigger_ui' retrieved from /home/airflow/.local/lib/python3.10/site-packages/airflow/example_dags/example_params_trigger_ui.py
[2025-01-01T18:34:13.210+0000] {logging_mixin.py:190} INFO - [2025-01-01T18:34:13.210+0000] {dag.py:3239} INFO - Sync 1 DAGs
[2025-01-01T18:34:13.223+0000] {logging_mixin.py:190} INFO - [2025-01-01T18:34:13.223+0000] {dag.py:4180} INFO - Setting next_dagrun for example_params_trigger_ui to None, run_after=None
[2025-01-01T18:34:13.248+0000] {processor.py:208} INFO - Processing /home/airflow/.local/lib/python3.10/site-packages/airflow/example_dags/example_params_trigger_ui.py took 0.105 seconds
[2025-01-01T18:34:43.994+0000] {processor.py:186} INFO - Started process (PID=58197) to work on /home/airflow/.local/lib/python3.10/site-packages/airflow/example_dags/example_params_trigger_ui.py
[2025-01-01T18:34:43.995+0000] {processor.py:914} INFO - Processing file /home/airflow/.local/lib/python3.10/site-packages/airflow/example_dags/example_params_trigger_ui.py for tasks to queue
[2025-01-01T18:34:43.997+0000] {logging_mixin.py:190} INFO - [2025-01-01T18:34:43.996+0000] {dagbag.py:588} INFO - Filling up the DagBag from /home/airflow/.local/lib/python3.10/site-packages/airflow/example_dags/example_params_trigger_ui.py
[2025-01-01T18:34:44.008+0000] {processor.py:925} INFO - DAG(s) 'example_params_trigger_ui' retrieved from /home/airflow/.local/lib/python3.10/site-packages/airflow/example_dags/example_params_trigger_ui.py
[2025-01-01T18:34:44.050+0000] {logging_mixin.py:190} INFO - [2025-01-01T18:34:44.050+0000] {dag.py:3239} INFO - Sync 1 DAGs
[2025-01-01T18:34:44.064+0000] {logging_mixin.py:190} INFO - [2025-01-01T18:34:44.064+0000] {dag.py:4180} INFO - Setting next_dagrun for example_params_trigger_ui to None, run_after=None
[2025-01-01T18:34:44.081+0000] {processor.py:208} INFO - Processing /home/airflow/.local/lib/python3.10/site-packages/airflow/example_dags/example_params_trigger_ui.py took 0.092 seconds
[2025-01-01T18:35:14.556+0000] {processor.py:186} INFO - Started process (PID=58265) to work on /home/airflow/.local/lib/python3.10/site-packages/airflow/example_dags/example_params_trigger_ui.py
[2025-01-01T18:35:14.557+0000] {processor.py:914} INFO - Processing file /home/airflow/.local/lib/python3.10/site-packages/airflow/example_dags/example_params_trigger_ui.py for tasks to queue
[2025-01-01T18:35:14.558+0000] {logging_mixin.py:190} INFO - [2025-01-01T18:35:14.558+0000] {dagbag.py:588} INFO - Filling up the DagBag from /home/airflow/.local/lib/python3.10/site-packages/airflow/example_dags/example_params_trigger_ui.py
[2025-01-01T18:35:14.570+0000] {processor.py:925} INFO - DAG(s) 'example_params_trigger_ui' retrieved from /home/airflow/.local/lib/python3.10/site-packages/airflow/example_dags/example_params_trigger_ui.py
[2025-01-01T18:35:14.611+0000] {logging_mixin.py:190} INFO - [2025-01-01T18:35:14.610+0000] {dag.py:3239} INFO - Sync 1 DAGs
[2025-01-01T18:35:14.625+0000] {logging_mixin.py:190} INFO - [2025-01-01T18:35:14.624+0000] {dag.py:4180} INFO - Setting next_dagrun for example_params_trigger_ui to None, run_after=None
[2025-01-01T18:35:14.640+0000] {processor.py:208} INFO - Processing /home/airflow/.local/lib/python3.10/site-packages/airflow/example_dags/example_params_trigger_ui.py took 0.090 seconds
[2025-01-01T18:35:45.422+0000] {processor.py:186} INFO - Started process (PID=58333) to work on /home/airflow/.local/lib/python3.10/site-packages/airflow/example_dags/example_params_trigger_ui.py
[2025-01-01T18:35:45.423+0000] {processor.py:914} INFO - Processing file /home/airflow/.local/lib/python3.10/site-packages/airflow/example_dags/example_params_trigger_ui.py for tasks to queue
[2025-01-01T18:35:45.424+0000] {logging_mixin.py:190} INFO - [2025-01-01T18:35:45.424+0000] {dagbag.py:588} INFO - Filling up the DagBag from /home/airflow/.local/lib/python3.10/site-packages/airflow/example_dags/example_params_trigger_ui.py
[2025-01-01T18:35:45.435+0000] {processor.py:925} INFO - DAG(s) 'example_params_trigger_ui' retrieved from /home/airflow/.local/lib/python3.10/site-packages/airflow/example_dags/example_params_trigger_ui.py
[2025-01-01T18:35:45.476+0000] {logging_mixin.py:190} INFO - [2025-01-01T18:35:45.476+0000] {dag.py:3239} INFO - Sync 1 DAGs
[2025-01-01T18:35:45.489+0000] {logging_mixin.py:190} INFO - [2025-01-01T18:35:45.488+0000] {dag.py:4180} INFO - Setting next_dagrun for example_params_trigger_ui to None, run_after=None
[2025-01-01T18:35:45.505+0000] {processor.py:208} INFO - Processing /home/airflow/.local/lib/python3.10/site-packages/airflow/example_dags/example_params_trigger_ui.py took 0.090 seconds
[2025-01-01T18:36:16.147+0000] {processor.py:186} INFO - Started process (PID=58407) to work on /home/airflow/.local/lib/python3.10/site-packages/airflow/example_dags/example_params_trigger_ui.py
[2025-01-01T18:36:16.148+0000] {processor.py:914} INFO - Processing file /home/airflow/.local/lib/python3.10/site-packages/airflow/example_dags/example_params_trigger_ui.py for tasks to queue
[2025-01-01T18:36:16.150+0000] {logging_mixin.py:190} INFO - [2025-01-01T18:36:16.149+0000] {dagbag.py:588} INFO - Filling up the DagBag from /home/airflow/.local/lib/python3.10/site-packages/airflow/example_dags/example_params_trigger_ui.py
[2025-01-01T18:36:16.163+0000] {processor.py:925} INFO - DAG(s) 'example_params_trigger_ui' retrieved from /home/airflow/.local/lib/python3.10/site-packages/airflow/example_dags/example_params_trigger_ui.py
[2025-01-01T18:36:16.210+0000] {logging_mixin.py:190} INFO - [2025-01-01T18:36:16.210+0000] {dag.py:3239} INFO - Sync 1 DAGs
[2025-01-01T18:36:16.226+0000] {logging_mixin.py:190} INFO - [2025-01-01T18:36:16.226+0000] {dag.py:4180} INFO - Setting next_dagrun for example_params_trigger_ui to None, run_after=None
[2025-01-01T18:36:16.244+0000] {processor.py:208} INFO - Processing /home/airflow/.local/lib/python3.10/site-packages/airflow/example_dags/example_params_trigger_ui.py took 0.104 seconds
[2025-01-01T18:36:46.732+0000] {processor.py:186} INFO - Started process (PID=58475) to work on /home/airflow/.local/lib/python3.10/site-packages/airflow/example_dags/example_params_trigger_ui.py
[2025-01-01T18:36:46.734+0000] {processor.py:914} INFO - Processing file /home/airflow/.local/lib/python3.10/site-packages/airflow/example_dags/example_params_trigger_ui.py for tasks to queue
[2025-01-01T18:36:46.735+0000] {logging_mixin.py:190} INFO - [2025-01-01T18:36:46.735+0000] {dagbag.py:588} INFO - Filling up the DagBag from /home/airflow/.local/lib/python3.10/site-packages/airflow/example_dags/example_params_trigger_ui.py
[2025-01-01T18:36:46.746+0000] {processor.py:925} INFO - DAG(s) 'example_params_trigger_ui' retrieved from /home/airflow/.local/lib/python3.10/site-packages/airflow/example_dags/example_params_trigger_ui.py
[2025-01-01T18:36:46.791+0000] {logging_mixin.py:190} INFO - [2025-01-01T18:36:46.791+0000] {dag.py:3239} INFO - Sync 1 DAGs
[2025-01-01T18:36:46.809+0000] {logging_mixin.py:190} INFO - [2025-01-01T18:36:46.809+0000] {dag.py:4180} INFO - Setting next_dagrun for example_params_trigger_ui to None, run_after=None
[2025-01-01T18:36:46.825+0000] {processor.py:208} INFO - Processing /home/airflow/.local/lib/python3.10/site-packages/airflow/example_dags/example_params_trigger_ui.py took 0.099 seconds
[2025-01-01T18:37:17.756+0000] {processor.py:186} INFO - Started process (PID=58544) to work on /home/airflow/.local/lib/python3.10/site-packages/airflow/example_dags/example_params_trigger_ui.py
[2025-01-01T18:37:17.757+0000] {processor.py:914} INFO - Processing file /home/airflow/.local/lib/python3.10/site-packages/airflow/example_dags/example_params_trigger_ui.py for tasks to queue
[2025-01-01T18:37:17.759+0000] {logging_mixin.py:190} INFO - [2025-01-01T18:37:17.758+0000] {dagbag.py:588} INFO - Filling up the DagBag from /home/airflow/.local/lib/python3.10/site-packages/airflow/example_dags/example_params_trigger_ui.py
[2025-01-01T18:37:17.770+0000] {processor.py:925} INFO - DAG(s) 'example_params_trigger_ui' retrieved from /home/airflow/.local/lib/python3.10/site-packages/airflow/example_dags/example_params_trigger_ui.py
[2025-01-01T18:37:17.812+0000] {logging_mixin.py:190} INFO - [2025-01-01T18:37:17.811+0000] {dag.py:3239} INFO - Sync 1 DAGs
[2025-01-01T18:37:17.824+0000] {logging_mixin.py:190} INFO - [2025-01-01T18:37:17.824+0000] {dag.py:4180} INFO - Setting next_dagrun for example_params_trigger_ui to None, run_after=None
[2025-01-01T18:37:17.840+0000] {processor.py:208} INFO - Processing /home/airflow/.local/lib/python3.10/site-packages/airflow/example_dags/example_params_trigger_ui.py took 0.089 seconds
[2025-01-01T18:37:48.316+0000] {processor.py:186} INFO - Started process (PID=58612) to work on /home/airflow/.local/lib/python3.10/site-packages/airflow/example_dags/example_params_trigger_ui.py
[2025-01-01T18:37:48.317+0000] {processor.py:914} INFO - Processing file /home/airflow/.local/lib/python3.10/site-packages/airflow/example_dags/example_params_trigger_ui.py for tasks to queue
[2025-01-01T18:37:48.318+0000] {logging_mixin.py:190} INFO - [2025-01-01T18:37:48.318+0000] {dagbag.py:588} INFO - Filling up the DagBag from /home/airflow/.local/lib/python3.10/site-packages/airflow/example_dags/example_params_trigger_ui.py
[2025-01-01T18:37:48.329+0000] {processor.py:925} INFO - DAG(s) 'example_params_trigger_ui' retrieved from /home/airflow/.local/lib/python3.10/site-packages/airflow/example_dags/example_params_trigger_ui.py
[2025-01-01T18:37:48.370+0000] {logging_mixin.py:190} INFO - [2025-01-01T18:37:48.369+0000] {dag.py:3239} INFO - Sync 1 DAGs
[2025-01-01T18:37:48.383+0000] {logging_mixin.py:190} INFO - [2025-01-01T18:37:48.383+0000] {dag.py:4180} INFO - Setting next_dagrun for example_params_trigger_ui to None, run_after=None
[2025-01-01T18:37:48.400+0000] {processor.py:208} INFO - Processing /home/airflow/.local/lib/python3.10/site-packages/airflow/example_dags/example_params_trigger_ui.py took 0.090 seconds
[2025-01-01T18:38:18.884+0000] {processor.py:186} INFO - Started process (PID=58679) to work on /home/airflow/.local/lib/python3.10/site-packages/airflow/example_dags/example_params_trigger_ui.py
[2025-01-01T18:38:18.885+0000] {processor.py:914} INFO - Processing file /home/airflow/.local/lib/python3.10/site-packages/airflow/example_dags/example_params_trigger_ui.py for tasks to queue
[2025-01-01T18:38:18.887+0000] {logging_mixin.py:190} INFO - [2025-01-01T18:38:18.886+0000] {dagbag.py:588} INFO - Filling up the DagBag from /home/airflow/.local/lib/python3.10/site-packages/airflow/example_dags/example_params_trigger_ui.py
[2025-01-01T18:38:18.899+0000] {processor.py:925} INFO - DAG(s) 'example_params_trigger_ui' retrieved from /home/airflow/.local/lib/python3.10/site-packages/airflow/example_dags/example_params_trigger_ui.py
[2025-01-01T18:38:18.947+0000] {logging_mixin.py:190} INFO - [2025-01-01T18:38:18.946+0000] {dag.py:3239} INFO - Sync 1 DAGs
[2025-01-01T18:38:18.962+0000] {logging_mixin.py:190} INFO - [2025-01-01T18:38:18.962+0000] {dag.py:4180} INFO - Setting next_dagrun for example_params_trigger_ui to None, run_after=None
[2025-01-01T18:38:18.980+0000] {processor.py:208} INFO - Processing /home/airflow/.local/lib/python3.10/site-packages/airflow/example_dags/example_params_trigger_ui.py took 0.102 seconds
[2025-01-01T18:38:50.850+0000] {processor.py:186} INFO - Started process (PID=58748) to work on /home/airflow/.local/lib/python3.10/site-packages/airflow/example_dags/example_params_trigger_ui.py
[2025-01-01T18:38:50.851+0000] {processor.py:914} INFO - Processing file /home/airflow/.local/lib/python3.10/site-packages/airflow/example_dags/example_params_trigger_ui.py for tasks to queue
[2025-01-01T18:38:50.853+0000] {logging_mixin.py:190} INFO - [2025-01-01T18:38:50.853+0000] {dagbag.py:588} INFO - Filling up the DagBag from /home/airflow/.local/lib/python3.10/site-packages/airflow/example_dags/example_params_trigger_ui.py
[2025-01-01T18:38:50.865+0000] {processor.py:925} INFO - DAG(s) 'example_params_trigger_ui' retrieved from /home/airflow/.local/lib/python3.10/site-packages/airflow/example_dags/example_params_trigger_ui.py
[2025-01-01T18:38:50.908+0000] {logging_mixin.py:190} INFO - [2025-01-01T18:38:50.907+0000] {dag.py:3239} INFO - Sync 1 DAGs
[2025-01-01T18:38:50.921+0000] {logging_mixin.py:190} INFO - [2025-01-01T18:38:50.921+0000] {dag.py:4180} INFO - Setting next_dagrun for example_params_trigger_ui to None, run_after=None
[2025-01-01T18:38:50.944+0000] {processor.py:208} INFO - Processing /home/airflow/.local/lib/python3.10/site-packages/airflow/example_dags/example_params_trigger_ui.py took 0.099 seconds
[2025-01-01T18:39:22.080+0000] {processor.py:186} INFO - Started process (PID=58816) to work on /home/airflow/.local/lib/python3.10/site-packages/airflow/example_dags/example_params_trigger_ui.py
[2025-01-01T18:39:22.081+0000] {processor.py:914} INFO - Processing file /home/airflow/.local/lib/python3.10/site-packages/airflow/example_dags/example_params_trigger_ui.py for tasks to queue
[2025-01-01T18:39:22.083+0000] {logging_mixin.py:190} INFO - [2025-01-01T18:39:22.082+0000] {dagbag.py:588} INFO - Filling up the DagBag from /home/airflow/.local/lib/python3.10/site-packages/airflow/example_dags/example_params_trigger_ui.py
[2025-01-01T18:39:22.096+0000] {processor.py:925} INFO - DAG(s) 'example_params_trigger_ui' retrieved from /home/airflow/.local/lib/python3.10/site-packages/airflow/example_dags/example_params_trigger_ui.py
[2025-01-01T18:39:22.141+0000] {logging_mixin.py:190} INFO - [2025-01-01T18:39:22.141+0000] {dag.py:3239} INFO - Sync 1 DAGs
[2025-01-01T18:39:22.156+0000] {logging_mixin.py:190} INFO - [2025-01-01T18:39:22.156+0000] {dag.py:4180} INFO - Setting next_dagrun for example_params_trigger_ui to None, run_after=None
[2025-01-01T18:39:22.175+0000] {processor.py:208} INFO - Processing /home/airflow/.local/lib/python3.10/site-packages/airflow/example_dags/example_params_trigger_ui.py took 0.102 seconds
[2025-01-01T18:39:52.677+0000] {processor.py:186} INFO - Started process (PID=58884) to work on /home/airflow/.local/lib/python3.10/site-packages/airflow/example_dags/example_params_trigger_ui.py
[2025-01-01T18:39:52.678+0000] {processor.py:914} INFO - Processing file /home/airflow/.local/lib/python3.10/site-packages/airflow/example_dags/example_params_trigger_ui.py for tasks to queue
[2025-01-01T18:39:52.680+0000] {logging_mixin.py:190} INFO - [2025-01-01T18:39:52.680+0000] {dagbag.py:588} INFO - Filling up the DagBag from /home/airflow/.local/lib/python3.10/site-packages/airflow/example_dags/example_params_trigger_ui.py
[2025-01-01T18:39:52.693+0000] {processor.py:925} INFO - DAG(s) 'example_params_trigger_ui' retrieved from /home/airflow/.local/lib/python3.10/site-packages/airflow/example_dags/example_params_trigger_ui.py
[2025-01-01T18:39:52.737+0000] {logging_mixin.py:190} INFO - [2025-01-01T18:39:52.737+0000] {dag.py:3239} INFO - Sync 1 DAGs
[2025-01-01T18:39:52.751+0000] {logging_mixin.py:190} INFO - [2025-01-01T18:39:52.750+0000] {dag.py:4180} INFO - Setting next_dagrun for example_params_trigger_ui to None, run_after=None
[2025-01-01T18:39:52.768+0000] {processor.py:208} INFO - Processing /home/airflow/.local/lib/python3.10/site-packages/airflow/example_dags/example_params_trigger_ui.py took 0.097 seconds
[2025-01-01T18:40:23.157+0000] {processor.py:186} INFO - Started process (PID=58952) to work on /home/airflow/.local/lib/python3.10/site-packages/airflow/example_dags/example_params_trigger_ui.py
[2025-01-01T18:40:23.158+0000] {processor.py:914} INFO - Processing file /home/airflow/.local/lib/python3.10/site-packages/airflow/example_dags/example_params_trigger_ui.py for tasks to queue
[2025-01-01T18:40:23.159+0000] {logging_mixin.py:190} INFO - [2025-01-01T18:40:23.159+0000] {dagbag.py:588} INFO - Filling up the DagBag from /home/airflow/.local/lib/python3.10/site-packages/airflow/example_dags/example_params_trigger_ui.py
[2025-01-01T18:40:23.170+0000] {processor.py:925} INFO - DAG(s) 'example_params_trigger_ui' retrieved from /home/airflow/.local/lib/python3.10/site-packages/airflow/example_dags/example_params_trigger_ui.py
[2025-01-01T18:40:23.212+0000] {logging_mixin.py:190} INFO - [2025-01-01T18:40:23.212+0000] {dag.py:3239} INFO - Sync 1 DAGs
[2025-01-01T18:40:23.225+0000] {logging_mixin.py:190} INFO - [2025-01-01T18:40:23.224+0000] {dag.py:4180} INFO - Setting next_dagrun for example_params_trigger_ui to None, run_after=None
[2025-01-01T18:40:23.241+0000] {processor.py:208} INFO - Processing /home/airflow/.local/lib/python3.10/site-packages/airflow/example_dags/example_params_trigger_ui.py took 0.090 seconds
[2025-01-01T18:40:54.128+0000] {processor.py:186} INFO - Started process (PID=59020) to work on /home/airflow/.local/lib/python3.10/site-packages/airflow/example_dags/example_params_trigger_ui.py
[2025-01-01T18:40:54.130+0000] {processor.py:914} INFO - Processing file /home/airflow/.local/lib/python3.10/site-packages/airflow/example_dags/example_params_trigger_ui.py for tasks to queue
[2025-01-01T18:40:54.131+0000] {logging_mixin.py:190} INFO - [2025-01-01T18:40:54.131+0000] {dagbag.py:588} INFO - Filling up the DagBag from /home/airflow/.local/lib/python3.10/site-packages/airflow/example_dags/example_params_trigger_ui.py
[2025-01-01T18:40:54.143+0000] {processor.py:925} INFO - DAG(s) 'example_params_trigger_ui' retrieved from /home/airflow/.local/lib/python3.10/site-packages/airflow/example_dags/example_params_trigger_ui.py
[2025-01-01T18:40:54.189+0000] {logging_mixin.py:190} INFO - [2025-01-01T18:40:54.189+0000] {dag.py:3239} INFO - Sync 1 DAGs
[2025-01-01T18:40:54.203+0000] {logging_mixin.py:190} INFO - [2025-01-01T18:40:54.202+0000] {dag.py:4180} INFO - Setting next_dagrun for example_params_trigger_ui to None, run_after=None
[2025-01-01T18:40:54.221+0000] {processor.py:208} INFO - Processing /home/airflow/.local/lib/python3.10/site-packages/airflow/example_dags/example_params_trigger_ui.py took 0.098 seconds
[2025-01-01T18:41:25.139+0000] {processor.py:186} INFO - Started process (PID=59088) to work on /home/airflow/.local/lib/python3.10/site-packages/airflow/example_dags/example_params_trigger_ui.py
[2025-01-01T18:41:25.140+0000] {processor.py:914} INFO - Processing file /home/airflow/.local/lib/python3.10/site-packages/airflow/example_dags/example_params_trigger_ui.py for tasks to queue
[2025-01-01T18:41:25.141+0000] {logging_mixin.py:190} INFO - [2025-01-01T18:41:25.141+0000] {dagbag.py:588} INFO - Filling up the DagBag from /home/airflow/.local/lib/python3.10/site-packages/airflow/example_dags/example_params_trigger_ui.py
[2025-01-01T18:41:25.154+0000] {processor.py:925} INFO - DAG(s) 'example_params_trigger_ui' retrieved from /home/airflow/.local/lib/python3.10/site-packages/airflow/example_dags/example_params_trigger_ui.py
[2025-01-01T18:41:25.198+0000] {logging_mixin.py:190} INFO - [2025-01-01T18:41:25.198+0000] {dag.py:3239} INFO - Sync 1 DAGs
[2025-01-01T18:41:25.211+0000] {logging_mixin.py:190} INFO - [2025-01-01T18:41:25.211+0000] {dag.py:4180} INFO - Setting next_dagrun for example_params_trigger_ui to None, run_after=None
[2025-01-01T18:41:25.228+0000] {processor.py:208} INFO - Processing /home/airflow/.local/lib/python3.10/site-packages/airflow/example_dags/example_params_trigger_ui.py took 0.095 seconds
[2025-01-01T18:41:55.579+0000] {processor.py:186} INFO - Started process (PID=59156) to work on /home/airflow/.local/lib/python3.10/site-packages/airflow/example_dags/example_params_trigger_ui.py
[2025-01-01T18:41:55.581+0000] {processor.py:914} INFO - Processing file /home/airflow/.local/lib/python3.10/site-packages/airflow/example_dags/example_params_trigger_ui.py for tasks to queue
[2025-01-01T18:41:55.582+0000] {logging_mixin.py:190} INFO - [2025-01-01T18:41:55.582+0000] {dagbag.py:588} INFO - Filling up the DagBag from /home/airflow/.local/lib/python3.10/site-packages/airflow/example_dags/example_params_trigger_ui.py
[2025-01-01T18:41:55.596+0000] {processor.py:925} INFO - DAG(s) 'example_params_trigger_ui' retrieved from /home/airflow/.local/lib/python3.10/site-packages/airflow/example_dags/example_params_trigger_ui.py
[2025-01-01T18:41:55.643+0000] {logging_mixin.py:190} INFO - [2025-01-01T18:41:55.642+0000] {dag.py:3239} INFO - Sync 1 DAGs
[2025-01-01T18:41:55.657+0000] {logging_mixin.py:190} INFO - [2025-01-01T18:41:55.656+0000] {dag.py:4180} INFO - Setting next_dagrun for example_params_trigger_ui to None, run_after=None
[2025-01-01T18:41:55.677+0000] {processor.py:208} INFO - Processing /home/airflow/.local/lib/python3.10/site-packages/airflow/example_dags/example_params_trigger_ui.py took 0.105 seconds
[2025-01-01T18:42:26.345+0000] {processor.py:186} INFO - Started process (PID=59224) to work on /home/airflow/.local/lib/python3.10/site-packages/airflow/example_dags/example_params_trigger_ui.py
[2025-01-01T18:42:26.346+0000] {processor.py:914} INFO - Processing file /home/airflow/.local/lib/python3.10/site-packages/airflow/example_dags/example_params_trigger_ui.py for tasks to queue
[2025-01-01T18:42:26.347+0000] {logging_mixin.py:190} INFO - [2025-01-01T18:42:26.347+0000] {dagbag.py:588} INFO - Filling up the DagBag from /home/airflow/.local/lib/python3.10/site-packages/airflow/example_dags/example_params_trigger_ui.py
[2025-01-01T18:42:26.359+0000] {processor.py:925} INFO - DAG(s) 'example_params_trigger_ui' retrieved from /home/airflow/.local/lib/python3.10/site-packages/airflow/example_dags/example_params_trigger_ui.py
[2025-01-01T18:42:26.399+0000] {logging_mixin.py:190} INFO - [2025-01-01T18:42:26.399+0000] {dag.py:3239} INFO - Sync 1 DAGs
[2025-01-01T18:42:26.412+0000] {logging_mixin.py:190} INFO - [2025-01-01T18:42:26.411+0000] {dag.py:4180} INFO - Setting next_dagrun for example_params_trigger_ui to None, run_after=None
[2025-01-01T18:42:26.428+0000] {processor.py:208} INFO - Processing /home/airflow/.local/lib/python3.10/site-packages/airflow/example_dags/example_params_trigger_ui.py took 0.089 seconds
[2025-01-01T18:42:57.032+0000] {processor.py:186} INFO - Started process (PID=59292) to work on /home/airflow/.local/lib/python3.10/site-packages/airflow/example_dags/example_params_trigger_ui.py
[2025-01-01T18:42:57.033+0000] {processor.py:914} INFO - Processing file /home/airflow/.local/lib/python3.10/site-packages/airflow/example_dags/example_params_trigger_ui.py for tasks to queue
[2025-01-01T18:42:57.035+0000] {logging_mixin.py:190} INFO - [2025-01-01T18:42:57.034+0000] {dagbag.py:588} INFO - Filling up the DagBag from /home/airflow/.local/lib/python3.10/site-packages/airflow/example_dags/example_params_trigger_ui.py
[2025-01-01T18:42:57.047+0000] {processor.py:925} INFO - DAG(s) 'example_params_trigger_ui' retrieved from /home/airflow/.local/lib/python3.10/site-packages/airflow/example_dags/example_params_trigger_ui.py
[2025-01-01T18:42:57.090+0000] {logging_mixin.py:190} INFO - [2025-01-01T18:42:57.090+0000] {dag.py:3239} INFO - Sync 1 DAGs
[2025-01-01T18:42:57.105+0000] {logging_mixin.py:190} INFO - [2025-01-01T18:42:57.105+0000] {dag.py:4180} INFO - Setting next_dagrun for example_params_trigger_ui to None, run_after=None
[2025-01-01T18:42:57.120+0000] {processor.py:208} INFO - Processing /home/airflow/.local/lib/python3.10/site-packages/airflow/example_dags/example_params_trigger_ui.py took 0.094 seconds
[2025-01-01T18:43:28.011+0000] {processor.py:186} INFO - Started process (PID=59360) to work on /home/airflow/.local/lib/python3.10/site-packages/airflow/example_dags/example_params_trigger_ui.py
[2025-01-01T18:43:28.013+0000] {processor.py:914} INFO - Processing file /home/airflow/.local/lib/python3.10/site-packages/airflow/example_dags/example_params_trigger_ui.py for tasks to queue
[2025-01-01T18:43:28.014+0000] {logging_mixin.py:190} INFO - [2025-01-01T18:43:28.014+0000] {dagbag.py:588} INFO - Filling up the DagBag from /home/airflow/.local/lib/python3.10/site-packages/airflow/example_dags/example_params_trigger_ui.py
[2025-01-01T18:43:28.037+0000] {processor.py:925} INFO - DAG(s) 'example_params_trigger_ui' retrieved from /home/airflow/.local/lib/python3.10/site-packages/airflow/example_dags/example_params_trigger_ui.py
[2025-01-01T18:43:28.113+0000] {logging_mixin.py:190} INFO - [2025-01-01T18:43:28.113+0000] {dag.py:3239} INFO - Sync 1 DAGs
[2025-01-01T18:43:28.131+0000] {logging_mixin.py:190} INFO - [2025-01-01T18:43:28.130+0000] {dag.py:4180} INFO - Setting next_dagrun for example_params_trigger_ui to None, run_after=None
[2025-01-01T18:43:28.147+0000] {processor.py:208} INFO - Processing /home/airflow/.local/lib/python3.10/site-packages/airflow/example_dags/example_params_trigger_ui.py took 0.143 seconds
[2025-01-01T18:43:58.911+0000] {processor.py:186} INFO - Started process (PID=59428) to work on /home/airflow/.local/lib/python3.10/site-packages/airflow/example_dags/example_params_trigger_ui.py
[2025-01-01T18:43:58.912+0000] {processor.py:914} INFO - Processing file /home/airflow/.local/lib/python3.10/site-packages/airflow/example_dags/example_params_trigger_ui.py for tasks to queue
[2025-01-01T18:43:58.914+0000] {logging_mixin.py:190} INFO - [2025-01-01T18:43:58.914+0000] {dagbag.py:588} INFO - Filling up the DagBag from /home/airflow/.local/lib/python3.10/site-packages/airflow/example_dags/example_params_trigger_ui.py
[2025-01-01T18:43:58.929+0000] {processor.py:925} INFO - DAG(s) 'example_params_trigger_ui' retrieved from /home/airflow/.local/lib/python3.10/site-packages/airflow/example_dags/example_params_trigger_ui.py
[2025-01-01T18:43:58.980+0000] {logging_mixin.py:190} INFO - [2025-01-01T18:43:58.979+0000] {dag.py:3239} INFO - Sync 1 DAGs
[2025-01-01T18:43:58.993+0000] {logging_mixin.py:190} INFO - [2025-01-01T18:43:58.992+0000] {dag.py:4180} INFO - Setting next_dagrun for example_params_trigger_ui to None, run_after=None
[2025-01-01T18:43:59.009+0000] {processor.py:208} INFO - Processing /home/airflow/.local/lib/python3.10/site-packages/airflow/example_dags/example_params_trigger_ui.py took 0.104 seconds
[2025-01-01T18:44:29.389+0000] {processor.py:186} INFO - Started process (PID=59496) to work on /home/airflow/.local/lib/python3.10/site-packages/airflow/example_dags/example_params_trigger_ui.py
[2025-01-01T18:44:29.391+0000] {processor.py:914} INFO - Processing file /home/airflow/.local/lib/python3.10/site-packages/airflow/example_dags/example_params_trigger_ui.py for tasks to queue
[2025-01-01T18:44:29.392+0000] {logging_mixin.py:190} INFO - [2025-01-01T18:44:29.392+0000] {dagbag.py:588} INFO - Filling up the DagBag from /home/airflow/.local/lib/python3.10/site-packages/airflow/example_dags/example_params_trigger_ui.py
[2025-01-01T18:44:29.404+0000] {processor.py:925} INFO - DAG(s) 'example_params_trigger_ui' retrieved from /home/airflow/.local/lib/python3.10/site-packages/airflow/example_dags/example_params_trigger_ui.py
[2025-01-01T18:44:29.445+0000] {logging_mixin.py:190} INFO - [2025-01-01T18:44:29.444+0000] {dag.py:3239} INFO - Sync 1 DAGs
[2025-01-01T18:44:29.458+0000] {logging_mixin.py:190} INFO - [2025-01-01T18:44:29.458+0000] {dag.py:4180} INFO - Setting next_dagrun for example_params_trigger_ui to None, run_after=None
[2025-01-01T18:44:29.474+0000] {processor.py:208} INFO - Processing /home/airflow/.local/lib/python3.10/site-packages/airflow/example_dags/example_params_trigger_ui.py took 0.091 seconds
[2025-01-01T18:45:00.453+0000] {processor.py:186} INFO - Started process (PID=59564) to work on /home/airflow/.local/lib/python3.10/site-packages/airflow/example_dags/example_params_trigger_ui.py
[2025-01-01T18:45:00.454+0000] {processor.py:914} INFO - Processing file /home/airflow/.local/lib/python3.10/site-packages/airflow/example_dags/example_params_trigger_ui.py for tasks to queue
[2025-01-01T18:45:00.456+0000] {logging_mixin.py:190} INFO - [2025-01-01T18:45:00.455+0000] {dagbag.py:588} INFO - Filling up the DagBag from /home/airflow/.local/lib/python3.10/site-packages/airflow/example_dags/example_params_trigger_ui.py
[2025-01-01T18:45:00.470+0000] {processor.py:925} INFO - DAG(s) 'example_params_trigger_ui' retrieved from /home/airflow/.local/lib/python3.10/site-packages/airflow/example_dags/example_params_trigger_ui.py
[2025-01-01T18:45:00.515+0000] {logging_mixin.py:190} INFO - [2025-01-01T18:45:00.515+0000] {dag.py:3239} INFO - Sync 1 DAGs
[2025-01-01T18:45:00.529+0000] {logging_mixin.py:190} INFO - [2025-01-01T18:45:00.529+0000] {dag.py:4180} INFO - Setting next_dagrun for example_params_trigger_ui to None, run_after=None
[2025-01-01T18:45:00.550+0000] {processor.py:208} INFO - Processing /home/airflow/.local/lib/python3.10/site-packages/airflow/example_dags/example_params_trigger_ui.py took 0.103 seconds
[2025-01-01T18:45:31.230+0000] {processor.py:186} INFO - Started process (PID=59632) to work on /home/airflow/.local/lib/python3.10/site-packages/airflow/example_dags/example_params_trigger_ui.py
[2025-01-01T18:45:31.231+0000] {processor.py:914} INFO - Processing file /home/airflow/.local/lib/python3.10/site-packages/airflow/example_dags/example_params_trigger_ui.py for tasks to queue
[2025-01-01T18:45:31.233+0000] {logging_mixin.py:190} INFO - [2025-01-01T18:45:31.232+0000] {dagbag.py:588} INFO - Filling up the DagBag from /home/airflow/.local/lib/python3.10/site-packages/airflow/example_dags/example_params_trigger_ui.py
[2025-01-01T18:45:31.244+0000] {processor.py:925} INFO - DAG(s) 'example_params_trigger_ui' retrieved from /home/airflow/.local/lib/python3.10/site-packages/airflow/example_dags/example_params_trigger_ui.py
[2025-01-01T18:45:31.288+0000] {logging_mixin.py:190} INFO - [2025-01-01T18:45:31.287+0000] {dag.py:3239} INFO - Sync 1 DAGs
[2025-01-01T18:45:31.300+0000] {logging_mixin.py:190} INFO - [2025-01-01T18:45:31.300+0000] {dag.py:4180} INFO - Setting next_dagrun for example_params_trigger_ui to None, run_after=None
[2025-01-01T18:45:31.319+0000] {processor.py:208} INFO - Processing /home/airflow/.local/lib/python3.10/site-packages/airflow/example_dags/example_params_trigger_ui.py took 0.095 seconds
[2025-01-01T18:46:01.645+0000] {processor.py:186} INFO - Started process (PID=59700) to work on /home/airflow/.local/lib/python3.10/site-packages/airflow/example_dags/example_params_trigger_ui.py
[2025-01-01T18:46:01.646+0000] {processor.py:914} INFO - Processing file /home/airflow/.local/lib/python3.10/site-packages/airflow/example_dags/example_params_trigger_ui.py for tasks to queue
[2025-01-01T18:46:01.648+0000] {logging_mixin.py:190} INFO - [2025-01-01T18:46:01.648+0000] {dagbag.py:588} INFO - Filling up the DagBag from /home/airflow/.local/lib/python3.10/site-packages/airflow/example_dags/example_params_trigger_ui.py
[2025-01-01T18:46:01.661+0000] {processor.py:925} INFO - DAG(s) 'example_params_trigger_ui' retrieved from /home/airflow/.local/lib/python3.10/site-packages/airflow/example_dags/example_params_trigger_ui.py
[2025-01-01T18:46:01.705+0000] {logging_mixin.py:190} INFO - [2025-01-01T18:46:01.705+0000] {dag.py:3239} INFO - Sync 1 DAGs
[2025-01-01T18:46:01.717+0000] {logging_mixin.py:190} INFO - [2025-01-01T18:46:01.717+0000] {dag.py:4180} INFO - Setting next_dagrun for example_params_trigger_ui to None, run_after=None
[2025-01-01T18:46:01.736+0000] {processor.py:208} INFO - Processing /home/airflow/.local/lib/python3.10/site-packages/airflow/example_dags/example_params_trigger_ui.py took 0.099 seconds
[2025-01-01T18:46:32.164+0000] {processor.py:186} INFO - Started process (PID=59767) to work on /home/airflow/.local/lib/python3.10/site-packages/airflow/example_dags/example_params_trigger_ui.py
[2025-01-01T18:46:32.165+0000] {processor.py:914} INFO - Processing file /home/airflow/.local/lib/python3.10/site-packages/airflow/example_dags/example_params_trigger_ui.py for tasks to queue
[2025-01-01T18:46:32.166+0000] {logging_mixin.py:190} INFO - [2025-01-01T18:46:32.166+0000] {dagbag.py:588} INFO - Filling up the DagBag from /home/airflow/.local/lib/python3.10/site-packages/airflow/example_dags/example_params_trigger_ui.py
[2025-01-01T18:46:32.177+0000] {processor.py:925} INFO - DAG(s) 'example_params_trigger_ui' retrieved from /home/airflow/.local/lib/python3.10/site-packages/airflow/example_dags/example_params_trigger_ui.py
[2025-01-01T18:46:32.221+0000] {logging_mixin.py:190} INFO - [2025-01-01T18:46:32.220+0000] {dag.py:3239} INFO - Sync 1 DAGs
[2025-01-01T18:46:32.233+0000] {logging_mixin.py:190} INFO - [2025-01-01T18:46:32.232+0000] {dag.py:4180} INFO - Setting next_dagrun for example_params_trigger_ui to None, run_after=None
[2025-01-01T18:46:32.248+0000] {processor.py:208} INFO - Processing /home/airflow/.local/lib/python3.10/site-packages/airflow/example_dags/example_params_trigger_ui.py took 0.091 seconds
[2025-01-01T18:47:03.034+0000] {processor.py:186} INFO - Started process (PID=59835) to work on /home/airflow/.local/lib/python3.10/site-packages/airflow/example_dags/example_params_trigger_ui.py
[2025-01-01T18:47:03.035+0000] {processor.py:914} INFO - Processing file /home/airflow/.local/lib/python3.10/site-packages/airflow/example_dags/example_params_trigger_ui.py for tasks to queue
[2025-01-01T18:47:03.037+0000] {logging_mixin.py:190} INFO - [2025-01-01T18:47:03.036+0000] {dagbag.py:588} INFO - Filling up the DagBag from /home/airflow/.local/lib/python3.10/site-packages/airflow/example_dags/example_params_trigger_ui.py
[2025-01-01T18:47:03.049+0000] {processor.py:925} INFO - DAG(s) 'example_params_trigger_ui' retrieved from /home/airflow/.local/lib/python3.10/site-packages/airflow/example_dags/example_params_trigger_ui.py
[2025-01-01T18:47:03.097+0000] {logging_mixin.py:190} INFO - [2025-01-01T18:47:03.097+0000] {dag.py:3239} INFO - Sync 1 DAGs
[2025-01-01T18:47:03.111+0000] {logging_mixin.py:190} INFO - [2025-01-01T18:47:03.111+0000] {dag.py:4180} INFO - Setting next_dagrun for example_params_trigger_ui to None, run_after=None
[2025-01-01T18:47:03.127+0000] {processor.py:208} INFO - Processing /home/airflow/.local/lib/python3.10/site-packages/airflow/example_dags/example_params_trigger_ui.py took 0.100 seconds
