[2025-01-01T18:19:07.472+0000] {processor.py:186} INFO - Started process (PID=56144) to work on /home/airflow/.local/lib/python3.10/site-packages/airflow/example_dags/example_branch_python_dop_operator_3.py
[2025-01-01T18:19:07.474+0000] {processor.py:914} INFO - Processing file /home/airflow/.local/lib/python3.10/site-packages/airflow/example_dags/example_branch_python_dop_operator_3.py for tasks to queue
[2025-01-01T18:19:07.477+0000] {logging_mixin.py:190} INFO - [2025-01-01T18:19:07.477+0000] {dagbag.py:588} INFO - Filling up the DagBag from /home/airflow/.local/lib/python3.10/site-packages/airflow/example_dags/example_branch_python_dop_operator_3.py
[2025-01-01T18:19:07.494+0000] {processor.py:925} INFO - DAG(s) 'example_branch_dop_operator_v3' retrieved from /home/airflow/.local/lib/python3.10/site-packages/airflow/example_dags/example_branch_python_dop_operator_3.py
[2025-01-01T18:19:07.529+0000] {logging_mixin.py:190} INFO - [2025-01-01T18:19:07.529+0000] {dag.py:3239} INFO - Sync 1 DAGs
[2025-01-01T18:19:07.587+0000] {logging_mixin.py:190} INFO - [2025-01-01T18:19:07.587+0000] {dag.py:4180} INFO - Setting next_dagrun for example_branch_dop_operator_v3 to 2025-01-01 18:18:00+00:00, run_after=2025-01-01 18:19:00+00:00
[2025-01-01T18:19:07.624+0000] {processor.py:208} INFO - Processing /home/airflow/.local/lib/python3.10/site-packages/airflow/example_dags/example_branch_python_dop_operator_3.py took 0.160 seconds
[2025-01-01T18:19:48.391+0000] {processor.py:186} INFO - Started process (PID=56223) to work on /home/airflow/.local/lib/python3.10/site-packages/airflow/example_dags/example_branch_python_dop_operator_3.py
[2025-01-01T18:19:48.393+0000] {processor.py:914} INFO - Processing file /home/airflow/.local/lib/python3.10/site-packages/airflow/example_dags/example_branch_python_dop_operator_3.py for tasks to queue
[2025-01-01T18:19:48.394+0000] {logging_mixin.py:190} INFO - [2025-01-01T18:19:48.394+0000] {dagbag.py:588} INFO - Filling up the DagBag from /home/airflow/.local/lib/python3.10/site-packages/airflow/example_dags/example_branch_python_dop_operator_3.py
[2025-01-01T18:19:48.404+0000] {processor.py:925} INFO - DAG(s) 'example_branch_dop_operator_v3' retrieved from /home/airflow/.local/lib/python3.10/site-packages/airflow/example_dags/example_branch_python_dop_operator_3.py
[2025-01-01T18:19:48.430+0000] {logging_mixin.py:190} INFO - [2025-01-01T18:19:48.430+0000] {dag.py:3239} INFO - Sync 1 DAGs
[2025-01-01T18:19:48.463+0000] {logging_mixin.py:190} INFO - [2025-01-01T18:19:48.462+0000] {dag.py:4180} INFO - Setting next_dagrun for example_branch_dop_operator_v3 to 2025-01-01 18:18:00+00:00, run_after=2025-01-01 18:19:00+00:00
[2025-01-01T18:19:48.480+0000] {processor.py:208} INFO - Processing /home/airflow/.local/lib/python3.10/site-packages/airflow/example_dags/example_branch_python_dop_operator_3.py took 0.095 seconds
[2025-01-01T18:20:18.606+0000] {processor.py:186} INFO - Started process (PID=56292) to work on /home/airflow/.local/lib/python3.10/site-packages/airflow/example_dags/example_branch_python_dop_operator_3.py
[2025-01-01T18:20:18.607+0000] {processor.py:914} INFO - Processing file /home/airflow/.local/lib/python3.10/site-packages/airflow/example_dags/example_branch_python_dop_operator_3.py for tasks to queue
[2025-01-01T18:20:18.609+0000] {logging_mixin.py:190} INFO - [2025-01-01T18:20:18.608+0000] {dagbag.py:588} INFO - Filling up the DagBag from /home/airflow/.local/lib/python3.10/site-packages/airflow/example_dags/example_branch_python_dop_operator_3.py
[2025-01-01T18:20:18.618+0000] {processor.py:925} INFO - DAG(s) 'example_branch_dop_operator_v3' retrieved from /home/airflow/.local/lib/python3.10/site-packages/airflow/example_dags/example_branch_python_dop_operator_3.py
[2025-01-01T18:20:18.645+0000] {logging_mixin.py:190} INFO - [2025-01-01T18:20:18.645+0000] {dag.py:3239} INFO - Sync 1 DAGs
[2025-01-01T18:20:18.671+0000] {logging_mixin.py:190} INFO - [2025-01-01T18:20:18.671+0000] {dag.py:4180} INFO - Setting next_dagrun for example_branch_dop_operator_v3 to 2025-01-01 18:19:00+00:00, run_after=2025-01-01 18:20:00+00:00
[2025-01-01T18:20:18.689+0000] {processor.py:208} INFO - Processing /home/airflow/.local/lib/python3.10/site-packages/airflow/example_dags/example_branch_python_dop_operator_3.py took 0.089 seconds
[2025-01-01T18:20:49.678+0000] {processor.py:186} INFO - Started process (PID=56360) to work on /home/airflow/.local/lib/python3.10/site-packages/airflow/example_dags/example_branch_python_dop_operator_3.py
[2025-01-01T18:20:49.680+0000] {processor.py:914} INFO - Processing file /home/airflow/.local/lib/python3.10/site-packages/airflow/example_dags/example_branch_python_dop_operator_3.py for tasks to queue
[2025-01-01T18:20:49.682+0000] {logging_mixin.py:190} INFO - [2025-01-01T18:20:49.682+0000] {dagbag.py:588} INFO - Filling up the DagBag from /home/airflow/.local/lib/python3.10/site-packages/airflow/example_dags/example_branch_python_dop_operator_3.py
[2025-01-01T18:20:49.702+0000] {processor.py:925} INFO - DAG(s) 'example_branch_dop_operator_v3' retrieved from /home/airflow/.local/lib/python3.10/site-packages/airflow/example_dags/example_branch_python_dop_operator_3.py
[2025-01-01T18:20:49.732+0000] {logging_mixin.py:190} INFO - [2025-01-01T18:20:49.731+0000] {dag.py:3239} INFO - Sync 1 DAGs
[2025-01-01T18:20:49.765+0000] {logging_mixin.py:190} INFO - [2025-01-01T18:20:49.765+0000] {dag.py:4180} INFO - Setting next_dagrun for example_branch_dop_operator_v3 to 2025-01-01 18:19:00+00:00, run_after=2025-01-01 18:20:00+00:00
[2025-01-01T18:20:49.798+0000] {processor.py:208} INFO - Processing /home/airflow/.local/lib/python3.10/site-packages/airflow/example_dags/example_branch_python_dop_operator_3.py took 0.131 seconds
[2025-01-01T18:21:20.687+0000] {processor.py:186} INFO - Started process (PID=56429) to work on /home/airflow/.local/lib/python3.10/site-packages/airflow/example_dags/example_branch_python_dop_operator_3.py
[2025-01-01T18:21:20.688+0000] {processor.py:914} INFO - Processing file /home/airflow/.local/lib/python3.10/site-packages/airflow/example_dags/example_branch_python_dop_operator_3.py for tasks to queue
[2025-01-01T18:21:20.690+0000] {logging_mixin.py:190} INFO - [2025-01-01T18:21:20.690+0000] {dagbag.py:588} INFO - Filling up the DagBag from /home/airflow/.local/lib/python3.10/site-packages/airflow/example_dags/example_branch_python_dop_operator_3.py
[2025-01-01T18:21:20.703+0000] {processor.py:925} INFO - DAG(s) 'example_branch_dop_operator_v3' retrieved from /home/airflow/.local/lib/python3.10/site-packages/airflow/example_dags/example_branch_python_dop_operator_3.py
[2025-01-01T18:21:20.725+0000] {logging_mixin.py:190} INFO - [2025-01-01T18:21:20.725+0000] {dag.py:3239} INFO - Sync 1 DAGs
[2025-01-01T18:21:20.752+0000] {logging_mixin.py:190} INFO - [2025-01-01T18:21:20.752+0000] {dag.py:4180} INFO - Setting next_dagrun for example_branch_dop_operator_v3 to 2025-01-01 18:20:00+00:00, run_after=2025-01-01 18:21:00+00:00
[2025-01-01T18:21:20.768+0000] {processor.py:208} INFO - Processing /home/airflow/.local/lib/python3.10/site-packages/airflow/example_dags/example_branch_python_dop_operator_3.py took 0.088 seconds
[2025-01-01T18:21:51.011+0000] {processor.py:186} INFO - Started process (PID=56497) to work on /home/airflow/.local/lib/python3.10/site-packages/airflow/example_dags/example_branch_python_dop_operator_3.py
[2025-01-01T18:21:51.012+0000] {processor.py:914} INFO - Processing file /home/airflow/.local/lib/python3.10/site-packages/airflow/example_dags/example_branch_python_dop_operator_3.py for tasks to queue
[2025-01-01T18:21:51.014+0000] {logging_mixin.py:190} INFO - [2025-01-01T18:21:51.013+0000] {dagbag.py:588} INFO - Filling up the DagBag from /home/airflow/.local/lib/python3.10/site-packages/airflow/example_dags/example_branch_python_dop_operator_3.py
[2025-01-01T18:21:51.026+0000] {processor.py:925} INFO - DAG(s) 'example_branch_dop_operator_v3' retrieved from /home/airflow/.local/lib/python3.10/site-packages/airflow/example_dags/example_branch_python_dop_operator_3.py
[2025-01-01T18:21:51.046+0000] {logging_mixin.py:190} INFO - [2025-01-01T18:21:51.046+0000] {dag.py:3239} INFO - Sync 1 DAGs
[2025-01-01T18:21:51.072+0000] {logging_mixin.py:190} INFO - [2025-01-01T18:21:51.071+0000] {dag.py:4180} INFO - Setting next_dagrun for example_branch_dop_operator_v3 to 2025-01-01 18:20:00+00:00, run_after=2025-01-01 18:21:00+00:00
[2025-01-01T18:21:51.088+0000] {processor.py:208} INFO - Processing /home/airflow/.local/lib/python3.10/site-packages/airflow/example_dags/example_branch_python_dop_operator_3.py took 0.084 seconds
[2025-01-01T18:22:21.233+0000] {processor.py:186} INFO - Started process (PID=56565) to work on /home/airflow/.local/lib/python3.10/site-packages/airflow/example_dags/example_branch_python_dop_operator_3.py
[2025-01-01T18:22:21.234+0000] {processor.py:914} INFO - Processing file /home/airflow/.local/lib/python3.10/site-packages/airflow/example_dags/example_branch_python_dop_operator_3.py for tasks to queue
[2025-01-01T18:22:21.236+0000] {logging_mixin.py:190} INFO - [2025-01-01T18:22:21.235+0000] {dagbag.py:588} INFO - Filling up the DagBag from /home/airflow/.local/lib/python3.10/site-packages/airflow/example_dags/example_branch_python_dop_operator_3.py
[2025-01-01T18:22:21.245+0000] {processor.py:925} INFO - DAG(s) 'example_branch_dop_operator_v3' retrieved from /home/airflow/.local/lib/python3.10/site-packages/airflow/example_dags/example_branch_python_dop_operator_3.py
[2025-01-01T18:22:21.266+0000] {logging_mixin.py:190} INFO - [2025-01-01T18:22:21.265+0000] {dag.py:3239} INFO - Sync 1 DAGs
[2025-01-01T18:22:21.294+0000] {logging_mixin.py:190} INFO - [2025-01-01T18:22:21.294+0000] {dag.py:4180} INFO - Setting next_dagrun for example_branch_dop_operator_v3 to 2025-01-01 18:21:00+00:00, run_after=2025-01-01 18:22:00+00:00
[2025-01-01T18:22:21.311+0000] {processor.py:208} INFO - Processing /home/airflow/.local/lib/python3.10/site-packages/airflow/example_dags/example_branch_python_dop_operator_3.py took 0.084 seconds
[2025-01-01T18:22:51.651+0000] {processor.py:186} INFO - Started process (PID=56633) to work on /home/airflow/.local/lib/python3.10/site-packages/airflow/example_dags/example_branch_python_dop_operator_3.py
[2025-01-01T18:22:51.652+0000] {processor.py:914} INFO - Processing file /home/airflow/.local/lib/python3.10/site-packages/airflow/example_dags/example_branch_python_dop_operator_3.py for tasks to queue
[2025-01-01T18:22:51.654+0000] {logging_mixin.py:190} INFO - [2025-01-01T18:22:51.654+0000] {dagbag.py:588} INFO - Filling up the DagBag from /home/airflow/.local/lib/python3.10/site-packages/airflow/example_dags/example_branch_python_dop_operator_3.py
[2025-01-01T18:22:51.665+0000] {processor.py:925} INFO - DAG(s) 'example_branch_dop_operator_v3' retrieved from /home/airflow/.local/lib/python3.10/site-packages/airflow/example_dags/example_branch_python_dop_operator_3.py
[2025-01-01T18:22:51.687+0000] {logging_mixin.py:190} INFO - [2025-01-01T18:22:51.686+0000] {dag.py:3239} INFO - Sync 1 DAGs
[2025-01-01T18:22:51.720+0000] {logging_mixin.py:190} INFO - [2025-01-01T18:22:51.719+0000] {dag.py:4180} INFO - Setting next_dagrun for example_branch_dop_operator_v3 to 2025-01-01 18:21:00+00:00, run_after=2025-01-01 18:22:00+00:00
[2025-01-01T18:22:51.739+0000] {processor.py:208} INFO - Processing /home/airflow/.local/lib/python3.10/site-packages/airflow/example_dags/example_branch_python_dop_operator_3.py took 0.094 seconds
[2025-01-01T18:23:22.129+0000] {processor.py:186} INFO - Started process (PID=56701) to work on /home/airflow/.local/lib/python3.10/site-packages/airflow/example_dags/example_branch_python_dop_operator_3.py
[2025-01-01T18:23:22.131+0000] {processor.py:914} INFO - Processing file /home/airflow/.local/lib/python3.10/site-packages/airflow/example_dags/example_branch_python_dop_operator_3.py for tasks to queue
[2025-01-01T18:23:22.132+0000] {logging_mixin.py:190} INFO - [2025-01-01T18:23:22.132+0000] {dagbag.py:588} INFO - Filling up the DagBag from /home/airflow/.local/lib/python3.10/site-packages/airflow/example_dags/example_branch_python_dop_operator_3.py
[2025-01-01T18:23:22.142+0000] {processor.py:925} INFO - DAG(s) 'example_branch_dop_operator_v3' retrieved from /home/airflow/.local/lib/python3.10/site-packages/airflow/example_dags/example_branch_python_dop_operator_3.py
[2025-01-01T18:23:22.163+0000] {logging_mixin.py:190} INFO - [2025-01-01T18:23:22.163+0000] {dag.py:3239} INFO - Sync 1 DAGs
[2025-01-01T18:23:22.189+0000] {logging_mixin.py:190} INFO - [2025-01-01T18:23:22.189+0000] {dag.py:4180} INFO - Setting next_dagrun for example_branch_dop_operator_v3 to 2025-01-01 18:22:00+00:00, run_after=2025-01-01 18:23:00+00:00
[2025-01-01T18:23:22.206+0000] {processor.py:208} INFO - Processing /home/airflow/.local/lib/python3.10/site-packages/airflow/example_dags/example_branch_python_dop_operator_3.py took 0.083 seconds
[2025-01-01T18:23:53.295+0000] {processor.py:186} INFO - Started process (PID=56769) to work on /home/airflow/.local/lib/python3.10/site-packages/airflow/example_dags/example_branch_python_dop_operator_3.py
[2025-01-01T18:23:53.296+0000] {processor.py:914} INFO - Processing file /home/airflow/.local/lib/python3.10/site-packages/airflow/example_dags/example_branch_python_dop_operator_3.py for tasks to queue
[2025-01-01T18:23:53.297+0000] {logging_mixin.py:190} INFO - [2025-01-01T18:23:53.297+0000] {dagbag.py:588} INFO - Filling up the DagBag from /home/airflow/.local/lib/python3.10/site-packages/airflow/example_dags/example_branch_python_dop_operator_3.py
[2025-01-01T18:23:53.307+0000] {processor.py:925} INFO - DAG(s) 'example_branch_dop_operator_v3' retrieved from /home/airflow/.local/lib/python3.10/site-packages/airflow/example_dags/example_branch_python_dop_operator_3.py
[2025-01-01T18:23:53.325+0000] {logging_mixin.py:190} INFO - [2025-01-01T18:23:53.325+0000] {dag.py:3239} INFO - Sync 1 DAGs
[2025-01-01T18:23:53.349+0000] {logging_mixin.py:190} INFO - [2025-01-01T18:23:53.349+0000] {dag.py:4180} INFO - Setting next_dagrun for example_branch_dop_operator_v3 to 2025-01-01 18:22:00+00:00, run_after=2025-01-01 18:23:00+00:00
[2025-01-01T18:23:53.365+0000] {processor.py:208} INFO - Processing /home/airflow/.local/lib/python3.10/site-packages/airflow/example_dags/example_branch_python_dop_operator_3.py took 0.077 seconds
[2025-01-01T18:24:24.042+0000] {processor.py:186} INFO - Started process (PID=56837) to work on /home/airflow/.local/lib/python3.10/site-packages/airflow/example_dags/example_branch_python_dop_operator_3.py
[2025-01-01T18:24:24.043+0000] {processor.py:914} INFO - Processing file /home/airflow/.local/lib/python3.10/site-packages/airflow/example_dags/example_branch_python_dop_operator_3.py for tasks to queue
[2025-01-01T18:24:24.044+0000] {logging_mixin.py:190} INFO - [2025-01-01T18:24:24.044+0000] {dagbag.py:588} INFO - Filling up the DagBag from /home/airflow/.local/lib/python3.10/site-packages/airflow/example_dags/example_branch_python_dop_operator_3.py
[2025-01-01T18:24:24.054+0000] {processor.py:925} INFO - DAG(s) 'example_branch_dop_operator_v3' retrieved from /home/airflow/.local/lib/python3.10/site-packages/airflow/example_dags/example_branch_python_dop_operator_3.py
[2025-01-01T18:24:24.075+0000] {logging_mixin.py:190} INFO - [2025-01-01T18:24:24.074+0000] {dag.py:3239} INFO - Sync 1 DAGs
[2025-01-01T18:24:24.100+0000] {logging_mixin.py:190} INFO - [2025-01-01T18:24:24.100+0000] {dag.py:4180} INFO - Setting next_dagrun for example_branch_dop_operator_v3 to 2025-01-01 18:23:00+00:00, run_after=2025-01-01 18:24:00+00:00
[2025-01-01T18:24:24.116+0000] {processor.py:208} INFO - Processing /home/airflow/.local/lib/python3.10/site-packages/airflow/example_dags/example_branch_python_dop_operator_3.py took 0.080 seconds
[2025-01-01T18:24:54.335+0000] {processor.py:186} INFO - Started process (PID=56904) to work on /home/airflow/.local/lib/python3.10/site-packages/airflow/example_dags/example_branch_python_dop_operator_3.py
[2025-01-01T18:24:54.336+0000] {processor.py:914} INFO - Processing file /home/airflow/.local/lib/python3.10/site-packages/airflow/example_dags/example_branch_python_dop_operator_3.py for tasks to queue
[2025-01-01T18:24:54.337+0000] {logging_mixin.py:190} INFO - [2025-01-01T18:24:54.337+0000] {dagbag.py:588} INFO - Filling up the DagBag from /home/airflow/.local/lib/python3.10/site-packages/airflow/example_dags/example_branch_python_dop_operator_3.py
[2025-01-01T18:24:54.349+0000] {processor.py:925} INFO - DAG(s) 'example_branch_dop_operator_v3' retrieved from /home/airflow/.local/lib/python3.10/site-packages/airflow/example_dags/example_branch_python_dop_operator_3.py
[2025-01-01T18:24:54.368+0000] {logging_mixin.py:190} INFO - [2025-01-01T18:24:54.368+0000] {dag.py:3239} INFO - Sync 1 DAGs
[2025-01-01T18:24:54.396+0000] {logging_mixin.py:190} INFO - [2025-01-01T18:24:54.395+0000] {dag.py:4180} INFO - Setting next_dagrun for example_branch_dop_operator_v3 to 2025-01-01 18:23:00+00:00, run_after=2025-01-01 18:24:00+00:00
[2025-01-01T18:24:54.414+0000] {processor.py:208} INFO - Processing /home/airflow/.local/lib/python3.10/site-packages/airflow/example_dags/example_branch_python_dop_operator_3.py took 0.086 seconds
[2025-01-01T18:25:25.074+0000] {processor.py:186} INFO - Started process (PID=56972) to work on /home/airflow/.local/lib/python3.10/site-packages/airflow/example_dags/example_branch_python_dop_operator_3.py
[2025-01-01T18:25:25.076+0000] {processor.py:914} INFO - Processing file /home/airflow/.local/lib/python3.10/site-packages/airflow/example_dags/example_branch_python_dop_operator_3.py for tasks to queue
[2025-01-01T18:25:25.077+0000] {logging_mixin.py:190} INFO - [2025-01-01T18:25:25.077+0000] {dagbag.py:588} INFO - Filling up the DagBag from /home/airflow/.local/lib/python3.10/site-packages/airflow/example_dags/example_branch_python_dop_operator_3.py
[2025-01-01T18:25:25.087+0000] {processor.py:925} INFO - DAG(s) 'example_branch_dop_operator_v3' retrieved from /home/airflow/.local/lib/python3.10/site-packages/airflow/example_dags/example_branch_python_dop_operator_3.py
[2025-01-01T18:25:25.108+0000] {logging_mixin.py:190} INFO - [2025-01-01T18:25:25.108+0000] {dag.py:3239} INFO - Sync 1 DAGs
[2025-01-01T18:25:25.133+0000] {logging_mixin.py:190} INFO - [2025-01-01T18:25:25.133+0000] {dag.py:4180} INFO - Setting next_dagrun for example_branch_dop_operator_v3 to 2025-01-01 18:24:00+00:00, run_after=2025-01-01 18:25:00+00:00
[2025-01-01T18:25:25.153+0000] {processor.py:208} INFO - Processing /home/airflow/.local/lib/python3.10/site-packages/airflow/example_dags/example_branch_python_dop_operator_3.py took 0.085 seconds
[2025-01-01T18:25:59.362+0000] {processor.py:186} INFO - Started process (PID=57045) to work on /home/airflow/.local/lib/python3.10/site-packages/airflow/example_dags/example_branch_python_dop_operator_3.py
[2025-01-01T18:25:59.364+0000] {processor.py:914} INFO - Processing file /home/airflow/.local/lib/python3.10/site-packages/airflow/example_dags/example_branch_python_dop_operator_3.py for tasks to queue
[2025-01-01T18:25:59.368+0000] {logging_mixin.py:190} INFO - [2025-01-01T18:25:59.367+0000] {dagbag.py:588} INFO - Filling up the DagBag from /home/airflow/.local/lib/python3.10/site-packages/airflow/example_dags/example_branch_python_dop_operator_3.py
[2025-01-01T18:25:59.385+0000] {processor.py:925} INFO - DAG(s) 'example_branch_dop_operator_v3' retrieved from /home/airflow/.local/lib/python3.10/site-packages/airflow/example_dags/example_branch_python_dop_operator_3.py
[2025-01-01T18:25:59.411+0000] {logging_mixin.py:190} INFO - [2025-01-01T18:25:59.411+0000] {dag.py:3239} INFO - Sync 1 DAGs
[2025-01-01T18:25:59.455+0000] {logging_mixin.py:190} INFO - [2025-01-01T18:25:59.455+0000] {dag.py:4180} INFO - Setting next_dagrun for example_branch_dop_operator_v3 to 2025-01-01 18:24:00+00:00, run_after=2025-01-01 18:25:00+00:00
[2025-01-01T18:25:59.512+0000] {processor.py:208} INFO - Processing /home/airflow/.local/lib/python3.10/site-packages/airflow/example_dags/example_branch_python_dop_operator_3.py took 0.161 seconds
[2025-01-01T18:26:29.903+0000] {processor.py:186} INFO - Started process (PID=57113) to work on /home/airflow/.local/lib/python3.10/site-packages/airflow/example_dags/example_branch_python_dop_operator_3.py
[2025-01-01T18:26:29.904+0000] {processor.py:914} INFO - Processing file /home/airflow/.local/lib/python3.10/site-packages/airflow/example_dags/example_branch_python_dop_operator_3.py for tasks to queue
[2025-01-01T18:26:29.905+0000] {logging_mixin.py:190} INFO - [2025-01-01T18:26:29.905+0000] {dagbag.py:588} INFO - Filling up the DagBag from /home/airflow/.local/lib/python3.10/site-packages/airflow/example_dags/example_branch_python_dop_operator_3.py
[2025-01-01T18:26:29.915+0000] {processor.py:925} INFO - DAG(s) 'example_branch_dop_operator_v3' retrieved from /home/airflow/.local/lib/python3.10/site-packages/airflow/example_dags/example_branch_python_dop_operator_3.py
[2025-01-01T18:26:29.933+0000] {logging_mixin.py:190} INFO - [2025-01-01T18:26:29.933+0000] {dag.py:3239} INFO - Sync 1 DAGs
[2025-01-01T18:26:29.958+0000] {logging_mixin.py:190} INFO - [2025-01-01T18:26:29.958+0000] {dag.py:4180} INFO - Setting next_dagrun for example_branch_dop_operator_v3 to 2025-01-01 18:25:00+00:00, run_after=2025-01-01 18:26:00+00:00
[2025-01-01T18:26:29.976+0000] {processor.py:208} INFO - Processing /home/airflow/.local/lib/python3.10/site-packages/airflow/example_dags/example_branch_python_dop_operator_3.py took 0.080 seconds
[2025-01-01T18:27:00.139+0000] {processor.py:186} INFO - Started process (PID=57181) to work on /home/airflow/.local/lib/python3.10/site-packages/airflow/example_dags/example_branch_python_dop_operator_3.py
[2025-01-01T18:27:00.140+0000] {processor.py:914} INFO - Processing file /home/airflow/.local/lib/python3.10/site-packages/airflow/example_dags/example_branch_python_dop_operator_3.py for tasks to queue
[2025-01-01T18:27:00.142+0000] {logging_mixin.py:190} INFO - [2025-01-01T18:27:00.141+0000] {dagbag.py:588} INFO - Filling up the DagBag from /home/airflow/.local/lib/python3.10/site-packages/airflow/example_dags/example_branch_python_dop_operator_3.py
[2025-01-01T18:27:00.152+0000] {processor.py:925} INFO - DAG(s) 'example_branch_dop_operator_v3' retrieved from /home/airflow/.local/lib/python3.10/site-packages/airflow/example_dags/example_branch_python_dop_operator_3.py
[2025-01-01T18:27:00.173+0000] {logging_mixin.py:190} INFO - [2025-01-01T18:27:00.172+0000] {dag.py:3239} INFO - Sync 1 DAGs
[2025-01-01T18:27:00.197+0000] {logging_mixin.py:190} INFO - [2025-01-01T18:27:00.197+0000] {dag.py:4180} INFO - Setting next_dagrun for example_branch_dop_operator_v3 to 2025-01-01 18:26:00+00:00, run_after=2025-01-01 18:27:00+00:00
[2025-01-01T18:27:00.215+0000] {processor.py:208} INFO - Processing /home/airflow/.local/lib/python3.10/site-packages/airflow/example_dags/example_branch_python_dop_operator_3.py took 0.082 seconds
[2025-01-01T18:27:31.284+0000] {processor.py:186} INFO - Started process (PID=57249) to work on /home/airflow/.local/lib/python3.10/site-packages/airflow/example_dags/example_branch_python_dop_operator_3.py
[2025-01-01T18:27:31.285+0000] {processor.py:914} INFO - Processing file /home/airflow/.local/lib/python3.10/site-packages/airflow/example_dags/example_branch_python_dop_operator_3.py for tasks to queue
[2025-01-01T18:27:31.286+0000] {logging_mixin.py:190} INFO - [2025-01-01T18:27:31.286+0000] {dagbag.py:588} INFO - Filling up the DagBag from /home/airflow/.local/lib/python3.10/site-packages/airflow/example_dags/example_branch_python_dop_operator_3.py
[2025-01-01T18:27:31.296+0000] {processor.py:925} INFO - DAG(s) 'example_branch_dop_operator_v3' retrieved from /home/airflow/.local/lib/python3.10/site-packages/airflow/example_dags/example_branch_python_dop_operator_3.py
[2025-01-01T18:27:31.314+0000] {logging_mixin.py:190} INFO - [2025-01-01T18:27:31.313+0000] {dag.py:3239} INFO - Sync 1 DAGs
[2025-01-01T18:27:31.337+0000] {logging_mixin.py:190} INFO - [2025-01-01T18:27:31.337+0000] {dag.py:4180} INFO - Setting next_dagrun for example_branch_dop_operator_v3 to 2025-01-01 18:26:00+00:00, run_after=2025-01-01 18:27:00+00:00
[2025-01-01T18:27:31.355+0000] {processor.py:208} INFO - Processing /home/airflow/.local/lib/python3.10/site-packages/airflow/example_dags/example_branch_python_dop_operator_3.py took 0.077 seconds
[2025-01-01T18:28:02.471+0000] {processor.py:186} INFO - Started process (PID=57319) to work on /home/airflow/.local/lib/python3.10/site-packages/airflow/example_dags/example_branch_python_dop_operator_3.py
[2025-01-01T18:28:02.472+0000] {processor.py:914} INFO - Processing file /home/airflow/.local/lib/python3.10/site-packages/airflow/example_dags/example_branch_python_dop_operator_3.py for tasks to queue
[2025-01-01T18:28:02.474+0000] {logging_mixin.py:190} INFO - [2025-01-01T18:28:02.474+0000] {dagbag.py:588} INFO - Filling up the DagBag from /home/airflow/.local/lib/python3.10/site-packages/airflow/example_dags/example_branch_python_dop_operator_3.py
[2025-01-01T18:28:02.485+0000] {processor.py:925} INFO - DAG(s) 'example_branch_dop_operator_v3' retrieved from /home/airflow/.local/lib/python3.10/site-packages/airflow/example_dags/example_branch_python_dop_operator_3.py
[2025-01-01T18:28:02.506+0000] {logging_mixin.py:190} INFO - [2025-01-01T18:28:02.505+0000] {dag.py:3239} INFO - Sync 1 DAGs
[2025-01-01T18:28:02.531+0000] {logging_mixin.py:190} INFO - [2025-01-01T18:28:02.531+0000] {dag.py:4180} INFO - Setting next_dagrun for example_branch_dop_operator_v3 to 2025-01-01 18:27:00+00:00, run_after=2025-01-01 18:28:00+00:00
[2025-01-01T18:28:02.549+0000] {processor.py:208} INFO - Processing /home/airflow/.local/lib/python3.10/site-packages/airflow/example_dags/example_branch_python_dop_operator_3.py took 0.084 seconds
[2025-01-01T18:28:33.553+0000] {processor.py:186} INFO - Started process (PID=57387) to work on /home/airflow/.local/lib/python3.10/site-packages/airflow/example_dags/example_branch_python_dop_operator_3.py
[2025-01-01T18:28:33.555+0000] {processor.py:914} INFO - Processing file /home/airflow/.local/lib/python3.10/site-packages/airflow/example_dags/example_branch_python_dop_operator_3.py for tasks to queue
[2025-01-01T18:28:33.556+0000] {logging_mixin.py:190} INFO - [2025-01-01T18:28:33.556+0000] {dagbag.py:588} INFO - Filling up the DagBag from /home/airflow/.local/lib/python3.10/site-packages/airflow/example_dags/example_branch_python_dop_operator_3.py
[2025-01-01T18:28:33.566+0000] {processor.py:925} INFO - DAG(s) 'example_branch_dop_operator_v3' retrieved from /home/airflow/.local/lib/python3.10/site-packages/airflow/example_dags/example_branch_python_dop_operator_3.py
[2025-01-01T18:28:33.584+0000] {logging_mixin.py:190} INFO - [2025-01-01T18:28:33.584+0000] {dag.py:3239} INFO - Sync 1 DAGs
[2025-01-01T18:28:33.611+0000] {logging_mixin.py:190} INFO - [2025-01-01T18:28:33.611+0000] {dag.py:4180} INFO - Setting next_dagrun for example_branch_dop_operator_v3 to 2025-01-01 18:27:00+00:00, run_after=2025-01-01 18:28:00+00:00
[2025-01-01T18:28:33.636+0000] {processor.py:208} INFO - Processing /home/airflow/.local/lib/python3.10/site-packages/airflow/example_dags/example_branch_python_dop_operator_3.py took 0.089 seconds
[2025-01-01T18:29:04.616+0000] {processor.py:186} INFO - Started process (PID=57455) to work on /home/airflow/.local/lib/python3.10/site-packages/airflow/example_dags/example_branch_python_dop_operator_3.py
[2025-01-01T18:29:04.617+0000] {processor.py:914} INFO - Processing file /home/airflow/.local/lib/python3.10/site-packages/airflow/example_dags/example_branch_python_dop_operator_3.py for tasks to queue
[2025-01-01T18:29:04.619+0000] {logging_mixin.py:190} INFO - [2025-01-01T18:29:04.619+0000] {dagbag.py:588} INFO - Filling up the DagBag from /home/airflow/.local/lib/python3.10/site-packages/airflow/example_dags/example_branch_python_dop_operator_3.py
[2025-01-01T18:29:04.630+0000] {processor.py:925} INFO - DAG(s) 'example_branch_dop_operator_v3' retrieved from /home/airflow/.local/lib/python3.10/site-packages/airflow/example_dags/example_branch_python_dop_operator_3.py
[2025-01-01T18:29:04.651+0000] {logging_mixin.py:190} INFO - [2025-01-01T18:29:04.651+0000] {dag.py:3239} INFO - Sync 1 DAGs
[2025-01-01T18:29:04.681+0000] {logging_mixin.py:190} INFO - [2025-01-01T18:29:04.680+0000] {dag.py:4180} INFO - Setting next_dagrun for example_branch_dop_operator_v3 to 2025-01-01 18:28:00+00:00, run_after=2025-01-01 18:29:00+00:00
[2025-01-01T18:29:04.701+0000] {processor.py:208} INFO - Processing /home/airflow/.local/lib/python3.10/site-packages/airflow/example_dags/example_branch_python_dop_operator_3.py took 0.091 seconds
[2025-01-01T18:29:35.748+0000] {processor.py:186} INFO - Started process (PID=57523) to work on /home/airflow/.local/lib/python3.10/site-packages/airflow/example_dags/example_branch_python_dop_operator_3.py
[2025-01-01T18:29:35.749+0000] {processor.py:914} INFO - Processing file /home/airflow/.local/lib/python3.10/site-packages/airflow/example_dags/example_branch_python_dop_operator_3.py for tasks to queue
[2025-01-01T18:29:35.752+0000] {logging_mixin.py:190} INFO - [2025-01-01T18:29:35.751+0000] {dagbag.py:588} INFO - Filling up the DagBag from /home/airflow/.local/lib/python3.10/site-packages/airflow/example_dags/example_branch_python_dop_operator_3.py
[2025-01-01T18:29:35.764+0000] {processor.py:925} INFO - DAG(s) 'example_branch_dop_operator_v3' retrieved from /home/airflow/.local/lib/python3.10/site-packages/airflow/example_dags/example_branch_python_dop_operator_3.py
[2025-01-01T18:29:35.786+0000] {logging_mixin.py:190} INFO - [2025-01-01T18:29:35.786+0000] {dag.py:3239} INFO - Sync 1 DAGs
[2025-01-01T18:29:35.819+0000] {logging_mixin.py:190} INFO - [2025-01-01T18:29:35.819+0000] {dag.py:4180} INFO - Setting next_dagrun for example_branch_dop_operator_v3 to 2025-01-01 18:28:00+00:00, run_after=2025-01-01 18:29:00+00:00
[2025-01-01T18:29:35.835+0000] {processor.py:208} INFO - Processing /home/airflow/.local/lib/python3.10/site-packages/airflow/example_dags/example_branch_python_dop_operator_3.py took 0.094 seconds
[2025-01-01T18:30:06.615+0000] {processor.py:186} INFO - Started process (PID=57591) to work on /home/airflow/.local/lib/python3.10/site-packages/airflow/example_dags/example_branch_python_dop_operator_3.py
[2025-01-01T18:30:06.616+0000] {processor.py:914} INFO - Processing file /home/airflow/.local/lib/python3.10/site-packages/airflow/example_dags/example_branch_python_dop_operator_3.py for tasks to queue
[2025-01-01T18:30:06.617+0000] {logging_mixin.py:190} INFO - [2025-01-01T18:30:06.617+0000] {dagbag.py:588} INFO - Filling up the DagBag from /home/airflow/.local/lib/python3.10/site-packages/airflow/example_dags/example_branch_python_dop_operator_3.py
[2025-01-01T18:30:06.630+0000] {processor.py:925} INFO - DAG(s) 'example_branch_dop_operator_v3' retrieved from /home/airflow/.local/lib/python3.10/site-packages/airflow/example_dags/example_branch_python_dop_operator_3.py
[2025-01-01T18:30:06.659+0000] {logging_mixin.py:190} INFO - [2025-01-01T18:30:06.659+0000] {dag.py:3239} INFO - Sync 1 DAGs
[2025-01-01T18:30:06.693+0000] {logging_mixin.py:190} INFO - [2025-01-01T18:30:06.693+0000] {dag.py:4180} INFO - Setting next_dagrun for example_branch_dop_operator_v3 to 2025-01-01 18:29:00+00:00, run_after=2025-01-01 18:30:00+00:00
[2025-01-01T18:30:06.711+0000] {processor.py:208} INFO - Processing /home/airflow/.local/lib/python3.10/site-packages/airflow/example_dags/example_branch_python_dop_operator_3.py took 0.102 seconds
[2025-01-01T18:30:37.520+0000] {processor.py:186} INFO - Started process (PID=57659) to work on /home/airflow/.local/lib/python3.10/site-packages/airflow/example_dags/example_branch_python_dop_operator_3.py
[2025-01-01T18:30:37.521+0000] {processor.py:914} INFO - Processing file /home/airflow/.local/lib/python3.10/site-packages/airflow/example_dags/example_branch_python_dop_operator_3.py for tasks to queue
[2025-01-01T18:30:37.523+0000] {logging_mixin.py:190} INFO - [2025-01-01T18:30:37.522+0000] {dagbag.py:588} INFO - Filling up the DagBag from /home/airflow/.local/lib/python3.10/site-packages/airflow/example_dags/example_branch_python_dop_operator_3.py
[2025-01-01T18:30:37.533+0000] {processor.py:925} INFO - DAG(s) 'example_branch_dop_operator_v3' retrieved from /home/airflow/.local/lib/python3.10/site-packages/airflow/example_dags/example_branch_python_dop_operator_3.py
[2025-01-01T18:30:37.553+0000] {logging_mixin.py:190} INFO - [2025-01-01T18:30:37.553+0000] {dag.py:3239} INFO - Sync 1 DAGs
[2025-01-01T18:30:37.577+0000] {logging_mixin.py:190} INFO - [2025-01-01T18:30:37.577+0000] {dag.py:4180} INFO - Setting next_dagrun for example_branch_dop_operator_v3 to 2025-01-01 18:29:00+00:00, run_after=2025-01-01 18:30:00+00:00
[2025-01-01T18:30:37.594+0000] {processor.py:208} INFO - Processing /home/airflow/.local/lib/python3.10/site-packages/airflow/example_dags/example_branch_python_dop_operator_3.py took 0.080 seconds
[2025-01-01T18:31:08.081+0000] {processor.py:186} INFO - Started process (PID=57727) to work on /home/airflow/.local/lib/python3.10/site-packages/airflow/example_dags/example_branch_python_dop_operator_3.py
[2025-01-01T18:31:08.082+0000] {processor.py:914} INFO - Processing file /home/airflow/.local/lib/python3.10/site-packages/airflow/example_dags/example_branch_python_dop_operator_3.py for tasks to queue
[2025-01-01T18:31:08.084+0000] {logging_mixin.py:190} INFO - [2025-01-01T18:31:08.083+0000] {dagbag.py:588} INFO - Filling up the DagBag from /home/airflow/.local/lib/python3.10/site-packages/airflow/example_dags/example_branch_python_dop_operator_3.py
[2025-01-01T18:31:08.093+0000] {processor.py:925} INFO - DAG(s) 'example_branch_dop_operator_v3' retrieved from /home/airflow/.local/lib/python3.10/site-packages/airflow/example_dags/example_branch_python_dop_operator_3.py
[2025-01-01T18:31:08.112+0000] {logging_mixin.py:190} INFO - [2025-01-01T18:31:08.112+0000] {dag.py:3239} INFO - Sync 1 DAGs
[2025-01-01T18:31:08.140+0000] {logging_mixin.py:190} INFO - [2025-01-01T18:31:08.140+0000] {dag.py:4180} INFO - Setting next_dagrun for example_branch_dop_operator_v3 to 2025-01-01 18:30:00+00:00, run_after=2025-01-01 18:31:00+00:00
[2025-01-01T18:31:08.154+0000] {processor.py:208} INFO - Processing /home/airflow/.local/lib/python3.10/site-packages/airflow/example_dags/example_branch_python_dop_operator_3.py took 0.079 seconds
[2025-01-01T18:31:38.883+0000] {processor.py:186} INFO - Started process (PID=57795) to work on /home/airflow/.local/lib/python3.10/site-packages/airflow/example_dags/example_branch_python_dop_operator_3.py
[2025-01-01T18:31:38.884+0000] {processor.py:914} INFO - Processing file /home/airflow/.local/lib/python3.10/site-packages/airflow/example_dags/example_branch_python_dop_operator_3.py for tasks to queue
[2025-01-01T18:31:38.886+0000] {logging_mixin.py:190} INFO - [2025-01-01T18:31:38.886+0000] {dagbag.py:588} INFO - Filling up the DagBag from /home/airflow/.local/lib/python3.10/site-packages/airflow/example_dags/example_branch_python_dop_operator_3.py
[2025-01-01T18:31:38.896+0000] {processor.py:925} INFO - DAG(s) 'example_branch_dop_operator_v3' retrieved from /home/airflow/.local/lib/python3.10/site-packages/airflow/example_dags/example_branch_python_dop_operator_3.py
[2025-01-01T18:31:38.916+0000] {logging_mixin.py:190} INFO - [2025-01-01T18:31:38.916+0000] {dag.py:3239} INFO - Sync 1 DAGs
[2025-01-01T18:31:38.942+0000] {logging_mixin.py:190} INFO - [2025-01-01T18:31:38.942+0000] {dag.py:4180} INFO - Setting next_dagrun for example_branch_dop_operator_v3 to 2025-01-01 18:30:00+00:00, run_after=2025-01-01 18:31:00+00:00
[2025-01-01T18:31:38.960+0000] {processor.py:208} INFO - Processing /home/airflow/.local/lib/python3.10/site-packages/airflow/example_dags/example_branch_python_dop_operator_3.py took 0.083 seconds
[2025-01-01T18:32:09.714+0000] {processor.py:186} INFO - Started process (PID=57863) to work on /home/airflow/.local/lib/python3.10/site-packages/airflow/example_dags/example_branch_python_dop_operator_3.py
[2025-01-01T18:32:09.715+0000] {processor.py:914} INFO - Processing file /home/airflow/.local/lib/python3.10/site-packages/airflow/example_dags/example_branch_python_dop_operator_3.py for tasks to queue
[2025-01-01T18:32:09.717+0000] {logging_mixin.py:190} INFO - [2025-01-01T18:32:09.717+0000] {dagbag.py:588} INFO - Filling up the DagBag from /home/airflow/.local/lib/python3.10/site-packages/airflow/example_dags/example_branch_python_dop_operator_3.py
[2025-01-01T18:32:09.729+0000] {processor.py:925} INFO - DAG(s) 'example_branch_dop_operator_v3' retrieved from /home/airflow/.local/lib/python3.10/site-packages/airflow/example_dags/example_branch_python_dop_operator_3.py
[2025-01-01T18:32:09.750+0000] {logging_mixin.py:190} INFO - [2025-01-01T18:32:09.750+0000] {dag.py:3239} INFO - Sync 1 DAGs
[2025-01-01T18:32:09.778+0000] {logging_mixin.py:190} INFO - [2025-01-01T18:32:09.778+0000] {dag.py:4180} INFO - Setting next_dagrun for example_branch_dop_operator_v3 to 2025-01-01 18:31:00+00:00, run_after=2025-01-01 18:32:00+00:00
[2025-01-01T18:32:09.796+0000] {processor.py:208} INFO - Processing /home/airflow/.local/lib/python3.10/site-packages/airflow/example_dags/example_branch_python_dop_operator_3.py took 0.090 seconds
[2025-01-01T18:32:40.438+0000] {processor.py:186} INFO - Started process (PID=57931) to work on /home/airflow/.local/lib/python3.10/site-packages/airflow/example_dags/example_branch_python_dop_operator_3.py
[2025-01-01T18:32:40.439+0000] {processor.py:914} INFO - Processing file /home/airflow/.local/lib/python3.10/site-packages/airflow/example_dags/example_branch_python_dop_operator_3.py for tasks to queue
[2025-01-01T18:32:40.440+0000] {logging_mixin.py:190} INFO - [2025-01-01T18:32:40.440+0000] {dagbag.py:588} INFO - Filling up the DagBag from /home/airflow/.local/lib/python3.10/site-packages/airflow/example_dags/example_branch_python_dop_operator_3.py
[2025-01-01T18:32:40.449+0000] {processor.py:925} INFO - DAG(s) 'example_branch_dop_operator_v3' retrieved from /home/airflow/.local/lib/python3.10/site-packages/airflow/example_dags/example_branch_python_dop_operator_3.py
[2025-01-01T18:32:40.468+0000] {logging_mixin.py:190} INFO - [2025-01-01T18:32:40.468+0000] {dag.py:3239} INFO - Sync 1 DAGs
[2025-01-01T18:32:40.492+0000] {logging_mixin.py:190} INFO - [2025-01-01T18:32:40.491+0000] {dag.py:4180} INFO - Setting next_dagrun for example_branch_dop_operator_v3 to 2025-01-01 18:31:00+00:00, run_after=2025-01-01 18:32:00+00:00
[2025-01-01T18:32:40.507+0000] {processor.py:208} INFO - Processing /home/airflow/.local/lib/python3.10/site-packages/airflow/example_dags/example_branch_python_dop_operator_3.py took 0.075 seconds
[2025-01-01T18:33:11.099+0000] {processor.py:186} INFO - Started process (PID=57999) to work on /home/airflow/.local/lib/python3.10/site-packages/airflow/example_dags/example_branch_python_dop_operator_3.py
[2025-01-01T18:33:11.101+0000] {processor.py:914} INFO - Processing file /home/airflow/.local/lib/python3.10/site-packages/airflow/example_dags/example_branch_python_dop_operator_3.py for tasks to queue
[2025-01-01T18:33:11.102+0000] {logging_mixin.py:190} INFO - [2025-01-01T18:33:11.102+0000] {dagbag.py:588} INFO - Filling up the DagBag from /home/airflow/.local/lib/python3.10/site-packages/airflow/example_dags/example_branch_python_dop_operator_3.py
[2025-01-01T18:33:11.113+0000] {processor.py:925} INFO - DAG(s) 'example_branch_dop_operator_v3' retrieved from /home/airflow/.local/lib/python3.10/site-packages/airflow/example_dags/example_branch_python_dop_operator_3.py
[2025-01-01T18:33:11.134+0000] {logging_mixin.py:190} INFO - [2025-01-01T18:33:11.134+0000] {dag.py:3239} INFO - Sync 1 DAGs
[2025-01-01T18:33:11.160+0000] {logging_mixin.py:190} INFO - [2025-01-01T18:33:11.160+0000] {dag.py:4180} INFO - Setting next_dagrun for example_branch_dop_operator_v3 to 2025-01-01 18:32:00+00:00, run_after=2025-01-01 18:33:00+00:00
[2025-01-01T18:33:11.177+0000] {processor.py:208} INFO - Processing /home/airflow/.local/lib/python3.10/site-packages/airflow/example_dags/example_branch_python_dop_operator_3.py took 0.084 seconds
[2025-01-01T18:33:42.545+0000] {processor.py:186} INFO - Started process (PID=58067) to work on /home/airflow/.local/lib/python3.10/site-packages/airflow/example_dags/example_branch_python_dop_operator_3.py
[2025-01-01T18:33:42.546+0000] {processor.py:914} INFO - Processing file /home/airflow/.local/lib/python3.10/site-packages/airflow/example_dags/example_branch_python_dop_operator_3.py for tasks to queue
[2025-01-01T18:33:42.548+0000] {logging_mixin.py:190} INFO - [2025-01-01T18:33:42.548+0000] {dagbag.py:588} INFO - Filling up the DagBag from /home/airflow/.local/lib/python3.10/site-packages/airflow/example_dags/example_branch_python_dop_operator_3.py
[2025-01-01T18:33:42.558+0000] {processor.py:925} INFO - DAG(s) 'example_branch_dop_operator_v3' retrieved from /home/airflow/.local/lib/python3.10/site-packages/airflow/example_dags/example_branch_python_dop_operator_3.py
[2025-01-01T18:33:42.577+0000] {logging_mixin.py:190} INFO - [2025-01-01T18:33:42.577+0000] {dag.py:3239} INFO - Sync 1 DAGs
[2025-01-01T18:33:42.604+0000] {logging_mixin.py:190} INFO - [2025-01-01T18:33:42.604+0000] {dag.py:4180} INFO - Setting next_dagrun for example_branch_dop_operator_v3 to 2025-01-01 18:32:00+00:00, run_after=2025-01-01 18:33:00+00:00
[2025-01-01T18:33:42.624+0000] {processor.py:208} INFO - Processing /home/airflow/.local/lib/python3.10/site-packages/airflow/example_dags/example_branch_python_dop_operator_3.py took 0.084 seconds
[2025-01-01T18:34:13.547+0000] {processor.py:186} INFO - Started process (PID=58135) to work on /home/airflow/.local/lib/python3.10/site-packages/airflow/example_dags/example_branch_python_dop_operator_3.py
[2025-01-01T18:34:13.548+0000] {processor.py:914} INFO - Processing file /home/airflow/.local/lib/python3.10/site-packages/airflow/example_dags/example_branch_python_dop_operator_3.py for tasks to queue
[2025-01-01T18:34:13.550+0000] {logging_mixin.py:190} INFO - [2025-01-01T18:34:13.550+0000] {dagbag.py:588} INFO - Filling up the DagBag from /home/airflow/.local/lib/python3.10/site-packages/airflow/example_dags/example_branch_python_dop_operator_3.py
[2025-01-01T18:34:13.560+0000] {processor.py:925} INFO - DAG(s) 'example_branch_dop_operator_v3' retrieved from /home/airflow/.local/lib/python3.10/site-packages/airflow/example_dags/example_branch_python_dop_operator_3.py
[2025-01-01T18:34:13.579+0000] {logging_mixin.py:190} INFO - [2025-01-01T18:34:13.579+0000] {dag.py:3239} INFO - Sync 1 DAGs
[2025-01-01T18:34:13.604+0000] {logging_mixin.py:190} INFO - [2025-01-01T18:34:13.604+0000] {dag.py:4180} INFO - Setting next_dagrun for example_branch_dop_operator_v3 to 2025-01-01 18:33:00+00:00, run_after=2025-01-01 18:34:00+00:00
[2025-01-01T18:34:13.621+0000] {processor.py:208} INFO - Processing /home/airflow/.local/lib/python3.10/site-packages/airflow/example_dags/example_branch_python_dop_operator_3.py took 0.079 seconds
[2025-01-01T18:34:44.392+0000] {processor.py:186} INFO - Started process (PID=58203) to work on /home/airflow/.local/lib/python3.10/site-packages/airflow/example_dags/example_branch_python_dop_operator_3.py
[2025-01-01T18:34:44.393+0000] {processor.py:914} INFO - Processing file /home/airflow/.local/lib/python3.10/site-packages/airflow/example_dags/example_branch_python_dop_operator_3.py for tasks to queue
[2025-01-01T18:34:44.395+0000] {logging_mixin.py:190} INFO - [2025-01-01T18:34:44.394+0000] {dagbag.py:588} INFO - Filling up the DagBag from /home/airflow/.local/lib/python3.10/site-packages/airflow/example_dags/example_branch_python_dop_operator_3.py
[2025-01-01T18:34:44.405+0000] {processor.py:925} INFO - DAG(s) 'example_branch_dop_operator_v3' retrieved from /home/airflow/.local/lib/python3.10/site-packages/airflow/example_dags/example_branch_python_dop_operator_3.py
[2025-01-01T18:34:44.424+0000] {logging_mixin.py:190} INFO - [2025-01-01T18:34:44.424+0000] {dag.py:3239} INFO - Sync 1 DAGs
[2025-01-01T18:34:44.451+0000] {logging_mixin.py:190} INFO - [2025-01-01T18:34:44.450+0000] {dag.py:4180} INFO - Setting next_dagrun for example_branch_dop_operator_v3 to 2025-01-01 18:33:00+00:00, run_after=2025-01-01 18:34:00+00:00
[2025-01-01T18:34:44.466+0000] {processor.py:208} INFO - Processing /home/airflow/.local/lib/python3.10/site-packages/airflow/example_dags/example_branch_python_dop_operator_3.py took 0.080 seconds
[2025-01-01T18:35:14.922+0000] {processor.py:186} INFO - Started process (PID=58271) to work on /home/airflow/.local/lib/python3.10/site-packages/airflow/example_dags/example_branch_python_dop_operator_3.py
[2025-01-01T18:35:14.923+0000] {processor.py:914} INFO - Processing file /home/airflow/.local/lib/python3.10/site-packages/airflow/example_dags/example_branch_python_dop_operator_3.py for tasks to queue
[2025-01-01T18:35:14.925+0000] {logging_mixin.py:190} INFO - [2025-01-01T18:35:14.924+0000] {dagbag.py:588} INFO - Filling up the DagBag from /home/airflow/.local/lib/python3.10/site-packages/airflow/example_dags/example_branch_python_dop_operator_3.py
[2025-01-01T18:35:14.934+0000] {processor.py:925} INFO - DAG(s) 'example_branch_dop_operator_v3' retrieved from /home/airflow/.local/lib/python3.10/site-packages/airflow/example_dags/example_branch_python_dop_operator_3.py
[2025-01-01T18:35:14.955+0000] {logging_mixin.py:190} INFO - [2025-01-01T18:35:14.954+0000] {dag.py:3239} INFO - Sync 1 DAGs
[2025-01-01T18:35:14.979+0000] {logging_mixin.py:190} INFO - [2025-01-01T18:35:14.979+0000] {dag.py:4180} INFO - Setting next_dagrun for example_branch_dop_operator_v3 to 2025-01-01 18:34:00+00:00, run_after=2025-01-01 18:35:00+00:00
[2025-01-01T18:35:14.995+0000] {processor.py:208} INFO - Processing /home/airflow/.local/lib/python3.10/site-packages/airflow/example_dags/example_branch_python_dop_operator_3.py took 0.079 seconds
[2025-01-01T18:35:45.829+0000] {processor.py:186} INFO - Started process (PID=58339) to work on /home/airflow/.local/lib/python3.10/site-packages/airflow/example_dags/example_branch_python_dop_operator_3.py
[2025-01-01T18:35:45.830+0000] {processor.py:914} INFO - Processing file /home/airflow/.local/lib/python3.10/site-packages/airflow/example_dags/example_branch_python_dop_operator_3.py for tasks to queue
[2025-01-01T18:35:45.831+0000] {logging_mixin.py:190} INFO - [2025-01-01T18:35:45.831+0000] {dagbag.py:588} INFO - Filling up the DagBag from /home/airflow/.local/lib/python3.10/site-packages/airflow/example_dags/example_branch_python_dop_operator_3.py
[2025-01-01T18:35:45.842+0000] {processor.py:925} INFO - DAG(s) 'example_branch_dop_operator_v3' retrieved from /home/airflow/.local/lib/python3.10/site-packages/airflow/example_dags/example_branch_python_dop_operator_3.py
[2025-01-01T18:35:45.861+0000] {logging_mixin.py:190} INFO - [2025-01-01T18:35:45.861+0000] {dag.py:3239} INFO - Sync 1 DAGs
[2025-01-01T18:35:45.886+0000] {logging_mixin.py:190} INFO - [2025-01-01T18:35:45.886+0000] {dag.py:4180} INFO - Setting next_dagrun for example_branch_dop_operator_v3 to 2025-01-01 18:34:00+00:00, run_after=2025-01-01 18:35:00+00:00
[2025-01-01T18:35:45.903+0000] {processor.py:208} INFO - Processing /home/airflow/.local/lib/python3.10/site-packages/airflow/example_dags/example_branch_python_dop_operator_3.py took 0.081 seconds
[2025-01-01T18:36:16.533+0000] {processor.py:186} INFO - Started process (PID=58413) to work on /home/airflow/.local/lib/python3.10/site-packages/airflow/example_dags/example_branch_python_dop_operator_3.py
[2025-01-01T18:36:16.535+0000] {processor.py:914} INFO - Processing file /home/airflow/.local/lib/python3.10/site-packages/airflow/example_dags/example_branch_python_dop_operator_3.py for tasks to queue
[2025-01-01T18:36:16.536+0000] {logging_mixin.py:190} INFO - [2025-01-01T18:36:16.536+0000] {dagbag.py:588} INFO - Filling up the DagBag from /home/airflow/.local/lib/python3.10/site-packages/airflow/example_dags/example_branch_python_dop_operator_3.py
[2025-01-01T18:36:16.547+0000] {processor.py:925} INFO - DAG(s) 'example_branch_dop_operator_v3' retrieved from /home/airflow/.local/lib/python3.10/site-packages/airflow/example_dags/example_branch_python_dop_operator_3.py
[2025-01-01T18:36:16.569+0000] {logging_mixin.py:190} INFO - [2025-01-01T18:36:16.569+0000] {dag.py:3239} INFO - Sync 1 DAGs
[2025-01-01T18:36:16.593+0000] {logging_mixin.py:190} INFO - [2025-01-01T18:36:16.593+0000] {dag.py:4180} INFO - Setting next_dagrun for example_branch_dop_operator_v3 to 2025-01-01 18:35:00+00:00, run_after=2025-01-01 18:36:00+00:00
[2025-01-01T18:36:16.611+0000] {processor.py:208} INFO - Processing /home/airflow/.local/lib/python3.10/site-packages/airflow/example_dags/example_branch_python_dop_operator_3.py took 0.083 seconds
[2025-01-01T18:36:47.107+0000] {processor.py:186} INFO - Started process (PID=58481) to work on /home/airflow/.local/lib/python3.10/site-packages/airflow/example_dags/example_branch_python_dop_operator_3.py
[2025-01-01T18:36:47.108+0000] {processor.py:914} INFO - Processing file /home/airflow/.local/lib/python3.10/site-packages/airflow/example_dags/example_branch_python_dop_operator_3.py for tasks to queue
[2025-01-01T18:36:47.110+0000] {logging_mixin.py:190} INFO - [2025-01-01T18:36:47.110+0000] {dagbag.py:588} INFO - Filling up the DagBag from /home/airflow/.local/lib/python3.10/site-packages/airflow/example_dags/example_branch_python_dop_operator_3.py
[2025-01-01T18:36:47.120+0000] {processor.py:925} INFO - DAG(s) 'example_branch_dop_operator_v3' retrieved from /home/airflow/.local/lib/python3.10/site-packages/airflow/example_dags/example_branch_python_dop_operator_3.py
[2025-01-01T18:36:47.139+0000] {logging_mixin.py:190} INFO - [2025-01-01T18:36:47.138+0000] {dag.py:3239} INFO - Sync 1 DAGs
[2025-01-01T18:36:47.162+0000] {logging_mixin.py:190} INFO - [2025-01-01T18:36:47.162+0000] {dag.py:4180} INFO - Setting next_dagrun for example_branch_dop_operator_v3 to 2025-01-01 18:35:00+00:00, run_after=2025-01-01 18:36:00+00:00
[2025-01-01T18:36:47.177+0000] {processor.py:208} INFO - Processing /home/airflow/.local/lib/python3.10/site-packages/airflow/example_dags/example_branch_python_dop_operator_3.py took 0.076 seconds
[2025-01-01T18:37:18.288+0000] {processor.py:186} INFO - Started process (PID=58550) to work on /home/airflow/.local/lib/python3.10/site-packages/airflow/example_dags/example_branch_python_dop_operator_3.py
[2025-01-01T18:37:18.289+0000] {processor.py:914} INFO - Processing file /home/airflow/.local/lib/python3.10/site-packages/airflow/example_dags/example_branch_python_dop_operator_3.py for tasks to queue
[2025-01-01T18:37:18.290+0000] {logging_mixin.py:190} INFO - [2025-01-01T18:37:18.290+0000] {dagbag.py:588} INFO - Filling up the DagBag from /home/airflow/.local/lib/python3.10/site-packages/airflow/example_dags/example_branch_python_dop_operator_3.py
[2025-01-01T18:37:18.301+0000] {processor.py:925} INFO - DAG(s) 'example_branch_dop_operator_v3' retrieved from /home/airflow/.local/lib/python3.10/site-packages/airflow/example_dags/example_branch_python_dop_operator_3.py
[2025-01-01T18:37:18.320+0000] {logging_mixin.py:190} INFO - [2025-01-01T18:37:18.320+0000] {dag.py:3239} INFO - Sync 1 DAGs
[2025-01-01T18:37:18.343+0000] {logging_mixin.py:190} INFO - [2025-01-01T18:37:18.343+0000] {dag.py:4180} INFO - Setting next_dagrun for example_branch_dop_operator_v3 to 2025-01-01 18:36:00+00:00, run_after=2025-01-01 18:37:00+00:00
[2025-01-01T18:37:18.359+0000] {processor.py:208} INFO - Processing /home/airflow/.local/lib/python3.10/site-packages/airflow/example_dags/example_branch_python_dop_operator_3.py took 0.077 seconds
[2025-01-01T18:37:48.868+0000] {processor.py:186} INFO - Started process (PID=58618) to work on /home/airflow/.local/lib/python3.10/site-packages/airflow/example_dags/example_branch_python_dop_operator_3.py
[2025-01-01T18:37:48.870+0000] {processor.py:914} INFO - Processing file /home/airflow/.local/lib/python3.10/site-packages/airflow/example_dags/example_branch_python_dop_operator_3.py for tasks to queue
[2025-01-01T18:37:48.871+0000] {logging_mixin.py:190} INFO - [2025-01-01T18:37:48.871+0000] {dagbag.py:588} INFO - Filling up the DagBag from /home/airflow/.local/lib/python3.10/site-packages/airflow/example_dags/example_branch_python_dop_operator_3.py
[2025-01-01T18:37:48.880+0000] {processor.py:925} INFO - DAG(s) 'example_branch_dop_operator_v3' retrieved from /home/airflow/.local/lib/python3.10/site-packages/airflow/example_dags/example_branch_python_dop_operator_3.py
[2025-01-01T18:37:48.899+0000] {logging_mixin.py:190} INFO - [2025-01-01T18:37:48.899+0000] {dag.py:3239} INFO - Sync 1 DAGs
[2025-01-01T18:37:48.926+0000] {logging_mixin.py:190} INFO - [2025-01-01T18:37:48.926+0000] {dag.py:4180} INFO - Setting next_dagrun for example_branch_dop_operator_v3 to 2025-01-01 18:36:00+00:00, run_after=2025-01-01 18:37:00+00:00
[2025-01-01T18:37:48.944+0000] {processor.py:208} INFO - Processing /home/airflow/.local/lib/python3.10/site-packages/airflow/example_dags/example_branch_python_dop_operator_3.py took 0.081 seconds
[2025-01-01T18:38:19.506+0000] {processor.py:186} INFO - Started process (PID=58686) to work on /home/airflow/.local/lib/python3.10/site-packages/airflow/example_dags/example_branch_python_dop_operator_3.py
[2025-01-01T18:38:19.507+0000] {processor.py:914} INFO - Processing file /home/airflow/.local/lib/python3.10/site-packages/airflow/example_dags/example_branch_python_dop_operator_3.py for tasks to queue
[2025-01-01T18:38:19.509+0000] {logging_mixin.py:190} INFO - [2025-01-01T18:38:19.509+0000] {dagbag.py:588} INFO - Filling up the DagBag from /home/airflow/.local/lib/python3.10/site-packages/airflow/example_dags/example_branch_python_dop_operator_3.py
[2025-01-01T18:38:19.519+0000] {processor.py:925} INFO - DAG(s) 'example_branch_dop_operator_v3' retrieved from /home/airflow/.local/lib/python3.10/site-packages/airflow/example_dags/example_branch_python_dop_operator_3.py
[2025-01-01T18:38:19.538+0000] {logging_mixin.py:190} INFO - [2025-01-01T18:38:19.538+0000] {dag.py:3239} INFO - Sync 1 DAGs
[2025-01-01T18:38:19.563+0000] {logging_mixin.py:190} INFO - [2025-01-01T18:38:19.563+0000] {dag.py:4180} INFO - Setting next_dagrun for example_branch_dop_operator_v3 to 2025-01-01 18:37:00+00:00, run_after=2025-01-01 18:38:00+00:00
[2025-01-01T18:38:19.577+0000] {processor.py:208} INFO - Processing /home/airflow/.local/lib/python3.10/site-packages/airflow/example_dags/example_branch_python_dop_operator_3.py took 0.077 seconds
[2025-01-01T18:38:51.298+0000] {processor.py:186} INFO - Started process (PID=58754) to work on /home/airflow/.local/lib/python3.10/site-packages/airflow/example_dags/example_branch_python_dop_operator_3.py
[2025-01-01T18:38:51.300+0000] {processor.py:914} INFO - Processing file /home/airflow/.local/lib/python3.10/site-packages/airflow/example_dags/example_branch_python_dop_operator_3.py for tasks to queue
[2025-01-01T18:38:51.301+0000] {logging_mixin.py:190} INFO - [2025-01-01T18:38:51.301+0000] {dagbag.py:588} INFO - Filling up the DagBag from /home/airflow/.local/lib/python3.10/site-packages/airflow/example_dags/example_branch_python_dop_operator_3.py
[2025-01-01T18:38:51.314+0000] {processor.py:925} INFO - DAG(s) 'example_branch_dop_operator_v3' retrieved from /home/airflow/.local/lib/python3.10/site-packages/airflow/example_dags/example_branch_python_dop_operator_3.py
[2025-01-01T18:38:51.336+0000] {logging_mixin.py:190} INFO - [2025-01-01T18:38:51.335+0000] {dag.py:3239} INFO - Sync 1 DAGs
[2025-01-01T18:38:51.365+0000] {logging_mixin.py:190} INFO - [2025-01-01T18:38:51.365+0000] {dag.py:4180} INFO - Setting next_dagrun for example_branch_dop_operator_v3 to 2025-01-01 18:37:00+00:00, run_after=2025-01-01 18:38:00+00:00
[2025-01-01T18:38:51.386+0000] {processor.py:208} INFO - Processing /home/airflow/.local/lib/python3.10/site-packages/airflow/example_dags/example_branch_python_dop_operator_3.py took 0.096 seconds
[2025-01-01T18:39:22.659+0000] {processor.py:186} INFO - Started process (PID=58822) to work on /home/airflow/.local/lib/python3.10/site-packages/airflow/example_dags/example_branch_python_dop_operator_3.py
[2025-01-01T18:39:22.660+0000] {processor.py:914} INFO - Processing file /home/airflow/.local/lib/python3.10/site-packages/airflow/example_dags/example_branch_python_dop_operator_3.py for tasks to queue
[2025-01-01T18:39:22.662+0000] {logging_mixin.py:190} INFO - [2025-01-01T18:39:22.662+0000] {dagbag.py:588} INFO - Filling up the DagBag from /home/airflow/.local/lib/python3.10/site-packages/airflow/example_dags/example_branch_python_dop_operator_3.py
[2025-01-01T18:39:22.673+0000] {processor.py:925} INFO - DAG(s) 'example_branch_dop_operator_v3' retrieved from /home/airflow/.local/lib/python3.10/site-packages/airflow/example_dags/example_branch_python_dop_operator_3.py
[2025-01-01T18:39:22.692+0000] {logging_mixin.py:190} INFO - [2025-01-01T18:39:22.692+0000] {dag.py:3239} INFO - Sync 1 DAGs
[2025-01-01T18:39:22.716+0000] {logging_mixin.py:190} INFO - [2025-01-01T18:39:22.716+0000] {dag.py:4180} INFO - Setting next_dagrun for example_branch_dop_operator_v3 to 2025-01-01 18:38:00+00:00, run_after=2025-01-01 18:39:00+00:00
[2025-01-01T18:39:22.736+0000] {processor.py:208} INFO - Processing /home/airflow/.local/lib/python3.10/site-packages/airflow/example_dags/example_branch_python_dop_operator_3.py took 0.083 seconds
[2025-01-01T18:39:53.223+0000] {processor.py:186} INFO - Started process (PID=58890) to work on /home/airflow/.local/lib/python3.10/site-packages/airflow/example_dags/example_branch_python_dop_operator_3.py
[2025-01-01T18:39:53.224+0000] {processor.py:914} INFO - Processing file /home/airflow/.local/lib/python3.10/site-packages/airflow/example_dags/example_branch_python_dop_operator_3.py for tasks to queue
[2025-01-01T18:39:53.225+0000] {logging_mixin.py:190} INFO - [2025-01-01T18:39:53.225+0000] {dagbag.py:588} INFO - Filling up the DagBag from /home/airflow/.local/lib/python3.10/site-packages/airflow/example_dags/example_branch_python_dop_operator_3.py
[2025-01-01T18:39:53.235+0000] {processor.py:925} INFO - DAG(s) 'example_branch_dop_operator_v3' retrieved from /home/airflow/.local/lib/python3.10/site-packages/airflow/example_dags/example_branch_python_dop_operator_3.py
[2025-01-01T18:39:53.255+0000] {logging_mixin.py:190} INFO - [2025-01-01T18:39:53.255+0000] {dag.py:3239} INFO - Sync 1 DAGs
[2025-01-01T18:39:53.283+0000] {logging_mixin.py:190} INFO - [2025-01-01T18:39:53.282+0000] {dag.py:4180} INFO - Setting next_dagrun for example_branch_dop_operator_v3 to 2025-01-01 18:38:00+00:00, run_after=2025-01-01 18:39:00+00:00
[2025-01-01T18:39:53.301+0000] {processor.py:208} INFO - Processing /home/airflow/.local/lib/python3.10/site-packages/airflow/example_dags/example_branch_python_dop_operator_3.py took 0.084 seconds
[2025-01-01T18:40:23.602+0000] {processor.py:186} INFO - Started process (PID=58958) to work on /home/airflow/.local/lib/python3.10/site-packages/airflow/example_dags/example_branch_python_dop_operator_3.py
[2025-01-01T18:40:23.603+0000] {processor.py:914} INFO - Processing file /home/airflow/.local/lib/python3.10/site-packages/airflow/example_dags/example_branch_python_dop_operator_3.py for tasks to queue
[2025-01-01T18:40:23.604+0000] {logging_mixin.py:190} INFO - [2025-01-01T18:40:23.604+0000] {dagbag.py:588} INFO - Filling up the DagBag from /home/airflow/.local/lib/python3.10/site-packages/airflow/example_dags/example_branch_python_dop_operator_3.py
[2025-01-01T18:40:23.616+0000] {processor.py:925} INFO - DAG(s) 'example_branch_dop_operator_v3' retrieved from /home/airflow/.local/lib/python3.10/site-packages/airflow/example_dags/example_branch_python_dop_operator_3.py
[2025-01-01T18:40:23.636+0000] {logging_mixin.py:190} INFO - [2025-01-01T18:40:23.636+0000] {dag.py:3239} INFO - Sync 1 DAGs
[2025-01-01T18:40:23.660+0000] {logging_mixin.py:190} INFO - [2025-01-01T18:40:23.659+0000] {dag.py:4180} INFO - Setting next_dagrun for example_branch_dop_operator_v3 to 2025-01-01 18:39:00+00:00, run_after=2025-01-01 18:40:00+00:00
[2025-01-01T18:40:23.676+0000] {processor.py:208} INFO - Processing /home/airflow/.local/lib/python3.10/site-packages/airflow/example_dags/example_branch_python_dop_operator_3.py took 0.081 seconds
[2025-01-01T18:40:54.534+0000] {processor.py:186} INFO - Started process (PID=59026) to work on /home/airflow/.local/lib/python3.10/site-packages/airflow/example_dags/example_branch_python_dop_operator_3.py
[2025-01-01T18:40:54.536+0000] {processor.py:914} INFO - Processing file /home/airflow/.local/lib/python3.10/site-packages/airflow/example_dags/example_branch_python_dop_operator_3.py for tasks to queue
[2025-01-01T18:40:54.538+0000] {logging_mixin.py:190} INFO - [2025-01-01T18:40:54.538+0000] {dagbag.py:588} INFO - Filling up the DagBag from /home/airflow/.local/lib/python3.10/site-packages/airflow/example_dags/example_branch_python_dop_operator_3.py
[2025-01-01T18:40:54.549+0000] {processor.py:925} INFO - DAG(s) 'example_branch_dop_operator_v3' retrieved from /home/airflow/.local/lib/python3.10/site-packages/airflow/example_dags/example_branch_python_dop_operator_3.py
[2025-01-01T18:40:54.573+0000] {logging_mixin.py:190} INFO - [2025-01-01T18:40:54.572+0000] {dag.py:3239} INFO - Sync 1 DAGs
[2025-01-01T18:40:54.601+0000] {logging_mixin.py:190} INFO - [2025-01-01T18:40:54.601+0000] {dag.py:4180} INFO - Setting next_dagrun for example_branch_dop_operator_v3 to 2025-01-01 18:39:00+00:00, run_after=2025-01-01 18:40:00+00:00
[2025-01-01T18:40:54.621+0000] {processor.py:208} INFO - Processing /home/airflow/.local/lib/python3.10/site-packages/airflow/example_dags/example_branch_python_dop_operator_3.py took 0.094 seconds
[2025-01-01T18:41:25.647+0000] {processor.py:186} INFO - Started process (PID=59094) to work on /home/airflow/.local/lib/python3.10/site-packages/airflow/example_dags/example_branch_python_dop_operator_3.py
[2025-01-01T18:41:25.648+0000] {processor.py:914} INFO - Processing file /home/airflow/.local/lib/python3.10/site-packages/airflow/example_dags/example_branch_python_dop_operator_3.py for tasks to queue
[2025-01-01T18:41:25.650+0000] {logging_mixin.py:190} INFO - [2025-01-01T18:41:25.649+0000] {dagbag.py:588} INFO - Filling up the DagBag from /home/airflow/.local/lib/python3.10/site-packages/airflow/example_dags/example_branch_python_dop_operator_3.py
[2025-01-01T18:41:25.661+0000] {processor.py:925} INFO - DAG(s) 'example_branch_dop_operator_v3' retrieved from /home/airflow/.local/lib/python3.10/site-packages/airflow/example_dags/example_branch_python_dop_operator_3.py
[2025-01-01T18:41:25.680+0000] {logging_mixin.py:190} INFO - [2025-01-01T18:41:25.680+0000] {dag.py:3239} INFO - Sync 1 DAGs
[2025-01-01T18:41:25.704+0000] {logging_mixin.py:190} INFO - [2025-01-01T18:41:25.703+0000] {dag.py:4180} INFO - Setting next_dagrun for example_branch_dop_operator_v3 to 2025-01-01 18:40:00+00:00, run_after=2025-01-01 18:41:00+00:00
[2025-01-01T18:41:25.722+0000] {processor.py:208} INFO - Processing /home/airflow/.local/lib/python3.10/site-packages/airflow/example_dags/example_branch_python_dop_operator_3.py took 0.082 seconds
[2025-01-01T18:41:55.944+0000] {processor.py:186} INFO - Started process (PID=59162) to work on /home/airflow/.local/lib/python3.10/site-packages/airflow/example_dags/example_branch_python_dop_operator_3.py
[2025-01-01T18:41:55.945+0000] {processor.py:914} INFO - Processing file /home/airflow/.local/lib/python3.10/site-packages/airflow/example_dags/example_branch_python_dop_operator_3.py for tasks to queue
[2025-01-01T18:41:55.946+0000] {logging_mixin.py:190} INFO - [2025-01-01T18:41:55.946+0000] {dagbag.py:588} INFO - Filling up the DagBag from /home/airflow/.local/lib/python3.10/site-packages/airflow/example_dags/example_branch_python_dop_operator_3.py
[2025-01-01T18:41:55.957+0000] {processor.py:925} INFO - DAG(s) 'example_branch_dop_operator_v3' retrieved from /home/airflow/.local/lib/python3.10/site-packages/airflow/example_dags/example_branch_python_dop_operator_3.py
[2025-01-01T18:41:55.977+0000] {logging_mixin.py:190} INFO - [2025-01-01T18:41:55.977+0000] {dag.py:3239} INFO - Sync 1 DAGs
[2025-01-01T18:41:56.003+0000] {logging_mixin.py:190} INFO - [2025-01-01T18:41:56.003+0000] {dag.py:4180} INFO - Setting next_dagrun for example_branch_dop_operator_v3 to 2025-01-01 18:40:00+00:00, run_after=2025-01-01 18:41:00+00:00
[2025-01-01T18:41:56.021+0000] {processor.py:208} INFO - Processing /home/airflow/.local/lib/python3.10/site-packages/airflow/example_dags/example_branch_python_dop_operator_3.py took 0.084 seconds
[2025-01-01T18:42:26.793+0000] {processor.py:186} INFO - Started process (PID=59230) to work on /home/airflow/.local/lib/python3.10/site-packages/airflow/example_dags/example_branch_python_dop_operator_3.py
[2025-01-01T18:42:26.794+0000] {processor.py:914} INFO - Processing file /home/airflow/.local/lib/python3.10/site-packages/airflow/example_dags/example_branch_python_dop_operator_3.py for tasks to queue
[2025-01-01T18:42:26.795+0000] {logging_mixin.py:190} INFO - [2025-01-01T18:42:26.795+0000] {dagbag.py:588} INFO - Filling up the DagBag from /home/airflow/.local/lib/python3.10/site-packages/airflow/example_dags/example_branch_python_dop_operator_3.py
[2025-01-01T18:42:26.805+0000] {processor.py:925} INFO - DAG(s) 'example_branch_dop_operator_v3' retrieved from /home/airflow/.local/lib/python3.10/site-packages/airflow/example_dags/example_branch_python_dop_operator_3.py
[2025-01-01T18:42:26.825+0000] {logging_mixin.py:190} INFO - [2025-01-01T18:42:26.824+0000] {dag.py:3239} INFO - Sync 1 DAGs
[2025-01-01T18:42:26.850+0000] {logging_mixin.py:190} INFO - [2025-01-01T18:42:26.850+0000] {dag.py:4180} INFO - Setting next_dagrun for example_branch_dop_operator_v3 to 2025-01-01 18:41:00+00:00, run_after=2025-01-01 18:42:00+00:00
[2025-01-01T18:42:26.869+0000] {processor.py:208} INFO - Processing /home/airflow/.local/lib/python3.10/site-packages/airflow/example_dags/example_branch_python_dop_operator_3.py took 0.082 seconds
[2025-01-01T18:42:57.452+0000] {processor.py:186} INFO - Started process (PID=59298) to work on /home/airflow/.local/lib/python3.10/site-packages/airflow/example_dags/example_branch_python_dop_operator_3.py
[2025-01-01T18:42:57.453+0000] {processor.py:914} INFO - Processing file /home/airflow/.local/lib/python3.10/site-packages/airflow/example_dags/example_branch_python_dop_operator_3.py for tasks to queue
[2025-01-01T18:42:57.455+0000] {logging_mixin.py:190} INFO - [2025-01-01T18:42:57.454+0000] {dagbag.py:588} INFO - Filling up the DagBag from /home/airflow/.local/lib/python3.10/site-packages/airflow/example_dags/example_branch_python_dop_operator_3.py
[2025-01-01T18:42:57.464+0000] {processor.py:925} INFO - DAG(s) 'example_branch_dop_operator_v3' retrieved from /home/airflow/.local/lib/python3.10/site-packages/airflow/example_dags/example_branch_python_dop_operator_3.py
[2025-01-01T18:42:57.486+0000] {logging_mixin.py:190} INFO - [2025-01-01T18:42:57.486+0000] {dag.py:3239} INFO - Sync 1 DAGs
[2025-01-01T18:42:57.512+0000] {logging_mixin.py:190} INFO - [2025-01-01T18:42:57.512+0000] {dag.py:4180} INFO - Setting next_dagrun for example_branch_dop_operator_v3 to 2025-01-01 18:41:00+00:00, run_after=2025-01-01 18:42:00+00:00
[2025-01-01T18:42:57.528+0000] {processor.py:208} INFO - Processing /home/airflow/.local/lib/python3.10/site-packages/airflow/example_dags/example_branch_python_dop_operator_3.py took 0.081 seconds
[2025-01-01T18:43:28.481+0000] {processor.py:186} INFO - Started process (PID=59366) to work on /home/airflow/.local/lib/python3.10/site-packages/airflow/example_dags/example_branch_python_dop_operator_3.py
[2025-01-01T18:43:28.483+0000] {processor.py:914} INFO - Processing file /home/airflow/.local/lib/python3.10/site-packages/airflow/example_dags/example_branch_python_dop_operator_3.py for tasks to queue
[2025-01-01T18:43:28.484+0000] {logging_mixin.py:190} INFO - [2025-01-01T18:43:28.484+0000] {dagbag.py:588} INFO - Filling up the DagBag from /home/airflow/.local/lib/python3.10/site-packages/airflow/example_dags/example_branch_python_dop_operator_3.py
[2025-01-01T18:43:28.494+0000] {processor.py:925} INFO - DAG(s) 'example_branch_dop_operator_v3' retrieved from /home/airflow/.local/lib/python3.10/site-packages/airflow/example_dags/example_branch_python_dop_operator_3.py
[2025-01-01T18:43:28.513+0000] {logging_mixin.py:190} INFO - [2025-01-01T18:43:28.513+0000] {dag.py:3239} INFO - Sync 1 DAGs
[2025-01-01T18:43:28.536+0000] {logging_mixin.py:190} INFO - [2025-01-01T18:43:28.536+0000] {dag.py:4180} INFO - Setting next_dagrun for example_branch_dop_operator_v3 to 2025-01-01 18:42:00+00:00, run_after=2025-01-01 18:43:00+00:00
[2025-01-01T18:43:28.553+0000] {processor.py:208} INFO - Processing /home/airflow/.local/lib/python3.10/site-packages/airflow/example_dags/example_branch_python_dop_operator_3.py took 0.078 seconds
[2025-01-01T18:43:59.401+0000] {processor.py:186} INFO - Started process (PID=59434) to work on /home/airflow/.local/lib/python3.10/site-packages/airflow/example_dags/example_branch_python_dop_operator_3.py
[2025-01-01T18:43:59.402+0000] {processor.py:914} INFO - Processing file /home/airflow/.local/lib/python3.10/site-packages/airflow/example_dags/example_branch_python_dop_operator_3.py for tasks to queue
[2025-01-01T18:43:59.404+0000] {logging_mixin.py:190} INFO - [2025-01-01T18:43:59.404+0000] {dagbag.py:588} INFO - Filling up the DagBag from /home/airflow/.local/lib/python3.10/site-packages/airflow/example_dags/example_branch_python_dop_operator_3.py
[2025-01-01T18:43:59.417+0000] {processor.py:925} INFO - DAG(s) 'example_branch_dop_operator_v3' retrieved from /home/airflow/.local/lib/python3.10/site-packages/airflow/example_dags/example_branch_python_dop_operator_3.py
[2025-01-01T18:43:59.440+0000] {logging_mixin.py:190} INFO - [2025-01-01T18:43:59.440+0000] {dag.py:3239} INFO - Sync 1 DAGs
[2025-01-01T18:43:59.474+0000] {logging_mixin.py:190} INFO - [2025-01-01T18:43:59.474+0000] {dag.py:4180} INFO - Setting next_dagrun for example_branch_dop_operator_v3 to 2025-01-01 18:42:00+00:00, run_after=2025-01-01 18:43:00+00:00
[2025-01-01T18:43:59.490+0000] {processor.py:208} INFO - Processing /home/airflow/.local/lib/python3.10/site-packages/airflow/example_dags/example_branch_python_dop_operator_3.py took 0.098 seconds
[2025-01-01T18:44:29.773+0000] {processor.py:186} INFO - Started process (PID=59502) to work on /home/airflow/.local/lib/python3.10/site-packages/airflow/example_dags/example_branch_python_dop_operator_3.py
[2025-01-01T18:44:29.774+0000] {processor.py:914} INFO - Processing file /home/airflow/.local/lib/python3.10/site-packages/airflow/example_dags/example_branch_python_dop_operator_3.py for tasks to queue
[2025-01-01T18:44:29.776+0000] {logging_mixin.py:190} INFO - [2025-01-01T18:44:29.775+0000] {dagbag.py:588} INFO - Filling up the DagBag from /home/airflow/.local/lib/python3.10/site-packages/airflow/example_dags/example_branch_python_dop_operator_3.py
[2025-01-01T18:44:29.786+0000] {processor.py:925} INFO - DAG(s) 'example_branch_dop_operator_v3' retrieved from /home/airflow/.local/lib/python3.10/site-packages/airflow/example_dags/example_branch_python_dop_operator_3.py
[2025-01-01T18:44:29.806+0000] {logging_mixin.py:190} INFO - [2025-01-01T18:44:29.806+0000] {dag.py:3239} INFO - Sync 1 DAGs
[2025-01-01T18:44:29.833+0000] {logging_mixin.py:190} INFO - [2025-01-01T18:44:29.832+0000] {dag.py:4180} INFO - Setting next_dagrun for example_branch_dop_operator_v3 to 2025-01-01 18:43:00+00:00, run_after=2025-01-01 18:44:00+00:00
[2025-01-01T18:44:29.848+0000] {processor.py:208} INFO - Processing /home/airflow/.local/lib/python3.10/site-packages/airflow/example_dags/example_branch_python_dop_operator_3.py took 0.081 seconds
[2025-01-01T18:45:00.949+0000] {processor.py:186} INFO - Started process (PID=59570) to work on /home/airflow/.local/lib/python3.10/site-packages/airflow/example_dags/example_branch_python_dop_operator_3.py
[2025-01-01T18:45:00.950+0000] {processor.py:914} INFO - Processing file /home/airflow/.local/lib/python3.10/site-packages/airflow/example_dags/example_branch_python_dop_operator_3.py for tasks to queue
[2025-01-01T18:45:00.952+0000] {logging_mixin.py:190} INFO - [2025-01-01T18:45:00.951+0000] {dagbag.py:588} INFO - Filling up the DagBag from /home/airflow/.local/lib/python3.10/site-packages/airflow/example_dags/example_branch_python_dop_operator_3.py
[2025-01-01T18:45:00.963+0000] {processor.py:925} INFO - DAG(s) 'example_branch_dop_operator_v3' retrieved from /home/airflow/.local/lib/python3.10/site-packages/airflow/example_dags/example_branch_python_dop_operator_3.py
[2025-01-01T18:45:00.983+0000] {logging_mixin.py:190} INFO - [2025-01-01T18:45:00.983+0000] {dag.py:3239} INFO - Sync 1 DAGs
[2025-01-01T18:45:01.009+0000] {logging_mixin.py:190} INFO - [2025-01-01T18:45:01.008+0000] {dag.py:4180} INFO - Setting next_dagrun for example_branch_dop_operator_v3 to 2025-01-01 18:44:00+00:00, run_after=2025-01-01 18:45:00+00:00
[2025-01-01T18:45:01.028+0000] {processor.py:208} INFO - Processing /home/airflow/.local/lib/python3.10/site-packages/airflow/example_dags/example_branch_python_dop_operator_3.py took 0.087 seconds
[2025-01-01T18:45:31.683+0000] {processor.py:186} INFO - Started process (PID=59638) to work on /home/airflow/.local/lib/python3.10/site-packages/airflow/example_dags/example_branch_python_dop_operator_3.py
[2025-01-01T18:45:31.684+0000] {processor.py:914} INFO - Processing file /home/airflow/.local/lib/python3.10/site-packages/airflow/example_dags/example_branch_python_dop_operator_3.py for tasks to queue
[2025-01-01T18:45:31.686+0000] {logging_mixin.py:190} INFO - [2025-01-01T18:45:31.685+0000] {dagbag.py:588} INFO - Filling up the DagBag from /home/airflow/.local/lib/python3.10/site-packages/airflow/example_dags/example_branch_python_dop_operator_3.py
[2025-01-01T18:45:31.697+0000] {processor.py:925} INFO - DAG(s) 'example_branch_dop_operator_v3' retrieved from /home/airflow/.local/lib/python3.10/site-packages/airflow/example_dags/example_branch_python_dop_operator_3.py
[2025-01-01T18:45:31.719+0000] {logging_mixin.py:190} INFO - [2025-01-01T18:45:31.718+0000] {dag.py:3239} INFO - Sync 1 DAGs
[2025-01-01T18:45:31.745+0000] {logging_mixin.py:190} INFO - [2025-01-01T18:45:31.745+0000] {dag.py:4180} INFO - Setting next_dagrun for example_branch_dop_operator_v3 to 2025-01-01 18:44:00+00:00, run_after=2025-01-01 18:45:00+00:00
[2025-01-01T18:45:31.761+0000] {processor.py:208} INFO - Processing /home/airflow/.local/lib/python3.10/site-packages/airflow/example_dags/example_branch_python_dop_operator_3.py took 0.086 seconds
[2025-01-01T18:46:02.282+0000] {processor.py:186} INFO - Started process (PID=59706) to work on /home/airflow/.local/lib/python3.10/site-packages/airflow/example_dags/example_branch_python_dop_operator_3.py
[2025-01-01T18:46:02.283+0000] {processor.py:914} INFO - Processing file /home/airflow/.local/lib/python3.10/site-packages/airflow/example_dags/example_branch_python_dop_operator_3.py for tasks to queue
[2025-01-01T18:46:02.284+0000] {logging_mixin.py:190} INFO - [2025-01-01T18:46:02.284+0000] {dagbag.py:588} INFO - Filling up the DagBag from /home/airflow/.local/lib/python3.10/site-packages/airflow/example_dags/example_branch_python_dop_operator_3.py
[2025-01-01T18:46:02.294+0000] {processor.py:925} INFO - DAG(s) 'example_branch_dop_operator_v3' retrieved from /home/airflow/.local/lib/python3.10/site-packages/airflow/example_dags/example_branch_python_dop_operator_3.py
[2025-01-01T18:46:02.314+0000] {logging_mixin.py:190} INFO - [2025-01-01T18:46:02.313+0000] {dag.py:3239} INFO - Sync 1 DAGs
[2025-01-01T18:46:02.338+0000] {logging_mixin.py:190} INFO - [2025-01-01T18:46:02.338+0000] {dag.py:4180} INFO - Setting next_dagrun for example_branch_dop_operator_v3 to 2025-01-01 18:45:00+00:00, run_after=2025-01-01 18:46:00+00:00
[2025-01-01T18:46:02.355+0000] {processor.py:208} INFO - Processing /home/airflow/.local/lib/python3.10/site-packages/airflow/example_dags/example_branch_python_dop_operator_3.py took 0.080 seconds
[2025-01-01T18:46:32.823+0000] {processor.py:186} INFO - Started process (PID=59774) to work on /home/airflow/.local/lib/python3.10/site-packages/airflow/example_dags/example_branch_python_dop_operator_3.py
[2025-01-01T18:46:32.824+0000] {processor.py:914} INFO - Processing file /home/airflow/.local/lib/python3.10/site-packages/airflow/example_dags/example_branch_python_dop_operator_3.py for tasks to queue
[2025-01-01T18:46:32.826+0000] {logging_mixin.py:190} INFO - [2025-01-01T18:46:32.825+0000] {dagbag.py:588} INFO - Filling up the DagBag from /home/airflow/.local/lib/python3.10/site-packages/airflow/example_dags/example_branch_python_dop_operator_3.py
[2025-01-01T18:46:32.835+0000] {processor.py:925} INFO - DAG(s) 'example_branch_dop_operator_v3' retrieved from /home/airflow/.local/lib/python3.10/site-packages/airflow/example_dags/example_branch_python_dop_operator_3.py
[2025-01-01T18:46:32.852+0000] {logging_mixin.py:190} INFO - [2025-01-01T18:46:32.852+0000] {dag.py:3239} INFO - Sync 1 DAGs
[2025-01-01T18:46:32.875+0000] {logging_mixin.py:190} INFO - [2025-01-01T18:46:32.875+0000] {dag.py:4180} INFO - Setting next_dagrun for example_branch_dop_operator_v3 to 2025-01-01 18:45:00+00:00, run_after=2025-01-01 18:46:00+00:00
[2025-01-01T18:46:32.890+0000] {processor.py:208} INFO - Processing /home/airflow/.local/lib/python3.10/site-packages/airflow/example_dags/example_branch_python_dop_operator_3.py took 0.072 seconds
[2025-01-01T18:47:03.752+0000] {processor.py:186} INFO - Started process (PID=59842) to work on /home/airflow/.local/lib/python3.10/site-packages/airflow/example_dags/example_branch_python_dop_operator_3.py
[2025-01-01T18:47:03.753+0000] {processor.py:914} INFO - Processing file /home/airflow/.local/lib/python3.10/site-packages/airflow/example_dags/example_branch_python_dop_operator_3.py for tasks to queue
[2025-01-01T18:47:03.754+0000] {logging_mixin.py:190} INFO - [2025-01-01T18:47:03.754+0000] {dagbag.py:588} INFO - Filling up the DagBag from /home/airflow/.local/lib/python3.10/site-packages/airflow/example_dags/example_branch_python_dop_operator_3.py
[2025-01-01T18:47:03.763+0000] {processor.py:925} INFO - DAG(s) 'example_branch_dop_operator_v3' retrieved from /home/airflow/.local/lib/python3.10/site-packages/airflow/example_dags/example_branch_python_dop_operator_3.py
[2025-01-01T18:47:03.782+0000] {logging_mixin.py:190} INFO - [2025-01-01T18:47:03.781+0000] {dag.py:3239} INFO - Sync 1 DAGs
[2025-01-01T18:47:03.807+0000] {logging_mixin.py:190} INFO - [2025-01-01T18:47:03.807+0000] {dag.py:4180} INFO - Setting next_dagrun for example_branch_dop_operator_v3 to 2025-01-01 18:46:00+00:00, run_after=2025-01-01 18:47:00+00:00
[2025-01-01T18:47:03.823+0000] {processor.py:208} INFO - Processing /home/airflow/.local/lib/python3.10/site-packages/airflow/example_dags/example_branch_python_dop_operator_3.py took 0.078 seconds
