[2025-01-01T18:18:56.070+0000] {processor.py:186} INFO - Started process (PID=56098) to work on /home/airflow/.local/lib/python3.10/site-packages/airflow/example_dags/tutorial.py
[2025-01-01T18:18:56.090+0000] {processor.py:914} INFO - Processing file /home/airflow/.local/lib/python3.10/site-packages/airflow/example_dags/tutorial.py for tasks to queue
[2025-01-01T18:18:56.108+0000] {logging_mixin.py:190} INFO - [2025-01-01T18:18:56.105+0000] {dagbag.py:588} INFO - Filling up the DagBag from /home/airflow/.local/lib/python3.10/site-packages/airflow/example_dags/tutorial.py
[2025-01-01T18:18:56.258+0000] {processor.py:925} INFO - DAG(s) 'tutorial' retrieved from /home/airflow/.local/lib/python3.10/site-packages/airflow/example_dags/tutorial.py
[2025-01-01T18:18:56.303+0000] {logging_mixin.py:190} INFO - [2025-01-01T18:18:56.302+0000] {dag.py:3239} INFO - Sync 1 DAGs
[2025-01-01T18:18:56.342+0000] {logging_mixin.py:190} INFO - [2025-01-01T18:18:56.342+0000] {dag.py:4180} INFO - Setting next_dagrun for tutorial to 2024-12-31 00:00:00+00:00, run_after=2025-01-01 00:00:00+00:00
[2025-01-01T18:18:56.381+0000] {processor.py:208} INFO - Processing /home/airflow/.local/lib/python3.10/site-packages/airflow/example_dags/tutorial.py took 0.365 seconds
[2025-01-01T18:19:26.562+0000] {processor.py:186} INFO - Started process (PID=56174) to work on /home/airflow/.local/lib/python3.10/site-packages/airflow/example_dags/tutorial.py
[2025-01-01T18:19:26.565+0000] {processor.py:914} INFO - Processing file /home/airflow/.local/lib/python3.10/site-packages/airflow/example_dags/tutorial.py for tasks to queue
[2025-01-01T18:19:26.567+0000] {logging_mixin.py:190} INFO - [2025-01-01T18:19:26.567+0000] {dagbag.py:588} INFO - Filling up the DagBag from /home/airflow/.local/lib/python3.10/site-packages/airflow/example_dags/tutorial.py
[2025-01-01T18:19:26.604+0000] {processor.py:925} INFO - DAG(s) 'tutorial' retrieved from /home/airflow/.local/lib/python3.10/site-packages/airflow/example_dags/tutorial.py
[2025-01-01T18:19:26.662+0000] {logging_mixin.py:190} INFO - [2025-01-01T18:19:26.662+0000] {dag.py:3239} INFO - Sync 1 DAGs
[2025-01-01T18:19:26.710+0000] {logging_mixin.py:190} INFO - [2025-01-01T18:19:26.709+0000] {dag.py:4180} INFO - Setting next_dagrun for tutorial to 2024-12-31 00:00:00+00:00, run_after=2025-01-01 00:00:00+00:00
[2025-01-01T18:19:26.744+0000] {processor.py:208} INFO - Processing /home/airflow/.local/lib/python3.10/site-packages/airflow/example_dags/tutorial.py took 0.194 seconds
[2025-01-01T18:19:56.831+0000] {processor.py:186} INFO - Started process (PID=56241) to work on /home/airflow/.local/lib/python3.10/site-packages/airflow/example_dags/tutorial.py
[2025-01-01T18:19:56.833+0000] {processor.py:914} INFO - Processing file /home/airflow/.local/lib/python3.10/site-packages/airflow/example_dags/tutorial.py for tasks to queue
[2025-01-01T18:19:56.835+0000] {logging_mixin.py:190} INFO - [2025-01-01T18:19:56.834+0000] {dagbag.py:588} INFO - Filling up the DagBag from /home/airflow/.local/lib/python3.10/site-packages/airflow/example_dags/tutorial.py
[2025-01-01T18:19:56.844+0000] {processor.py:925} INFO - DAG(s) 'tutorial' retrieved from /home/airflow/.local/lib/python3.10/site-packages/airflow/example_dags/tutorial.py
[2025-01-01T18:19:56.864+0000] {logging_mixin.py:190} INFO - [2025-01-01T18:19:56.863+0000] {dag.py:3239} INFO - Sync 1 DAGs
[2025-01-01T18:19:56.884+0000] {logging_mixin.py:190} INFO - [2025-01-01T18:19:56.884+0000] {dag.py:4180} INFO - Setting next_dagrun for tutorial to 2024-12-31 00:00:00+00:00, run_after=2025-01-01 00:00:00+00:00
[2025-01-01T18:19:56.902+0000] {processor.py:208} INFO - Processing /home/airflow/.local/lib/python3.10/site-packages/airflow/example_dags/tutorial.py took 0.077 seconds
[2025-01-01T18:20:27.277+0000] {processor.py:186} INFO - Started process (PID=56310) to work on /home/airflow/.local/lib/python3.10/site-packages/airflow/example_dags/tutorial.py
[2025-01-01T18:20:27.279+0000] {processor.py:914} INFO - Processing file /home/airflow/.local/lib/python3.10/site-packages/airflow/example_dags/tutorial.py for tasks to queue
[2025-01-01T18:20:27.281+0000] {logging_mixin.py:190} INFO - [2025-01-01T18:20:27.280+0000] {dagbag.py:588} INFO - Filling up the DagBag from /home/airflow/.local/lib/python3.10/site-packages/airflow/example_dags/tutorial.py
[2025-01-01T18:20:27.291+0000] {processor.py:925} INFO - DAG(s) 'tutorial' retrieved from /home/airflow/.local/lib/python3.10/site-packages/airflow/example_dags/tutorial.py
[2025-01-01T18:20:27.312+0000] {logging_mixin.py:190} INFO - [2025-01-01T18:20:27.312+0000] {dag.py:3239} INFO - Sync 1 DAGs
[2025-01-01T18:20:27.339+0000] {logging_mixin.py:190} INFO - [2025-01-01T18:20:27.339+0000] {dag.py:4180} INFO - Setting next_dagrun for tutorial to 2024-12-31 00:00:00+00:00, run_after=2025-01-01 00:00:00+00:00
[2025-01-01T18:20:27.361+0000] {processor.py:208} INFO - Processing /home/airflow/.local/lib/python3.10/site-packages/airflow/example_dags/tutorial.py took 0.091 seconds
[2025-01-01T18:20:57.541+0000] {processor.py:186} INFO - Started process (PID=56377) to work on /home/airflow/.local/lib/python3.10/site-packages/airflow/example_dags/tutorial.py
[2025-01-01T18:20:57.542+0000] {processor.py:914} INFO - Processing file /home/airflow/.local/lib/python3.10/site-packages/airflow/example_dags/tutorial.py for tasks to queue
[2025-01-01T18:20:57.544+0000] {logging_mixin.py:190} INFO - [2025-01-01T18:20:57.543+0000] {dagbag.py:588} INFO - Filling up the DagBag from /home/airflow/.local/lib/python3.10/site-packages/airflow/example_dags/tutorial.py
[2025-01-01T18:20:57.553+0000] {processor.py:925} INFO - DAG(s) 'tutorial' retrieved from /home/airflow/.local/lib/python3.10/site-packages/airflow/example_dags/tutorial.py
[2025-01-01T18:20:57.576+0000] {logging_mixin.py:190} INFO - [2025-01-01T18:20:57.576+0000] {dag.py:3239} INFO - Sync 1 DAGs
[2025-01-01T18:20:57.604+0000] {logging_mixin.py:190} INFO - [2025-01-01T18:20:57.604+0000] {dag.py:4180} INFO - Setting next_dagrun for tutorial to 2024-12-31 00:00:00+00:00, run_after=2025-01-01 00:00:00+00:00
[2025-01-01T18:20:57.624+0000] {processor.py:208} INFO - Processing /home/airflow/.local/lib/python3.10/site-packages/airflow/example_dags/tutorial.py took 0.090 seconds
[2025-01-01T18:21:27.718+0000] {processor.py:186} INFO - Started process (PID=56446) to work on /home/airflow/.local/lib/python3.10/site-packages/airflow/example_dags/tutorial.py
[2025-01-01T18:21:27.719+0000] {processor.py:914} INFO - Processing file /home/airflow/.local/lib/python3.10/site-packages/airflow/example_dags/tutorial.py for tasks to queue
[2025-01-01T18:21:27.721+0000] {logging_mixin.py:190} INFO - [2025-01-01T18:21:27.720+0000] {dagbag.py:588} INFO - Filling up the DagBag from /home/airflow/.local/lib/python3.10/site-packages/airflow/example_dags/tutorial.py
[2025-01-01T18:21:27.729+0000] {processor.py:925} INFO - DAG(s) 'tutorial' retrieved from /home/airflow/.local/lib/python3.10/site-packages/airflow/example_dags/tutorial.py
[2025-01-01T18:21:27.748+0000] {logging_mixin.py:190} INFO - [2025-01-01T18:21:27.748+0000] {dag.py:3239} INFO - Sync 1 DAGs
[2025-01-01T18:21:27.770+0000] {logging_mixin.py:190} INFO - [2025-01-01T18:21:27.770+0000] {dag.py:4180} INFO - Setting next_dagrun for tutorial to 2024-12-31 00:00:00+00:00, run_after=2025-01-01 00:00:00+00:00
[2025-01-01T18:21:27.786+0000] {processor.py:208} INFO - Processing /home/airflow/.local/lib/python3.10/site-packages/airflow/example_dags/tutorial.py took 0.073 seconds
[2025-01-01T18:21:58.551+0000] {processor.py:186} INFO - Started process (PID=56514) to work on /home/airflow/.local/lib/python3.10/site-packages/airflow/example_dags/tutorial.py
[2025-01-01T18:21:58.553+0000] {processor.py:914} INFO - Processing file /home/airflow/.local/lib/python3.10/site-packages/airflow/example_dags/tutorial.py for tasks to queue
[2025-01-01T18:21:58.554+0000] {logging_mixin.py:190} INFO - [2025-01-01T18:21:58.554+0000] {dagbag.py:588} INFO - Filling up the DagBag from /home/airflow/.local/lib/python3.10/site-packages/airflow/example_dags/tutorial.py
[2025-01-01T18:21:58.562+0000] {processor.py:925} INFO - DAG(s) 'tutorial' retrieved from /home/airflow/.local/lib/python3.10/site-packages/airflow/example_dags/tutorial.py
[2025-01-01T18:21:58.580+0000] {logging_mixin.py:190} INFO - [2025-01-01T18:21:58.580+0000] {dag.py:3239} INFO - Sync 1 DAGs
[2025-01-01T18:21:58.599+0000] {logging_mixin.py:190} INFO - [2025-01-01T18:21:58.599+0000] {dag.py:4180} INFO - Setting next_dagrun for tutorial to 2024-12-31 00:00:00+00:00, run_after=2025-01-01 00:00:00+00:00
[2025-01-01T18:21:58.614+0000] {processor.py:208} INFO - Processing /home/airflow/.local/lib/python3.10/site-packages/airflow/example_dags/tutorial.py took 0.069 seconds
[2025-01-01T18:22:28.945+0000] {processor.py:186} INFO - Started process (PID=56582) to work on /home/airflow/.local/lib/python3.10/site-packages/airflow/example_dags/tutorial.py
[2025-01-01T18:22:28.946+0000] {processor.py:914} INFO - Processing file /home/airflow/.local/lib/python3.10/site-packages/airflow/example_dags/tutorial.py for tasks to queue
[2025-01-01T18:22:28.948+0000] {logging_mixin.py:190} INFO - [2025-01-01T18:22:28.948+0000] {dagbag.py:588} INFO - Filling up the DagBag from /home/airflow/.local/lib/python3.10/site-packages/airflow/example_dags/tutorial.py
[2025-01-01T18:22:28.957+0000] {processor.py:925} INFO - DAG(s) 'tutorial' retrieved from /home/airflow/.local/lib/python3.10/site-packages/airflow/example_dags/tutorial.py
[2025-01-01T18:22:28.977+0000] {logging_mixin.py:190} INFO - [2025-01-01T18:22:28.977+0000] {dag.py:3239} INFO - Sync 1 DAGs
[2025-01-01T18:22:28.997+0000] {logging_mixin.py:190} INFO - [2025-01-01T18:22:28.997+0000] {dag.py:4180} INFO - Setting next_dagrun for tutorial to 2024-12-31 00:00:00+00:00, run_after=2025-01-01 00:00:00+00:00
[2025-01-01T18:22:29.016+0000] {processor.py:208} INFO - Processing /home/airflow/.local/lib/python3.10/site-packages/airflow/example_dags/tutorial.py took 0.078 seconds
[2025-01-01T18:22:59.451+0000] {processor.py:186} INFO - Started process (PID=56650) to work on /home/airflow/.local/lib/python3.10/site-packages/airflow/example_dags/tutorial.py
[2025-01-01T18:22:59.453+0000] {processor.py:914} INFO - Processing file /home/airflow/.local/lib/python3.10/site-packages/airflow/example_dags/tutorial.py for tasks to queue
[2025-01-01T18:22:59.454+0000] {logging_mixin.py:190} INFO - [2025-01-01T18:22:59.454+0000] {dagbag.py:588} INFO - Filling up the DagBag from /home/airflow/.local/lib/python3.10/site-packages/airflow/example_dags/tutorial.py
[2025-01-01T18:22:59.464+0000] {processor.py:925} INFO - DAG(s) 'tutorial' retrieved from /home/airflow/.local/lib/python3.10/site-packages/airflow/example_dags/tutorial.py
[2025-01-01T18:22:59.483+0000] {logging_mixin.py:190} INFO - [2025-01-01T18:22:59.483+0000] {dag.py:3239} INFO - Sync 1 DAGs
[2025-01-01T18:22:59.504+0000] {logging_mixin.py:190} INFO - [2025-01-01T18:22:59.504+0000] {dag.py:4180} INFO - Setting next_dagrun for tutorial to 2024-12-31 00:00:00+00:00, run_after=2025-01-01 00:00:00+00:00
[2025-01-01T18:22:59.519+0000] {processor.py:208} INFO - Processing /home/airflow/.local/lib/python3.10/site-packages/airflow/example_dags/tutorial.py took 0.074 seconds
[2025-01-01T18:23:29.970+0000] {processor.py:186} INFO - Started process (PID=56718) to work on /home/airflow/.local/lib/python3.10/site-packages/airflow/example_dags/tutorial.py
[2025-01-01T18:23:29.971+0000] {processor.py:914} INFO - Processing file /home/airflow/.local/lib/python3.10/site-packages/airflow/example_dags/tutorial.py for tasks to queue
[2025-01-01T18:23:29.973+0000] {logging_mixin.py:190} INFO - [2025-01-01T18:23:29.972+0000] {dagbag.py:588} INFO - Filling up the DagBag from /home/airflow/.local/lib/python3.10/site-packages/airflow/example_dags/tutorial.py
[2025-01-01T18:23:29.981+0000] {processor.py:925} INFO - DAG(s) 'tutorial' retrieved from /home/airflow/.local/lib/python3.10/site-packages/airflow/example_dags/tutorial.py
[2025-01-01T18:23:30.001+0000] {logging_mixin.py:190} INFO - [2025-01-01T18:23:30.001+0000] {dag.py:3239} INFO - Sync 1 DAGs
[2025-01-01T18:23:30.024+0000] {logging_mixin.py:190} INFO - [2025-01-01T18:23:30.024+0000] {dag.py:4180} INFO - Setting next_dagrun for tutorial to 2024-12-31 00:00:00+00:00, run_after=2025-01-01 00:00:00+00:00
[2025-01-01T18:23:30.040+0000] {processor.py:208} INFO - Processing /home/airflow/.local/lib/python3.10/site-packages/airflow/example_dags/tutorial.py took 0.076 seconds
[2025-01-01T18:24:00.750+0000] {processor.py:186} INFO - Started process (PID=56786) to work on /home/airflow/.local/lib/python3.10/site-packages/airflow/example_dags/tutorial.py
[2025-01-01T18:24:00.751+0000] {processor.py:914} INFO - Processing file /home/airflow/.local/lib/python3.10/site-packages/airflow/example_dags/tutorial.py for tasks to queue
[2025-01-01T18:24:00.753+0000] {logging_mixin.py:190} INFO - [2025-01-01T18:24:00.752+0000] {dagbag.py:588} INFO - Filling up the DagBag from /home/airflow/.local/lib/python3.10/site-packages/airflow/example_dags/tutorial.py
[2025-01-01T18:24:00.761+0000] {processor.py:925} INFO - DAG(s) 'tutorial' retrieved from /home/airflow/.local/lib/python3.10/site-packages/airflow/example_dags/tutorial.py
[2025-01-01T18:24:00.780+0000] {logging_mixin.py:190} INFO - [2025-01-01T18:24:00.780+0000] {dag.py:3239} INFO - Sync 1 DAGs
[2025-01-01T18:24:00.800+0000] {logging_mixin.py:190} INFO - [2025-01-01T18:24:00.799+0000] {dag.py:4180} INFO - Setting next_dagrun for tutorial to 2024-12-31 00:00:00+00:00, run_after=2025-01-01 00:00:00+00:00
[2025-01-01T18:24:00.815+0000] {processor.py:208} INFO - Processing /home/airflow/.local/lib/python3.10/site-packages/airflow/example_dags/tutorial.py took 0.071 seconds
[2025-01-01T18:24:31.330+0000] {processor.py:186} INFO - Started process (PID=56854) to work on /home/airflow/.local/lib/python3.10/site-packages/airflow/example_dags/tutorial.py
[2025-01-01T18:24:31.331+0000] {processor.py:914} INFO - Processing file /home/airflow/.local/lib/python3.10/site-packages/airflow/example_dags/tutorial.py for tasks to queue
[2025-01-01T18:24:31.333+0000] {logging_mixin.py:190} INFO - [2025-01-01T18:24:31.332+0000] {dagbag.py:588} INFO - Filling up the DagBag from /home/airflow/.local/lib/python3.10/site-packages/airflow/example_dags/tutorial.py
[2025-01-01T18:24:31.341+0000] {processor.py:925} INFO - DAG(s) 'tutorial' retrieved from /home/airflow/.local/lib/python3.10/site-packages/airflow/example_dags/tutorial.py
[2025-01-01T18:24:31.360+0000] {logging_mixin.py:190} INFO - [2025-01-01T18:24:31.360+0000] {dag.py:3239} INFO - Sync 1 DAGs
[2025-01-01T18:24:31.380+0000] {logging_mixin.py:190} INFO - [2025-01-01T18:24:31.380+0000] {dag.py:4180} INFO - Setting next_dagrun for tutorial to 2024-12-31 00:00:00+00:00, run_after=2025-01-01 00:00:00+00:00
[2025-01-01T18:24:31.397+0000] {processor.py:208} INFO - Processing /home/airflow/.local/lib/python3.10/site-packages/airflow/example_dags/tutorial.py took 0.073 seconds
[2025-01-01T18:25:02.388+0000] {processor.py:186} INFO - Started process (PID=56922) to work on /home/airflow/.local/lib/python3.10/site-packages/airflow/example_dags/tutorial.py
[2025-01-01T18:25:02.389+0000] {processor.py:914} INFO - Processing file /home/airflow/.local/lib/python3.10/site-packages/airflow/example_dags/tutorial.py for tasks to queue
[2025-01-01T18:25:02.390+0000] {logging_mixin.py:190} INFO - [2025-01-01T18:25:02.390+0000] {dagbag.py:588} INFO - Filling up the DagBag from /home/airflow/.local/lib/python3.10/site-packages/airflow/example_dags/tutorial.py
[2025-01-01T18:25:02.398+0000] {processor.py:925} INFO - DAG(s) 'tutorial' retrieved from /home/airflow/.local/lib/python3.10/site-packages/airflow/example_dags/tutorial.py
[2025-01-01T18:25:02.424+0000] {logging_mixin.py:190} INFO - [2025-01-01T18:25:02.424+0000] {dag.py:3239} INFO - Sync 1 DAGs
[2025-01-01T18:25:02.455+0000] {logging_mixin.py:190} INFO - [2025-01-01T18:25:02.455+0000] {dag.py:4180} INFO - Setting next_dagrun for tutorial to 2024-12-31 00:00:00+00:00, run_after=2025-01-01 00:00:00+00:00
[2025-01-01T18:25:02.474+0000] {processor.py:208} INFO - Processing /home/airflow/.local/lib/python3.10/site-packages/airflow/example_dags/tutorial.py took 0.092 seconds
[2025-01-01T18:25:33.217+0000] {processor.py:186} INFO - Started process (PID=56990) to work on /home/airflow/.local/lib/python3.10/site-packages/airflow/example_dags/tutorial.py
[2025-01-01T18:25:33.219+0000] {processor.py:914} INFO - Processing file /home/airflow/.local/lib/python3.10/site-packages/airflow/example_dags/tutorial.py for tasks to queue
[2025-01-01T18:25:33.221+0000] {logging_mixin.py:190} INFO - [2025-01-01T18:25:33.220+0000] {dagbag.py:588} INFO - Filling up the DagBag from /home/airflow/.local/lib/python3.10/site-packages/airflow/example_dags/tutorial.py
[2025-01-01T18:25:33.230+0000] {processor.py:925} INFO - DAG(s) 'tutorial' retrieved from /home/airflow/.local/lib/python3.10/site-packages/airflow/example_dags/tutorial.py
[2025-01-01T18:25:33.251+0000] {logging_mixin.py:190} INFO - [2025-01-01T18:25:33.251+0000] {dag.py:3239} INFO - Sync 1 DAGs
[2025-01-01T18:25:33.277+0000] {logging_mixin.py:190} INFO - [2025-01-01T18:25:33.277+0000] {dag.py:4180} INFO - Setting next_dagrun for tutorial to 2024-12-31 00:00:00+00:00, run_after=2025-01-01 00:00:00+00:00
[2025-01-01T18:25:33.296+0000] {processor.py:208} INFO - Processing /home/airflow/.local/lib/python3.10/site-packages/airflow/example_dags/tutorial.py took 0.085 seconds
[2025-01-01T18:26:05.439+0000] {processor.py:186} INFO - Started process (PID=57062) to work on /home/airflow/.local/lib/python3.10/site-packages/airflow/example_dags/tutorial.py
[2025-01-01T18:26:05.440+0000] {processor.py:914} INFO - Processing file /home/airflow/.local/lib/python3.10/site-packages/airflow/example_dags/tutorial.py for tasks to queue
[2025-01-01T18:26:05.442+0000] {logging_mixin.py:190} INFO - [2025-01-01T18:26:05.442+0000] {dagbag.py:588} INFO - Filling up the DagBag from /home/airflow/.local/lib/python3.10/site-packages/airflow/example_dags/tutorial.py
[2025-01-01T18:26:05.451+0000] {processor.py:925} INFO - DAG(s) 'tutorial' retrieved from /home/airflow/.local/lib/python3.10/site-packages/airflow/example_dags/tutorial.py
[2025-01-01T18:26:05.470+0000] {logging_mixin.py:190} INFO - [2025-01-01T18:26:05.470+0000] {dag.py:3239} INFO - Sync 1 DAGs
[2025-01-01T18:26:05.494+0000] {logging_mixin.py:190} INFO - [2025-01-01T18:26:05.494+0000] {dag.py:4180} INFO - Setting next_dagrun for tutorial to 2024-12-31 00:00:00+00:00, run_after=2025-01-01 00:00:00+00:00
[2025-01-01T18:26:05.510+0000] {processor.py:208} INFO - Processing /home/airflow/.local/lib/python3.10/site-packages/airflow/example_dags/tutorial.py took 0.079 seconds
[2025-01-01T18:26:36.277+0000] {processor.py:186} INFO - Started process (PID=57130) to work on /home/airflow/.local/lib/python3.10/site-packages/airflow/example_dags/tutorial.py
[2025-01-01T18:26:36.278+0000] {processor.py:914} INFO - Processing file /home/airflow/.local/lib/python3.10/site-packages/airflow/example_dags/tutorial.py for tasks to queue
[2025-01-01T18:26:36.280+0000] {logging_mixin.py:190} INFO - [2025-01-01T18:26:36.279+0000] {dagbag.py:588} INFO - Filling up the DagBag from /home/airflow/.local/lib/python3.10/site-packages/airflow/example_dags/tutorial.py
[2025-01-01T18:26:36.288+0000] {processor.py:925} INFO - DAG(s) 'tutorial' retrieved from /home/airflow/.local/lib/python3.10/site-packages/airflow/example_dags/tutorial.py
[2025-01-01T18:26:36.306+0000] {logging_mixin.py:190} INFO - [2025-01-01T18:26:36.305+0000] {dag.py:3239} INFO - Sync 1 DAGs
[2025-01-01T18:26:36.327+0000] {logging_mixin.py:190} INFO - [2025-01-01T18:26:36.327+0000] {dag.py:4180} INFO - Setting next_dagrun for tutorial to 2024-12-31 00:00:00+00:00, run_after=2025-01-01 00:00:00+00:00
[2025-01-01T18:26:36.343+0000] {processor.py:208} INFO - Processing /home/airflow/.local/lib/python3.10/site-packages/airflow/example_dags/tutorial.py took 0.071 seconds
[2025-01-01T18:27:06.720+0000] {processor.py:186} INFO - Started process (PID=57198) to work on /home/airflow/.local/lib/python3.10/site-packages/airflow/example_dags/tutorial.py
[2025-01-01T18:27:06.721+0000] {processor.py:914} INFO - Processing file /home/airflow/.local/lib/python3.10/site-packages/airflow/example_dags/tutorial.py for tasks to queue
[2025-01-01T18:27:06.723+0000] {logging_mixin.py:190} INFO - [2025-01-01T18:27:06.723+0000] {dagbag.py:588} INFO - Filling up the DagBag from /home/airflow/.local/lib/python3.10/site-packages/airflow/example_dags/tutorial.py
[2025-01-01T18:27:06.731+0000] {processor.py:925} INFO - DAG(s) 'tutorial' retrieved from /home/airflow/.local/lib/python3.10/site-packages/airflow/example_dags/tutorial.py
[2025-01-01T18:27:06.749+0000] {logging_mixin.py:190} INFO - [2025-01-01T18:27:06.749+0000] {dag.py:3239} INFO - Sync 1 DAGs
[2025-01-01T18:27:06.771+0000] {logging_mixin.py:190} INFO - [2025-01-01T18:27:06.770+0000] {dag.py:4180} INFO - Setting next_dagrun for tutorial to 2024-12-31 00:00:00+00:00, run_after=2025-01-01 00:00:00+00:00
[2025-01-01T18:27:06.786+0000] {processor.py:208} INFO - Processing /home/airflow/.local/lib/python3.10/site-packages/airflow/example_dags/tutorial.py took 0.072 seconds
[2025-01-01T18:27:37.527+0000] {processor.py:186} INFO - Started process (PID=57266) to work on /home/airflow/.local/lib/python3.10/site-packages/airflow/example_dags/tutorial.py
[2025-01-01T18:27:37.529+0000] {processor.py:914} INFO - Processing file /home/airflow/.local/lib/python3.10/site-packages/airflow/example_dags/tutorial.py for tasks to queue
[2025-01-01T18:27:37.530+0000] {logging_mixin.py:190} INFO - [2025-01-01T18:27:37.530+0000] {dagbag.py:588} INFO - Filling up the DagBag from /home/airflow/.local/lib/python3.10/site-packages/airflow/example_dags/tutorial.py
[2025-01-01T18:27:37.539+0000] {processor.py:925} INFO - DAG(s) 'tutorial' retrieved from /home/airflow/.local/lib/python3.10/site-packages/airflow/example_dags/tutorial.py
[2025-01-01T18:27:37.557+0000] {logging_mixin.py:190} INFO - [2025-01-01T18:27:37.557+0000] {dag.py:3239} INFO - Sync 1 DAGs
[2025-01-01T18:27:37.579+0000] {logging_mixin.py:190} INFO - [2025-01-01T18:27:37.578+0000] {dag.py:4180} INFO - Setting next_dagrun for tutorial to 2024-12-31 00:00:00+00:00, run_after=2025-01-01 00:00:00+00:00
[2025-01-01T18:27:37.596+0000] {processor.py:208} INFO - Processing /home/airflow/.local/lib/python3.10/site-packages/airflow/example_dags/tutorial.py took 0.074 seconds
[2025-01-01T18:28:08.646+0000] {processor.py:186} INFO - Started process (PID=57334) to work on /home/airflow/.local/lib/python3.10/site-packages/airflow/example_dags/tutorial.py
[2025-01-01T18:28:08.648+0000] {processor.py:914} INFO - Processing file /home/airflow/.local/lib/python3.10/site-packages/airflow/example_dags/tutorial.py for tasks to queue
[2025-01-01T18:28:08.649+0000] {logging_mixin.py:190} INFO - [2025-01-01T18:28:08.649+0000] {dagbag.py:588} INFO - Filling up the DagBag from /home/airflow/.local/lib/python3.10/site-packages/airflow/example_dags/tutorial.py
[2025-01-01T18:28:08.658+0000] {processor.py:925} INFO - DAG(s) 'tutorial' retrieved from /home/airflow/.local/lib/python3.10/site-packages/airflow/example_dags/tutorial.py
[2025-01-01T18:28:08.677+0000] {logging_mixin.py:190} INFO - [2025-01-01T18:28:08.677+0000] {dag.py:3239} INFO - Sync 1 DAGs
[2025-01-01T18:28:08.699+0000] {logging_mixin.py:190} INFO - [2025-01-01T18:28:08.699+0000] {dag.py:4180} INFO - Setting next_dagrun for tutorial to 2024-12-31 00:00:00+00:00, run_after=2025-01-01 00:00:00+00:00
[2025-01-01T18:28:08.716+0000] {processor.py:208} INFO - Processing /home/airflow/.local/lib/python3.10/site-packages/airflow/example_dags/tutorial.py took 0.076 seconds
[2025-01-01T18:28:39.350+0000] {processor.py:186} INFO - Started process (PID=57402) to work on /home/airflow/.local/lib/python3.10/site-packages/airflow/example_dags/tutorial.py
[2025-01-01T18:28:39.351+0000] {processor.py:914} INFO - Processing file /home/airflow/.local/lib/python3.10/site-packages/airflow/example_dags/tutorial.py for tasks to queue
[2025-01-01T18:28:39.353+0000] {logging_mixin.py:190} INFO - [2025-01-01T18:28:39.353+0000] {dagbag.py:588} INFO - Filling up the DagBag from /home/airflow/.local/lib/python3.10/site-packages/airflow/example_dags/tutorial.py
[2025-01-01T18:28:39.361+0000] {processor.py:925} INFO - DAG(s) 'tutorial' retrieved from /home/airflow/.local/lib/python3.10/site-packages/airflow/example_dags/tutorial.py
[2025-01-01T18:28:39.380+0000] {logging_mixin.py:190} INFO - [2025-01-01T18:28:39.380+0000] {dag.py:3239} INFO - Sync 1 DAGs
[2025-01-01T18:28:39.400+0000] {logging_mixin.py:190} INFO - [2025-01-01T18:28:39.400+0000] {dag.py:4180} INFO - Setting next_dagrun for tutorial to 2024-12-31 00:00:00+00:00, run_after=2025-01-01 00:00:00+00:00
[2025-01-01T18:28:39.415+0000] {processor.py:208} INFO - Processing /home/airflow/.local/lib/python3.10/site-packages/airflow/example_dags/tutorial.py took 0.072 seconds
[2025-01-01T18:29:09.833+0000] {processor.py:186} INFO - Started process (PID=57470) to work on /home/airflow/.local/lib/python3.10/site-packages/airflow/example_dags/tutorial.py
[2025-01-01T18:29:09.834+0000] {processor.py:914} INFO - Processing file /home/airflow/.local/lib/python3.10/site-packages/airflow/example_dags/tutorial.py for tasks to queue
[2025-01-01T18:29:09.836+0000] {logging_mixin.py:190} INFO - [2025-01-01T18:29:09.835+0000] {dagbag.py:588} INFO - Filling up the DagBag from /home/airflow/.local/lib/python3.10/site-packages/airflow/example_dags/tutorial.py
[2025-01-01T18:29:09.844+0000] {processor.py:925} INFO - DAG(s) 'tutorial' retrieved from /home/airflow/.local/lib/python3.10/site-packages/airflow/example_dags/tutorial.py
[2025-01-01T18:29:09.865+0000] {logging_mixin.py:190} INFO - [2025-01-01T18:29:09.865+0000] {dag.py:3239} INFO - Sync 1 DAGs
[2025-01-01T18:29:09.889+0000] {logging_mixin.py:190} INFO - [2025-01-01T18:29:09.888+0000] {dag.py:4180} INFO - Setting next_dagrun for tutorial to 2024-12-31 00:00:00+00:00, run_after=2025-01-01 00:00:00+00:00
[2025-01-01T18:29:09.905+0000] {processor.py:208} INFO - Processing /home/airflow/.local/lib/python3.10/site-packages/airflow/example_dags/tutorial.py took 0.079 seconds
[2025-01-01T18:29:40.814+0000] {processor.py:186} INFO - Started process (PID=57538) to work on /home/airflow/.local/lib/python3.10/site-packages/airflow/example_dags/tutorial.py
[2025-01-01T18:29:40.815+0000] {processor.py:914} INFO - Processing file /home/airflow/.local/lib/python3.10/site-packages/airflow/example_dags/tutorial.py for tasks to queue
[2025-01-01T18:29:40.817+0000] {logging_mixin.py:190} INFO - [2025-01-01T18:29:40.817+0000] {dagbag.py:588} INFO - Filling up the DagBag from /home/airflow/.local/lib/python3.10/site-packages/airflow/example_dags/tutorial.py
[2025-01-01T18:29:40.827+0000] {processor.py:925} INFO - DAG(s) 'tutorial' retrieved from /home/airflow/.local/lib/python3.10/site-packages/airflow/example_dags/tutorial.py
[2025-01-01T18:29:40.847+0000] {logging_mixin.py:190} INFO - [2025-01-01T18:29:40.847+0000] {dag.py:3239} INFO - Sync 1 DAGs
[2025-01-01T18:29:40.867+0000] {logging_mixin.py:190} INFO - [2025-01-01T18:29:40.867+0000] {dag.py:4180} INFO - Setting next_dagrun for tutorial to 2024-12-31 00:00:00+00:00, run_after=2025-01-01 00:00:00+00:00
[2025-01-01T18:29:40.885+0000] {processor.py:208} INFO - Processing /home/airflow/.local/lib/python3.10/site-packages/airflow/example_dags/tutorial.py took 0.077 seconds
[2025-01-01T18:30:11.844+0000] {processor.py:186} INFO - Started process (PID=57606) to work on /home/airflow/.local/lib/python3.10/site-packages/airflow/example_dags/tutorial.py
[2025-01-01T18:30:11.845+0000] {processor.py:914} INFO - Processing file /home/airflow/.local/lib/python3.10/site-packages/airflow/example_dags/tutorial.py for tasks to queue
[2025-01-01T18:30:11.847+0000] {logging_mixin.py:190} INFO - [2025-01-01T18:30:11.847+0000] {dagbag.py:588} INFO - Filling up the DagBag from /home/airflow/.local/lib/python3.10/site-packages/airflow/example_dags/tutorial.py
[2025-01-01T18:30:11.855+0000] {processor.py:925} INFO - DAG(s) 'tutorial' retrieved from /home/airflow/.local/lib/python3.10/site-packages/airflow/example_dags/tutorial.py
[2025-01-01T18:30:11.873+0000] {logging_mixin.py:190} INFO - [2025-01-01T18:30:11.873+0000] {dag.py:3239} INFO - Sync 1 DAGs
[2025-01-01T18:30:11.892+0000] {logging_mixin.py:190} INFO - [2025-01-01T18:30:11.892+0000] {dag.py:4180} INFO - Setting next_dagrun for tutorial to 2024-12-31 00:00:00+00:00, run_after=2025-01-01 00:00:00+00:00
[2025-01-01T18:30:11.907+0000] {processor.py:208} INFO - Processing /home/airflow/.local/lib/python3.10/site-packages/airflow/example_dags/tutorial.py took 0.068 seconds
[2025-01-01T18:30:42.596+0000] {processor.py:186} INFO - Started process (PID=57674) to work on /home/airflow/.local/lib/python3.10/site-packages/airflow/example_dags/tutorial.py
[2025-01-01T18:30:42.597+0000] {processor.py:914} INFO - Processing file /home/airflow/.local/lib/python3.10/site-packages/airflow/example_dags/tutorial.py for tasks to queue
[2025-01-01T18:30:42.599+0000] {logging_mixin.py:190} INFO - [2025-01-01T18:30:42.598+0000] {dagbag.py:588} INFO - Filling up the DagBag from /home/airflow/.local/lib/python3.10/site-packages/airflow/example_dags/tutorial.py
[2025-01-01T18:30:42.607+0000] {processor.py:925} INFO - DAG(s) 'tutorial' retrieved from /home/airflow/.local/lib/python3.10/site-packages/airflow/example_dags/tutorial.py
[2025-01-01T18:30:42.628+0000] {logging_mixin.py:190} INFO - [2025-01-01T18:30:42.627+0000] {dag.py:3239} INFO - Sync 1 DAGs
[2025-01-01T18:30:42.649+0000] {logging_mixin.py:190} INFO - [2025-01-01T18:30:42.649+0000] {dag.py:4180} INFO - Setting next_dagrun for tutorial to 2024-12-31 00:00:00+00:00, run_after=2025-01-01 00:00:00+00:00
[2025-01-01T18:30:42.669+0000] {processor.py:208} INFO - Processing /home/airflow/.local/lib/python3.10/site-packages/airflow/example_dags/tutorial.py took 0.079 seconds
[2025-01-01T18:31:13.188+0000] {processor.py:186} INFO - Started process (PID=57742) to work on /home/airflow/.local/lib/python3.10/site-packages/airflow/example_dags/tutorial.py
[2025-01-01T18:31:13.189+0000] {processor.py:914} INFO - Processing file /home/airflow/.local/lib/python3.10/site-packages/airflow/example_dags/tutorial.py for tasks to queue
[2025-01-01T18:31:13.191+0000] {logging_mixin.py:190} INFO - [2025-01-01T18:31:13.190+0000] {dagbag.py:588} INFO - Filling up the DagBag from /home/airflow/.local/lib/python3.10/site-packages/airflow/example_dags/tutorial.py
[2025-01-01T18:31:13.199+0000] {processor.py:925} INFO - DAG(s) 'tutorial' retrieved from /home/airflow/.local/lib/python3.10/site-packages/airflow/example_dags/tutorial.py
[2025-01-01T18:31:13.218+0000] {logging_mixin.py:190} INFO - [2025-01-01T18:31:13.218+0000] {dag.py:3239} INFO - Sync 1 DAGs
[2025-01-01T18:31:13.240+0000] {logging_mixin.py:190} INFO - [2025-01-01T18:31:13.240+0000] {dag.py:4180} INFO - Setting next_dagrun for tutorial to 2024-12-31 00:00:00+00:00, run_after=2025-01-01 00:00:00+00:00
[2025-01-01T18:31:13.255+0000] {processor.py:208} INFO - Processing /home/airflow/.local/lib/python3.10/site-packages/airflow/example_dags/tutorial.py took 0.074 seconds
[2025-01-01T18:31:43.918+0000] {processor.py:186} INFO - Started process (PID=57810) to work on /home/airflow/.local/lib/python3.10/site-packages/airflow/example_dags/tutorial.py
[2025-01-01T18:31:43.919+0000] {processor.py:914} INFO - Processing file /home/airflow/.local/lib/python3.10/site-packages/airflow/example_dags/tutorial.py for tasks to queue
[2025-01-01T18:31:43.921+0000] {logging_mixin.py:190} INFO - [2025-01-01T18:31:43.921+0000] {dagbag.py:588} INFO - Filling up the DagBag from /home/airflow/.local/lib/python3.10/site-packages/airflow/example_dags/tutorial.py
[2025-01-01T18:31:43.929+0000] {processor.py:925} INFO - DAG(s) 'tutorial' retrieved from /home/airflow/.local/lib/python3.10/site-packages/airflow/example_dags/tutorial.py
[2025-01-01T18:31:43.948+0000] {logging_mixin.py:190} INFO - [2025-01-01T18:31:43.948+0000] {dag.py:3239} INFO - Sync 1 DAGs
[2025-01-01T18:31:43.970+0000] {logging_mixin.py:190} INFO - [2025-01-01T18:31:43.970+0000] {dag.py:4180} INFO - Setting next_dagrun for tutorial to 2024-12-31 00:00:00+00:00, run_after=2025-01-01 00:00:00+00:00
[2025-01-01T18:31:43.988+0000] {processor.py:208} INFO - Processing /home/airflow/.local/lib/python3.10/site-packages/airflow/example_dags/tutorial.py took 0.075 seconds
[2025-01-01T18:32:14.934+0000] {processor.py:186} INFO - Started process (PID=57878) to work on /home/airflow/.local/lib/python3.10/site-packages/airflow/example_dags/tutorial.py
[2025-01-01T18:32:14.936+0000] {processor.py:914} INFO - Processing file /home/airflow/.local/lib/python3.10/site-packages/airflow/example_dags/tutorial.py for tasks to queue
[2025-01-01T18:32:14.937+0000] {logging_mixin.py:190} INFO - [2025-01-01T18:32:14.937+0000] {dagbag.py:588} INFO - Filling up the DagBag from /home/airflow/.local/lib/python3.10/site-packages/airflow/example_dags/tutorial.py
[2025-01-01T18:32:14.946+0000] {processor.py:925} INFO - DAG(s) 'tutorial' retrieved from /home/airflow/.local/lib/python3.10/site-packages/airflow/example_dags/tutorial.py
[2025-01-01T18:32:14.965+0000] {logging_mixin.py:190} INFO - [2025-01-01T18:32:14.965+0000] {dag.py:3239} INFO - Sync 1 DAGs
[2025-01-01T18:32:14.985+0000] {logging_mixin.py:190} INFO - [2025-01-01T18:32:14.985+0000] {dag.py:4180} INFO - Setting next_dagrun for tutorial to 2024-12-31 00:00:00+00:00, run_after=2025-01-01 00:00:00+00:00
[2025-01-01T18:32:15.004+0000] {processor.py:208} INFO - Processing /home/airflow/.local/lib/python3.10/site-packages/airflow/example_dags/tutorial.py took 0.076 seconds
[2025-01-01T18:32:46.142+0000] {processor.py:186} INFO - Started process (PID=57953) to work on /home/airflow/.local/lib/python3.10/site-packages/airflow/example_dags/tutorial.py
[2025-01-01T18:32:46.143+0000] {processor.py:914} INFO - Processing file /home/airflow/.local/lib/python3.10/site-packages/airflow/example_dags/tutorial.py for tasks to queue
[2025-01-01T18:32:46.145+0000] {logging_mixin.py:190} INFO - [2025-01-01T18:32:46.145+0000] {dagbag.py:588} INFO - Filling up the DagBag from /home/airflow/.local/lib/python3.10/site-packages/airflow/example_dags/tutorial.py
[2025-01-01T18:32:46.154+0000] {processor.py:925} INFO - DAG(s) 'tutorial' retrieved from /home/airflow/.local/lib/python3.10/site-packages/airflow/example_dags/tutorial.py
[2025-01-01T18:32:46.172+0000] {logging_mixin.py:190} INFO - [2025-01-01T18:32:46.172+0000] {dag.py:3239} INFO - Sync 1 DAGs
[2025-01-01T18:32:46.194+0000] {logging_mixin.py:190} INFO - [2025-01-01T18:32:46.194+0000] {dag.py:4180} INFO - Setting next_dagrun for tutorial to 2024-12-31 00:00:00+00:00, run_after=2025-01-01 00:00:00+00:00
[2025-01-01T18:32:46.213+0000] {processor.py:208} INFO - Processing /home/airflow/.local/lib/python3.10/site-packages/airflow/example_dags/tutorial.py took 0.077 seconds
[2025-01-01T18:33:16.446+0000] {processor.py:186} INFO - Started process (PID=58021) to work on /home/airflow/.local/lib/python3.10/site-packages/airflow/example_dags/tutorial.py
[2025-01-01T18:33:16.447+0000] {processor.py:914} INFO - Processing file /home/airflow/.local/lib/python3.10/site-packages/airflow/example_dags/tutorial.py for tasks to queue
[2025-01-01T18:33:16.449+0000] {logging_mixin.py:190} INFO - [2025-01-01T18:33:16.449+0000] {dagbag.py:588} INFO - Filling up the DagBag from /home/airflow/.local/lib/python3.10/site-packages/airflow/example_dags/tutorial.py
[2025-01-01T18:33:16.462+0000] {processor.py:925} INFO - DAG(s) 'tutorial' retrieved from /home/airflow/.local/lib/python3.10/site-packages/airflow/example_dags/tutorial.py
[2025-01-01T18:33:16.482+0000] {logging_mixin.py:190} INFO - [2025-01-01T18:33:16.482+0000] {dag.py:3239} INFO - Sync 1 DAGs
[2025-01-01T18:33:16.505+0000] {logging_mixin.py:190} INFO - [2025-01-01T18:33:16.504+0000] {dag.py:4180} INFO - Setting next_dagrun for tutorial to 2024-12-31 00:00:00+00:00, run_after=2025-01-01 00:00:00+00:00
[2025-01-01T18:33:16.522+0000] {processor.py:208} INFO - Processing /home/airflow/.local/lib/python3.10/site-packages/airflow/example_dags/tutorial.py took 0.084 seconds
[2025-01-01T18:33:47.179+0000] {processor.py:186} INFO - Started process (PID=58089) to work on /home/airflow/.local/lib/python3.10/site-packages/airflow/example_dags/tutorial.py
[2025-01-01T18:33:47.180+0000] {processor.py:914} INFO - Processing file /home/airflow/.local/lib/python3.10/site-packages/airflow/example_dags/tutorial.py for tasks to queue
[2025-01-01T18:33:47.182+0000] {logging_mixin.py:190} INFO - [2025-01-01T18:33:47.182+0000] {dagbag.py:588} INFO - Filling up the DagBag from /home/airflow/.local/lib/python3.10/site-packages/airflow/example_dags/tutorial.py
[2025-01-01T18:33:47.191+0000] {processor.py:925} INFO - DAG(s) 'tutorial' retrieved from /home/airflow/.local/lib/python3.10/site-packages/airflow/example_dags/tutorial.py
[2025-01-01T18:33:47.210+0000] {logging_mixin.py:190} INFO - [2025-01-01T18:33:47.210+0000] {dag.py:3239} INFO - Sync 1 DAGs
[2025-01-01T18:33:47.231+0000] {logging_mixin.py:190} INFO - [2025-01-01T18:33:47.231+0000] {dag.py:4180} INFO - Setting next_dagrun for tutorial to 2024-12-31 00:00:00+00:00, run_after=2025-01-01 00:00:00+00:00
[2025-01-01T18:33:47.249+0000] {processor.py:208} INFO - Processing /home/airflow/.local/lib/python3.10/site-packages/airflow/example_dags/tutorial.py took 0.076 seconds
[2025-01-01T18:34:18.212+0000] {processor.py:186} INFO - Started process (PID=58157) to work on /home/airflow/.local/lib/python3.10/site-packages/airflow/example_dags/tutorial.py
[2025-01-01T18:34:18.213+0000] {processor.py:914} INFO - Processing file /home/airflow/.local/lib/python3.10/site-packages/airflow/example_dags/tutorial.py for tasks to queue
[2025-01-01T18:34:18.215+0000] {logging_mixin.py:190} INFO - [2025-01-01T18:34:18.214+0000] {dagbag.py:588} INFO - Filling up the DagBag from /home/airflow/.local/lib/python3.10/site-packages/airflow/example_dags/tutorial.py
[2025-01-01T18:34:18.223+0000] {processor.py:925} INFO - DAG(s) 'tutorial' retrieved from /home/airflow/.local/lib/python3.10/site-packages/airflow/example_dags/tutorial.py
[2025-01-01T18:34:18.241+0000] {logging_mixin.py:190} INFO - [2025-01-01T18:34:18.241+0000] {dag.py:3239} INFO - Sync 1 DAGs
[2025-01-01T18:34:18.261+0000] {logging_mixin.py:190} INFO - [2025-01-01T18:34:18.261+0000] {dag.py:4180} INFO - Setting next_dagrun for tutorial to 2024-12-31 00:00:00+00:00, run_after=2025-01-01 00:00:00+00:00
[2025-01-01T18:34:18.276+0000] {processor.py:208} INFO - Processing /home/airflow/.local/lib/python3.10/site-packages/airflow/example_dags/tutorial.py took 0.071 seconds
[2025-01-01T18:34:48.927+0000] {processor.py:186} INFO - Started process (PID=58225) to work on /home/airflow/.local/lib/python3.10/site-packages/airflow/example_dags/tutorial.py
[2025-01-01T18:34:48.929+0000] {processor.py:914} INFO - Processing file /home/airflow/.local/lib/python3.10/site-packages/airflow/example_dags/tutorial.py for tasks to queue
[2025-01-01T18:34:48.930+0000] {logging_mixin.py:190} INFO - [2025-01-01T18:34:48.930+0000] {dagbag.py:588} INFO - Filling up the DagBag from /home/airflow/.local/lib/python3.10/site-packages/airflow/example_dags/tutorial.py
[2025-01-01T18:34:48.938+0000] {processor.py:925} INFO - DAG(s) 'tutorial' retrieved from /home/airflow/.local/lib/python3.10/site-packages/airflow/example_dags/tutorial.py
[2025-01-01T18:34:48.961+0000] {logging_mixin.py:190} INFO - [2025-01-01T18:34:48.961+0000] {dag.py:3239} INFO - Sync 1 DAGs
[2025-01-01T18:34:48.983+0000] {logging_mixin.py:190} INFO - [2025-01-01T18:34:48.983+0000] {dag.py:4180} INFO - Setting next_dagrun for tutorial to 2024-12-31 00:00:00+00:00, run_after=2025-01-01 00:00:00+00:00
[2025-01-01T18:34:48.998+0000] {processor.py:208} INFO - Processing /home/airflow/.local/lib/python3.10/site-packages/airflow/example_dags/tutorial.py took 0.077 seconds
[2025-01-01T18:35:19.510+0000] {processor.py:186} INFO - Started process (PID=58292) to work on /home/airflow/.local/lib/python3.10/site-packages/airflow/example_dags/tutorial.py
[2025-01-01T18:35:19.512+0000] {processor.py:914} INFO - Processing file /home/airflow/.local/lib/python3.10/site-packages/airflow/example_dags/tutorial.py for tasks to queue
[2025-01-01T18:35:19.514+0000] {logging_mixin.py:190} INFO - [2025-01-01T18:35:19.514+0000] {dagbag.py:588} INFO - Filling up the DagBag from /home/airflow/.local/lib/python3.10/site-packages/airflow/example_dags/tutorial.py
[2025-01-01T18:35:19.525+0000] {processor.py:925} INFO - DAG(s) 'tutorial' retrieved from /home/airflow/.local/lib/python3.10/site-packages/airflow/example_dags/tutorial.py
[2025-01-01T18:35:19.544+0000] {logging_mixin.py:190} INFO - [2025-01-01T18:35:19.544+0000] {dag.py:3239} INFO - Sync 1 DAGs
[2025-01-01T18:35:19.564+0000] {logging_mixin.py:190} INFO - [2025-01-01T18:35:19.563+0000] {dag.py:4180} INFO - Setting next_dagrun for tutorial to 2024-12-31 00:00:00+00:00, run_after=2025-01-01 00:00:00+00:00
[2025-01-01T18:35:19.583+0000] {processor.py:208} INFO - Processing /home/airflow/.local/lib/python3.10/site-packages/airflow/example_dags/tutorial.py took 0.082 seconds
[2025-01-01T18:35:50.118+0000] {processor.py:186} INFO - Started process (PID=58360) to work on /home/airflow/.local/lib/python3.10/site-packages/airflow/example_dags/tutorial.py
[2025-01-01T18:35:50.119+0000] {processor.py:914} INFO - Processing file /home/airflow/.local/lib/python3.10/site-packages/airflow/example_dags/tutorial.py for tasks to queue
[2025-01-01T18:35:50.121+0000] {logging_mixin.py:190} INFO - [2025-01-01T18:35:50.121+0000] {dagbag.py:588} INFO - Filling up the DagBag from /home/airflow/.local/lib/python3.10/site-packages/airflow/example_dags/tutorial.py
[2025-01-01T18:35:50.130+0000] {processor.py:925} INFO - DAG(s) 'tutorial' retrieved from /home/airflow/.local/lib/python3.10/site-packages/airflow/example_dags/tutorial.py
[2025-01-01T18:35:50.151+0000] {logging_mixin.py:190} INFO - [2025-01-01T18:35:50.150+0000] {dag.py:3239} INFO - Sync 1 DAGs
[2025-01-01T18:35:50.170+0000] {logging_mixin.py:190} INFO - [2025-01-01T18:35:50.170+0000] {dag.py:4180} INFO - Setting next_dagrun for tutorial to 2024-12-31 00:00:00+00:00, run_after=2025-01-01 00:00:00+00:00
[2025-01-01T18:35:50.186+0000] {processor.py:208} INFO - Processing /home/airflow/.local/lib/python3.10/site-packages/airflow/example_dags/tutorial.py took 0.074 seconds
[2025-01-01T18:36:20.825+0000] {processor.py:186} INFO - Started process (PID=58428) to work on /home/airflow/.local/lib/python3.10/site-packages/airflow/example_dags/tutorial.py
[2025-01-01T18:36:20.826+0000] {processor.py:914} INFO - Processing file /home/airflow/.local/lib/python3.10/site-packages/airflow/example_dags/tutorial.py for tasks to queue
[2025-01-01T18:36:20.828+0000] {logging_mixin.py:190} INFO - [2025-01-01T18:36:20.827+0000] {dagbag.py:588} INFO - Filling up the DagBag from /home/airflow/.local/lib/python3.10/site-packages/airflow/example_dags/tutorial.py
[2025-01-01T18:36:20.837+0000] {processor.py:925} INFO - DAG(s) 'tutorial' retrieved from /home/airflow/.local/lib/python3.10/site-packages/airflow/example_dags/tutorial.py
[2025-01-01T18:36:20.854+0000] {logging_mixin.py:190} INFO - [2025-01-01T18:36:20.854+0000] {dag.py:3239} INFO - Sync 1 DAGs
[2025-01-01T18:36:20.873+0000] {logging_mixin.py:190} INFO - [2025-01-01T18:36:20.873+0000] {dag.py:4180} INFO - Setting next_dagrun for tutorial to 2024-12-31 00:00:00+00:00, run_after=2025-01-01 00:00:00+00:00
[2025-01-01T18:36:20.889+0000] {processor.py:208} INFO - Processing /home/airflow/.local/lib/python3.10/site-packages/airflow/example_dags/tutorial.py took 0.069 seconds
[2025-01-01T18:36:51.184+0000] {processor.py:186} INFO - Started process (PID=58495) to work on /home/airflow/.local/lib/python3.10/site-packages/airflow/example_dags/tutorial.py
[2025-01-01T18:36:51.185+0000] {processor.py:914} INFO - Processing file /home/airflow/.local/lib/python3.10/site-packages/airflow/example_dags/tutorial.py for tasks to queue
[2025-01-01T18:36:51.186+0000] {logging_mixin.py:190} INFO - [2025-01-01T18:36:51.186+0000] {dagbag.py:588} INFO - Filling up the DagBag from /home/airflow/.local/lib/python3.10/site-packages/airflow/example_dags/tutorial.py
[2025-01-01T18:36:51.194+0000] {processor.py:925} INFO - DAG(s) 'tutorial' retrieved from /home/airflow/.local/lib/python3.10/site-packages/airflow/example_dags/tutorial.py
[2025-01-01T18:36:51.212+0000] {logging_mixin.py:190} INFO - [2025-01-01T18:36:51.212+0000] {dag.py:3239} INFO - Sync 1 DAGs
[2025-01-01T18:36:51.230+0000] {logging_mixin.py:190} INFO - [2025-01-01T18:36:51.230+0000] {dag.py:4180} INFO - Setting next_dagrun for tutorial to 2024-12-31 00:00:00+00:00, run_after=2025-01-01 00:00:00+00:00
[2025-01-01T18:36:51.245+0000] {processor.py:208} INFO - Processing /home/airflow/.local/lib/python3.10/site-packages/airflow/example_dags/tutorial.py took 0.068 seconds
[2025-01-01T18:37:22.360+0000] {processor.py:186} INFO - Started process (PID=58564) to work on /home/airflow/.local/lib/python3.10/site-packages/airflow/example_dags/tutorial.py
[2025-01-01T18:37:22.361+0000] {processor.py:914} INFO - Processing file /home/airflow/.local/lib/python3.10/site-packages/airflow/example_dags/tutorial.py for tasks to queue
[2025-01-01T18:37:22.363+0000] {logging_mixin.py:190} INFO - [2025-01-01T18:37:22.362+0000] {dagbag.py:588} INFO - Filling up the DagBag from /home/airflow/.local/lib/python3.10/site-packages/airflow/example_dags/tutorial.py
[2025-01-01T18:37:22.372+0000] {processor.py:925} INFO - DAG(s) 'tutorial' retrieved from /home/airflow/.local/lib/python3.10/site-packages/airflow/example_dags/tutorial.py
[2025-01-01T18:37:22.390+0000] {logging_mixin.py:190} INFO - [2025-01-01T18:37:22.389+0000] {dag.py:3239} INFO - Sync 1 DAGs
[2025-01-01T18:37:22.412+0000] {logging_mixin.py:190} INFO - [2025-01-01T18:37:22.412+0000] {dag.py:4180} INFO - Setting next_dagrun for tutorial to 2024-12-31 00:00:00+00:00, run_after=2025-01-01 00:00:00+00:00
[2025-01-01T18:37:22.428+0000] {processor.py:208} INFO - Processing /home/airflow/.local/lib/python3.10/site-packages/airflow/example_dags/tutorial.py took 0.074 seconds
[2025-01-01T18:37:53.025+0000] {processor.py:186} INFO - Started process (PID=58632) to work on /home/airflow/.local/lib/python3.10/site-packages/airflow/example_dags/tutorial.py
[2025-01-01T18:37:53.026+0000] {processor.py:914} INFO - Processing file /home/airflow/.local/lib/python3.10/site-packages/airflow/example_dags/tutorial.py for tasks to queue
[2025-01-01T18:37:53.027+0000] {logging_mixin.py:190} INFO - [2025-01-01T18:37:53.027+0000] {dagbag.py:588} INFO - Filling up the DagBag from /home/airflow/.local/lib/python3.10/site-packages/airflow/example_dags/tutorial.py
[2025-01-01T18:37:53.036+0000] {processor.py:925} INFO - DAG(s) 'tutorial' retrieved from /home/airflow/.local/lib/python3.10/site-packages/airflow/example_dags/tutorial.py
[2025-01-01T18:37:53.054+0000] {logging_mixin.py:190} INFO - [2025-01-01T18:37:53.054+0000] {dag.py:3239} INFO - Sync 1 DAGs
[2025-01-01T18:37:53.074+0000] {logging_mixin.py:190} INFO - [2025-01-01T18:37:53.074+0000] {dag.py:4180} INFO - Setting next_dagrun for tutorial to 2024-12-31 00:00:00+00:00, run_after=2025-01-01 00:00:00+00:00
[2025-01-01T18:37:53.089+0000] {processor.py:208} INFO - Processing /home/airflow/.local/lib/python3.10/site-packages/airflow/example_dags/tutorial.py took 0.070 seconds
[2025-01-01T18:38:23.661+0000] {processor.py:186} INFO - Started process (PID=58700) to work on /home/airflow/.local/lib/python3.10/site-packages/airflow/example_dags/tutorial.py
[2025-01-01T18:38:23.663+0000] {processor.py:914} INFO - Processing file /home/airflow/.local/lib/python3.10/site-packages/airflow/example_dags/tutorial.py for tasks to queue
[2025-01-01T18:38:23.664+0000] {logging_mixin.py:190} INFO - [2025-01-01T18:38:23.664+0000] {dagbag.py:588} INFO - Filling up the DagBag from /home/airflow/.local/lib/python3.10/site-packages/airflow/example_dags/tutorial.py
[2025-01-01T18:38:23.673+0000] {processor.py:925} INFO - DAG(s) 'tutorial' retrieved from /home/airflow/.local/lib/python3.10/site-packages/airflow/example_dags/tutorial.py
[2025-01-01T18:38:23.690+0000] {logging_mixin.py:190} INFO - [2025-01-01T18:38:23.690+0000] {dag.py:3239} INFO - Sync 1 DAGs
[2025-01-01T18:38:23.711+0000] {logging_mixin.py:190} INFO - [2025-01-01T18:38:23.711+0000] {dag.py:4180} INFO - Setting next_dagrun for tutorial to 2024-12-31 00:00:00+00:00, run_after=2025-01-01 00:00:00+00:00
[2025-01-01T18:38:23.728+0000] {processor.py:208} INFO - Processing /home/airflow/.local/lib/python3.10/site-packages/airflow/example_dags/tutorial.py took 0.072 seconds
[2025-01-01T18:38:54.491+0000] {processor.py:186} INFO - Started process (PID=58768) to work on /home/airflow/.local/lib/python3.10/site-packages/airflow/example_dags/tutorial.py
[2025-01-01T18:38:54.493+0000] {processor.py:914} INFO - Processing file /home/airflow/.local/lib/python3.10/site-packages/airflow/example_dags/tutorial.py for tasks to queue
[2025-01-01T18:38:54.494+0000] {logging_mixin.py:190} INFO - [2025-01-01T18:38:54.494+0000] {dagbag.py:588} INFO - Filling up the DagBag from /home/airflow/.local/lib/python3.10/site-packages/airflow/example_dags/tutorial.py
[2025-01-01T18:38:54.503+0000] {processor.py:925} INFO - DAG(s) 'tutorial' retrieved from /home/airflow/.local/lib/python3.10/site-packages/airflow/example_dags/tutorial.py
[2025-01-01T18:38:54.524+0000] {logging_mixin.py:190} INFO - [2025-01-01T18:38:54.523+0000] {dag.py:3239} INFO - Sync 1 DAGs
[2025-01-01T18:38:54.547+0000] {logging_mixin.py:190} INFO - [2025-01-01T18:38:54.546+0000] {dag.py:4180} INFO - Setting next_dagrun for tutorial to 2024-12-31 00:00:00+00:00, run_after=2025-01-01 00:00:00+00:00
[2025-01-01T18:38:54.567+0000] {processor.py:208} INFO - Processing /home/airflow/.local/lib/python3.10/site-packages/airflow/example_dags/tutorial.py took 0.081 seconds
[2025-01-01T18:39:26.015+0000] {processor.py:186} INFO - Started process (PID=58836) to work on /home/airflow/.local/lib/python3.10/site-packages/airflow/example_dags/tutorial.py
[2025-01-01T18:39:26.017+0000] {processor.py:914} INFO - Processing file /home/airflow/.local/lib/python3.10/site-packages/airflow/example_dags/tutorial.py for tasks to queue
[2025-01-01T18:39:26.018+0000] {logging_mixin.py:190} INFO - [2025-01-01T18:39:26.018+0000] {dagbag.py:588} INFO - Filling up the DagBag from /home/airflow/.local/lib/python3.10/site-packages/airflow/example_dags/tutorial.py
[2025-01-01T18:39:26.028+0000] {processor.py:925} INFO - DAG(s) 'tutorial' retrieved from /home/airflow/.local/lib/python3.10/site-packages/airflow/example_dags/tutorial.py
[2025-01-01T18:39:26.049+0000] {logging_mixin.py:190} INFO - [2025-01-01T18:39:26.049+0000] {dag.py:3239} INFO - Sync 1 DAGs
[2025-01-01T18:39:26.071+0000] {logging_mixin.py:190} INFO - [2025-01-01T18:39:26.071+0000] {dag.py:4180} INFO - Setting next_dagrun for tutorial to 2024-12-31 00:00:00+00:00, run_after=2025-01-01 00:00:00+00:00
[2025-01-01T18:39:26.087+0000] {processor.py:208} INFO - Processing /home/airflow/.local/lib/python3.10/site-packages/airflow/example_dags/tutorial.py took 0.078 seconds
[2025-01-01T18:39:57.415+0000] {processor.py:186} INFO - Started process (PID=58904) to work on /home/airflow/.local/lib/python3.10/site-packages/airflow/example_dags/tutorial.py
[2025-01-01T18:39:57.416+0000] {processor.py:914} INFO - Processing file /home/airflow/.local/lib/python3.10/site-packages/airflow/example_dags/tutorial.py for tasks to queue
[2025-01-01T18:39:57.417+0000] {logging_mixin.py:190} INFO - [2025-01-01T18:39:57.417+0000] {dagbag.py:588} INFO - Filling up the DagBag from /home/airflow/.local/lib/python3.10/site-packages/airflow/example_dags/tutorial.py
[2025-01-01T18:39:57.426+0000] {processor.py:925} INFO - DAG(s) 'tutorial' retrieved from /home/airflow/.local/lib/python3.10/site-packages/airflow/example_dags/tutorial.py
[2025-01-01T18:39:57.447+0000] {logging_mixin.py:190} INFO - [2025-01-01T18:39:57.446+0000] {dag.py:3239} INFO - Sync 1 DAGs
[2025-01-01T18:39:57.469+0000] {logging_mixin.py:190} INFO - [2025-01-01T18:39:57.469+0000] {dag.py:4180} INFO - Setting next_dagrun for tutorial to 2024-12-31 00:00:00+00:00, run_after=2025-01-01 00:00:00+00:00
[2025-01-01T18:39:57.487+0000] {processor.py:208} INFO - Processing /home/airflow/.local/lib/python3.10/site-packages/airflow/example_dags/tutorial.py took 0.078 seconds
[2025-01-01T18:40:28.640+0000] {processor.py:186} INFO - Started process (PID=58972) to work on /home/airflow/.local/lib/python3.10/site-packages/airflow/example_dags/tutorial.py
[2025-01-01T18:40:28.641+0000] {processor.py:914} INFO - Processing file /home/airflow/.local/lib/python3.10/site-packages/airflow/example_dags/tutorial.py for tasks to queue
[2025-01-01T18:40:28.643+0000] {logging_mixin.py:190} INFO - [2025-01-01T18:40:28.642+0000] {dagbag.py:588} INFO - Filling up the DagBag from /home/airflow/.local/lib/python3.10/site-packages/airflow/example_dags/tutorial.py
[2025-01-01T18:40:28.652+0000] {processor.py:925} INFO - DAG(s) 'tutorial' retrieved from /home/airflow/.local/lib/python3.10/site-packages/airflow/example_dags/tutorial.py
[2025-01-01T18:40:28.672+0000] {logging_mixin.py:190} INFO - [2025-01-01T18:40:28.672+0000] {dag.py:3239} INFO - Sync 1 DAGs
[2025-01-01T18:40:28.694+0000] {logging_mixin.py:190} INFO - [2025-01-01T18:40:28.694+0000] {dag.py:4180} INFO - Setting next_dagrun for tutorial to 2024-12-31 00:00:00+00:00, run_after=2025-01-01 00:00:00+00:00
[2025-01-01T18:40:28.710+0000] {processor.py:208} INFO - Processing /home/airflow/.local/lib/python3.10/site-packages/airflow/example_dags/tutorial.py took 0.077 seconds
[2025-01-01T18:40:59.899+0000] {processor.py:186} INFO - Started process (PID=59040) to work on /home/airflow/.local/lib/python3.10/site-packages/airflow/example_dags/tutorial.py
[2025-01-01T18:40:59.900+0000] {processor.py:914} INFO - Processing file /home/airflow/.local/lib/python3.10/site-packages/airflow/example_dags/tutorial.py for tasks to queue
[2025-01-01T18:40:59.902+0000] {logging_mixin.py:190} INFO - [2025-01-01T18:40:59.902+0000] {dagbag.py:588} INFO - Filling up the DagBag from /home/airflow/.local/lib/python3.10/site-packages/airflow/example_dags/tutorial.py
[2025-01-01T18:40:59.911+0000] {processor.py:925} INFO - DAG(s) 'tutorial' retrieved from /home/airflow/.local/lib/python3.10/site-packages/airflow/example_dags/tutorial.py
[2025-01-01T18:40:59.933+0000] {logging_mixin.py:190} INFO - [2025-01-01T18:40:59.933+0000] {dag.py:3239} INFO - Sync 1 DAGs
[2025-01-01T18:40:59.958+0000] {logging_mixin.py:190} INFO - [2025-01-01T18:40:59.957+0000] {dag.py:4180} INFO - Setting next_dagrun for tutorial to 2024-12-31 00:00:00+00:00, run_after=2025-01-01 00:00:00+00:00
[2025-01-01T18:40:59.977+0000] {processor.py:208} INFO - Processing /home/airflow/.local/lib/python3.10/site-packages/airflow/example_dags/tutorial.py took 0.084 seconds
[2025-01-01T18:41:30.935+0000] {processor.py:186} INFO - Started process (PID=59108) to work on /home/airflow/.local/lib/python3.10/site-packages/airflow/example_dags/tutorial.py
[2025-01-01T18:41:30.936+0000] {processor.py:914} INFO - Processing file /home/airflow/.local/lib/python3.10/site-packages/airflow/example_dags/tutorial.py for tasks to queue
[2025-01-01T18:41:30.938+0000] {logging_mixin.py:190} INFO - [2025-01-01T18:41:30.937+0000] {dagbag.py:588} INFO - Filling up the DagBag from /home/airflow/.local/lib/python3.10/site-packages/airflow/example_dags/tutorial.py
[2025-01-01T18:41:30.947+0000] {processor.py:925} INFO - DAG(s) 'tutorial' retrieved from /home/airflow/.local/lib/python3.10/site-packages/airflow/example_dags/tutorial.py
[2025-01-01T18:41:30.969+0000] {logging_mixin.py:190} INFO - [2025-01-01T18:41:30.969+0000] {dag.py:3239} INFO - Sync 1 DAGs
[2025-01-01T18:41:30.994+0000] {logging_mixin.py:190} INFO - [2025-01-01T18:41:30.994+0000] {dag.py:4180} INFO - Setting next_dagrun for tutorial to 2024-12-31 00:00:00+00:00, run_after=2025-01-01 00:00:00+00:00
[2025-01-01T18:41:31.012+0000] {processor.py:208} INFO - Processing /home/airflow/.local/lib/python3.10/site-packages/airflow/example_dags/tutorial.py took 0.083 seconds
[2025-01-01T18:42:02.337+0000] {processor.py:186} INFO - Started process (PID=59176) to work on /home/airflow/.local/lib/python3.10/site-packages/airflow/example_dags/tutorial.py
[2025-01-01T18:42:02.338+0000] {processor.py:914} INFO - Processing file /home/airflow/.local/lib/python3.10/site-packages/airflow/example_dags/tutorial.py for tasks to queue
[2025-01-01T18:42:02.340+0000] {logging_mixin.py:190} INFO - [2025-01-01T18:42:02.340+0000] {dagbag.py:588} INFO - Filling up the DagBag from /home/airflow/.local/lib/python3.10/site-packages/airflow/example_dags/tutorial.py
[2025-01-01T18:42:02.348+0000] {processor.py:925} INFO - DAG(s) 'tutorial' retrieved from /home/airflow/.local/lib/python3.10/site-packages/airflow/example_dags/tutorial.py
[2025-01-01T18:42:02.367+0000] {logging_mixin.py:190} INFO - [2025-01-01T18:42:02.367+0000] {dag.py:3239} INFO - Sync 1 DAGs
[2025-01-01T18:42:02.389+0000] {logging_mixin.py:190} INFO - [2025-01-01T18:42:02.388+0000] {dag.py:4180} INFO - Setting next_dagrun for tutorial to 2024-12-31 00:00:00+00:00, run_after=2025-01-01 00:00:00+00:00
[2025-01-01T18:42:02.404+0000] {processor.py:208} INFO - Processing /home/airflow/.local/lib/python3.10/site-packages/airflow/example_dags/tutorial.py took 0.074 seconds
[2025-01-01T18:42:33.198+0000] {processor.py:186} INFO - Started process (PID=59244) to work on /home/airflow/.local/lib/python3.10/site-packages/airflow/example_dags/tutorial.py
[2025-01-01T18:42:33.200+0000] {processor.py:914} INFO - Processing file /home/airflow/.local/lib/python3.10/site-packages/airflow/example_dags/tutorial.py for tasks to queue
[2025-01-01T18:42:33.202+0000] {logging_mixin.py:190} INFO - [2025-01-01T18:42:33.202+0000] {dagbag.py:588} INFO - Filling up the DagBag from /home/airflow/.local/lib/python3.10/site-packages/airflow/example_dags/tutorial.py
[2025-01-01T18:42:33.211+0000] {processor.py:925} INFO - DAG(s) 'tutorial' retrieved from /home/airflow/.local/lib/python3.10/site-packages/airflow/example_dags/tutorial.py
[2025-01-01T18:42:33.230+0000] {logging_mixin.py:190} INFO - [2025-01-01T18:42:33.230+0000] {dag.py:3239} INFO - Sync 1 DAGs
[2025-01-01T18:42:33.253+0000] {logging_mixin.py:190} INFO - [2025-01-01T18:42:33.252+0000] {dag.py:4180} INFO - Setting next_dagrun for tutorial to 2024-12-31 00:00:00+00:00, run_after=2025-01-01 00:00:00+00:00
[2025-01-01T18:42:33.269+0000] {processor.py:208} INFO - Processing /home/airflow/.local/lib/python3.10/site-packages/airflow/example_dags/tutorial.py took 0.076 seconds
[2025-01-01T18:43:03.904+0000] {processor.py:186} INFO - Started process (PID=59312) to work on /home/airflow/.local/lib/python3.10/site-packages/airflow/example_dags/tutorial.py
[2025-01-01T18:43:03.905+0000] {processor.py:914} INFO - Processing file /home/airflow/.local/lib/python3.10/site-packages/airflow/example_dags/tutorial.py for tasks to queue
[2025-01-01T18:43:03.907+0000] {logging_mixin.py:190} INFO - [2025-01-01T18:43:03.907+0000] {dagbag.py:588} INFO - Filling up the DagBag from /home/airflow/.local/lib/python3.10/site-packages/airflow/example_dags/tutorial.py
[2025-01-01T18:43:03.915+0000] {processor.py:925} INFO - DAG(s) 'tutorial' retrieved from /home/airflow/.local/lib/python3.10/site-packages/airflow/example_dags/tutorial.py
[2025-01-01T18:43:03.934+0000] {logging_mixin.py:190} INFO - [2025-01-01T18:43:03.934+0000] {dag.py:3239} INFO - Sync 1 DAGs
[2025-01-01T18:43:03.955+0000] {logging_mixin.py:190} INFO - [2025-01-01T18:43:03.955+0000] {dag.py:4180} INFO - Setting next_dagrun for tutorial to 2024-12-31 00:00:00+00:00, run_after=2025-01-01 00:00:00+00:00
[2025-01-01T18:43:03.971+0000] {processor.py:208} INFO - Processing /home/airflow/.local/lib/python3.10/site-packages/airflow/example_dags/tutorial.py took 0.073 seconds
[2025-01-01T18:43:34.401+0000] {processor.py:186} INFO - Started process (PID=59379) to work on /home/airflow/.local/lib/python3.10/site-packages/airflow/example_dags/tutorial.py
[2025-01-01T18:43:34.402+0000] {processor.py:914} INFO - Processing file /home/airflow/.local/lib/python3.10/site-packages/airflow/example_dags/tutorial.py for tasks to queue
[2025-01-01T18:43:34.403+0000] {logging_mixin.py:190} INFO - [2025-01-01T18:43:34.403+0000] {dagbag.py:588} INFO - Filling up the DagBag from /home/airflow/.local/lib/python3.10/site-packages/airflow/example_dags/tutorial.py
[2025-01-01T18:43:34.412+0000] {processor.py:925} INFO - DAG(s) 'tutorial' retrieved from /home/airflow/.local/lib/python3.10/site-packages/airflow/example_dags/tutorial.py
[2025-01-01T18:43:34.431+0000] {logging_mixin.py:190} INFO - [2025-01-01T18:43:34.430+0000] {dag.py:3239} INFO - Sync 1 DAGs
[2025-01-01T18:43:34.451+0000] {logging_mixin.py:190} INFO - [2025-01-01T18:43:34.451+0000] {dag.py:4180} INFO - Setting next_dagrun for tutorial to 2024-12-31 00:00:00+00:00, run_after=2025-01-01 00:00:00+00:00
[2025-01-01T18:43:34.467+0000] {processor.py:208} INFO - Processing /home/airflow/.local/lib/python3.10/site-packages/airflow/example_dags/tutorial.py took 0.073 seconds
[2025-01-01T18:44:05.262+0000] {processor.py:186} INFO - Started process (PID=59447) to work on /home/airflow/.local/lib/python3.10/site-packages/airflow/example_dags/tutorial.py
[2025-01-01T18:44:05.264+0000] {processor.py:914} INFO - Processing file /home/airflow/.local/lib/python3.10/site-packages/airflow/example_dags/tutorial.py for tasks to queue
[2025-01-01T18:44:05.266+0000] {logging_mixin.py:190} INFO - [2025-01-01T18:44:05.265+0000] {dagbag.py:588} INFO - Filling up the DagBag from /home/airflow/.local/lib/python3.10/site-packages/airflow/example_dags/tutorial.py
[2025-01-01T18:44:05.274+0000] {processor.py:925} INFO - DAG(s) 'tutorial' retrieved from /home/airflow/.local/lib/python3.10/site-packages/airflow/example_dags/tutorial.py
[2025-01-01T18:44:05.292+0000] {logging_mixin.py:190} INFO - [2025-01-01T18:44:05.292+0000] {dag.py:3239} INFO - Sync 1 DAGs
[2025-01-01T18:44:05.311+0000] {logging_mixin.py:190} INFO - [2025-01-01T18:44:05.311+0000] {dag.py:4180} INFO - Setting next_dagrun for tutorial to 2024-12-31 00:00:00+00:00, run_after=2025-01-01 00:00:00+00:00
[2025-01-01T18:44:05.327+0000] {processor.py:208} INFO - Processing /home/airflow/.local/lib/python3.10/site-packages/airflow/example_dags/tutorial.py took 0.071 seconds
[2025-01-01T18:44:35.395+0000] {processor.py:186} INFO - Started process (PID=59514) to work on /home/airflow/.local/lib/python3.10/site-packages/airflow/example_dags/tutorial.py
[2025-01-01T18:44:35.396+0000] {processor.py:914} INFO - Processing file /home/airflow/.local/lib/python3.10/site-packages/airflow/example_dags/tutorial.py for tasks to queue
[2025-01-01T18:44:35.398+0000] {logging_mixin.py:190} INFO - [2025-01-01T18:44:35.398+0000] {dagbag.py:588} INFO - Filling up the DagBag from /home/airflow/.local/lib/python3.10/site-packages/airflow/example_dags/tutorial.py
[2025-01-01T18:44:35.406+0000] {processor.py:925} INFO - DAG(s) 'tutorial' retrieved from /home/airflow/.local/lib/python3.10/site-packages/airflow/example_dags/tutorial.py
[2025-01-01T18:44:35.426+0000] {logging_mixin.py:190} INFO - [2025-01-01T18:44:35.425+0000] {dag.py:3239} INFO - Sync 1 DAGs
[2025-01-01T18:44:35.447+0000] {logging_mixin.py:190} INFO - [2025-01-01T18:44:35.447+0000] {dag.py:4180} INFO - Setting next_dagrun for tutorial to 2024-12-31 00:00:00+00:00, run_after=2025-01-01 00:00:00+00:00
[2025-01-01T18:44:35.465+0000] {processor.py:208} INFO - Processing /home/airflow/.local/lib/python3.10/site-packages/airflow/example_dags/tutorial.py took 0.076 seconds
[2025-01-01T18:45:05.618+0000] {processor.py:186} INFO - Started process (PID=59582) to work on /home/airflow/.local/lib/python3.10/site-packages/airflow/example_dags/tutorial.py
[2025-01-01T18:45:05.619+0000] {processor.py:914} INFO - Processing file /home/airflow/.local/lib/python3.10/site-packages/airflow/example_dags/tutorial.py for tasks to queue
[2025-01-01T18:45:05.621+0000] {logging_mixin.py:190} INFO - [2025-01-01T18:45:05.621+0000] {dagbag.py:588} INFO - Filling up the DagBag from /home/airflow/.local/lib/python3.10/site-packages/airflow/example_dags/tutorial.py
[2025-01-01T18:45:05.630+0000] {processor.py:925} INFO - DAG(s) 'tutorial' retrieved from /home/airflow/.local/lib/python3.10/site-packages/airflow/example_dags/tutorial.py
[2025-01-01T18:45:05.648+0000] {logging_mixin.py:190} INFO - [2025-01-01T18:45:05.648+0000] {dag.py:3239} INFO - Sync 1 DAGs
[2025-01-01T18:45:05.670+0000] {logging_mixin.py:190} INFO - [2025-01-01T18:45:05.669+0000] {dag.py:4180} INFO - Setting next_dagrun for tutorial to 2024-12-31 00:00:00+00:00, run_after=2025-01-01 00:00:00+00:00
[2025-01-01T18:45:05.686+0000] {processor.py:208} INFO - Processing /home/airflow/.local/lib/python3.10/site-packages/airflow/example_dags/tutorial.py took 0.074 seconds
[2025-01-01T18:45:36.326+0000] {processor.py:186} INFO - Started process (PID=59650) to work on /home/airflow/.local/lib/python3.10/site-packages/airflow/example_dags/tutorial.py
[2025-01-01T18:45:36.327+0000] {processor.py:914} INFO - Processing file /home/airflow/.local/lib/python3.10/site-packages/airflow/example_dags/tutorial.py for tasks to queue
[2025-01-01T18:45:36.329+0000] {logging_mixin.py:190} INFO - [2025-01-01T18:45:36.329+0000] {dagbag.py:588} INFO - Filling up the DagBag from /home/airflow/.local/lib/python3.10/site-packages/airflow/example_dags/tutorial.py
[2025-01-01T18:45:36.343+0000] {processor.py:925} INFO - DAG(s) 'tutorial' retrieved from /home/airflow/.local/lib/python3.10/site-packages/airflow/example_dags/tutorial.py
[2025-01-01T18:45:36.371+0000] {logging_mixin.py:190} INFO - [2025-01-01T18:45:36.371+0000] {dag.py:3239} INFO - Sync 1 DAGs
[2025-01-01T18:45:36.399+0000] {logging_mixin.py:190} INFO - [2025-01-01T18:45:36.398+0000] {dag.py:4180} INFO - Setting next_dagrun for tutorial to 2024-12-31 00:00:00+00:00, run_after=2025-01-01 00:00:00+00:00
[2025-01-01T18:45:36.419+0000] {processor.py:208} INFO - Processing /home/airflow/.local/lib/python3.10/site-packages/airflow/example_dags/tutorial.py took 0.099 seconds
[2025-01-01T18:46:06.962+0000] {processor.py:186} INFO - Started process (PID=59718) to work on /home/airflow/.local/lib/python3.10/site-packages/airflow/example_dags/tutorial.py
[2025-01-01T18:46:06.963+0000] {processor.py:914} INFO - Processing file /home/airflow/.local/lib/python3.10/site-packages/airflow/example_dags/tutorial.py for tasks to queue
[2025-01-01T18:46:06.965+0000] {logging_mixin.py:190} INFO - [2025-01-01T18:46:06.965+0000] {dagbag.py:588} INFO - Filling up the DagBag from /home/airflow/.local/lib/python3.10/site-packages/airflow/example_dags/tutorial.py
[2025-01-01T18:46:06.974+0000] {processor.py:925} INFO - DAG(s) 'tutorial' retrieved from /home/airflow/.local/lib/python3.10/site-packages/airflow/example_dags/tutorial.py
[2025-01-01T18:46:06.997+0000] {logging_mixin.py:190} INFO - [2025-01-01T18:46:06.996+0000] {dag.py:3239} INFO - Sync 1 DAGs
[2025-01-01T18:46:07.021+0000] {logging_mixin.py:190} INFO - [2025-01-01T18:46:07.021+0000] {dag.py:4180} INFO - Setting next_dagrun for tutorial to 2024-12-31 00:00:00+00:00, run_after=2025-01-01 00:00:00+00:00
[2025-01-01T18:46:07.046+0000] {processor.py:208} INFO - Processing /home/airflow/.local/lib/python3.10/site-packages/airflow/example_dags/tutorial.py took 0.091 seconds
[2025-01-01T18:46:37.535+0000] {processor.py:186} INFO - Started process (PID=59786) to work on /home/airflow/.local/lib/python3.10/site-packages/airflow/example_dags/tutorial.py
[2025-01-01T18:46:37.536+0000] {processor.py:914} INFO - Processing file /home/airflow/.local/lib/python3.10/site-packages/airflow/example_dags/tutorial.py for tasks to queue
[2025-01-01T18:46:37.537+0000] {logging_mixin.py:190} INFO - [2025-01-01T18:46:37.537+0000] {dagbag.py:588} INFO - Filling up the DagBag from /home/airflow/.local/lib/python3.10/site-packages/airflow/example_dags/tutorial.py
[2025-01-01T18:46:37.546+0000] {processor.py:925} INFO - DAG(s) 'tutorial' retrieved from /home/airflow/.local/lib/python3.10/site-packages/airflow/example_dags/tutorial.py
[2025-01-01T18:46:37.565+0000] {logging_mixin.py:190} INFO - [2025-01-01T18:46:37.564+0000] {dag.py:3239} INFO - Sync 1 DAGs
[2025-01-01T18:46:37.584+0000] {logging_mixin.py:190} INFO - [2025-01-01T18:46:37.584+0000] {dag.py:4180} INFO - Setting next_dagrun for tutorial to 2024-12-31 00:00:00+00:00, run_after=2025-01-01 00:00:00+00:00
[2025-01-01T18:46:37.600+0000] {processor.py:208} INFO - Processing /home/airflow/.local/lib/python3.10/site-packages/airflow/example_dags/tutorial.py took 0.071 seconds
[2025-01-01T18:47:08.467+0000] {processor.py:186} INFO - Started process (PID=59854) to work on /home/airflow/.local/lib/python3.10/site-packages/airflow/example_dags/tutorial.py
[2025-01-01T18:47:08.468+0000] {processor.py:914} INFO - Processing file /home/airflow/.local/lib/python3.10/site-packages/airflow/example_dags/tutorial.py for tasks to queue
[2025-01-01T18:47:08.469+0000] {logging_mixin.py:190} INFO - [2025-01-01T18:47:08.469+0000] {dagbag.py:588} INFO - Filling up the DagBag from /home/airflow/.local/lib/python3.10/site-packages/airflow/example_dags/tutorial.py
[2025-01-01T18:47:08.479+0000] {processor.py:925} INFO - DAG(s) 'tutorial' retrieved from /home/airflow/.local/lib/python3.10/site-packages/airflow/example_dags/tutorial.py
[2025-01-01T18:47:08.497+0000] {logging_mixin.py:190} INFO - [2025-01-01T18:47:08.497+0000] {dag.py:3239} INFO - Sync 1 DAGs
[2025-01-01T18:47:08.517+0000] {logging_mixin.py:190} INFO - [2025-01-01T18:47:08.517+0000] {dag.py:4180} INFO - Setting next_dagrun for tutorial to 2024-12-31 00:00:00+00:00, run_after=2025-01-01 00:00:00+00:00
[2025-01-01T18:47:08.535+0000] {processor.py:208} INFO - Processing /home/airflow/.local/lib/python3.10/site-packages/airflow/example_dags/tutorial.py took 0.074 seconds
