[2024-12-29T15:36:02.218+0000] {local_task_job_runner.py:123} INFO - ::group::Pre task execution logs
[2024-12-29T15:36:02.239+0000] {taskinstance.py:2613} INFO - Dependencies all met for dep_context=non-requeueable deps ti=<TaskInstance: stock_price_monitor_v1.check_stock_price scheduled__2024-12-29T15:34:00+00:00 [queued]>
[2024-12-29T15:36:02.252+0000] {taskinstance.py:2613} INFO - Dependencies all met for dep_context=requeueable deps ti=<TaskInstance: stock_price_monitor_v1.check_stock_price scheduled__2024-12-29T15:34:00+00:00 [queued]>
[2024-12-29T15:36:02.255+0000] {taskinstance.py:2866} INFO - Starting attempt 1 of 2
[2024-12-29T15:36:02.276+0000] {taskinstance.py:2889} INFO - Executing <Task(PythonOperator): check_stock_price> on 2024-12-29 15:34:00+00:00
[2024-12-29T15:36:02.284+0000] {standard_task_runner.py:72} INFO - Started process 42844 to run task
[2024-12-29T15:36:02.288+0000] {standard_task_runner.py:104} INFO - Running: ['***', 'tasks', 'run', 'stock_price_monitor_v1', 'check_stock_price', 'scheduled__2024-12-29T15:34:00+00:00', '--job-id', '1176', '--raw', '--subdir', 'DAGS_FOLDER/email_generation.py', '--cfg-path', '/tmp/tmpzi8b7ejw']
[2024-12-29T15:36:02.292+0000] {standard_task_runner.py:105} INFO - Job 1176: Subtask check_stock_price
[2024-12-29T15:36:02.354+0000] {task_command.py:467} INFO - Running <TaskInstance: stock_price_monitor_v1.check_stock_price scheduled__2024-12-29T15:34:00+00:00 [running]> on host 95d98a98d27d
[2024-12-29T15:36:02.450+0000] {taskinstance.py:3132} INFO - Exporting env vars: AIRFLOW_CTX_DAG_OWNER='haziq' AIRFLOW_CTX_DAG_ID='stock_price_monitor_v1' AIRFLOW_CTX_TASK_ID='check_stock_price' AIRFLOW_CTX_EXECUTION_DATE='2024-12-29T15:34:00+00:00' AIRFLOW_CTX_TRY_NUMBER='1' AIRFLOW_CTX_DAG_RUN_ID='scheduled__2024-12-29T15:34:00+00:00'
[2024-12-29T15:36:02.453+0000] {logging_mixin.py:190} INFO - Task instance is in running state
[2024-12-29T15:36:02.455+0000] {logging_mixin.py:190} INFO -  Previous state of the Task instance: queued
[2024-12-29T15:36:02.457+0000] {logging_mixin.py:190} INFO - Current task name:check_stock_price state:running start_date:2024-12-29 15:36:02.242302+00:00
[2024-12-29T15:36:02.458+0000] {logging_mixin.py:190} INFO - Dag name:stock_price_monitor_v1 and current dag run status:running
[2024-12-29T15:36:02.460+0000] {taskinstance.py:731} INFO - ::endgroup::
[2024-12-29T15:36:02.475+0000] {base.py:84} INFO - Retrieving connection 'postgres_default'
[2024-12-29T15:36:02.483+0000] {sql.py:544} INFO - Running statement: select 1, parameters: None
[2024-12-29T15:36:02.487+0000] {sql.py:553} INFO - Rows affected: 1
[2024-12-29T15:36:02.490+0000] {logging_mixin.py:190} INFO - Connection successful
[2024-12-29T15:36:02.492+0000] {logging_mixin.py:190} INFO - Checking stock price...
[2024-12-29T15:36:02.500+0000] {sql.py:544} INFO - Running statement: 
        SELECT ticker, "Current Price" as current_price 
        FROM public.live_stock 
        LIMIT 1;
    , parameters: None
[2024-12-29T15:36:02.516+0000] {sql.py:553} INFO - Rows affected: 1
[2024-12-29T15:36:02.519+0000] {logging_mixin.py:190} INFO - Records: [('AAPL', '$255.59')]
[2024-12-29T15:36:02.521+0000] {logging_mixin.py:190} INFO - Ticker: AAPL, Price: 255.59
[2024-12-29T15:36:02.585+0000] {logging_mixin.py:190} INFO - Normal: AAPL price $255.59 is above threshold $200
[2024-12-29T15:36:02.588+0000] {python.py:240} INFO - Done. Returned value was: None
[2024-12-29T15:36:02.607+0000] {taskinstance.py:340} INFO - ::group::Post task execution logs
[2024-12-29T15:36:02.610+0000] {taskinstance.py:352} INFO - Marking task as SUCCESS. dag_id=stock_price_monitor_v1, task_id=check_stock_price, run_id=scheduled__2024-12-29T15:34:00+00:00, execution_date=20241229T153400, start_date=20241229T153602, end_date=20241229T153602
[2024-12-29T15:36:02.629+0000] {logging_mixin.py:190} INFO - Task instance in success state
[2024-12-29T15:36:02.632+0000] {logging_mixin.py:190} INFO -  Previous state of the Task instance: running
[2024-12-29T15:36:02.635+0000] {logging_mixin.py:190} INFO - Dag name:stock_price_monitor_v1 queued_at:2024-12-29 15:36:00.019997+00:00
[2024-12-29T15:36:02.638+0000] {logging_mixin.py:190} INFO - Task hostname:95d98a98d27d operator:PythonOperator
[2024-12-29T15:36:02.668+0000] {local_task_job_runner.py:266} INFO - Task exited with return code 0
[2024-12-29T15:36:02.719+0000] {taskinstance.py:3895} INFO - 1 downstream tasks scheduled from follow-on schedule check
[2024-12-29T15:36:02.725+0000] {local_task_job_runner.py:245} INFO - ::endgroup::
