[2024-12-29T15:06:15.783+0000] {local_task_job_runner.py:123} INFO - ::group::Pre task execution logs
[2024-12-29T15:06:15.798+0000] {taskinstance.py:2613} INFO - Dependencies all met for dep_context=non-requeueable deps ti=<TaskInstance: L30d_pipeline.push_success_string manual__2024-12-29T15:06:07.024501+00:00 [queued]>
[2024-12-29T15:06:15.806+0000] {taskinstance.py:2613} INFO - Dependencies all met for dep_context=requeueable deps ti=<TaskInstance: L30d_pipeline.push_success_string manual__2024-12-29T15:06:07.024501+00:00 [queued]>
[2024-12-29T15:06:15.807+0000] {taskinstance.py:2866} INFO - Starting attempt 1 of 2
[2024-12-29T15:06:15.818+0000] {taskinstance.py:2889} INFO - Executing <Task(PythonOperator): push_success_string> on 2024-12-29 15:06:07.024501+00:00
[2024-12-29T15:06:15.825+0000] {standard_task_runner.py:72} INFO - Started process 38966 to run task
[2024-12-29T15:06:15.828+0000] {standard_task_runner.py:104} INFO - Running: ['***', 'tasks', 'run', 'L30d_pipeline', 'push_success_string', 'manual__2024-12-29T15:06:07.024501+00:00', '--job-id', '1141', '--raw', '--subdir', 'DAGS_FOLDER/L30_ingestion.py', '--cfg-path', '/tmp/tmpvtlwq_c8']
[2024-12-29T15:06:15.830+0000] {standard_task_runner.py:105} INFO - Job 1141: Subtask push_success_string
[2024-12-29T15:06:15.873+0000] {task_command.py:467} INFO - Running <TaskInstance: L30d_pipeline.push_success_string manual__2024-12-29T15:06:07.024501+00:00 [running]> on host 95d98a98d27d
[2024-12-29T15:06:15.944+0000] {taskinstance.py:3132} INFO - Exporting env vars: AIRFLOW_CTX_DAG_OWNER='haziq' AIRFLOW_CTX_DAG_ID='L30d_pipeline' AIRFLOW_CTX_TASK_ID='push_success_string' AIRFLOW_CTX_EXECUTION_DATE='2024-12-29T15:06:07.024501+00:00' AIRFLOW_CTX_TRY_NUMBER='1' AIRFLOW_CTX_DAG_RUN_ID='manual__2024-12-29T15:06:07.024501+00:00'
[2024-12-29T15:06:15.946+0000] {logging_mixin.py:190} INFO - Task instance is in running state
[2024-12-29T15:06:15.947+0000] {logging_mixin.py:190} INFO -  Previous state of the Task instance: queued
[2024-12-29T15:06:15.948+0000] {logging_mixin.py:190} INFO - Current task name:push_success_string state:running start_date:2024-12-29 15:06:15.799438+00:00
[2024-12-29T15:06:15.948+0000] {logging_mixin.py:190} INFO - Dag name:L30d_pipeline and current dag run status:running
[2024-12-29T15:06:15.949+0000] {taskinstance.py:731} INFO - ::endgroup::
[2024-12-29T15:06:15.961+0000] {python.py:240} INFO - Done. Returned value was: None
[2024-12-29T15:06:15.969+0000] {taskinstance.py:340} INFO - ::group::Post task execution logs
[2024-12-29T15:06:15.970+0000] {taskinstance.py:352} INFO - Marking task as SUCCESS. dag_id=L30d_pipeline, task_id=push_success_string, run_id=manual__2024-12-29T15:06:07.024501+00:00, execution_date=20241229T150607, start_date=20241229T150615, end_date=20241229T150615
[2024-12-29T15:06:15.979+0000] {logging_mixin.py:190} INFO - Task instance in success state
[2024-12-29T15:06:15.980+0000] {logging_mixin.py:190} INFO -  Previous state of the Task instance: running
[2024-12-29T15:06:15.981+0000] {logging_mixin.py:190} INFO - Dag name:L30d_pipeline queued_at:2024-12-29 15:06:07.035029+00:00
[2024-12-29T15:06:15.982+0000] {logging_mixin.py:190} INFO - Task hostname:95d98a98d27d operator:PythonOperator
[2024-12-29T15:06:16.002+0000] {local_task_job_runner.py:266} INFO - Task exited with return code 0
[2024-12-29T15:06:16.017+0000] {taskinstance.py:3895} INFO - 0 downstream tasks scheduled from follow-on schedule check
[2024-12-29T15:06:16.019+0000] {local_task_job_runner.py:245} INFO - ::endgroup::
