[2024-12-30T20:18:07.297+0000] {local_task_job_runner.py:123} INFO - ::group::Pre task execution logs
[2024-12-30T20:18:07.321+0000] {taskinstance.py:2613} INFO - Dependencies all met for dep_context=non-requeueable deps ti=<TaskInstance: stock_price_monitor_v1.check_if_email_needed scheduled__2024-12-30T20:16:00+00:00 [queued]>
[2024-12-30T20:18:07.337+0000] {taskinstance.py:2613} INFO - Dependencies all met for dep_context=requeueable deps ti=<TaskInstance: stock_price_monitor_v1.check_if_email_needed scheduled__2024-12-30T20:16:00+00:00 [queued]>
[2024-12-30T20:18:07.339+0000] {taskinstance.py:2866} INFO - Starting attempt 1 of 2
[2024-12-30T20:18:07.362+0000] {taskinstance.py:2889} INFO - Executing <Task(ShortCircuitOperator): check_if_email_needed> on 2024-12-30 20:16:00+00:00
[2024-12-30T20:18:07.371+0000] {standard_task_runner.py:72} INFO - Started process 99991 to run task
[2024-12-30T20:18:07.377+0000] {standard_task_runner.py:104} INFO - Running: ['***', 'tasks', 'run', 'stock_price_monitor_v1', 'check_if_email_needed', 'scheduled__2024-12-30T20:16:00+00:00', '--job-id', '1374', '--raw', '--subdir', 'DAGS_FOLDER/email_generation.py', '--cfg-path', '/tmp/tmpophf3zbe']
[2024-12-30T20:18:07.379+0000] {standard_task_runner.py:105} INFO - Job 1374: Subtask check_if_email_needed
[2024-12-30T20:18:07.453+0000] {task_command.py:467} INFO - Running <TaskInstance: stock_price_monitor_v1.check_if_email_needed scheduled__2024-12-30T20:16:00+00:00 [running]> on host 95d98a98d27d
[2024-12-30T20:18:07.564+0000] {taskinstance.py:3132} INFO - Exporting env vars: AIRFLOW_CTX_DAG_OWNER='haziq' AIRFLOW_CTX_DAG_ID='stock_price_monitor_v1' AIRFLOW_CTX_TASK_ID='check_if_email_needed' AIRFLOW_CTX_EXECUTION_DATE='2024-12-30T20:16:00+00:00' AIRFLOW_CTX_TRY_NUMBER='1' AIRFLOW_CTX_DAG_RUN_ID='scheduled__2024-12-30T20:16:00+00:00'
[2024-12-30T20:18:07.567+0000] {logging_mixin.py:190} INFO - Task instance is in running state
[2024-12-30T20:18:07.569+0000] {logging_mixin.py:190} INFO -  Previous state of the Task instance: queued
[2024-12-30T20:18:07.570+0000] {logging_mixin.py:190} INFO - Current task name:check_if_email_needed state:running start_date:2024-12-30 20:18:07.323629+00:00
[2024-12-30T20:18:07.572+0000] {logging_mixin.py:190} INFO - Dag name:stock_price_monitor_v1 and current dag run status:running
[2024-12-30T20:18:07.573+0000] {taskinstance.py:731} INFO - ::endgroup::
[2024-12-30T20:18:07.575+0000] {baseoperator.py:416} WARNING - ShortCircuitOperator.execute cannot be called outside TaskInstance!
[2024-12-30T20:18:07.591+0000] {python.py:240} INFO - Done. Returned value was: False
[2024-12-30T20:18:07.596+0000] {python.py:309} INFO - Condition result is False
[2024-12-30T20:18:07.598+0000] {python.py:336} INFO - Skipping downstream tasks
[2024-12-30T20:18:07.626+0000] {python.py:344} INFO - Done.
[2024-12-30T20:18:07.649+0000] {taskinstance.py:340} INFO - ::group::Post task execution logs
[2024-12-30T20:18:07.650+0000] {taskinstance.py:352} INFO - Marking task as SUCCESS. dag_id=stock_price_monitor_v1, task_id=check_if_email_needed, run_id=scheduled__2024-12-30T20:16:00+00:00, execution_date=20241230T201600, start_date=20241230T201807, end_date=20241230T201807
[2024-12-30T20:18:07.663+0000] {logging_mixin.py:190} INFO - Task instance in success state
[2024-12-30T20:18:07.665+0000] {logging_mixin.py:190} INFO -  Previous state of the Task instance: running
[2024-12-30T20:18:07.667+0000] {logging_mixin.py:190} INFO - Dag name:stock_price_monitor_v1 queued_at:2024-12-30 20:18:00.387392+00:00
[2024-12-30T20:18:07.669+0000] {logging_mixin.py:190} INFO - Task hostname:95d98a98d27d operator:ShortCircuitOperator
[2024-12-30T20:18:07.711+0000] {local_task_job_runner.py:266} INFO - Task exited with return code 0
[2024-12-30T20:18:07.724+0000] {local_task_job_runner.py:245} INFO - ::endgroup::
