[2025-01-02T17:06:02.462+0000] {local_task_job_runner.py:123} INFO - ::group::Pre task execution logs
[2025-01-02T17:06:02.485+0000] {taskinstance.py:2613} INFO - Dependencies all met for dep_context=non-requeueable deps ti=<TaskInstance: stock_price_monitor_v1.check_stock_price scheduled__2025-01-02T17:04:00+00:00 [queued]>
[2025-01-02T17:06:02.497+0000] {taskinstance.py:2613} INFO - Dependencies all met for dep_context=requeueable deps ti=<TaskInstance: stock_price_monitor_v1.check_stock_price scheduled__2025-01-02T17:04:00+00:00 [queued]>
[2025-01-02T17:06:02.501+0000] {taskinstance.py:2866} INFO - Starting attempt 1 of 2
[2025-01-02T17:06:02.524+0000] {taskinstance.py:2889} INFO - Executing <Task(PythonOperator): check_stock_price> on 2025-01-02 17:04:00+00:00
[2025-01-02T17:06:02.534+0000] {standard_task_runner.py:72} INFO - Started process 1229 to run task
[2025-01-02T17:06:02.541+0000] {standard_task_runner.py:104} INFO - Running: ['***', 'tasks', 'run', 'stock_price_monitor_v1', 'check_stock_price', 'scheduled__2025-01-02T17:04:00+00:00', '--job-id', '1902', '--raw', '--subdir', 'DAGS_FOLDER/email_generation.py', '--cfg-path', '/tmp/tmpdkrtfrvw']
[2025-01-02T17:06:02.545+0000] {standard_task_runner.py:105} INFO - Job 1902: Subtask check_stock_price
[2025-01-02T17:06:02.629+0000] {task_command.py:467} INFO - Running <TaskInstance: stock_price_monitor_v1.check_stock_price scheduled__2025-01-02T17:04:00+00:00 [running]> on host 95d98a98d27d
[2025-01-02T17:06:02.747+0000] {taskinstance.py:3132} INFO - Exporting env vars: AIRFLOW_CTX_DAG_OWNER='haziq' AIRFLOW_CTX_DAG_ID='stock_price_monitor_v1' AIRFLOW_CTX_TASK_ID='check_stock_price' AIRFLOW_CTX_EXECUTION_DATE='2025-01-02T17:04:00+00:00' AIRFLOW_CTX_TRY_NUMBER='1' AIRFLOW_CTX_DAG_RUN_ID='scheduled__2025-01-02T17:04:00+00:00'
[2025-01-02T17:06:02.750+0000] {logging_mixin.py:190} INFO - Task instance is in running state
[2025-01-02T17:06:02.751+0000] {logging_mixin.py:190} INFO -  Previous state of the Task instance: queued
[2025-01-02T17:06:02.753+0000] {logging_mixin.py:190} INFO - Current task name:check_stock_price state:running start_date:2025-01-02 17:06:02.488062+00:00
[2025-01-02T17:06:02.754+0000] {logging_mixin.py:190} INFO - Dag name:stock_price_monitor_v1 and current dag run status:running
[2025-01-02T17:06:02.756+0000] {taskinstance.py:731} INFO - ::endgroup::
[2025-01-02T17:06:02.769+0000] {base.py:84} INFO - Retrieving connection 'postgres_default'
[2025-01-02T17:06:02.775+0000] {sql.py:544} INFO - Running statement: select 1, parameters: None
[2025-01-02T17:06:02.777+0000] {sql.py:553} INFO - Rows affected: 1
[2025-01-02T17:06:02.779+0000] {logging_mixin.py:190} INFO - Connection successful
[2025-01-02T17:06:02.781+0000] {logging_mixin.py:190} INFO - Checking stock price...
[2025-01-02T17:06:02.786+0000] {sql.py:544} INFO - Running statement: 
        SELECT ticker, "Current Price" as current_price 
        FROM public.live_stock 
        LIMIT 1;
    , parameters: None
[2025-01-02T17:06:02.925+0000] {sql.py:553} INFO - Rows affected: 1
[2025-01-02T17:06:02.928+0000] {logging_mixin.py:190} INFO - Records: [('AAPL', '$250.42')]
[2025-01-02T17:06:02.930+0000] {logging_mixin.py:190} INFO - Ticker: AAPL, Price: 250.42
[2025-01-02T17:06:02.989+0000] {logging_mixin.py:190} INFO - Normal: AAPL price $250.42 is above threshold $200
[2025-01-02T17:06:02.992+0000] {python.py:240} INFO - Done. Returned value was: None
[2025-01-02T17:06:03.008+0000] {taskinstance.py:340} INFO - ::group::Post task execution logs
[2025-01-02T17:06:03.011+0000] {taskinstance.py:352} INFO - Marking task as SUCCESS. dag_id=stock_price_monitor_v1, task_id=check_stock_price, run_id=scheduled__2025-01-02T17:04:00+00:00, execution_date=20250102T170400, start_date=20250102T170602, end_date=20250102T170603
[2025-01-02T17:06:03.026+0000] {logging_mixin.py:190} INFO - Task instance in success state
[2025-01-02T17:06:03.029+0000] {logging_mixin.py:190} INFO -  Previous state of the Task instance: running
[2025-01-02T17:06:03.031+0000] {logging_mixin.py:190} INFO - Dag name:stock_price_monitor_v1 queued_at:2025-01-02 17:06:00.188774+00:00
[2025-01-02T17:06:03.033+0000] {logging_mixin.py:190} INFO - Task hostname:95d98a98d27d operator:PythonOperator
[2025-01-02T17:06:03.078+0000] {local_task_job_runner.py:266} INFO - Task exited with return code 0
[2025-01-02T17:06:03.114+0000] {taskinstance.py:3895} INFO - 0 downstream tasks scheduled from follow-on schedule check
[2025-01-02T17:06:03.118+0000] {local_task_job_runner.py:245} INFO - ::endgroup::
