[2025-01-02T14:52:04.048+0000] {local_task_job_runner.py:123} INFO - ::group::Pre task execution logs
[2025-01-02T14:52:04.062+0000] {taskinstance.py:2613} INFO - Dependencies all met for dep_context=non-requeueable deps ti=<TaskInstance: stock_price_monitor_v1.check_if_email_needed scheduled__2025-01-02T14:50:00+00:00 [queued]>
[2025-01-02T14:52:04.070+0000] {taskinstance.py:2613} INFO - Dependencies all met for dep_context=requeueable deps ti=<TaskInstance: stock_price_monitor_v1.check_if_email_needed scheduled__2025-01-02T14:50:00+00:00 [queued]>
[2025-01-02T14:52:04.072+0000] {taskinstance.py:2866} INFO - Starting attempt 1 of 2
[2025-01-02T14:52:04.084+0000] {taskinstance.py:2889} INFO - Executing <Task(ShortCircuitOperator): check_if_email_needed> on 2025-01-02 14:50:00+00:00
[2025-01-02T14:52:04.091+0000] {standard_task_runner.py:72} INFO - Started process 98556 to run task
[2025-01-02T14:52:04.094+0000] {standard_task_runner.py:104} INFO - Running: ['***', 'tasks', 'run', 'stock_price_monitor_v1', 'check_if_email_needed', 'scheduled__2025-01-02T14:50:00+00:00', '--job-id', '1769', '--raw', '--subdir', 'DAGS_FOLDER/email_generation.py', '--cfg-path', '/tmp/tmpn5id5h3w']
[2025-01-02T14:52:04.096+0000] {standard_task_runner.py:105} INFO - Job 1769: Subtask check_if_email_needed
[2025-01-02T14:52:04.141+0000] {task_command.py:467} INFO - Running <TaskInstance: stock_price_monitor_v1.check_if_email_needed scheduled__2025-01-02T14:50:00+00:00 [running]> on host 95d98a98d27d
[2025-01-02T14:52:04.210+0000] {taskinstance.py:3132} INFO - Exporting env vars: AIRFLOW_CTX_DAG_OWNER='haziq' AIRFLOW_CTX_DAG_ID='stock_price_monitor_v1' AIRFLOW_CTX_TASK_ID='check_if_email_needed' AIRFLOW_CTX_EXECUTION_DATE='2025-01-02T14:50:00+00:00' AIRFLOW_CTX_TRY_NUMBER='1' AIRFLOW_CTX_DAG_RUN_ID='scheduled__2025-01-02T14:50:00+00:00'
[2025-01-02T14:52:04.212+0000] {logging_mixin.py:190} INFO - Task instance is in running state
[2025-01-02T14:52:04.213+0000] {logging_mixin.py:190} INFO -  Previous state of the Task instance: queued
[2025-01-02T14:52:04.214+0000] {logging_mixin.py:190} INFO - Current task name:check_if_email_needed state:running start_date:2025-01-02 14:52:04.063912+00:00
[2025-01-02T14:52:04.215+0000] {logging_mixin.py:190} INFO - Dag name:stock_price_monitor_v1 and current dag run status:running
[2025-01-02T14:52:04.216+0000] {taskinstance.py:731} INFO - ::endgroup::
[2025-01-02T14:52:04.216+0000] {baseoperator.py:416} WARNING - ShortCircuitOperator.execute cannot be called outside TaskInstance!
[2025-01-02T14:52:04.225+0000] {python.py:240} INFO - Done. Returned value was: False
[2025-01-02T14:52:04.227+0000] {python.py:309} INFO - Condition result is False
[2025-01-02T14:52:04.228+0000] {python.py:336} INFO - Skipping downstream tasks
[2025-01-02T14:52:04.249+0000] {python.py:344} INFO - Done.
[2025-01-02T14:52:04.266+0000] {taskinstance.py:340} INFO - ::group::Post task execution logs
[2025-01-02T14:52:04.268+0000] {taskinstance.py:352} INFO - Marking task as SUCCESS. dag_id=stock_price_monitor_v1, task_id=check_if_email_needed, run_id=scheduled__2025-01-02T14:50:00+00:00, execution_date=20250102T145000, start_date=20250102T145204, end_date=20250102T145204
[2025-01-02T14:52:04.276+0000] {logging_mixin.py:190} INFO - Task instance in success state
[2025-01-02T14:52:04.277+0000] {logging_mixin.py:190} INFO -  Previous state of the Task instance: running
[2025-01-02T14:52:04.278+0000] {logging_mixin.py:190} INFO - Dag name:stock_price_monitor_v1 queued_at:2025-01-02 14:52:00.470469+00:00
[2025-01-02T14:52:04.279+0000] {logging_mixin.py:190} INFO - Task hostname:95d98a98d27d operator:ShortCircuitOperator
[2025-01-02T14:52:04.309+0000] {local_task_job_runner.py:266} INFO - Task exited with return code 0
[2025-01-02T14:52:04.325+0000] {taskinstance.py:3895} INFO - 0 downstream tasks scheduled from follow-on schedule check
[2025-01-02T14:52:04.327+0000] {local_task_job_runner.py:245} INFO - ::endgroup::
