[2024-12-29T16:46:02.954+0000] {local_task_job_runner.py:123} INFO - ::group::Pre task execution logs
[2024-12-29T16:46:02.974+0000] {taskinstance.py:2613} INFO - Dependencies all met for dep_context=non-requeueable deps ti=<TaskInstance: stock_price_monitor_v1.check_stock_price scheduled__2024-12-29T16:44:00+00:00 [queued]>
[2024-12-29T16:46:02.985+0000] {taskinstance.py:2613} INFO - Dependencies all met for dep_context=requeueable deps ti=<TaskInstance: stock_price_monitor_v1.check_stock_price scheduled__2024-12-29T16:44:00+00:00 [queued]>
[2024-12-29T16:46:02.988+0000] {taskinstance.py:2866} INFO - Starting attempt 1 of 2
[2024-12-29T16:46:03.006+0000] {taskinstance.py:2889} INFO - Executing <Task(PythonOperator): check_stock_price> on 2024-12-29 16:44:00+00:00
[2024-12-29T16:46:03.015+0000] {standard_task_runner.py:72} INFO - Started process 44075 to run task
[2024-12-29T16:46:03.020+0000] {standard_task_runner.py:104} INFO - Running: ['***', 'tasks', 'run', 'stock_price_monitor_v1', 'check_stock_price', 'scheduled__2024-12-29T16:44:00+00:00', '--job-id', '1246', '--raw', '--subdir', 'DAGS_FOLDER/email_generation.py', '--cfg-path', '/tmp/tmpq8xvy4l7']
[2024-12-29T16:46:03.023+0000] {standard_task_runner.py:105} INFO - Job 1246: Subtask check_stock_price
[2024-12-29T16:46:03.079+0000] {task_command.py:467} INFO - Running <TaskInstance: stock_price_monitor_v1.check_stock_price scheduled__2024-12-29T16:44:00+00:00 [running]> on host 95d98a98d27d
[2024-12-29T16:46:03.188+0000] {taskinstance.py:3132} INFO - Exporting env vars: AIRFLOW_CTX_DAG_OWNER='haziq' AIRFLOW_CTX_DAG_ID='stock_price_monitor_v1' AIRFLOW_CTX_TASK_ID='check_stock_price' AIRFLOW_CTX_EXECUTION_DATE='2024-12-29T16:44:00+00:00' AIRFLOW_CTX_TRY_NUMBER='1' AIRFLOW_CTX_DAG_RUN_ID='scheduled__2024-12-29T16:44:00+00:00'
[2024-12-29T16:46:03.191+0000] {logging_mixin.py:190} INFO - Task instance is in running state
[2024-12-29T16:46:03.193+0000] {logging_mixin.py:190} INFO -  Previous state of the Task instance: queued
[2024-12-29T16:46:03.195+0000] {logging_mixin.py:190} INFO - Current task name:check_stock_price state:running start_date:2024-12-29 16:46:02.977285+00:00
[2024-12-29T16:46:03.197+0000] {logging_mixin.py:190} INFO - Dag name:stock_price_monitor_v1 and current dag run status:running
[2024-12-29T16:46:03.199+0000] {taskinstance.py:731} INFO - ::endgroup::
[2024-12-29T16:46:03.210+0000] {base.py:84} INFO - Retrieving connection 'postgres_default'
[2024-12-29T16:46:03.216+0000] {sql.py:544} INFO - Running statement: select 1, parameters: None
[2024-12-29T16:46:03.219+0000] {sql.py:553} INFO - Rows affected: 1
[2024-12-29T16:46:03.222+0000] {logging_mixin.py:190} INFO - Connection successful
[2024-12-29T16:46:03.225+0000] {logging_mixin.py:190} INFO - Checking stock price...
[2024-12-29T16:46:03.231+0000] {sql.py:544} INFO - Running statement: 
        SELECT ticker, "Current Price" as current_price 
        FROM public.live_stock 
        LIMIT 1;
    , parameters: None
[2024-12-29T16:46:03.240+0000] {sql.py:553} INFO - Rows affected: 1
[2024-12-29T16:46:03.242+0000] {logging_mixin.py:190} INFO - Records: [('AAPL', '$255.59')]
[2024-12-29T16:46:03.244+0000] {logging_mixin.py:190} INFO - Ticker: AAPL, Price: 255.59
[2024-12-29T16:46:03.283+0000] {logging_mixin.py:190} INFO - Normal: AAPL price $255.59 is above threshold $200
[2024-12-29T16:46:03.286+0000] {python.py:240} INFO - Done. Returned value was: None
[2024-12-29T16:46:03.297+0000] {taskinstance.py:340} INFO - ::group::Post task execution logs
[2024-12-29T16:46:03.299+0000] {taskinstance.py:352} INFO - Marking task as SUCCESS. dag_id=stock_price_monitor_v1, task_id=check_stock_price, run_id=scheduled__2024-12-29T16:44:00+00:00, execution_date=20241229T164400, start_date=20241229T164602, end_date=20241229T164603
[2024-12-29T16:46:03.310+0000] {logging_mixin.py:190} INFO - Task instance in success state
[2024-12-29T16:46:03.312+0000] {logging_mixin.py:190} INFO -  Previous state of the Task instance: running
[2024-12-29T16:46:03.314+0000] {logging_mixin.py:190} INFO - Dag name:stock_price_monitor_v1 queued_at:2024-12-29 16:46:00.733655+00:00
[2024-12-29T16:46:03.316+0000] {logging_mixin.py:190} INFO - Task hostname:95d98a98d27d operator:PythonOperator
[2024-12-29T16:46:03.356+0000] {local_task_job_runner.py:266} INFO - Task exited with return code 0
[2024-12-29T16:46:03.407+0000] {taskinstance.py:3895} INFO - 1 downstream tasks scheduled from follow-on schedule check
[2024-12-29T16:46:03.414+0000] {local_task_job_runner.py:245} INFO - ::endgroup::
