[2025-01-01T18:19:08.704+0000] {processor.py:186} INFO - Started process (PID=56152) to work on /home/airflow/.local/lib/python3.10/site-packages/airflow/example_dags/plugins/workday.py
[2025-01-01T18:19:08.707+0000] {processor.py:914} INFO - Processing file /home/airflow/.local/lib/python3.10/site-packages/airflow/example_dags/plugins/workday.py for tasks to queue
[2025-01-01T18:19:08.715+0000] {logging_mixin.py:190} INFO - [2025-01-01T18:19:08.713+0000] {dagbag.py:588} INFO - Filling up the DagBag from /home/airflow/.local/lib/python3.10/site-packages/airflow/example_dags/plugins/workday.py
[2025-01-01T18:19:08.751+0000] {processor.py:927} WARNING - No viable dags retrieved from /home/airflow/.local/lib/python3.10/site-packages/airflow/example_dags/plugins/workday.py
[2025-01-01T18:19:08.796+0000] {processor.py:208} INFO - Processing /home/airflow/.local/lib/python3.10/site-packages/airflow/example_dags/plugins/workday.py took 0.131 seconds
[2025-01-01T18:19:49.072+0000] {processor.py:186} INFO - Started process (PID=56231) to work on /home/airflow/.local/lib/python3.10/site-packages/airflow/example_dags/plugins/workday.py
[2025-01-01T18:19:49.073+0000] {processor.py:914} INFO - Processing file /home/airflow/.local/lib/python3.10/site-packages/airflow/example_dags/plugins/workday.py for tasks to queue
[2025-01-01T18:19:49.075+0000] {logging_mixin.py:190} INFO - [2025-01-01T18:19:49.075+0000] {dagbag.py:588} INFO - Filling up the DagBag from /home/airflow/.local/lib/python3.10/site-packages/airflow/example_dags/plugins/workday.py
[2025-01-01T18:19:49.078+0000] {processor.py:927} WARNING - No viable dags retrieved from /home/airflow/.local/lib/python3.10/site-packages/airflow/example_dags/plugins/workday.py
[2025-01-01T18:19:49.094+0000] {processor.py:208} INFO - Processing /home/airflow/.local/lib/python3.10/site-packages/airflow/example_dags/plugins/workday.py took 0.031 seconds
[2025-01-01T18:20:20.005+0000] {processor.py:186} INFO - Started process (PID=56300) to work on /home/airflow/.local/lib/python3.10/site-packages/airflow/example_dags/plugins/workday.py
[2025-01-01T18:20:20.006+0000] {processor.py:914} INFO - Processing file /home/airflow/.local/lib/python3.10/site-packages/airflow/example_dags/plugins/workday.py for tasks to queue
[2025-01-01T18:20:20.008+0000] {logging_mixin.py:190} INFO - [2025-01-01T18:20:20.007+0000] {dagbag.py:588} INFO - Filling up the DagBag from /home/airflow/.local/lib/python3.10/site-packages/airflow/example_dags/plugins/workday.py
[2025-01-01T18:20:20.010+0000] {processor.py:927} WARNING - No viable dags retrieved from /home/airflow/.local/lib/python3.10/site-packages/airflow/example_dags/plugins/workday.py
[2025-01-01T18:20:20.022+0000] {processor.py:208} INFO - Processing /home/airflow/.local/lib/python3.10/site-packages/airflow/example_dags/plugins/workday.py took 0.022 seconds
[2025-01-01T18:20:50.866+0000] {processor.py:186} INFO - Started process (PID=56368) to work on /home/airflow/.local/lib/python3.10/site-packages/airflow/example_dags/plugins/workday.py
[2025-01-01T18:20:50.872+0000] {processor.py:914} INFO - Processing file /home/airflow/.local/lib/python3.10/site-packages/airflow/example_dags/plugins/workday.py for tasks to queue
[2025-01-01T18:20:50.877+0000] {logging_mixin.py:190} INFO - [2025-01-01T18:20:50.877+0000] {dagbag.py:588} INFO - Filling up the DagBag from /home/airflow/.local/lib/python3.10/site-packages/airflow/example_dags/plugins/workday.py
[2025-01-01T18:20:50.882+0000] {processor.py:927} WARNING - No viable dags retrieved from /home/airflow/.local/lib/python3.10/site-packages/airflow/example_dags/plugins/workday.py
[2025-01-01T18:20:50.920+0000] {processor.py:208} INFO - Processing /home/airflow/.local/lib/python3.10/site-packages/airflow/example_dags/plugins/workday.py took 0.064 seconds
[2025-01-01T18:21:21.072+0000] {processor.py:186} INFO - Started process (PID=56437) to work on /home/airflow/.local/lib/python3.10/site-packages/airflow/example_dags/plugins/workday.py
[2025-01-01T18:21:21.073+0000] {processor.py:914} INFO - Processing file /home/airflow/.local/lib/python3.10/site-packages/airflow/example_dags/plugins/workday.py for tasks to queue
[2025-01-01T18:21:21.074+0000] {logging_mixin.py:190} INFO - [2025-01-01T18:21:21.074+0000] {dagbag.py:588} INFO - Filling up the DagBag from /home/airflow/.local/lib/python3.10/site-packages/airflow/example_dags/plugins/workday.py
[2025-01-01T18:21:21.077+0000] {processor.py:927} WARNING - No viable dags retrieved from /home/airflow/.local/lib/python3.10/site-packages/airflow/example_dags/plugins/workday.py
[2025-01-01T18:21:21.089+0000] {processor.py:208} INFO - Processing /home/airflow/.local/lib/python3.10/site-packages/airflow/example_dags/plugins/workday.py took 0.023 seconds
[2025-01-01T18:21:51.430+0000] {processor.py:186} INFO - Started process (PID=56505) to work on /home/airflow/.local/lib/python3.10/site-packages/airflow/example_dags/plugins/workday.py
[2025-01-01T18:21:51.431+0000] {processor.py:914} INFO - Processing file /home/airflow/.local/lib/python3.10/site-packages/airflow/example_dags/plugins/workday.py for tasks to queue
[2025-01-01T18:21:51.432+0000] {logging_mixin.py:190} INFO - [2025-01-01T18:21:51.432+0000] {dagbag.py:588} INFO - Filling up the DagBag from /home/airflow/.local/lib/python3.10/site-packages/airflow/example_dags/plugins/workday.py
[2025-01-01T18:21:51.435+0000] {processor.py:927} WARNING - No viable dags retrieved from /home/airflow/.local/lib/python3.10/site-packages/airflow/example_dags/plugins/workday.py
[2025-01-01T18:21:51.447+0000] {processor.py:208} INFO - Processing /home/airflow/.local/lib/python3.10/site-packages/airflow/example_dags/plugins/workday.py took 0.023 seconds
[2025-01-01T18:22:21.658+0000] {processor.py:186} INFO - Started process (PID=56573) to work on /home/airflow/.local/lib/python3.10/site-packages/airflow/example_dags/plugins/workday.py
[2025-01-01T18:22:21.659+0000] {processor.py:914} INFO - Processing file /home/airflow/.local/lib/python3.10/site-packages/airflow/example_dags/plugins/workday.py for tasks to queue
[2025-01-01T18:22:21.661+0000] {logging_mixin.py:190} INFO - [2025-01-01T18:22:21.660+0000] {dagbag.py:588} INFO - Filling up the DagBag from /home/airflow/.local/lib/python3.10/site-packages/airflow/example_dags/plugins/workday.py
[2025-01-01T18:22:21.663+0000] {processor.py:927} WARNING - No viable dags retrieved from /home/airflow/.local/lib/python3.10/site-packages/airflow/example_dags/plugins/workday.py
[2025-01-01T18:22:21.675+0000] {processor.py:208} INFO - Processing /home/airflow/.local/lib/python3.10/site-packages/airflow/example_dags/plugins/workday.py took 0.022 seconds
[2025-01-01T18:22:52.115+0000] {processor.py:186} INFO - Started process (PID=56641) to work on /home/airflow/.local/lib/python3.10/site-packages/airflow/example_dags/plugins/workday.py
[2025-01-01T18:22:52.116+0000] {processor.py:914} INFO - Processing file /home/airflow/.local/lib/python3.10/site-packages/airflow/example_dags/plugins/workday.py for tasks to queue
[2025-01-01T18:22:52.118+0000] {logging_mixin.py:190} INFO - [2025-01-01T18:22:52.118+0000] {dagbag.py:588} INFO - Filling up the DagBag from /home/airflow/.local/lib/python3.10/site-packages/airflow/example_dags/plugins/workday.py
[2025-01-01T18:22:52.120+0000] {processor.py:927} WARNING - No viable dags retrieved from /home/airflow/.local/lib/python3.10/site-packages/airflow/example_dags/plugins/workday.py
[2025-01-01T18:22:52.133+0000] {processor.py:208} INFO - Processing /home/airflow/.local/lib/python3.10/site-packages/airflow/example_dags/plugins/workday.py took 0.024 seconds
[2025-01-01T18:23:22.603+0000] {processor.py:186} INFO - Started process (PID=56709) to work on /home/airflow/.local/lib/python3.10/site-packages/airflow/example_dags/plugins/workday.py
[2025-01-01T18:23:22.604+0000] {processor.py:914} INFO - Processing file /home/airflow/.local/lib/python3.10/site-packages/airflow/example_dags/plugins/workday.py for tasks to queue
[2025-01-01T18:23:22.605+0000] {logging_mixin.py:190} INFO - [2025-01-01T18:23:22.605+0000] {dagbag.py:588} INFO - Filling up the DagBag from /home/airflow/.local/lib/python3.10/site-packages/airflow/example_dags/plugins/workday.py
[2025-01-01T18:23:22.608+0000] {processor.py:927} WARNING - No viable dags retrieved from /home/airflow/.local/lib/python3.10/site-packages/airflow/example_dags/plugins/workday.py
[2025-01-01T18:23:22.619+0000] {processor.py:208} INFO - Processing /home/airflow/.local/lib/python3.10/site-packages/airflow/example_dags/plugins/workday.py took 0.022 seconds
[2025-01-01T18:23:53.733+0000] {processor.py:186} INFO - Started process (PID=56777) to work on /home/airflow/.local/lib/python3.10/site-packages/airflow/example_dags/plugins/workday.py
[2025-01-01T18:23:53.734+0000] {processor.py:914} INFO - Processing file /home/airflow/.local/lib/python3.10/site-packages/airflow/example_dags/plugins/workday.py for tasks to queue
[2025-01-01T18:23:53.736+0000] {logging_mixin.py:190} INFO - [2025-01-01T18:23:53.735+0000] {dagbag.py:588} INFO - Filling up the DagBag from /home/airflow/.local/lib/python3.10/site-packages/airflow/example_dags/plugins/workday.py
[2025-01-01T18:23:53.738+0000] {processor.py:927} WARNING - No viable dags retrieved from /home/airflow/.local/lib/python3.10/site-packages/airflow/example_dags/plugins/workday.py
[2025-01-01T18:23:53.751+0000] {processor.py:208} INFO - Processing /home/airflow/.local/lib/python3.10/site-packages/airflow/example_dags/plugins/workday.py took 0.024 seconds
[2025-01-01T18:24:24.496+0000] {processor.py:186} INFO - Started process (PID=56845) to work on /home/airflow/.local/lib/python3.10/site-packages/airflow/example_dags/plugins/workday.py
[2025-01-01T18:24:24.497+0000] {processor.py:914} INFO - Processing file /home/airflow/.local/lib/python3.10/site-packages/airflow/example_dags/plugins/workday.py for tasks to queue
[2025-01-01T18:24:24.498+0000] {logging_mixin.py:190} INFO - [2025-01-01T18:24:24.498+0000] {dagbag.py:588} INFO - Filling up the DagBag from /home/airflow/.local/lib/python3.10/site-packages/airflow/example_dags/plugins/workday.py
[2025-01-01T18:24:24.501+0000] {processor.py:927} WARNING - No viable dags retrieved from /home/airflow/.local/lib/python3.10/site-packages/airflow/example_dags/plugins/workday.py
[2025-01-01T18:24:24.513+0000] {processor.py:208} INFO - Processing /home/airflow/.local/lib/python3.10/site-packages/airflow/example_dags/plugins/workday.py took 0.023 seconds
[2025-01-01T18:24:55.021+0000] {processor.py:186} INFO - Started process (PID=56913) to work on /home/airflow/.local/lib/python3.10/site-packages/airflow/example_dags/plugins/workday.py
[2025-01-01T18:24:55.023+0000] {processor.py:914} INFO - Processing file /home/airflow/.local/lib/python3.10/site-packages/airflow/example_dags/plugins/workday.py for tasks to queue
[2025-01-01T18:24:55.025+0000] {logging_mixin.py:190} INFO - [2025-01-01T18:24:55.024+0000] {dagbag.py:588} INFO - Filling up the DagBag from /home/airflow/.local/lib/python3.10/site-packages/airflow/example_dags/plugins/workday.py
[2025-01-01T18:24:55.028+0000] {processor.py:927} WARNING - No viable dags retrieved from /home/airflow/.local/lib/python3.10/site-packages/airflow/example_dags/plugins/workday.py
[2025-01-01T18:24:55.042+0000] {processor.py:208} INFO - Processing /home/airflow/.local/lib/python3.10/site-packages/airflow/example_dags/plugins/workday.py took 0.028 seconds
[2025-01-01T18:25:25.854+0000] {processor.py:186} INFO - Started process (PID=56981) to work on /home/airflow/.local/lib/python3.10/site-packages/airflow/example_dags/plugins/workday.py
[2025-01-01T18:25:25.855+0000] {processor.py:914} INFO - Processing file /home/airflow/.local/lib/python3.10/site-packages/airflow/example_dags/plugins/workday.py for tasks to queue
[2025-01-01T18:25:25.856+0000] {logging_mixin.py:190} INFO - [2025-01-01T18:25:25.856+0000] {dagbag.py:588} INFO - Filling up the DagBag from /home/airflow/.local/lib/python3.10/site-packages/airflow/example_dags/plugins/workday.py
[2025-01-01T18:25:25.859+0000] {processor.py:927} WARNING - No viable dags retrieved from /home/airflow/.local/lib/python3.10/site-packages/airflow/example_dags/plugins/workday.py
[2025-01-01T18:25:25.872+0000] {processor.py:208} INFO - Processing /home/airflow/.local/lib/python3.10/site-packages/airflow/example_dags/plugins/workday.py took 0.024 seconds
[2025-01-01T18:26:00.274+0000] {processor.py:186} INFO - Started process (PID=57053) to work on /home/airflow/.local/lib/python3.10/site-packages/airflow/example_dags/plugins/workday.py
[2025-01-01T18:26:00.276+0000] {processor.py:914} INFO - Processing file /home/airflow/.local/lib/python3.10/site-packages/airflow/example_dags/plugins/workday.py for tasks to queue
[2025-01-01T18:26:00.278+0000] {logging_mixin.py:190} INFO - [2025-01-01T18:26:00.278+0000] {dagbag.py:588} INFO - Filling up the DagBag from /home/airflow/.local/lib/python3.10/site-packages/airflow/example_dags/plugins/workday.py
[2025-01-01T18:26:00.283+0000] {processor.py:927} WARNING - No viable dags retrieved from /home/airflow/.local/lib/python3.10/site-packages/airflow/example_dags/plugins/workday.py
[2025-01-01T18:26:00.299+0000] {processor.py:208} INFO - Processing /home/airflow/.local/lib/python3.10/site-packages/airflow/example_dags/plugins/workday.py took 0.085 seconds
[2025-01-01T18:26:30.399+0000] {processor.py:186} INFO - Started process (PID=57121) to work on /home/airflow/.local/lib/python3.10/site-packages/airflow/example_dags/plugins/workday.py
[2025-01-01T18:26:30.400+0000] {processor.py:914} INFO - Processing file /home/airflow/.local/lib/python3.10/site-packages/airflow/example_dags/plugins/workday.py for tasks to queue
[2025-01-01T18:26:30.401+0000] {logging_mixin.py:190} INFO - [2025-01-01T18:26:30.401+0000] {dagbag.py:588} INFO - Filling up the DagBag from /home/airflow/.local/lib/python3.10/site-packages/airflow/example_dags/plugins/workday.py
[2025-01-01T18:26:30.404+0000] {processor.py:927} WARNING - No viable dags retrieved from /home/airflow/.local/lib/python3.10/site-packages/airflow/example_dags/plugins/workday.py
[2025-01-01T18:26:30.418+0000] {processor.py:208} INFO - Processing /home/airflow/.local/lib/python3.10/site-packages/airflow/example_dags/plugins/workday.py took 0.024 seconds
[2025-01-01T18:27:00.493+0000] {processor.py:186} INFO - Started process (PID=57189) to work on /home/airflow/.local/lib/python3.10/site-packages/airflow/example_dags/plugins/workday.py
[2025-01-01T18:27:00.494+0000] {processor.py:914} INFO - Processing file /home/airflow/.local/lib/python3.10/site-packages/airflow/example_dags/plugins/workday.py for tasks to queue
[2025-01-01T18:27:00.495+0000] {logging_mixin.py:190} INFO - [2025-01-01T18:27:00.495+0000] {dagbag.py:588} INFO - Filling up the DagBag from /home/airflow/.local/lib/python3.10/site-packages/airflow/example_dags/plugins/workday.py
[2025-01-01T18:27:00.497+0000] {processor.py:927} WARNING - No viable dags retrieved from /home/airflow/.local/lib/python3.10/site-packages/airflow/example_dags/plugins/workday.py
[2025-01-01T18:27:00.510+0000] {processor.py:208} INFO - Processing /home/airflow/.local/lib/python3.10/site-packages/airflow/example_dags/plugins/workday.py took 0.023 seconds
[2025-01-01T18:27:31.696+0000] {processor.py:186} INFO - Started process (PID=57257) to work on /home/airflow/.local/lib/python3.10/site-packages/airflow/example_dags/plugins/workday.py
[2025-01-01T18:27:31.697+0000] {processor.py:914} INFO - Processing file /home/airflow/.local/lib/python3.10/site-packages/airflow/example_dags/plugins/workday.py for tasks to queue
[2025-01-01T18:27:31.698+0000] {logging_mixin.py:190} INFO - [2025-01-01T18:27:31.698+0000] {dagbag.py:588} INFO - Filling up the DagBag from /home/airflow/.local/lib/python3.10/site-packages/airflow/example_dags/plugins/workday.py
[2025-01-01T18:27:31.701+0000] {processor.py:927} WARNING - No viable dags retrieved from /home/airflow/.local/lib/python3.10/site-packages/airflow/example_dags/plugins/workday.py
[2025-01-01T18:27:31.713+0000] {processor.py:208} INFO - Processing /home/airflow/.local/lib/python3.10/site-packages/airflow/example_dags/plugins/workday.py took 0.023 seconds
[2025-01-01T18:28:02.837+0000] {processor.py:186} INFO - Started process (PID=57327) to work on /home/airflow/.local/lib/python3.10/site-packages/airflow/example_dags/plugins/workday.py
[2025-01-01T18:28:02.838+0000] {processor.py:914} INFO - Processing file /home/airflow/.local/lib/python3.10/site-packages/airflow/example_dags/plugins/workday.py for tasks to queue
[2025-01-01T18:28:02.840+0000] {logging_mixin.py:190} INFO - [2025-01-01T18:28:02.839+0000] {dagbag.py:588} INFO - Filling up the DagBag from /home/airflow/.local/lib/python3.10/site-packages/airflow/example_dags/plugins/workday.py
[2025-01-01T18:28:02.843+0000] {processor.py:927} WARNING - No viable dags retrieved from /home/airflow/.local/lib/python3.10/site-packages/airflow/example_dags/plugins/workday.py
[2025-01-01T18:28:02.856+0000] {processor.py:208} INFO - Processing /home/airflow/.local/lib/python3.10/site-packages/airflow/example_dags/plugins/workday.py took 0.025 seconds
[2025-01-01T18:28:33.941+0000] {processor.py:186} INFO - Started process (PID=57395) to work on /home/airflow/.local/lib/python3.10/site-packages/airflow/example_dags/plugins/workday.py
[2025-01-01T18:28:33.942+0000] {processor.py:914} INFO - Processing file /home/airflow/.local/lib/python3.10/site-packages/airflow/example_dags/plugins/workday.py for tasks to queue
[2025-01-01T18:28:33.944+0000] {logging_mixin.py:190} INFO - [2025-01-01T18:28:33.943+0000] {dagbag.py:588} INFO - Filling up the DagBag from /home/airflow/.local/lib/python3.10/site-packages/airflow/example_dags/plugins/workday.py
[2025-01-01T18:28:33.946+0000] {processor.py:927} WARNING - No viable dags retrieved from /home/airflow/.local/lib/python3.10/site-packages/airflow/example_dags/plugins/workday.py
[2025-01-01T18:28:33.957+0000] {processor.py:208} INFO - Processing /home/airflow/.local/lib/python3.10/site-packages/airflow/example_dags/plugins/workday.py took 0.024 seconds
[2025-01-01T18:29:05.118+0000] {processor.py:186} INFO - Started process (PID=57463) to work on /home/airflow/.local/lib/python3.10/site-packages/airflow/example_dags/plugins/workday.py
[2025-01-01T18:29:05.120+0000] {processor.py:914} INFO - Processing file /home/airflow/.local/lib/python3.10/site-packages/airflow/example_dags/plugins/workday.py for tasks to queue
[2025-01-01T18:29:05.121+0000] {logging_mixin.py:190} INFO - [2025-01-01T18:29:05.121+0000] {dagbag.py:588} INFO - Filling up the DagBag from /home/airflow/.local/lib/python3.10/site-packages/airflow/example_dags/plugins/workday.py
[2025-01-01T18:29:05.124+0000] {processor.py:927} WARNING - No viable dags retrieved from /home/airflow/.local/lib/python3.10/site-packages/airflow/example_dags/plugins/workday.py
[2025-01-01T18:29:05.138+0000] {processor.py:208} INFO - Processing /home/airflow/.local/lib/python3.10/site-packages/airflow/example_dags/plugins/workday.py took 0.028 seconds
[2025-01-01T18:29:36.124+0000] {processor.py:186} INFO - Started process (PID=57531) to work on /home/airflow/.local/lib/python3.10/site-packages/airflow/example_dags/plugins/workday.py
[2025-01-01T18:29:36.126+0000] {processor.py:914} INFO - Processing file /home/airflow/.local/lib/python3.10/site-packages/airflow/example_dags/plugins/workday.py for tasks to queue
[2025-01-01T18:29:36.128+0000] {logging_mixin.py:190} INFO - [2025-01-01T18:29:36.127+0000] {dagbag.py:588} INFO - Filling up the DagBag from /home/airflow/.local/lib/python3.10/site-packages/airflow/example_dags/plugins/workday.py
[2025-01-01T18:29:36.131+0000] {processor.py:927} WARNING - No viable dags retrieved from /home/airflow/.local/lib/python3.10/site-packages/airflow/example_dags/plugins/workday.py
[2025-01-01T18:29:36.143+0000] {processor.py:208} INFO - Processing /home/airflow/.local/lib/python3.10/site-packages/airflow/example_dags/plugins/workday.py took 0.026 seconds
[2025-01-01T18:30:07.010+0000] {processor.py:186} INFO - Started process (PID=57599) to work on /home/airflow/.local/lib/python3.10/site-packages/airflow/example_dags/plugins/workday.py
[2025-01-01T18:30:07.021+0000] {processor.py:914} INFO - Processing file /home/airflow/.local/lib/python3.10/site-packages/airflow/example_dags/plugins/workday.py for tasks to queue
[2025-01-01T18:30:07.023+0000] {logging_mixin.py:190} INFO - [2025-01-01T18:30:07.023+0000] {dagbag.py:588} INFO - Filling up the DagBag from /home/airflow/.local/lib/python3.10/site-packages/airflow/example_dags/plugins/workday.py
[2025-01-01T18:30:07.028+0000] {processor.py:927} WARNING - No viable dags retrieved from /home/airflow/.local/lib/python3.10/site-packages/airflow/example_dags/plugins/workday.py
[2025-01-01T18:30:07.045+0000] {processor.py:208} INFO - Processing /home/airflow/.local/lib/python3.10/site-packages/airflow/example_dags/plugins/workday.py took 0.043 seconds
[2025-01-01T18:30:37.874+0000] {processor.py:186} INFO - Started process (PID=57667) to work on /home/airflow/.local/lib/python3.10/site-packages/airflow/example_dags/plugins/workday.py
[2025-01-01T18:30:37.875+0000] {processor.py:914} INFO - Processing file /home/airflow/.local/lib/python3.10/site-packages/airflow/example_dags/plugins/workday.py for tasks to queue
[2025-01-01T18:30:37.877+0000] {logging_mixin.py:190} INFO - [2025-01-01T18:30:37.877+0000] {dagbag.py:588} INFO - Filling up the DagBag from /home/airflow/.local/lib/python3.10/site-packages/airflow/example_dags/plugins/workday.py
[2025-01-01T18:30:37.880+0000] {processor.py:927} WARNING - No viable dags retrieved from /home/airflow/.local/lib/python3.10/site-packages/airflow/example_dags/plugins/workday.py
[2025-01-01T18:30:37.892+0000] {processor.py:208} INFO - Processing /home/airflow/.local/lib/python3.10/site-packages/airflow/example_dags/plugins/workday.py took 0.025 seconds
[2025-01-01T18:31:08.499+0000] {processor.py:186} INFO - Started process (PID=57735) to work on /home/airflow/.local/lib/python3.10/site-packages/airflow/example_dags/plugins/workday.py
[2025-01-01T18:31:08.500+0000] {processor.py:914} INFO - Processing file /home/airflow/.local/lib/python3.10/site-packages/airflow/example_dags/plugins/workday.py for tasks to queue
[2025-01-01T18:31:08.502+0000] {logging_mixin.py:190} INFO - [2025-01-01T18:31:08.501+0000] {dagbag.py:588} INFO - Filling up the DagBag from /home/airflow/.local/lib/python3.10/site-packages/airflow/example_dags/plugins/workday.py
[2025-01-01T18:31:08.504+0000] {processor.py:927} WARNING - No viable dags retrieved from /home/airflow/.local/lib/python3.10/site-packages/airflow/example_dags/plugins/workday.py
[2025-01-01T18:31:08.516+0000] {processor.py:208} INFO - Processing /home/airflow/.local/lib/python3.10/site-packages/airflow/example_dags/plugins/workday.py took 0.022 seconds
[2025-01-01T18:31:39.234+0000] {processor.py:186} INFO - Started process (PID=57803) to work on /home/airflow/.local/lib/python3.10/site-packages/airflow/example_dags/plugins/workday.py
[2025-01-01T18:31:39.235+0000] {processor.py:914} INFO - Processing file /home/airflow/.local/lib/python3.10/site-packages/airflow/example_dags/plugins/workday.py for tasks to queue
[2025-01-01T18:31:39.236+0000] {logging_mixin.py:190} INFO - [2025-01-01T18:31:39.236+0000] {dagbag.py:588} INFO - Filling up the DagBag from /home/airflow/.local/lib/python3.10/site-packages/airflow/example_dags/plugins/workday.py
[2025-01-01T18:31:39.238+0000] {processor.py:927} WARNING - No viable dags retrieved from /home/airflow/.local/lib/python3.10/site-packages/airflow/example_dags/plugins/workday.py
[2025-01-01T18:31:39.249+0000] {processor.py:208} INFO - Processing /home/airflow/.local/lib/python3.10/site-packages/airflow/example_dags/plugins/workday.py took 0.021 seconds
[2025-01-01T18:32:10.152+0000] {processor.py:186} INFO - Started process (PID=57871) to work on /home/airflow/.local/lib/python3.10/site-packages/airflow/example_dags/plugins/workday.py
[2025-01-01T18:32:10.153+0000] {processor.py:914} INFO - Processing file /home/airflow/.local/lib/python3.10/site-packages/airflow/example_dags/plugins/workday.py for tasks to queue
[2025-01-01T18:32:10.154+0000] {logging_mixin.py:190} INFO - [2025-01-01T18:32:10.154+0000] {dagbag.py:588} INFO - Filling up the DagBag from /home/airflow/.local/lib/python3.10/site-packages/airflow/example_dags/plugins/workday.py
[2025-01-01T18:32:10.157+0000] {processor.py:927} WARNING - No viable dags retrieved from /home/airflow/.local/lib/python3.10/site-packages/airflow/example_dags/plugins/workday.py
[2025-01-01T18:32:10.169+0000] {processor.py:208} INFO - Processing /home/airflow/.local/lib/python3.10/site-packages/airflow/example_dags/plugins/workday.py took 0.024 seconds
[2025-01-01T18:32:40.857+0000] {processor.py:186} INFO - Started process (PID=57939) to work on /home/airflow/.local/lib/python3.10/site-packages/airflow/example_dags/plugins/workday.py
[2025-01-01T18:32:40.858+0000] {processor.py:914} INFO - Processing file /home/airflow/.local/lib/python3.10/site-packages/airflow/example_dags/plugins/workday.py for tasks to queue
[2025-01-01T18:32:40.859+0000] {logging_mixin.py:190} INFO - [2025-01-01T18:32:40.859+0000] {dagbag.py:588} INFO - Filling up the DagBag from /home/airflow/.local/lib/python3.10/site-packages/airflow/example_dags/plugins/workday.py
[2025-01-01T18:32:40.862+0000] {processor.py:927} WARNING - No viable dags retrieved from /home/airflow/.local/lib/python3.10/site-packages/airflow/example_dags/plugins/workday.py
[2025-01-01T18:32:40.875+0000] {processor.py:208} INFO - Processing /home/airflow/.local/lib/python3.10/site-packages/airflow/example_dags/plugins/workday.py took 0.025 seconds
[2025-01-01T18:33:11.506+0000] {processor.py:186} INFO - Started process (PID=58007) to work on /home/airflow/.local/lib/python3.10/site-packages/airflow/example_dags/plugins/workday.py
[2025-01-01T18:33:11.508+0000] {processor.py:914} INFO - Processing file /home/airflow/.local/lib/python3.10/site-packages/airflow/example_dags/plugins/workday.py for tasks to queue
[2025-01-01T18:33:11.509+0000] {logging_mixin.py:190} INFO - [2025-01-01T18:33:11.509+0000] {dagbag.py:588} INFO - Filling up the DagBag from /home/airflow/.local/lib/python3.10/site-packages/airflow/example_dags/plugins/workday.py
[2025-01-01T18:33:11.512+0000] {processor.py:927} WARNING - No viable dags retrieved from /home/airflow/.local/lib/python3.10/site-packages/airflow/example_dags/plugins/workday.py
[2025-01-01T18:33:11.524+0000] {processor.py:208} INFO - Processing /home/airflow/.local/lib/python3.10/site-packages/airflow/example_dags/plugins/workday.py took 0.024 seconds
[2025-01-01T18:33:42.918+0000] {processor.py:186} INFO - Started process (PID=58075) to work on /home/airflow/.local/lib/python3.10/site-packages/airflow/example_dags/plugins/workday.py
[2025-01-01T18:33:42.919+0000] {processor.py:914} INFO - Processing file /home/airflow/.local/lib/python3.10/site-packages/airflow/example_dags/plugins/workday.py for tasks to queue
[2025-01-01T18:33:42.921+0000] {logging_mixin.py:190} INFO - [2025-01-01T18:33:42.920+0000] {dagbag.py:588} INFO - Filling up the DagBag from /home/airflow/.local/lib/python3.10/site-packages/airflow/example_dags/plugins/workday.py
[2025-01-01T18:33:42.923+0000] {processor.py:927} WARNING - No viable dags retrieved from /home/airflow/.local/lib/python3.10/site-packages/airflow/example_dags/plugins/workday.py
[2025-01-01T18:33:42.937+0000] {processor.py:208} INFO - Processing /home/airflow/.local/lib/python3.10/site-packages/airflow/example_dags/plugins/workday.py took 0.026 seconds
[2025-01-01T18:34:13.894+0000] {processor.py:186} INFO - Started process (PID=58143) to work on /home/airflow/.local/lib/python3.10/site-packages/airflow/example_dags/plugins/workday.py
[2025-01-01T18:34:13.895+0000] {processor.py:914} INFO - Processing file /home/airflow/.local/lib/python3.10/site-packages/airflow/example_dags/plugins/workday.py for tasks to queue
[2025-01-01T18:34:13.897+0000] {logging_mixin.py:190} INFO - [2025-01-01T18:34:13.896+0000] {dagbag.py:588} INFO - Filling up the DagBag from /home/airflow/.local/lib/python3.10/site-packages/airflow/example_dags/plugins/workday.py
[2025-01-01T18:34:13.899+0000] {processor.py:927} WARNING - No viable dags retrieved from /home/airflow/.local/lib/python3.10/site-packages/airflow/example_dags/plugins/workday.py
[2025-01-01T18:34:13.912+0000] {processor.py:208} INFO - Processing /home/airflow/.local/lib/python3.10/site-packages/airflow/example_dags/plugins/workday.py took 0.024 seconds
[2025-01-01T18:34:44.756+0000] {processor.py:186} INFO - Started process (PID=58211) to work on /home/airflow/.local/lib/python3.10/site-packages/airflow/example_dags/plugins/workday.py
[2025-01-01T18:34:44.757+0000] {processor.py:914} INFO - Processing file /home/airflow/.local/lib/python3.10/site-packages/airflow/example_dags/plugins/workday.py for tasks to queue
[2025-01-01T18:34:44.758+0000] {logging_mixin.py:190} INFO - [2025-01-01T18:34:44.758+0000] {dagbag.py:588} INFO - Filling up the DagBag from /home/airflow/.local/lib/python3.10/site-packages/airflow/example_dags/plugins/workday.py
[2025-01-01T18:34:44.760+0000] {processor.py:927} WARNING - No viable dags retrieved from /home/airflow/.local/lib/python3.10/site-packages/airflow/example_dags/plugins/workday.py
[2025-01-01T18:34:44.772+0000] {processor.py:208} INFO - Processing /home/airflow/.local/lib/python3.10/site-packages/airflow/example_dags/plugins/workday.py took 0.022 seconds
[2025-01-01T18:35:15.271+0000] {processor.py:186} INFO - Started process (PID=58279) to work on /home/airflow/.local/lib/python3.10/site-packages/airflow/example_dags/plugins/workday.py
[2025-01-01T18:35:15.272+0000] {processor.py:914} INFO - Processing file /home/airflow/.local/lib/python3.10/site-packages/airflow/example_dags/plugins/workday.py for tasks to queue
[2025-01-01T18:35:15.273+0000] {logging_mixin.py:190} INFO - [2025-01-01T18:35:15.273+0000] {dagbag.py:588} INFO - Filling up the DagBag from /home/airflow/.local/lib/python3.10/site-packages/airflow/example_dags/plugins/workday.py
[2025-01-01T18:35:15.276+0000] {processor.py:927} WARNING - No viable dags retrieved from /home/airflow/.local/lib/python3.10/site-packages/airflow/example_dags/plugins/workday.py
[2025-01-01T18:35:15.287+0000] {processor.py:208} INFO - Processing /home/airflow/.local/lib/python3.10/site-packages/airflow/example_dags/plugins/workday.py took 0.022 seconds
[2025-01-01T18:35:46.219+0000] {processor.py:186} INFO - Started process (PID=58353) to work on /home/airflow/.local/lib/python3.10/site-packages/airflow/example_dags/plugins/workday.py
[2025-01-01T18:35:46.221+0000] {processor.py:914} INFO - Processing file /home/airflow/.local/lib/python3.10/site-packages/airflow/example_dags/plugins/workday.py for tasks to queue
[2025-01-01T18:35:46.222+0000] {logging_mixin.py:190} INFO - [2025-01-01T18:35:46.222+0000] {dagbag.py:588} INFO - Filling up the DagBag from /home/airflow/.local/lib/python3.10/site-packages/airflow/example_dags/plugins/workday.py
[2025-01-01T18:35:46.225+0000] {processor.py:927} WARNING - No viable dags retrieved from /home/airflow/.local/lib/python3.10/site-packages/airflow/example_dags/plugins/workday.py
[2025-01-01T18:35:46.236+0000] {processor.py:208} INFO - Processing /home/airflow/.local/lib/python3.10/site-packages/airflow/example_dags/plugins/workday.py took 0.024 seconds
[2025-01-01T18:36:16.908+0000] {processor.py:186} INFO - Started process (PID=58421) to work on /home/airflow/.local/lib/python3.10/site-packages/airflow/example_dags/plugins/workday.py
[2025-01-01T18:36:16.910+0000] {processor.py:914} INFO - Processing file /home/airflow/.local/lib/python3.10/site-packages/airflow/example_dags/plugins/workday.py for tasks to queue
[2025-01-01T18:36:16.911+0000] {logging_mixin.py:190} INFO - [2025-01-01T18:36:16.911+0000] {dagbag.py:588} INFO - Filling up the DagBag from /home/airflow/.local/lib/python3.10/site-packages/airflow/example_dags/plugins/workday.py
[2025-01-01T18:36:16.914+0000] {processor.py:927} WARNING - No viable dags retrieved from /home/airflow/.local/lib/python3.10/site-packages/airflow/example_dags/plugins/workday.py
[2025-01-01T18:36:16.925+0000] {processor.py:208} INFO - Processing /home/airflow/.local/lib/python3.10/site-packages/airflow/example_dags/plugins/workday.py took 0.023 seconds
[2025-01-01T18:36:47.444+0000] {processor.py:186} INFO - Started process (PID=58489) to work on /home/airflow/.local/lib/python3.10/site-packages/airflow/example_dags/plugins/workday.py
[2025-01-01T18:36:47.445+0000] {processor.py:914} INFO - Processing file /home/airflow/.local/lib/python3.10/site-packages/airflow/example_dags/plugins/workday.py for tasks to queue
[2025-01-01T18:36:47.447+0000] {logging_mixin.py:190} INFO - [2025-01-01T18:36:47.446+0000] {dagbag.py:588} INFO - Filling up the DagBag from /home/airflow/.local/lib/python3.10/site-packages/airflow/example_dags/plugins/workday.py
[2025-01-01T18:36:47.450+0000] {processor.py:927} WARNING - No viable dags retrieved from /home/airflow/.local/lib/python3.10/site-packages/airflow/example_dags/plugins/workday.py
[2025-01-01T18:36:47.462+0000] {processor.py:208} INFO - Processing /home/airflow/.local/lib/python3.10/site-packages/airflow/example_dags/plugins/workday.py took 0.023 seconds
[2025-01-01T18:37:18.634+0000] {processor.py:186} INFO - Started process (PID=58558) to work on /home/airflow/.local/lib/python3.10/site-packages/airflow/example_dags/plugins/workday.py
[2025-01-01T18:37:18.635+0000] {processor.py:914} INFO - Processing file /home/airflow/.local/lib/python3.10/site-packages/airflow/example_dags/plugins/workday.py for tasks to queue
[2025-01-01T18:37:18.636+0000] {logging_mixin.py:190} INFO - [2025-01-01T18:37:18.636+0000] {dagbag.py:588} INFO - Filling up the DagBag from /home/airflow/.local/lib/python3.10/site-packages/airflow/example_dags/plugins/workday.py
[2025-01-01T18:37:18.639+0000] {processor.py:927} WARNING - No viable dags retrieved from /home/airflow/.local/lib/python3.10/site-packages/airflow/example_dags/plugins/workday.py
[2025-01-01T18:37:18.650+0000] {processor.py:208} INFO - Processing /home/airflow/.local/lib/python3.10/site-packages/airflow/example_dags/plugins/workday.py took 0.022 seconds
[2025-01-01T18:37:49.314+0000] {processor.py:186} INFO - Started process (PID=58626) to work on /home/airflow/.local/lib/python3.10/site-packages/airflow/example_dags/plugins/workday.py
[2025-01-01T18:37:49.315+0000] {processor.py:914} INFO - Processing file /home/airflow/.local/lib/python3.10/site-packages/airflow/example_dags/plugins/workday.py for tasks to queue
[2025-01-01T18:37:49.316+0000] {logging_mixin.py:190} INFO - [2025-01-01T18:37:49.316+0000] {dagbag.py:588} INFO - Filling up the DagBag from /home/airflow/.local/lib/python3.10/site-packages/airflow/example_dags/plugins/workday.py
[2025-01-01T18:37:49.319+0000] {processor.py:927} WARNING - No viable dags retrieved from /home/airflow/.local/lib/python3.10/site-packages/airflow/example_dags/plugins/workday.py
[2025-01-01T18:37:49.331+0000] {processor.py:208} INFO - Processing /home/airflow/.local/lib/python3.10/site-packages/airflow/example_dags/plugins/workday.py took 0.023 seconds
[2025-01-01T18:38:20.015+0000] {processor.py:186} INFO - Started process (PID=58694) to work on /home/airflow/.local/lib/python3.10/site-packages/airflow/example_dags/plugins/workday.py
[2025-01-01T18:38:20.016+0000] {processor.py:914} INFO - Processing file /home/airflow/.local/lib/python3.10/site-packages/airflow/example_dags/plugins/workday.py for tasks to queue
[2025-01-01T18:38:20.017+0000] {logging_mixin.py:190} INFO - [2025-01-01T18:38:20.017+0000] {dagbag.py:588} INFO - Filling up the DagBag from /home/airflow/.local/lib/python3.10/site-packages/airflow/example_dags/plugins/workday.py
[2025-01-01T18:38:20.020+0000] {processor.py:927} WARNING - No viable dags retrieved from /home/airflow/.local/lib/python3.10/site-packages/airflow/example_dags/plugins/workday.py
[2025-01-01T18:38:20.032+0000] {processor.py:208} INFO - Processing /home/airflow/.local/lib/python3.10/site-packages/airflow/example_dags/plugins/workday.py took 0.023 seconds
[2025-01-01T18:38:51.681+0000] {processor.py:186} INFO - Started process (PID=58762) to work on /home/airflow/.local/lib/python3.10/site-packages/airflow/example_dags/plugins/workday.py
[2025-01-01T18:38:51.682+0000] {processor.py:914} INFO - Processing file /home/airflow/.local/lib/python3.10/site-packages/airflow/example_dags/plugins/workday.py for tasks to queue
[2025-01-01T18:38:51.684+0000] {logging_mixin.py:190} INFO - [2025-01-01T18:38:51.683+0000] {dagbag.py:588} INFO - Filling up the DagBag from /home/airflow/.local/lib/python3.10/site-packages/airflow/example_dags/plugins/workday.py
[2025-01-01T18:38:51.686+0000] {processor.py:927} WARNING - No viable dags retrieved from /home/airflow/.local/lib/python3.10/site-packages/airflow/example_dags/plugins/workday.py
[2025-01-01T18:38:51.699+0000] {processor.py:208} INFO - Processing /home/airflow/.local/lib/python3.10/site-packages/airflow/example_dags/plugins/workday.py took 0.025 seconds
[2025-01-01T18:39:23.060+0000] {processor.py:186} INFO - Started process (PID=58830) to work on /home/airflow/.local/lib/python3.10/site-packages/airflow/example_dags/plugins/workday.py
[2025-01-01T18:39:23.061+0000] {processor.py:914} INFO - Processing file /home/airflow/.local/lib/python3.10/site-packages/airflow/example_dags/plugins/workday.py for tasks to queue
[2025-01-01T18:39:23.063+0000] {logging_mixin.py:190} INFO - [2025-01-01T18:39:23.063+0000] {dagbag.py:588} INFO - Filling up the DagBag from /home/airflow/.local/lib/python3.10/site-packages/airflow/example_dags/plugins/workday.py
[2025-01-01T18:39:23.067+0000] {processor.py:927} WARNING - No viable dags retrieved from /home/airflow/.local/lib/python3.10/site-packages/airflow/example_dags/plugins/workday.py
[2025-01-01T18:39:23.079+0000] {processor.py:208} INFO - Processing /home/airflow/.local/lib/python3.10/site-packages/airflow/example_dags/plugins/workday.py took 0.026 seconds
[2025-01-01T18:39:53.669+0000] {processor.py:186} INFO - Started process (PID=58898) to work on /home/airflow/.local/lib/python3.10/site-packages/airflow/example_dags/plugins/workday.py
[2025-01-01T18:39:53.670+0000] {processor.py:914} INFO - Processing file /home/airflow/.local/lib/python3.10/site-packages/airflow/example_dags/plugins/workday.py for tasks to queue
[2025-01-01T18:39:53.671+0000] {logging_mixin.py:190} INFO - [2025-01-01T18:39:53.671+0000] {dagbag.py:588} INFO - Filling up the DagBag from /home/airflow/.local/lib/python3.10/site-packages/airflow/example_dags/plugins/workday.py
[2025-01-01T18:39:53.674+0000] {processor.py:927} WARNING - No viable dags retrieved from /home/airflow/.local/lib/python3.10/site-packages/airflow/example_dags/plugins/workday.py
[2025-01-01T18:39:53.686+0000] {processor.py:208} INFO - Processing /home/airflow/.local/lib/python3.10/site-packages/airflow/example_dags/plugins/workday.py took 0.023 seconds
[2025-01-01T18:40:24.024+0000] {processor.py:186} INFO - Started process (PID=58966) to work on /home/airflow/.local/lib/python3.10/site-packages/airflow/example_dags/plugins/workday.py
[2025-01-01T18:40:24.025+0000] {processor.py:914} INFO - Processing file /home/airflow/.local/lib/python3.10/site-packages/airflow/example_dags/plugins/workday.py for tasks to queue
[2025-01-01T18:40:24.026+0000] {logging_mixin.py:190} INFO - [2025-01-01T18:40:24.026+0000] {dagbag.py:588} INFO - Filling up the DagBag from /home/airflow/.local/lib/python3.10/site-packages/airflow/example_dags/plugins/workday.py
[2025-01-01T18:40:24.029+0000] {processor.py:927} WARNING - No viable dags retrieved from /home/airflow/.local/lib/python3.10/site-packages/airflow/example_dags/plugins/workday.py
[2025-01-01T18:40:24.042+0000] {processor.py:208} INFO - Processing /home/airflow/.local/lib/python3.10/site-packages/airflow/example_dags/plugins/workday.py took 0.024 seconds
[2025-01-01T18:40:54.910+0000] {processor.py:186} INFO - Started process (PID=59034) to work on /home/airflow/.local/lib/python3.10/site-packages/airflow/example_dags/plugins/workday.py
[2025-01-01T18:40:54.912+0000] {processor.py:914} INFO - Processing file /home/airflow/.local/lib/python3.10/site-packages/airflow/example_dags/plugins/workday.py for tasks to queue
[2025-01-01T18:40:54.913+0000] {logging_mixin.py:190} INFO - [2025-01-01T18:40:54.913+0000] {dagbag.py:588} INFO - Filling up the DagBag from /home/airflow/.local/lib/python3.10/site-packages/airflow/example_dags/plugins/workday.py
[2025-01-01T18:40:54.916+0000] {processor.py:927} WARNING - No viable dags retrieved from /home/airflow/.local/lib/python3.10/site-packages/airflow/example_dags/plugins/workday.py
[2025-01-01T18:40:54.929+0000] {processor.py:208} INFO - Processing /home/airflow/.local/lib/python3.10/site-packages/airflow/example_dags/plugins/workday.py took 0.025 seconds
[2025-01-01T18:41:26.109+0000] {processor.py:186} INFO - Started process (PID=59102) to work on /home/airflow/.local/lib/python3.10/site-packages/airflow/example_dags/plugins/workday.py
[2025-01-01T18:41:26.110+0000] {processor.py:914} INFO - Processing file /home/airflow/.local/lib/python3.10/site-packages/airflow/example_dags/plugins/workday.py for tasks to queue
[2025-01-01T18:41:26.111+0000] {logging_mixin.py:190} INFO - [2025-01-01T18:41:26.111+0000] {dagbag.py:588} INFO - Filling up the DagBag from /home/airflow/.local/lib/python3.10/site-packages/airflow/example_dags/plugins/workday.py
[2025-01-01T18:41:26.114+0000] {processor.py:927} WARNING - No viable dags retrieved from /home/airflow/.local/lib/python3.10/site-packages/airflow/example_dags/plugins/workday.py
[2025-01-01T18:41:26.126+0000] {processor.py:208} INFO - Processing /home/airflow/.local/lib/python3.10/site-packages/airflow/example_dags/plugins/workday.py took 0.024 seconds
[2025-01-01T18:41:56.404+0000] {processor.py:186} INFO - Started process (PID=59170) to work on /home/airflow/.local/lib/python3.10/site-packages/airflow/example_dags/plugins/workday.py
[2025-01-01T18:41:56.405+0000] {processor.py:914} INFO - Processing file /home/airflow/.local/lib/python3.10/site-packages/airflow/example_dags/plugins/workday.py for tasks to queue
[2025-01-01T18:41:56.407+0000] {logging_mixin.py:190} INFO - [2025-01-01T18:41:56.407+0000] {dagbag.py:588} INFO - Filling up the DagBag from /home/airflow/.local/lib/python3.10/site-packages/airflow/example_dags/plugins/workday.py
[2025-01-01T18:41:56.410+0000] {processor.py:927} WARNING - No viable dags retrieved from /home/airflow/.local/lib/python3.10/site-packages/airflow/example_dags/plugins/workday.py
[2025-01-01T18:41:56.422+0000] {processor.py:208} INFO - Processing /home/airflow/.local/lib/python3.10/site-packages/airflow/example_dags/plugins/workday.py took 0.024 seconds
[2025-01-01T18:42:27.226+0000] {processor.py:186} INFO - Started process (PID=59238) to work on /home/airflow/.local/lib/python3.10/site-packages/airflow/example_dags/plugins/workday.py
[2025-01-01T18:42:27.227+0000] {processor.py:914} INFO - Processing file /home/airflow/.local/lib/python3.10/site-packages/airflow/example_dags/plugins/workday.py for tasks to queue
[2025-01-01T18:42:27.229+0000] {logging_mixin.py:190} INFO - [2025-01-01T18:42:27.228+0000] {dagbag.py:588} INFO - Filling up the DagBag from /home/airflow/.local/lib/python3.10/site-packages/airflow/example_dags/plugins/workday.py
[2025-01-01T18:42:27.231+0000] {processor.py:927} WARNING - No viable dags retrieved from /home/airflow/.local/lib/python3.10/site-packages/airflow/example_dags/plugins/workday.py
[2025-01-01T18:42:27.243+0000] {processor.py:208} INFO - Processing /home/airflow/.local/lib/python3.10/site-packages/airflow/example_dags/plugins/workday.py took 0.024 seconds
[2025-01-01T18:42:57.877+0000] {processor.py:186} INFO - Started process (PID=59306) to work on /home/airflow/.local/lib/python3.10/site-packages/airflow/example_dags/plugins/workday.py
[2025-01-01T18:42:57.878+0000] {processor.py:914} INFO - Processing file /home/airflow/.local/lib/python3.10/site-packages/airflow/example_dags/plugins/workday.py for tasks to queue
[2025-01-01T18:42:57.880+0000] {logging_mixin.py:190} INFO - [2025-01-01T18:42:57.879+0000] {dagbag.py:588} INFO - Filling up the DagBag from /home/airflow/.local/lib/python3.10/site-packages/airflow/example_dags/plugins/workday.py
[2025-01-01T18:42:57.882+0000] {processor.py:927} WARNING - No viable dags retrieved from /home/airflow/.local/lib/python3.10/site-packages/airflow/example_dags/plugins/workday.py
[2025-01-01T18:42:57.894+0000] {processor.py:208} INFO - Processing /home/airflow/.local/lib/python3.10/site-packages/airflow/example_dags/plugins/workday.py took 0.022 seconds
[2025-01-01T18:43:28.825+0000] {processor.py:186} INFO - Started process (PID=59374) to work on /home/airflow/.local/lib/python3.10/site-packages/airflow/example_dags/plugins/workday.py
[2025-01-01T18:43:28.826+0000] {processor.py:914} INFO - Processing file /home/airflow/.local/lib/python3.10/site-packages/airflow/example_dags/plugins/workday.py for tasks to queue
[2025-01-01T18:43:28.827+0000] {logging_mixin.py:190} INFO - [2025-01-01T18:43:28.827+0000] {dagbag.py:588} INFO - Filling up the DagBag from /home/airflow/.local/lib/python3.10/site-packages/airflow/example_dags/plugins/workday.py
[2025-01-01T18:43:28.830+0000] {processor.py:927} WARNING - No viable dags retrieved from /home/airflow/.local/lib/python3.10/site-packages/airflow/example_dags/plugins/workday.py
[2025-01-01T18:43:28.841+0000] {processor.py:208} INFO - Processing /home/airflow/.local/lib/python3.10/site-packages/airflow/example_dags/plugins/workday.py took 0.023 seconds
[2025-01-01T18:43:59.862+0000] {processor.py:186} INFO - Started process (PID=59442) to work on /home/airflow/.local/lib/python3.10/site-packages/airflow/example_dags/plugins/workday.py
[2025-01-01T18:43:59.863+0000] {processor.py:914} INFO - Processing file /home/airflow/.local/lib/python3.10/site-packages/airflow/example_dags/plugins/workday.py for tasks to queue
[2025-01-01T18:43:59.865+0000] {logging_mixin.py:190} INFO - [2025-01-01T18:43:59.864+0000] {dagbag.py:588} INFO - Filling up the DagBag from /home/airflow/.local/lib/python3.10/site-packages/airflow/example_dags/plugins/workday.py
[2025-01-01T18:43:59.868+0000] {processor.py:927} WARNING - No viable dags retrieved from /home/airflow/.local/lib/python3.10/site-packages/airflow/example_dags/plugins/workday.py
[2025-01-01T18:43:59.883+0000] {processor.py:208} INFO - Processing /home/airflow/.local/lib/python3.10/site-packages/airflow/example_dags/plugins/workday.py took 0.028 seconds
[2025-01-01T18:44:30.211+0000] {processor.py:186} INFO - Started process (PID=59510) to work on /home/airflow/.local/lib/python3.10/site-packages/airflow/example_dags/plugins/workday.py
[2025-01-01T18:44:30.212+0000] {processor.py:914} INFO - Processing file /home/airflow/.local/lib/python3.10/site-packages/airflow/example_dags/plugins/workday.py for tasks to queue
[2025-01-01T18:44:30.214+0000] {logging_mixin.py:190} INFO - [2025-01-01T18:44:30.214+0000] {dagbag.py:588} INFO - Filling up the DagBag from /home/airflow/.local/lib/python3.10/site-packages/airflow/example_dags/plugins/workday.py
[2025-01-01T18:44:30.217+0000] {processor.py:927} WARNING - No viable dags retrieved from /home/airflow/.local/lib/python3.10/site-packages/airflow/example_dags/plugins/workday.py
[2025-01-01T18:44:30.230+0000] {processor.py:208} INFO - Processing /home/airflow/.local/lib/python3.10/site-packages/airflow/example_dags/plugins/workday.py took 0.027 seconds
[2025-01-01T18:45:01.336+0000] {processor.py:186} INFO - Started process (PID=59578) to work on /home/airflow/.local/lib/python3.10/site-packages/airflow/example_dags/plugins/workday.py
[2025-01-01T18:45:01.338+0000] {processor.py:914} INFO - Processing file /home/airflow/.local/lib/python3.10/site-packages/airflow/example_dags/plugins/workday.py for tasks to queue
[2025-01-01T18:45:01.341+0000] {logging_mixin.py:190} INFO - [2025-01-01T18:45:01.340+0000] {dagbag.py:588} INFO - Filling up the DagBag from /home/airflow/.local/lib/python3.10/site-packages/airflow/example_dags/plugins/workday.py
[2025-01-01T18:45:01.346+0000] {processor.py:927} WARNING - No viable dags retrieved from /home/airflow/.local/lib/python3.10/site-packages/airflow/example_dags/plugins/workday.py
[2025-01-01T18:45:01.365+0000] {processor.py:208} INFO - Processing /home/airflow/.local/lib/python3.10/site-packages/airflow/example_dags/plugins/workday.py took 0.038 seconds
[2025-01-01T18:45:32.075+0000] {processor.py:186} INFO - Started process (PID=59646) to work on /home/airflow/.local/lib/python3.10/site-packages/airflow/example_dags/plugins/workday.py
[2025-01-01T18:45:32.077+0000] {processor.py:914} INFO - Processing file /home/airflow/.local/lib/python3.10/site-packages/airflow/example_dags/plugins/workday.py for tasks to queue
[2025-01-01T18:45:32.078+0000] {logging_mixin.py:190} INFO - [2025-01-01T18:45:32.078+0000] {dagbag.py:588} INFO - Filling up the DagBag from /home/airflow/.local/lib/python3.10/site-packages/airflow/example_dags/plugins/workday.py
[2025-01-01T18:45:32.081+0000] {processor.py:927} WARNING - No viable dags retrieved from /home/airflow/.local/lib/python3.10/site-packages/airflow/example_dags/plugins/workday.py
[2025-01-01T18:45:32.094+0000] {processor.py:208} INFO - Processing /home/airflow/.local/lib/python3.10/site-packages/airflow/example_dags/plugins/workday.py took 0.025 seconds
[2025-01-01T18:46:02.627+0000] {processor.py:186} INFO - Started process (PID=59714) to work on /home/airflow/.local/lib/python3.10/site-packages/airflow/example_dags/plugins/workday.py
[2025-01-01T18:46:02.628+0000] {processor.py:914} INFO - Processing file /home/airflow/.local/lib/python3.10/site-packages/airflow/example_dags/plugins/workday.py for tasks to queue
[2025-01-01T18:46:02.630+0000] {logging_mixin.py:190} INFO - [2025-01-01T18:46:02.629+0000] {dagbag.py:588} INFO - Filling up the DagBag from /home/airflow/.local/lib/python3.10/site-packages/airflow/example_dags/plugins/workday.py
[2025-01-01T18:46:02.634+0000] {processor.py:927} WARNING - No viable dags retrieved from /home/airflow/.local/lib/python3.10/site-packages/airflow/example_dags/plugins/workday.py
[2025-01-01T18:46:02.648+0000] {processor.py:208} INFO - Processing /home/airflow/.local/lib/python3.10/site-packages/airflow/example_dags/plugins/workday.py took 0.027 seconds
[2025-01-01T18:46:33.252+0000] {processor.py:186} INFO - Started process (PID=59782) to work on /home/airflow/.local/lib/python3.10/site-packages/airflow/example_dags/plugins/workday.py
[2025-01-01T18:46:33.253+0000] {processor.py:914} INFO - Processing file /home/airflow/.local/lib/python3.10/site-packages/airflow/example_dags/plugins/workday.py for tasks to queue
[2025-01-01T18:46:33.254+0000] {logging_mixin.py:190} INFO - [2025-01-01T18:46:33.254+0000] {dagbag.py:588} INFO - Filling up the DagBag from /home/airflow/.local/lib/python3.10/site-packages/airflow/example_dags/plugins/workday.py
[2025-01-01T18:46:33.256+0000] {processor.py:927} WARNING - No viable dags retrieved from /home/airflow/.local/lib/python3.10/site-packages/airflow/example_dags/plugins/workday.py
[2025-01-01T18:46:33.268+0000] {processor.py:208} INFO - Processing /home/airflow/.local/lib/python3.10/site-packages/airflow/example_dags/plugins/workday.py took 0.023 seconds
[2025-01-01T18:47:04.181+0000] {processor.py:186} INFO - Started process (PID=59850) to work on /home/airflow/.local/lib/python3.10/site-packages/airflow/example_dags/plugins/workday.py
[2025-01-01T18:47:04.182+0000] {processor.py:914} INFO - Processing file /home/airflow/.local/lib/python3.10/site-packages/airflow/example_dags/plugins/workday.py for tasks to queue
[2025-01-01T18:47:04.183+0000] {logging_mixin.py:190} INFO - [2025-01-01T18:47:04.183+0000] {dagbag.py:588} INFO - Filling up the DagBag from /home/airflow/.local/lib/python3.10/site-packages/airflow/example_dags/plugins/workday.py
[2025-01-01T18:47:04.186+0000] {processor.py:927} WARNING - No viable dags retrieved from /home/airflow/.local/lib/python3.10/site-packages/airflow/example_dags/plugins/workday.py
[2025-01-01T18:47:04.196+0000] {processor.py:208} INFO - Processing /home/airflow/.local/lib/python3.10/site-packages/airflow/example_dags/plugins/workday.py took 0.021 seconds
