[2024-12-29T11:30:30.333+0000] {local_task_job_runner.py:123} INFO - ::group::Pre task execution logs
[2024-12-29T11:30:30.349+0000] {taskinstance.py:2613} INFO - Dependencies all met for dep_context=non-requeueable deps ti=<TaskInstance: stock_price_monitor_v1.check_stock_price manual__2024-12-29T11:30:28.443695+00:00 [queued]>
[2024-12-29T11:30:30.357+0000] {taskinstance.py:2613} INFO - Dependencies all met for dep_context=requeueable deps ti=<TaskInstance: stock_price_monitor_v1.check_stock_price manual__2024-12-29T11:30:28.443695+00:00 [queued]>
[2024-12-29T11:30:30.358+0000] {taskinstance.py:2866} INFO - Starting attempt 1 of 2
[2024-12-29T11:30:30.371+0000] {taskinstance.py:2889} INFO - Executing <Task(PythonOperator): check_stock_price> on 2024-12-29 11:30:28.443695+00:00
[2024-12-29T11:30:30.379+0000] {standard_task_runner.py:72} INFO - Started process 10125 to run task
[2024-12-29T11:30:30.382+0000] {standard_task_runner.py:104} INFO - Running: ['***', 'tasks', 'run', 'stock_price_monitor_v1', 'check_stock_price', 'manual__2024-12-29T11:30:28.443695+00:00', '--job-id', '1052', '--raw', '--subdir', 'DAGS_FOLDER/email_generation.py', '--cfg-path', '/tmp/tmpjed4aci6']
[2024-12-29T11:30:30.384+0000] {standard_task_runner.py:105} INFO - Job 1052: Subtask check_stock_price
[2024-12-29T11:30:30.426+0000] {task_command.py:467} INFO - Running <TaskInstance: stock_price_monitor_v1.check_stock_price manual__2024-12-29T11:30:28.443695+00:00 [running]> on host 95d98a98d27d
[2024-12-29T11:30:30.485+0000] {taskinstance.py:3132} INFO - Exporting env vars: AIRFLOW_CTX_DAG_OWNER='haziq' AIRFLOW_CTX_DAG_ID='stock_price_monitor_v1' AIRFLOW_CTX_TASK_ID='check_stock_price' AIRFLOW_CTX_EXECUTION_DATE='2024-12-29T11:30:28.443695+00:00' AIRFLOW_CTX_TRY_NUMBER='1' AIRFLOW_CTX_DAG_RUN_ID='manual__2024-12-29T11:30:28.443695+00:00'
[2024-12-29T11:30:30.487+0000] {logging_mixin.py:190} INFO - Task instance is in running state
[2024-12-29T11:30:30.488+0000] {logging_mixin.py:190} INFO -  Previous state of the Task instance: queued
[2024-12-29T11:30:30.489+0000] {logging_mixin.py:190} INFO - Current task name:check_stock_price state:running start_date:2024-12-29 11:30:30.350531+00:00
[2024-12-29T11:30:30.490+0000] {logging_mixin.py:190} INFO - Dag name:stock_price_monitor_v1 and current dag run status:running
[2024-12-29T11:30:30.491+0000] {taskinstance.py:731} INFO - ::endgroup::
[2024-12-29T11:30:30.500+0000] {base.py:84} INFO - Retrieving connection 'postgres_default'
[2024-12-29T11:30:30.504+0000] {sql.py:544} INFO - Running statement: select 1, parameters: None
[2024-12-29T11:30:30.506+0000] {sql.py:553} INFO - Rows affected: 1
[2024-12-29T11:30:30.507+0000] {logging_mixin.py:190} INFO - Connection successful
[2024-12-29T11:30:30.508+0000] {logging_mixin.py:190} INFO - Checking stock price...
[2024-12-29T11:30:30.512+0000] {sql.py:544} INFO - Running statement: 
        SELECT ticker, "Current Price" as current_price 
        FROM public.live_stock 
        LIMIT 1;
    , parameters: None
[2024-12-29T11:30:30.515+0000] {sql.py:553} INFO - Rows affected: 1
[2024-12-29T11:30:30.517+0000] {logging_mixin.py:190} INFO - Records: [('AAPL', '$255.59')]
[2024-12-29T11:30:30.517+0000] {logging_mixin.py:190} INFO - Ticker: AAPL, Price: 255.59
[2024-12-29T11:30:30.547+0000] {logging_mixin.py:190} INFO - Alert: AAPL price $255.59 is below threshold $266
[2024-12-29T11:30:30.548+0000] {python.py:240} INFO - Done. Returned value was: None
[2024-12-29T11:30:30.556+0000] {taskinstance.py:340} INFO - ::group::Post task execution logs
[2024-12-29T11:30:30.558+0000] {taskinstance.py:352} INFO - Marking task as SUCCESS. dag_id=stock_price_monitor_v1, task_id=check_stock_price, run_id=manual__2024-12-29T11:30:28.443695+00:00, execution_date=20241229T113028, start_date=20241229T113030, end_date=20241229T113030
[2024-12-29T11:30:30.566+0000] {logging_mixin.py:190} INFO - Task instance in success state
[2024-12-29T11:30:30.568+0000] {logging_mixin.py:190} INFO -  Previous state of the Task instance: running
[2024-12-29T11:30:30.569+0000] {logging_mixin.py:190} INFO - Dag name:stock_price_monitor_v1 queued_at:2024-12-29 11:30:28.454500+00:00
[2024-12-29T11:30:30.570+0000] {logging_mixin.py:190} INFO - Task hostname:95d98a98d27d operator:PythonOperator
[2024-12-29T11:30:30.595+0000] {local_task_job_runner.py:266} INFO - Task exited with return code 0
[2024-12-29T11:30:30.617+0000] {taskinstance.py:3895} INFO - 1 downstream tasks scheduled from follow-on schedule check
[2024-12-29T11:30:30.619+0000] {local_task_job_runner.py:245} INFO - ::endgroup::
