[2024-12-25T19:36:24.499+0000] {local_task_job_runner.py:123} INFO - ::group::Pre task execution logs
[2024-12-25T19:36:24.518+0000] {taskinstance.py:2613} INFO - Dependencies all met for dep_context=non-requeueable deps ti=<TaskInstance: realtime_dump_pipeline.realtime_pipeline manual__2024-12-25T19:36:20.620909+00:00 [queued]>
[2024-12-25T19:36:24.528+0000] {taskinstance.py:2613} INFO - Dependencies all met for dep_context=requeueable deps ti=<TaskInstance: realtime_dump_pipeline.realtime_pipeline manual__2024-12-25T19:36:20.620909+00:00 [queued]>
[2024-12-25T19:36:24.531+0000] {taskinstance.py:2866} INFO - Starting attempt 1 of 2
[2024-12-25T19:36:24.545+0000] {taskinstance.py:2889} INFO - Executing <Task(PythonOperator): realtime_pipeline> on 2024-12-25 19:36:20.620909+00:00
[2024-12-25T19:36:24.557+0000] {standard_task_runner.py:72} INFO - Started process 505 to run task
[2024-12-25T19:36:24.562+0000] {standard_task_runner.py:104} INFO - Running: ['***', 'tasks', 'run', 'realtime_dump_pipeline', 'realtime_pipeline', 'manual__2024-12-25T19:36:20.620909+00:00', '--job-id', '32', '--raw', '--subdir', 'DAGS_FOLDER/data_dump_realtime.py', '--cfg-path', '/tmp/tmpxmb_n7al']
[2024-12-25T19:36:24.565+0000] {standard_task_runner.py:105} INFO - Job 32: Subtask realtime_pipeline
[2024-12-25T19:36:24.629+0000] {task_command.py:467} INFO - Running <TaskInstance: realtime_dump_pipeline.realtime_pipeline manual__2024-12-25T19:36:20.620909+00:00 [running]> on host 08315e0f24b4
[2024-12-25T19:36:24.728+0000] {taskinstance.py:3132} INFO - Exporting env vars: AIRFLOW_CTX_DAG_OWNER='haziq' AIRFLOW_CTX_DAG_ID='realtime_dump_pipeline' AIRFLOW_CTX_TASK_ID='realtime_pipeline' AIRFLOW_CTX_EXECUTION_DATE='2024-12-25T19:36:20.620909+00:00' AIRFLOW_CTX_TRY_NUMBER='1' AIRFLOW_CTX_DAG_RUN_ID='manual__2024-12-25T19:36:20.620909+00:00'
[2024-12-25T19:36:24.731+0000] {logging_mixin.py:190} INFO - Task instance is in running state
[2024-12-25T19:36:24.733+0000] {logging_mixin.py:190} INFO -  Previous state of the Task instance: queued
[2024-12-25T19:36:24.736+0000] {logging_mixin.py:190} INFO - Current task name:realtime_pipeline state:running start_date:2024-12-25 19:36:24.520418+00:00
[2024-12-25T19:36:24.737+0000] {logging_mixin.py:190} INFO - Dag name:realtime_dump_pipeline and current dag run status:running
[2024-12-25T19:36:24.739+0000] {taskinstance.py:731} INFO - ::endgroup::
[2024-12-25T19:36:29.838+0000] {logging_mixin.py:190} INFO - <pyspark.sql.session.SparkSession object at 0x7f2c68be38b0>
[2024-12-25T19:36:29.840+0000] {logging_mixin.py:190} INFO - Spark session created successfully
[2024-12-25T19:36:31.229+0000] {logging_mixin.py:190} INFO - Reading from topic stock
[2024-12-25T19:36:31.495+0000] {java_gateway.py:2273} INFO - Callback Server Starting
[2024-12-25T19:36:31.498+0000] {java_gateway.py:2275} INFO - Socket listening on ('127.0.0.1', 38625)
[2024-12-25T19:36:33.872+0000] {clientserver.py:561} INFO - Python Server ready to receive messages
[2024-12-25T19:36:33.874+0000] {clientserver.py:575} INFO - Received command c on object id p0
[2024-12-25T19:36:36.032+0000] {warnings.py:109} WARNING - /opt/***/etl/data_dump_v2.py:88: UserWarning: pandas only supports SQLAlchemy connectable (engine/connection) or database string URI or sqlite3 DBAPI2 connection. Other DBAPI2 objects are not tested. Please consider using SQLAlchemy.
  pandas_df.to_sql(

[2024-12-25T19:36:36.036+0000] {logging_mixin.py:190} INFO - Error writing batch 0: 'Engine' object has no attribute 'cursor'
[2024-12-25T19:42:06.738+0000] {local_task_job_runner.py:346} WARNING - State of this instance has been externally set to failed. Terminating instance.
[2024-12-25T19:42:06.742+0000] {local_task_job_runner.py:245} INFO - ::endgroup::
[2024-12-25T19:42:06.747+0000] {process_utils.py:132} INFO - Sending 15 to group 505. PIDs of all processes in the group: [507, 505]
[2024-12-25T19:42:06.749+0000] {process_utils.py:87} INFO - Sending the signal 15 to group 505
[2024-12-25T19:42:06.753+0000] {taskinstance.py:3093} ERROR - Received SIGTERM. Terminating subprocesses.
[2024-12-25T19:42:07.084+0000] {clientserver.py:543} INFO - Closing down clientserver connection
[2024-12-25T19:42:07.086+0000] {taskinstance.py:340} INFO - ::group::Post task execution logs
[2024-12-25T19:42:07.248+0000] {process_utils.py:80} INFO - Process psutil.Process(pid=507, status='terminated', started='19:36:24') (507) terminated with exit code None
[2024-12-25T19:42:07.250+0000] {process_utils.py:80} INFO - Process psutil.Process(pid=505, status='terminated', exitcode=0, started='19:36:24') (505) terminated with exit code 0
