[2025-01-02T16:40:02.981+0000] {local_task_job_runner.py:123} INFO - ::group::Pre task execution logs
[2025-01-02T16:40:03.005+0000] {taskinstance.py:2613} INFO - Dependencies all met for dep_context=non-requeueable deps ti=<TaskInstance: stock_price_monitor_v1.check_stock_price scheduled__2025-01-02T16:38:00+00:00 [queued]>
[2025-01-02T16:40:03.022+0000] {taskinstance.py:2613} INFO - Dependencies all met for dep_context=requeueable deps ti=<TaskInstance: stock_price_monitor_v1.check_stock_price scheduled__2025-01-02T16:38:00+00:00 [queued]>
[2025-01-02T16:40:03.024+0000] {taskinstance.py:2866} INFO - Starting attempt 1 of 2
[2025-01-02T16:40:03.047+0000] {taskinstance.py:2889} INFO - Executing <Task(PythonOperator): check_stock_price> on 2025-01-02 16:38:00+00:00
[2025-01-02T16:40:03.057+0000] {standard_task_runner.py:72} INFO - Started process 777 to run task
[2025-01-02T16:40:03.062+0000] {standard_task_runner.py:104} INFO - Running: ['***', 'tasks', 'run', 'stock_price_monitor_v1', 'check_stock_price', 'scheduled__2025-01-02T16:38:00+00:00', '--job-id', '1876', '--raw', '--subdir', 'DAGS_FOLDER/email_generation.py', '--cfg-path', '/tmp/tmpqxsemllq']
[2025-01-02T16:40:03.066+0000] {standard_task_runner.py:105} INFO - Job 1876: Subtask check_stock_price
[2025-01-02T16:40:03.138+0000] {task_command.py:467} INFO - Running <TaskInstance: stock_price_monitor_v1.check_stock_price scheduled__2025-01-02T16:38:00+00:00 [running]> on host 95d98a98d27d
[2025-01-02T16:40:03.247+0000] {taskinstance.py:3132} INFO - Exporting env vars: AIRFLOW_CTX_DAG_OWNER='haziq' AIRFLOW_CTX_DAG_ID='stock_price_monitor_v1' AIRFLOW_CTX_TASK_ID='check_stock_price' AIRFLOW_CTX_EXECUTION_DATE='2025-01-02T16:38:00+00:00' AIRFLOW_CTX_TRY_NUMBER='1' AIRFLOW_CTX_DAG_RUN_ID='scheduled__2025-01-02T16:38:00+00:00'
[2025-01-02T16:40:03.251+0000] {logging_mixin.py:190} INFO - Task instance is in running state
[2025-01-02T16:40:03.253+0000] {logging_mixin.py:190} INFO -  Previous state of the Task instance: queued
[2025-01-02T16:40:03.255+0000] {logging_mixin.py:190} INFO - Current task name:check_stock_price state:running start_date:2025-01-02 16:40:03.008546+00:00
[2025-01-02T16:40:03.258+0000] {logging_mixin.py:190} INFO - Dag name:stock_price_monitor_v1 and current dag run status:running
[2025-01-02T16:40:03.261+0000] {taskinstance.py:731} INFO - ::endgroup::
[2025-01-02T16:40:03.277+0000] {base.py:84} INFO - Retrieving connection 'postgres_default'
[2025-01-02T16:40:03.286+0000] {sql.py:544} INFO - Running statement: select 1, parameters: None
[2025-01-02T16:40:03.289+0000] {sql.py:553} INFO - Rows affected: 1
[2025-01-02T16:40:03.293+0000] {logging_mixin.py:190} INFO - Connection successful
[2025-01-02T16:40:03.295+0000] {logging_mixin.py:190} INFO - Checking stock price...
[2025-01-02T16:40:03.303+0000] {sql.py:544} INFO - Running statement: 
        SELECT ticker, "Current Price" as current_price 
        FROM public.live_stock 
        LIMIT 1;
    , parameters: None
[2025-01-02T16:40:03.512+0000] {sql.py:553} INFO - Rows affected: 1
[2025-01-02T16:40:03.515+0000] {logging_mixin.py:190} INFO - Records: [('AAPL', '$250.42')]
[2025-01-02T16:40:03.517+0000] {logging_mixin.py:190} INFO - Ticker: AAPL, Price: 250.42
[2025-01-02T16:40:03.575+0000] {logging_mixin.py:190} INFO - Normal: AAPL price $250.42 is above threshold $200
[2025-01-02T16:40:03.578+0000] {python.py:240} INFO - Done. Returned value was: None
[2025-01-02T16:40:03.593+0000] {taskinstance.py:340} INFO - ::group::Post task execution logs
[2025-01-02T16:40:03.596+0000] {taskinstance.py:352} INFO - Marking task as SUCCESS. dag_id=stock_price_monitor_v1, task_id=check_stock_price, run_id=scheduled__2025-01-02T16:38:00+00:00, execution_date=20250102T163800, start_date=20250102T164003, end_date=20250102T164003
[2025-01-02T16:40:03.612+0000] {logging_mixin.py:190} INFO - Task instance in success state
[2025-01-02T16:40:03.616+0000] {logging_mixin.py:190} INFO -  Previous state of the Task instance: running
[2025-01-02T16:40:03.618+0000] {logging_mixin.py:190} INFO - Dag name:stock_price_monitor_v1 queued_at:2025-01-02 16:40:00.537187+00:00
[2025-01-02T16:40:03.620+0000] {logging_mixin.py:190} INFO - Task hostname:95d98a98d27d operator:PythonOperator
[2025-01-02T16:40:03.640+0000] {local_task_job_runner.py:266} INFO - Task exited with return code 0
[2025-01-02T16:40:03.685+0000] {taskinstance.py:3895} INFO - 1 downstream tasks scheduled from follow-on schedule check
[2025-01-02T16:40:03.691+0000] {local_task_job_runner.py:245} INFO - ::endgroup::
