[2024-12-29T12:30:04.344+0000] {local_task_job_runner.py:123} INFO - ::group::Pre task execution logs
[2024-12-29T12:30:04.357+0000] {taskinstance.py:2613} INFO - Dependencies all met for dep_context=non-requeueable deps ti=<TaskInstance: stock_price_monitor_v1.check_if_email_needed scheduled__2024-12-29T12:00:00+00:00 [queued]>
[2024-12-29T12:30:04.365+0000] {taskinstance.py:2613} INFO - Dependencies all met for dep_context=requeueable deps ti=<TaskInstance: stock_price_monitor_v1.check_if_email_needed scheduled__2024-12-29T12:00:00+00:00 [queued]>
[2024-12-29T12:30:04.367+0000] {taskinstance.py:2866} INFO - Starting attempt 1 of 2
[2024-12-29T12:30:04.379+0000] {taskinstance.py:2889} INFO - Executing <Task(ShortCircuitOperator): check_if_email_needed> on 2024-12-29 12:00:00+00:00
[2024-12-29T12:30:04.385+0000] {standard_task_runner.py:72} INFO - Started process 11050 to run task
[2024-12-29T12:30:04.388+0000] {standard_task_runner.py:104} INFO - Running: ['***', 'tasks', 'run', 'stock_price_monitor_v1', 'check_if_email_needed', 'scheduled__2024-12-29T12:00:00+00:00', '--job-id', '1081', '--raw', '--subdir', 'DAGS_FOLDER/email_generation.py', '--cfg-path', '/tmp/tmpv1ps_446']
[2024-12-29T12:30:04.390+0000] {standard_task_runner.py:105} INFO - Job 1081: Subtask check_if_email_needed
[2024-12-29T12:30:04.429+0000] {task_command.py:467} INFO - Running <TaskInstance: stock_price_monitor_v1.check_if_email_needed scheduled__2024-12-29T12:00:00+00:00 [running]> on host 95d98a98d27d
[2024-12-29T12:30:04.485+0000] {taskinstance.py:3132} INFO - Exporting env vars: AIRFLOW_CTX_DAG_OWNER='haziq' AIRFLOW_CTX_DAG_ID='stock_price_monitor_v1' AIRFLOW_CTX_TASK_ID='check_if_email_needed' AIRFLOW_CTX_EXECUTION_DATE='2024-12-29T12:00:00+00:00' AIRFLOW_CTX_TRY_NUMBER='1' AIRFLOW_CTX_DAG_RUN_ID='scheduled__2024-12-29T12:00:00+00:00'
[2024-12-29T12:30:04.487+0000] {logging_mixin.py:190} INFO - Task instance is in running state
[2024-12-29T12:30:04.488+0000] {logging_mixin.py:190} INFO -  Previous state of the Task instance: queued
[2024-12-29T12:30:04.489+0000] {logging_mixin.py:190} INFO - Current task name:check_if_email_needed state:running start_date:2024-12-29 12:30:04.359154+00:00
[2024-12-29T12:30:04.490+0000] {logging_mixin.py:190} INFO - Dag name:stock_price_monitor_v1 and current dag run status:running
[2024-12-29T12:30:04.491+0000] {taskinstance.py:731} INFO - ::endgroup::
[2024-12-29T12:30:04.492+0000] {baseoperator.py:416} WARNING - ShortCircuitOperator.execute cannot be called outside TaskInstance!
[2024-12-29T12:30:04.500+0000] {python.py:240} INFO - Done. Returned value was: True
[2024-12-29T12:30:04.502+0000] {python.py:309} INFO - Condition result is True
[2024-12-29T12:30:04.503+0000] {python.py:312} INFO - Proceeding with downstream tasks...
[2024-12-29T12:30:04.521+0000] {taskinstance.py:340} INFO - ::group::Post task execution logs
[2024-12-29T12:30:04.522+0000] {taskinstance.py:352} INFO - Marking task as SUCCESS. dag_id=stock_price_monitor_v1, task_id=check_if_email_needed, run_id=scheduled__2024-12-29T12:00:00+00:00, execution_date=20241229T120000, start_date=20241229T123004, end_date=20241229T123004
[2024-12-29T12:30:04.530+0000] {logging_mixin.py:190} INFO - Task instance in success state
[2024-12-29T12:30:04.531+0000] {logging_mixin.py:190} INFO -  Previous state of the Task instance: running
[2024-12-29T12:30:04.532+0000] {logging_mixin.py:190} INFO - Dag name:stock_price_monitor_v1 queued_at:2024-12-29 12:30:00.878408+00:00
[2024-12-29T12:30:04.532+0000] {logging_mixin.py:190} INFO - Task hostname:95d98a98d27d operator:ShortCircuitOperator
[2024-12-29T12:30:04.562+0000] {local_task_job_runner.py:266} INFO - Task exited with return code 0
[2024-12-29T12:30:04.586+0000] {taskinstance.py:3895} INFO - 1 downstream tasks scheduled from follow-on schedule check
[2024-12-29T12:30:04.589+0000] {local_task_job_runner.py:245} INFO - ::endgroup::
