[2025-01-03T19:00:02.321+0000] {local_task_job_runner.py:123} INFO - ::group::Pre task execution logs
[2025-01-03T19:00:02.340+0000] {taskinstance.py:2613} INFO - Dependencies all met for dep_context=non-requeueable deps ti=<TaskInstance: stock_price_monitor_v1.check_stock_price scheduled__2025-01-03T18:58:00+00:00 [queued]>
[2025-01-03T19:00:02.350+0000] {taskinstance.py:2613} INFO - Dependencies all met for dep_context=requeueable deps ti=<TaskInstance: stock_price_monitor_v1.check_stock_price scheduled__2025-01-03T18:58:00+00:00 [queued]>
[2025-01-03T19:00:02.352+0000] {taskinstance.py:2866} INFO - Starting attempt 1 of 2
[2025-01-03T19:00:02.367+0000] {taskinstance.py:2889} INFO - Executing <Task(PythonOperator): check_stock_price> on 2025-01-03 18:58:00+00:00
[2025-01-03T19:00:02.374+0000] {standard_task_runner.py:72} INFO - Started process 2484 to run task
[2025-01-03T19:00:02.378+0000] {standard_task_runner.py:104} INFO - Running: ['***', 'tasks', 'run', 'stock_price_monitor_v1', 'check_stock_price', 'scheduled__2025-01-03T18:58:00+00:00', '--job-id', '1929', '--raw', '--subdir', 'DAGS_FOLDER/email_generation.py', '--cfg-path', '/tmp/tmpuwt3fhma']
[2025-01-03T19:00:02.380+0000] {standard_task_runner.py:105} INFO - Job 1929: Subtask check_stock_price
[2025-01-03T19:00:02.434+0000] {task_command.py:467} INFO - Running <TaskInstance: stock_price_monitor_v1.check_stock_price scheduled__2025-01-03T18:58:00+00:00 [running]> on host 95d98a98d27d
[2025-01-03T19:00:02.521+0000] {taskinstance.py:3132} INFO - Exporting env vars: AIRFLOW_CTX_DAG_OWNER='haziq' AIRFLOW_CTX_DAG_ID='stock_price_monitor_v1' AIRFLOW_CTX_TASK_ID='check_stock_price' AIRFLOW_CTX_EXECUTION_DATE='2025-01-03T18:58:00+00:00' AIRFLOW_CTX_TRY_NUMBER='1' AIRFLOW_CTX_DAG_RUN_ID='scheduled__2025-01-03T18:58:00+00:00'
[2025-01-03T19:00:02.523+0000] {logging_mixin.py:190} INFO - Task instance is in running state
[2025-01-03T19:00:02.525+0000] {logging_mixin.py:190} INFO -  Previous state of the Task instance: queued
[2025-01-03T19:00:02.526+0000] {logging_mixin.py:190} INFO - Current task name:check_stock_price state:running start_date:2025-01-03 19:00:02.342461+00:00
[2025-01-03T19:00:02.527+0000] {logging_mixin.py:190} INFO - Dag name:stock_price_monitor_v1 and current dag run status:running
[2025-01-03T19:00:02.528+0000] {taskinstance.py:731} INFO - ::endgroup::
[2025-01-03T19:00:02.540+0000] {base.py:84} INFO - Retrieving connection 'postgres_default'
[2025-01-03T19:00:02.546+0000] {sql.py:544} INFO - Running statement: select 1, parameters: None
[2025-01-03T19:00:02.548+0000] {sql.py:553} INFO - Rows affected: 1
[2025-01-03T19:00:02.550+0000] {logging_mixin.py:190} INFO - Connection successful
[2025-01-03T19:00:02.551+0000] {logging_mixin.py:190} INFO - Checking stock price...
[2025-01-03T19:00:02.556+0000] {sql.py:544} INFO - Running statement: 
        SELECT ticker, "Current Price" as current_price 
        FROM public.live_stock 
        LIMIT 1;
    , parameters: None
[2025-01-03T19:00:02.659+0000] {sql.py:553} INFO - Rows affected: 1
[2025-01-03T19:00:02.662+0000] {logging_mixin.py:190} INFO - Records: [('AAPL', '$250.42')]
[2025-01-03T19:00:02.664+0000] {logging_mixin.py:190} INFO - Ticker: AAPL, Price: 250.42
[2025-01-03T19:00:02.703+0000] {logging_mixin.py:190} INFO - Normal: AAPL price $250.42 is above threshold $200
[2025-01-03T19:00:02.705+0000] {python.py:240} INFO - Done. Returned value was: None
[2025-01-03T19:00:02.716+0000] {taskinstance.py:340} INFO - ::group::Post task execution logs
[2025-01-03T19:00:02.717+0000] {taskinstance.py:352} INFO - Marking task as SUCCESS. dag_id=stock_price_monitor_v1, task_id=check_stock_price, run_id=scheduled__2025-01-03T18:58:00+00:00, execution_date=20250103T185800, start_date=20250103T190002, end_date=20250103T190002
[2025-01-03T19:00:02.727+0000] {logging_mixin.py:190} INFO - Task instance in success state
[2025-01-03T19:00:02.729+0000] {logging_mixin.py:190} INFO -  Previous state of the Task instance: running
[2025-01-03T19:00:02.730+0000] {logging_mixin.py:190} INFO - Dag name:stock_price_monitor_v1 queued_at:2025-01-03 19:00:00.706941+00:00
[2025-01-03T19:00:02.731+0000] {logging_mixin.py:190} INFO - Task hostname:95d98a98d27d operator:PythonOperator
[2025-01-03T19:00:02.753+0000] {local_task_job_runner.py:266} INFO - Task exited with return code 0
[2025-01-03T19:00:02.780+0000] {taskinstance.py:3895} INFO - 1 downstream tasks scheduled from follow-on schedule check
[2025-01-03T19:00:02.783+0000] {local_task_job_runner.py:245} INFO - ::endgroup::
