[2024-12-29T12:00:04.921+0000] {local_task_job_runner.py:123} INFO - ::group::Pre task execution logs
[2024-12-29T12:00:04.936+0000] {taskinstance.py:2613} INFO - Dependencies all met for dep_context=non-requeueable deps ti=<TaskInstance: stock_price_monitor_v1.check_if_email_needed scheduled__2024-12-29T11:30:00+00:00 [queued]>
[2024-12-29T12:00:04.943+0000] {taskinstance.py:2613} INFO - Dependencies all met for dep_context=requeueable deps ti=<TaskInstance: stock_price_monitor_v1.check_if_email_needed scheduled__2024-12-29T11:30:00+00:00 [queued]>
[2024-12-29T12:00:04.945+0000] {taskinstance.py:2866} INFO - Starting attempt 1 of 2
[2024-12-29T12:00:04.958+0000] {taskinstance.py:2889} INFO - Executing <Task(ShortCircuitOperator): check_if_email_needed> on 2024-12-29 11:30:00+00:00
[2024-12-29T12:00:04.964+0000] {standard_task_runner.py:72} INFO - Started process 10632 to run task
[2024-12-29T12:00:04.967+0000] {standard_task_runner.py:104} INFO - Running: ['***', 'tasks', 'run', 'stock_price_monitor_v1', 'check_if_email_needed', 'scheduled__2024-12-29T11:30:00+00:00', '--job-id', '1076', '--raw', '--subdir', 'DAGS_FOLDER/email_generation.py', '--cfg-path', '/tmp/tmpgg4of1wo']
[2024-12-29T12:00:04.970+0000] {standard_task_runner.py:105} INFO - Job 1076: Subtask check_if_email_needed
[2024-12-29T12:00:05.014+0000] {task_command.py:467} INFO - Running <TaskInstance: stock_price_monitor_v1.check_if_email_needed scheduled__2024-12-29T11:30:00+00:00 [running]> on host 95d98a98d27d
[2024-12-29T12:00:05.084+0000] {taskinstance.py:3132} INFO - Exporting env vars: AIRFLOW_CTX_DAG_OWNER='haziq' AIRFLOW_CTX_DAG_ID='stock_price_monitor_v1' AIRFLOW_CTX_TASK_ID='check_if_email_needed' AIRFLOW_CTX_EXECUTION_DATE='2024-12-29T11:30:00+00:00' AIRFLOW_CTX_TRY_NUMBER='1' AIRFLOW_CTX_DAG_RUN_ID='scheduled__2024-12-29T11:30:00+00:00'
[2024-12-29T12:00:05.086+0000] {logging_mixin.py:190} INFO - Task instance is in running state
[2024-12-29T12:00:05.087+0000] {logging_mixin.py:190} INFO -  Previous state of the Task instance: queued
[2024-12-29T12:00:05.088+0000] {logging_mixin.py:190} INFO - Current task name:check_if_email_needed state:running start_date:2024-12-29 12:00:04.937729+00:00
[2024-12-29T12:00:05.089+0000] {logging_mixin.py:190} INFO - Dag name:stock_price_monitor_v1 and current dag run status:running
[2024-12-29T12:00:05.090+0000] {taskinstance.py:731} INFO - ::endgroup::
[2024-12-29T12:00:05.091+0000] {baseoperator.py:416} WARNING - ShortCircuitOperator.execute cannot be called outside TaskInstance!
[2024-12-29T12:00:05.101+0000] {python.py:240} INFO - Done. Returned value was: True
[2024-12-29T12:00:05.103+0000] {python.py:309} INFO - Condition result is True
[2024-12-29T12:00:05.104+0000] {python.py:312} INFO - Proceeding with downstream tasks...
[2024-12-29T12:00:05.124+0000] {taskinstance.py:340} INFO - ::group::Post task execution logs
[2024-12-29T12:00:05.125+0000] {taskinstance.py:352} INFO - Marking task as SUCCESS. dag_id=stock_price_monitor_v1, task_id=check_if_email_needed, run_id=scheduled__2024-12-29T11:30:00+00:00, execution_date=20241229T113000, start_date=20241229T120004, end_date=20241229T120005
[2024-12-29T12:00:05.133+0000] {logging_mixin.py:190} INFO - Task instance in success state
[2024-12-29T12:00:05.135+0000] {logging_mixin.py:190} INFO -  Previous state of the Task instance: running
[2024-12-29T12:00:05.136+0000] {logging_mixin.py:190} INFO - Dag name:stock_price_monitor_v1 queued_at:2024-12-29 12:00:00.869023+00:00
[2024-12-29T12:00:05.136+0000] {logging_mixin.py:190} INFO - Task hostname:95d98a98d27d operator:ShortCircuitOperator
[2024-12-29T12:00:05.181+0000] {local_task_job_runner.py:266} INFO - Task exited with return code 0
[2024-12-29T12:00:05.206+0000] {taskinstance.py:3895} INFO - 1 downstream tasks scheduled from follow-on schedule check
[2024-12-29T12:00:05.209+0000] {local_task_job_runner.py:245} INFO - ::endgroup::
