[2024-12-30T20:28:06.497+0000] {local_task_job_runner.py:123} INFO - ::group::Pre task execution logs
[2024-12-30T20:28:06.518+0000] {taskinstance.py:2613} INFO - Dependencies all met for dep_context=non-requeueable deps ti=<TaskInstance: stock_price_monitor_v1.check_if_email_needed scheduled__2024-12-30T20:26:00+00:00 [queued]>
[2024-12-30T20:28:06.530+0000] {taskinstance.py:2613} INFO - Dependencies all met for dep_context=requeueable deps ti=<TaskInstance: stock_price_monitor_v1.check_if_email_needed scheduled__2024-12-30T20:26:00+00:00 [queued]>
[2024-12-30T20:28:06.532+0000] {taskinstance.py:2866} INFO - Starting attempt 1 of 2
[2024-12-30T20:28:06.549+0000] {taskinstance.py:2889} INFO - Executing <Task(ShortCircuitOperator): check_if_email_needed> on 2024-12-30 20:26:00+00:00
[2024-12-30T20:28:06.560+0000] {standard_task_runner.py:72} INFO - Started process 20794 to run task
[2024-12-30T20:28:06.563+0000] {standard_task_runner.py:104} INFO - Running: ['***', 'tasks', 'run', 'stock_price_monitor_v1', 'check_if_email_needed', 'scheduled__2024-12-30T20:26:00+00:00', '--job-id', '1384', '--raw', '--subdir', 'DAGS_FOLDER/email_generation.py', '--cfg-path', '/tmp/tmpqmrsuafu']
[2024-12-30T20:28:06.566+0000] {standard_task_runner.py:105} INFO - Job 1384: Subtask check_if_email_needed
[2024-12-30T20:28:06.631+0000] {task_command.py:467} INFO - Running <TaskInstance: stock_price_monitor_v1.check_if_email_needed scheduled__2024-12-30T20:26:00+00:00 [running]> on host 95d98a98d27d
[2024-12-30T20:28:06.742+0000] {taskinstance.py:3132} INFO - Exporting env vars: AIRFLOW_CTX_DAG_OWNER='haziq' AIRFLOW_CTX_DAG_ID='stock_price_monitor_v1' AIRFLOW_CTX_TASK_ID='check_if_email_needed' AIRFLOW_CTX_EXECUTION_DATE='2024-12-30T20:26:00+00:00' AIRFLOW_CTX_TRY_NUMBER='1' AIRFLOW_CTX_DAG_RUN_ID='scheduled__2024-12-30T20:26:00+00:00'
[2024-12-30T20:28:06.746+0000] {logging_mixin.py:190} INFO - Task instance is in running state
[2024-12-30T20:28:06.747+0000] {logging_mixin.py:190} INFO -  Previous state of the Task instance: queued
[2024-12-30T20:28:06.749+0000] {logging_mixin.py:190} INFO - Current task name:check_if_email_needed state:running start_date:2024-12-30 20:28:06.520960+00:00
[2024-12-30T20:28:06.751+0000] {logging_mixin.py:190} INFO - Dag name:stock_price_monitor_v1 and current dag run status:running
[2024-12-30T20:28:06.753+0000] {taskinstance.py:731} INFO - ::endgroup::
[2024-12-30T20:28:06.756+0000] {baseoperator.py:416} WARNING - ShortCircuitOperator.execute cannot be called outside TaskInstance!
[2024-12-30T20:28:06.773+0000] {python.py:240} INFO - Done. Returned value was: False
[2024-12-30T20:28:06.779+0000] {python.py:309} INFO - Condition result is False
[2024-12-30T20:28:06.781+0000] {python.py:336} INFO - Skipping downstream tasks
[2024-12-30T20:28:06.809+0000] {python.py:344} INFO - Done.
[2024-12-30T20:28:06.831+0000] {taskinstance.py:340} INFO - ::group::Post task execution logs
[2024-12-30T20:28:06.834+0000] {taskinstance.py:352} INFO - Marking task as SUCCESS. dag_id=stock_price_monitor_v1, task_id=check_if_email_needed, run_id=scheduled__2024-12-30T20:26:00+00:00, execution_date=20241230T202600, start_date=20241230T202806, end_date=20241230T202806
[2024-12-30T20:28:06.844+0000] {logging_mixin.py:190} INFO - Task instance in success state
[2024-12-30T20:28:06.846+0000] {logging_mixin.py:190} INFO -  Previous state of the Task instance: running
[2024-12-30T20:28:06.848+0000] {logging_mixin.py:190} INFO - Dag name:stock_price_monitor_v1 queued_at:2024-12-30 20:28:00.672603+00:00
[2024-12-30T20:28:06.849+0000] {logging_mixin.py:190} INFO - Task hostname:95d98a98d27d operator:ShortCircuitOperator
[2024-12-30T20:28:06.900+0000] {local_task_job_runner.py:266} INFO - Task exited with return code 0
[2024-12-30T20:28:06.919+0000] {taskinstance.py:3895} INFO - 0 downstream tasks scheduled from follow-on schedule check
[2024-12-30T20:28:06.923+0000] {local_task_job_runner.py:245} INFO - ::endgroup::
