[2024-12-30T17:14:04.337+0000] {local_task_job_runner.py:123} INFO - ::group::Pre task execution logs
[2024-12-30T17:14:04.353+0000] {taskinstance.py:2613} INFO - Dependencies all met for dep_context=non-requeueable deps ti=<TaskInstance: stock_price_monitor_v1.check_if_email_needed scheduled__2024-12-30T17:12:00+00:00 [queued]>
[2024-12-30T17:14:04.363+0000] {taskinstance.py:2613} INFO - Dependencies all met for dep_context=requeueable deps ti=<TaskInstance: stock_price_monitor_v1.check_if_email_needed scheduled__2024-12-30T17:12:00+00:00 [queued]>
[2024-12-30T17:14:04.364+0000] {taskinstance.py:2866} INFO - Starting attempt 1 of 2
[2024-12-30T17:14:04.379+0000] {taskinstance.py:2889} INFO - Executing <Task(ShortCircuitOperator): check_if_email_needed> on 2024-12-30 17:12:00+00:00
[2024-12-30T17:14:04.386+0000] {standard_task_runner.py:72} INFO - Started process 3836 to run task
[2024-12-30T17:14:04.389+0000] {standard_task_runner.py:104} INFO - Running: ['***', 'tasks', 'run', 'stock_price_monitor_v1', 'check_if_email_needed', 'scheduled__2024-12-30T17:12:00+00:00', '--job-id', '1315', '--raw', '--subdir', 'DAGS_FOLDER/email_generation.py', '--cfg-path', '/tmp/tmptwnp_7dj']
[2024-12-30T17:14:04.392+0000] {standard_task_runner.py:105} INFO - Job 1315: Subtask check_if_email_needed
[2024-12-30T17:14:04.435+0000] {task_command.py:467} INFO - Running <TaskInstance: stock_price_monitor_v1.check_if_email_needed scheduled__2024-12-30T17:12:00+00:00 [running]> on host 95d98a98d27d
[2024-12-30T17:14:04.505+0000] {taskinstance.py:3132} INFO - Exporting env vars: AIRFLOW_CTX_DAG_OWNER='haziq' AIRFLOW_CTX_DAG_ID='stock_price_monitor_v1' AIRFLOW_CTX_TASK_ID='check_if_email_needed' AIRFLOW_CTX_EXECUTION_DATE='2024-12-30T17:12:00+00:00' AIRFLOW_CTX_TRY_NUMBER='1' AIRFLOW_CTX_DAG_RUN_ID='scheduled__2024-12-30T17:12:00+00:00'
[2024-12-30T17:14:04.508+0000] {logging_mixin.py:190} INFO - Task instance is in running state
[2024-12-30T17:14:04.509+0000] {logging_mixin.py:190} INFO -  Previous state of the Task instance: queued
[2024-12-30T17:14:04.511+0000] {logging_mixin.py:190} INFO - Current task name:check_if_email_needed state:running start_date:2024-12-30 17:14:04.355387+00:00
[2024-12-30T17:14:04.512+0000] {logging_mixin.py:190} INFO - Dag name:stock_price_monitor_v1 and current dag run status:running
[2024-12-30T17:14:04.513+0000] {taskinstance.py:731} INFO - ::endgroup::
[2024-12-30T17:14:04.514+0000] {baseoperator.py:416} WARNING - ShortCircuitOperator.execute cannot be called outside TaskInstance!
[2024-12-30T17:14:04.523+0000] {python.py:240} INFO - Done. Returned value was: False
[2024-12-30T17:14:04.526+0000] {python.py:309} INFO - Condition result is False
[2024-12-30T17:14:04.527+0000] {python.py:336} INFO - Skipping downstream tasks
[2024-12-30T17:14:04.549+0000] {python.py:344} INFO - Done.
[2024-12-30T17:14:04.568+0000] {taskinstance.py:340} INFO - ::group::Post task execution logs
[2024-12-30T17:14:04.570+0000] {taskinstance.py:352} INFO - Marking task as SUCCESS. dag_id=stock_price_monitor_v1, task_id=check_if_email_needed, run_id=scheduled__2024-12-30T17:12:00+00:00, execution_date=20241230T171200, start_date=20241230T171404, end_date=20241230T171404
[2024-12-30T17:14:04.581+0000] {logging_mixin.py:190} INFO - Task instance in success state
[2024-12-30T17:14:04.583+0000] {logging_mixin.py:190} INFO -  Previous state of the Task instance: running
[2024-12-30T17:14:04.584+0000] {logging_mixin.py:190} INFO - Dag name:stock_price_monitor_v1 queued_at:2024-12-30 17:14:00.306875+00:00
[2024-12-30T17:14:04.586+0000] {logging_mixin.py:190} INFO - Task hostname:95d98a98d27d operator:ShortCircuitOperator
[2024-12-30T17:14:04.604+0000] {local_task_job_runner.py:266} INFO - Task exited with return code 0
[2024-12-30T17:14:04.622+0000] {taskinstance.py:3895} INFO - 0 downstream tasks scheduled from follow-on schedule check
[2024-12-30T17:14:04.625+0000] {local_task_job_runner.py:245} INFO - ::endgroup::
