[2025-01-02T15:46:06.106+0000] {local_task_job_runner.py:123} INFO - ::group::Pre task execution logs
[2025-01-02T15:46:06.130+0000] {taskinstance.py:2613} INFO - Dependencies all met for dep_context=non-requeueable deps ti=<TaskInstance: stock_price_monitor_v1.check_if_email_needed scheduled__2025-01-02T15:44:00+00:00 [queued]>
[2025-01-02T15:46:06.144+0000] {taskinstance.py:2613} INFO - Dependencies all met for dep_context=requeueable deps ti=<TaskInstance: stock_price_monitor_v1.check_if_email_needed scheduled__2025-01-02T15:44:00+00:00 [queued]>
[2025-01-02T15:46:06.146+0000] {taskinstance.py:2866} INFO - Starting attempt 1 of 2
[2025-01-02T15:46:06.166+0000] {taskinstance.py:2889} INFO - Executing <Task(ShortCircuitOperator): check_if_email_needed> on 2025-01-02 15:44:00+00:00
[2025-01-02T15:46:06.176+0000] {standard_task_runner.py:72} INFO - Started process 99520 to run task
[2025-01-02T15:46:06.182+0000] {standard_task_runner.py:104} INFO - Running: ['***', 'tasks', 'run', 'stock_price_monitor_v1', 'check_if_email_needed', 'scheduled__2025-01-02T15:44:00+00:00', '--job-id', '1823', '--raw', '--subdir', 'DAGS_FOLDER/email_generation.py', '--cfg-path', '/tmp/tmpwawaud_c']
[2025-01-02T15:46:06.185+0000] {standard_task_runner.py:105} INFO - Job 1823: Subtask check_if_email_needed
[2025-01-02T15:46:06.252+0000] {task_command.py:467} INFO - Running <TaskInstance: stock_price_monitor_v1.check_if_email_needed scheduled__2025-01-02T15:44:00+00:00 [running]> on host 95d98a98d27d
[2025-01-02T15:46:06.362+0000] {taskinstance.py:3132} INFO - Exporting env vars: AIRFLOW_CTX_DAG_OWNER='haziq' AIRFLOW_CTX_DAG_ID='stock_price_monitor_v1' AIRFLOW_CTX_TASK_ID='check_if_email_needed' AIRFLOW_CTX_EXECUTION_DATE='2025-01-02T15:44:00+00:00' AIRFLOW_CTX_TRY_NUMBER='1' AIRFLOW_CTX_DAG_RUN_ID='scheduled__2025-01-02T15:44:00+00:00'
[2025-01-02T15:46:06.365+0000] {logging_mixin.py:190} INFO - Task instance is in running state
[2025-01-02T15:46:06.367+0000] {logging_mixin.py:190} INFO -  Previous state of the Task instance: queued
[2025-01-02T15:46:06.369+0000] {logging_mixin.py:190} INFO - Current task name:check_if_email_needed state:running start_date:2025-01-02 15:46:06.133010+00:00
[2025-01-02T15:46:06.372+0000] {logging_mixin.py:190} INFO - Dag name:stock_price_monitor_v1 and current dag run status:running
[2025-01-02T15:46:06.374+0000] {taskinstance.py:731} INFO - ::endgroup::
[2025-01-02T15:46:06.376+0000] {baseoperator.py:416} WARNING - ShortCircuitOperator.execute cannot be called outside TaskInstance!
[2025-01-02T15:46:06.390+0000] {python.py:240} INFO - Done. Returned value was: False
[2025-01-02T15:46:06.393+0000] {python.py:309} INFO - Condition result is False
[2025-01-02T15:46:06.395+0000] {python.py:336} INFO - Skipping downstream tasks
[2025-01-02T15:46:06.429+0000] {python.py:344} INFO - Done.
[2025-01-02T15:46:06.457+0000] {taskinstance.py:340} INFO - ::group::Post task execution logs
[2025-01-02T15:46:06.459+0000] {taskinstance.py:352} INFO - Marking task as SUCCESS. dag_id=stock_price_monitor_v1, task_id=check_if_email_needed, run_id=scheduled__2025-01-02T15:44:00+00:00, execution_date=20250102T154400, start_date=20250102T154606, end_date=20250102T154606
[2025-01-02T15:46:06.471+0000] {logging_mixin.py:190} INFO - Task instance in success state
[2025-01-02T15:46:06.473+0000] {logging_mixin.py:190} INFO -  Previous state of the Task instance: running
[2025-01-02T15:46:06.475+0000] {logging_mixin.py:190} INFO - Dag name:stock_price_monitor_v1 queued_at:2025-01-02 15:46:00.522822+00:00
[2025-01-02T15:46:06.477+0000] {logging_mixin.py:190} INFO - Task hostname:95d98a98d27d operator:ShortCircuitOperator
[2025-01-02T15:46:06.517+0000] {local_task_job_runner.py:266} INFO - Task exited with return code 0
[2025-01-02T15:46:06.539+0000] {taskinstance.py:3895} INFO - 0 downstream tasks scheduled from follow-on schedule check
[2025-01-02T15:46:06.543+0000] {local_task_job_runner.py:245} INFO - ::endgroup::
