[2024-12-29T15:18:42.768+0000] {local_task_job_runner.py:123} INFO - ::group::Pre task execution logs
[2024-12-29T15:18:42.784+0000] {taskinstance.py:2613} INFO - Dependencies all met for dep_context=non-requeueable deps ti=<TaskInstance: realtime_dump_pipeline.realtime_pipeline manual__2024-12-29T15:18:40.078994+00:00 [queued]>
[2024-12-29T15:18:42.791+0000] {taskinstance.py:2613} INFO - Dependencies all met for dep_context=requeueable deps ti=<TaskInstance: realtime_dump_pipeline.realtime_pipeline manual__2024-12-29T15:18:40.078994+00:00 [queued]>
[2024-12-29T15:18:42.793+0000] {taskinstance.py:2866} INFO - Starting attempt 1 of 2
[2024-12-29T15:18:42.805+0000] {taskinstance.py:2889} INFO - Executing <Task(PythonOperator): realtime_pipeline> on 2024-12-29 15:18:40.078994+00:00
[2024-12-29T15:18:42.812+0000] {standard_task_runner.py:72} INFO - Started process 39453 to run task
[2024-12-29T15:18:42.815+0000] {standard_task_runner.py:104} INFO - Running: ['***', 'tasks', 'run', 'realtime_dump_pipeline', 'realtime_pipeline', 'manual__2024-12-29T15:18:40.078994+00:00', '--job-id', '1159', '--raw', '--subdir', 'DAGS_FOLDER/realtime_data_dump.py', '--cfg-path', '/tmp/tmp9z67uwo0']
[2024-12-29T15:18:42.817+0000] {standard_task_runner.py:105} INFO - Job 1159: Subtask realtime_pipeline
[2024-12-29T15:18:42.856+0000] {task_command.py:467} INFO - Running <TaskInstance: realtime_dump_pipeline.realtime_pipeline manual__2024-12-29T15:18:40.078994+00:00 [running]> on host 95d98a98d27d
[2024-12-29T15:18:42.921+0000] {taskinstance.py:3132} INFO - Exporting env vars: AIRFLOW_CTX_DAG_OWNER='haziq' AIRFLOW_CTX_DAG_ID='realtime_dump_pipeline' AIRFLOW_CTX_TASK_ID='realtime_pipeline' AIRFLOW_CTX_EXECUTION_DATE='2024-12-29T15:18:40.078994+00:00' AIRFLOW_CTX_TRY_NUMBER='1' AIRFLOW_CTX_DAG_RUN_ID='manual__2024-12-29T15:18:40.078994+00:00'
[2024-12-29T15:18:42.923+0000] {logging_mixin.py:190} INFO - Task instance is in running state
[2024-12-29T15:18:42.924+0000] {logging_mixin.py:190} INFO -  Previous state of the Task instance: queued
[2024-12-29T15:18:42.925+0000] {logging_mixin.py:190} INFO - Current task name:realtime_pipeline state:running start_date:2024-12-29 15:18:42.785741+00:00
[2024-12-29T15:18:42.926+0000] {logging_mixin.py:190} INFO - Dag name:realtime_dump_pipeline and current dag run status:running
[2024-12-29T15:18:42.927+0000] {taskinstance.py:731} INFO - ::endgroup::
[2024-12-29T15:18:52.672+0000] {logging_mixin.py:190} INFO - <pyspark.sql.session.SparkSession object at 0x7fef307a2a40>
[2024-12-29T15:18:52.673+0000] {logging_mixin.py:190} INFO - Spark session created successfully
[2024-12-29T15:18:54.707+0000] {logging_mixin.py:190} INFO - Reading from topic stock
[2024-12-29T15:18:55.040+0000] {java_gateway.py:2273} INFO - Callback Server Starting
[2024-12-29T15:18:55.042+0000] {java_gateway.py:2275} INFO - Socket listening on ('127.0.0.1', 41855)
[2024-12-29T15:18:57.554+0000] {clientserver.py:561} INFO - Python Server ready to receive messages
[2024-12-29T15:18:57.555+0000] {clientserver.py:575} INFO - Received command c on object id p0
[2024-12-29T15:18:57.562+0000] {logging_mixin.py:190} INFO - hello
[2024-12-29T15:18:59.782+0000] {logging_mixin.py:190} INFO - Table stock_prices already exists
[2024-12-29T15:18:59.806+0000] {logging_mixin.py:190} INFO - Successfully appended 1108 rows to stock_prices
[2024-12-29T15:19:00.014+0000] {clientserver.py:575} INFO - Received command c on object id p0
[2024-12-29T15:19:00.019+0000] {logging_mixin.py:190} INFO - hello
[2024-12-29T15:19:00.599+0000] {logging_mixin.py:190} INFO - Table stock_prices already exists
[2024-12-29T15:19:00.602+0000] {logging_mixin.py:190} INFO - Successfully appended 3 rows to stock_prices
[2024-12-29T15:19:01.081+0000] {clientserver.py:575} INFO - Received command c on object id p0
[2024-12-29T15:19:01.084+0000] {logging_mixin.py:190} INFO - hello
[2024-12-29T15:19:01.649+0000] {logging_mixin.py:190} INFO - Table stock_prices already exists
[2024-12-29T15:19:01.652+0000] {logging_mixin.py:190} INFO - Successfully appended 1 rows to stock_prices
[2024-12-29T15:19:02.388+0000] {clientserver.py:575} INFO - Received command c on object id p0
[2024-12-29T15:19:02.393+0000] {logging_mixin.py:190} INFO - hello
[2024-12-29T15:19:02.968+0000] {logging_mixin.py:190} INFO - Table stock_prices already exists
[2024-12-29T15:19:02.972+0000] {logging_mixin.py:190} INFO - Successfully appended 1 rows to stock_prices
[2024-12-29T15:19:03.711+0000] {clientserver.py:575} INFO - Received command c on object id p0
[2024-12-29T15:19:03.715+0000] {logging_mixin.py:190} INFO - hello
[2024-12-29T15:19:04.291+0000] {logging_mixin.py:190} INFO - Table stock_prices already exists
[2024-12-29T15:19:04.295+0000] {logging_mixin.py:190} INFO - Successfully appended 1 rows to stock_prices
[2024-12-29T15:19:05.016+0000] {clientserver.py:575} INFO - Received command c on object id p0
[2024-12-29T15:19:05.020+0000] {logging_mixin.py:190} INFO - hello
[2024-12-29T15:19:06.005+0000] {logging_mixin.py:190} INFO - Table stock_prices already exists
[2024-12-29T15:19:06.008+0000] {logging_mixin.py:190} INFO - Successfully appended 1 rows to stock_prices
[2024-12-29T15:19:06.373+0000] {clientserver.py:575} INFO - Received command c on object id p0
[2024-12-29T15:19:06.377+0000] {logging_mixin.py:190} INFO - hello
[2024-12-29T15:19:06.970+0000] {logging_mixin.py:190} INFO - Table stock_prices already exists
[2024-12-29T15:19:06.973+0000] {logging_mixin.py:190} INFO - Successfully appended 1 rows to stock_prices
[2024-12-29T15:19:07.657+0000] {clientserver.py:575} INFO - Received command c on object id p0
[2024-12-29T15:19:07.660+0000] {logging_mixin.py:190} INFO - hello
[2024-12-29T15:19:08.236+0000] {logging_mixin.py:190} INFO - Table stock_prices already exists
[2024-12-29T15:19:08.239+0000] {logging_mixin.py:190} INFO - Successfully appended 1 rows to stock_prices
[2024-12-29T15:19:08.991+0000] {clientserver.py:575} INFO - Received command c on object id p0
[2024-12-29T15:19:08.996+0000] {logging_mixin.py:190} INFO - hello
[2024-12-29T15:19:09.574+0000] {logging_mixin.py:190} INFO - Table stock_prices already exists
[2024-12-29T15:19:09.579+0000] {logging_mixin.py:190} INFO - Successfully appended 1 rows to stock_prices
[2024-12-29T15:19:10.281+0000] {clientserver.py:575} INFO - Received command c on object id p0
[2024-12-29T15:19:10.285+0000] {logging_mixin.py:190} INFO - hello
[2024-12-29T15:19:10.855+0000] {logging_mixin.py:190} INFO - Table stock_prices already exists
[2024-12-29T15:19:10.860+0000] {logging_mixin.py:190} INFO - Successfully appended 1 rows to stock_prices
[2024-12-29T15:19:11.584+0000] {clientserver.py:575} INFO - Received command c on object id p0
[2024-12-29T15:19:11.589+0000] {logging_mixin.py:190} INFO - hello
[2024-12-29T15:19:12.155+0000] {logging_mixin.py:190} INFO - Table stock_prices already exists
[2024-12-29T15:19:12.157+0000] {logging_mixin.py:190} INFO - Successfully appended 1 rows to stock_prices
[2024-12-29T15:19:12.921+0000] {clientserver.py:575} INFO - Received command c on object id p0
[2024-12-29T15:19:12.925+0000] {logging_mixin.py:190} INFO - hello
[2024-12-29T15:19:13.479+0000] {logging_mixin.py:190} INFO - Table stock_prices already exists
[2024-12-29T15:19:13.484+0000] {logging_mixin.py:190} INFO - Successfully appended 1 rows to stock_prices
[2024-12-29T15:19:14.205+0000] {clientserver.py:575} INFO - Received command c on object id p0
[2024-12-29T15:19:14.208+0000] {logging_mixin.py:190} INFO - hello
[2024-12-29T15:19:14.759+0000] {logging_mixin.py:190} INFO - Table stock_prices already exists
[2024-12-29T15:19:14.762+0000] {logging_mixin.py:190} INFO - Successfully appended 1 rows to stock_prices
[2024-12-29T15:19:15.536+0000] {clientserver.py:575} INFO - Received command c on object id p0
[2024-12-29T15:19:15.540+0000] {logging_mixin.py:190} INFO - hello
[2024-12-29T15:19:16.092+0000] {logging_mixin.py:190} INFO - Table stock_prices already exists
[2024-12-29T15:19:16.095+0000] {logging_mixin.py:190} INFO - Successfully appended 1 rows to stock_prices
[2024-12-29T15:19:16.887+0000] {clientserver.py:575} INFO - Received command c on object id p0
[2024-12-29T15:19:16.892+0000] {logging_mixin.py:190} INFO - hello
[2024-12-29T15:19:17.446+0000] {logging_mixin.py:190} INFO - Table stock_prices already exists
[2024-12-29T15:19:17.450+0000] {logging_mixin.py:190} INFO - Successfully appended 1 rows to stock_prices
[2024-12-29T15:19:18.188+0000] {clientserver.py:575} INFO - Received command c on object id p0
[2024-12-29T15:19:18.194+0000] {logging_mixin.py:190} INFO - hello
[2024-12-29T15:19:18.787+0000] {logging_mixin.py:190} INFO - Table stock_prices already exists
[2024-12-29T15:19:18.791+0000] {logging_mixin.py:190} INFO - Successfully appended 1 rows to stock_prices
[2024-12-29T15:19:19.481+0000] {clientserver.py:575} INFO - Received command c on object id p0
[2024-12-29T15:19:19.485+0000] {logging_mixin.py:190} INFO - hello
[2024-12-29T15:19:20.032+0000] {logging_mixin.py:190} INFO - Table stock_prices already exists
[2024-12-29T15:19:20.035+0000] {logging_mixin.py:190} INFO - Successfully appended 1 rows to stock_prices
[2024-12-29T15:19:20.793+0000] {clientserver.py:575} INFO - Received command c on object id p0
[2024-12-29T15:19:20.797+0000] {logging_mixin.py:190} INFO - hello
[2024-12-29T15:19:21.342+0000] {logging_mixin.py:190} INFO - Table stock_prices already exists
[2024-12-29T15:19:21.346+0000] {logging_mixin.py:190} INFO - Successfully appended 1 rows to stock_prices
[2024-12-29T15:19:22.096+0000] {clientserver.py:575} INFO - Received command c on object id p0
[2024-12-29T15:19:22.100+0000] {logging_mixin.py:190} INFO - hello
[2024-12-29T15:19:22.653+0000] {logging_mixin.py:190} INFO - Table stock_prices already exists
[2024-12-29T15:19:22.657+0000] {logging_mixin.py:190} INFO - Successfully appended 1 rows to stock_prices
[2024-12-29T15:19:23.419+0000] {clientserver.py:575} INFO - Received command c on object id p0
[2024-12-29T15:19:23.423+0000] {logging_mixin.py:190} INFO - hello
[2024-12-29T15:19:23.982+0000] {logging_mixin.py:190} INFO - Table stock_prices already exists
[2024-12-29T15:19:23.987+0000] {logging_mixin.py:190} INFO - Successfully appended 1 rows to stock_prices
[2024-12-29T15:19:24.738+0000] {clientserver.py:575} INFO - Received command c on object id p0
[2024-12-29T15:19:24.741+0000] {logging_mixin.py:190} INFO - hello
[2024-12-29T15:19:25.293+0000] {logging_mixin.py:190} INFO - Table stock_prices already exists
[2024-12-29T15:19:25.296+0000] {logging_mixin.py:190} INFO - Successfully appended 1 rows to stock_prices
[2024-12-29T15:19:26.036+0000] {clientserver.py:575} INFO - Received command c on object id p0
[2024-12-29T15:19:26.039+0000] {logging_mixin.py:190} INFO - hello
[2024-12-29T15:19:26.590+0000] {logging_mixin.py:190} INFO - Table stock_prices already exists
[2024-12-29T15:19:26.594+0000] {logging_mixin.py:190} INFO - Successfully appended 1 rows to stock_prices
[2024-12-29T15:19:27.373+0000] {clientserver.py:575} INFO - Received command c on object id p0
[2024-12-29T15:19:27.379+0000] {logging_mixin.py:190} INFO - hello
[2024-12-29T15:19:27.929+0000] {logging_mixin.py:190} INFO - Table stock_prices already exists
[2024-12-29T15:19:27.932+0000] {logging_mixin.py:190} INFO - Successfully appended 1 rows to stock_prices
[2024-12-29T15:19:28.669+0000] {clientserver.py:575} INFO - Received command c on object id p0
[2024-12-29T15:19:28.673+0000] {logging_mixin.py:190} INFO - hello
[2024-12-29T15:19:29.222+0000] {logging_mixin.py:190} INFO - Table stock_prices already exists
[2024-12-29T15:19:29.225+0000] {logging_mixin.py:190} INFO - Successfully appended 1 rows to stock_prices
[2024-12-29T15:19:29.989+0000] {clientserver.py:575} INFO - Received command c on object id p0
[2024-12-29T15:19:29.993+0000] {logging_mixin.py:190} INFO - hello
[2024-12-29T15:19:30.544+0000] {logging_mixin.py:190} INFO - Table stock_prices already exists
[2024-12-29T15:19:30.547+0000] {logging_mixin.py:190} INFO - Successfully appended 1 rows to stock_prices
[2024-12-29T15:19:31.281+0000] {clientserver.py:575} INFO - Received command c on object id p0
[2024-12-29T15:19:31.284+0000] {logging_mixin.py:190} INFO - hello
[2024-12-29T15:19:31.826+0000] {logging_mixin.py:190} INFO - Table stock_prices already exists
[2024-12-29T15:19:31.829+0000] {logging_mixin.py:190} INFO - Successfully appended 1 rows to stock_prices
[2024-12-29T15:19:32.594+0000] {clientserver.py:575} INFO - Received command c on object id p0
[2024-12-29T15:19:32.597+0000] {logging_mixin.py:190} INFO - hello
[2024-12-29T15:19:33.141+0000] {logging_mixin.py:190} INFO - Table stock_prices already exists
[2024-12-29T15:19:33.143+0000] {logging_mixin.py:190} INFO - Successfully appended 1 rows to stock_prices
[2024-12-29T15:19:33.897+0000] {clientserver.py:575} INFO - Received command c on object id p0
[2024-12-29T15:19:33.901+0000] {logging_mixin.py:190} INFO - hello
[2024-12-29T15:19:34.441+0000] {logging_mixin.py:190} INFO - Table stock_prices already exists
[2024-12-29T15:19:34.444+0000] {logging_mixin.py:190} INFO - Successfully appended 1 rows to stock_prices
[2024-12-29T15:19:35.213+0000] {clientserver.py:575} INFO - Received command c on object id p0
[2024-12-29T15:19:35.216+0000] {logging_mixin.py:190} INFO - hello
[2024-12-29T15:19:35.760+0000] {logging_mixin.py:190} INFO - Table stock_prices already exists
[2024-12-29T15:19:35.763+0000] {logging_mixin.py:190} INFO - Successfully appended 1 rows to stock_prices
[2024-12-29T15:19:36.528+0000] {clientserver.py:575} INFO - Received command c on object id p0
[2024-12-29T15:19:36.532+0000] {logging_mixin.py:190} INFO - hello
[2024-12-29T15:19:37.076+0000] {logging_mixin.py:190} INFO - Table stock_prices already exists
[2024-12-29T15:19:37.080+0000] {logging_mixin.py:190} INFO - Successfully appended 1 rows to stock_prices
[2024-12-29T15:19:37.873+0000] {clientserver.py:575} INFO - Received command c on object id p0
[2024-12-29T15:19:37.878+0000] {logging_mixin.py:190} INFO - hello
[2024-12-29T15:19:38.441+0000] {logging_mixin.py:190} INFO - Table stock_prices already exists
[2024-12-29T15:19:38.446+0000] {logging_mixin.py:190} INFO - Successfully appended 1 rows to stock_prices
[2024-12-29T15:19:39.163+0000] {clientserver.py:575} INFO - Received command c on object id p0
[2024-12-29T15:19:39.167+0000] {logging_mixin.py:190} INFO - hello
[2024-12-29T15:19:39.726+0000] {logging_mixin.py:190} INFO - Table stock_prices already exists
[2024-12-29T15:19:39.730+0000] {logging_mixin.py:190} INFO - Successfully appended 1 rows to stock_prices
[2024-12-29T15:19:40.524+0000] {clientserver.py:575} INFO - Received command c on object id p0
[2024-12-29T15:19:40.539+0000] {logging_mixin.py:190} INFO - hello
[2024-12-29T15:19:41.180+0000] {logging_mixin.py:190} INFO - Table stock_prices already exists
[2024-12-29T15:19:41.185+0000] {logging_mixin.py:190} INFO - Successfully appended 1 rows to stock_prices
[2024-12-29T15:19:41.817+0000] {clientserver.py:575} INFO - Received command c on object id p0
[2024-12-29T15:19:41.820+0000] {logging_mixin.py:190} INFO - hello
[2024-12-29T15:19:42.369+0000] {logging_mixin.py:190} INFO - Table stock_prices already exists
[2024-12-29T15:19:42.372+0000] {logging_mixin.py:190} INFO - Successfully appended 1 rows to stock_prices
[2024-12-29T15:19:43.098+0000] {clientserver.py:575} INFO - Received command c on object id p0
[2024-12-29T15:19:43.103+0000] {logging_mixin.py:190} INFO - hello
[2024-12-29T15:19:43.647+0000] {logging_mixin.py:190} INFO - Table stock_prices already exists
[2024-12-29T15:19:43.650+0000] {logging_mixin.py:190} INFO - Successfully appended 1 rows to stock_prices
[2024-12-29T15:19:44.414+0000] {clientserver.py:575} INFO - Received command c on object id p0
[2024-12-29T15:19:44.419+0000] {logging_mixin.py:190} INFO - hello
[2024-12-29T15:19:44.960+0000] {logging_mixin.py:190} INFO - Table stock_prices already exists
[2024-12-29T15:19:44.963+0000] {logging_mixin.py:190} INFO - Successfully appended 1 rows to stock_prices
[2024-12-29T15:19:45.749+0000] {clientserver.py:575} INFO - Received command c on object id p0
[2024-12-29T15:19:45.754+0000] {logging_mixin.py:190} INFO - hello
[2024-12-29T15:19:46.308+0000] {logging_mixin.py:190} INFO - Table stock_prices already exists
[2024-12-29T15:19:46.311+0000] {logging_mixin.py:190} INFO - Successfully appended 1 rows to stock_prices
[2024-12-29T15:19:47.372+0000] {clientserver.py:575} INFO - Received command c on object id p0
[2024-12-29T15:19:47.376+0000] {logging_mixin.py:190} INFO - hello
[2024-12-29T15:19:47.923+0000] {logging_mixin.py:190} INFO - Table stock_prices already exists
[2024-12-29T15:19:47.927+0000] {logging_mixin.py:190} INFO - Successfully appended 1 rows to stock_prices
[2024-12-29T15:19:48.368+0000] {clientserver.py:575} INFO - Received command c on object id p0
[2024-12-29T15:19:48.373+0000] {logging_mixin.py:190} INFO - hello
[2024-12-29T15:19:48.916+0000] {logging_mixin.py:190} INFO - Table stock_prices already exists
[2024-12-29T15:19:48.919+0000] {logging_mixin.py:190} INFO - Successfully appended 1 rows to stock_prices
[2024-12-29T15:19:49.680+0000] {clientserver.py:575} INFO - Received command c on object id p0
[2024-12-29T15:19:49.684+0000] {logging_mixin.py:190} INFO - hello
[2024-12-29T15:19:50.232+0000] {logging_mixin.py:190} INFO - Table stock_prices already exists
[2024-12-29T15:19:50.235+0000] {logging_mixin.py:190} INFO - Successfully appended 1 rows to stock_prices
[2024-12-29T15:19:50.962+0000] {clientserver.py:575} INFO - Received command c on object id p0
[2024-12-29T15:19:50.965+0000] {logging_mixin.py:190} INFO - hello
[2024-12-29T15:19:51.516+0000] {logging_mixin.py:190} INFO - Table stock_prices already exists
[2024-12-29T15:19:51.521+0000] {logging_mixin.py:190} INFO - Successfully appended 1 rows to stock_prices
[2024-12-29T15:19:52.290+0000] {clientserver.py:575} INFO - Received command c on object id p0
[2024-12-29T15:19:52.293+0000] {logging_mixin.py:190} INFO - hello
[2024-12-29T15:19:52.849+0000] {logging_mixin.py:190} INFO - Table stock_prices already exists
[2024-12-29T15:19:52.854+0000] {logging_mixin.py:190} INFO - Successfully appended 1 rows to stock_prices
[2024-12-29T15:19:53.603+0000] {clientserver.py:575} INFO - Received command c on object id p0
[2024-12-29T15:19:53.607+0000] {logging_mixin.py:190} INFO - hello
[2024-12-29T15:19:54.155+0000] {logging_mixin.py:190} INFO - Table stock_prices already exists
[2024-12-29T15:19:54.158+0000] {logging_mixin.py:190} INFO - Successfully appended 1 rows to stock_prices
[2024-12-29T15:19:54.938+0000] {clientserver.py:575} INFO - Received command c on object id p0
[2024-12-29T15:19:54.942+0000] {logging_mixin.py:190} INFO - hello
[2024-12-29T15:19:55.489+0000] {logging_mixin.py:190} INFO - Table stock_prices already exists
[2024-12-29T15:19:55.492+0000] {logging_mixin.py:190} INFO - Successfully appended 1 rows to stock_prices
[2024-12-29T15:19:56.247+0000] {clientserver.py:575} INFO - Received command c on object id p0
[2024-12-29T15:19:56.251+0000] {logging_mixin.py:190} INFO - hello
[2024-12-29T15:19:56.795+0000] {logging_mixin.py:190} INFO - Table stock_prices already exists
[2024-12-29T15:19:56.797+0000] {logging_mixin.py:190} INFO - Successfully appended 1 rows to stock_prices
[2024-12-29T15:19:57.576+0000] {clientserver.py:575} INFO - Received command c on object id p0
[2024-12-29T15:19:57.579+0000] {logging_mixin.py:190} INFO - hello
[2024-12-29T15:19:58.122+0000] {logging_mixin.py:190} INFO - Table stock_prices already exists
[2024-12-29T15:19:58.124+0000] {logging_mixin.py:190} INFO - Successfully appended 1 rows to stock_prices
[2024-12-29T15:19:58.851+0000] {clientserver.py:575} INFO - Received command c on object id p0
[2024-12-29T15:19:58.855+0000] {logging_mixin.py:190} INFO - hello
[2024-12-29T15:19:59.396+0000] {logging_mixin.py:190} INFO - Table stock_prices already exists
[2024-12-29T15:19:59.399+0000] {logging_mixin.py:190} INFO - Successfully appended 1 rows to stock_prices
[2024-12-29T15:20:00.170+0000] {clientserver.py:575} INFO - Received command c on object id p0
[2024-12-29T15:20:00.174+0000] {logging_mixin.py:190} INFO - hello
[2024-12-29T15:20:00.730+0000] {logging_mixin.py:190} INFO - Table stock_prices already exists
[2024-12-29T15:20:00.733+0000] {logging_mixin.py:190} INFO - Successfully appended 1 rows to stock_prices
[2024-12-29T15:20:01.500+0000] {clientserver.py:575} INFO - Received command c on object id p0
[2024-12-29T15:20:01.506+0000] {logging_mixin.py:190} INFO - hello
[2024-12-29T15:20:02.071+0000] {logging_mixin.py:190} INFO - Table stock_prices already exists
[2024-12-29T15:20:02.076+0000] {logging_mixin.py:190} INFO - Successfully appended 1 rows to stock_prices
[2024-12-29T15:20:02.789+0000] {clientserver.py:575} INFO - Received command c on object id p0
[2024-12-29T15:20:02.793+0000] {logging_mixin.py:190} INFO - hello
[2024-12-29T15:20:03.336+0000] {logging_mixin.py:190} INFO - Table stock_prices already exists
[2024-12-29T15:20:03.340+0000] {logging_mixin.py:190} INFO - Successfully appended 1 rows to stock_prices
[2024-12-29T15:20:04.115+0000] {clientserver.py:575} INFO - Received command c on object id p0
[2024-12-29T15:20:04.119+0000] {logging_mixin.py:190} INFO - hello
[2024-12-29T15:20:04.671+0000] {logging_mixin.py:190} INFO - Table stock_prices already exists
[2024-12-29T15:20:04.674+0000] {logging_mixin.py:190} INFO - Successfully appended 1 rows to stock_prices
[2024-12-29T15:20:05.474+0000] {clientserver.py:575} INFO - Received command c on object id p0
[2024-12-29T15:20:05.478+0000] {logging_mixin.py:190} INFO - hello
[2024-12-29T15:20:06.061+0000] {logging_mixin.py:190} INFO - Table stock_prices already exists
[2024-12-29T15:20:06.064+0000] {logging_mixin.py:190} INFO - Successfully appended 1 rows to stock_prices
[2024-12-29T15:20:06.836+0000] {clientserver.py:575} INFO - Received command c on object id p0
[2024-12-29T15:20:06.858+0000] {logging_mixin.py:190} INFO - hello
[2024-12-29T15:20:07.455+0000] {logging_mixin.py:190} INFO - Table stock_prices already exists
[2024-12-29T15:20:07.458+0000] {logging_mixin.py:190} INFO - Successfully appended 1 rows to stock_prices
[2024-12-29T15:20:08.071+0000] {clientserver.py:575} INFO - Received command c on object id p0
[2024-12-29T15:20:08.074+0000] {logging_mixin.py:190} INFO - hello
[2024-12-29T15:20:08.616+0000] {logging_mixin.py:190} INFO - Table stock_prices already exists
[2024-12-29T15:20:08.619+0000] {logging_mixin.py:190} INFO - Successfully appended 1 rows to stock_prices
[2024-12-29T15:20:09.399+0000] {clientserver.py:575} INFO - Received command c on object id p0
[2024-12-29T15:20:09.402+0000] {logging_mixin.py:190} INFO - hello
[2024-12-29T15:20:09.946+0000] {logging_mixin.py:190} INFO - Table stock_prices already exists
[2024-12-29T15:20:09.949+0000] {logging_mixin.py:190} INFO - Successfully appended 1 rows to stock_prices
[2024-12-29T15:20:10.751+0000] {clientserver.py:575} INFO - Received command c on object id p0
[2024-12-29T15:20:10.756+0000] {logging_mixin.py:190} INFO - hello
[2024-12-29T15:20:11.299+0000] {logging_mixin.py:190} INFO - Table stock_prices already exists
[2024-12-29T15:20:11.302+0000] {logging_mixin.py:190} INFO - Successfully appended 1 rows to stock_prices
[2024-12-29T15:20:12.036+0000] {clientserver.py:575} INFO - Received command c on object id p0
[2024-12-29T15:20:12.039+0000] {logging_mixin.py:190} INFO - hello
[2024-12-29T15:20:12.578+0000] {logging_mixin.py:190} INFO - Table stock_prices already exists
[2024-12-29T15:20:12.581+0000] {logging_mixin.py:190} INFO - Successfully appended 1 rows to stock_prices
[2024-12-29T15:20:13.351+0000] {clientserver.py:575} INFO - Received command c on object id p0
[2024-12-29T15:20:13.354+0000] {logging_mixin.py:190} INFO - hello
[2024-12-29T15:20:13.893+0000] {logging_mixin.py:190} INFO - Table stock_prices already exists
[2024-12-29T15:20:13.898+0000] {logging_mixin.py:190} INFO - Successfully appended 1 rows to stock_prices
[2024-12-29T15:20:14.674+0000] {clientserver.py:575} INFO - Received command c on object id p0
[2024-12-29T15:20:14.677+0000] {logging_mixin.py:190} INFO - hello
[2024-12-29T15:20:15.221+0000] {logging_mixin.py:190} INFO - Table stock_prices already exists
[2024-12-29T15:20:15.225+0000] {logging_mixin.py:190} INFO - Successfully appended 1 rows to stock_prices
[2024-12-29T15:20:15.999+0000] {clientserver.py:575} INFO - Received command c on object id p0
[2024-12-29T15:20:16.002+0000] {logging_mixin.py:190} INFO - hello
[2024-12-29T15:20:16.544+0000] {logging_mixin.py:190} INFO - Table stock_prices already exists
[2024-12-29T15:20:16.547+0000] {logging_mixin.py:190} INFO - Successfully appended 1 rows to stock_prices
[2024-12-29T15:20:17.308+0000] {clientserver.py:575} INFO - Received command c on object id p0
[2024-12-29T15:20:17.313+0000] {logging_mixin.py:190} INFO - hello
[2024-12-29T15:20:17.859+0000] {logging_mixin.py:190} INFO - Table stock_prices already exists
[2024-12-29T15:20:17.862+0000] {logging_mixin.py:190} INFO - Successfully appended 1 rows to stock_prices
[2024-12-29T15:20:18.612+0000] {clientserver.py:575} INFO - Received command c on object id p0
[2024-12-29T15:20:18.616+0000] {logging_mixin.py:190} INFO - hello
[2024-12-29T15:20:18.870+0000] {local_task_job_runner.py:346} WARNING - State of this instance has been externally set to success. Terminating instance.
[2024-12-29T15:20:18.893+0000] {local_task_job_runner.py:245} INFO - ::endgroup::
[2024-12-29T15:20:18.908+0000] {process_utils.py:132} INFO - Sending 15 to group 39453. PIDs of all processes in the group: [39455, 39453]
[2024-12-29T15:20:18.911+0000] {process_utils.py:87} INFO - Sending the signal 15 to group 39453
[2024-12-29T15:20:18.913+0000] {taskinstance.py:3093} ERROR - Received SIGTERM. Terminating subprocesses.
[2024-12-29T15:20:18.975+0000] {clientserver.py:543} INFO - Closing down clientserver connection
[2024-12-29T15:20:18.977+0000] {taskinstance.py:340} INFO - ::group::Post task execution logs
[2024-12-29T15:20:19.446+0000] {process_utils.py:80} INFO - Process psutil.Process(pid=39455, status='terminated', started='15:18:42') (39455) terminated with exit code None
[2024-12-29T15:20:19.449+0000] {process_utils.py:80} INFO - Process psutil.Process(pid=39453, status='terminated', exitcode=0, started='15:18:42') (39453) terminated with exit code 0
